<?xml version="1.0" encoding="UTF-8"?>
<testsuite xmlns:xsi="http://www.w3.org/2001/XMLSchema-instance" xsi:noNamespaceSchemaLocation="https://maven.apache.org/surefire/maven-surefire-plugin/xsd/surefire-test-report-3.0.xsd" version="3.0" name="ua.com.foxminded.classtimetable.controllers.ui.LessonControllerTest" time="1.308" tests="6" errors="0" skipped="0" failures="0">
  <properties>
    <property name="sun.desktop" value="windows"/>
    <property name="awt.toolkit" value="sun.awt.windows.WToolkit"/>
    <property name="file.encoding.pkg" value="sun.io"/>
    <property name="java.specification.version" value="1.8"/>
    <property name="sun.cpu.isalist" value="amd64"/>
    <property name="sun.jnu.encoding" value="Cp1251"/>
    <property name="java.class.path" value="E:\1_Java_Work\IDEA_Workspace_22_02_2023\Classtimetable\target\test-classes;E:\1_Java_Work\IDEA_Workspace_22_02_2023\Classtimetable\target\classes;C:\Users\Admin\.m2\repository\org\springframework\boot\spring-boot-starter\2.3.10.RELEASE\spring-boot-starter-2.3.10.RELEASE.jar;C:\Users\Admin\.m2\repository\org\springframework\boot\spring-boot\2.3.10.RELEASE\spring-boot-2.3.10.RELEASE.jar;C:\Users\Admin\.m2\repository\org\springframework\spring-context\5.2.14.RELEASE\spring-context-5.2.14.RELEASE.jar;C:\Users\Admin\.m2\repository\org\springframework\boot\spring-boot-autoconfigure\2.3.10.RELEASE\spring-boot-autoconfigure-2.3.10.RELEASE.jar;C:\Users\Admin\.m2\repository\org\springframework\boot\spring-boot-starter-logging\2.3.10.RELEASE\spring-boot-starter-logging-2.3.10.RELEASE.jar;C:\Users\Admin\.m2\repository\org\apache\logging\log4j\log4j-to-slf4j\2.13.3\log4j-to-slf4j-2.13.3.jar;C:\Users\Admin\.m2\repository\org\apache\logging\log4j\log4j-api\2.13.3\log4j-api-2.13.3.jar;C:\Users\Admin\.m2\repository\org\slf4j\jul-to-slf4j\1.7.30\jul-to-slf4j-1.7.30.jar;C:\Users\Admin\.m2\repository\jakarta\annotation\jakarta.annotation-api\1.3.5\jakarta.annotation-api-1.3.5.jar;C:\Users\Admin\.m2\repository\org\springframework\spring-core\5.2.14.RELEASE\spring-core-5.2.14.RELEASE.jar;C:\Users\Admin\.m2\repository\org\springframework\spring-jcl\5.2.14.RELEASE\spring-jcl-5.2.14.RELEASE.jar;C:\Users\Admin\.m2\repository\org\yaml\snakeyaml\1.26\snakeyaml-1.26.jar;C:\Users\Admin\.m2\repository\org\springframework\boot\spring-boot-starter-web\2.3.10.RELEASE\spring-boot-starter-web-2.3.10.RELEASE.jar;C:\Users\Admin\.m2\repository\org\springframework\boot\spring-boot-starter-json\2.3.10.RELEASE\spring-boot-starter-json-2.3.10.RELEASE.jar;C:\Users\Admin\.m2\repository\com\fasterxml\jackson\core\jackson-databind\2.11.4\jackson-databind-2.11.4.jar;C:\Users\Admin\.m2\repository\com\fasterxml\jackson\core\jackson-annotations\2.11.4\jackson-annotations-2.11.4.jar;C:\Users\Admin\.m2\repository\com\fasterxml\jackson\datatype\jackson-datatype-jdk8\2.11.4\jackson-datatype-jdk8-2.11.4.jar;C:\Users\Admin\.m2\repository\com\fasterxml\jackson\datatype\jackson-datatype-jsr310\2.11.4\jackson-datatype-jsr310-2.11.4.jar;C:\Users\Admin\.m2\repository\com\fasterxml\jackson\module\jackson-module-parameter-names\2.11.4\jackson-module-parameter-names-2.11.4.jar;C:\Users\Admin\.m2\repository\org\springframework\boot\spring-boot-starter-tomcat\2.3.10.RELEASE\spring-boot-starter-tomcat-2.3.10.RELEASE.jar;C:\Users\Admin\.m2\repository\org\apache\tomcat\embed\tomcat-embed-core\9.0.45\tomcat-embed-core-9.0.45.jar;C:\Users\Admin\.m2\repository\org\apache\tomcat\embed\tomcat-embed-websocket\9.0.45\tomcat-embed-websocket-9.0.45.jar;C:\Users\Admin\.m2\repository\org\springframework\spring-web\5.2.14.RELEASE\spring-web-5.2.14.RELEASE.jar;C:\Users\Admin\.m2\repository\org\springframework\spring-beans\5.2.14.RELEASE\spring-beans-5.2.14.RELEASE.jar;C:\Users\Admin\.m2\repository\org\springframework\spring-webmvc\5.2.14.RELEASE\spring-webmvc-5.2.14.RELEASE.jar;C:\Users\Admin\.m2\repository\org\springframework\spring-aop\5.2.14.RELEASE\spring-aop-5.2.14.RELEASE.jar;C:\Users\Admin\.m2\repository\org\springframework\spring-expression\5.2.14.RELEASE\spring-expression-5.2.14.RELEASE.jar;C:\Users\Admin\.m2\repository\org\springframework\boot\spring-boot-starter-thymeleaf\2.3.10.RELEASE\spring-boot-starter-thymeleaf-2.3.10.RELEASE.jar;C:\Users\Admin\.m2\repository\org\thymeleaf\thymeleaf-spring5\3.0.12.RELEASE\thymeleaf-spring5-3.0.12.RELEASE.jar;C:\Users\Admin\.m2\repository\org\thymeleaf\thymeleaf\3.0.12.RELEASE\thymeleaf-3.0.12.RELEASE.jar;C:\Users\Admin\.m2\repository\org\attoparser\attoparser\2.0.5.RELEASE\attoparser-2.0.5.RELEASE.jar;C:\Users\Admin\.m2\repository\org\unbescape\unbescape\1.1.6.RELEASE\unbescape-1.1.6.RELEASE.jar;C:\Users\Admin\.m2\repository\org\thymeleaf\extras\thymeleaf-extras-java8time\3.0.4.RELEASE\thymeleaf-extras-java8time-3.0.4.RELEASE.jar;C:\Users\Admin\.m2\repository\org\springframework\boot\spring-boot-starter-data-jpa\2.3.10.RELEASE\spring-boot-starter-data-jpa-2.3.10.RELEASE.jar;C:\Users\Admin\.m2\repository\org\springframework\boot\spring-boot-starter-aop\2.3.10.RELEASE\spring-boot-starter-aop-2.3.10.RELEASE.jar;C:\Users\Admin\.m2\repository\org\aspectj\aspectjweaver\1.9.6\aspectjweaver-1.9.6.jar;C:\Users\Admin\.m2\repository\org\springframework\boot\spring-boot-starter-jdbc\2.3.10.RELEASE\spring-boot-starter-jdbc-2.3.10.RELEASE.jar;C:\Users\Admin\.m2\repository\com\zaxxer\HikariCP\3.4.5\HikariCP-3.4.5.jar;C:\Users\Admin\.m2\repository\org\springframework\spring-jdbc\5.2.14.RELEASE\spring-jdbc-5.2.14.RELEASE.jar;C:\Users\Admin\.m2\repository\jakarta\transaction\jakarta.transaction-api\1.3.3\jakarta.transaction-api-1.3.3.jar;C:\Users\Admin\.m2\repository\jakarta\persistence\jakarta.persistence-api\2.2.3\jakarta.persistence-api-2.2.3.jar;C:\Users\Admin\.m2\repository\org\springframework\data\spring-data-jpa\2.3.9.RELEASE\spring-data-jpa-2.3.9.RELEASE.jar;C:\Users\Admin\.m2\repository\org\springframework\data\spring-data-commons\2.3.9.RELEASE\spring-data-commons-2.3.9.RELEASE.jar;C:\Users\Admin\.m2\repository\org\springframework\spring-orm\5.2.14.RELEASE\spring-orm-5.2.14.RELEASE.jar;C:\Users\Admin\.m2\repository\org\springframework\spring-tx\5.2.14.RELEASE\spring-tx-5.2.14.RELEASE.jar;C:\Users\Admin\.m2\repository\org\springframework\spring-aspects\5.2.14.RELEASE\spring-aspects-5.2.14.RELEASE.jar;C:\Users\Admin\.m2\repository\org\springframework\boot\spring-boot-starter-validation\2.3.10.RELEASE\spring-boot-starter-validation-2.3.10.RELEASE.jar;C:\Users\Admin\.m2\repository\org\glassfish\jakarta.el\3.0.3\jakarta.el-3.0.3.jar;C:\Users\Admin\.m2\repository\org\springframework\boot\spring-boot-starter-test\2.3.10.RELEASE\spring-boot-starter-test-2.3.10.RELEASE.jar;C:\Users\Admin\.m2\repository\org\springframework\boot\spring-boot-test\2.3.10.RELEASE\spring-boot-test-2.3.10.RELEASE.jar;C:\Users\Admin\.m2\repository\org\springframework\boot\spring-boot-test-autoconfigure\2.3.10.RELEASE\spring-boot-test-autoconfigure-2.3.10.RELEASE.jar;C:\Users\Admin\.m2\repository\com\jayway\jsonpath\json-path\2.4.0\json-path-2.4.0.jar;C:\Users\Admin\.m2\repository\net\minidev\json-smart\2.3\json-smart-2.3.jar;C:\Users\Admin\.m2\repository\net\minidev\accessors-smart\1.2\accessors-smart-1.2.jar;C:\Users\Admin\.m2\repository\org\ow2\asm\asm\5.0.4\asm-5.0.4.jar;C:\Users\Admin\.m2\repository\jakarta\xml\bind\jakarta.xml.bind-api\2.3.3\jakarta.xml.bind-api-2.3.3.jar;C:\Users\Admin\.m2\repository\jakarta\activation\jakarta.activation-api\1.2.2\jakarta.activation-api-1.2.2.jar;C:\Users\Admin\.m2\repository\org\assertj\assertj-core\3.16.1\assertj-core-3.16.1.jar;C:\Users\Admin\.m2\repository\org\hamcrest\hamcrest\2.2\hamcrest-2.2.jar;C:\Users\Admin\.m2\repository\org\junit\jupiter\junit-jupiter\5.6.3\junit-jupiter-5.6.3.jar;C:\Users\Admin\.m2\repository\org\junit\jupiter\junit-jupiter-api\5.6.3\junit-jupiter-api-5.6.3.jar;C:\Users\Admin\.m2\repository\org\opentest4j\opentest4j\1.2.0\opentest4j-1.2.0.jar;C:\Users\Admin\.m2\repository\org\junit\platform\junit-platform-commons\1.6.3\junit-platform-commons-1.6.3.jar;C:\Users\Admin\.m2\repository\org\junit\jupiter\junit-jupiter-params\5.6.3\junit-jupiter-params-5.6.3.jar;C:\Users\Admin\.m2\repository\org\junit\jupiter\junit-jupiter-engine\5.6.3\junit-jupiter-engine-5.6.3.jar;C:\Users\Admin\.m2\repository\org\junit\vintage\junit-vintage-engine\5.6.3\junit-vintage-engine-5.6.3.jar;C:\Users\Admin\.m2\repository\org\apiguardian\apiguardian-api\1.1.0\apiguardian-api-1.1.0.jar;C:\Users\Admin\.m2\repository\org\junit\platform\junit-platform-engine\1.6.3\junit-platform-engine-1.6.3.jar;C:\Users\Admin\.m2\repository\junit\junit\4.13.2\junit-4.13.2.jar;C:\Users\Admin\.m2\repository\org\mockito\mockito-junit-jupiter\3.3.3\mockito-junit-jupiter-3.3.3.jar;C:\Users\Admin\.m2\repository\org\skyscreamer\jsonassert\1.5.0\jsonassert-1.5.0.jar;C:\Users\Admin\.m2\repository\com\vaadin\external\google\android-json\0.0.20131108.vaadin1\android-json-0.0.20131108.vaadin1.jar;C:\Users\Admin\.m2\repository\org\springframework\spring-test\5.2.14.RELEASE\spring-test-5.2.14.RELEASE.jar;C:\Users\Admin\.m2\repository\org\xmlunit\xmlunit-core\2.7.0\xmlunit-core-2.7.0.jar;C:\Users\Admin\.m2\repository\org\hibernate\hibernate-core\5.4.30.Final\hibernate-core-5.4.30.Final.jar;C:\Users\Admin\.m2\repository\org\jboss\logging\jboss-logging\3.4.1.Final\jboss-logging-3.4.1.Final.jar;C:\Users\Admin\.m2\repository\javax\persistence\javax.persistence-api\2.2\javax.persistence-api-2.2.jar;C:\Users\Admin\.m2\repository\org\javassist\javassist\3.27.0-GA\javassist-3.27.0-GA.jar;C:\Users\Admin\.m2\repository\net\bytebuddy\byte-buddy\1.10.22\byte-buddy-1.10.22.jar;C:\Users\Admin\.m2\repository\antlr\antlr\2.7.7\antlr-2.7.7.jar;C:\Users\Admin\.m2\repository\org\jboss\spec\javax\transaction\jboss-transaction-api_1.2_spec\1.1.1.Final\jboss-transaction-api_1.2_spec-1.1.1.Final.jar;C:\Users\Admin\.m2\repository\org\jboss\jandex\2.2.3.Final\jandex-2.2.3.Final.jar;C:\Users\Admin\.m2\repository\com\fasterxml\classmate\1.5.1\classmate-1.5.1.jar;C:\Users\Admin\.m2\repository\javax\activation\javax.activation-api\1.2.0\javax.activation-api-1.2.0.jar;C:\Users\Admin\.m2\repository\org\dom4j\dom4j\2.1.3\dom4j-2.1.3.jar;C:\Users\Admin\.m2\repository\javax\xml\bind\jaxb-api\2.3.1\jaxb-api-2.3.1.jar;C:\Users\Admin\.m2\repository\org\glassfish\jaxb\jaxb-runtime\2.3.4\jaxb-runtime-2.3.4.jar;C:\Users\Admin\.m2\repository\org\glassfish\jaxb\txw2\2.3.4\txw2-2.3.4.jar;C:\Users\Admin\.m2\repository\com\sun\istack\istack-commons-runtime\3.0.12\istack-commons-runtime-3.0.12.jar;C:\Users\Admin\.m2\repository\com\sun\activation\jakarta.activation\1.2.2\jakarta.activation-1.2.2.jar;C:\Users\Admin\.m2\repository\org\hibernate\common\hibernate-commons-annotations\5.1.2.Final\hibernate-commons-annotations-5.1.2.Final.jar;C:\Users\Admin\.m2\repository\org\hibernate\validator\hibernate-validator\7.0.1.Final\hibernate-validator-7.0.1.Final.jar;C:\Users\Admin\.m2\repository\jakarta\validation\jakarta.validation-api\2.0.2\jakarta.validation-api-2.0.2.jar;C:\Users\Admin\.m2\repository\org\apache\commons\commons-lang3\3.11\commons-lang3-3.11.jar;C:\Users\Admin\.m2\repository\org\slf4j\slf4j-api\1.7.30\slf4j-api-1.7.30.jar;C:\Users\Admin\.m2\repository\ch\qos\logback\logback-classic\1.2.3\logback-classic-1.2.3.jar;C:\Users\Admin\.m2\repository\ch\qos\logback\logback-core\1.2.3\logback-core-1.2.3.jar;C:\Users\Admin\.m2\repository\javax\annotation\javax.annotation-api\1.3.2\javax.annotation-api-1.3.2.jar;C:\Users\Admin\.m2\repository\javax\servlet\javax.servlet-api\4.0.1\javax.servlet-api-4.0.1.jar;C:\Users\Admin\.m2\repository\org\postgresql\postgresql\42.2.18\postgresql-42.2.18.jar;C:\Users\Admin\.m2\repository\org\checkerframework\checker-qual\3.5.0\checker-qual-3.5.0.jar;C:\Users\Admin\.m2\repository\org\springdoc\springdoc-openapi-ui\1.6.1\springdoc-openapi-ui-1.6.1.jar;C:\Users\Admin\.m2\repository\org\springdoc\springdoc-openapi-webmvc-core\1.6.1\springdoc-openapi-webmvc-core-1.6.1.jar;C:\Users\Admin\.m2\repository\org\springdoc\springdoc-openapi-common\1.6.1\springdoc-openapi-common-1.6.1.jar;C:\Users\Admin\.m2\repository\io\swagger\core\v3\swagger-models\2.1.11\swagger-models-2.1.11.jar;C:\Users\Admin\.m2\repository\io\swagger\core\v3\swagger-annotations\2.1.11\swagger-annotations-2.1.11.jar;C:\Users\Admin\.m2\repository\io\swagger\core\v3\swagger-integration\2.1.11\swagger-integration-2.1.11.jar;C:\Users\Admin\.m2\repository\io\swagger\core\v3\swagger-core\2.1.11\swagger-core-2.1.11.jar;C:\Users\Admin\.m2\repository\com\fasterxml\jackson\dataformat\jackson-dataformat-yaml\2.11.4\jackson-dataformat-yaml-2.11.4.jar;C:\Users\Admin\.m2\repository\io\github\classgraph\classgraph\4.8.116\classgraph-4.8.116.jar;C:\Users\Admin\.m2\repository\org\webjars\swagger-ui\4.1.3\swagger-ui-4.1.3.jar;C:\Users\Admin\.m2\repository\org\webjars\webjars-locator-core\0.45\webjars-locator-core-0.45.jar;C:\Users\Admin\.m2\repository\com\fasterxml\jackson\core\jackson-core\2.11.4\jackson-core-2.11.4.jar;C:\Users\Admin\.m2\repository\org\mockito\mockito-core\3.7.7\mockito-core-3.7.7.jar;C:\Users\Admin\.m2\repository\net\bytebuddy\byte-buddy-agent\1.10.22\byte-buddy-agent-1.10.22.jar;C:\Users\Admin\.m2\repository\org\objenesis\objenesis\3.1\objenesis-3.1.jar;C:\Users\Admin\.m2\repository\com\h2database\h2\2.0.202\h2-2.0.202.jar;"/>
    <property name="java.vm.vendor" value="Temurin"/>
    <property name="sun.arch.data.model" value="64"/>
    <property name="user.variant" value=""/>
    <property name="java.vendor.url" value="https://adoptium.net/"/>
    <property name="user.timezone" value="Europe/Helsinki"/>
    <property name="user.country.format" value="GB"/>
    <property name="java.vm.specification.version" value="1.8"/>
    <property name="os.name" value="Windows 10"/>
    <property name="user.country" value="RU"/>
    <property name="sun.java.launcher" value="SUN_STANDARD"/>
    <property name="sun.boot.library.path" value="C:\Program Files\JAVA\jdk1.8.0_352\jre\bin"/>
    <property name="sun.java.command" value="C:\Users\Admin\AppData\Local\Temp\surefire4451887401512395404\surefirebooter4980853108217087325.jar C:\Users\Admin\AppData\Local\Temp\surefire4451887401512395404 2023-02-26T19-05-25_929-jvmRun1 surefire5098778781691221322tmp surefire_02154898216159521232tmp"/>
    <property name="surefire.test.class.path" value="E:\1_Java_Work\IDEA_Workspace_22_02_2023\Classtimetable\target\test-classes;E:\1_Java_Work\IDEA_Workspace_22_02_2023\Classtimetable\target\classes;C:\Users\Admin\.m2\repository\org\springframework\boot\spring-boot-starter\2.3.10.RELEASE\spring-boot-starter-2.3.10.RELEASE.jar;C:\Users\Admin\.m2\repository\org\springframework\boot\spring-boot\2.3.10.RELEASE\spring-boot-2.3.10.RELEASE.jar;C:\Users\Admin\.m2\repository\org\springframework\spring-context\5.2.14.RELEASE\spring-context-5.2.14.RELEASE.jar;C:\Users\Admin\.m2\repository\org\springframework\boot\spring-boot-autoconfigure\2.3.10.RELEASE\spring-boot-autoconfigure-2.3.10.RELEASE.jar;C:\Users\Admin\.m2\repository\org\springframework\boot\spring-boot-starter-logging\2.3.10.RELEASE\spring-boot-starter-logging-2.3.10.RELEASE.jar;C:\Users\Admin\.m2\repository\org\apache\logging\log4j\log4j-to-slf4j\2.13.3\log4j-to-slf4j-2.13.3.jar;C:\Users\Admin\.m2\repository\org\apache\logging\log4j\log4j-api\2.13.3\log4j-api-2.13.3.jar;C:\Users\Admin\.m2\repository\org\slf4j\jul-to-slf4j\1.7.30\jul-to-slf4j-1.7.30.jar;C:\Users\Admin\.m2\repository\jakarta\annotation\jakarta.annotation-api\1.3.5\jakarta.annotation-api-1.3.5.jar;C:\Users\Admin\.m2\repository\org\springframework\spring-core\5.2.14.RELEASE\spring-core-5.2.14.RELEASE.jar;C:\Users\Admin\.m2\repository\org\springframework\spring-jcl\5.2.14.RELEASE\spring-jcl-5.2.14.RELEASE.jar;C:\Users\Admin\.m2\repository\org\yaml\snakeyaml\1.26\snakeyaml-1.26.jar;C:\Users\Admin\.m2\repository\org\springframework\boot\spring-boot-starter-web\2.3.10.RELEASE\spring-boot-starter-web-2.3.10.RELEASE.jar;C:\Users\Admin\.m2\repository\org\springframework\boot\spring-boot-starter-json\2.3.10.RELEASE\spring-boot-starter-json-2.3.10.RELEASE.jar;C:\Users\Admin\.m2\repository\com\fasterxml\jackson\core\jackson-databind\2.11.4\jackson-databind-2.11.4.jar;C:\Users\Admin\.m2\repository\com\fasterxml\jackson\core\jackson-annotations\2.11.4\jackson-annotations-2.11.4.jar;C:\Users\Admin\.m2\repository\com\fasterxml\jackson\datatype\jackson-datatype-jdk8\2.11.4\jackson-datatype-jdk8-2.11.4.jar;C:\Users\Admin\.m2\repository\com\fasterxml\jackson\datatype\jackson-datatype-jsr310\2.11.4\jackson-datatype-jsr310-2.11.4.jar;C:\Users\Admin\.m2\repository\com\fasterxml\jackson\module\jackson-module-parameter-names\2.11.4\jackson-module-parameter-names-2.11.4.jar;C:\Users\Admin\.m2\repository\org\springframework\boot\spring-boot-starter-tomcat\2.3.10.RELEASE\spring-boot-starter-tomcat-2.3.10.RELEASE.jar;C:\Users\Admin\.m2\repository\org\apache\tomcat\embed\tomcat-embed-core\9.0.45\tomcat-embed-core-9.0.45.jar;C:\Users\Admin\.m2\repository\org\apache\tomcat\embed\tomcat-embed-websocket\9.0.45\tomcat-embed-websocket-9.0.45.jar;C:\Users\Admin\.m2\repository\org\springframework\spring-web\5.2.14.RELEASE\spring-web-5.2.14.RELEASE.jar;C:\Users\Admin\.m2\repository\org\springframework\spring-beans\5.2.14.RELEASE\spring-beans-5.2.14.RELEASE.jar;C:\Users\Admin\.m2\repository\org\springframework\spring-webmvc\5.2.14.RELEASE\spring-webmvc-5.2.14.RELEASE.jar;C:\Users\Admin\.m2\repository\org\springframework\spring-aop\5.2.14.RELEASE\spring-aop-5.2.14.RELEASE.jar;C:\Users\Admin\.m2\repository\org\springframework\spring-expression\5.2.14.RELEASE\spring-expression-5.2.14.RELEASE.jar;C:\Users\Admin\.m2\repository\org\springframework\boot\spring-boot-starter-thymeleaf\2.3.10.RELEASE\spring-boot-starter-thymeleaf-2.3.10.RELEASE.jar;C:\Users\Admin\.m2\repository\org\thymeleaf\thymeleaf-spring5\3.0.12.RELEASE\thymeleaf-spring5-3.0.12.RELEASE.jar;C:\Users\Admin\.m2\repository\org\thymeleaf\thymeleaf\3.0.12.RELEASE\thymeleaf-3.0.12.RELEASE.jar;C:\Users\Admin\.m2\repository\org\attoparser\attoparser\2.0.5.RELEASE\attoparser-2.0.5.RELEASE.jar;C:\Users\Admin\.m2\repository\org\unbescape\unbescape\1.1.6.RELEASE\unbescape-1.1.6.RELEASE.jar;C:\Users\Admin\.m2\repository\org\thymeleaf\extras\thymeleaf-extras-java8time\3.0.4.RELEASE\thymeleaf-extras-java8time-3.0.4.RELEASE.jar;C:\Users\Admin\.m2\repository\org\springframework\boot\spring-boot-starter-data-jpa\2.3.10.RELEASE\spring-boot-starter-data-jpa-2.3.10.RELEASE.jar;C:\Users\Admin\.m2\repository\org\springframework\boot\spring-boot-starter-aop\2.3.10.RELEASE\spring-boot-starter-aop-2.3.10.RELEASE.jar;C:\Users\Admin\.m2\repository\org\aspectj\aspectjweaver\1.9.6\aspectjweaver-1.9.6.jar;C:\Users\Admin\.m2\repository\org\springframework\boot\spring-boot-starter-jdbc\2.3.10.RELEASE\spring-boot-starter-jdbc-2.3.10.RELEASE.jar;C:\Users\Admin\.m2\repository\com\zaxxer\HikariCP\3.4.5\HikariCP-3.4.5.jar;C:\Users\Admin\.m2\repository\org\springframework\spring-jdbc\5.2.14.RELEASE\spring-jdbc-5.2.14.RELEASE.jar;C:\Users\Admin\.m2\repository\jakarta\transaction\jakarta.transaction-api\1.3.3\jakarta.transaction-api-1.3.3.jar;C:\Users\Admin\.m2\repository\jakarta\persistence\jakarta.persistence-api\2.2.3\jakarta.persistence-api-2.2.3.jar;C:\Users\Admin\.m2\repository\org\springframework\data\spring-data-jpa\2.3.9.RELEASE\spring-data-jpa-2.3.9.RELEASE.jar;C:\Users\Admin\.m2\repository\org\springframework\data\spring-data-commons\2.3.9.RELEASE\spring-data-commons-2.3.9.RELEASE.jar;C:\Users\Admin\.m2\repository\org\springframework\spring-orm\5.2.14.RELEASE\spring-orm-5.2.14.RELEASE.jar;C:\Users\Admin\.m2\repository\org\springframework\spring-tx\5.2.14.RELEASE\spring-tx-5.2.14.RELEASE.jar;C:\Users\Admin\.m2\repository\org\springframework\spring-aspects\5.2.14.RELEASE\spring-aspects-5.2.14.RELEASE.jar;C:\Users\Admin\.m2\repository\org\springframework\boot\spring-boot-starter-validation\2.3.10.RELEASE\spring-boot-starter-validation-2.3.10.RELEASE.jar;C:\Users\Admin\.m2\repository\org\glassfish\jakarta.el\3.0.3\jakarta.el-3.0.3.jar;C:\Users\Admin\.m2\repository\org\springframework\boot\spring-boot-starter-test\2.3.10.RELEASE\spring-boot-starter-test-2.3.10.RELEASE.jar;C:\Users\Admin\.m2\repository\org\springframework\boot\spring-boot-test\2.3.10.RELEASE\spring-boot-test-2.3.10.RELEASE.jar;C:\Users\Admin\.m2\repository\org\springframework\boot\spring-boot-test-autoconfigure\2.3.10.RELEASE\spring-boot-test-autoconfigure-2.3.10.RELEASE.jar;C:\Users\Admin\.m2\repository\com\jayway\jsonpath\json-path\2.4.0\json-path-2.4.0.jar;C:\Users\Admin\.m2\repository\net\minidev\json-smart\2.3\json-smart-2.3.jar;C:\Users\Admin\.m2\repository\net\minidev\accessors-smart\1.2\accessors-smart-1.2.jar;C:\Users\Admin\.m2\repository\org\ow2\asm\asm\5.0.4\asm-5.0.4.jar;C:\Users\Admin\.m2\repository\jakarta\xml\bind\jakarta.xml.bind-api\2.3.3\jakarta.xml.bind-api-2.3.3.jar;C:\Users\Admin\.m2\repository\jakarta\activation\jakarta.activation-api\1.2.2\jakarta.activation-api-1.2.2.jar;C:\Users\Admin\.m2\repository\org\assertj\assertj-core\3.16.1\assertj-core-3.16.1.jar;C:\Users\Admin\.m2\repository\org\hamcrest\hamcrest\2.2\hamcrest-2.2.jar;C:\Users\Admin\.m2\repository\org\junit\jupiter\junit-jupiter\5.6.3\junit-jupiter-5.6.3.jar;C:\Users\Admin\.m2\repository\org\junit\jupiter\junit-jupiter-api\5.6.3\junit-jupiter-api-5.6.3.jar;C:\Users\Admin\.m2\repository\org\opentest4j\opentest4j\1.2.0\opentest4j-1.2.0.jar;C:\Users\Admin\.m2\repository\org\junit\platform\junit-platform-commons\1.6.3\junit-platform-commons-1.6.3.jar;C:\Users\Admin\.m2\repository\org\junit\jupiter\junit-jupiter-params\5.6.3\junit-jupiter-params-5.6.3.jar;C:\Users\Admin\.m2\repository\org\junit\jupiter\junit-jupiter-engine\5.6.3\junit-jupiter-engine-5.6.3.jar;C:\Users\Admin\.m2\repository\org\junit\vintage\junit-vintage-engine\5.6.3\junit-vintage-engine-5.6.3.jar;C:\Users\Admin\.m2\repository\org\apiguardian\apiguardian-api\1.1.0\apiguardian-api-1.1.0.jar;C:\Users\Admin\.m2\repository\org\junit\platform\junit-platform-engine\1.6.3\junit-platform-engine-1.6.3.jar;C:\Users\Admin\.m2\repository\junit\junit\4.13.2\junit-4.13.2.jar;C:\Users\Admin\.m2\repository\org\mockito\mockito-junit-jupiter\3.3.3\mockito-junit-jupiter-3.3.3.jar;C:\Users\Admin\.m2\repository\org\skyscreamer\jsonassert\1.5.0\jsonassert-1.5.0.jar;C:\Users\Admin\.m2\repository\com\vaadin\external\google\android-json\0.0.20131108.vaadin1\android-json-0.0.20131108.vaadin1.jar;C:\Users\Admin\.m2\repository\org\springframework\spring-test\5.2.14.RELEASE\spring-test-5.2.14.RELEASE.jar;C:\Users\Admin\.m2\repository\org\xmlunit\xmlunit-core\2.7.0\xmlunit-core-2.7.0.jar;C:\Users\Admin\.m2\repository\org\hibernate\hibernate-core\5.4.30.Final\hibernate-core-5.4.30.Final.jar;C:\Users\Admin\.m2\repository\org\jboss\logging\jboss-logging\3.4.1.Final\jboss-logging-3.4.1.Final.jar;C:\Users\Admin\.m2\repository\javax\persistence\javax.persistence-api\2.2\javax.persistence-api-2.2.jar;C:\Users\Admin\.m2\repository\org\javassist\javassist\3.27.0-GA\javassist-3.27.0-GA.jar;C:\Users\Admin\.m2\repository\net\bytebuddy\byte-buddy\1.10.22\byte-buddy-1.10.22.jar;C:\Users\Admin\.m2\repository\antlr\antlr\2.7.7\antlr-2.7.7.jar;C:\Users\Admin\.m2\repository\org\jboss\spec\javax\transaction\jboss-transaction-api_1.2_spec\1.1.1.Final\jboss-transaction-api_1.2_spec-1.1.1.Final.jar;C:\Users\Admin\.m2\repository\org\jboss\jandex\2.2.3.Final\jandex-2.2.3.Final.jar;C:\Users\Admin\.m2\repository\com\fasterxml\classmate\1.5.1\classmate-1.5.1.jar;C:\Users\Admin\.m2\repository\javax\activation\javax.activation-api\1.2.0\javax.activation-api-1.2.0.jar;C:\Users\Admin\.m2\repository\org\dom4j\dom4j\2.1.3\dom4j-2.1.3.jar;C:\Users\Admin\.m2\repository\javax\xml\bind\jaxb-api\2.3.1\jaxb-api-2.3.1.jar;C:\Users\Admin\.m2\repository\org\glassfish\jaxb\jaxb-runtime\2.3.4\jaxb-runtime-2.3.4.jar;C:\Users\Admin\.m2\repository\org\glassfish\jaxb\txw2\2.3.4\txw2-2.3.4.jar;C:\Users\Admin\.m2\repository\com\sun\istack\istack-commons-runtime\3.0.12\istack-commons-runtime-3.0.12.jar;C:\Users\Admin\.m2\repository\com\sun\activation\jakarta.activation\1.2.2\jakarta.activation-1.2.2.jar;C:\Users\Admin\.m2\repository\org\hibernate\common\hibernate-commons-annotations\5.1.2.Final\hibernate-commons-annotations-5.1.2.Final.jar;C:\Users\Admin\.m2\repository\org\hibernate\validator\hibernate-validator\7.0.1.Final\hibernate-validator-7.0.1.Final.jar;C:\Users\Admin\.m2\repository\jakarta\validation\jakarta.validation-api\2.0.2\jakarta.validation-api-2.0.2.jar;C:\Users\Admin\.m2\repository\org\apache\commons\commons-lang3\3.11\commons-lang3-3.11.jar;C:\Users\Admin\.m2\repository\org\slf4j\slf4j-api\1.7.30\slf4j-api-1.7.30.jar;C:\Users\Admin\.m2\repository\ch\qos\logback\logback-classic\1.2.3\logback-classic-1.2.3.jar;C:\Users\Admin\.m2\repository\ch\qos\logback\logback-core\1.2.3\logback-core-1.2.3.jar;C:\Users\Admin\.m2\repository\javax\annotation\javax.annotation-api\1.3.2\javax.annotation-api-1.3.2.jar;C:\Users\Admin\.m2\repository\javax\servlet\javax.servlet-api\4.0.1\javax.servlet-api-4.0.1.jar;C:\Users\Admin\.m2\repository\org\postgresql\postgresql\42.2.18\postgresql-42.2.18.jar;C:\Users\Admin\.m2\repository\org\checkerframework\checker-qual\3.5.0\checker-qual-3.5.0.jar;C:\Users\Admin\.m2\repository\org\springdoc\springdoc-openapi-ui\1.6.1\springdoc-openapi-ui-1.6.1.jar;C:\Users\Admin\.m2\repository\org\springdoc\springdoc-openapi-webmvc-core\1.6.1\springdoc-openapi-webmvc-core-1.6.1.jar;C:\Users\Admin\.m2\repository\org\springdoc\springdoc-openapi-common\1.6.1\springdoc-openapi-common-1.6.1.jar;C:\Users\Admin\.m2\repository\io\swagger\core\v3\swagger-models\2.1.11\swagger-models-2.1.11.jar;C:\Users\Admin\.m2\repository\io\swagger\core\v3\swagger-annotations\2.1.11\swagger-annotations-2.1.11.jar;C:\Users\Admin\.m2\repository\io\swagger\core\v3\swagger-integration\2.1.11\swagger-integration-2.1.11.jar;C:\Users\Admin\.m2\repository\io\swagger\core\v3\swagger-core\2.1.11\swagger-core-2.1.11.jar;C:\Users\Admin\.m2\repository\com\fasterxml\jackson\dataformat\jackson-dataformat-yaml\2.11.4\jackson-dataformat-yaml-2.11.4.jar;C:\Users\Admin\.m2\repository\io\github\classgraph\classgraph\4.8.116\classgraph-4.8.116.jar;C:\Users\Admin\.m2\repository\org\webjars\swagger-ui\4.1.3\swagger-ui-4.1.3.jar;C:\Users\Admin\.m2\repository\org\webjars\webjars-locator-core\0.45\webjars-locator-core-0.45.jar;C:\Users\Admin\.m2\repository\com\fasterxml\jackson\core\jackson-core\2.11.4\jackson-core-2.11.4.jar;C:\Users\Admin\.m2\repository\org\mockito\mockito-core\3.7.7\mockito-core-3.7.7.jar;C:\Users\Admin\.m2\repository\net\bytebuddy\byte-buddy-agent\1.10.22\byte-buddy-agent-1.10.22.jar;C:\Users\Admin\.m2\repository\org\objenesis\objenesis\3.1\objenesis-3.1.jar;C:\Users\Admin\.m2\repository\com\h2database\h2\2.0.202\h2-2.0.202.jar;"/>
    <property name="sun.cpu.endian" value="little"/>
    <property name="user.home" value="C:\Users\Admin"/>
    <property name="user.language" value="ru"/>
    <property name="java.specification.vendor" value="Oracle Corporation"/>
    <property name="java.home" value="C:\Program Files\JAVA\jdk1.8.0_352\jre"/>
    <property name="basedir" value="E:\1_Java_Work\IDEA_Workspace_22_02_2023\Classtimetable"/>
    <property name="file.separator" value="\"/>
    <property name="line.separator" value="&#10;"/>
    <property name="java.vm.specification.vendor" value="Oracle Corporation"/>
    <property name="java.specification.name" value="Java Platform API Specification"/>
    <property name="java.awt.graphicsenv" value="sun.awt.Win32GraphicsEnvironment"/>
    <property name="java.awt.headless" value="true"/>
    <property name="surefire.real.class.path" value="C:\Users\Admin\AppData\Local\Temp\surefire4451887401512395404\surefirebooter4980853108217087325.jar;C:\\Users\\Admin\\.m2\\repository\\org\\jacoco\\org.jacoco.agent\\0.8.6\\org.jacoco.agent-0.8.6-runtime.jar"/>
    <property name="sun.boot.class.path" value="C:\Program Files\JAVA\jdk1.8.0_352\jre\lib\resources.jar;C:\Program Files\JAVA\jdk1.8.0_352\jre\lib\rt.jar;C:\Program Files\JAVA\jdk1.8.0_352\jre\lib\sunrsasign.jar;C:\Program Files\JAVA\jdk1.8.0_352\jre\lib\jsse.jar;C:\Program Files\JAVA\jdk1.8.0_352\jre\lib\jce.jar;C:\Program Files\JAVA\jdk1.8.0_352\jre\lib\charsets.jar;C:\Program Files\JAVA\jdk1.8.0_352\jre\lib\jfr.jar;C:\Program Files\JAVA\jdk1.8.0_352\jre\classes"/>
    <property name="user.script" value=""/>
    <property name="sun.management.compiler" value="HotSpot 64-Bit Tiered Compilers"/>
    <property name="java.runtime.version" value="1.8.0_352-b08"/>
    <property name="user.name" value="Admin"/>
    <property name="path.separator" value=";"/>
    <property name="os.version" value="10.0"/>
    <property name="java.endorsed.dirs" value="C:\Program Files\JAVA\jdk1.8.0_352\jre\lib\endorsed"/>
    <property name="java.runtime.name" value="OpenJDK Runtime Environment"/>
    <property name="file.encoding" value="Cp1251"/>
    <property name="spring.beaninfo.ignore" value="true"/>
    <property name="java.vm.name" value="OpenJDK 64-Bit Server VM"/>
    <property name="localRepository" value="C:\Users\Admin\.m2\repository"/>
    <property name="java.vendor.url.bug" value="https://github.com/adoptium/adoptium-support/issues"/>
    <property name="java.io.tmpdir" value="C:\Users\Admin\AppData\Local\Temp\"/>
    <property name="idea.version" value="2022.2.1"/>
    <property name="com.zaxxer.hikari.pool_number" value="1"/>
    <property name="java.version" value="1.8.0_352"/>
    <property name="user.dir" value="E:\1_Java_Work\IDEA_Workspace_22_02_2023\Classtimetable"/>
    <property name="os.arch" value="amd64"/>
    <property name="java.vm.specification.name" value="Java Virtual Machine Specification"/>
    <property name="PID" value="2332"/>
    <property name="java.awt.printerjob" value="sun.awt.windows.WPrinterJob"/>
    <property name="user.language.format" value="en"/>
    <property name="sun.os.patch.level" value=""/>
    <property name="java.library.path" value="C:\Program Files\JAVA\jdk1.8.0_352\jre\bin;C:\Windows\Sun\Java\bin;C:\Windows\system32;C:\Windows;C:\Program Files\Python2_7_13\;C:\Program Files\Python3_10\Scripts\;C:\Program Files\Python3_10\;C:\Program Files\Python3_9\Scripts\;C:\Program Files\Python3_9\;C:\Program Files\Python3_11\Scripts\;C:\Program Files\Python3_11\;C:\Program Files\Python38\Scripts\;C:\Program Files\Python38\;C:\Windows\system32;C:\Windows;C:\Windows\System32\Wbem;C:\Windows\System32\WindowsPowerShell\v1.0\;C:\Windows\System32\OpenSSH\;C:\Program Files\dotnet\;C:\Program Files\JAVA\jdk1.8.0_352\bin;C:\Program Files\MAVEN\apache-maven-3.8.6\bin;C:\ProgramData\chocolatey\bin;C:\Program Files (x86)\Yarn\bin\;C:\Program Files\nodejs\;C:\Program Files\Docker\Docker\resources\bin;C:\Program Files\Git\cmd;C:\Users\Admin\AppData\Local\Microsoft\WindowsApps;E:\1WORK_ProgramFiles\VS_Code_1,73\VSCode_2022\Microsoft VS Code\bin;E:\IntelliJ_IDEA_Community_2022.3\bin;;;C:\Users\Admin\AppData\Local\Programs\Microsoft VS Code\bin;E:\1WORK_ProgramFiles\PYTHON_3_WORK\PyCHARM_PROF_2022.2.1\bin;;C:\Users\Admin\AppData\Local\Yarn\bin;C:\Users\Admin\AppData\Roaming\npm;E:\1WORK_ProgramFiles\IDEA_Ultimate_2022.2.1\IntelliJ IDEA 2022.2.1\bin;;."/>
    <property name="java.vm.info" value="mixed mode"/>
    <property name="java.vendor" value="Temurin"/>
    <property name="java.vm.version" value="25.352-b08"/>
    <property name="java.specification.maintenance.version" value="4"/>
    <property name="java.ext.dirs" value="C:\Program Files\JAVA\jdk1.8.0_352\jre\lib\ext;C:\Windows\Sun\Java\lib\ext"/>
    <property name="sun.io.unicode.encoding" value="UnicodeLittle"/>
    <property name="java.class.version" value="52.0"/>
  </properties>
  <testcase name="should_updateLessonInDatabase_when_controllerCallsUpdateMethod" classname="ua.com.foxminded.classtimetable.controllers.ui.LessonControllerTest" time="0.021">
    <system-out><![CDATA[26 Feb;19:05:44.720 [main] INFO  o.s.b.t.m.w.SpringBootMockServletContext - Initializing Spring TestDispatcherServlet ''
26 Feb;19:05:44.720 [main] INFO  o.s.t.w.s.TestDispatcherServlet - Initializing Servlet ''
26 Feb;19:05:44.721 [main] INFO  o.s.t.w.s.TestDispatcherServlet - Completed initialization in 1 ms
26 Feb;19:05:44.722 [main] WARN  o.s.validation.DataBinder - Skipping URI variable 'id' because request contains bind value with same name.
Hibernate: select classroom0_.id as id1_1_0_, classroom0_.building_id as building5_1_0_, classroom0_.room_capacity as room_cap2_1_0_, classroom0_.room_name as room_nam3_1_0_, classroom0_.room_type as room_typ4_1_0_, building1_.id as id1_0_1_, building1_.building_name as building2_0_1_ from classrooms classroom0_ left outer join buildings building1_ on classroom0_.building_id=building1_.id where classroom0_.id=?
Hibernate: select course0_.id as id1_2_0_, course0_.course_name as course_n2_2_0_, courseteac1_.course_id as course_i2_8_1_, teacher2_.id as teacher_1_8_1_, teacher2_.id as id1_7_2_, teacher2_.faculty_id as faculty_4_7_2_, teacher2_.first_name as first_na2_7_2_, teacher2_.last_name as last_nam3_7_2_, faculty3_.id as id1_3_3_, faculty3_.faculty_name as faculty_2_3_3_ from courses course0_ left outer join teachers_courses courseteac1_ on course0_.id=courseteac1_.course_id left outer join teachers teacher2_ on courseteac1_.teacher_id=teacher2_.id left outer join faculties faculty3_ on teacher2_.faculty_id=faculty3_.id where course0_.id=?
Hibernate: select teachercou0_.teacher_id as teacher_1_8_0_, teachercou0_.course_id as course_i2_8_0_, course1_.id as id1_2_1_, course1_.course_name as course_n2_2_1_ from teachers_courses teachercou0_ inner join courses course1_ on teachercou0_.course_id=course1_.id where teachercou0_.teacher_id=?
Hibernate: select teacher0_.id as id1_7_0_, teacher0_.faculty_id as faculty_4_7_0_, teacher0_.first_name as first_na2_7_0_, teacher0_.last_name as last_nam3_7_0_, faculty1_.id as id1_3_1_, faculty1_.faculty_name as faculty_2_3_1_, teachercou2_.teacher_id as teacher_1_8_2_, course3_.id as course_i2_8_2_, course3_.id as id1_2_3_, course3_.course_name as course_n2_2_3_ from teachers teacher0_ left outer join faculties faculty1_ on teacher0_.faculty_id=faculty1_.id left outer join teachers_courses teachercou2_ on teacher0_.id=teachercou2_.teacher_id left outer join courses course3_ on teachercou2_.course_id=course3_.id where teacher0_.id=?
Hibernate: select courseteac0_.course_id as course_i2_8_0_, courseteac0_.teacher_id as teacher_1_8_0_, teacher1_.id as id1_7_1_, teacher1_.faculty_id as faculty_4_7_1_, teacher1_.first_name as first_na2_7_1_, teacher1_.last_name as last_nam3_7_1_, faculty2_.id as id1_3_2_, faculty2_.faculty_name as faculty_2_3_2_ from teachers_courses courseteac0_ inner join teachers teacher1_ on courseteac0_.teacher_id=teacher1_.id left outer join faculties faculty2_ on teacher1_.faculty_id=faculty2_.id where courseteac0_.course_id=?
26 Feb;19:05:44.731 [main] INFO  u.c.f.c.service.LessonService - update: lesson = Lesson{id=203, date=2021-06-15, startTime=02:00, endTime=03:40, classroom=Classroom{id=15, roomName='C-5', roomType='Laboratory', roomCapacity=10, building=Building{id=3, buildingName='C'}}, course=Course{id=3, courseName='Another course's name'}, teacher=Teacher{id=5, firstName='Scarlett', lastName='Nimoy', faculty=Faculty{id=3, facultyName='Faculty of Arts'}}}
Hibernate: select lesson0_.id as id1_4_0_, lesson0_.classroom_id as classroo5_4_0_, lesson0_.course_id as course_i6_4_0_, lesson0_.date as date2_4_0_, lesson0_.end_time as end_time3_4_0_, lesson0_.start_time as start_ti4_4_0_, lesson0_.teacher_id as teacher_7_4_0_ from lessons lesson0_ where lesson0_.id=?
Hibernate: select classroom0_.id as id1_1_0_, classroom0_.building_id as building5_1_0_, classroom0_.room_capacity as room_cap2_1_0_, classroom0_.room_name as room_nam3_1_0_, classroom0_.room_type as room_typ4_1_0_ from classrooms classroom0_ where classroom0_.id=?
Hibernate: select building0_.id as id1_0_0_, building0_.building_name as building2_0_0_ from buildings building0_ where building0_.id=?
Hibernate: select course0_.id as id1_2_0_, course0_.course_name as course_n2_2_0_ from courses course0_ where course0_.id=?
Hibernate: select teacher0_.id as id1_7_0_, teacher0_.faculty_id as faculty_4_7_0_, teacher0_.first_name as first_na2_7_0_, teacher0_.last_name as last_nam3_7_0_ from teachers teacher0_ where teacher0_.id=?
Hibernate: select faculty0_.id as id1_3_0_, faculty0_.faculty_name as faculty_2_3_0_ from faculties faculty0_ where faculty0_.id=?
Hibernate: select teachercou0_.teacher_id as teacher_1_8_0_, teachercou0_.course_id as course_i2_8_0_, course1_.id as id1_2_1_, course1_.course_name as course_n2_2_1_ from teachers_courses teachercou0_ inner join courses course1_ on teachercou0_.course_id=course1_.id where teachercou0_.teacher_id=?
Hibernate: select courseteac0_.course_id as course_i2_8_0_, courseteac0_.teacher_id as teacher_1_8_0_, teacher1_.id as id1_7_1_, teacher1_.faculty_id as faculty_4_7_1_, teacher1_.first_name as first_na2_7_1_, teacher1_.last_name as last_nam3_7_1_, faculty2_.id as id1_3_2_, faculty2_.faculty_name as faculty_2_3_2_ from teachers_courses courseteac0_ inner join teachers teacher1_ on courseteac0_.teacher_id=teacher1_.id left outer join faculties faculty2_ on teacher1_.faculty_id=faculty2_.id where courseteac0_.course_id=?
Hibernate: select teachercou0_.teacher_id as teacher_1_8_0_, teachercou0_.course_id as course_i2_8_0_, course1_.id as id1_2_1_, course1_.course_name as course_n2_2_1_ from teachers_courses teachercou0_ inner join courses course1_ on teachercou0_.course_id=course1_.id where teachercou0_.teacher_id=?
Hibernate: update lessons set classroom_id=?, course_id=?, date=?, end_time=?, start_time=?, teacher_id=? where id=?
]]></system-out>
  </testcase>
  <testcase name="should_getOneLesson_when_controllerCallsShowByIdMethod" classname="ua.com.foxminded.classtimetable.controllers.ui.LessonControllerTest" time="0.073">
    <system-out><![CDATA[26 Feb;19:05:44.741 [main] INFO  o.s.b.t.m.w.SpringBootMockServletContext - Initializing Spring TestDispatcherServlet ''
26 Feb;19:05:44.741 [main] INFO  o.s.t.w.s.TestDispatcherServlet - Initializing Servlet ''
26 Feb;19:05:44.742 [main] INFO  o.s.t.w.s.TestDispatcherServlet - Completed initialization in 1 ms
Hibernate: select lesson0_.id as id1_4_0_, lesson0_.classroom_id as classroo5_4_0_, lesson0_.course_id as course_i6_4_0_, lesson0_.date as date2_4_0_, lesson0_.end_time as end_time3_4_0_, lesson0_.start_time as start_ti4_4_0_, lesson0_.teacher_id as teacher_7_4_0_, classroom1_.id as id1_1_1_, classroom1_.building_id as building5_1_1_, classroom1_.room_capacity as room_cap2_1_1_, classroom1_.room_name as room_nam3_1_1_, classroom1_.room_type as room_typ4_1_1_, building2_.id as id1_0_2_, building2_.building_name as building2_0_2_, course3_.id as id1_2_3_, course3_.course_name as course_n2_2_3_, courseteac4_.course_id as course_i2_8_4_, teacher5_.id as teacher_1_8_4_, teacher5_.id as id1_7_5_, teacher5_.faculty_id as faculty_4_7_5_, teacher5_.first_name as first_na2_7_5_, teacher5_.last_name as last_nam3_7_5_, faculty6_.id as id1_3_6_, faculty6_.faculty_name as faculty_2_3_6_, teacher7_.id as id1_7_7_, teacher7_.faculty_id as faculty_4_7_7_, teacher7_.first_name as first_na2_7_7_, teacher7_.last_name as last_nam3_7_7_ from lessons lesson0_ left outer join classrooms classroom1_ on lesson0_.classroom_id=classroom1_.id left outer join buildings building2_ on classroom1_.building_id=building2_.id left outer join courses course3_ on lesson0_.course_id=course3_.id left outer join teachers_courses courseteac4_ on course3_.id=courseteac4_.course_id left outer join teachers teacher5_ on courseteac4_.teacher_id=teacher5_.id left outer join faculties faculty6_ on teacher5_.faculty_id=faculty6_.id left outer join teachers teacher7_ on lesson0_.teacher_id=teacher7_.id where lesson0_.id=?
Hibernate: select teachercou0_.teacher_id as teacher_1_8_0_, teachercou0_.course_id as course_i2_8_0_, course1_.id as id1_2_1_, course1_.course_name as course_n2_2_1_ from teachers_courses teachercou0_ inner join courses course1_ on teachercou0_.course_id=course1_.id where teachercou0_.teacher_id=?
Hibernate: select teachercou0_.teacher_id as teacher_1_8_0_, teachercou0_.course_id as course_i2_8_0_, course1_.id as id1_2_1_, course1_.course_name as course_n2_2_1_ from teachers_courses teachercou0_ inner join courses course1_ on teachercou0_.course_id=course1_.id where teachercou0_.teacher_id=?
26 Feb;19:05:44.745 [main] INFO  u.c.f.c.service.LessonService - getById: lesson = Lesson{id=157, date=2021-02-03, startTime=11:10, endTime=12:50, classroom=Classroom{id=9, roomName='New name', roomType='Lecture', roomCapacity=50, building=Building{id=2, buildingName='E'}}, course=Course{id=6, courseName='Biology'}, teacher=Teacher{id=6, firstName='Ellie', lastName='Purh', faculty=Faculty{id=1, facultyName='Changed faculty name'}}}
Hibernate: select classroom0_.id as id1_1_, classroom0_.building_id as building5_1_, classroom0_.room_capacity as room_cap2_1_, classroom0_.room_name as room_nam3_1_, classroom0_.room_type as room_typ4_1_ from classrooms classroom0_
Hibernate: select building0_.id as id1_0_0_, building0_.building_name as building2_0_0_ from buildings building0_ where building0_.id=?
Hibernate: select building0_.id as id1_0_0_, building0_.building_name as building2_0_0_ from buildings building0_ where building0_.id=?
26 Feb;19:05:44.746 [main] INFO  u.c.f.c.service.ClassroomService - getAll():
 [Classroom{id=1, roomName='A-1', roomType='Class', roomCapacity=30, building=Building{id=1, buildingName='Changed name'}}, Classroom{id=2, roomName='A-2', roomType='Class', roomCapacity=30, building=Building{id=1, buildingName='Changed name'}}, Classroom{id=3, roomName='B-10', roomType='Laboratory', roomCapacity=10, building=Building{id=2, buildingName='E'}}, Classroom{id=4, roomName='A-4', roomType='Lecture', roomCapacity=50, building=Building{id=1, buildingName='Changed name'}}, Classroom{id=5, roomName='A-5', roomType='Laboratory', roomCapacity=10, building=Building{id=1, buildingName='Changed name'}}, Classroom{id=6, roomName='B-1', roomType='Class', roomCapacity=30, building=Building{id=2, buildingName='E'}}, Classroom{id=7, roomName='B-2', roomType='Class', roomCapacity=30, building=Building{id=2, buildingName='E'}}, Classroom{id=8, roomName='B-3', roomType='Class', roomCapacity=30, building=Building{id=2, buildingName='E'}}, Classroom{id=9, roomName='New name', roomType='Lecture', roomCapacity=50, building=Building{id=2, buildingName='E'}}, Classroom{id=10, roomName='B-5', roomType='Laboratory', roomCapacity=10, building=Building{id=2, buildingName='E'}}, Classroom{id=11, roomName='C-1', roomType='Class', roomCapacity=30, building=Building{id=3, buildingName='C'}}, Classroom{id=12, roomName='C-2', roomType='Class', roomCapacity=30, building=Building{id=3, buildingName='C'}}, Classroom{id=13, roomName='C-3', roomType='Class', roomCapacity=30, building=Building{id=3, buildingName='C'}}, Classroom{id=14, roomName='C-4', roomType='Lecture', roomCapacity=50, building=Building{id=3, buildingName='C'}}, Classroom{id=15, roomName='C-5', roomType='Laboratory', roomCapacity=10, building=Building{id=3, buildingName='C'}}, Classroom{id=17, roomName='A-3', roomType='Lecture', roomCapacity=25, building=Building{id=1, buildingName='Changed name'}}, Classroom{id=18, roomName='R-1', roomType='Special room', roomCapacity=3, building=Building{id=1, buildingName='Changed name'}}, Classroom{id=19, roomName='A-6', roomType='Lecture', roomCapacity=100, building=Building{id=1, buildingName='Changed name'}}]
Hibernate: select course0_.id as id1_2_, course0_.course_name as course_n2_2_ from courses course0_
Hibernate: select courseteac0_.course_id as course_i2_8_0_, courseteac0_.teacher_id as teacher_1_8_0_, teacher1_.id as id1_7_1_, teacher1_.faculty_id as faculty_4_7_1_, teacher1_.first_name as first_na2_7_1_, teacher1_.last_name as last_nam3_7_1_, faculty2_.id as id1_3_2_, faculty2_.faculty_name as faculty_2_3_2_ from teachers_courses courseteac0_ inner join teachers teacher1_ on courseteac0_.teacher_id=teacher1_.id left outer join faculties faculty2_ on teacher1_.faculty_id=faculty2_.id where courseteac0_.course_id=?
Hibernate: select courseteac0_.course_id as course_i2_8_0_, courseteac0_.teacher_id as teacher_1_8_0_, teacher1_.id as id1_7_1_, teacher1_.faculty_id as faculty_4_7_1_, teacher1_.first_name as first_na2_7_1_, teacher1_.last_name as last_nam3_7_1_, faculty2_.id as id1_3_2_, faculty2_.faculty_name as faculty_2_3_2_ from teachers_courses courseteac0_ inner join teachers teacher1_ on courseteac0_.teacher_id=teacher1_.id left outer join faculties faculty2_ on teacher1_.faculty_id=faculty2_.id where courseteac0_.course_id=?
Hibernate: select teachercou0_.teacher_id as teacher_1_8_0_, teachercou0_.course_id as course_i2_8_0_, course1_.id as id1_2_1_, course1_.course_name as course_n2_2_1_ from teachers_courses teachercou0_ inner join courses course1_ on teachercou0_.course_id=course1_.id where teachercou0_.teacher_id=?
Hibernate: select courseteac0_.course_id as course_i2_8_0_, courseteac0_.teacher_id as teacher_1_8_0_, teacher1_.id as id1_7_1_, teacher1_.faculty_id as faculty_4_7_1_, teacher1_.first_name as first_na2_7_1_, teacher1_.last_name as last_nam3_7_1_, faculty2_.id as id1_3_2_, faculty2_.faculty_name as faculty_2_3_2_ from teachers_courses courseteac0_ inner join teachers teacher1_ on courseteac0_.teacher_id=teacher1_.id left outer join faculties faculty2_ on teacher1_.faculty_id=faculty2_.id where courseteac0_.course_id=?
Hibernate: select teachercou0_.teacher_id as teacher_1_8_0_, teachercou0_.course_id as course_i2_8_0_, course1_.id as id1_2_1_, course1_.course_name as course_n2_2_1_ from teachers_courses teachercou0_ inner join courses course1_ on teachercou0_.course_id=course1_.id where teachercou0_.teacher_id=?
Hibernate: select courseteac0_.course_id as course_i2_8_0_, courseteac0_.teacher_id as teacher_1_8_0_, teacher1_.id as id1_7_1_, teacher1_.faculty_id as faculty_4_7_1_, teacher1_.first_name as first_na2_7_1_, teacher1_.last_name as last_nam3_7_1_, faculty2_.id as id1_3_2_, faculty2_.faculty_name as faculty_2_3_2_ from teachers_courses courseteac0_ inner join teachers teacher1_ on courseteac0_.teacher_id=teacher1_.id left outer join faculties faculty2_ on teacher1_.faculty_id=faculty2_.id where courseteac0_.course_id=?
Hibernate: select teachercou0_.teacher_id as teacher_1_8_0_, teachercou0_.course_id as course_i2_8_0_, course1_.id as id1_2_1_, course1_.course_name as course_n2_2_1_ from teachers_courses teachercou0_ inner join courses course1_ on teachercou0_.course_id=course1_.id where teachercou0_.teacher_id=?
Hibernate: select courseteac0_.course_id as course_i2_8_0_, courseteac0_.teacher_id as teacher_1_8_0_, teacher1_.id as id1_7_1_, teacher1_.faculty_id as faculty_4_7_1_, teacher1_.first_name as first_na2_7_1_, teacher1_.last_name as last_nam3_7_1_, faculty2_.id as id1_3_2_, faculty2_.faculty_name as faculty_2_3_2_ from teachers_courses courseteac0_ inner join teachers teacher1_ on courseteac0_.teacher_id=teacher1_.id left outer join faculties faculty2_ on teacher1_.faculty_id=faculty2_.id where courseteac0_.course_id=?
Hibernate: select teachercou0_.teacher_id as teacher_1_8_0_, teachercou0_.course_id as course_i2_8_0_, course1_.id as id1_2_1_, course1_.course_name as course_n2_2_1_ from teachers_courses teachercou0_ inner join courses course1_ on teachercou0_.course_id=course1_.id where teachercou0_.teacher_id=?
Hibernate: select teachercou0_.teacher_id as teacher_1_8_0_, teachercou0_.course_id as course_i2_8_0_, course1_.id as id1_2_1_, course1_.course_name as course_n2_2_1_ from teachers_courses teachercou0_ inner join courses course1_ on teachercou0_.course_id=course1_.id where teachercou0_.teacher_id=?
Hibernate: select courseteac0_.course_id as course_i2_8_0_, courseteac0_.teacher_id as teacher_1_8_0_, teacher1_.id as id1_7_1_, teacher1_.faculty_id as faculty_4_7_1_, teacher1_.first_name as first_na2_7_1_, teacher1_.last_name as last_nam3_7_1_, faculty2_.id as id1_3_2_, faculty2_.faculty_name as faculty_2_3_2_ from teachers_courses courseteac0_ inner join teachers teacher1_ on courseteac0_.teacher_id=teacher1_.id left outer join faculties faculty2_ on teacher1_.faculty_id=faculty2_.id where courseteac0_.course_id=?
Hibernate: select teachercou0_.teacher_id as teacher_1_8_0_, teachercou0_.course_id as course_i2_8_0_, course1_.id as id1_2_1_, course1_.course_name as course_n2_2_1_ from teachers_courses teachercou0_ inner join courses course1_ on teachercou0_.course_id=course1_.id where teachercou0_.teacher_id=?
Hibernate: select courseteac0_.course_id as course_i2_8_0_, courseteac0_.teacher_id as teacher_1_8_0_, teacher1_.id as id1_7_1_, teacher1_.faculty_id as faculty_4_7_1_, teacher1_.first_name as first_na2_7_1_, teacher1_.last_name as last_nam3_7_1_, faculty2_.id as id1_3_2_, faculty2_.faculty_name as faculty_2_3_2_ from teachers_courses courseteac0_ inner join teachers teacher1_ on courseteac0_.teacher_id=teacher1_.id left outer join faculties faculty2_ on teacher1_.faculty_id=faculty2_.id where courseteac0_.course_id=?
Hibernate: select teachercou0_.teacher_id as teacher_1_8_0_, teachercou0_.course_id as course_i2_8_0_, course1_.id as id1_2_1_, course1_.course_name as course_n2_2_1_ from teachers_courses teachercou0_ inner join courses course1_ on teachercou0_.course_id=course1_.id where teachercou0_.teacher_id=?
Hibernate: select courseteac0_.course_id as course_i2_8_0_, courseteac0_.teacher_id as teacher_1_8_0_, teacher1_.id as id1_7_1_, teacher1_.faculty_id as faculty_4_7_1_, teacher1_.first_name as first_na2_7_1_, teacher1_.last_name as last_nam3_7_1_, faculty2_.id as id1_3_2_, faculty2_.faculty_name as faculty_2_3_2_ from teachers_courses courseteac0_ inner join teachers teacher1_ on courseteac0_.teacher_id=teacher1_.id left outer join faculties faculty2_ on teacher1_.faculty_id=faculty2_.id where courseteac0_.course_id=?
Hibernate: select teachercou0_.teacher_id as teacher_1_8_0_, teachercou0_.course_id as course_i2_8_0_, course1_.id as id1_2_1_, course1_.course_name as course_n2_2_1_ from teachers_courses teachercou0_ inner join courses course1_ on teachercou0_.course_id=course1_.id where teachercou0_.teacher_id=?
Hibernate: select courseteac0_.course_id as course_i2_8_0_, courseteac0_.teacher_id as teacher_1_8_0_, teacher1_.id as id1_7_1_, teacher1_.faculty_id as faculty_4_7_1_, teacher1_.first_name as first_na2_7_1_, teacher1_.last_name as last_nam3_7_1_, faculty2_.id as id1_3_2_, faculty2_.faculty_name as faculty_2_3_2_ from teachers_courses courseteac0_ inner join teachers teacher1_ on courseteac0_.teacher_id=teacher1_.id left outer join faculties faculty2_ on teacher1_.faculty_id=faculty2_.id where courseteac0_.course_id=?
Hibernate: select teachercou0_.teacher_id as teacher_1_8_0_, teachercou0_.course_id as course_i2_8_0_, course1_.id as id1_2_1_, course1_.course_name as course_n2_2_1_ from teachers_courses teachercou0_ inner join courses course1_ on teachercou0_.course_id=course1_.id where teachercou0_.teacher_id=?
Hibernate: select courseteac0_.course_id as course_i2_8_0_, courseteac0_.teacher_id as teacher_1_8_0_, teacher1_.id as id1_7_1_, teacher1_.faculty_id as faculty_4_7_1_, teacher1_.first_name as first_na2_7_1_, teacher1_.last_name as last_nam3_7_1_, faculty2_.id as id1_3_2_, faculty2_.faculty_name as faculty_2_3_2_ from teachers_courses courseteac0_ inner join teachers teacher1_ on courseteac0_.teacher_id=teacher1_.id left outer join faculties faculty2_ on teacher1_.faculty_id=faculty2_.id where courseteac0_.course_id=?
Hibernate: select teachercou0_.teacher_id as teacher_1_8_0_, teachercou0_.course_id as course_i2_8_0_, course1_.id as id1_2_1_, course1_.course_name as course_n2_2_1_ from teachers_courses teachercou0_ inner join courses course1_ on teachercou0_.course_id=course1_.id where teachercou0_.teacher_id=?
26 Feb;19:05:44.748 [main] INFO  u.c.f.c.service.CourseService - getAll():
 [Course{id=1, courseName='History'}, Course{id=2, courseName='Philosophy'}, Course{id=3, courseName='Another course's name'}, Course{id=4, courseName='Political science'}, Course{id=5, courseName='Culture'}, Course{id=6, courseName='Biology'}, Course{id=7, courseName='Chemistry'}, Course{id=8, courseName='Mathematics'}, Course{id=9, courseName='Physics'}, Course{id=10, courseName='Geometry'}, Course{id=13, courseName='Course's name'}]
Hibernate: select teacher0_.id as id1_7_, teacher0_.faculty_id as faculty_4_7_, teacher0_.first_name as first_na2_7_, teacher0_.last_name as last_nam3_7_ from teachers teacher0_
26 Feb;19:05:44.749 [main] INFO  u.c.f.c.service.TeacherService - getAll():
 [Teacher{id=1, firstName='Albert', lastName='Johnson', faculty=Faculty{id=3, facultyName='Faculty of Arts'}}, Teacher{id=2, firstName='Stanley', lastName='Gruber', faculty=Faculty{id=3, facultyName='Faculty of Arts'}}, Teacher{id=3, firstName='Freya', lastName='Shepp', faculty=Faculty{id=3, facultyName='Faculty of Arts'}}, Teacher{id=4, firstName='Olivia', lastName='Blake', faculty=Faculty{id=3, facultyName='Faculty of Arts'}}, Teacher{id=5, firstName='Scarlett', lastName='Nimoy', faculty=Faculty{id=3, facultyName='Faculty of Arts'}}, Teacher{id=6, firstName='Ellie', lastName='Purh', faculty=Faculty{id=1, facultyName='Changed faculty name'}}, Teacher{id=7, firstName='Charlie', lastName='Byrne', faculty=Faculty{id=1, facultyName='Changed faculty name'}}, Teacher{id=8, firstName='Samuel', lastName='Travis', faculty=Faculty{id=1, facultyName='Changed faculty name'}}, Teacher{id=9, firstName='Albert', lastName='Hill', faculty=Faculty{id=1, facultyName='Changed faculty name'}}, Teacher{id=10, firstName='Joshua', lastName='Eve', faculty=Faculty{id=2, facultyName='Changed faculty name'}}, Teacher{id=11, firstName='Sophia', lastName='Roos', faculty=Faculty{id=2, facultyName='Changed faculty name'}}, Teacher{id=12, firstName='Mia', lastName='Brown', faculty=Faculty{id=2, facultyName='Changed faculty name'}}]

MockHttpServletRequest:
      HTTP Method = GET
      Request URI = /lessons/157
       Parameters = {}
          Headers = []
             Body = <no character encoding set>
    Session Attrs = {}

Handler:
             Type = ua.com.foxminded.classtimetable.controllers.ui.LessonController
           Method = ua.com.foxminded.classtimetable.controllers.ui.LessonController#showById(int, ModelMap)

Async:
    Async started = false
     Async result = null

Resolved Exception:
             Type = null

ModelAndView:
        View name = lessons/showById
             View = null
        Attribute = lesson
            value = LessonDto{id=157, date=2021-02-03, startTime=11:10, endTime=12:50, classroomId=9, courseId=6, teacherId=6}
           errors = []
        Attribute = classrooms
            value = [ClassroomDto{id=1, roomName='A-1', roomType='Class', roomCapacity=30, buildingId=1}, ClassroomDto{id=2, roomName='A-2', roomType='Class', roomCapacity=30, buildingId=1}, ClassroomDto{id=3, roomName='B-10', roomType='Laboratory', roomCapacity=10, buildingId=2}, ClassroomDto{id=4, roomName='A-4', roomType='Lecture', roomCapacity=50, buildingId=1}, ClassroomDto{id=5, roomName='A-5', roomType='Laboratory', roomCapacity=10, buildingId=1}, ClassroomDto{id=6, roomName='B-1', roomType='Class', roomCapacity=30, buildingId=2}, ClassroomDto{id=7, roomName='B-2', roomType='Class', roomCapacity=30, buildingId=2}, ClassroomDto{id=8, roomName='B-3', roomType='Class', roomCapacity=30, buildingId=2}, ClassroomDto{id=9, roomName='New name', roomType='Lecture', roomCapacity=50, buildingId=2}, ClassroomDto{id=10, roomName='B-5', roomType='Laboratory', roomCapacity=10, buildingId=2}, ClassroomDto{id=11, roomName='C-1', roomType='Class', roomCapacity=30, buildingId=3}, ClassroomDto{id=12, roomName='C-2', roomType='Class', roomCapacity=30, buildingId=3}, ClassroomDto{id=13, roomName='C-3', roomType='Class', roomCapacity=30, buildingId=3}, ClassroomDto{id=14, roomName='C-4', roomType='Lecture', roomCapacity=50, buildingId=3}, ClassroomDto{id=15, roomName='C-5', roomType='Laboratory', roomCapacity=10, buildingId=3}, ClassroomDto{id=17, roomName='A-3', roomType='Lecture', roomCapacity=25, buildingId=1}, ClassroomDto{id=18, roomName='R-1', roomType='Special room', roomCapacity=3, buildingId=1}, ClassroomDto{id=19, roomName='A-6', roomType='Lecture', roomCapacity=100, buildingId=1}]
        Attribute = courses
            value = [Course{id=1, courseName='History'}, Course{id=2, courseName='Philosophy'}, Course{id=3, courseName='Another course's name'}, Course{id=4, courseName='Political science'}, Course{id=5, courseName='Culture'}, Course{id=6, courseName='Biology'}, Course{id=7, courseName='Chemistry'}, Course{id=8, courseName='Mathematics'}, Course{id=9, courseName='Physics'}, Course{id=10, courseName='Geometry'}, Course{id=13, courseName='Course's name'}]
        Attribute = teachers
            value = [TeacherDto{id=1, firstName='Albert', lastName='Johnson', facultyId=3, coursesId=[1]}, TeacherDto{id=2, firstName='Stanley', lastName='Gruber', facultyId=3, coursesId=[2]}, TeacherDto{id=3, firstName='Freya', lastName='Shepp', facultyId=3, coursesId=[3]}, TeacherDto{id=4, firstName='Olivia', lastName='Blake', facultyId=3, coursesId=[4]}, TeacherDto{id=5, firstName='Scarlett', lastName='Nimoy', facultyId=3, coursesId=[5]}, TeacherDto{id=6, firstName='Ellie', lastName='Purh', facultyId=1, coursesId=[6]}, TeacherDto{id=7, firstName='Charlie', lastName='Byrne', facultyId=1, coursesId=[6]}, TeacherDto{id=8, firstName='Samuel', lastName='Travis', facultyId=1, coursesId=[7]}, TeacherDto{id=9, firstName='Albert', lastName='Hill', facultyId=1, coursesId=[7]}, TeacherDto{id=10, firstName='Joshua', lastName='Eve', facultyId=2, coursesId=[8]}, TeacherDto{id=11, firstName='Sophia', lastName='Roos', facultyId=2, coursesId=[9]}, TeacherDto{id=12, firstName='Mia', lastName='Brown', facultyId=2, coursesId=[10]}]

FlashMap:
       Attributes = null

MockHttpServletResponse:
           Status = 200
    Error message = null
          Headers = [Content-Language:"en", Content-Type:"text/html;charset=UTF-8"]
     Content type = text/html;charset=UTF-8
             Body = <!DOCTYPE html>
<html lang="en">
<head>
    <title>Lesson-editing</title>
    <meta charset="UTF-8">
    <meta name="viewport" content="width=device-width, initial-scale=1">
    <link rel="stylesheet" href="https://maxcdn.bootstrapcdn.com/bootstrap/4.0.0/css/bootstrap.min.css">
    <script src="https://code.jquery.com/jquery-3.2.1.slim.min.js"></script>
    <script src="https://cdnjs.cloudflare.com/ajax/libs/popper.js/1.12.9/umd/popper.min.js"></script>
    <script src="https://maxcdn.bootstrapcdn.com/bootstrap/4.0.0/js/bootstrap.min.js"></script>
</head>

<body>
<nav class="navbar navbar-expand-sm bg-dark navbar-dark sticky-top">
    <a class="navbar-brand" href="/">Class Timetable</a>
    <ul class="navbar-nav">
        <li class="nav-item">
            <a class="nav-link" href="/">Home</a>
        </li>
        <li class="nav-item dropdown">
            <a class="nav-link dropdown-toggle" data-toggle="dropdown" href="/">University structure</a>
            <div class="dropdown-menu">
                <a class="dropdown-item" href="/buildings">Buildings</a>
                <a class="dropdown-item" href="/classrooms">Study rooms</a>
                <a class="dropdown-item" href="/faculties">Faculties</a>
                <a class="dropdown-item" href="/courses">Courses</a>
            </div>
        </li>
        <li class="nav-item dropdown">
            <a class="nav-link dropdown-toggle" data-toggle="dropdown" href="/">Personalities</a>
            <div class="dropdown-menu">
                <a class="dropdown-item" href="/students">Students</a>
                <a class="dropdown-item" href="/teachers">Teachers</a>
            </div>
        </li>
        <li class="nav-item">
            <a class="nav-link" href="/lessons">Current lessons</a>
        </li>
        <li class="nav-item">
            <a class="nav-link" href="/schedule">Show the personal schedule</a>
        </li>
    </ul>
</nav>

<div class="container">
    <br/>
    <h2>Lesson changing page</h2>
    <a class="btn btn-sm btn-secondary" href="/lessons">Back to table</a>
    <br/>
    <br/>
    <form method="post" action="/lessons/157"><input type="hidden" name="_method" value="PUT"/>
        <label>Enter date:</label>
        <input class="form-control form-control-sm" type="date" id="date" name="date" value="2021-02-03"/>

        <label>Enter time of beginning:</label>
        <input class="form-control form-control-sm" type="time" id="startTime" name="startTime" value="11:10:00"/>

        <label>Enter time of end:</label>
        <input class="form-control form-control-sm" type="time" id="endTime" name="endTime" value="12:50:00"/>

        <label>Select classroom:</label>
        <select class="form-control form-control-sm" id="classroomId" name="classroomId">
            <option value="1">A-1</option>
            <option value="2">A-2</option>
            <option value="3">B-10</option>
            <option value="4">A-4</option>
            <option value="5">A-5</option>
            <option value="6">B-1</option>
            <option value="7">B-2</option>
            <option value="8">B-3</option>
            <option value="9" selected="selected">New name</option>
            <option value="10">B-5</option>
            <option value="11">C-1</option>
            <option value="12">C-2</option>
            <option value="13">C-3</option>
            <option value="14">C-4</option>
            <option value="15">C-5</option>
            <option value="17">A-3</option>
            <option value="18">R-1</option>
            <option value="19">A-6</option>
        </select>

        <label>Select course:</label>
        <select class="form-control form-control-sm" id="courseId" name="courseId">
            <option value="1">History</option>
            <option value="2">Philosophy</option>
            <option value="3">Another course&#39;s name</option>
            <option value="4">Political science</option>
            <option value="5">Culture</option>
            <option value="6" selected="selected">Biology</option>
            <option value="7">Chemistry</option>
            <option value="8">Mathematics</option>
            <option value="9">Physics</option>
            <option value="10">Geometry</option>
            <option value="13">Course&#39;s name</option>
        </select>

        <label>Select teacher:</label>
        <select class="form-control form-control-sm" id="teacherId" name="teacherId">
            <option value="1">Albert Johnson</option>
            <option value="2">Stanley Gruber</option>
            <option value="3">Freya Shepp</option>
            <option value="4">Olivia Blake</option>
            <option value="5">Scarlett Nimoy</option>
            <option value="6" selected="selected">Ellie Purh</option>
            <option value="7">Charlie Byrne</option>
            <option value="8">Samuel Travis</option>
            <option value="9">Albert Hill</option>
            <option value="10">Joshua Eve</option>
            <option value="11">Sophia Roos</option>
            <option value="12">Mia Brown</option>
        </select>
        <br/>
        <input class="btn btn-sm btn-success" type="submit" value="Update!">
    </form>
    <br/>
    <form method="post" action="/lessons/157"><input type="hidden" name="_method" value="DELETE"/>
        <input class="btn btn-sm btn-danger" type="submit" value="Delete!"/>
    </form>
</div>
</body>
</html>

    Forwarded URL = null
   Redirected URL = null
          Cookies = []
Hibernate: select lesson0_.id as id1_4_0_, lesson0_.classroom_id as classroo5_4_0_, lesson0_.course_id as course_i6_4_0_, lesson0_.date as date2_4_0_, lesson0_.end_time as end_time3_4_0_, lesson0_.start_time as start_ti4_4_0_, lesson0_.teacher_id as teacher_7_4_0_, classroom1_.id as id1_1_1_, classroom1_.building_id as building5_1_1_, classroom1_.room_capacity as room_cap2_1_1_, classroom1_.room_name as room_nam3_1_1_, classroom1_.room_type as room_typ4_1_1_, building2_.id as id1_0_2_, building2_.building_name as building2_0_2_, course3_.id as id1_2_3_, course3_.course_name as course_n2_2_3_, courseteac4_.course_id as course_i2_8_4_, teacher5_.id as teacher_1_8_4_, teacher5_.id as id1_7_5_, teacher5_.faculty_id as faculty_4_7_5_, teacher5_.first_name as first_na2_7_5_, teacher5_.last_name as last_nam3_7_5_, faculty6_.id as id1_3_6_, faculty6_.faculty_name as faculty_2_3_6_, teacher7_.id as id1_7_7_, teacher7_.faculty_id as faculty_4_7_7_, teacher7_.first_name as first_na2_7_7_, teacher7_.last_name as last_nam3_7_7_ from lessons lesson0_ left outer join classrooms classroom1_ on lesson0_.classroom_id=classroom1_.id left outer join buildings building2_ on classroom1_.building_id=building2_.id left outer join courses course3_ on lesson0_.course_id=course3_.id left outer join teachers_courses courseteac4_ on course3_.id=courseteac4_.course_id left outer join teachers teacher5_ on courseteac4_.teacher_id=teacher5_.id left outer join faculties faculty6_ on teacher5_.faculty_id=faculty6_.id left outer join teachers teacher7_ on lesson0_.teacher_id=teacher7_.id where lesson0_.id=?
Hibernate: select teachercou0_.teacher_id as teacher_1_8_0_, teachercou0_.course_id as course_i2_8_0_, course1_.id as id1_2_1_, course1_.course_name as course_n2_2_1_ from teachers_courses teachercou0_ inner join courses course1_ on teachercou0_.course_id=course1_.id where teachercou0_.teacher_id=?
Hibernate: select teachercou0_.teacher_id as teacher_1_8_0_, teachercou0_.course_id as course_i2_8_0_, course1_.id as id1_2_1_, course1_.course_name as course_n2_2_1_ from teachers_courses teachercou0_ inner join courses course1_ on teachercou0_.course_id=course1_.id where teachercou0_.teacher_id=?
26 Feb;19:05:44.797 [main] INFO  u.c.f.c.service.LessonService - getById: lesson = Lesson{id=157, date=2021-02-03, startTime=11:10, endTime=12:50, classroom=Classroom{id=9, roomName='New name', roomType='Lecture', roomCapacity=50, building=Building{id=2, buildingName='E'}}, course=Course{id=6, courseName='Biology'}, teacher=Teacher{id=6, firstName='Ellie', lastName='Purh', faculty=Faculty{id=1, facultyName='Changed faculty name'}}}
Hibernate: select classroom0_.id as id1_1_, classroom0_.building_id as building5_1_, classroom0_.room_capacity as room_cap2_1_, classroom0_.room_name as room_nam3_1_, classroom0_.room_type as room_typ4_1_ from classrooms classroom0_
Hibernate: select building0_.id as id1_0_0_, building0_.building_name as building2_0_0_ from buildings building0_ where building0_.id=?
Hibernate: select building0_.id as id1_0_0_, building0_.building_name as building2_0_0_ from buildings building0_ where building0_.id=?
Hibernate: select building0_.id as id1_0_0_, building0_.building_name as building2_0_0_ from buildings building0_ where building0_.id=?
26 Feb;19:05:44.799 [main] INFO  u.c.f.c.service.ClassroomService - getAll():
 [Classroom{id=1, roomName='A-1', roomType='Class', roomCapacity=30, building=Building{id=1, buildingName='Changed name'}}, Classroom{id=2, roomName='A-2', roomType='Class', roomCapacity=30, building=Building{id=1, buildingName='Changed name'}}, Classroom{id=3, roomName='B-10', roomType='Laboratory', roomCapacity=10, building=Building{id=2, buildingName='E'}}, Classroom{id=4, roomName='A-4', roomType='Lecture', roomCapacity=50, building=Building{id=1, buildingName='Changed name'}}, Classroom{id=5, roomName='A-5', roomType='Laboratory', roomCapacity=10, building=Building{id=1, buildingName='Changed name'}}, Classroom{id=6, roomName='B-1', roomType='Class', roomCapacity=30, building=Building{id=2, buildingName='E'}}, Classroom{id=7, roomName='B-2', roomType='Class', roomCapacity=30, building=Building{id=2, buildingName='E'}}, Classroom{id=8, roomName='B-3', roomType='Class', roomCapacity=30, building=Building{id=2, buildingName='E'}}, Classroom{id=9, roomName='New name', roomType='Lecture', roomCapacity=50, building=Building{id=2, buildingName='E'}}, Classroom{id=10, roomName='B-5', roomType='Laboratory', roomCapacity=10, building=Building{id=2, buildingName='E'}}, Classroom{id=11, roomName='C-1', roomType='Class', roomCapacity=30, building=Building{id=3, buildingName='C'}}, Classroom{id=12, roomName='C-2', roomType='Class', roomCapacity=30, building=Building{id=3, buildingName='C'}}, Classroom{id=13, roomName='C-3', roomType='Class', roomCapacity=30, building=Building{id=3, buildingName='C'}}, Classroom{id=14, roomName='C-4', roomType='Lecture', roomCapacity=50, building=Building{id=3, buildingName='C'}}, Classroom{id=15, roomName='C-5', roomType='Laboratory', roomCapacity=10, building=Building{id=3, buildingName='C'}}, Classroom{id=17, roomName='A-3', roomType='Lecture', roomCapacity=25, building=Building{id=1, buildingName='Changed name'}}, Classroom{id=18, roomName='R-1', roomType='Special room', roomCapacity=3, building=Building{id=1, buildingName='Changed name'}}, Classroom{id=19, roomName='A-6', roomType='Lecture', roomCapacity=100, building=Building{id=1, buildingName='Changed name'}}]
Hibernate: select course0_.id as id1_2_, course0_.course_name as course_n2_2_ from courses course0_
Hibernate: select courseteac0_.course_id as course_i2_8_0_, courseteac0_.teacher_id as teacher_1_8_0_, teacher1_.id as id1_7_1_, teacher1_.faculty_id as faculty_4_7_1_, teacher1_.first_name as first_na2_7_1_, teacher1_.last_name as last_nam3_7_1_, faculty2_.id as id1_3_2_, faculty2_.faculty_name as faculty_2_3_2_ from teachers_courses courseteac0_ inner join teachers teacher1_ on courseteac0_.teacher_id=teacher1_.id left outer join faculties faculty2_ on teacher1_.faculty_id=faculty2_.id where courseteac0_.course_id=?
Hibernate: select courseteac0_.course_id as course_i2_8_0_, courseteac0_.teacher_id as teacher_1_8_0_, teacher1_.id as id1_7_1_, teacher1_.faculty_id as faculty_4_7_1_, teacher1_.first_name as first_na2_7_1_, teacher1_.last_name as last_nam3_7_1_, faculty2_.id as id1_3_2_, faculty2_.faculty_name as faculty_2_3_2_ from teachers_courses courseteac0_ inner join teachers teacher1_ on courseteac0_.teacher_id=teacher1_.id left outer join faculties faculty2_ on teacher1_.faculty_id=faculty2_.id where courseteac0_.course_id=?
Hibernate: select teachercou0_.teacher_id as teacher_1_8_0_, teachercou0_.course_id as course_i2_8_0_, course1_.id as id1_2_1_, course1_.course_name as course_n2_2_1_ from teachers_courses teachercou0_ inner join courses course1_ on teachercou0_.course_id=course1_.id where teachercou0_.teacher_id=?
Hibernate: select courseteac0_.course_id as course_i2_8_0_, courseteac0_.teacher_id as teacher_1_8_0_, teacher1_.id as id1_7_1_, teacher1_.faculty_id as faculty_4_7_1_, teacher1_.first_name as first_na2_7_1_, teacher1_.last_name as last_nam3_7_1_, faculty2_.id as id1_3_2_, faculty2_.faculty_name as faculty_2_3_2_ from teachers_courses courseteac0_ inner join teachers teacher1_ on courseteac0_.teacher_id=teacher1_.id left outer join faculties faculty2_ on teacher1_.faculty_id=faculty2_.id where courseteac0_.course_id=?
Hibernate: select teachercou0_.teacher_id as teacher_1_8_0_, teachercou0_.course_id as course_i2_8_0_, course1_.id as id1_2_1_, course1_.course_name as course_n2_2_1_ from teachers_courses teachercou0_ inner join courses course1_ on teachercou0_.course_id=course1_.id where teachercou0_.teacher_id=?
Hibernate: select courseteac0_.course_id as course_i2_8_0_, courseteac0_.teacher_id as teacher_1_8_0_, teacher1_.id as id1_7_1_, teacher1_.faculty_id as faculty_4_7_1_, teacher1_.first_name as first_na2_7_1_, teacher1_.last_name as last_nam3_7_1_, faculty2_.id as id1_3_2_, faculty2_.faculty_name as faculty_2_3_2_ from teachers_courses courseteac0_ inner join teachers teacher1_ on courseteac0_.teacher_id=teacher1_.id left outer join faculties faculty2_ on teacher1_.faculty_id=faculty2_.id where courseteac0_.course_id=?
Hibernate: select teachercou0_.teacher_id as teacher_1_8_0_, teachercou0_.course_id as course_i2_8_0_, course1_.id as id1_2_1_, course1_.course_name as course_n2_2_1_ from teachers_courses teachercou0_ inner join courses course1_ on teachercou0_.course_id=course1_.id where teachercou0_.teacher_id=?
Hibernate: select courseteac0_.course_id as course_i2_8_0_, courseteac0_.teacher_id as teacher_1_8_0_, teacher1_.id as id1_7_1_, teacher1_.faculty_id as faculty_4_7_1_, teacher1_.first_name as first_na2_7_1_, teacher1_.last_name as last_nam3_7_1_, faculty2_.id as id1_3_2_, faculty2_.faculty_name as faculty_2_3_2_ from teachers_courses courseteac0_ inner join teachers teacher1_ on courseteac0_.teacher_id=teacher1_.id left outer join faculties faculty2_ on teacher1_.faculty_id=faculty2_.id where courseteac0_.course_id=?
Hibernate: select teachercou0_.teacher_id as teacher_1_8_0_, teachercou0_.course_id as course_i2_8_0_, course1_.id as id1_2_1_, course1_.course_name as course_n2_2_1_ from teachers_courses teachercou0_ inner join courses course1_ on teachercou0_.course_id=course1_.id where teachercou0_.teacher_id=?
Hibernate: select teachercou0_.teacher_id as teacher_1_8_0_, teachercou0_.course_id as course_i2_8_0_, course1_.id as id1_2_1_, course1_.course_name as course_n2_2_1_ from teachers_courses teachercou0_ inner join courses course1_ on teachercou0_.course_id=course1_.id where teachercou0_.teacher_id=?
Hibernate: select courseteac0_.course_id as course_i2_8_0_, courseteac0_.teacher_id as teacher_1_8_0_, teacher1_.id as id1_7_1_, teacher1_.faculty_id as faculty_4_7_1_, teacher1_.first_name as first_na2_7_1_, teacher1_.last_name as last_nam3_7_1_, faculty2_.id as id1_3_2_, faculty2_.faculty_name as faculty_2_3_2_ from teachers_courses courseteac0_ inner join teachers teacher1_ on courseteac0_.teacher_id=teacher1_.id left outer join faculties faculty2_ on teacher1_.faculty_id=faculty2_.id where courseteac0_.course_id=?
Hibernate: select teachercou0_.teacher_id as teacher_1_8_0_, teachercou0_.course_id as course_i2_8_0_, course1_.id as id1_2_1_, course1_.course_name as course_n2_2_1_ from teachers_courses teachercou0_ inner join courses course1_ on teachercou0_.course_id=course1_.id where teachercou0_.teacher_id=?
Hibernate: select teachercou0_.teacher_id as teacher_1_8_0_, teachercou0_.course_id as course_i2_8_0_, course1_.id as id1_2_1_, course1_.course_name as course_n2_2_1_ from teachers_courses teachercou0_ inner join courses course1_ on teachercou0_.course_id=course1_.id where teachercou0_.teacher_id=?
Hibernate: select courseteac0_.course_id as course_i2_8_0_, courseteac0_.teacher_id as teacher_1_8_0_, teacher1_.id as id1_7_1_, teacher1_.faculty_id as faculty_4_7_1_, teacher1_.first_name as first_na2_7_1_, teacher1_.last_name as last_nam3_7_1_, faculty2_.id as id1_3_2_, faculty2_.faculty_name as faculty_2_3_2_ from teachers_courses courseteac0_ inner join teachers teacher1_ on courseteac0_.teacher_id=teacher1_.id left outer join faculties faculty2_ on teacher1_.faculty_id=faculty2_.id where courseteac0_.course_id=?
Hibernate: select teachercou0_.teacher_id as teacher_1_8_0_, teachercou0_.course_id as course_i2_8_0_, course1_.id as id1_2_1_, course1_.course_name as course_n2_2_1_ from teachers_courses teachercou0_ inner join courses course1_ on teachercou0_.course_id=course1_.id where teachercou0_.teacher_id=?
Hibernate: select courseteac0_.course_id as course_i2_8_0_, courseteac0_.teacher_id as teacher_1_8_0_, teacher1_.id as id1_7_1_, teacher1_.faculty_id as faculty_4_7_1_, teacher1_.first_name as first_na2_7_1_, teacher1_.last_name as last_nam3_7_1_, faculty2_.id as id1_3_2_, faculty2_.faculty_name as faculty_2_3_2_ from teachers_courses courseteac0_ inner join teachers teacher1_ on courseteac0_.teacher_id=teacher1_.id left outer join faculties faculty2_ on teacher1_.faculty_id=faculty2_.id where courseteac0_.course_id=?
Hibernate: select teachercou0_.teacher_id as teacher_1_8_0_, teachercou0_.course_id as course_i2_8_0_, course1_.id as id1_2_1_, course1_.course_name as course_n2_2_1_ from teachers_courses teachercou0_ inner join courses course1_ on teachercou0_.course_id=course1_.id where teachercou0_.teacher_id=?
Hibernate: select courseteac0_.course_id as course_i2_8_0_, courseteac0_.teacher_id as teacher_1_8_0_, teacher1_.id as id1_7_1_, teacher1_.faculty_id as faculty_4_7_1_, teacher1_.first_name as first_na2_7_1_, teacher1_.last_name as last_nam3_7_1_, faculty2_.id as id1_3_2_, faculty2_.faculty_name as faculty_2_3_2_ from teachers_courses courseteac0_ inner join teachers teacher1_ on courseteac0_.teacher_id=teacher1_.id left outer join faculties faculty2_ on teacher1_.faculty_id=faculty2_.id where courseteac0_.course_id=?
Hibernate: select teachercou0_.teacher_id as teacher_1_8_0_, teachercou0_.course_id as course_i2_8_0_, course1_.id as id1_2_1_, course1_.course_name as course_n2_2_1_ from teachers_courses teachercou0_ inner join courses course1_ on teachercou0_.course_id=course1_.id where teachercou0_.teacher_id=?
Hibernate: select courseteac0_.course_id as course_i2_8_0_, courseteac0_.teacher_id as teacher_1_8_0_, teacher1_.id as id1_7_1_, teacher1_.faculty_id as faculty_4_7_1_, teacher1_.first_name as first_na2_7_1_, teacher1_.last_name as last_nam3_7_1_, faculty2_.id as id1_3_2_, faculty2_.faculty_name as faculty_2_3_2_ from teachers_courses courseteac0_ inner join teachers teacher1_ on courseteac0_.teacher_id=teacher1_.id left outer join faculties faculty2_ on teacher1_.faculty_id=faculty2_.id where courseteac0_.course_id=?
Hibernate: select teachercou0_.teacher_id as teacher_1_8_0_, teachercou0_.course_id as course_i2_8_0_, course1_.id as id1_2_1_, course1_.course_name as course_n2_2_1_ from teachers_courses teachercou0_ inner join courses course1_ on teachercou0_.course_id=course1_.id where teachercou0_.teacher_id=?
Hibernate: select courseteac0_.course_id as course_i2_8_0_, courseteac0_.teacher_id as teacher_1_8_0_, teacher1_.id as id1_7_1_, teacher1_.faculty_id as faculty_4_7_1_, teacher1_.first_name as first_na2_7_1_, teacher1_.last_name as last_nam3_7_1_, faculty2_.id as id1_3_2_, faculty2_.faculty_name as faculty_2_3_2_ from teachers_courses courseteac0_ inner join teachers teacher1_ on courseteac0_.teacher_id=teacher1_.id left outer join faculties faculty2_ on teacher1_.faculty_id=faculty2_.id where courseteac0_.course_id=?
Hibernate: select teachercou0_.teacher_id as teacher_1_8_0_, teachercou0_.course_id as course_i2_8_0_, course1_.id as id1_2_1_, course1_.course_name as course_n2_2_1_ from teachers_courses teachercou0_ inner join courses course1_ on teachercou0_.course_id=course1_.id where teachercou0_.teacher_id=?
26 Feb;19:05:44.805 [main] INFO  u.c.f.c.service.CourseService - getAll():
 [Course{id=1, courseName='History'}, Course{id=2, courseName='Philosophy'}, Course{id=3, courseName='Another course's name'}, Course{id=4, courseName='Political science'}, Course{id=5, courseName='Culture'}, Course{id=6, courseName='Biology'}, Course{id=7, courseName='Chemistry'}, Course{id=8, courseName='Mathematics'}, Course{id=9, courseName='Physics'}, Course{id=10, courseName='Geometry'}, Course{id=13, courseName='Course's name'}]
Hibernate: select teacher0_.id as id1_7_, teacher0_.faculty_id as faculty_4_7_, teacher0_.first_name as first_na2_7_, teacher0_.last_name as last_nam3_7_ from teachers teacher0_
Hibernate: select faculty0_.id as id1_3_0_, faculty0_.faculty_name as faculty_2_3_0_ from faculties faculty0_ where faculty0_.id=?
Hibernate: select faculty0_.id as id1_3_0_, faculty0_.faculty_name as faculty_2_3_0_ from faculties faculty0_ where faculty0_.id=?
Hibernate: select faculty0_.id as id1_3_0_, faculty0_.faculty_name as faculty_2_3_0_ from faculties faculty0_ where faculty0_.id=?
Hibernate: select teachercou0_.teacher_id as teacher_1_8_0_, teachercou0_.course_id as course_i2_8_0_, course1_.id as id1_2_1_, course1_.course_name as course_n2_2_1_ from teachers_courses teachercou0_ inner join courses course1_ on teachercou0_.course_id=course1_.id where teachercou0_.teacher_id=?
Hibernate: select courseteac0_.course_id as course_i2_8_0_, courseteac0_.teacher_id as teacher_1_8_0_, teacher1_.id as id1_7_1_, teacher1_.faculty_id as faculty_4_7_1_, teacher1_.first_name as first_na2_7_1_, teacher1_.last_name as last_nam3_7_1_, faculty2_.id as id1_3_2_, faculty2_.faculty_name as faculty_2_3_2_ from teachers_courses courseteac0_ inner join teachers teacher1_ on courseteac0_.teacher_id=teacher1_.id left outer join faculties faculty2_ on teacher1_.faculty_id=faculty2_.id where courseteac0_.course_id=?
Hibernate: select teachercou0_.teacher_id as teacher_1_8_0_, teachercou0_.course_id as course_i2_8_0_, course1_.id as id1_2_1_, course1_.course_name as course_n2_2_1_ from teachers_courses teachercou0_ inner join courses course1_ on teachercou0_.course_id=course1_.id where teachercou0_.teacher_id=?
Hibernate: select courseteac0_.course_id as course_i2_8_0_, courseteac0_.teacher_id as teacher_1_8_0_, teacher1_.id as id1_7_1_, teacher1_.faculty_id as faculty_4_7_1_, teacher1_.first_name as first_na2_7_1_, teacher1_.last_name as last_nam3_7_1_, faculty2_.id as id1_3_2_, faculty2_.faculty_name as faculty_2_3_2_ from teachers_courses courseteac0_ inner join teachers teacher1_ on courseteac0_.teacher_id=teacher1_.id left outer join faculties faculty2_ on teacher1_.faculty_id=faculty2_.id where courseteac0_.course_id=?
Hibernate: select teachercou0_.teacher_id as teacher_1_8_0_, teachercou0_.course_id as course_i2_8_0_, course1_.id as id1_2_1_, course1_.course_name as course_n2_2_1_ from teachers_courses teachercou0_ inner join courses course1_ on teachercou0_.course_id=course1_.id where teachercou0_.teacher_id=?
Hibernate: select courseteac0_.course_id as course_i2_8_0_, courseteac0_.teacher_id as teacher_1_8_0_, teacher1_.id as id1_7_1_, teacher1_.faculty_id as faculty_4_7_1_, teacher1_.first_name as first_na2_7_1_, teacher1_.last_name as last_nam3_7_1_, faculty2_.id as id1_3_2_, faculty2_.faculty_name as faculty_2_3_2_ from teachers_courses courseteac0_ inner join teachers teacher1_ on courseteac0_.teacher_id=teacher1_.id left outer join faculties faculty2_ on teacher1_.faculty_id=faculty2_.id where courseteac0_.course_id=?
Hibernate: select teachercou0_.teacher_id as teacher_1_8_0_, teachercou0_.course_id as course_i2_8_0_, course1_.id as id1_2_1_, course1_.course_name as course_n2_2_1_ from teachers_courses teachercou0_ inner join courses course1_ on teachercou0_.course_id=course1_.id where teachercou0_.teacher_id=?
Hibernate: select courseteac0_.course_id as course_i2_8_0_, courseteac0_.teacher_id as teacher_1_8_0_, teacher1_.id as id1_7_1_, teacher1_.faculty_id as faculty_4_7_1_, teacher1_.first_name as first_na2_7_1_, teacher1_.last_name as last_nam3_7_1_, faculty2_.id as id1_3_2_, faculty2_.faculty_name as faculty_2_3_2_ from teachers_courses courseteac0_ inner join teachers teacher1_ on courseteac0_.teacher_id=teacher1_.id left outer join faculties faculty2_ on teacher1_.faculty_id=faculty2_.id where courseteac0_.course_id=?
Hibernate: select teachercou0_.teacher_id as teacher_1_8_0_, teachercou0_.course_id as course_i2_8_0_, course1_.id as id1_2_1_, course1_.course_name as course_n2_2_1_ from teachers_courses teachercou0_ inner join courses course1_ on teachercou0_.course_id=course1_.id where teachercou0_.teacher_id=?
Hibernate: select teachercou0_.teacher_id as teacher_1_8_0_, teachercou0_.course_id as course_i2_8_0_, course1_.id as id1_2_1_, course1_.course_name as course_n2_2_1_ from teachers_courses teachercou0_ inner join courses course1_ on teachercou0_.course_id=course1_.id where teachercou0_.teacher_id=?
Hibernate: select courseteac0_.course_id as course_i2_8_0_, courseteac0_.teacher_id as teacher_1_8_0_, teacher1_.id as id1_7_1_, teacher1_.faculty_id as faculty_4_7_1_, teacher1_.first_name as first_na2_7_1_, teacher1_.last_name as last_nam3_7_1_, faculty2_.id as id1_3_2_, faculty2_.faculty_name as faculty_2_3_2_ from teachers_courses courseteac0_ inner join teachers teacher1_ on courseteac0_.teacher_id=teacher1_.id left outer join faculties faculty2_ on teacher1_.faculty_id=faculty2_.id where courseteac0_.course_id=?
Hibernate: select teachercou0_.teacher_id as teacher_1_8_0_, teachercou0_.course_id as course_i2_8_0_, course1_.id as id1_2_1_, course1_.course_name as course_n2_2_1_ from teachers_courses teachercou0_ inner join courses course1_ on teachercou0_.course_id=course1_.id where teachercou0_.teacher_id=?
Hibernate: select teachercou0_.teacher_id as teacher_1_8_0_, teachercou0_.course_id as course_i2_8_0_, course1_.id as id1_2_1_, course1_.course_name as course_n2_2_1_ from teachers_courses teachercou0_ inner join courses course1_ on teachercou0_.course_id=course1_.id where teachercou0_.teacher_id=?
Hibernate: select courseteac0_.course_id as course_i2_8_0_, courseteac0_.teacher_id as teacher_1_8_0_, teacher1_.id as id1_7_1_, teacher1_.faculty_id as faculty_4_7_1_, teacher1_.first_name as first_na2_7_1_, teacher1_.last_name as last_nam3_7_1_, faculty2_.id as id1_3_2_, faculty2_.faculty_name as faculty_2_3_2_ from teachers_courses courseteac0_ inner join teachers teacher1_ on courseteac0_.teacher_id=teacher1_.id left outer join faculties faculty2_ on teacher1_.faculty_id=faculty2_.id where courseteac0_.course_id=?
Hibernate: select teachercou0_.teacher_id as teacher_1_8_0_, teachercou0_.course_id as course_i2_8_0_, course1_.id as id1_2_1_, course1_.course_name as course_n2_2_1_ from teachers_courses teachercou0_ inner join courses course1_ on teachercou0_.course_id=course1_.id where teachercou0_.teacher_id=?
Hibernate: select courseteac0_.course_id as course_i2_8_0_, courseteac0_.teacher_id as teacher_1_8_0_, teacher1_.id as id1_7_1_, teacher1_.faculty_id as faculty_4_7_1_, teacher1_.first_name as first_na2_7_1_, teacher1_.last_name as last_nam3_7_1_, faculty2_.id as id1_3_2_, faculty2_.faculty_name as faculty_2_3_2_ from teachers_courses courseteac0_ inner join teachers teacher1_ on courseteac0_.teacher_id=teacher1_.id left outer join faculties faculty2_ on teacher1_.faculty_id=faculty2_.id where courseteac0_.course_id=?
Hibernate: select teachercou0_.teacher_id as teacher_1_8_0_, teachercou0_.course_id as course_i2_8_0_, course1_.id as id1_2_1_, course1_.course_name as course_n2_2_1_ from teachers_courses teachercou0_ inner join courses course1_ on teachercou0_.course_id=course1_.id where teachercou0_.teacher_id=?
Hibernate: select courseteac0_.course_id as course_i2_8_0_, courseteac0_.teacher_id as teacher_1_8_0_, teacher1_.id as id1_7_1_, teacher1_.faculty_id as faculty_4_7_1_, teacher1_.first_name as first_na2_7_1_, teacher1_.last_name as last_nam3_7_1_, faculty2_.id as id1_3_2_, faculty2_.faculty_name as faculty_2_3_2_ from teachers_courses courseteac0_ inner join teachers teacher1_ on courseteac0_.teacher_id=teacher1_.id left outer join faculties faculty2_ on teacher1_.faculty_id=faculty2_.id where courseteac0_.course_id=?
Hibernate: select teachercou0_.teacher_id as teacher_1_8_0_, teachercou0_.course_id as course_i2_8_0_, course1_.id as id1_2_1_, course1_.course_name as course_n2_2_1_ from teachers_courses teachercou0_ inner join courses course1_ on teachercou0_.course_id=course1_.id where teachercou0_.teacher_id=?
Hibernate: select courseteac0_.course_id as course_i2_8_0_, courseteac0_.teacher_id as teacher_1_8_0_, teacher1_.id as id1_7_1_, teacher1_.faculty_id as faculty_4_7_1_, teacher1_.first_name as first_na2_7_1_, teacher1_.last_name as last_nam3_7_1_, faculty2_.id as id1_3_2_, faculty2_.faculty_name as faculty_2_3_2_ from teachers_courses courseteac0_ inner join teachers teacher1_ on courseteac0_.teacher_id=teacher1_.id left outer join faculties faculty2_ on teacher1_.faculty_id=faculty2_.id where courseteac0_.course_id=?
Hibernate: select teachercou0_.teacher_id as teacher_1_8_0_, teachercou0_.course_id as course_i2_8_0_, course1_.id as id1_2_1_, course1_.course_name as course_n2_2_1_ from teachers_courses teachercou0_ inner join courses course1_ on teachercou0_.course_id=course1_.id where teachercou0_.teacher_id=?
Hibernate: select courseteac0_.course_id as course_i2_8_0_, courseteac0_.teacher_id as teacher_1_8_0_, teacher1_.id as id1_7_1_, teacher1_.faculty_id as faculty_4_7_1_, teacher1_.first_name as first_na2_7_1_, teacher1_.last_name as last_nam3_7_1_, faculty2_.id as id1_3_2_, faculty2_.faculty_name as faculty_2_3_2_ from teachers_courses courseteac0_ inner join teachers teacher1_ on courseteac0_.teacher_id=teacher1_.id left outer join faculties faculty2_ on teacher1_.faculty_id=faculty2_.id where courseteac0_.course_id=?
26 Feb;19:05:44.811 [main] INFO  u.c.f.c.service.TeacherService - getAll():
 [Teacher{id=1, firstName='Albert', lastName='Johnson', faculty=Faculty{id=3, facultyName='Faculty of Arts'}}, Teacher{id=2, firstName='Stanley', lastName='Gruber', faculty=Faculty{id=3, facultyName='Faculty of Arts'}}, Teacher{id=3, firstName='Freya', lastName='Shepp', faculty=Faculty{id=3, facultyName='Faculty of Arts'}}, Teacher{id=4, firstName='Olivia', lastName='Blake', faculty=Faculty{id=3, facultyName='Faculty of Arts'}}, Teacher{id=5, firstName='Scarlett', lastName='Nimoy', faculty=Faculty{id=3, facultyName='Faculty of Arts'}}, Teacher{id=6, firstName='Ellie', lastName='Purh', faculty=Faculty{id=1, facultyName='Changed faculty name'}}, Teacher{id=7, firstName='Charlie', lastName='Byrne', faculty=Faculty{id=1, facultyName='Changed faculty name'}}, Teacher{id=8, firstName='Samuel', lastName='Travis', faculty=Faculty{id=1, facultyName='Changed faculty name'}}, Teacher{id=9, firstName='Albert', lastName='Hill', faculty=Faculty{id=1, facultyName='Changed faculty name'}}, Teacher{id=10, firstName='Joshua', lastName='Eve', faculty=Faculty{id=2, facultyName='Changed faculty name'}}, Teacher{id=11, firstName='Sophia', lastName='Roos', faculty=Faculty{id=2, facultyName='Changed faculty name'}}, Teacher{id=12, firstName='Mia', lastName='Brown', faculty=Faculty{id=2, facultyName='Changed faculty name'}}]
]]></system-out>
  </testcase>
  <testcase name="should_getListOfLessons_when_controllerCallsShowAllMethod" classname="ua.com.foxminded.classtimetable.controllers.ui.LessonControllerTest" time="1.118">
    <system-out><![CDATA[26 Feb;19:05:44.816 [main] INFO  o.s.b.t.m.w.SpringBootMockServletContext - Initializing Spring TestDispatcherServlet ''
26 Feb;19:05:44.816 [main] INFO  o.s.t.w.s.TestDispatcherServlet - Initializing Servlet ''
26 Feb;19:05:44.817 [main] INFO  o.s.t.w.s.TestDispatcherServlet - Completed initialization in 1 ms
Hibernate: select lesson0_.id as id1_4_, lesson0_.classroom_id as classroo5_4_, lesson0_.course_id as course_i6_4_, lesson0_.date as date2_4_, lesson0_.end_time as end_time3_4_, lesson0_.start_time as start_ti4_4_, lesson0_.teacher_id as teacher_7_4_ from lessons lesson0_
Hibernate: select classroom0_.id as id1_1_0_, classroom0_.building_id as building5_1_0_, classroom0_.room_capacity as room_cap2_1_0_, classroom0_.room_name as room_nam3_1_0_, classroom0_.room_type as room_typ4_1_0_, building1_.id as id1_0_1_, building1_.building_name as building2_0_1_ from classrooms classroom0_ left outer join buildings building1_ on classroom0_.building_id=building1_.id where classroom0_.id=?
Hibernate: select course0_.id as id1_2_0_, course0_.course_name as course_n2_2_0_, courseteac1_.course_id as course_i2_8_1_, teacher2_.id as teacher_1_8_1_, teacher2_.id as id1_7_2_, teacher2_.faculty_id as faculty_4_7_2_, teacher2_.first_name as first_na2_7_2_, teacher2_.last_name as last_nam3_7_2_, faculty3_.id as id1_3_3_, faculty3_.faculty_name as faculty_2_3_3_ from courses course0_ left outer join teachers_courses courseteac1_ on course0_.id=courseteac1_.course_id left outer join teachers teacher2_ on courseteac1_.teacher_id=teacher2_.id left outer join faculties faculty3_ on teacher2_.faculty_id=faculty3_.id where course0_.id=?
Hibernate: select classroom0_.id as id1_1_0_, classroom0_.building_id as building5_1_0_, classroom0_.room_capacity as room_cap2_1_0_, classroom0_.room_name as room_nam3_1_0_, classroom0_.room_type as room_typ4_1_0_, building1_.id as id1_0_1_, building1_.building_name as building2_0_1_ from classrooms classroom0_ left outer join buildings building1_ on classroom0_.building_id=building1_.id where classroom0_.id=?
Hibernate: select classroom0_.id as id1_1_0_, classroom0_.building_id as building5_1_0_, classroom0_.room_capacity as room_cap2_1_0_, classroom0_.room_name as room_nam3_1_0_, classroom0_.room_type as room_typ4_1_0_, building1_.id as id1_0_1_, building1_.building_name as building2_0_1_ from classrooms classroom0_ left outer join buildings building1_ on classroom0_.building_id=building1_.id where classroom0_.id=?
Hibernate: select course0_.id as id1_2_0_, course0_.course_name as course_n2_2_0_, courseteac1_.course_id as course_i2_8_1_, teacher2_.id as teacher_1_8_1_, teacher2_.id as id1_7_2_, teacher2_.faculty_id as faculty_4_7_2_, teacher2_.first_name as first_na2_7_2_, teacher2_.last_name as last_nam3_7_2_, faculty3_.id as id1_3_3_, faculty3_.faculty_name as faculty_2_3_3_ from courses course0_ left outer join teachers_courses courseteac1_ on course0_.id=courseteac1_.course_id left outer join teachers teacher2_ on courseteac1_.teacher_id=teacher2_.id left outer join faculties faculty3_ on teacher2_.faculty_id=faculty3_.id where course0_.id=?
Hibernate: select classroom0_.id as id1_1_0_, classroom0_.building_id as building5_1_0_, classroom0_.room_capacity as room_cap2_1_0_, classroom0_.room_name as room_nam3_1_0_, classroom0_.room_type as room_typ4_1_0_, building1_.id as id1_0_1_, building1_.building_name as building2_0_1_ from classrooms classroom0_ left outer join buildings building1_ on classroom0_.building_id=building1_.id where classroom0_.id=?
Hibernate: select course0_.id as id1_2_0_, course0_.course_name as course_n2_2_0_, courseteac1_.course_id as course_i2_8_1_, teacher2_.id as teacher_1_8_1_, teacher2_.id as id1_7_2_, teacher2_.faculty_id as faculty_4_7_2_, teacher2_.first_name as first_na2_7_2_, teacher2_.last_name as last_nam3_7_2_, faculty3_.id as id1_3_3_, faculty3_.faculty_name as faculty_2_3_3_ from courses course0_ left outer join teachers_courses courseteac1_ on course0_.id=courseteac1_.course_id left outer join teachers teacher2_ on courseteac1_.teacher_id=teacher2_.id left outer join faculties faculty3_ on teacher2_.faculty_id=faculty3_.id where course0_.id=?
Hibernate: select classroom0_.id as id1_1_0_, classroom0_.building_id as building5_1_0_, classroom0_.room_capacity as room_cap2_1_0_, classroom0_.room_name as room_nam3_1_0_, classroom0_.room_type as room_typ4_1_0_, building1_.id as id1_0_1_, building1_.building_name as building2_0_1_ from classrooms classroom0_ left outer join buildings building1_ on classroom0_.building_id=building1_.id where classroom0_.id=?
Hibernate: select course0_.id as id1_2_0_, course0_.course_name as course_n2_2_0_, courseteac1_.course_id as course_i2_8_1_, teacher2_.id as teacher_1_8_1_, teacher2_.id as id1_7_2_, teacher2_.faculty_id as faculty_4_7_2_, teacher2_.first_name as first_na2_7_2_, teacher2_.last_name as last_nam3_7_2_, faculty3_.id as id1_3_3_, faculty3_.faculty_name as faculty_2_3_3_ from courses course0_ left outer join teachers_courses courseteac1_ on course0_.id=courseteac1_.course_id left outer join teachers teacher2_ on courseteac1_.teacher_id=teacher2_.id left outer join faculties faculty3_ on teacher2_.faculty_id=faculty3_.id where course0_.id=?
Hibernate: select classroom0_.id as id1_1_0_, classroom0_.building_id as building5_1_0_, classroom0_.room_capacity as room_cap2_1_0_, classroom0_.room_name as room_nam3_1_0_, classroom0_.room_type as room_typ4_1_0_, building1_.id as id1_0_1_, building1_.building_name as building2_0_1_ from classrooms classroom0_ left outer join buildings building1_ on classroom0_.building_id=building1_.id where classroom0_.id=?
Hibernate: select classroom0_.id as id1_1_0_, classroom0_.building_id as building5_1_0_, classroom0_.room_capacity as room_cap2_1_0_, classroom0_.room_name as room_nam3_1_0_, classroom0_.room_type as room_typ4_1_0_, building1_.id as id1_0_1_, building1_.building_name as building2_0_1_ from classrooms classroom0_ left outer join buildings building1_ on classroom0_.building_id=building1_.id where classroom0_.id=?
Hibernate: select classroom0_.id as id1_1_0_, classroom0_.building_id as building5_1_0_, classroom0_.room_capacity as room_cap2_1_0_, classroom0_.room_name as room_nam3_1_0_, classroom0_.room_type as room_typ4_1_0_, building1_.id as id1_0_1_, building1_.building_name as building2_0_1_ from classrooms classroom0_ left outer join buildings building1_ on classroom0_.building_id=building1_.id where classroom0_.id=?
Hibernate: select classroom0_.id as id1_1_0_, classroom0_.building_id as building5_1_0_, classroom0_.room_capacity as room_cap2_1_0_, classroom0_.room_name as room_nam3_1_0_, classroom0_.room_type as room_typ4_1_0_, building1_.id as id1_0_1_, building1_.building_name as building2_0_1_ from classrooms classroom0_ left outer join buildings building1_ on classroom0_.building_id=building1_.id where classroom0_.id=?
Hibernate: select course0_.id as id1_2_0_, course0_.course_name as course_n2_2_0_, courseteac1_.course_id as course_i2_8_1_, teacher2_.id as teacher_1_8_1_, teacher2_.id as id1_7_2_, teacher2_.faculty_id as faculty_4_7_2_, teacher2_.first_name as first_na2_7_2_, teacher2_.last_name as last_nam3_7_2_, faculty3_.id as id1_3_3_, faculty3_.faculty_name as faculty_2_3_3_ from courses course0_ left outer join teachers_courses courseteac1_ on course0_.id=courseteac1_.course_id left outer join teachers teacher2_ on courseteac1_.teacher_id=teacher2_.id left outer join faculties faculty3_ on teacher2_.faculty_id=faculty3_.id where course0_.id=?
Hibernate: select classroom0_.id as id1_1_0_, classroom0_.building_id as building5_1_0_, classroom0_.room_capacity as room_cap2_1_0_, classroom0_.room_name as room_nam3_1_0_, classroom0_.room_type as room_typ4_1_0_, building1_.id as id1_0_1_, building1_.building_name as building2_0_1_ from classrooms classroom0_ left outer join buildings building1_ on classroom0_.building_id=building1_.id where classroom0_.id=?
Hibernate: select classroom0_.id as id1_1_0_, classroom0_.building_id as building5_1_0_, classroom0_.room_capacity as room_cap2_1_0_, classroom0_.room_name as room_nam3_1_0_, classroom0_.room_type as room_typ4_1_0_, building1_.id as id1_0_1_, building1_.building_name as building2_0_1_ from classrooms classroom0_ left outer join buildings building1_ on classroom0_.building_id=building1_.id where classroom0_.id=?
Hibernate: select classroom0_.id as id1_1_0_, classroom0_.building_id as building5_1_0_, classroom0_.room_capacity as room_cap2_1_0_, classroom0_.room_name as room_nam3_1_0_, classroom0_.room_type as room_typ4_1_0_, building1_.id as id1_0_1_, building1_.building_name as building2_0_1_ from classrooms classroom0_ left outer join buildings building1_ on classroom0_.building_id=building1_.id where classroom0_.id=?
Hibernate: select course0_.id as id1_2_0_, course0_.course_name as course_n2_2_0_, courseteac1_.course_id as course_i2_8_1_, teacher2_.id as teacher_1_8_1_, teacher2_.id as id1_7_2_, teacher2_.faculty_id as faculty_4_7_2_, teacher2_.first_name as first_na2_7_2_, teacher2_.last_name as last_nam3_7_2_, faculty3_.id as id1_3_3_, faculty3_.faculty_name as faculty_2_3_3_ from courses course0_ left outer join teachers_courses courseteac1_ on course0_.id=courseteac1_.course_id left outer join teachers teacher2_ on courseteac1_.teacher_id=teacher2_.id left outer join faculties faculty3_ on teacher2_.faculty_id=faculty3_.id where course0_.id=?
Hibernate: select course0_.id as id1_2_0_, course0_.course_name as course_n2_2_0_, courseteac1_.course_id as course_i2_8_1_, teacher2_.id as teacher_1_8_1_, teacher2_.id as id1_7_2_, teacher2_.faculty_id as faculty_4_7_2_, teacher2_.first_name as first_na2_7_2_, teacher2_.last_name as last_nam3_7_2_, faculty3_.id as id1_3_3_, faculty3_.faculty_name as faculty_2_3_3_ from courses course0_ left outer join teachers_courses courseteac1_ on course0_.id=courseteac1_.course_id left outer join teachers teacher2_ on courseteac1_.teacher_id=teacher2_.id left outer join faculties faculty3_ on teacher2_.faculty_id=faculty3_.id where course0_.id=?
Hibernate: select course0_.id as id1_2_0_, course0_.course_name as course_n2_2_0_, courseteac1_.course_id as course_i2_8_1_, teacher2_.id as teacher_1_8_1_, teacher2_.id as id1_7_2_, teacher2_.faculty_id as faculty_4_7_2_, teacher2_.first_name as first_na2_7_2_, teacher2_.last_name as last_nam3_7_2_, faculty3_.id as id1_3_3_, faculty3_.faculty_name as faculty_2_3_3_ from courses course0_ left outer join teachers_courses courseteac1_ on course0_.id=courseteac1_.course_id left outer join teachers teacher2_ on courseteac1_.teacher_id=teacher2_.id left outer join faculties faculty3_ on teacher2_.faculty_id=faculty3_.id where course0_.id=?
Hibernate: select classroom0_.id as id1_1_0_, classroom0_.building_id as building5_1_0_, classroom0_.room_capacity as room_cap2_1_0_, classroom0_.room_name as room_nam3_1_0_, classroom0_.room_type as room_typ4_1_0_, building1_.id as id1_0_1_, building1_.building_name as building2_0_1_ from classrooms classroom0_ left outer join buildings building1_ on classroom0_.building_id=building1_.id where classroom0_.id=?
Hibernate: select course0_.id as id1_2_0_, course0_.course_name as course_n2_2_0_, courseteac1_.course_id as course_i2_8_1_, teacher2_.id as teacher_1_8_1_, teacher2_.id as id1_7_2_, teacher2_.faculty_id as faculty_4_7_2_, teacher2_.first_name as first_na2_7_2_, teacher2_.last_name as last_nam3_7_2_, faculty3_.id as id1_3_3_, faculty3_.faculty_name as faculty_2_3_3_ from courses course0_ left outer join teachers_courses courseteac1_ on course0_.id=courseteac1_.course_id left outer join teachers teacher2_ on courseteac1_.teacher_id=teacher2_.id left outer join faculties faculty3_ on teacher2_.faculty_id=faculty3_.id where course0_.id=?
Hibernate: select course0_.id as id1_2_0_, course0_.course_name as course_n2_2_0_, courseteac1_.course_id as course_i2_8_1_, teacher2_.id as teacher_1_8_1_, teacher2_.id as id1_7_2_, teacher2_.faculty_id as faculty_4_7_2_, teacher2_.first_name as first_na2_7_2_, teacher2_.last_name as last_nam3_7_2_, faculty3_.id as id1_3_3_, faculty3_.faculty_name as faculty_2_3_3_ from courses course0_ left outer join teachers_courses courseteac1_ on course0_.id=courseteac1_.course_id left outer join teachers teacher2_ on courseteac1_.teacher_id=teacher2_.id left outer join faculties faculty3_ on teacher2_.faculty_id=faculty3_.id where course0_.id=?
Hibernate: select teachercou0_.teacher_id as teacher_1_8_0_, teachercou0_.course_id as course_i2_8_0_, course1_.id as id1_2_1_, course1_.course_name as course_n2_2_1_ from teachers_courses teachercou0_ inner join courses course1_ on teachercou0_.course_id=course1_.id where teachercou0_.teacher_id=?
Hibernate: select teachercou0_.teacher_id as teacher_1_8_0_, teachercou0_.course_id as course_i2_8_0_, course1_.id as id1_2_1_, course1_.course_name as course_n2_2_1_ from teachers_courses teachercou0_ inner join courses course1_ on teachercou0_.course_id=course1_.id where teachercou0_.teacher_id=?
Hibernate: select teachercou0_.teacher_id as teacher_1_8_0_, teachercou0_.course_id as course_i2_8_0_, course1_.id as id1_2_1_, course1_.course_name as course_n2_2_1_ from teachers_courses teachercou0_ inner join courses course1_ on teachercou0_.course_id=course1_.id where teachercou0_.teacher_id=?
Hibernate: select teachercou0_.teacher_id as teacher_1_8_0_, teachercou0_.course_id as course_i2_8_0_, course1_.id as id1_2_1_, course1_.course_name as course_n2_2_1_ from teachers_courses teachercou0_ inner join courses course1_ on teachercou0_.course_id=course1_.id where teachercou0_.teacher_id=?
Hibernate: select teachercou0_.teacher_id as teacher_1_8_0_, teachercou0_.course_id as course_i2_8_0_, course1_.id as id1_2_1_, course1_.course_name as course_n2_2_1_ from teachers_courses teachercou0_ inner join courses course1_ on teachercou0_.course_id=course1_.id where teachercou0_.teacher_id=?
Hibernate: select teachercou0_.teacher_id as teacher_1_8_0_, teachercou0_.course_id as course_i2_8_0_, course1_.id as id1_2_1_, course1_.course_name as course_n2_2_1_ from teachers_courses teachercou0_ inner join courses course1_ on teachercou0_.course_id=course1_.id where teachercou0_.teacher_id=?
Hibernate: select teachercou0_.teacher_id as teacher_1_8_0_, teachercou0_.course_id as course_i2_8_0_, course1_.id as id1_2_1_, course1_.course_name as course_n2_2_1_ from teachers_courses teachercou0_ inner join courses course1_ on teachercou0_.course_id=course1_.id where teachercou0_.teacher_id=?
Hibernate: select teachercou0_.teacher_id as teacher_1_8_0_, teachercou0_.course_id as course_i2_8_0_, course1_.id as id1_2_1_, course1_.course_name as course_n2_2_1_ from teachers_courses teachercou0_ inner join courses course1_ on teachercou0_.course_id=course1_.id where teachercou0_.teacher_id=?
Hibernate: select teachercou0_.teacher_id as teacher_1_8_0_, teachercou0_.course_id as course_i2_8_0_, course1_.id as id1_2_1_, course1_.course_name as course_n2_2_1_ from teachers_courses teachercou0_ inner join courses course1_ on teachercou0_.course_id=course1_.id where teachercou0_.teacher_id=?
Hibernate: select teachercou0_.teacher_id as teacher_1_8_0_, teachercou0_.course_id as course_i2_8_0_, course1_.id as id1_2_1_, course1_.course_name as course_n2_2_1_ from teachers_courses teachercou0_ inner join courses course1_ on teachercou0_.course_id=course1_.id where teachercou0_.teacher_id=?
Hibernate: select teachercou0_.teacher_id as teacher_1_8_0_, teachercou0_.course_id as course_i2_8_0_, course1_.id as id1_2_1_, course1_.course_name as course_n2_2_1_ from teachers_courses teachercou0_ inner join courses course1_ on teachercou0_.course_id=course1_.id where teachercou0_.teacher_id=?
Hibernate: select teachercou0_.teacher_id as teacher_1_8_0_, teachercou0_.course_id as course_i2_8_0_, course1_.id as id1_2_1_, course1_.course_name as course_n2_2_1_ from teachers_courses teachercou0_ inner join courses course1_ on teachercou0_.course_id=course1_.id where teachercou0_.teacher_id=?
26 Feb;19:05:44.837 [main] INFO  u.c.f.c.service.LessonService - getAll():
 [Lesson{id=1, date=2021-01-20, startTime=09:20, endTime=11:00, classroom=Classroom{id=3, roomName='B-10', roomType='Laboratory', roomCapacity=10, building=Building{id=2, buildingName='E'}}, course=Course{id=3, courseName='Another course's name'}, teacher=Teacher{id=3, firstName='Freya', lastName='Shepp', faculty=Faculty{id=3, facultyName='Faculty of Arts'}}}, Lesson{id=2, date=2021-01-20, startTime=11:10, endTime=12:50, classroom=Classroom{id=1, roomName='A-1', roomType='Class', roomCapacity=30, building=Building{id=1, buildingName='Changed name'}}, course=Course{id=3, courseName='Another course's name'}, teacher=Teacher{id=3, firstName='Freya', lastName='Shepp', faculty=Faculty{id=3, facultyName='Faculty of Arts'}}}, Lesson{id=3, date=2021-01-20, startTime=13:00, endTime=14:40, classroom=Classroom{id=2, roomName='A-2', roomType='Class', roomCapacity=30, building=Building{id=1, buildingName='Changed name'}}, course=Course{id=4, courseName='Political science'}, teacher=Teacher{id=4, firstName='Olivia', lastName='Blake', faculty=Faculty{id=3, facultyName='Faculty of Arts'}}}, Lesson{id=4, date=2021-01-20, startTime=14:50, endTime=16:30, classroom=Classroom{id=3, roomName='B-10', roomType='Laboratory', roomCapacity=10, building=Building{id=2, buildingName='E'}}, course=Course{id=4, courseName='Political science'}, teacher=Teacher{id=4, firstName='Olivia', lastName='Blake', faculty=Faculty{id=3, facultyName='Faculty of Arts'}}}, Lesson{id=5, date=2021-01-20, startTime=16:40, endTime=18:20, classroom=Classroom{id=4, roomName='A-4', roomType='Lecture', roomCapacity=50, building=Building{id=1, buildingName='Changed name'}}, course=Course{id=5, courseName='Culture'}, teacher=Teacher{id=5, firstName='Scarlett', lastName='Nimoy', faculty=Faculty{id=3, facultyName='Faculty of Arts'}}}, Lesson{id=6, date=2021-01-20, startTime=09:20, endTime=11:00, classroom=Classroom{id=9, roomName='New name', roomType='Lecture', roomCapacity=50, building=Building{id=2, buildingName='E'}}, course=Course{id=6, courseName='Biology'}, teacher=Teacher{id=6, firstName='Ellie', lastName='Purh', faculty=Faculty{id=1, facultyName='Changed faculty name'}}}, Lesson{id=7, date=2021-01-20, startTime=11:10, endTime=12:50, classroom=Classroom{id=9, roomName='New name', roomType='Lecture', roomCapacity=50, building=Building{id=2, buildingName='E'}}, course=Course{id=6, courseName='Biology'}, teacher=Teacher{id=6, firstName='Ellie', lastName='Purh', faculty=Faculty{id=1, facultyName='Changed faculty name'}}}, Lesson{id=8, date=2021-01-20, startTime=13:00, endTime=14:40, classroom=Classroom{id=6, roomName='B-1', roomType='Class', roomCapacity=30, building=Building{id=2, buildingName='E'}}, course=Course{id=6, courseName='Biology'}, teacher=Teacher{id=7, firstName='Charlie', lastName='Byrne', faculty=Faculty{id=1, facultyName='Changed faculty name'}}}, Lesson{id=9, date=2021-01-20, startTime=14:50, endTime=16:30, classroom=Classroom{id=7, roomName='B-2', roomType='Class', roomCapacity=30, building=Building{id=2, buildingName='E'}}, course=Course{id=6, courseName='Biology'}, teacher=Teacher{id=7, firstName='Charlie', lastName='Byrne', faculty=Faculty{id=1, facultyName='Changed faculty name'}}}, Lesson{id=10, date=2021-01-20, startTime=16:40, endTime=18:20, classroom=Classroom{id=10, roomName='B-5', roomType='Laboratory', roomCapacity=10, building=Building{id=2, buildingName='E'}}, course=Course{id=6, courseName='Biology'}, teacher=Teacher{id=7, firstName='Charlie', lastName='Byrne', faculty=Faculty{id=1, facultyName='Changed faculty name'}}}, Lesson{id=11, date=2021-01-20, startTime=09:20, endTime=11:00, classroom=Classroom{id=14, roomName='C-4', roomType='Lecture', roomCapacity=50, building=Building{id=3, buildingName='C'}}, course=Course{id=10, courseName='Geometry'}, teacher=Teacher{id=12, firstName='Mia', lastName='Brown', faculty=Faculty{id=2, facultyName='Changed faculty name'}}}, Lesson{id=12, date=2021-01-20, startTime=11:10, endTime=12:50, classroom=Classroom{id=14, roomName='C-4', roomType='Lecture', roomCapacity=50, building=Building{id=3, buildingName='C'}}, course=Course{id=10, courseName='Geometry'}, teacher=Teacher{id=12, firstName='Mia', lastName='Brown', faculty=Faculty{id=2, facultyName='Changed faculty name'}}}, Lesson{id=13, date=2021-01-20, startTime=13:00, endTime=14:40, classroom=Classroom{id=11, roomName='C-1', roomType='Class', roomCapacity=30, building=Building{id=3, buildingName='C'}}, course=Course{id=10, courseName='Geometry'}, teacher=Teacher{id=12, firstName='Mia', lastName='Brown', faculty=Faculty{id=2, facultyName='Changed faculty name'}}}, Lesson{id=14, date=2021-01-20, startTime=14:50, endTime=16:30, classroom=Classroom{id=13, roomName='C-3', roomType='Class', roomCapacity=30, building=Building{id=3, buildingName='C'}}, course=Course{id=10, courseName='Geometry'}, teacher=Teacher{id=12, firstName='Mia', lastName='Brown', faculty=Faculty{id=2, facultyName='Changed faculty name'}}}, Lesson{id=15, date=2021-01-20, startTime=16:40, endTime=18:20, classroom=Classroom{id=15, roomName='C-5', roomType='Laboratory', roomCapacity=10, building=Building{id=3, buildingName='C'}}, course=Course{id=10, courseName='Geometry'}, teacher=Teacher{id=12, firstName='Mia', lastName='Brown', faculty=Faculty{id=2, facultyName='Changed faculty name'}}}, Lesson{id=16, date=2021-01-21, startTime=09:20, endTime=11:00, classroom=Classroom{id=4, roomName='A-4', roomType='Lecture', roomCapacity=50, building=Building{id=1, buildingName='Changed name'}}, course=Course{id=4, courseName='Political science'}, teacher=Teacher{id=4, firstName='Olivia', lastName='Blake', faculty=Faculty{id=3, facultyName='Faculty of Arts'}}}, Lesson{id=17, date=2021-01-21, startTime=11:10, endTime=12:50, classroom=Classroom{id=1, roomName='A-1', roomType='Class', roomCapacity=30, building=Building{id=1, buildingName='Changed name'}}, course=Course{id=4, courseName='Political science'}, teacher=Teacher{id=4, firstName='Olivia', lastName='Blake', faculty=Faculty{id=3, facultyName='Faculty of Arts'}}}, Lesson{id=18, date=2021-01-21, startTime=13:00, endTime=14:40, classroom=Classroom{id=2, roomName='A-2', roomType='Class', roomCapacity=30, building=Building{id=1, buildingName='Changed name'}}, course=Course{id=5, courseName='Culture'}, teacher=Teacher{id=5, firstName='Scarlett', lastName='Nimoy', faculty=Faculty{id=3, facultyName='Faculty of Arts'}}}, Lesson{id=19, date=2021-01-21, startTime=14:50, endTime=16:30, classroom=Classroom{id=3, roomName='B-10', roomType='Laboratory', roomCapacity=10, building=Building{id=2, buildingName='E'}}, course=Course{id=5, courseName='Culture'}, teacher=Teacher{id=5, firstName='Scarlett', lastName='Nimoy', faculty=Faculty{id=3, facultyName='Faculty of Arts'}}}, Lesson{id=20, date=2021-01-21, startTime=16:40, endTime=18:20, classroom=Classroom{id=4, roomName='A-4', roomType='Lecture', roomCapacity=50, building=Building{id=1, buildingName='Changed name'}}, course=Course{id=1, courseName='History'}, teacher=Teacher{id=1, firstName='Albert', lastName='Johnson', faculty=Faculty{id=3, facultyName='Faculty of Arts'}}}, Lesson{id=21, date=2021-01-21, startTime=09:20, endTime=11:00, classroom=Classroom{id=9, roomName='New name', roomType='Lecture', roomCapacity=50, building=Building{id=2, buildingName='E'}}, course=Course{id=7, courseName='Chemistry'}, teacher=Teacher{id=8, firstName='Samuel', lastName='Travis', faculty=Faculty{id=1, facultyName='Changed faculty name'}}}, Lesson{id=22, date=2021-01-21, startTime=11:10, endTime=12:50, classroom=Classroom{id=9, roomName='New name', roomType='Lecture', roomCapacity=50, building=Building{id=2, buildingName='E'}}, course=Course{id=7, courseName='Chemistry'}, teacher=Teacher{id=8, firstName='Samuel', lastName='Travis', faculty=Faculty{id=1, facultyName='Changed faculty name'}}}, Lesson{id=23, date=2021-01-21, startTime=13:00, endTime=14:40, classroom=Classroom{id=6, roomName='B-1', roomType='Class', roomCapacity=30, building=Building{id=2, buildingName='E'}}, course=Course{id=7, courseName='Chemistry'}, teacher=Teacher{id=9, firstName='Albert', lastName='Hill', faculty=Faculty{id=1, facultyName='Changed faculty name'}}}, Lesson{id=24, date=2021-01-21, startTime=14:50, endTime=16:30, classroom=Classroom{id=7, roomName='B-2', roomType='Class', roomCapacity=30, building=Building{id=2, buildingName='E'}}, course=Course{id=7, courseName='Chemistry'}, teacher=Teacher{id=9, firstName='Albert', lastName='Hill', faculty=Faculty{id=1, facultyName='Changed faculty name'}}}, Lesson{id=25, date=2021-01-21, startTime=16:40, endTime=18:20, classroom=Classroom{id=10, roomName='B-5', roomType='Laboratory', roomCapacity=10, building=Building{id=2, buildingName='E'}}, course=Course{id=7, courseName='Chemistry'}, teacher=Teacher{id=9, firstName='Albert', lastName='Hill', faculty=Faculty{id=1, facultyName='Changed faculty name'}}}, Lesson{id=26, date=2021-01-21, startTime=09:20, endTime=11:00, classroom=Classroom{id=14, roomName='C-4', roomType='Lecture', roomCapacity=50, building=Building{id=3, buildingName='C'}}, course=Course{id=8, courseName='Mathematics'}, teacher=Teacher{id=10, firstName='Joshua', lastName='Eve', faculty=Faculty{id=2, facultyName='Changed faculty name'}}}, Lesson{id=27, date=2021-01-21, startTime=11:10, endTime=12:50, classroom=Classroom{id=14, roomName='C-4', roomType='Lecture', roomCapacity=50, building=Building{id=3, buildingName='C'}}, course=Course{id=8, courseName='Mathematics'}, teacher=Teacher{id=10, firstName='Joshua', lastName='Eve', faculty=Faculty{id=2, facultyName='Changed faculty name'}}}, Lesson{id=28, date=2021-01-21, startTime=13:00, endTime=14:40, classroom=Classroom{id=12, roomName='C-2', roomType='Class', roomCapacity=30, building=Building{id=3, buildingName='C'}}, course=Course{id=9, courseName='Physics'}, teacher=Teacher{id=11, firstName='Sophia', lastName='Roos', faculty=Faculty{id=2, facultyName='Changed faculty name'}}}, Lesson{id=29, date=2021-01-21, startTime=14:50, endTime=16:30, classroom=Classroom{id=12, roomName='C-2', roomType='Class', roomCapacity=30, building=Building{id=3, buildingName='C'}}, course=Course{id=10, courseName='Geometry'}, teacher=Teacher{id=12, firstName='Mia', lastName='Brown', faculty=Faculty{id=2, facultyName='Changed faculty name'}}}, Lesson{id=30, date=2021-01-21, startTime=16:40, endTime=18:20, classroom=Classroom{id=15, roomName='C-5', roomType='Laboratory', roomCapacity=10, building=Building{id=3, buildingName='C'}}, course=Course{id=8, courseName='Mathematics'}, teacher=Teacher{id=10, firstName='Joshua', lastName='Eve', faculty=Faculty{id=2, facultyName='Changed faculty name'}}}, Lesson{id=31, date=2021-01-22, startTime=09:20, endTime=11:00, classroom=Classroom{id=4, roomName='A-4', roomType='Lecture', roomCapacity=50, building=Building{id=1, buildingName='Changed name'}}, course=Course{id=5, courseName='Culture'}, teacher=Teacher{id=5, firstName='Scarlett', lastName='Nimoy', faculty=Faculty{id=3, facultyName='Faculty of Arts'}}}, Lesson{id=32, date=2021-01-22, startTime=11:10, endTime=12:50, classroom=Classroom{id=1, roomName='A-1', roomType='Class', roomCapacity=30, building=Building{id=1, buildingName='Changed name'}}, course=Course{id=5, courseName='Culture'}, teacher=Teacher{id=5, firstName='Scarlett', lastName='Nimoy', faculty=Faculty{id=3, facultyName='Faculty of Arts'}}}, Lesson{id=33, date=2021-01-22, startTime=13:00, endTime=14:40, classroom=Classroom{id=2, roomName='A-2', roomType='Class', roomCapacity=30, building=Building{id=1, buildingName='Changed name'}}, course=Course{id=1, courseName='History'}, teacher=Teacher{id=1, firstName='Albert', lastName='Johnson', faculty=Faculty{id=3, facultyName='Faculty of Arts'}}}, Lesson{id=34, date=2021-01-22, startTime=14:50, endTime=16:30, classroom=Classroom{id=3, roomName='B-10', roomType='Laboratory', roomCapacity=10, building=Building{id=2, buildingName='E'}}, course=Course{id=1, courseName='History'}, teacher=Teacher{id=1, firstName='Albert', lastName='Johnson', faculty=Faculty{id=3, facultyName='Faculty of Arts'}}}, Lesson{id=35, date=2021-01-22, startTime=16:40, endTime=18:20, classroom=Classroom{id=4, roomName='A-4', roomType='Lecture', roomCapacity=50, building=Building{id=1, buildingName='Changed name'}}, course=Course{id=2, courseName='Philosophy'}, teacher=Teacher{id=2, firstName='Stanley', lastName='Gruber', faculty=Faculty{id=3, facultyName='Faculty of Arts'}}}, Lesson{id=36, date=2021-01-22, startTime=09:20, endTime=11:00, classroom=Classroom{id=9, roomName='New name', roomType='Lecture', roomCapacity=50, building=Building{id=2, buildingName='E'}}, course=Course{id=6, courseName='Biology'}, teacher=Teacher{id=6, firstName='Ellie', lastName='Purh', faculty=Faculty{id=1, facultyName='Changed faculty name'}}}, Lesson{id=37, date=2021-01-22, startTime=11:10, endTime=12:50, classroom=Classroom{id=9, roomName='New name', roomType='Lecture', roomCapacity=50, building=Building{id=2, buildingName='E'}}, course=Course{id=6, courseName='Biology'}, teacher=Teacher{id=6, firstName='Ellie', lastName='Purh', faculty=Faculty{id=1, facultyName='Changed faculty name'}}}, Lesson{id=38, date=2021-01-22, startTime=13:00, endTime=14:40, classroom=Classroom{id=6, roomName='B-1', roomType='Class', roomCapacity=30, building=Building{id=2, buildingName='E'}}, course=Course{id=6, courseName='Biology'}, teacher=Teacher{id=7, firstName='Charlie', lastName='Byrne', faculty=Faculty{id=1, facultyName='Changed faculty name'}}}, Lesson{id=39, date=2021-01-22, startTime=14:50, endTime=16:30, classroom=Classroom{id=7, roomName='B-2', roomType='Class', roomCapacity=30, building=Building{id=2, buildingName='E'}}, course=Course{id=6, courseName='Biology'}, teacher=Teacher{id=7, firstName='Charlie', lastName='Byrne', faculty=Faculty{id=1, facultyName='Changed faculty name'}}}, Lesson{id=40, date=2021-01-22, startTime=16:40, endTime=18:20, classroom=Classroom{id=10, roomName='B-5', roomType='Laboratory', roomCapacity=10, building=Building{id=2, buildingName='E'}}, course=Course{id=6, courseName='Biology'}, teacher=Teacher{id=7, firstName='Charlie', lastName='Byrne', faculty=Faculty{id=1, facultyName='Changed faculty name'}}}, Lesson{id=41, date=2021-01-22, startTime=09:20, endTime=11:00, classroom=Classroom{id=14, roomName='C-4', roomType='Lecture', roomCapacity=50, building=Building{id=3, buildingName='C'}}, course=Course{id=9, courseName='Physics'}, teacher=Teacher{id=11, firstName='Sophia', lastName='Roos', faculty=Faculty{id=2, facultyName='Changed faculty name'}}}, Lesson{id=42, date=2021-01-22, startTime=11:10, endTime=12:50, classroom=Classroom{id=14, roomName='C-4', roomType='Lecture', roomCapacity=50, building=Building{id=3, buildingName='C'}}, course=Course{id=10, courseName='Geometry'}, teacher=Teacher{id=12, firstName='Mia', lastName='Brown', faculty=Faculty{id=2, facultyName='Changed faculty name'}}}, Lesson{id=43, date=2021-01-22, startTime=13:00, endTime=14:40, classroom=Classroom{id=13, roomName='C-3', roomType='Class', roomCapacity=30, building=Building{id=3, buildingName='C'}}, course=Course{id=8, courseName='Mathematics'}, teacher=Teacher{id=10, firstName='Joshua', lastName='Eve', faculty=Faculty{id=2, facultyName='Changed faculty name'}}}, Lesson{id=44, date=2021-01-22, startTime=14:50, endTime=16:30, classroom=Classroom{id=15, roomName='C-5', roomType='Laboratory', roomCapacity=10, building=Building{id=3, buildingName='C'}}, course=Course{id=9, courseName='Physics'}, teacher=Teacher{id=11, firstName='Sophia', lastName='Roos', faculty=Faculty{id=2, facultyName='Changed faculty name'}}}, Lesson{id=45, date=2021-01-22, startTime=16:40, endTime=18:20, classroom=Classroom{id=15, roomName='C-5', roomType='Laboratory', roomCapacity=10, building=Building{id=3, buildingName='C'}}, course=Course{id=10, courseName='Geometry'}, teacher=Teacher{id=12, firstName='Mia', lastName='Brown', faculty=Faculty{id=2, facultyName='Changed faculty name'}}}, Lesson{id=46, date=2021-01-25, startTime=09:20, endTime=11:00, classroom=Classroom{id=4, roomName='A-4', roomType='Lecture', roomCapacity=50, building=Building{id=1, buildingName='Changed name'}}, course=Course{id=1, courseName='History'}, teacher=Teacher{id=1, firstName='Albert', lastName='Johnson', faculty=Faculty{id=3, facultyName='Faculty of Arts'}}}, Lesson{id=47, date=2021-01-25, startTime=11:10, endTime=12:50, classroom=Classroom{id=1, roomName='A-1', roomType='Class', roomCapacity=30, building=Building{id=1, buildingName='Changed name'}}, course=Course{id=1, courseName='History'}, teacher=Teacher{id=1, firstName='Albert', lastName='Johnson', faculty=Faculty{id=3, facultyName='Faculty of Arts'}}}, Lesson{id=48, date=2021-01-25, startTime=13:00, endTime=14:40, classroom=Classroom{id=2, roomName='A-2', roomType='Class', roomCapacity=30, building=Building{id=1, buildingName='Changed name'}}, course=Course{id=2, courseName='Philosophy'}, teacher=Teacher{id=2, firstName='Stanley', lastName='Gruber', faculty=Faculty{id=3, facultyName='Faculty of Arts'}}}, Lesson{id=49, date=2021-01-25, startTime=14:50, endTime=16:30, classroom=Classroom{id=3, roomName='B-10', roomType='Laboratory', roomCapacity=10, building=Building{id=2, buildingName='E'}}, course=Course{id=2, courseName='Philosophy'}, teacher=Teacher{id=2, firstName='Stanley', lastName='Gruber', faculty=Faculty{id=3, facultyName='Faculty of Arts'}}}, Lesson{id=50, date=2021-01-25, startTime=16:40, endTime=18:20, classroom=Classroom{id=4, roomName='A-4', roomType='Lecture', roomCapacity=50, building=Building{id=1, buildingName='Changed name'}}, course=Course{id=3, courseName='Another course's name'}, teacher=Teacher{id=3, firstName='Freya', lastName='Shepp', faculty=Faculty{id=3, facultyName='Faculty of Arts'}}}, Lesson{id=51, date=2021-01-25, startTime=09:20, endTime=11:00, classroom=Classroom{id=9, roomName='New name', roomType='Lecture', roomCapacity=50, building=Building{id=2, buildingName='E'}}, course=Course{id=6, courseName='Biology'}, teacher=Teacher{id=6, firstName='Ellie', lastName='Purh', faculty=Faculty{id=1, facultyName='Changed faculty name'}}}, Lesson{id=52, date=2021-01-25, startTime=11:10, endTime=12:50, classroom=Classroom{id=9, roomName='New name', roomType='Lecture', roomCapacity=50, building=Building{id=2, buildingName='E'}}, course=Course{id=6, courseName='Biology'}, teacher=Teacher{id=6, firstName='Ellie', lastName='Purh', faculty=Faculty{id=1, facultyName='Changed faculty name'}}}, Lesson{id=53, date=2021-01-25, startTime=13:00, endTime=14:40, classroom=Classroom{id=6, roomName='B-1', roomType='Class', roomCapacity=30, building=Building{id=2, buildingName='E'}}, course=Course{id=6, courseName='Biology'}, teacher=Teacher{id=7, firstName='Charlie', lastName='Byrne', faculty=Faculty{id=1, facultyName='Changed faculty name'}}}, Lesson{id=54, date=2021-01-25, startTime=14:50, endTime=16:30, classroom=Classroom{id=7, roomName='B-2', roomType='Class', roomCapacity=30, building=Building{id=2, buildingName='E'}}, course=Course{id=6, courseName='Biology'}, teacher=Teacher{id=7, firstName='Charlie', lastName='Byrne', faculty=Faculty{id=1, facultyName='Changed faculty name'}}}, Lesson{id=55, date=2021-01-25, startTime=16:40, endTime=18:20, classroom=Classroom{id=10, roomName='B-5', roomType='Laboratory', roomCapacity=10, building=Building{id=2, buildingName='E'}}, course=Course{id=6, courseName='Biology'}, teacher=Teacher{id=7, firstName='Charlie', lastName='Byrne', faculty=Faculty{id=1, facultyName='Changed faculty name'}}}, Lesson{id=56, date=2021-01-25, startTime=09:20, endTime=11:00, classroom=Classroom{id=14, roomName='C-4', roomType='Lecture', roomCapacity=50, building=Building{id=3, buildingName='C'}}, course=Course{id=8, courseName='Mathematics'}, teacher=Teacher{id=10, firstName='Joshua', lastName='Eve', faculty=Faculty{id=2, facultyName='Changed faculty name'}}}, Lesson{id=57, date=2021-01-25, startTime=11:10, endTime=12:50, classroom=Classroom{id=14, roomName='C-4', roomType='Lecture', roomCapacity=50, building=Building{id=3, buildingName='C'}}, course=Course{id=8, courseName='Mathematics'}, teacher=Teacher{id=10, firstName='Joshua', lastName='Eve', faculty=Faculty{id=2, facultyName='Changed faculty name'}}}, Lesson{id=58, date=2021-01-25, startTime=13:00, endTime=14:40, classroom=Classroom{id=11, roomName='C-1', roomType='Class', roomCapacity=30, building=Building{id=3, buildingName='C'}}, course=Course{id=8, courseName='Mathematics'}, teacher=Teacher{id=10, firstName='Joshua', lastName='Eve', faculty=Faculty{id=2, facultyName='Changed faculty name'}}}, Lesson{id=59, date=2021-01-25, startTime=14:50, endTime=16:30, classroom=Classroom{id=13, roomName='C-3', roomType='Class', roomCapacity=30, building=Building{id=3, buildingName='C'}}, course=Course{id=8, courseName='Mathematics'}, teacher=Teacher{id=10, firstName='Joshua', lastName='Eve', faculty=Faculty{id=2, facultyName='Changed faculty name'}}}, Lesson{id=60, date=2021-01-25, startTime=16:40, endTime=18:20, classroom=Classroom{id=15, roomName='C-5', roomType='Laboratory', roomCapacity=10, building=Building{id=3, buildingName='C'}}, course=Course{id=8, courseName='Mathematics'}, teacher=Teacher{id=10, firstName='Joshua', lastName='Eve', faculty=Faculty{id=2, facultyName='Changed faculty name'}}}, Lesson{id=61, date=2021-01-26, startTime=09:20, endTime=11:00, classroom=Classroom{id=4, roomName='A-4', roomType='Lecture', roomCapacity=50, building=Building{id=1, buildingName='Changed name'}}, course=Course{id=2, courseName='Philosophy'}, teacher=Teacher{id=2, firstName='Stanley', lastName='Gruber', faculty=Faculty{id=3, facultyName='Faculty of Arts'}}}, Lesson{id=62, date=2021-01-26, startTime=11:10, endTime=12:50, classroom=Classroom{id=1, roomName='A-1', roomType='Class', roomCapacity=30, building=Building{id=1, buildingName='Changed name'}}, course=Course{id=2, courseName='Philosophy'}, teacher=Teacher{id=2, firstName='Stanley', lastName='Gruber', faculty=Faculty{id=3, facultyName='Faculty of Arts'}}}, Lesson{id=63, date=2021-01-26, startTime=13:00, endTime=14:40, classroom=Classroom{id=2, roomName='A-2', roomType='Class', roomCapacity=30, building=Building{id=1, buildingName='Changed name'}}, course=Course{id=3, courseName='Another course's name'}, teacher=Teacher{id=3, firstName='Freya', lastName='Shepp', faculty=Faculty{id=3, facultyName='Faculty of Arts'}}}, Lesson{id=64, date=2021-01-26, startTime=14:50, endTime=16:30, classroom=Classroom{id=3, roomName='B-10', roomType='Laboratory', roomCapacity=10, building=Building{id=2, buildingName='E'}}, course=Course{id=3, courseName='Another course's name'}, teacher=Teacher{id=3, firstName='Freya', lastName='Shepp', faculty=Faculty{id=3, facultyName='Faculty of Arts'}}}, Lesson{id=65, date=2021-01-26, startTime=16:40, endTime=18:20, classroom=Classroom{id=4, roomName='A-4', roomType='Lecture', roomCapacity=50, building=Building{id=1, buildingName='Changed name'}}, course=Course{id=4, courseName='Political science'}, teacher=Teacher{id=4, firstName='Olivia', lastName='Blake', faculty=Faculty{id=3, facultyName='Faculty of Arts'}}}, Lesson{id=66, date=2021-01-26, startTime=09:20, endTime=11:00, classroom=Classroom{id=9, roomName='New name', roomType='Lecture', roomCapacity=50, building=Building{id=2, buildingName='E'}}, course=Course{id=7, courseName='Chemistry'}, teacher=Teacher{id=8, firstName='Samuel', lastName='Travis', faculty=Faculty{id=1, facultyName='Changed faculty name'}}}, Lesson{id=67, date=2021-01-26, startTime=11:10, endTime=12:50, classroom=Classroom{id=9, roomName='New name', roomType='Lecture', roomCapacity=50, building=Building{id=2, buildingName='E'}}, course=Course{id=7, courseName='Chemistry'}, teacher=Teacher{id=8, firstName='Samuel', lastName='Travis', faculty=Faculty{id=1, facultyName='Changed faculty name'}}}, Lesson{id=68, date=2021-01-26, startTime=13:00, endTime=14:40, classroom=Classroom{id=6, roomName='B-1', roomType='Class', roomCapacity=30, building=Building{id=2, buildingName='E'}}, course=Course{id=7, courseName='Chemistry'}, teacher=Teacher{id=9, firstName='Albert', lastName='Hill', faculty=Faculty{id=1, facultyName='Changed faculty name'}}}, Lesson{id=69, date=2021-01-26, startTime=14:50, endTime=16:30, classroom=Classroom{id=7, roomName='B-2', roomType='Class', roomCapacity=30, building=Building{id=2, buildingName='E'}}, course=Course{id=7, courseName='Chemistry'}, teacher=Teacher{id=9, firstName='Albert', lastName='Hill', faculty=Faculty{id=1, facultyName='Changed faculty name'}}}, Lesson{id=70, date=2021-01-26, startTime=16:40, endTime=18:20, classroom=Classroom{id=10, roomName='B-5', roomType='Laboratory', roomCapacity=10, building=Building{id=2, buildingName='E'}}, course=Course{id=7, courseName='Chemistry'}, teacher=Teacher{id=9, firstName='Albert', lastName='Hill', faculty=Faculty{id=1, facultyName='Changed faculty name'}}}, Lesson{id=71, date=2021-01-26, startTime=09:20, endTime=11:00, classroom=Classroom{id=14, roomName='C-4', roomType='Lecture', roomCapacity=50, building=Building{id=3, buildingName='C'}}, course=Course{id=9, courseName='Physics'}, teacher=Teacher{id=11, firstName='Sophia', lastName='Roos', faculty=Faculty{id=2, facultyName='Changed faculty name'}}}, Lesson{id=72, date=2021-01-26, startTime=11:10, endTime=12:50, classroom=Classroom{id=14, roomName='C-4', roomType='Lecture', roomCapacity=50, building=Building{id=3, buildingName='C'}}, course=Course{id=9, courseName='Physics'}, teacher=Teacher{id=11, firstName='Sophia', lastName='Roos', faculty=Faculty{id=2, facultyName='Changed faculty name'}}}, Lesson{id=73, date=2021-01-26, startTime=13:00, endTime=14:40, classroom=Classroom{id=11, roomName='C-1', roomType='Class', roomCapacity=30, building=Building{id=3, buildingName='C'}}, course=Course{id=9, courseName='Physics'}, teacher=Teacher{id=11, firstName='Sophia', lastName='Roos', faculty=Faculty{id=2, facultyName='Changed faculty name'}}}, Lesson{id=74, date=2021-01-26, startTime=14:50, endTime=16:30, classroom=Classroom{id=13, roomName='C-3', roomType='Class', roomCapacity=30, building=Building{id=3, buildingName='C'}}, course=Course{id=9, courseName='Physics'}, teacher=Teacher{id=11, firstName='Sophia', lastName='Roos', faculty=Faculty{id=2, facultyName='Changed faculty name'}}}, Lesson{id=75, date=2021-01-26, startTime=16:40, endTime=18:20, classroom=Classroom{id=15, roomName='C-5', roomType='Laboratory', roomCapacity=10, building=Building{id=3, buildingName='C'}}, course=Course{id=9, courseName='Physics'}, teacher=Teacher{id=11, firstName='Sophia', lastName='Roos', faculty=Faculty{id=2, facultyName='Changed faculty name'}}}, Lesson{id=76, date=2021-01-27, startTime=09:20, endTime=11:00, classroom=Classroom{id=4, roomName='A-4', roomType='Lecture', roomCapacity=50, building=Building{id=1, buildingName='Changed name'}}, course=Course{id=3, courseName='Another course's name'}, teacher=Teacher{id=3, firstName='Freya', lastName='Shepp', faculty=Faculty{id=3, facultyName='Faculty of Arts'}}}, Lesson{id=77, date=2021-01-27, startTime=11:10, endTime=12:50, classroom=Classroom{id=1, roomName='A-1', roomType='Class', roomCapacity=30, building=Building{id=1, buildingName='Changed name'}}, course=Course{id=3, courseName='Another course's name'}, teacher=Teacher{id=3, firstName='Freya', lastName='Shepp', faculty=Faculty{id=3, facultyName='Faculty of Arts'}}}, Lesson{id=78, date=2021-01-27, startTime=13:00, endTime=14:40, classroom=Classroom{id=2, roomName='A-2', roomType='Class', roomCapacity=30, building=Building{id=1, buildingName='Changed name'}}, course=Course{id=4, courseName='Political science'}, teacher=Teacher{id=4, firstName='Olivia', lastName='Blake', faculty=Faculty{id=3, facultyName='Faculty of Arts'}}}, Lesson{id=79, date=2021-01-27, startTime=14:50, endTime=16:30, classroom=Classroom{id=3, roomName='B-10', roomType='Laboratory', roomCapacity=10, building=Building{id=2, buildingName='E'}}, course=Course{id=4, courseName='Political science'}, teacher=Teacher{id=4, firstName='Olivia', lastName='Blake', faculty=Faculty{id=3, facultyName='Faculty of Arts'}}}, Lesson{id=80, date=2021-01-27, startTime=16:40, endTime=18:20, classroom=Classroom{id=4, roomName='A-4', roomType='Lecture', roomCapacity=50, building=Building{id=1, buildingName='Changed name'}}, course=Course{id=5, courseName='Culture'}, teacher=Teacher{id=5, firstName='Scarlett', lastName='Nimoy', faculty=Faculty{id=3, facultyName='Faculty of Arts'}}}, Lesson{id=81, date=2021-01-27, startTime=09:20, endTime=11:00, classroom=Classroom{id=9, roomName='New name', roomType='Lecture', roomCapacity=50, building=Building{id=2, buildingName='E'}}, course=Course{id=6, courseName='Biology'}, teacher=Teacher{id=6, firstName='Ellie', lastName='Purh', faculty=Faculty{id=1, facultyName='Changed faculty name'}}}, Lesson{id=82, date=2021-01-27, startTime=11:10, endTime=12:50, classroom=Classroom{id=9, roomName='New name', roomType='Lecture', roomCapacity=50, building=Building{id=2, buildingName='E'}}, course=Course{id=6, courseName='Biology'}, teacher=Teacher{id=6, firstName='Ellie', lastName='Purh', faculty=Faculty{id=1, facultyName='Changed faculty name'}}}, Lesson{id=83, date=2021-01-27, startTime=13:00, endTime=14:40, classroom=Classroom{id=6, roomName='B-1', roomType='Class', roomCapacity=30, building=Building{id=2, buildingName='E'}}, course=Course{id=6, courseName='Biology'}, teacher=Teacher{id=7, firstName='Charlie', lastName='Byrne', faculty=Faculty{id=1, facultyName='Changed faculty name'}}}, Lesson{id=84, date=2021-01-27, startTime=14:50, endTime=16:30, classroom=Classroom{id=7, roomName='B-2', roomType='Class', roomCapacity=30, building=Building{id=2, buildingName='E'}}, course=Course{id=6, courseName='Biology'}, teacher=Teacher{id=7, firstName='Charlie', lastName='Byrne', faculty=Faculty{id=1, facultyName='Changed faculty name'}}}, Lesson{id=85, date=2021-01-27, startTime=16:40, endTime=18:20, classroom=Classroom{id=10, roomName='B-5', roomType='Laboratory', roomCapacity=10, building=Building{id=2, buildingName='E'}}, course=Course{id=6, courseName='Biology'}, teacher=Teacher{id=7, firstName='Charlie', lastName='Byrne', faculty=Faculty{id=1, facultyName='Changed faculty name'}}}, Lesson{id=86, date=2021-01-27, startTime=09:20, endTime=11:00, classroom=Classroom{id=14, roomName='C-4', roomType='Lecture', roomCapacity=50, building=Building{id=3, buildingName='C'}}, course=Course{id=10, courseName='Geometry'}, teacher=Teacher{id=12, firstName='Mia', lastName='Brown', faculty=Faculty{id=2, facultyName='Changed faculty name'}}}, Lesson{id=87, date=2021-01-27, startTime=11:10, endTime=12:50, classroom=Classroom{id=14, roomName='C-4', roomType='Lecture', roomCapacity=50, building=Building{id=3, buildingName='C'}}, course=Course{id=10, courseName='Geometry'}, teacher=Teacher{id=12, firstName='Mia', lastName='Brown', faculty=Faculty{id=2, facultyName='Changed faculty name'}}}, Lesson{id=88, date=2021-01-27, startTime=13:00, endTime=14:40, classroom=Classroom{id=11, roomName='C-1', roomType='Class', roomCapacity=30, building=Building{id=3, buildingName='C'}}, course=Course{id=10, courseName='Geometry'}, teacher=Teacher{id=12, firstName='Mia', lastName='Brown', faculty=Faculty{id=2, facultyName='Changed faculty name'}}}, Lesson{id=89, date=2021-01-27, startTime=14:50, endTime=16:30, classroom=Classroom{id=13, roomName='C-3', roomType='Class', roomCapacity=30, building=Building{id=3, buildingName='C'}}, course=Course{id=10, courseName='Geometry'}, teacher=Teacher{id=12, firstName='Mia', lastName='Brown', faculty=Faculty{id=2, facultyName='Changed faculty name'}}}, Lesson{id=90, date=2021-01-27, startTime=16:40, endTime=18:20, classroom=Classroom{id=15, roomName='C-5', roomType='Laboratory', roomCapacity=10, building=Building{id=3, buildingName='C'}}, course=Course{id=10, courseName='Geometry'}, teacher=Teacher{id=12, firstName='Mia', lastName='Brown', faculty=Faculty{id=2, facultyName='Changed faculty name'}}}, Lesson{id=91, date=2021-01-28, startTime=09:20, endTime=11:00, classroom=Classroom{id=4, roomName='A-4', roomType='Lecture', roomCapacity=50, building=Building{id=1, buildingName='Changed name'}}, course=Course{id=4, courseName='Political science'}, teacher=Teacher{id=4, firstName='Olivia', lastName='Blake', faculty=Faculty{id=3, facultyName='Faculty of Arts'}}}, Lesson{id=92, date=2021-01-28, startTime=11:10, endTime=12:50, classroom=Classroom{id=1, roomName='A-1', roomType='Class', roomCapacity=30, building=Building{id=1, buildingName='Changed name'}}, course=Course{id=4, courseName='Political science'}, teacher=Teacher{id=4, firstName='Olivia', lastName='Blake', faculty=Faculty{id=3, facultyName='Faculty of Arts'}}}, Lesson{id=93, date=2021-01-28, startTime=13:00, endTime=14:40, classroom=Classroom{id=2, roomName='A-2', roomType='Class', roomCapacity=30, building=Building{id=1, buildingName='Changed name'}}, course=Course{id=5, courseName='Culture'}, teacher=Teacher{id=5, firstName='Scarlett', lastName='Nimoy', faculty=Faculty{id=3, facultyName='Faculty of Arts'}}}, Lesson{id=94, date=2021-01-28, startTime=14:50, endTime=16:30, classroom=Classroom{id=3, roomName='B-10', roomType='Laboratory', roomCapacity=10, building=Building{id=2, buildingName='E'}}, course=Course{id=5, courseName='Culture'}, teacher=Teacher{id=5, firstName='Scarlett', lastName='Nimoy', faculty=Faculty{id=3, facultyName='Faculty of Arts'}}}, Lesson{id=95, date=2021-01-28, startTime=16:40, endTime=18:20, classroom=Classroom{id=4, roomName='A-4', roomType='Lecture', roomCapacity=50, building=Building{id=1, buildingName='Changed name'}}, course=Course{id=1, courseName='History'}, teacher=Teacher{id=1, firstName='Albert', lastName='Johnson', faculty=Faculty{id=3, facultyName='Faculty of Arts'}}}, Lesson{id=96, date=2021-01-28, startTime=09:20, endTime=11:00, classroom=Classroom{id=9, roomName='New name', roomType='Lecture', roomCapacity=50, building=Building{id=2, buildingName='E'}}, course=Course{id=7, courseName='Chemistry'}, teacher=Teacher{id=8, firstName='Samuel', lastName='Travis', faculty=Faculty{id=1, facultyName='Changed faculty name'}}}, Lesson{id=97, date=2021-01-28, startTime=11:10, endTime=12:50, classroom=Classroom{id=9, roomName='New name', roomType='Lecture', roomCapacity=50, building=Building{id=2, buildingName='E'}}, course=Course{id=7, courseName='Chemistry'}, teacher=Teacher{id=8, firstName='Samuel', lastName='Travis', faculty=Faculty{id=1, facultyName='Changed faculty name'}}}, Lesson{id=98, date=2021-01-28, startTime=13:00, endTime=14:40, classroom=Classroom{id=6, roomName='B-1', roomType='Class', roomCapacity=30, building=Building{id=2, buildingName='E'}}, course=Course{id=7, courseName='Chemistry'}, teacher=Teacher{id=9, firstName='Albert', lastName='Hill', faculty=Faculty{id=1, facultyName='Changed faculty name'}}}, Lesson{id=99, date=2021-01-28, startTime=14:50, endTime=16:30, classroom=Classroom{id=7, roomName='B-2', roomType='Class', roomCapacity=30, building=Building{id=2, buildingName='E'}}, course=Course{id=7, courseName='Chemistry'}, teacher=Teacher{id=9, firstName='Albert', lastName='Hill', faculty=Faculty{id=1, facultyName='Changed faculty name'}}}, Lesson{id=100, date=2021-01-28, startTime=16:40, endTime=18:20, classroom=Classroom{id=10, roomName='B-5', roomType='Laboratory', roomCapacity=10, building=Building{id=2, buildingName='E'}}, course=Course{id=7, courseName='Chemistry'}, teacher=Teacher{id=9, firstName='Albert', lastName='Hill', faculty=Faculty{id=1, facultyName='Changed faculty name'}}}, Lesson{id=101, date=2021-01-28, startTime=09:20, endTime=11:00, classroom=Classroom{id=14, roomName='C-4', roomType='Lecture', roomCapacity=50, building=Building{id=3, buildingName='C'}}, course=Course{id=8, courseName='Mathematics'}, teacher=Teacher{id=10, firstName='Joshua', lastName='Eve', faculty=Faculty{id=2, facultyName='Changed faculty name'}}}, Lesson{id=102, date=2021-01-28, startTime=11:10, endTime=12:50, classroom=Classroom{id=14, roomName='C-4', roomType='Lecture', roomCapacity=50, building=Building{id=3, buildingName='C'}}, course=Course{id=8, courseName='Mathematics'}, teacher=Teacher{id=10, firstName='Joshua', lastName='Eve', faculty=Faculty{id=2, facultyName='Changed faculty name'}}}, Lesson{id=103, date=2021-01-28, startTime=13:00, endTime=14:40, classroom=Classroom{id=12, roomName='C-2', roomType='Class', roomCapacity=30, building=Building{id=3, buildingName='C'}}, course=Course{id=9, courseName='Physics'}, teacher=Teacher{id=11, firstName='Sophia', lastName='Roos', faculty=Faculty{id=2, facultyName='Changed faculty name'}}}, Lesson{id=104, date=2021-01-28, startTime=14:50, endTime=16:30, classroom=Classroom{id=12, roomName='C-2', roomType='Class', roomCapacity=30, building=Building{id=3, buildingName='C'}}, course=Course{id=10, courseName='Geometry'}, teacher=Teacher{id=12, firstName='Mia', lastName='Brown', faculty=Faculty{id=2, facultyName='Changed faculty name'}}}, Lesson{id=105, date=2021-01-28, startTime=16:40, endTime=18:20, classroom=Classroom{id=15, roomName='C-5', roomType='Laboratory', roomCapacity=10, building=Building{id=3, buildingName='C'}}, course=Course{id=8, courseName='Mathematics'}, teacher=Teacher{id=10, firstName='Joshua', lastName='Eve', faculty=Faculty{id=2, facultyName='Changed faculty name'}}}, Lesson{id=106, date=2021-01-29, startTime=09:20, endTime=11:00, classroom=Classroom{id=4, roomName='A-4', roomType='Lecture', roomCapacity=50, building=Building{id=1, buildingName='Changed name'}}, course=Course{id=5, courseName='Culture'}, teacher=Teacher{id=5, firstName='Scarlett', lastName='Nimoy', faculty=Faculty{id=3, facultyName='Faculty of Arts'}}}, Lesson{id=107, date=2021-01-29, startTime=11:10, endTime=12:50, classroom=Classroom{id=1, roomName='A-1', roomType='Class', roomCapacity=30, building=Building{id=1, buildingName='Changed name'}}, course=Course{id=5, courseName='Culture'}, teacher=Teacher{id=5, firstName='Scarlett', lastName='Nimoy', faculty=Faculty{id=3, facultyName='Faculty of Arts'}}}, Lesson{id=108, date=2021-01-29, startTime=13:00, endTime=14:40, classroom=Classroom{id=2, roomName='A-2', roomType='Class', roomCapacity=30, building=Building{id=1, buildingName='Changed name'}}, course=Course{id=1, courseName='History'}, teacher=Teacher{id=1, firstName='Albert', lastName='Johnson', faculty=Faculty{id=3, facultyName='Faculty of Arts'}}}, Lesson{id=109, date=2021-01-29, startTime=14:50, endTime=16:30, classroom=Classroom{id=3, roomName='B-10', roomType='Laboratory', roomCapacity=10, building=Building{id=2, buildingName='E'}}, course=Course{id=1, courseName='History'}, teacher=Teacher{id=1, firstName='Albert', lastName='Johnson', faculty=Faculty{id=3, facultyName='Faculty of Arts'}}}, Lesson{id=110, date=2021-01-29, startTime=16:40, endTime=18:20, classroom=Classroom{id=4, roomName='A-4', roomType='Lecture', roomCapacity=50, building=Building{id=1, buildingName='Changed name'}}, course=Course{id=2, courseName='Philosophy'}, teacher=Teacher{id=2, firstName='Stanley', lastName='Gruber', faculty=Faculty{id=3, facultyName='Faculty of Arts'}}}, Lesson{id=111, date=2021-01-29, startTime=09:20, endTime=11:00, classroom=Classroom{id=9, roomName='New name', roomType='Lecture', roomCapacity=50, building=Building{id=2, buildingName='E'}}, course=Course{id=6, courseName='Biology'}, teacher=Teacher{id=6, firstName='Ellie', lastName='Purh', faculty=Faculty{id=1, facultyName='Changed faculty name'}}}, Lesson{id=112, date=2021-01-29, startTime=11:10, endTime=12:50, classroom=Classroom{id=9, roomName='New name', roomType='Lecture', roomCapacity=50, building=Building{id=2, buildingName='E'}}, course=Course{id=6, courseName='Biology'}, teacher=Teacher{id=6, firstName='Ellie', lastName='Purh', faculty=Faculty{id=1, facultyName='Changed faculty name'}}}, Lesson{id=113, date=2021-01-29, startTime=13:00, endTime=14:40, classroom=Classroom{id=6, roomName='B-1', roomType='Class', roomCapacity=30, building=Building{id=2, buildingName='E'}}, course=Course{id=6, courseName='Biology'}, teacher=Teacher{id=7, firstName='Charlie', lastName='Byrne', faculty=Faculty{id=1, facultyName='Changed faculty name'}}}, Lesson{id=114, date=2021-01-29, startTime=14:50, endTime=16:30, classroom=Classroom{id=7, roomName='B-2', roomType='Class', roomCapacity=30, building=Building{id=2, buildingName='E'}}, course=Course{id=6, courseName='Biology'}, teacher=Teacher{id=7, firstName='Charlie', lastName='Byrne', faculty=Faculty{id=1, facultyName='Changed faculty name'}}}, Lesson{id=115, date=2021-01-29, startTime=16:40, endTime=18:20, classroom=Classroom{id=10, roomName='B-5', roomType='Laboratory', roomCapacity=10, building=Building{id=2, buildingName='E'}}, course=Course{id=6, courseName='Biology'}, teacher=Teacher{id=7, firstName='Charlie', lastName='Byrne', faculty=Faculty{id=1, facultyName='Changed faculty name'}}}, Lesson{id=116, date=2021-01-29, startTime=09:20, endTime=11:00, classroom=Classroom{id=14, roomName='C-4', roomType='Lecture', roomCapacity=50, building=Building{id=3, buildingName='C'}}, course=Course{id=9, courseName='Physics'}, teacher=Teacher{id=11, firstName='Sophia', lastName='Roos', faculty=Faculty{id=2, facultyName='Changed faculty name'}}}, Lesson{id=117, date=2021-01-29, startTime=11:10, endTime=12:50, classroom=Classroom{id=14, roomName='C-4', roomType='Lecture', roomCapacity=50, building=Building{id=3, buildingName='C'}}, course=Course{id=10, courseName='Geometry'}, teacher=Teacher{id=12, firstName='Mia', lastName='Brown', faculty=Faculty{id=2, facultyName='Changed faculty name'}}}, Lesson{id=118, date=2021-01-29, startTime=13:00, endTime=14:40, classroom=Classroom{id=13, roomName='C-3', roomType='Class', roomCapacity=30, building=Building{id=3, buildingName='C'}}, course=Course{id=8, courseName='Mathematics'}, teacher=Teacher{id=10, firstName='Joshua', lastName='Eve', faculty=Faculty{id=2, facultyName='Changed faculty name'}}}, Lesson{id=119, date=2021-01-29, startTime=14:50, endTime=16:30, classroom=Classroom{id=15, roomName='C-5', roomType='Laboratory', roomCapacity=10, building=Building{id=3, buildingName='C'}}, course=Course{id=9, courseName='Physics'}, teacher=Teacher{id=11, firstName='Sophia', lastName='Roos', faculty=Faculty{id=2, facultyName='Changed faculty name'}}}, Lesson{id=120, date=2021-01-29, startTime=16:40, endTime=18:20, classroom=Classroom{id=15, roomName='C-5', roomType='Laboratory', roomCapacity=10, building=Building{id=3, buildingName='C'}}, course=Course{id=10, courseName='Geometry'}, teacher=Teacher{id=12, firstName='Mia', lastName='Brown', faculty=Faculty{id=2, facultyName='Changed faculty name'}}}, Lesson{id=121, date=2021-02-01, startTime=09:20, endTime=11:00, classroom=Classroom{id=4, roomName='A-4', roomType='Lecture', roomCapacity=50, building=Building{id=1, buildingName='Changed name'}}, course=Course{id=1, courseName='History'}, teacher=Teacher{id=1, firstName='Albert', lastName='Johnson', faculty=Faculty{id=3, facultyName='Faculty of Arts'}}}, Lesson{id=122, date=2021-02-01, startTime=11:10, endTime=12:50, classroom=Classroom{id=1, roomName='A-1', roomType='Class', roomCapacity=30, building=Building{id=1, buildingName='Changed name'}}, course=Course{id=1, courseName='History'}, teacher=Teacher{id=1, firstName='Albert', lastName='Johnson', faculty=Faculty{id=3, facultyName='Faculty of Arts'}}}, Lesson{id=123, date=2021-02-01, startTime=13:00, endTime=14:40, classroom=Classroom{id=2, roomName='A-2', roomType='Class', roomCapacity=30, building=Building{id=1, buildingName='Changed name'}}, course=Course{id=2, courseName='Philosophy'}, teacher=Teacher{id=2, firstName='Stanley', lastName='Gruber', faculty=Faculty{id=3, facultyName='Faculty of Arts'}}}, Lesson{id=124, date=2021-02-01, startTime=14:50, endTime=16:30, classroom=Classroom{id=3, roomName='B-10', roomType='Laboratory', roomCapacity=10, building=Building{id=2, buildingName='E'}}, course=Course{id=2, courseName='Philosophy'}, teacher=Teacher{id=2, firstName='Stanley', lastName='Gruber', faculty=Faculty{id=3, facultyName='Faculty of Arts'}}}, Lesson{id=125, date=2021-02-01, startTime=16:40, endTime=18:20, classroom=Classroom{id=4, roomName='A-4', roomType='Lecture', roomCapacity=50, building=Building{id=1, buildingName='Changed name'}}, course=Course{id=3, courseName='Another course's name'}, teacher=Teacher{id=3, firstName='Freya', lastName='Shepp', faculty=Faculty{id=3, facultyName='Faculty of Arts'}}}, Lesson{id=126, date=2021-02-01, startTime=09:20, endTime=11:00, classroom=Classroom{id=9, roomName='New name', roomType='Lecture', roomCapacity=50, building=Building{id=2, buildingName='E'}}, course=Course{id=6, courseName='Biology'}, teacher=Teacher{id=6, firstName='Ellie', lastName='Purh', faculty=Faculty{id=1, facultyName='Changed faculty name'}}}, Lesson{id=127, date=2021-02-01, startTime=11:10, endTime=12:50, classroom=Classroom{id=9, roomName='New name', roomType='Lecture', roomCapacity=50, building=Building{id=2, buildingName='E'}}, course=Course{id=6, courseName='Biology'}, teacher=Teacher{id=6, firstName='Ellie', lastName='Purh', faculty=Faculty{id=1, facultyName='Changed faculty name'}}}, Lesson{id=128, date=2021-02-01, startTime=13:00, endTime=14:40, classroom=Classroom{id=6, roomName='B-1', roomType='Class', roomCapacity=30, building=Building{id=2, buildingName='E'}}, course=Course{id=6, courseName='Biology'}, teacher=Teacher{id=7, firstName='Charlie', lastName='Byrne', faculty=Faculty{id=1, facultyName='Changed faculty name'}}}, Lesson{id=129, date=2021-02-01, startTime=14:50, endTime=16:30, classroom=Classroom{id=7, roomName='B-2', roomType='Class', roomCapacity=30, building=Building{id=2, buildingName='E'}}, course=Course{id=6, courseName='Biology'}, teacher=Teacher{id=7, firstName='Charlie', lastName='Byrne', faculty=Faculty{id=1, facultyName='Changed faculty name'}}}, Lesson{id=130, date=2021-02-01, startTime=16:40, endTime=18:20, classroom=Classroom{id=10, roomName='B-5', roomType='Laboratory', roomCapacity=10, building=Building{id=2, buildingName='E'}}, course=Course{id=6, courseName='Biology'}, teacher=Teacher{id=7, firstName='Charlie', lastName='Byrne', faculty=Faculty{id=1, facultyName='Changed faculty name'}}}, Lesson{id=131, date=2021-02-01, startTime=09:20, endTime=11:00, classroom=Classroom{id=14, roomName='C-4', roomType='Lecture', roomCapacity=50, building=Building{id=3, buildingName='C'}}, course=Course{id=8, courseName='Mathematics'}, teacher=Teacher{id=10, firstName='Joshua', lastName='Eve', faculty=Faculty{id=2, facultyName='Changed faculty name'}}}, Lesson{id=132, date=2021-02-01, startTime=11:10, endTime=12:50, classroom=Classroom{id=14, roomName='C-4', roomType='Lecture', roomCapacity=50, building=Building{id=3, buildingName='C'}}, course=Course{id=8, courseName='Mathematics'}, teacher=Teacher{id=10, firstName='Joshua', lastName='Eve', faculty=Faculty{id=2, facultyName='Changed faculty name'}}}, Lesson{id=133, date=2021-02-01, startTime=13:00, endTime=14:40, classroom=Classroom{id=11, roomName='C-1', roomType='Class', roomCapacity=30, building=Building{id=3, buildingName='C'}}, course=Course{id=8, courseName='Mathematics'}, teacher=Teacher{id=10, firstName='Joshua', lastName='Eve', faculty=Faculty{id=2, facultyName='Changed faculty name'}}}, Lesson{id=134, date=2021-02-01, startTime=14:50, endTime=16:30, classroom=Classroom{id=13, roomName='C-3', roomType='Class', roomCapacity=30, building=Building{id=3, buildingName='C'}}, course=Course{id=8, courseName='Mathematics'}, teacher=Teacher{id=10, firstName='Joshua', lastName='Eve', faculty=Faculty{id=2, facultyName='Changed faculty name'}}}, Lesson{id=135, date=2021-02-01, startTime=16:40, endTime=18:20, classroom=Classroom{id=15, roomName='C-5', roomType='Laboratory', roomCapacity=10, building=Building{id=3, buildingName='C'}}, course=Course{id=8, courseName='Mathematics'}, teacher=Teacher{id=10, firstName='Joshua', lastName='Eve', faculty=Faculty{id=2, facultyName='Changed faculty name'}}}, Lesson{id=136, date=2021-02-02, startTime=09:20, endTime=11:00, classroom=Classroom{id=4, roomName='A-4', roomType='Lecture', roomCapacity=50, building=Building{id=1, buildingName='Changed name'}}, course=Course{id=2, courseName='Philosophy'}, teacher=Teacher{id=2, firstName='Stanley', lastName='Gruber', faculty=Faculty{id=3, facultyName='Faculty of Arts'}}}, Lesson{id=137, date=2021-02-02, startTime=11:10, endTime=12:50, classroom=Classroom{id=1, roomName='A-1', roomType='Class', roomCapacity=30, building=Building{id=1, buildingName='Changed name'}}, course=Course{id=2, courseName='Philosophy'}, teacher=Teacher{id=2, firstName='Stanley', lastName='Gruber', faculty=Faculty{id=3, facultyName='Faculty of Arts'}}}, Lesson{id=138, date=2021-02-02, startTime=13:00, endTime=14:40, classroom=Classroom{id=2, roomName='A-2', roomType='Class', roomCapacity=30, building=Building{id=1, buildingName='Changed name'}}, course=Course{id=3, courseName='Another course's name'}, teacher=Teacher{id=3, firstName='Freya', lastName='Shepp', faculty=Faculty{id=3, facultyName='Faculty of Arts'}}}, Lesson{id=139, date=2021-02-02, startTime=14:50, endTime=16:30, classroom=Classroom{id=3, roomName='B-10', roomType='Laboratory', roomCapacity=10, building=Building{id=2, buildingName='E'}}, course=Course{id=3, courseName='Another course's name'}, teacher=Teacher{id=3, firstName='Freya', lastName='Shepp', faculty=Faculty{id=3, facultyName='Faculty of Arts'}}}, Lesson{id=140, date=2021-02-02, startTime=16:40, endTime=18:20, classroom=Classroom{id=4, roomName='A-4', roomType='Lecture', roomCapacity=50, building=Building{id=1, buildingName='Changed name'}}, course=Course{id=4, courseName='Political science'}, teacher=Teacher{id=4, firstName='Olivia', lastName='Blake', faculty=Faculty{id=3, facultyName='Faculty of Arts'}}}, Lesson{id=141, date=2021-02-02, startTime=09:20, endTime=11:00, classroom=Classroom{id=9, roomName='New name', roomType='Lecture', roomCapacity=50, building=Building{id=2, buildingName='E'}}, course=Course{id=7, courseName='Chemistry'}, teacher=Teacher{id=8, firstName='Samuel', lastName='Travis', faculty=Faculty{id=1, facultyName='Changed faculty name'}}}, Lesson{id=142, date=2021-02-02, startTime=11:10, endTime=12:50, classroom=Classroom{id=9, roomName='New name', roomType='Lecture', roomCapacity=50, building=Building{id=2, buildingName='E'}}, course=Course{id=7, courseName='Chemistry'}, teacher=Teacher{id=8, firstName='Samuel', lastName='Travis', faculty=Faculty{id=1, facultyName='Changed faculty name'}}}, Lesson{id=143, date=2021-02-02, startTime=13:00, endTime=14:40, classroom=Classroom{id=6, roomName='B-1', roomType='Class', roomCapacity=30, building=Building{id=2, buildingName='E'}}, course=Course{id=7, courseName='Chemistry'}, teacher=Teacher{id=9, firstName='Albert', lastName='Hill', faculty=Faculty{id=1, facultyName='Changed faculty name'}}}, Lesson{id=144, date=2021-02-02, startTime=14:50, endTime=16:30, classroom=Classroom{id=7, roomName='B-2', roomType='Class', roomCapacity=30, building=Building{id=2, buildingName='E'}}, course=Course{id=7, courseName='Chemistry'}, teacher=Teacher{id=9, firstName='Albert', lastName='Hill', faculty=Faculty{id=1, facultyName='Changed faculty name'}}}, Lesson{id=145, date=2021-02-02, startTime=16:40, endTime=18:20, classroom=Classroom{id=10, roomName='B-5', roomType='Laboratory', roomCapacity=10, building=Building{id=2, buildingName='E'}}, course=Course{id=7, courseName='Chemistry'}, teacher=Teacher{id=9, firstName='Albert', lastName='Hill', faculty=Faculty{id=1, facultyName='Changed faculty name'}}}, Lesson{id=146, date=2021-02-02, startTime=09:20, endTime=11:00, classroom=Classroom{id=14, roomName='C-4', roomType='Lecture', roomCapacity=50, building=Building{id=3, buildingName='C'}}, course=Course{id=9, courseName='Physics'}, teacher=Teacher{id=11, firstName='Sophia', lastName='Roos', faculty=Faculty{id=2, facultyName='Changed faculty name'}}}, Lesson{id=147, date=2021-02-02, startTime=11:10, endTime=12:50, classroom=Classroom{id=14, roomName='C-4', roomType='Lecture', roomCapacity=50, building=Building{id=3, buildingName='C'}}, course=Course{id=9, courseName='Physics'}, teacher=Teacher{id=11, firstName='Sophia', lastName='Roos', faculty=Faculty{id=2, facultyName='Changed faculty name'}}}, Lesson{id=148, date=2021-02-02, startTime=13:00, endTime=14:40, classroom=Classroom{id=11, roomName='C-1', roomType='Class', roomCapacity=30, building=Building{id=3, buildingName='C'}}, course=Course{id=9, courseName='Physics'}, teacher=Teacher{id=11, firstName='Sophia', lastName='Roos', faculty=Faculty{id=2, facultyName='Changed faculty name'}}}, Lesson{id=149, date=2021-02-02, startTime=14:50, endTime=16:30, classroom=Classroom{id=13, roomName='C-3', roomType='Class', roomCapacity=30, building=Building{id=3, buildingName='C'}}, course=Course{id=9, courseName='Physics'}, teacher=Teacher{id=11, firstName='Sophia', lastName='Roos', faculty=Faculty{id=2, facultyName='Changed faculty name'}}}, Lesson{id=150, date=2021-02-02, startTime=16:40, endTime=18:20, classroom=Classroom{id=15, roomName='C-5', roomType='Laboratory', roomCapacity=10, building=Building{id=3, buildingName='C'}}, course=Course{id=9, courseName='Physics'}, teacher=Teacher{id=11, firstName='Sophia', lastName='Roos', faculty=Faculty{id=2, facultyName='Changed faculty name'}}}, Lesson{id=151, date=2021-02-03, startTime=09:20, endTime=11:00, classroom=Classroom{id=4, roomName='A-4', roomType='Lecture', roomCapacity=50, building=Building{id=1, buildingName='Changed name'}}, course=Course{id=3, courseName='Another course's name'}, teacher=Teacher{id=3, firstName='Freya', lastName='Shepp', faculty=Faculty{id=3, facultyName='Faculty of Arts'}}}, Lesson{id=152, date=2021-02-03, startTime=11:10, endTime=12:50, classroom=Classroom{id=1, roomName='A-1', roomType='Class', roomCapacity=30, building=Building{id=1, buildingName='Changed name'}}, course=Course{id=3, courseName='Another course's name'}, teacher=Teacher{id=3, firstName='Freya', lastName='Shepp', faculty=Faculty{id=3, facultyName='Faculty of Arts'}}}, Lesson{id=153, date=2021-02-03, startTime=13:00, endTime=14:40, classroom=Classroom{id=2, roomName='A-2', roomType='Class', roomCapacity=30, building=Building{id=1, buildingName='Changed name'}}, course=Course{id=4, courseName='Political science'}, teacher=Teacher{id=4, firstName='Olivia', lastName='Blake', faculty=Faculty{id=3, facultyName='Faculty of Arts'}}}, Lesson{id=154, date=2021-02-03, startTime=14:50, endTime=16:30, classroom=Classroom{id=3, roomName='B-10', roomType='Laboratory', roomCapacity=10, building=Building{id=2, buildingName='E'}}, course=Course{id=4, courseName='Political science'}, teacher=Teacher{id=4, firstName='Olivia', lastName='Blake', faculty=Faculty{id=3, facultyName='Faculty of Arts'}}}, Lesson{id=155, date=2021-02-03, startTime=16:40, endTime=18:20, classroom=Classroom{id=4, roomName='A-4', roomType='Lecture', roomCapacity=50, building=Building{id=1, buildingName='Changed name'}}, course=Course{id=5, courseName='Culture'}, teacher=Teacher{id=5, firstName='Scarlett', lastName='Nimoy', faculty=Faculty{id=3, facultyName='Faculty of Arts'}}}, Lesson{id=156, date=2021-02-03, startTime=09:20, endTime=11:00, classroom=Classroom{id=9, roomName='New name', roomType='Lecture', roomCapacity=50, building=Building{id=2, buildingName='E'}}, course=Course{id=6, courseName='Biology'}, teacher=Teacher{id=6, firstName='Ellie', lastName='Purh', faculty=Faculty{id=1, facultyName='Changed faculty name'}}}, Lesson{id=157, date=2021-02-03, startTime=11:10, endTime=12:50, classroom=Classroom{id=9, roomName='New name', roomType='Lecture', roomCapacity=50, building=Building{id=2, buildingName='E'}}, course=Course{id=6, courseName='Biology'}, teacher=Teacher{id=6, firstName='Ellie', lastName='Purh', faculty=Faculty{id=1, facultyName='Changed faculty name'}}}, Lesson{id=158, date=2021-02-03, startTime=13:00, endTime=14:40, classroom=Classroom{id=6, roomName='B-1', roomType='Class', roomCapacity=30, building=Building{id=2, buildingName='E'}}, course=Course{id=6, courseName='Biology'}, teacher=Teacher{id=7, firstName='Charlie', lastName='Byrne', faculty=Faculty{id=1, facultyName='Changed faculty name'}}}, Lesson{id=159, date=2021-02-03, startTime=14:50, endTime=16:30, classroom=Classroom{id=7, roomName='B-2', roomType='Class', roomCapacity=30, building=Building{id=2, buildingName='E'}}, course=Course{id=6, courseName='Biology'}, teacher=Teacher{id=7, firstName='Charlie', lastName='Byrne', faculty=Faculty{id=1, facultyName='Changed faculty name'}}}, Lesson{id=160, date=2021-02-03, startTime=16:40, endTime=18:20, classroom=Classroom{id=10, roomName='B-5', roomType='Laboratory', roomCapacity=10, building=Building{id=2, buildingName='E'}}, course=Course{id=6, courseName='Biology'}, teacher=Teacher{id=7, firstName='Charlie', lastName='Byrne', faculty=Faculty{id=1, facultyName='Changed faculty name'}}}, Lesson{id=161, date=2021-02-03, startTime=09:20, endTime=11:00, classroom=Classroom{id=14, roomName='C-4', roomType='Lecture', roomCapacity=50, building=Building{id=3, buildingName='C'}}, course=Course{id=10, courseName='Geometry'}, teacher=Teacher{id=12, firstName='Mia', lastName='Brown', faculty=Faculty{id=2, facultyName='Changed faculty name'}}}, Lesson{id=162, date=2021-02-03, startTime=11:10, endTime=12:50, classroom=Classroom{id=14, roomName='C-4', roomType='Lecture', roomCapacity=50, building=Building{id=3, buildingName='C'}}, course=Course{id=10, courseName='Geometry'}, teacher=Teacher{id=12, firstName='Mia', lastName='Brown', faculty=Faculty{id=2, facultyName='Changed faculty name'}}}, Lesson{id=163, date=2021-02-03, startTime=13:00, endTime=14:40, classroom=Classroom{id=11, roomName='C-1', roomType='Class', roomCapacity=30, building=Building{id=3, buildingName='C'}}, course=Course{id=10, courseName='Geometry'}, teacher=Teacher{id=12, firstName='Mia', lastName='Brown', faculty=Faculty{id=2, facultyName='Changed faculty name'}}}, Lesson{id=164, date=2021-02-03, startTime=14:50, endTime=16:30, classroom=Classroom{id=13, roomName='C-3', roomType='Class', roomCapacity=30, building=Building{id=3, buildingName='C'}}, course=Course{id=10, courseName='Geometry'}, teacher=Teacher{id=12, firstName='Mia', lastName='Brown', faculty=Faculty{id=2, facultyName='Changed faculty name'}}}, Lesson{id=165, date=2021-02-03, startTime=16:40, endTime=18:20, classroom=Classroom{id=15, roomName='C-5', roomType='Laboratory', roomCapacity=10, building=Building{id=3, buildingName='C'}}, course=Course{id=10, courseName='Geometry'}, teacher=Teacher{id=12, firstName='Mia', lastName='Brown', faculty=Faculty{id=2, facultyName='Changed faculty name'}}}, Lesson{id=166, date=2021-02-04, startTime=09:20, endTime=11:00, classroom=Classroom{id=4, roomName='A-4', roomType='Lecture', roomCapacity=50, building=Building{id=1, buildingName='Changed name'}}, course=Course{id=4, courseName='Political science'}, teacher=Teacher{id=4, firstName='Olivia', lastName='Blake', faculty=Faculty{id=3, facultyName='Faculty of Arts'}}}, Lesson{id=167, date=2021-02-04, startTime=11:10, endTime=12:50, classroom=Classroom{id=1, roomName='A-1', roomType='Class', roomCapacity=30, building=Building{id=1, buildingName='Changed name'}}, course=Course{id=4, courseName='Political science'}, teacher=Teacher{id=4, firstName='Olivia', lastName='Blake', faculty=Faculty{id=3, facultyName='Faculty of Arts'}}}, Lesson{id=168, date=2021-02-04, startTime=13:00, endTime=14:40, classroom=Classroom{id=2, roomName='A-2', roomType='Class', roomCapacity=30, building=Building{id=1, buildingName='Changed name'}}, course=Course{id=5, courseName='Culture'}, teacher=Teacher{id=5, firstName='Scarlett', lastName='Nimoy', faculty=Faculty{id=3, facultyName='Faculty of Arts'}}}, Lesson{id=169, date=2021-02-04, startTime=14:50, endTime=16:30, classroom=Classroom{id=3, roomName='B-10', roomType='Laboratory', roomCapacity=10, building=Building{id=2, buildingName='E'}}, course=Course{id=5, courseName='Culture'}, teacher=Teacher{id=5, firstName='Scarlett', lastName='Nimoy', faculty=Faculty{id=3, facultyName='Faculty of Arts'}}}, Lesson{id=170, date=2021-02-04, startTime=16:40, endTime=18:20, classroom=Classroom{id=4, roomName='A-4', roomType='Lecture', roomCapacity=50, building=Building{id=1, buildingName='Changed name'}}, course=Course{id=1, courseName='History'}, teacher=Teacher{id=1, firstName='Albert', lastName='Johnson', faculty=Faculty{id=3, facultyName='Faculty of Arts'}}}, Lesson{id=171, date=2021-02-04, startTime=09:20, endTime=11:00, classroom=Classroom{id=9, roomName='New name', roomType='Lecture', roomCapacity=50, building=Building{id=2, buildingName='E'}}, course=Course{id=7, courseName='Chemistry'}, teacher=Teacher{id=8, firstName='Samuel', lastName='Travis', faculty=Faculty{id=1, facultyName='Changed faculty name'}}}, Lesson{id=172, date=2021-02-04, startTime=11:10, endTime=12:50, classroom=Classroom{id=9, roomName='New name', roomType='Lecture', roomCapacity=50, building=Building{id=2, buildingName='E'}}, course=Course{id=7, courseName='Chemistry'}, teacher=Teacher{id=8, firstName='Samuel', lastName='Travis', faculty=Faculty{id=1, facultyName='Changed faculty name'}}}, Lesson{id=173, date=2021-02-04, startTime=13:00, endTime=14:40, classroom=Classroom{id=6, roomName='B-1', roomType='Class', roomCapacity=30, building=Building{id=2, buildingName='E'}}, course=Course{id=7, courseName='Chemistry'}, teacher=Teacher{id=9, firstName='Albert', lastName='Hill', faculty=Faculty{id=1, facultyName='Changed faculty name'}}}, Lesson{id=174, date=2021-02-04, startTime=14:50, endTime=16:30, classroom=Classroom{id=7, roomName='B-2', roomType='Class', roomCapacity=30, building=Building{id=2, buildingName='E'}}, course=Course{id=7, courseName='Chemistry'}, teacher=Teacher{id=9, firstName='Albert', lastName='Hill', faculty=Faculty{id=1, facultyName='Changed faculty name'}}}, Lesson{id=175, date=2021-02-04, startTime=16:40, endTime=18:20, classroom=Classroom{id=10, roomName='B-5', roomType='Laboratory', roomCapacity=10, building=Building{id=2, buildingName='E'}}, course=Course{id=7, courseName='Chemistry'}, teacher=Teacher{id=9, firstName='Albert', lastName='Hill', faculty=Faculty{id=1, facultyName='Changed faculty name'}}}, Lesson{id=176, date=2021-02-04, startTime=09:20, endTime=11:00, classroom=Classroom{id=14, roomName='C-4', roomType='Lecture', roomCapacity=50, building=Building{id=3, buildingName='C'}}, course=Course{id=8, courseName='Mathematics'}, teacher=Teacher{id=10, firstName='Joshua', lastName='Eve', faculty=Faculty{id=2, facultyName='Changed faculty name'}}}, Lesson{id=177, date=2021-02-04, startTime=11:10, endTime=12:50, classroom=Classroom{id=14, roomName='C-4', roomType='Lecture', roomCapacity=50, building=Building{id=3, buildingName='C'}}, course=Course{id=8, courseName='Mathematics'}, teacher=Teacher{id=10, firstName='Joshua', lastName='Eve', faculty=Faculty{id=2, facultyName='Changed faculty name'}}}, Lesson{id=178, date=2021-02-04, startTime=13:00, endTime=14:40, classroom=Classroom{id=12, roomName='C-2', roomType='Class', roomCapacity=30, building=Building{id=3, buildingName='C'}}, course=Course{id=9, courseName='Physics'}, teacher=Teacher{id=11, firstName='Sophia', lastName='Roos', faculty=Faculty{id=2, facultyName='Changed faculty name'}}}, Lesson{id=179, date=2021-02-04, startTime=14:50, endTime=16:30, classroom=Classroom{id=12, roomName='C-2', roomType='Class', roomCapacity=30, building=Building{id=3, buildingName='C'}}, course=Course{id=10, courseName='Geometry'}, teacher=Teacher{id=12, firstName='Mia', lastName='Brown', faculty=Faculty{id=2, facultyName='Changed faculty name'}}}, Lesson{id=180, date=2021-02-04, startTime=16:40, endTime=18:20, classroom=Classroom{id=15, roomName='C-5', roomType='Laboratory', roomCapacity=10, building=Building{id=3, buildingName='C'}}, course=Course{id=8, courseName='Mathematics'}, teacher=Teacher{id=10, firstName='Joshua', lastName='Eve', faculty=Faculty{id=2, facultyName='Changed faculty name'}}}, Lesson{id=181, date=2021-02-05, startTime=09:20, endTime=11:00, classroom=Classroom{id=4, roomName='A-4', roomType='Lecture', roomCapacity=50, building=Building{id=1, buildingName='Changed name'}}, course=Course{id=5, courseName='Culture'}, teacher=Teacher{id=5, firstName='Scarlett', lastName='Nimoy', faculty=Faculty{id=3, facultyName='Faculty of Arts'}}}, Lesson{id=182, date=2021-02-05, startTime=11:10, endTime=12:50, classroom=Classroom{id=1, roomName='A-1', roomType='Class', roomCapacity=30, building=Building{id=1, buildingName='Changed name'}}, course=Course{id=5, courseName='Culture'}, teacher=Teacher{id=5, firstName='Scarlett', lastName='Nimoy', faculty=Faculty{id=3, facultyName='Faculty of Arts'}}}, Lesson{id=183, date=2021-02-05, startTime=13:00, endTime=14:40, classroom=Classroom{id=2, roomName='A-2', roomType='Class', roomCapacity=30, building=Building{id=1, buildingName='Changed name'}}, course=Course{id=1, courseName='History'}, teacher=Teacher{id=1, firstName='Albert', lastName='Johnson', faculty=Faculty{id=3, facultyName='Faculty of Arts'}}}, Lesson{id=184, date=2021-02-05, startTime=14:50, endTime=16:30, classroom=Classroom{id=3, roomName='B-10', roomType='Laboratory', roomCapacity=10, building=Building{id=2, buildingName='E'}}, course=Course{id=1, courseName='History'}, teacher=Teacher{id=1, firstName='Albert', lastName='Johnson', faculty=Faculty{id=3, facultyName='Faculty of Arts'}}}, Lesson{id=185, date=2021-02-05, startTime=16:40, endTime=18:20, classroom=Classroom{id=4, roomName='A-4', roomType='Lecture', roomCapacity=50, building=Building{id=1, buildingName='Changed name'}}, course=Course{id=2, courseName='Philosophy'}, teacher=Teacher{id=2, firstName='Stanley', lastName='Gruber', faculty=Faculty{id=3, facultyName='Faculty of Arts'}}}, Lesson{id=186, date=2021-02-05, startTime=09:20, endTime=11:00, classroom=Classroom{id=9, roomName='New name', roomType='Lecture', roomCapacity=50, building=Building{id=2, buildingName='E'}}, course=Course{id=6, courseName='Biology'}, teacher=Teacher{id=6, firstName='Ellie', lastName='Purh', faculty=Faculty{id=1, facultyName='Changed faculty name'}}}, Lesson{id=187, date=2021-02-05, startTime=11:10, endTime=12:50, classroom=Classroom{id=9, roomName='New name', roomType='Lecture', roomCapacity=50, building=Building{id=2, buildingName='E'}}, course=Course{id=6, courseName='Biology'}, teacher=Teacher{id=6, firstName='Ellie', lastName='Purh', faculty=Faculty{id=1, facultyName='Changed faculty name'}}}, Lesson{id=188, date=2021-02-05, startTime=13:00, endTime=14:40, classroom=Classroom{id=6, roomName='B-1', roomType='Class', roomCapacity=30, building=Building{id=2, buildingName='E'}}, course=Course{id=6, courseName='Biology'}, teacher=Teacher{id=7, firstName='Charlie', lastName='Byrne', faculty=Faculty{id=1, facultyName='Changed faculty name'}}}, Lesson{id=189, date=2021-02-05, startTime=14:50, endTime=16:30, classroom=Classroom{id=7, roomName='B-2', roomType='Class', roomCapacity=30, building=Building{id=2, buildingName='E'}}, course=Course{id=6, courseName='Biology'}, teacher=Teacher{id=7, firstName='Charlie', lastName='Byrne', faculty=Faculty{id=1, facultyName='Changed faculty name'}}}, Lesson{id=190, date=2021-02-05, startTime=16:40, endTime=18:20, classroom=Classroom{id=10, roomName='B-5', roomType='Laboratory', roomCapacity=10, building=Building{id=2, buildingName='E'}}, course=Course{id=6, courseName='Biology'}, teacher=Teacher{id=7, firstName='Charlie', lastName='Byrne', faculty=Faculty{id=1, facultyName='Changed faculty name'}}}, Lesson{id=191, date=2021-02-05, startTime=09:20, endTime=11:00, classroom=Classroom{id=14, roomName='C-4', roomType='Lecture', roomCapacity=50, building=Building{id=3, buildingName='C'}}, course=Course{id=9, courseName='Physics'}, teacher=Teacher{id=11, firstName='Sophia', lastName='Roos', faculty=Faculty{id=2, facultyName='Changed faculty name'}}}, Lesson{id=192, date=2021-02-05, startTime=11:10, endTime=12:50, classroom=Classroom{id=14, roomName='C-4', roomType='Lecture', roomCapacity=50, building=Building{id=3, buildingName='C'}}, course=Course{id=10, courseName='Geometry'}, teacher=Teacher{id=12, firstName='Mia', lastName='Brown', faculty=Faculty{id=2, facultyName='Changed faculty name'}}}, Lesson{id=193, date=2021-02-05, startTime=13:00, endTime=14:40, classroom=Classroom{id=13, roomName='C-3', roomType='Class', roomCapacity=30, building=Building{id=3, buildingName='C'}}, course=Course{id=8, courseName='Mathematics'}, teacher=Teacher{id=10, firstName='Joshua', lastName='Eve', faculty=Faculty{id=2, facultyName='Changed faculty name'}}}, Lesson{id=194, date=2021-02-05, startTime=14:50, endTime=16:30, classroom=Classroom{id=15, roomName='C-5', roomType='Laboratory', roomCapacity=10, building=Building{id=3, buildingName='C'}}, course=Course{id=9, courseName='Physics'}, teacher=Teacher{id=11, firstName='Sophia', lastName='Roos', faculty=Faculty{id=2, facultyName='Changed faculty name'}}}, Lesson{id=195, date=2021-02-05, startTime=16:40, endTime=18:20, classroom=Classroom{id=15, roomName='C-5', roomType='Laboratory', roomCapacity=10, building=Building{id=3, buildingName='C'}}, course=Course{id=10, courseName='Geometry'}, teacher=Teacher{id=12, firstName='Mia', lastName='Brown', faculty=Faculty{id=2, facultyName='Changed faculty name'}}}, Lesson{id=196, date=2021-02-08, startTime=09:20, endTime=11:00, classroom=Classroom{id=4, roomName='A-4', roomType='Lecture', roomCapacity=50, building=Building{id=1, buildingName='Changed name'}}, course=Course{id=1, courseName='History'}, teacher=Teacher{id=1, firstName='Albert', lastName='Johnson', faculty=Faculty{id=3, facultyName='Faculty of Arts'}}}, Lesson{id=197, date=2021-02-08, startTime=11:10, endTime=12:50, classroom=Classroom{id=1, roomName='A-1', roomType='Class', roomCapacity=30, building=Building{id=1, buildingName='Changed name'}}, course=Course{id=1, courseName='History'}, teacher=Teacher{id=1, firstName='Albert', lastName='Johnson', faculty=Faculty{id=3, facultyName='Faculty of Arts'}}}, Lesson{id=198, date=2021-02-08, startTime=13:00, endTime=14:40, classroom=Classroom{id=2, roomName='A-2', roomType='Class', roomCapacity=30, building=Building{id=1, buildingName='Changed name'}}, course=Course{id=2, courseName='Philosophy'}, teacher=Teacher{id=2, firstName='Stanley', lastName='Gruber', faculty=Faculty{id=3, facultyName='Faculty of Arts'}}}, Lesson{id=199, date=2021-02-08, startTime=14:50, endTime=16:30, classroom=Classroom{id=3, roomName='B-10', roomType='Laboratory', roomCapacity=10, building=Building{id=2, buildingName='E'}}, course=Course{id=2, courseName='Philosophy'}, teacher=Teacher{id=2, firstName='Stanley', lastName='Gruber', faculty=Faculty{id=3, facultyName='Faculty of Arts'}}}, Lesson{id=200, date=2021-02-08, startTime=16:40, endTime=18:20, classroom=Classroom{id=4, roomName='A-4', roomType='Lecture', roomCapacity=50, building=Building{id=1, buildingName='Changed name'}}, course=Course{id=3, courseName='Another course's name'}, teacher=Teacher{id=3, firstName='Freya', lastName='Shepp', faculty=Faculty{id=3, facultyName='Faculty of Arts'}}}, Lesson{id=201, date=2021-02-08, startTime=09:20, endTime=11:00, classroom=Classroom{id=9, roomName='New name', roomType='Lecture', roomCapacity=50, building=Building{id=2, buildingName='E'}}, course=Course{id=6, courseName='Biology'}, teacher=Teacher{id=6, firstName='Ellie', lastName='Purh', faculty=Faculty{id=1, facultyName='Changed faculty name'}}}, Lesson{id=202, date=2021-02-08, startTime=11:10, endTime=12:50, classroom=Classroom{id=9, roomName='New name', roomType='Lecture', roomCapacity=50, building=Building{id=2, buildingName='E'}}, course=Course{id=6, courseName='Biology'}, teacher=Teacher{id=6, firstName='Ellie', lastName='Purh', faculty=Faculty{id=1, facultyName='Changed faculty name'}}}, Lesson{id=203, date=2021-06-15, startTime=02:00, endTime=03:40, classroom=Classroom{id=15, roomName='C-5', roomType='Laboratory', roomCapacity=10, building=Building{id=3, buildingName='C'}}, course=Course{id=3, courseName='Another course's name'}, teacher=Teacher{id=5, firstName='Scarlett', lastName='Nimoy', faculty=Faculty{id=3, facultyName='Faculty of Arts'}}}, Lesson{id=204, date=2021-02-08, startTime=14:50, endTime=16:30, classroom=Classroom{id=7, roomName='B-2', roomType='Class', roomCapacity=30, building=Building{id=2, buildingName='E'}}, course=Course{id=6, courseName='Biology'}, teacher=Teacher{id=7, firstName='Charlie', lastName='Byrne', faculty=Faculty{id=1, facultyName='Changed faculty name'}}}, Lesson{id=205, date=2021-02-08, startTime=16:40, endTime=18:20, classroom=Classroom{id=10, roomName='B-5', roomType='Laboratory', roomCapacity=10, building=Building{id=2, buildingName='E'}}, course=Course{id=6, courseName='Biology'}, teacher=Teacher{id=7, firstName='Charlie', lastName='Byrne', faculty=Faculty{id=1, facultyName='Changed faculty name'}}}, Lesson{id=206, date=2021-02-08, startTime=09:20, endTime=11:00, classroom=Classroom{id=14, roomName='C-4', roomType='Lecture', roomCapacity=50, building=Building{id=3, buildingName='C'}}, course=Course{id=8, courseName='Mathematics'}, teacher=Teacher{id=10, firstName='Joshua', lastName='Eve', faculty=Faculty{id=2, facultyName='Changed faculty name'}}}, Lesson{id=207, date=2021-02-08, startTime=11:10, endTime=12:50, classroom=Classroom{id=14, roomName='C-4', roomType='Lecture', roomCapacity=50, building=Building{id=3, buildingName='C'}}, course=Course{id=8, courseName='Mathematics'}, teacher=Teacher{id=10, firstName='Joshua', lastName='Eve', faculty=Faculty{id=2, facultyName='Changed faculty name'}}}, Lesson{id=208, date=2021-02-08, startTime=13:00, endTime=14:40, classroom=Classroom{id=11, roomName='C-1', roomType='Class', roomCapacity=30, building=Building{id=3, buildingName='C'}}, course=Course{id=8, courseName='Mathematics'}, teacher=Teacher{id=10, firstName='Joshua', lastName='Eve', faculty=Faculty{id=2, facultyName='Changed faculty name'}}}, Lesson{id=209, date=2021-02-08, startTime=14:50, endTime=16:30, classroom=Classroom{id=13, roomName='C-3', roomType='Class', roomCapacity=30, building=Building{id=3, buildingName='C'}}, course=Course{id=8, courseName='Mathematics'}, teacher=Teacher{id=10, firstName='Joshua', lastName='Eve', faculty=Faculty{id=2, facultyName='Changed faculty name'}}}, Lesson{id=210, date=2021-02-08, startTime=16:40, endTime=18:20, classroom=Classroom{id=15, roomName='C-5', roomType='Laboratory', roomCapacity=10, building=Building{id=3, buildingName='C'}}, course=Course{id=8, courseName='Mathematics'}, teacher=Teacher{id=10, firstName='Joshua', lastName='Eve', faculty=Faculty{id=2, facultyName='Changed faculty name'}}}, Lesson{id=211, date=2021-02-09, startTime=09:20, endTime=11:00, classroom=Classroom{id=4, roomName='A-4', roomType='Lecture', roomCapacity=50, building=Building{id=1, buildingName='Changed name'}}, course=Course{id=2, courseName='Philosophy'}, teacher=Teacher{id=2, firstName='Stanley', lastName='Gruber', faculty=Faculty{id=3, facultyName='Faculty of Arts'}}}, Lesson{id=212, date=2021-02-09, startTime=11:10, endTime=12:50, classroom=Classroom{id=1, roomName='A-1', roomType='Class', roomCapacity=30, building=Building{id=1, buildingName='Changed name'}}, course=Course{id=2, courseName='Philosophy'}, teacher=Teacher{id=2, firstName='Stanley', lastName='Gruber', faculty=Faculty{id=3, facultyName='Faculty of Arts'}}}, Lesson{id=213, date=2021-02-09, startTime=13:00, endTime=14:40, classroom=Classroom{id=2, roomName='A-2', roomType='Class', roomCapacity=30, building=Building{id=1, buildingName='Changed name'}}, course=Course{id=3, courseName='Another course's name'}, teacher=Teacher{id=3, firstName='Freya', lastName='Shepp', faculty=Faculty{id=3, facultyName='Faculty of Arts'}}}, Lesson{id=214, date=2021-02-09, startTime=14:50, endTime=16:30, classroom=Classroom{id=3, roomName='B-10', roomType='Laboratory', roomCapacity=10, building=Building{id=2, buildingName='E'}}, course=Course{id=3, courseName='Another course's name'}, teacher=Teacher{id=3, firstName='Freya', lastName='Shepp', faculty=Faculty{id=3, facultyName='Faculty of Arts'}}}, Lesson{id=215, date=2021-02-09, startTime=16:40, endTime=18:20, classroom=Classroom{id=4, roomName='A-4', roomType='Lecture', roomCapacity=50, building=Building{id=1, buildingName='Changed name'}}, course=Course{id=4, courseName='Political science'}, teacher=Teacher{id=4, firstName='Olivia', lastName='Blake', faculty=Faculty{id=3, facultyName='Faculty of Arts'}}}, Lesson{id=216, date=2021-02-09, startTime=09:20, endTime=11:00, classroom=Classroom{id=9, roomName='New name', roomType='Lecture', roomCapacity=50, building=Building{id=2, buildingName='E'}}, course=Course{id=7, courseName='Chemistry'}, teacher=Teacher{id=8, firstName='Samuel', lastName='Travis', faculty=Faculty{id=1, facultyName='Changed faculty name'}}}, Lesson{id=217, date=2021-02-09, startTime=11:10, endTime=12:50, classroom=Classroom{id=9, roomName='New name', roomType='Lecture', roomCapacity=50, building=Building{id=2, buildingName='E'}}, course=Course{id=7, courseName='Chemistry'}, teacher=Teacher{id=8, firstName='Samuel', lastName='Travis', faculty=Faculty{id=1, facultyName='Changed faculty name'}}}, Lesson{id=218, date=2021-02-09, startTime=13:00, endTime=14:40, classroom=Classroom{id=6, roomName='B-1', roomType='Class', roomCapacity=30, building=Building{id=2, buildingName='E'}}, course=Course{id=7, courseName='Chemistry'}, teacher=Teacher{id=9, firstName='Albert', lastName='Hill', faculty=Faculty{id=1, facultyName='Changed faculty name'}}}, Lesson{id=219, date=2021-02-09, startTime=14:50, endTime=16:30, classroom=Classroom{id=7, roomName='B-2', roomType='Class', roomCapacity=30, building=Building{id=2, buildingName='E'}}, course=Course{id=7, courseName='Chemistry'}, teacher=Teacher{id=9, firstName='Albert', lastName='Hill', faculty=Faculty{id=1, facultyName='Changed faculty name'}}}, Lesson{id=220, date=2021-02-09, startTime=16:40, endTime=18:20, classroom=Classroom{id=10, roomName='B-5', roomType='Laboratory', roomCapacity=10, building=Building{id=2, buildingName='E'}}, course=Course{id=7, courseName='Chemistry'}, teacher=Teacher{id=9, firstName='Albert', lastName='Hill', faculty=Faculty{id=1, facultyName='Changed faculty name'}}}, Lesson{id=221, date=2021-02-09, startTime=09:20, endTime=11:00, classroom=Classroom{id=14, roomName='C-4', roomType='Lecture', roomCapacity=50, building=Building{id=3, buildingName='C'}}, course=Course{id=9, courseName='Physics'}, teacher=Teacher{id=11, firstName='Sophia', lastName='Roos', faculty=Faculty{id=2, facultyName='Changed faculty name'}}}, Lesson{id=222, date=2021-02-09, startTime=11:10, endTime=12:50, classroom=Classroom{id=14, roomName='C-4', roomType='Lecture', roomCapacity=50, building=Building{id=3, buildingName='C'}}, course=Course{id=9, courseName='Physics'}, teacher=Teacher{id=11, firstName='Sophia', lastName='Roos', faculty=Faculty{id=2, facultyName='Changed faculty name'}}}, Lesson{id=223, date=2021-02-09, startTime=13:00, endTime=14:40, classroom=Classroom{id=11, roomName='C-1', roomType='Class', roomCapacity=30, building=Building{id=3, buildingName='C'}}, course=Course{id=9, courseName='Physics'}, teacher=Teacher{id=11, firstName='Sophia', lastName='Roos', faculty=Faculty{id=2, facultyName='Changed faculty name'}}}, Lesson{id=224, date=2021-02-09, startTime=14:50, endTime=16:30, classroom=Classroom{id=13, roomName='C-3', roomType='Class', roomCapacity=30, building=Building{id=3, buildingName='C'}}, course=Course{id=9, courseName='Physics'}, teacher=Teacher{id=11, firstName='Sophia', lastName='Roos', faculty=Faculty{id=2, facultyName='Changed faculty name'}}}, Lesson{id=225, date=2021-02-09, startTime=16:40, endTime=18:20, classroom=Classroom{id=15, roomName='C-5', roomType='Laboratory', roomCapacity=10, building=Building{id=3, buildingName='C'}}, course=Course{id=9, courseName='Physics'}, teacher=Teacher{id=11, firstName='Sophia', lastName='Roos', faculty=Faculty{id=2, facultyName='Changed faculty name'}}}, Lesson{id=226, date=2021-02-10, startTime=09:20, endTime=11:00, classroom=Classroom{id=4, roomName='A-4', roomType='Lecture', roomCapacity=50, building=Building{id=1, buildingName='Changed name'}}, course=Course{id=3, courseName='Another course's name'}, teacher=Teacher{id=3, firstName='Freya', lastName='Shepp', faculty=Faculty{id=3, facultyName='Faculty of Arts'}}}, Lesson{id=227, date=2021-02-10, startTime=11:10, endTime=12:50, classroom=Classroom{id=1, roomName='A-1', roomType='Class', roomCapacity=30, building=Building{id=1, buildingName='Changed name'}}, course=Course{id=3, courseName='Another course's name'}, teacher=Teacher{id=3, firstName='Freya', lastName='Shepp', faculty=Faculty{id=3, facultyName='Faculty of Arts'}}}, Lesson{id=228, date=2021-02-10, startTime=13:00, endTime=14:40, classroom=Classroom{id=2, roomName='A-2', roomType='Class', roomCapacity=30, building=Building{id=1, buildingName='Changed name'}}, course=Course{id=4, courseName='Political science'}, teacher=Teacher{id=4, firstName='Olivia', lastName='Blake', faculty=Faculty{id=3, facultyName='Faculty of Arts'}}}, Lesson{id=229, date=2021-02-10, startTime=14:50, endTime=16:30, classroom=Classroom{id=3, roomName='B-10', roomType='Laboratory', roomCapacity=10, building=Building{id=2, buildingName='E'}}, course=Course{id=4, courseName='Political science'}, teacher=Teacher{id=4, firstName='Olivia', lastName='Blake', faculty=Faculty{id=3, facultyName='Faculty of Arts'}}}, Lesson{id=230, date=2021-02-10, startTime=16:40, endTime=18:20, classroom=Classroom{id=4, roomName='A-4', roomType='Lecture', roomCapacity=50, building=Building{id=1, buildingName='Changed name'}}, course=Course{id=5, courseName='Culture'}, teacher=Teacher{id=5, firstName='Scarlett', lastName='Nimoy', faculty=Faculty{id=3, facultyName='Faculty of Arts'}}}, Lesson{id=231, date=2021-02-10, startTime=09:20, endTime=11:00, classroom=Classroom{id=9, roomName='New name', roomType='Lecture', roomCapacity=50, building=Building{id=2, buildingName='E'}}, course=Course{id=6, courseName='Biology'}, teacher=Teacher{id=6, firstName='Ellie', lastName='Purh', faculty=Faculty{id=1, facultyName='Changed faculty name'}}}, Lesson{id=232, date=2021-02-10, startTime=11:10, endTime=12:50, classroom=Classroom{id=9, roomName='New name', roomType='Lecture', roomCapacity=50, building=Building{id=2, buildingName='E'}}, course=Course{id=6, courseName='Biology'}, teacher=Teacher{id=6, firstName='Ellie', lastName='Purh', faculty=Faculty{id=1, facultyName='Changed faculty name'}}}, Lesson{id=233, date=2021-02-10, startTime=13:00, endTime=14:40, classroom=Classroom{id=6, roomName='B-1', roomType='Class', roomCapacity=30, building=Building{id=2, buildingName='E'}}, course=Course{id=6, courseName='Biology'}, teacher=Teacher{id=7, firstName='Charlie', lastName='Byrne', faculty=Faculty{id=1, facultyName='Changed faculty name'}}}, Lesson{id=234, date=2021-02-10, startTime=14:50, endTime=16:30, classroom=Classroom{id=7, roomName='B-2', roomType='Class', roomCapacity=30, building=Building{id=2, buildingName='E'}}, course=Course{id=6, courseName='Biology'}, teacher=Teacher{id=7, firstName='Charlie', lastName='Byrne', faculty=Faculty{id=1, facultyName='Changed faculty name'}}}, Lesson{id=235, date=2021-02-10, startTime=16:40, endTime=18:20, classroom=Classroom{id=10, roomName='B-5', roomType='Laboratory', roomCapacity=10, building=Building{id=2, buildingName='E'}}, course=Course{id=6, courseName='Biology'}, teacher=Teacher{id=7, firstName='Charlie', lastName='Byrne', faculty=Faculty{id=1, facultyName='Changed faculty name'}}}, Lesson{id=236, date=2021-02-10, startTime=09:20, endTime=11:00, classroom=Classroom{id=14, roomName='C-4', roomType='Lecture', roomCapacity=50, building=Building{id=3, buildingName='C'}}, course=Course{id=10, courseName='Geometry'}, teacher=Teacher{id=12, firstName='Mia', lastName='Brown', faculty=Faculty{id=2, facultyName='Changed faculty name'}}}, Lesson{id=237, date=2021-02-10, startTime=11:10, endTime=12:50, classroom=Classroom{id=14, roomName='C-4', roomType='Lecture', roomCapacity=50, building=Building{id=3, buildingName='C'}}, course=Course{id=10, courseName='Geometry'}, teacher=Teacher{id=12, firstName='Mia', lastName='Brown', faculty=Faculty{id=2, facultyName='Changed faculty name'}}}, Lesson{id=238, date=2021-02-10, startTime=13:00, endTime=14:40, classroom=Classroom{id=11, roomName='C-1', roomType='Class', roomCapacity=30, building=Building{id=3, buildingName='C'}}, course=Course{id=10, courseName='Geometry'}, teacher=Teacher{id=12, firstName='Mia', lastName='Brown', faculty=Faculty{id=2, facultyName='Changed faculty name'}}}, Lesson{id=239, date=2021-02-10, startTime=14:50, endTime=16:30, classroom=Classroom{id=13, roomName='C-3', roomType='Class', roomCapacity=30, building=Building{id=3, buildingName='C'}}, course=Course{id=10, courseName='Geometry'}, teacher=Teacher{id=12, firstName='Mia', lastName='Brown', faculty=Faculty{id=2, facultyName='Changed faculty name'}}}, Lesson{id=240, date=2021-02-10, startTime=16:40, endTime=18:20, classroom=Classroom{id=15, roomName='C-5', roomType='Laboratory', roomCapacity=10, building=Building{id=3, buildingName='C'}}, course=Course{id=10, courseName='Geometry'}, teacher=Teacher{id=12, firstName='Mia', lastName='Brown', faculty=Faculty{id=2, facultyName='Changed faculty name'}}}, Lesson{id=241, date=2021-02-11, startTime=09:20, endTime=11:00, classroom=Classroom{id=4, roomName='A-4', roomType='Lecture', roomCapacity=50, building=Building{id=1, buildingName='Changed name'}}, course=Course{id=4, courseName='Political science'}, teacher=Teacher{id=4, firstName='Olivia', lastName='Blake', faculty=Faculty{id=3, facultyName='Faculty of Arts'}}}, Lesson{id=242, date=2021-02-11, startTime=11:10, endTime=12:50, classroom=Classroom{id=1, roomName='A-1', roomType='Class', roomCapacity=30, building=Building{id=1, buildingName='Changed name'}}, course=Course{id=4, courseName='Political science'}, teacher=Teacher{id=4, firstName='Olivia', lastName='Blake', faculty=Faculty{id=3, facultyName='Faculty of Arts'}}}, Lesson{id=243, date=2021-02-11, startTime=13:00, endTime=14:40, classroom=Classroom{id=2, roomName='A-2', roomType='Class', roomCapacity=30, building=Building{id=1, buildingName='Changed name'}}, course=Course{id=5, courseName='Culture'}, teacher=Teacher{id=5, firstName='Scarlett', lastName='Nimoy', faculty=Faculty{id=3, facultyName='Faculty of Arts'}}}, Lesson{id=244, date=2021-02-11, startTime=14:50, endTime=16:30, classroom=Classroom{id=3, roomName='B-10', roomType='Laboratory', roomCapacity=10, building=Building{id=2, buildingName='E'}}, course=Course{id=5, courseName='Culture'}, teacher=Teacher{id=5, firstName='Scarlett', lastName='Nimoy', faculty=Faculty{id=3, facultyName='Faculty of Arts'}}}, Lesson{id=245, date=2021-02-11, startTime=16:40, endTime=18:20, classroom=Classroom{id=4, roomName='A-4', roomType='Lecture', roomCapacity=50, building=Building{id=1, buildingName='Changed name'}}, course=Course{id=1, courseName='History'}, teacher=Teacher{id=1, firstName='Albert', lastName='Johnson', faculty=Faculty{id=3, facultyName='Faculty of Arts'}}}, Lesson{id=246, date=2021-02-11, startTime=09:20, endTime=11:00, classroom=Classroom{id=9, roomName='New name', roomType='Lecture', roomCapacity=50, building=Building{id=2, buildingName='E'}}, course=Course{id=7, courseName='Chemistry'}, teacher=Teacher{id=8, firstName='Samuel', lastName='Travis', faculty=Faculty{id=1, facultyName='Changed faculty name'}}}, Lesson{id=247, date=2021-02-11, startTime=11:10, endTime=12:50, classroom=Classroom{id=9, roomName='New name', roomType='Lecture', roomCapacity=50, building=Building{id=2, buildingName='E'}}, course=Course{id=7, courseName='Chemistry'}, teacher=Teacher{id=8, firstName='Samuel', lastName='Travis', faculty=Faculty{id=1, facultyName='Changed faculty name'}}}, Lesson{id=248, date=2021-02-11, startTime=13:00, endTime=14:40, classroom=Classroom{id=6, roomName='B-1', roomType='Class', roomCapacity=30, building=Building{id=2, buildingName='E'}}, course=Course{id=7, courseName='Chemistry'}, teacher=Teacher{id=9, firstName='Albert', lastName='Hill', faculty=Faculty{id=1, facultyName='Changed faculty name'}}}, Lesson{id=249, date=2021-02-11, startTime=14:50, endTime=16:30, classroom=Classroom{id=7, roomName='B-2', roomType='Class', roomCapacity=30, building=Building{id=2, buildingName='E'}}, course=Course{id=7, courseName='Chemistry'}, teacher=Teacher{id=9, firstName='Albert', lastName='Hill', faculty=Faculty{id=1, facultyName='Changed faculty name'}}}, Lesson{id=250, date=2021-02-11, startTime=16:40, endTime=18:20, classroom=Classroom{id=10, roomName='B-5', roomType='Laboratory', roomCapacity=10, building=Building{id=2, buildingName='E'}}, course=Course{id=7, courseName='Chemistry'}, teacher=Teacher{id=9, firstName='Albert', lastName='Hill', faculty=Faculty{id=1, facultyName='Changed faculty name'}}}, Lesson{id=251, date=2021-02-11, startTime=09:20, endTime=11:00, classroom=Classroom{id=14, roomName='C-4', roomType='Lecture', roomCapacity=50, building=Building{id=3, buildingName='C'}}, course=Course{id=8, courseName='Mathematics'}, teacher=Teacher{id=10, firstName='Joshua', lastName='Eve', faculty=Faculty{id=2, facultyName='Changed faculty name'}}}, Lesson{id=252, date=2021-02-11, startTime=11:10, endTime=12:50, classroom=Classroom{id=14, roomName='C-4', roomType='Lecture', roomCapacity=50, building=Building{id=3, buildingName='C'}}, course=Course{id=8, courseName='Mathematics'}, teacher=Teacher{id=10, firstName='Joshua', lastName='Eve', faculty=Faculty{id=2, facultyName='Changed faculty name'}}}, Lesson{id=253, date=2021-02-11, startTime=13:00, endTime=14:40, classroom=Classroom{id=12, roomName='C-2', roomType='Class', roomCapacity=30, building=Building{id=3, buildingName='C'}}, course=Course{id=9, courseName='Physics'}, teacher=Teacher{id=11, firstName='Sophia', lastName='Roos', faculty=Faculty{id=2, facultyName='Changed faculty name'}}}, Lesson{id=254, date=2021-02-11, startTime=14:50, endTime=16:30, classroom=Classroom{id=12, roomName='C-2', roomType='Class', roomCapacity=30, building=Building{id=3, buildingName='C'}}, course=Course{id=10, courseName='Geometry'}, teacher=Teacher{id=12, firstName='Mia', lastName='Brown', faculty=Faculty{id=2, facultyName='Changed faculty name'}}}, Lesson{id=255, date=2021-02-11, startTime=16:40, endTime=18:20, classroom=Classroom{id=15, roomName='C-5', roomType='Laboratory', roomCapacity=10, building=Building{id=3, buildingName='C'}}, course=Course{id=8, courseName='Mathematics'}, teacher=Teacher{id=10, firstName='Joshua', lastName='Eve', faculty=Faculty{id=2, facultyName='Changed faculty name'}}}, Lesson{id=256, date=2021-02-12, startTime=09:20, endTime=11:00, classroom=Classroom{id=4, roomName='A-4', roomType='Lecture', roomCapacity=50, building=Building{id=1, buildingName='Changed name'}}, course=Course{id=5, courseName='Culture'}, teacher=Teacher{id=5, firstName='Scarlett', lastName='Nimoy', faculty=Faculty{id=3, facultyName='Faculty of Arts'}}}, Lesson{id=257, date=2021-02-12, startTime=11:10, endTime=12:50, classroom=Classroom{id=1, roomName='A-1', roomType='Class', roomCapacity=30, building=Building{id=1, buildingName='Changed name'}}, course=Course{id=5, courseName='Culture'}, teacher=Teacher{id=5, firstName='Scarlett', lastName='Nimoy', faculty=Faculty{id=3, facultyName='Faculty of Arts'}}}, Lesson{id=258, date=2021-02-12, startTime=13:00, endTime=14:40, classroom=Classroom{id=2, roomName='A-2', roomType='Class', roomCapacity=30, building=Building{id=1, buildingName='Changed name'}}, course=Course{id=1, courseName='History'}, teacher=Teacher{id=1, firstName='Albert', lastName='Johnson', faculty=Faculty{id=3, facultyName='Faculty of Arts'}}}, Lesson{id=259, date=2021-02-12, startTime=14:50, endTime=16:30, classroom=Classroom{id=3, roomName='B-10', roomType='Laboratory', roomCapacity=10, building=Building{id=2, buildingName='E'}}, course=Course{id=1, courseName='History'}, teacher=Teacher{id=1, firstName='Albert', lastName='Johnson', faculty=Faculty{id=3, facultyName='Faculty of Arts'}}}, Lesson{id=260, date=2021-02-12, startTime=16:40, endTime=18:20, classroom=Classroom{id=4, roomName='A-4', roomType='Lecture', roomCapacity=50, building=Building{id=1, buildingName='Changed name'}}, course=Course{id=2, courseName='Philosophy'}, teacher=Teacher{id=2, firstName='Stanley', lastName='Gruber', faculty=Faculty{id=3, facultyName='Faculty of Arts'}}}, Lesson{id=261, date=2021-02-12, startTime=09:20, endTime=11:00, classroom=Classroom{id=9, roomName='New name', roomType='Lecture', roomCapacity=50, building=Building{id=2, buildingName='E'}}, course=Course{id=6, courseName='Biology'}, teacher=Teacher{id=6, firstName='Ellie', lastName='Purh', faculty=Faculty{id=1, facultyName='Changed faculty name'}}}, Lesson{id=262, date=2021-02-12, startTime=11:10, endTime=12:50, classroom=Classroom{id=9, roomName='New name', roomType='Lecture', roomCapacity=50, building=Building{id=2, buildingName='E'}}, course=Course{id=6, courseName='Biology'}, teacher=Teacher{id=6, firstName='Ellie', lastName='Purh', faculty=Faculty{id=1, facultyName='Changed faculty name'}}}, Lesson{id=263, date=2021-02-12, startTime=13:00, endTime=14:40, classroom=Classroom{id=6, roomName='B-1', roomType='Class', roomCapacity=30, building=Building{id=2, buildingName='E'}}, course=Course{id=6, courseName='Biology'}, teacher=Teacher{id=7, firstName='Charlie', lastName='Byrne', faculty=Faculty{id=1, facultyName='Changed faculty name'}}}, Lesson{id=264, date=2021-02-12, startTime=14:50, endTime=16:30, classroom=Classroom{id=7, roomName='B-2', roomType='Class', roomCapacity=30, building=Building{id=2, buildingName='E'}}, course=Course{id=6, courseName='Biology'}, teacher=Teacher{id=7, firstName='Charlie', lastName='Byrne', faculty=Faculty{id=1, facultyName='Changed faculty name'}}}, Lesson{id=265, date=2021-02-12, startTime=16:40, endTime=18:20, classroom=Classroom{id=10, roomName='B-5', roomType='Laboratory', roomCapacity=10, building=Building{id=2, buildingName='E'}}, course=Course{id=6, courseName='Biology'}, teacher=Teacher{id=7, firstName='Charlie', lastName='Byrne', faculty=Faculty{id=1, facultyName='Changed faculty name'}}}, Lesson{id=266, date=2021-02-12, startTime=09:20, endTime=11:00, classroom=Classroom{id=14, roomName='C-4', roomType='Lecture', roomCapacity=50, building=Building{id=3, buildingName='C'}}, course=Course{id=9, courseName='Physics'}, teacher=Teacher{id=11, firstName='Sophia', lastName='Roos', faculty=Faculty{id=2, facultyName='Changed faculty name'}}}, Lesson{id=267, date=2021-02-12, startTime=11:10, endTime=12:50, classroom=Classroom{id=14, roomName='C-4', roomType='Lecture', roomCapacity=50, building=Building{id=3, buildingName='C'}}, course=Course{id=10, courseName='Geometry'}, teacher=Teacher{id=12, firstName='Mia', lastName='Brown', faculty=Faculty{id=2, facultyName='Changed faculty name'}}}, Lesson{id=268, date=2021-02-12, startTime=13:00, endTime=14:40, classroom=Classroom{id=13, roomName='C-3', roomType='Class', roomCapacity=30, building=Building{id=3, buildingName='C'}}, course=Course{id=8, courseName='Mathematics'}, teacher=Teacher{id=10, firstName='Joshua', lastName='Eve', faculty=Faculty{id=2, facultyName='Changed faculty name'}}}, Lesson{id=269, date=2021-02-12, startTime=14:50, endTime=16:30, classroom=Classroom{id=15, roomName='C-5', roomType='Laboratory', roomCapacity=10, building=Building{id=3, buildingName='C'}}, course=Course{id=9, courseName='Physics'}, teacher=Teacher{id=11, firstName='Sophia', lastName='Roos', faculty=Faculty{id=2, facultyName='Changed faculty name'}}}, Lesson{id=270, date=2021-02-12, startTime=16:40, endTime=18:20, classroom=Classroom{id=15, roomName='C-5', roomType='Laboratory', roomCapacity=10, building=Building{id=3, buildingName='C'}}, course=Course{id=10, courseName='Geometry'}, teacher=Teacher{id=12, firstName='Mia', lastName='Brown', faculty=Faculty{id=2, facultyName='Changed faculty name'}}}, Lesson{id=271, date=2021-02-15, startTime=09:20, endTime=11:00, classroom=Classroom{id=4, roomName='A-4', roomType='Lecture', roomCapacity=50, building=Building{id=1, buildingName='Changed name'}}, course=Course{id=1, courseName='History'}, teacher=Teacher{id=1, firstName='Albert', lastName='Johnson', faculty=Faculty{id=3, facultyName='Faculty of Arts'}}}, Lesson{id=272, date=2021-02-15, startTime=11:10, endTime=12:50, classroom=Classroom{id=1, roomName='A-1', roomType='Class', roomCapacity=30, building=Building{id=1, buildingName='Changed name'}}, course=Course{id=1, courseName='History'}, teacher=Teacher{id=1, firstName='Albert', lastName='Johnson', faculty=Faculty{id=3, facultyName='Faculty of Arts'}}}, Lesson{id=273, date=2021-02-15, startTime=13:00, endTime=14:40, classroom=Classroom{id=2, roomName='A-2', roomType='Class', roomCapacity=30, building=Building{id=1, buildingName='Changed name'}}, course=Course{id=2, courseName='Philosophy'}, teacher=Teacher{id=2, firstName='Stanley', lastName='Gruber', faculty=Faculty{id=3, facultyName='Faculty of Arts'}}}, Lesson{id=274, date=2021-02-15, startTime=14:50, endTime=16:30, classroom=Classroom{id=3, roomName='B-10', roomType='Laboratory', roomCapacity=10, building=Building{id=2, buildingName='E'}}, course=Course{id=2, courseName='Philosophy'}, teacher=Teacher{id=2, firstName='Stanley', lastName='Gruber', faculty=Faculty{id=3, facultyName='Faculty of Arts'}}}, Lesson{id=275, date=2021-02-15, startTime=16:40, endTime=18:20, classroom=Classroom{id=4, roomName='A-4', roomType='Lecture', roomCapacity=50, building=Building{id=1, buildingName='Changed name'}}, course=Course{id=3, courseName='Another course's name'}, teacher=Teacher{id=3, firstName='Freya', lastName='Shepp', faculty=Faculty{id=3, facultyName='Faculty of Arts'}}}, Lesson{id=276, date=2021-02-15, startTime=09:20, endTime=11:00, classroom=Classroom{id=9, roomName='New name', roomType='Lecture', roomCapacity=50, building=Building{id=2, buildingName='E'}}, course=Course{id=6, courseName='Biology'}, teacher=Teacher{id=6, firstName='Ellie', lastName='Purh', faculty=Faculty{id=1, facultyName='Changed faculty name'}}}, Lesson{id=277, date=2021-02-15, startTime=11:10, endTime=12:50, classroom=Classroom{id=9, roomName='New name', roomType='Lecture', roomCapacity=50, building=Building{id=2, buildingName='E'}}, course=Course{id=6, courseName='Biology'}, teacher=Teacher{id=6, firstName='Ellie', lastName='Purh', faculty=Faculty{id=1, facultyName='Changed faculty name'}}}, Lesson{id=278, date=2021-02-15, startTime=13:00, endTime=14:40, classroom=Classroom{id=6, roomName='B-1', roomType='Class', roomCapacity=30, building=Building{id=2, buildingName='E'}}, course=Course{id=6, courseName='Biology'}, teacher=Teacher{id=7, firstName='Charlie', lastName='Byrne', faculty=Faculty{id=1, facultyName='Changed faculty name'}}}, Lesson{id=279, date=2021-02-15, startTime=14:50, endTime=16:30, classroom=Classroom{id=7, roomName='B-2', roomType='Class', roomCapacity=30, building=Building{id=2, buildingName='E'}}, course=Course{id=6, courseName='Biology'}, teacher=Teacher{id=7, firstName='Charlie', lastName='Byrne', faculty=Faculty{id=1, facultyName='Changed faculty name'}}}, Lesson{id=280, date=2021-02-15, startTime=16:40, endTime=18:20, classroom=Classroom{id=10, roomName='B-5', roomType='Laboratory', roomCapacity=10, building=Building{id=2, buildingName='E'}}, course=Course{id=6, courseName='Biology'}, teacher=Teacher{id=7, firstName='Charlie', lastName='Byrne', faculty=Faculty{id=1, facultyName='Changed faculty name'}}}, Lesson{id=281, date=2021-02-15, startTime=09:20, endTime=11:00, classroom=Classroom{id=14, roomName='C-4', roomType='Lecture', roomCapacity=50, building=Building{id=3, buildingName='C'}}, course=Course{id=8, courseName='Mathematics'}, teacher=Teacher{id=10, firstName='Joshua', lastName='Eve', faculty=Faculty{id=2, facultyName='Changed faculty name'}}}, Lesson{id=282, date=2021-02-15, startTime=11:10, endTime=12:50, classroom=Classroom{id=14, roomName='C-4', roomType='Lecture', roomCapacity=50, building=Building{id=3, buildingName='C'}}, course=Course{id=8, courseName='Mathematics'}, teacher=Teacher{id=10, firstName='Joshua', lastName='Eve', faculty=Faculty{id=2, facultyName='Changed faculty name'}}}, Lesson{id=283, date=2021-02-15, startTime=13:00, endTime=14:40, classroom=Classroom{id=11, roomName='C-1', roomType='Class', roomCapacity=30, building=Building{id=3, buildingName='C'}}, course=Course{id=8, courseName='Mathematics'}, teacher=Teacher{id=10, firstName='Joshua', lastName='Eve', faculty=Faculty{id=2, facultyName='Changed faculty name'}}}, Lesson{id=284, date=2021-02-15, startTime=14:50, endTime=16:30, classroom=Classroom{id=13, roomName='C-3', roomType='Class', roomCapacity=30, building=Building{id=3, buildingName='C'}}, course=Course{id=8, courseName='Mathematics'}, teacher=Teacher{id=10, firstName='Joshua', lastName='Eve', faculty=Faculty{id=2, facultyName='Changed faculty name'}}}, Lesson{id=285, date=2021-02-15, startTime=16:40, endTime=18:20, classroom=Classroom{id=15, roomName='C-5', roomType='Laboratory', roomCapacity=10, building=Building{id=3, buildingName='C'}}, course=Course{id=8, courseName='Mathematics'}, teacher=Teacher{id=10, firstName='Joshua', lastName='Eve', faculty=Faculty{id=2, facultyName='Changed faculty name'}}}, Lesson{id=286, date=2021-02-16, startTime=09:20, endTime=11:00, classroom=Classroom{id=4, roomName='A-4', roomType='Lecture', roomCapacity=50, building=Building{id=1, buildingName='Changed name'}}, course=Course{id=2, courseName='Philosophy'}, teacher=Teacher{id=2, firstName='Stanley', lastName='Gruber', faculty=Faculty{id=3, facultyName='Faculty of Arts'}}}, Lesson{id=287, date=2021-02-16, startTime=11:10, endTime=12:50, classroom=Classroom{id=1, roomName='A-1', roomType='Class', roomCapacity=30, building=Building{id=1, buildingName='Changed name'}}, course=Course{id=2, courseName='Philosophy'}, teacher=Teacher{id=2, firstName='Stanley', lastName='Gruber', faculty=Faculty{id=3, facultyName='Faculty of Arts'}}}, Lesson{id=288, date=2021-02-16, startTime=13:00, endTime=14:40, classroom=Classroom{id=2, roomName='A-2', roomType='Class', roomCapacity=30, building=Building{id=1, buildingName='Changed name'}}, course=Course{id=3, courseName='Another course's name'}, teacher=Teacher{id=3, firstName='Freya', lastName='Shepp', faculty=Faculty{id=3, facultyName='Faculty of Arts'}}}, Lesson{id=289, date=2021-02-16, startTime=14:50, endTime=16:30, classroom=Classroom{id=3, roomName='B-10', roomType='Laboratory', roomCapacity=10, building=Building{id=2, buildingName='E'}}, course=Course{id=3, courseName='Another course's name'}, teacher=Teacher{id=3, firstName='Freya', lastName='Shepp', faculty=Faculty{id=3, facultyName='Faculty of Arts'}}}, Lesson{id=290, date=2021-02-16, startTime=16:40, endTime=18:20, classroom=Classroom{id=4, roomName='A-4', roomType='Lecture', roomCapacity=50, building=Building{id=1, buildingName='Changed name'}}, course=Course{id=4, courseName='Political science'}, teacher=Teacher{id=4, firstName='Olivia', lastName='Blake', faculty=Faculty{id=3, facultyName='Faculty of Arts'}}}, Lesson{id=291, date=2021-02-16, startTime=09:20, endTime=11:00, classroom=Classroom{id=9, roomName='New name', roomType='Lecture', roomCapacity=50, building=Building{id=2, buildingName='E'}}, course=Course{id=7, courseName='Chemistry'}, teacher=Teacher{id=8, firstName='Samuel', lastName='Travis', faculty=Faculty{id=1, facultyName='Changed faculty name'}}}, Lesson{id=292, date=2021-02-16, startTime=11:10, endTime=12:50, classroom=Classroom{id=9, roomName='New name', roomType='Lecture', roomCapacity=50, building=Building{id=2, buildingName='E'}}, course=Course{id=7, courseName='Chemistry'}, teacher=Teacher{id=8, firstName='Samuel', lastName='Travis', faculty=Faculty{id=1, facultyName='Changed faculty name'}}}, Lesson{id=293, date=2021-02-16, startTime=13:00, endTime=14:40, classroom=Classroom{id=6, roomName='B-1', roomType='Class', roomCapacity=30, building=Building{id=2, buildingName='E'}}, course=Course{id=7, courseName='Chemistry'}, teacher=Teacher{id=9, firstName='Albert', lastName='Hill', faculty=Faculty{id=1, facultyName='Changed faculty name'}}}, Lesson{id=294, date=2021-02-16, startTime=14:50, endTime=16:30, classroom=Classroom{id=7, roomName='B-2', roomType='Class', roomCapacity=30, building=Building{id=2, buildingName='E'}}, course=Course{id=7, courseName='Chemistry'}, teacher=Teacher{id=9, firstName='Albert', lastName='Hill', faculty=Faculty{id=1, facultyName='Changed faculty name'}}}, Lesson{id=295, date=2021-02-16, startTime=16:40, endTime=18:20, classroom=Classroom{id=10, roomName='B-5', roomType='Laboratory', roomCapacity=10, building=Building{id=2, buildingName='E'}}, course=Course{id=7, courseName='Chemistry'}, teacher=Teacher{id=9, firstName='Albert', lastName='Hill', faculty=Faculty{id=1, facultyName='Changed faculty name'}}}, Lesson{id=296, date=2021-02-16, startTime=09:20, endTime=11:00, classroom=Classroom{id=14, roomName='C-4', roomType='Lecture', roomCapacity=50, building=Building{id=3, buildingName='C'}}, course=Course{id=9, courseName='Physics'}, teacher=Teacher{id=11, firstName='Sophia', lastName='Roos', faculty=Faculty{id=2, facultyName='Changed faculty name'}}}, Lesson{id=297, date=2021-02-16, startTime=11:10, endTime=12:50, classroom=Classroom{id=14, roomName='C-4', roomType='Lecture', roomCapacity=50, building=Building{id=3, buildingName='C'}}, course=Course{id=9, courseName='Physics'}, teacher=Teacher{id=11, firstName='Sophia', lastName='Roos', faculty=Faculty{id=2, facultyName='Changed faculty name'}}}, Lesson{id=298, date=2021-02-16, startTime=13:00, endTime=14:40, classroom=Classroom{id=11, roomName='C-1', roomType='Class', roomCapacity=30, building=Building{id=3, buildingName='C'}}, course=Course{id=9, courseName='Physics'}, teacher=Teacher{id=11, firstName='Sophia', lastName='Roos', faculty=Faculty{id=2, facultyName='Changed faculty name'}}}, Lesson{id=299, date=2021-02-16, startTime=14:50, endTime=16:30, classroom=Classroom{id=13, roomName='C-3', roomType='Class', roomCapacity=30, building=Building{id=3, buildingName='C'}}, course=Course{id=9, courseName='Physics'}, teacher=Teacher{id=11, firstName='Sophia', lastName='Roos', faculty=Faculty{id=2, facultyName='Changed faculty name'}}}, Lesson{id=300, date=2021-02-16, startTime=16:40, endTime=18:20, classroom=Classroom{id=15, roomName='C-5', roomType='Laboratory', roomCapacity=10, building=Building{id=3, buildingName='C'}}, course=Course{id=9, courseName='Physics'}, teacher=Teacher{id=11, firstName='Sophia', lastName='Roos', faculty=Faculty{id=2, facultyName='Changed faculty name'}}}, Lesson{id=301, date=2021-02-17, startTime=09:20, endTime=11:00, classroom=Classroom{id=4, roomName='A-4', roomType='Lecture', roomCapacity=50, building=Building{id=1, buildingName='Changed name'}}, course=Course{id=3, courseName='Another course's name'}, teacher=Teacher{id=3, firstName='Freya', lastName='Shepp', faculty=Faculty{id=3, facultyName='Faculty of Arts'}}}, Lesson{id=302, date=2021-02-17, startTime=11:10, endTime=12:50, classroom=Classroom{id=1, roomName='A-1', roomType='Class', roomCapacity=30, building=Building{id=1, buildingName='Changed name'}}, course=Course{id=3, courseName='Another course's name'}, teacher=Teacher{id=3, firstName='Freya', lastName='Shepp', faculty=Faculty{id=3, facultyName='Faculty of Arts'}}}, Lesson{id=303, date=2021-02-17, startTime=13:00, endTime=14:40, classroom=Classroom{id=2, roomName='A-2', roomType='Class', roomCapacity=30, building=Building{id=1, buildingName='Changed name'}}, course=Course{id=4, courseName='Political science'}, teacher=Teacher{id=4, firstName='Olivia', lastName='Blake', faculty=Faculty{id=3, facultyName='Faculty of Arts'}}}, Lesson{id=304, date=2021-02-17, startTime=14:50, endTime=16:30, classroom=Classroom{id=3, roomName='B-10', roomType='Laboratory', roomCapacity=10, building=Building{id=2, buildingName='E'}}, course=Course{id=4, courseName='Political science'}, teacher=Teacher{id=4, firstName='Olivia', lastName='Blake', faculty=Faculty{id=3, facultyName='Faculty of Arts'}}}, Lesson{id=305, date=2021-02-17, startTime=16:40, endTime=18:20, classroom=Classroom{id=4, roomName='A-4', roomType='Lecture', roomCapacity=50, building=Building{id=1, buildingName='Changed name'}}, course=Course{id=5, courseName='Culture'}, teacher=Teacher{id=5, firstName='Scarlett', lastName='Nimoy', faculty=Faculty{id=3, facultyName='Faculty of Arts'}}}, Lesson{id=306, date=2021-02-17, startTime=09:20, endTime=11:00, classroom=Classroom{id=9, roomName='New name', roomType='Lecture', roomCapacity=50, building=Building{id=2, buildingName='E'}}, course=Course{id=6, courseName='Biology'}, teacher=Teacher{id=6, firstName='Ellie', lastName='Purh', faculty=Faculty{id=1, facultyName='Changed faculty name'}}}, Lesson{id=307, date=2021-02-17, startTime=11:10, endTime=12:50, classroom=Classroom{id=9, roomName='New name', roomType='Lecture', roomCapacity=50, building=Building{id=2, buildingName='E'}}, course=Course{id=6, courseName='Biology'}, teacher=Teacher{id=6, firstName='Ellie', lastName='Purh', faculty=Faculty{id=1, facultyName='Changed faculty name'}}}, Lesson{id=308, date=2021-02-17, startTime=13:00, endTime=14:40, classroom=Classroom{id=6, roomName='B-1', roomType='Class', roomCapacity=30, building=Building{id=2, buildingName='E'}}, course=Course{id=6, courseName='Biology'}, teacher=Teacher{id=7, firstName='Charlie', lastName='Byrne', faculty=Faculty{id=1, facultyName='Changed faculty name'}}}, Lesson{id=309, date=2021-02-17, startTime=14:50, endTime=16:30, classroom=Classroom{id=7, roomName='B-2', roomType='Class', roomCapacity=30, building=Building{id=2, buildingName='E'}}, course=Course{id=6, courseName='Biology'}, teacher=Teacher{id=7, firstName='Charlie', lastName='Byrne', faculty=Faculty{id=1, facultyName='Changed faculty name'}}}, Lesson{id=310, date=2021-02-17, startTime=16:40, endTime=18:20, classroom=Classroom{id=10, roomName='B-5', roomType='Laboratory', roomCapacity=10, building=Building{id=2, buildingName='E'}}, course=Course{id=6, courseName='Biology'}, teacher=Teacher{id=7, firstName='Charlie', lastName='Byrne', faculty=Faculty{id=1, facultyName='Changed faculty name'}}}, Lesson{id=311, date=2021-02-17, startTime=09:20, endTime=11:00, classroom=Classroom{id=14, roomName='C-4', roomType='Lecture', roomCapacity=50, building=Building{id=3, buildingName='C'}}, course=Course{id=10, courseName='Geometry'}, teacher=Teacher{id=12, firstName='Mia', lastName='Brown', faculty=Faculty{id=2, facultyName='Changed faculty name'}}}, Lesson{id=312, date=2021-02-17, startTime=11:10, endTime=12:50, classroom=Classroom{id=14, roomName='C-4', roomType='Lecture', roomCapacity=50, building=Building{id=3, buildingName='C'}}, course=Course{id=10, courseName='Geometry'}, teacher=Teacher{id=12, firstName='Mia', lastName='Brown', faculty=Faculty{id=2, facultyName='Changed faculty name'}}}, Lesson{id=313, date=2021-02-17, startTime=13:00, endTime=14:40, classroom=Classroom{id=11, roomName='C-1', roomType='Class', roomCapacity=30, building=Building{id=3, buildingName='C'}}, course=Course{id=10, courseName='Geometry'}, teacher=Teacher{id=12, firstName='Mia', lastName='Brown', faculty=Faculty{id=2, facultyName='Changed faculty name'}}}, Lesson{id=314, date=2021-02-17, startTime=14:50, endTime=16:30, classroom=Classroom{id=13, roomName='C-3', roomType='Class', roomCapacity=30, building=Building{id=3, buildingName='C'}}, course=Course{id=10, courseName='Geometry'}, teacher=Teacher{id=12, firstName='Mia', lastName='Brown', faculty=Faculty{id=2, facultyName='Changed faculty name'}}}, Lesson{id=315, date=2021-02-17, startTime=16:40, endTime=18:20, classroom=Classroom{id=15, roomName='C-5', roomType='Laboratory', roomCapacity=10, building=Building{id=3, buildingName='C'}}, course=Course{id=10, courseName='Geometry'}, teacher=Teacher{id=12, firstName='Mia', lastName='Brown', faculty=Faculty{id=2, facultyName='Changed faculty name'}}}, Lesson{id=316, date=2021-02-18, startTime=09:20, endTime=11:00, classroom=Classroom{id=4, roomName='A-4', roomType='Lecture', roomCapacity=50, building=Building{id=1, buildingName='Changed name'}}, course=Course{id=4, courseName='Political science'}, teacher=Teacher{id=4, firstName='Olivia', lastName='Blake', faculty=Faculty{id=3, facultyName='Faculty of Arts'}}}, Lesson{id=317, date=2021-02-18, startTime=11:10, endTime=12:50, classroom=Classroom{id=1, roomName='A-1', roomType='Class', roomCapacity=30, building=Building{id=1, buildingName='Changed name'}}, course=Course{id=4, courseName='Political science'}, teacher=Teacher{id=4, firstName='Olivia', lastName='Blake', faculty=Faculty{id=3, facultyName='Faculty of Arts'}}}, Lesson{id=318, date=2021-02-18, startTime=13:00, endTime=14:40, classroom=Classroom{id=2, roomName='A-2', roomType='Class', roomCapacity=30, building=Building{id=1, buildingName='Changed name'}}, course=Course{id=5, courseName='Culture'}, teacher=Teacher{id=5, firstName='Scarlett', lastName='Nimoy', faculty=Faculty{id=3, facultyName='Faculty of Arts'}}}, Lesson{id=319, date=2021-02-18, startTime=14:50, endTime=16:30, classroom=Classroom{id=3, roomName='B-10', roomType='Laboratory', roomCapacity=10, building=Building{id=2, buildingName='E'}}, course=Course{id=5, courseName='Culture'}, teacher=Teacher{id=5, firstName='Scarlett', lastName='Nimoy', faculty=Faculty{id=3, facultyName='Faculty of Arts'}}}, Lesson{id=320, date=2021-02-18, startTime=16:40, endTime=18:20, classroom=Classroom{id=4, roomName='A-4', roomType='Lecture', roomCapacity=50, building=Building{id=1, buildingName='Changed name'}}, course=Course{id=1, courseName='History'}, teacher=Teacher{id=1, firstName='Albert', lastName='Johnson', faculty=Faculty{id=3, facultyName='Faculty of Arts'}}}, Lesson{id=321, date=2021-02-18, startTime=09:20, endTime=11:00, classroom=Classroom{id=9, roomName='New name', roomType='Lecture', roomCapacity=50, building=Building{id=2, buildingName='E'}}, course=Course{id=7, courseName='Chemistry'}, teacher=Teacher{id=8, firstName='Samuel', lastName='Travis', faculty=Faculty{id=1, facultyName='Changed faculty name'}}}, Lesson{id=322, date=2021-02-18, startTime=11:10, endTime=12:50, classroom=Classroom{id=9, roomName='New name', roomType='Lecture', roomCapacity=50, building=Building{id=2, buildingName='E'}}, course=Course{id=7, courseName='Chemistry'}, teacher=Teacher{id=8, firstName='Samuel', lastName='Travis', faculty=Faculty{id=1, facultyName='Changed faculty name'}}}, Lesson{id=323, date=2021-02-18, startTime=13:00, endTime=14:40, classroom=Classroom{id=6, roomName='B-1', roomType='Class', roomCapacity=30, building=Building{id=2, buildingName='E'}}, course=Course{id=7, courseName='Chemistry'}, teacher=Teacher{id=9, firstName='Albert', lastName='Hill', faculty=Faculty{id=1, facultyName='Changed faculty name'}}}, Lesson{id=324, date=2021-02-18, startTime=14:50, endTime=16:30, classroom=Classroom{id=7, roomName='B-2', roomType='Class', roomCapacity=30, building=Building{id=2, buildingName='E'}}, course=Course{id=7, courseName='Chemistry'}, teacher=Teacher{id=9, firstName='Albert', lastName='Hill', faculty=Faculty{id=1, facultyName='Changed faculty name'}}}, Lesson{id=325, date=2021-02-18, startTime=16:40, endTime=18:20, classroom=Classroom{id=10, roomName='B-5', roomType='Laboratory', roomCapacity=10, building=Building{id=2, buildingName='E'}}, course=Course{id=7, courseName='Chemistry'}, teacher=Teacher{id=9, firstName='Albert', lastName='Hill', faculty=Faculty{id=1, facultyName='Changed faculty name'}}}, Lesson{id=326, date=2021-02-18, startTime=09:20, endTime=11:00, classroom=Classroom{id=14, roomName='C-4', roomType='Lecture', roomCapacity=50, building=Building{id=3, buildingName='C'}}, course=Course{id=8, courseName='Mathematics'}, teacher=Teacher{id=10, firstName='Joshua', lastName='Eve', faculty=Faculty{id=2, facultyName='Changed faculty name'}}}, Lesson{id=327, date=2021-02-18, startTime=11:10, endTime=12:50, classroom=Classroom{id=14, roomName='C-4', roomType='Lecture', roomCapacity=50, building=Building{id=3, buildingName='C'}}, course=Course{id=8, courseName='Mathematics'}, teacher=Teacher{id=10, firstName='Joshua', lastName='Eve', faculty=Faculty{id=2, facultyName='Changed faculty name'}}}, Lesson{id=328, date=2021-02-18, startTime=13:00, endTime=14:40, classroom=Classroom{id=12, roomName='C-2', roomType='Class', roomCapacity=30, building=Building{id=3, buildingName='C'}}, course=Course{id=9, courseName='Physics'}, teacher=Teacher{id=11, firstName='Sophia', lastName='Roos', faculty=Faculty{id=2, facultyName='Changed faculty name'}}}, Lesson{id=329, date=2021-02-18, startTime=14:50, endTime=16:30, classroom=Classroom{id=12, roomName='C-2', roomType='Class', roomCapacity=30, building=Building{id=3, buildingName='C'}}, course=Course{id=10, courseName='Geometry'}, teacher=Teacher{id=12, firstName='Mia', lastName='Brown', faculty=Faculty{id=2, facultyName='Changed faculty name'}}}, Lesson{id=330, date=2021-02-18, startTime=16:40, endTime=18:20, classroom=Classroom{id=15, roomName='C-5', roomType='Laboratory', roomCapacity=10, building=Building{id=3, buildingName='C'}}, course=Course{id=8, courseName='Mathematics'}, teacher=Teacher{id=10, firstName='Joshua', lastName='Eve', faculty=Faculty{id=2, facultyName='Changed faculty name'}}}, Lesson{id=331, date=2021-02-19, startTime=09:20, endTime=11:00, classroom=Classroom{id=4, roomName='A-4', roomType='Lecture', roomCapacity=50, building=Building{id=1, buildingName='Changed name'}}, course=Course{id=5, courseName='Culture'}, teacher=Teacher{id=5, firstName='Scarlett', lastName='Nimoy', faculty=Faculty{id=3, facultyName='Faculty of Arts'}}}, Lesson{id=332, date=2021-02-19, startTime=11:10, endTime=12:50, classroom=Classroom{id=1, roomName='A-1', roomType='Class', roomCapacity=30, building=Building{id=1, buildingName='Changed name'}}, course=Course{id=5, courseName='Culture'}, teacher=Teacher{id=5, firstName='Scarlett', lastName='Nimoy', faculty=Faculty{id=3, facultyName='Faculty of Arts'}}}, Lesson{id=333, date=2021-02-19, startTime=13:00, endTime=14:40, classroom=Classroom{id=2, roomName='A-2', roomType='Class', roomCapacity=30, building=Building{id=1, buildingName='Changed name'}}, course=Course{id=1, courseName='History'}, teacher=Teacher{id=1, firstName='Albert', lastName='Johnson', faculty=Faculty{id=3, facultyName='Faculty of Arts'}}}, Lesson{id=334, date=2021-02-19, startTime=14:50, endTime=16:30, classroom=Classroom{id=3, roomName='B-10', roomType='Laboratory', roomCapacity=10, building=Building{id=2, buildingName='E'}}, course=Course{id=1, courseName='History'}, teacher=Teacher{id=1, firstName='Albert', lastName='Johnson', faculty=Faculty{id=3, facultyName='Faculty of Arts'}}}, Lesson{id=335, date=2021-02-19, startTime=16:40, endTime=18:20, classroom=Classroom{id=4, roomName='A-4', roomType='Lecture', roomCapacity=50, building=Building{id=1, buildingName='Changed name'}}, course=Course{id=2, courseName='Philosophy'}, teacher=Teacher{id=2, firstName='Stanley', lastName='Gruber', faculty=Faculty{id=3, facultyName='Faculty of Arts'}}}, Lesson{id=336, date=2021-02-19, startTime=09:20, endTime=11:00, classroom=Classroom{id=9, roomName='New name', roomType='Lecture', roomCapacity=50, building=Building{id=2, buildingName='E'}}, course=Course{id=6, courseName='Biology'}, teacher=Teacher{id=6, firstName='Ellie', lastName='Purh', faculty=Faculty{id=1, facultyName='Changed faculty name'}}}, Lesson{id=337, date=2021-02-19, startTime=11:10, endTime=12:50, classroom=Classroom{id=9, roomName='New name', roomType='Lecture', roomCapacity=50, building=Building{id=2, buildingName='E'}}, course=Course{id=6, courseName='Biology'}, teacher=Teacher{id=6, firstName='Ellie', lastName='Purh', faculty=Faculty{id=1, facultyName='Changed faculty name'}}}, Lesson{id=338, date=2021-02-19, startTime=13:00, endTime=14:40, classroom=Classroom{id=6, roomName='B-1', roomType='Class', roomCapacity=30, building=Building{id=2, buildingName='E'}}, course=Course{id=6, courseName='Biology'}, teacher=Teacher{id=7, firstName='Charlie', lastName='Byrne', faculty=Faculty{id=1, facultyName='Changed faculty name'}}}, Lesson{id=339, date=2021-02-19, startTime=14:50, endTime=16:30, classroom=Classroom{id=7, roomName='B-2', roomType='Class', roomCapacity=30, building=Building{id=2, buildingName='E'}}, course=Course{id=6, courseName='Biology'}, teacher=Teacher{id=7, firstName='Charlie', lastName='Byrne', faculty=Faculty{id=1, facultyName='Changed faculty name'}}}, Lesson{id=340, date=2021-02-19, startTime=16:40, endTime=18:20, classroom=Classroom{id=10, roomName='B-5', roomType='Laboratory', roomCapacity=10, building=Building{id=2, buildingName='E'}}, course=Course{id=6, courseName='Biology'}, teacher=Teacher{id=7, firstName='Charlie', lastName='Byrne', faculty=Faculty{id=1, facultyName='Changed faculty name'}}}, Lesson{id=341, date=2021-02-19, startTime=09:20, endTime=11:00, classroom=Classroom{id=14, roomName='C-4', roomType='Lecture', roomCapacity=50, building=Building{id=3, buildingName='C'}}, course=Course{id=9, courseName='Physics'}, teacher=Teacher{id=11, firstName='Sophia', lastName='Roos', faculty=Faculty{id=2, facultyName='Changed faculty name'}}}, Lesson{id=342, date=2021-02-19, startTime=11:10, endTime=12:50, classroom=Classroom{id=14, roomName='C-4', roomType='Lecture', roomCapacity=50, building=Building{id=3, buildingName='C'}}, course=Course{id=10, courseName='Geometry'}, teacher=Teacher{id=12, firstName='Mia', lastName='Brown', faculty=Faculty{id=2, facultyName='Changed faculty name'}}}, Lesson{id=343, date=2021-02-19, startTime=13:00, endTime=14:40, classroom=Classroom{id=13, roomName='C-3', roomType='Class', roomCapacity=30, building=Building{id=3, buildingName='C'}}, course=Course{id=8, courseName='Mathematics'}, teacher=Teacher{id=10, firstName='Joshua', lastName='Eve', faculty=Faculty{id=2, facultyName='Changed faculty name'}}}, Lesson{id=344, date=2021-02-19, startTime=14:50, endTime=16:30, classroom=Classroom{id=15, roomName='C-5', roomType='Laboratory', roomCapacity=10, building=Building{id=3, buildingName='C'}}, course=Course{id=9, courseName='Physics'}, teacher=Teacher{id=11, firstName='Sophia', lastName='Roos', faculty=Faculty{id=2, facultyName='Changed faculty name'}}}, Lesson{id=345, date=2021-02-19, startTime=16:40, endTime=18:20, classroom=Classroom{id=15, roomName='C-5', roomType='Laboratory', roomCapacity=10, building=Building{id=3, buildingName='C'}}, course=Course{id=10, courseName='Geometry'}, teacher=Teacher{id=12, firstName='Mia', lastName='Brown', faculty=Faculty{id=2, facultyName='Changed faculty name'}}}, Lesson{id=346, date=2021-02-22, startTime=09:20, endTime=11:00, classroom=Classroom{id=4, roomName='A-4', roomType='Lecture', roomCapacity=50, building=Building{id=1, buildingName='Changed name'}}, course=Course{id=1, courseName='History'}, teacher=Teacher{id=1, firstName='Albert', lastName='Johnson', faculty=Faculty{id=3, facultyName='Faculty of Arts'}}}, Lesson{id=347, date=2021-02-22, startTime=11:10, endTime=12:50, classroom=Classroom{id=1, roomName='A-1', roomType='Class', roomCapacity=30, building=Building{id=1, buildingName='Changed name'}}, course=Course{id=1, courseName='History'}, teacher=Teacher{id=1, firstName='Albert', lastName='Johnson', faculty=Faculty{id=3, facultyName='Faculty of Arts'}}}, Lesson{id=348, date=2021-02-22, startTime=13:00, endTime=14:40, classroom=Classroom{id=2, roomName='A-2', roomType='Class', roomCapacity=30, building=Building{id=1, buildingName='Changed name'}}, course=Course{id=2, courseName='Philosophy'}, teacher=Teacher{id=2, firstName='Stanley', lastName='Gruber', faculty=Faculty{id=3, facultyName='Faculty of Arts'}}}, Lesson{id=349, date=2021-02-22, startTime=14:50, endTime=16:30, classroom=Classroom{id=3, roomName='B-10', roomType='Laboratory', roomCapacity=10, building=Building{id=2, buildingName='E'}}, course=Course{id=2, courseName='Philosophy'}, teacher=Teacher{id=2, firstName='Stanley', lastName='Gruber', faculty=Faculty{id=3, facultyName='Faculty of Arts'}}}, Lesson{id=350, date=2021-02-22, startTime=16:40, endTime=18:20, classroom=Classroom{id=4, roomName='A-4', roomType='Lecture', roomCapacity=50, building=Building{id=1, buildingName='Changed name'}}, course=Course{id=3, courseName='Another course's name'}, teacher=Teacher{id=3, firstName='Freya', lastName='Shepp', faculty=Faculty{id=3, facultyName='Faculty of Arts'}}}, Lesson{id=351, date=2021-02-22, startTime=09:20, endTime=11:00, classroom=Classroom{id=9, roomName='New name', roomType='Lecture', roomCapacity=50, building=Building{id=2, buildingName='E'}}, course=Course{id=6, courseName='Biology'}, teacher=Teacher{id=6, firstName='Ellie', lastName='Purh', faculty=Faculty{id=1, facultyName='Changed faculty name'}}}, Lesson{id=352, date=2021-02-22, startTime=11:10, endTime=12:50, classroom=Classroom{id=9, roomName='New name', roomType='Lecture', roomCapacity=50, building=Building{id=2, buildingName='E'}}, course=Course{id=6, courseName='Biology'}, teacher=Teacher{id=6, firstName='Ellie', lastName='Purh', faculty=Faculty{id=1, facultyName='Changed faculty name'}}}, Lesson{id=353, date=2021-02-22, startTime=13:00, endTime=14:40, classroom=Classroom{id=6, roomName='B-1', roomType='Class', roomCapacity=30, building=Building{id=2, buildingName='E'}}, course=Course{id=6, courseName='Biology'}, teacher=Teacher{id=7, firstName='Charlie', lastName='Byrne', faculty=Faculty{id=1, facultyName='Changed faculty name'}}}, Lesson{id=354, date=2021-02-22, startTime=14:50, endTime=16:30, classroom=Classroom{id=7, roomName='B-2', roomType='Class', roomCapacity=30, building=Building{id=2, buildingName='E'}}, course=Course{id=6, courseName='Biology'}, teacher=Teacher{id=7, firstName='Charlie', lastName='Byrne', faculty=Faculty{id=1, facultyName='Changed faculty name'}}}, Lesson{id=355, date=2021-02-22, startTime=16:40, endTime=18:20, classroom=Classroom{id=10, roomName='B-5', roomType='Laboratory', roomCapacity=10, building=Building{id=2, buildingName='E'}}, course=Course{id=6, courseName='Biology'}, teacher=Teacher{id=7, firstName='Charlie', lastName='Byrne', faculty=Faculty{id=1, facultyName='Changed faculty name'}}}, Lesson{id=356, date=2021-02-22, startTime=09:20, endTime=11:00, classroom=Classroom{id=14, roomName='C-4', roomType='Lecture', roomCapacity=50, building=Building{id=3, buildingName='C'}}, course=Course{id=8, courseName='Mathematics'}, teacher=Teacher{id=10, firstName='Joshua', lastName='Eve', faculty=Faculty{id=2, facultyName='Changed faculty name'}}}, Lesson{id=357, date=2021-02-22, startTime=11:10, endTime=12:50, classroom=Classroom{id=14, roomName='C-4', roomType='Lecture', roomCapacity=50, building=Building{id=3, buildingName='C'}}, course=Course{id=8, courseName='Mathematics'}, teacher=Teacher{id=10, firstName='Joshua', lastName='Eve', faculty=Faculty{id=2, facultyName='Changed faculty name'}}}, Lesson{id=358, date=2021-02-22, startTime=13:00, endTime=14:40, classroom=Classroom{id=11, roomName='C-1', roomType='Class', roomCapacity=30, building=Building{id=3, buildingName='C'}}, course=Course{id=8, courseName='Mathematics'}, teacher=Teacher{id=10, firstName='Joshua', lastName='Eve', faculty=Faculty{id=2, facultyName='Changed faculty name'}}}, Lesson{id=359, date=2021-02-22, startTime=14:50, endTime=16:30, classroom=Classroom{id=13, roomName='C-3', roomType='Class', roomCapacity=30, building=Building{id=3, buildingName='C'}}, course=Course{id=8, courseName='Mathematics'}, teacher=Teacher{id=10, firstName='Joshua', lastName='Eve', faculty=Faculty{id=2, facultyName='Changed faculty name'}}}, Lesson{id=360, date=2021-02-22, startTime=16:40, endTime=18:20, classroom=Classroom{id=15, roomName='C-5', roomType='Laboratory', roomCapacity=10, building=Building{id=3, buildingName='C'}}, course=Course{id=8, courseName='Mathematics'}, teacher=Teacher{id=10, firstName='Joshua', lastName='Eve', faculty=Faculty{id=2, facultyName='Changed faculty name'}}}, Lesson{id=361, date=2021-02-23, startTime=09:20, endTime=11:00, classroom=Classroom{id=4, roomName='A-4', roomType='Lecture', roomCapacity=50, building=Building{id=1, buildingName='Changed name'}}, course=Course{id=2, courseName='Philosophy'}, teacher=Teacher{id=2, firstName='Stanley', lastName='Gruber', faculty=Faculty{id=3, facultyName='Faculty of Arts'}}}, Lesson{id=362, date=2021-02-23, startTime=11:10, endTime=12:50, classroom=Classroom{id=1, roomName='A-1', roomType='Class', roomCapacity=30, building=Building{id=1, buildingName='Changed name'}}, course=Course{id=2, courseName='Philosophy'}, teacher=Teacher{id=2, firstName='Stanley', lastName='Gruber', faculty=Faculty{id=3, facultyName='Faculty of Arts'}}}, Lesson{id=363, date=2021-02-23, startTime=13:00, endTime=14:40, classroom=Classroom{id=2, roomName='A-2', roomType='Class', roomCapacity=30, building=Building{id=1, buildingName='Changed name'}}, course=Course{id=3, courseName='Another course's name'}, teacher=Teacher{id=3, firstName='Freya', lastName='Shepp', faculty=Faculty{id=3, facultyName='Faculty of Arts'}}}, Lesson{id=364, date=2021-02-23, startTime=14:50, endTime=16:30, classroom=Classroom{id=3, roomName='B-10', roomType='Laboratory', roomCapacity=10, building=Building{id=2, buildingName='E'}}, course=Course{id=3, courseName='Another course's name'}, teacher=Teacher{id=3, firstName='Freya', lastName='Shepp', faculty=Faculty{id=3, facultyName='Faculty of Arts'}}}, Lesson{id=365, date=2021-02-23, startTime=16:40, endTime=18:20, classroom=Classroom{id=4, roomName='A-4', roomType='Lecture', roomCapacity=50, building=Building{id=1, buildingName='Changed name'}}, course=Course{id=4, courseName='Political science'}, teacher=Teacher{id=4, firstName='Olivia', lastName='Blake', faculty=Faculty{id=3, facultyName='Faculty of Arts'}}}, Lesson{id=366, date=2021-02-23, startTime=09:20, endTime=11:00, classroom=Classroom{id=9, roomName='New name', roomType='Lecture', roomCapacity=50, building=Building{id=2, buildingName='E'}}, course=Course{id=7, courseName='Chemistry'}, teacher=Teacher{id=8, firstName='Samuel', lastName='Travis', faculty=Faculty{id=1, facultyName='Changed faculty name'}}}, Lesson{id=367, date=2021-02-23, startTime=11:10, endTime=12:50, classroom=Classroom{id=9, roomName='New name', roomType='Lecture', roomCapacity=50, building=Building{id=2, buildingName='E'}}, course=Course{id=7, courseName='Chemistry'}, teacher=Teacher{id=8, firstName='Samuel', lastName='Travis', faculty=Faculty{id=1, facultyName='Changed faculty name'}}}, Lesson{id=368, date=2021-02-23, startTime=13:00, endTime=14:40, classroom=Classroom{id=6, roomName='B-1', roomType='Class', roomCapacity=30, building=Building{id=2, buildingName='E'}}, course=Course{id=7, courseName='Chemistry'}, teacher=Teacher{id=9, firstName='Albert', lastName='Hill', faculty=Faculty{id=1, facultyName='Changed faculty name'}}}, Lesson{id=369, date=2021-02-23, startTime=14:50, endTime=16:30, classroom=Classroom{id=7, roomName='B-2', roomType='Class', roomCapacity=30, building=Building{id=2, buildingName='E'}}, course=Course{id=7, courseName='Chemistry'}, teacher=Teacher{id=9, firstName='Albert', lastName='Hill', faculty=Faculty{id=1, facultyName='Changed faculty name'}}}, Lesson{id=370, date=2021-02-23, startTime=16:40, endTime=18:20, classroom=Classroom{id=10, roomName='B-5', roomType='Laboratory', roomCapacity=10, building=Building{id=2, buildingName='E'}}, course=Course{id=7, courseName='Chemistry'}, teacher=Teacher{id=9, firstName='Albert', lastName='Hill', faculty=Faculty{id=1, facultyName='Changed faculty name'}}}, Lesson{id=371, date=2021-02-23, startTime=09:20, endTime=11:00, classroom=Classroom{id=14, roomName='C-4', roomType='Lecture', roomCapacity=50, building=Building{id=3, buildingName='C'}}, course=Course{id=9, courseName='Physics'}, teacher=Teacher{id=11, firstName='Sophia', lastName='Roos', faculty=Faculty{id=2, facultyName='Changed faculty name'}}}, Lesson{id=372, date=2021-02-23, startTime=11:10, endTime=12:50, classroom=Classroom{id=14, roomName='C-4', roomType='Lecture', roomCapacity=50, building=Building{id=3, buildingName='C'}}, course=Course{id=9, courseName='Physics'}, teacher=Teacher{id=11, firstName='Sophia', lastName='Roos', faculty=Faculty{id=2, facultyName='Changed faculty name'}}}, Lesson{id=373, date=2021-02-23, startTime=13:00, endTime=14:40, classroom=Classroom{id=11, roomName='C-1', roomType='Class', roomCapacity=30, building=Building{id=3, buildingName='C'}}, course=Course{id=9, courseName='Physics'}, teacher=Teacher{id=11, firstName='Sophia', lastName='Roos', faculty=Faculty{id=2, facultyName='Changed faculty name'}}}, Lesson{id=374, date=2021-02-23, startTime=14:50, endTime=16:30, classroom=Classroom{id=13, roomName='C-3', roomType='Class', roomCapacity=30, building=Building{id=3, buildingName='C'}}, course=Course{id=9, courseName='Physics'}, teacher=Teacher{id=11, firstName='Sophia', lastName='Roos', faculty=Faculty{id=2, facultyName='Changed faculty name'}}}, Lesson{id=375, date=2021-02-23, startTime=16:40, endTime=18:20, classroom=Classroom{id=15, roomName='C-5', roomType='Laboratory', roomCapacity=10, building=Building{id=3, buildingName='C'}}, course=Course{id=9, courseName='Physics'}, teacher=Teacher{id=11, firstName='Sophia', lastName='Roos', faculty=Faculty{id=2, facultyName='Changed faculty name'}}}, Lesson{id=376, date=2021-02-24, startTime=09:20, endTime=11:00, classroom=Classroom{id=4, roomName='A-4', roomType='Lecture', roomCapacity=50, building=Building{id=1, buildingName='Changed name'}}, course=Course{id=3, courseName='Another course's name'}, teacher=Teacher{id=3, firstName='Freya', lastName='Shepp', faculty=Faculty{id=3, facultyName='Faculty of Arts'}}}, Lesson{id=377, date=2021-02-24, startTime=11:10, endTime=12:50, classroom=Classroom{id=1, roomName='A-1', roomType='Class', roomCapacity=30, building=Building{id=1, buildingName='Changed name'}}, course=Course{id=3, courseName='Another course's name'}, teacher=Teacher{id=3, firstName='Freya', lastName='Shepp', faculty=Faculty{id=3, facultyName='Faculty of Arts'}}}, Lesson{id=378, date=2021-02-24, startTime=13:00, endTime=14:40, classroom=Classroom{id=2, roomName='A-2', roomType='Class', roomCapacity=30, building=Building{id=1, buildingName='Changed name'}}, course=Course{id=4, courseName='Political science'}, teacher=Teacher{id=4, firstName='Olivia', lastName='Blake', faculty=Faculty{id=3, facultyName='Faculty of Arts'}}}, Lesson{id=379, date=2021-02-24, startTime=14:50, endTime=16:30, classroom=Classroom{id=3, roomName='B-10', roomType='Laboratory', roomCapacity=10, building=Building{id=2, buildingName='E'}}, course=Course{id=4, courseName='Political science'}, teacher=Teacher{id=4, firstName='Olivia', lastName='Blake', faculty=Faculty{id=3, facultyName='Faculty of Arts'}}}, Lesson{id=380, date=2021-02-24, startTime=16:40, endTime=18:20, classroom=Classroom{id=4, roomName='A-4', roomType='Lecture', roomCapacity=50, building=Building{id=1, buildingName='Changed name'}}, course=Course{id=5, courseName='Culture'}, teacher=Teacher{id=5, firstName='Scarlett', lastName='Nimoy', faculty=Faculty{id=3, facultyName='Faculty of Arts'}}}, Lesson{id=381, date=2021-02-24, startTime=09:20, endTime=11:00, classroom=Classroom{id=9, roomName='New name', roomType='Lecture', roomCapacity=50, building=Building{id=2, buildingName='E'}}, course=Course{id=6, courseName='Biology'}, teacher=Teacher{id=6, firstName='Ellie', lastName='Purh', faculty=Faculty{id=1, facultyName='Changed faculty name'}}}, Lesson{id=382, date=2021-02-24, startTime=11:10, endTime=12:50, classroom=Classroom{id=9, roomName='New name', roomType='Lecture', roomCapacity=50, building=Building{id=2, buildingName='E'}}, course=Course{id=6, courseName='Biology'}, teacher=Teacher{id=6, firstName='Ellie', lastName='Purh', faculty=Faculty{id=1, facultyName='Changed faculty name'}}}, Lesson{id=383, date=2021-02-24, startTime=13:00, endTime=14:40, classroom=Classroom{id=6, roomName='B-1', roomType='Class', roomCapacity=30, building=Building{id=2, buildingName='E'}}, course=Course{id=6, courseName='Biology'}, teacher=Teacher{id=7, firstName='Charlie', lastName='Byrne', faculty=Faculty{id=1, facultyName='Changed faculty name'}}}, Lesson{id=384, date=2021-02-24, startTime=14:50, endTime=16:30, classroom=Classroom{id=7, roomName='B-2', roomType='Class', roomCapacity=30, building=Building{id=2, buildingName='E'}}, course=Course{id=6, courseName='Biology'}, teacher=Teacher{id=7, firstName='Charlie', lastName='Byrne', faculty=Faculty{id=1, facultyName='Changed faculty name'}}}, Lesson{id=385, date=2021-02-24, startTime=16:40, endTime=18:20, classroom=Classroom{id=10, roomName='B-5', roomType='Laboratory', roomCapacity=10, building=Building{id=2, buildingName='E'}}, course=Course{id=6, courseName='Biology'}, teacher=Teacher{id=7, firstName='Charlie', lastName='Byrne', faculty=Faculty{id=1, facultyName='Changed faculty name'}}}, Lesson{id=386, date=2021-02-24, startTime=09:20, endTime=11:00, classroom=Classroom{id=14, roomName='C-4', roomType='Lecture', roomCapacity=50, building=Building{id=3, buildingName='C'}}, course=Course{id=10, courseName='Geometry'}, teacher=Teacher{id=12, firstName='Mia', lastName='Brown', faculty=Faculty{id=2, facultyName='Changed faculty name'}}}, Lesson{id=387, date=2021-02-24, startTime=11:10, endTime=12:50, classroom=Classroom{id=14, roomName='C-4', roomType='Lecture', roomCapacity=50, building=Building{id=3, buildingName='C'}}, course=Course{id=10, courseName='Geometry'}, teacher=Teacher{id=12, firstName='Mia', lastName='Brown', faculty=Faculty{id=2, facultyName='Changed faculty name'}}}, Lesson{id=388, date=2021-02-24, startTime=13:00, endTime=14:40, classroom=Classroom{id=11, roomName='C-1', roomType='Class', roomCapacity=30, building=Building{id=3, buildingName='C'}}, course=Course{id=10, courseName='Geometry'}, teacher=Teacher{id=12, firstName='Mia', lastName='Brown', faculty=Faculty{id=2, facultyName='Changed faculty name'}}}, Lesson{id=389, date=2021-02-24, startTime=14:50, endTime=16:30, classroom=Classroom{id=13, roomName='C-3', roomType='Class', roomCapacity=30, building=Building{id=3, buildingName='C'}}, course=Course{id=10, courseName='Geometry'}, teacher=Teacher{id=12, firstName='Mia', lastName='Brown', faculty=Faculty{id=2, facultyName='Changed faculty name'}}}, Lesson{id=390, date=2021-02-24, startTime=16:40, endTime=18:20, classroom=Classroom{id=15, roomName='C-5', roomType='Laboratory', roomCapacity=10, building=Building{id=3, buildingName='C'}}, course=Course{id=10, courseName='Geometry'}, teacher=Teacher{id=12, firstName='Mia', lastName='Brown', faculty=Faculty{id=2, facultyName='Changed faculty name'}}}, Lesson{id=391, date=2021-02-25, startTime=09:20, endTime=11:00, classroom=Classroom{id=4, roomName='A-4', roomType='Lecture', roomCapacity=50, building=Building{id=1, buildingName='Changed name'}}, course=Course{id=4, courseName='Political science'}, teacher=Teacher{id=4, firstName='Olivia', lastName='Blake', faculty=Faculty{id=3, facultyName='Faculty of Arts'}}}, Lesson{id=392, date=2021-02-25, startTime=11:10, endTime=12:50, classroom=Classroom{id=1, roomName='A-1', roomType='Class', roomCapacity=30, building=Building{id=1, buildingName='Changed name'}}, course=Course{id=4, courseName='Political science'}, teacher=Teacher{id=4, firstName='Olivia', lastName='Blake', faculty=Faculty{id=3, facultyName='Faculty of Arts'}}}, Lesson{id=393, date=2021-02-25, startTime=13:00, endTime=14:40, classroom=Classroom{id=2, roomName='A-2', roomType='Class', roomCapacity=30, building=Building{id=1, buildingName='Changed name'}}, course=Course{id=5, courseName='Culture'}, teacher=Teacher{id=5, firstName='Scarlett', lastName='Nimoy', faculty=Faculty{id=3, facultyName='Faculty of Arts'}}}, Lesson{id=394, date=2021-02-25, startTime=14:50, endTime=16:30, classroom=Classroom{id=3, roomName='B-10', roomType='Laboratory', roomCapacity=10, building=Building{id=2, buildingName='E'}}, course=Course{id=5, courseName='Culture'}, teacher=Teacher{id=5, firstName='Scarlett', lastName='Nimoy', faculty=Faculty{id=3, facultyName='Faculty of Arts'}}}, Lesson{id=395, date=2021-02-25, startTime=16:40, endTime=18:20, classroom=Classroom{id=4, roomName='A-4', roomType='Lecture', roomCapacity=50, building=Building{id=1, buildingName='Changed name'}}, course=Course{id=1, courseName='History'}, teacher=Teacher{id=1, firstName='Albert', lastName='Johnson', faculty=Faculty{id=3, facultyName='Faculty of Arts'}}}, Lesson{id=396, date=2021-02-25, startTime=09:20, endTime=11:00, classroom=Classroom{id=9, roomName='New name', roomType='Lecture', roomCapacity=50, building=Building{id=2, buildingName='E'}}, course=Course{id=7, courseName='Chemistry'}, teacher=Teacher{id=8, firstName='Samuel', lastName='Travis', faculty=Faculty{id=1, facultyName='Changed faculty name'}}}, Lesson{id=397, date=2021-02-25, startTime=11:10, endTime=12:50, classroom=Classroom{id=9, roomName='New name', roomType='Lecture', roomCapacity=50, building=Building{id=2, buildingName='E'}}, course=Course{id=7, courseName='Chemistry'}, teacher=Teacher{id=8, firstName='Samuel', lastName='Travis', faculty=Faculty{id=1, facultyName='Changed faculty name'}}}, Lesson{id=398, date=2021-02-25, startTime=13:00, endTime=14:40, classroom=Classroom{id=6, roomName='B-1', roomType='Class', roomCapacity=30, building=Building{id=2, buildingName='E'}}, course=Course{id=7, courseName='Chemistry'}, teacher=Teacher{id=9, firstName='Albert', lastName='Hill', faculty=Faculty{id=1, facultyName='Changed faculty name'}}}, Lesson{id=399, date=2021-02-25, startTime=14:50, endTime=16:30, classroom=Classroom{id=7, roomName='B-2', roomType='Class', roomCapacity=30, building=Building{id=2, buildingName='E'}}, course=Course{id=7, courseName='Chemistry'}, teacher=Teacher{id=9, firstName='Albert', lastName='Hill', faculty=Faculty{id=1, facultyName='Changed faculty name'}}}, Lesson{id=400, date=2021-02-25, startTime=16:40, endTime=18:20, classroom=Classroom{id=10, roomName='B-5', roomType='Laboratory', roomCapacity=10, building=Building{id=2, buildingName='E'}}, course=Course{id=7, courseName='Chemistry'}, teacher=Teacher{id=9, firstName='Albert', lastName='Hill', faculty=Faculty{id=1, facultyName='Changed faculty name'}}}, Lesson{id=401, date=2021-02-25, startTime=09:20, endTime=11:00, classroom=Classroom{id=14, roomName='C-4', roomType='Lecture', roomCapacity=50, building=Building{id=3, buildingName='C'}}, course=Course{id=8, courseName='Mathematics'}, teacher=Teacher{id=10, firstName='Joshua', lastName='Eve', faculty=Faculty{id=2, facultyName='Changed faculty name'}}}, Lesson{id=402, date=2021-02-25, startTime=11:10, endTime=12:50, classroom=Classroom{id=14, roomName='C-4', roomType='Lecture', roomCapacity=50, building=Building{id=3, buildingName='C'}}, course=Course{id=8, courseName='Mathematics'}, teacher=Teacher{id=10, firstName='Joshua', lastName='Eve', faculty=Faculty{id=2, facultyName='Changed faculty name'}}}, Lesson{id=403, date=2021-02-25, startTime=13:00, endTime=14:40, classroom=Classroom{id=12, roomName='C-2', roomType='Class', roomCapacity=30, building=Building{id=3, buildingName='C'}}, course=Course{id=9, courseName='Physics'}, teacher=Teacher{id=11, firstName='Sophia', lastName='Roos', faculty=Faculty{id=2, facultyName='Changed faculty name'}}}, Lesson{id=404, date=2021-02-25, startTime=14:50, endTime=16:30, classroom=Classroom{id=12, roomName='C-2', roomType='Class', roomCapacity=30, building=Building{id=3, buildingName='C'}}, course=Course{id=10, courseName='Geometry'}, teacher=Teacher{id=12, firstName='Mia', lastName='Brown', faculty=Faculty{id=2, facultyName='Changed faculty name'}}}, Lesson{id=405, date=2021-02-25, startTime=16:40, endTime=18:20, classroom=Classroom{id=15, roomName='C-5', roomType='Laboratory', roomCapacity=10, building=Building{id=3, buildingName='C'}}, course=Course{id=8, courseName='Mathematics'}, teacher=Teacher{id=10, firstName='Joshua', lastName='Eve', faculty=Faculty{id=2, facultyName='Changed faculty name'}}}, Lesson{id=406, date=2021-02-26, startTime=09:20, endTime=11:00, classroom=Classroom{id=4, roomName='A-4', roomType='Lecture', roomCapacity=50, building=Building{id=1, buildingName='Changed name'}}, course=Course{id=5, courseName='Culture'}, teacher=Teacher{id=5, firstName='Scarlett', lastName='Nimoy', faculty=Faculty{id=3, facultyName='Faculty of Arts'}}}, Lesson{id=407, date=2021-02-26, startTime=11:10, endTime=12:50, classroom=Classroom{id=1, roomName='A-1', roomType='Class', roomCapacity=30, building=Building{id=1, buildingName='Changed name'}}, course=Course{id=5, courseName='Culture'}, teacher=Teacher{id=5, firstName='Scarlett', lastName='Nimoy', faculty=Faculty{id=3, facultyName='Faculty of Arts'}}}, Lesson{id=408, date=2021-02-26, startTime=13:00, endTime=14:40, classroom=Classroom{id=2, roomName='A-2', roomType='Class', roomCapacity=30, building=Building{id=1, buildingName='Changed name'}}, course=Course{id=1, courseName='History'}, teacher=Teacher{id=1, firstName='Albert', lastName='Johnson', faculty=Faculty{id=3, facultyName='Faculty of Arts'}}}, Lesson{id=409, date=2021-02-26, startTime=14:50, endTime=16:30, classroom=Classroom{id=3, roomName='B-10', roomType='Laboratory', roomCapacity=10, building=Building{id=2, buildingName='E'}}, course=Course{id=1, courseName='History'}, teacher=Teacher{id=1, firstName='Albert', lastName='Johnson', faculty=Faculty{id=3, facultyName='Faculty of Arts'}}}, Lesson{id=410, date=2021-02-26, startTime=16:40, endTime=18:20, classroom=Classroom{id=4, roomName='A-4', roomType='Lecture', roomCapacity=50, building=Building{id=1, buildingName='Changed name'}}, course=Course{id=2, courseName='Philosophy'}, teacher=Teacher{id=2, firstName='Stanley', lastName='Gruber', faculty=Faculty{id=3, facultyName='Faculty of Arts'}}}, Lesson{id=411, date=2021-02-26, startTime=09:20, endTime=11:00, classroom=Classroom{id=9, roomName='New name', roomType='Lecture', roomCapacity=50, building=Building{id=2, buildingName='E'}}, course=Course{id=6, courseName='Biology'}, teacher=Teacher{id=6, firstName='Ellie', lastName='Purh', faculty=Faculty{id=1, facultyName='Changed faculty name'}}}, Lesson{id=412, date=2021-02-26, startTime=11:10, endTime=12:50, classroom=Classroom{id=9, roomName='New name', roomType='Lecture', roomCapacity=50, building=Building{id=2, buildingName='E'}}, course=Course{id=6, courseName='Biology'}, teacher=Teacher{id=6, firstName='Ellie', lastName='Purh', faculty=Faculty{id=1, facultyName='Changed faculty name'}}}, Lesson{id=413, date=2021-02-26, startTime=13:00, endTime=14:40, classroom=Classroom{id=6, roomName='B-1', roomType='Class', roomCapacity=30, building=Building{id=2, buildingName='E'}}, course=Course{id=6, courseName='Biology'}, teacher=Teacher{id=7, firstName='Charlie', lastName='Byrne', faculty=Faculty{id=1, facultyName='Changed faculty name'}}}, Lesson{id=414, date=2021-02-26, startTime=14:50, endTime=16:30, classroom=Classroom{id=7, roomName='B-2', roomType='Class', roomCapacity=30, building=Building{id=2, buildingName='E'}}, course=Course{id=6, courseName='Biology'}, teacher=Teacher{id=7, firstName='Charlie', lastName='Byrne', faculty=Faculty{id=1, facultyName='Changed faculty name'}}}, Lesson{id=415, date=2021-02-26, startTime=16:40, endTime=18:20, classroom=Classroom{id=10, roomName='B-5', roomType='Laboratory', roomCapacity=10, building=Building{id=2, buildingName='E'}}, course=Course{id=6, courseName='Biology'}, teacher=Teacher{id=7, firstName='Charlie', lastName='Byrne', faculty=Faculty{id=1, facultyName='Changed faculty name'}}}, Lesson{id=416, date=2021-02-26, startTime=09:20, endTime=11:00, classroom=Classroom{id=14, roomName='C-4', roomType='Lecture', roomCapacity=50, building=Building{id=3, buildingName='C'}}, course=Course{id=9, courseName='Physics'}, teacher=Teacher{id=11, firstName='Sophia', lastName='Roos', faculty=Faculty{id=2, facultyName='Changed faculty name'}}}, Lesson{id=417, date=2021-02-26, startTime=11:10, endTime=12:50, classroom=Classroom{id=14, roomName='C-4', roomType='Lecture', roomCapacity=50, building=Building{id=3, buildingName='C'}}, course=Course{id=10, courseName='Geometry'}, teacher=Teacher{id=12, firstName='Mia', lastName='Brown', faculty=Faculty{id=2, facultyName='Changed faculty name'}}}, Lesson{id=418, date=2021-02-26, startTime=13:00, endTime=14:40, classroom=Classroom{id=13, roomName='C-3', roomType='Class', roomCapacity=30, building=Building{id=3, buildingName='C'}}, course=Course{id=8, courseName='Mathematics'}, teacher=Teacher{id=10, firstName='Joshua', lastName='Eve', faculty=Faculty{id=2, facultyName='Changed faculty name'}}}, Lesson{id=419, date=2021-02-26, startTime=14:50, endTime=16:30, classroom=Classroom{id=15, roomName='C-5', roomType='Laboratory', roomCapacity=10, building=Building{id=3, buildingName='C'}}, course=Course{id=9, courseName='Physics'}, teacher=Teacher{id=11, firstName='Sophia', lastName='Roos', faculty=Faculty{id=2, facultyName='Changed faculty name'}}}, Lesson{id=420, date=2021-02-26, startTime=16:40, endTime=18:20, classroom=Classroom{id=15, roomName='C-5', roomType='Laboratory', roomCapacity=10, building=Building{id=3, buildingName='C'}}, course=Course{id=10, courseName='Geometry'}, teacher=Teacher{id=12, firstName='Mia', lastName='Brown', faculty=Faculty{id=2, facultyName='Changed faculty name'}}}, Lesson{id=421, date=2021-03-01, startTime=09:20, endTime=11:00, classroom=Classroom{id=4, roomName='A-4', roomType='Lecture', roomCapacity=50, building=Building{id=1, buildingName='Changed name'}}, course=Course{id=1, courseName='History'}, teacher=Teacher{id=1, firstName='Albert', lastName='Johnson', faculty=Faculty{id=3, facultyName='Faculty of Arts'}}}, Lesson{id=422, date=2021-03-01, startTime=11:10, endTime=12:50, classroom=Classroom{id=1, roomName='A-1', roomType='Class', roomCapacity=30, building=Building{id=1, buildingName='Changed name'}}, course=Course{id=1, courseName='History'}, teacher=Teacher{id=1, firstName='Albert', lastName='Johnson', faculty=Faculty{id=3, facultyName='Faculty of Arts'}}}, Lesson{id=423, date=2021-03-01, startTime=13:00, endTime=14:40, classroom=Classroom{id=2, roomName='A-2', roomType='Class', roomCapacity=30, building=Building{id=1, buildingName='Changed name'}}, course=Course{id=2, courseName='Philosophy'}, teacher=Teacher{id=2, firstName='Stanley', lastName='Gruber', faculty=Faculty{id=3, facultyName='Faculty of Arts'}}}, Lesson{id=424, date=2021-03-01, startTime=14:50, endTime=16:30, classroom=Classroom{id=3, roomName='B-10', roomType='Laboratory', roomCapacity=10, building=Building{id=2, buildingName='E'}}, course=Course{id=2, courseName='Philosophy'}, teacher=Teacher{id=2, firstName='Stanley', lastName='Gruber', faculty=Faculty{id=3, facultyName='Faculty of Arts'}}}, Lesson{id=425, date=2021-03-01, startTime=16:40, endTime=18:20, classroom=Classroom{id=4, roomName='A-4', roomType='Lecture', roomCapacity=50, building=Building{id=1, buildingName='Changed name'}}, course=Course{id=3, courseName='Another course's name'}, teacher=Teacher{id=3, firstName='Freya', lastName='Shepp', faculty=Faculty{id=3, facultyName='Faculty of Arts'}}}, Lesson{id=426, date=2021-03-01, startTime=09:20, endTime=11:00, classroom=Classroom{id=9, roomName='New name', roomType='Lecture', roomCapacity=50, building=Building{id=2, buildingName='E'}}, course=Course{id=6, courseName='Biology'}, teacher=Teacher{id=6, firstName='Ellie', lastName='Purh', faculty=Faculty{id=1, facultyName='Changed faculty name'}}}, Lesson{id=427, date=2021-03-01, startTime=11:10, endTime=12:50, classroom=Classroom{id=9, roomName='New name', roomType='Lecture', roomCapacity=50, building=Building{id=2, buildingName='E'}}, course=Course{id=6, courseName='Biology'}, teacher=Teacher{id=6, firstName='Ellie', lastName='Purh', faculty=Faculty{id=1, facultyName='Changed faculty name'}}}, Lesson{id=428, date=2021-03-01, startTime=13:00, endTime=14:40, classroom=Classroom{id=6, roomName='B-1', roomType='Class', roomCapacity=30, building=Building{id=2, buildingName='E'}}, course=Course{id=6, courseName='Biology'}, teacher=Teacher{id=7, firstName='Charlie', lastName='Byrne', faculty=Faculty{id=1, facultyName='Changed faculty name'}}}, Lesson{id=429, date=2021-03-01, startTime=14:50, endTime=16:30, classroom=Classroom{id=7, roomName='B-2', roomType='Class', roomCapacity=30, building=Building{id=2, buildingName='E'}}, course=Course{id=6, courseName='Biology'}, teacher=Teacher{id=7, firstName='Charlie', lastName='Byrne', faculty=Faculty{id=1, facultyName='Changed faculty name'}}}, Lesson{id=430, date=2021-03-01, startTime=16:40, endTime=18:20, classroom=Classroom{id=10, roomName='B-5', roomType='Laboratory', roomCapacity=10, building=Building{id=2, buildingName='E'}}, course=Course{id=6, courseName='Biology'}, teacher=Teacher{id=7, firstName='Charlie', lastName='Byrne', faculty=Faculty{id=1, facultyName='Changed faculty name'}}}, Lesson{id=431, date=2021-03-01, startTime=09:20, endTime=11:00, classroom=Classroom{id=14, roomName='C-4', roomType='Lecture', roomCapacity=50, building=Building{id=3, buildingName='C'}}, course=Course{id=8, courseName='Mathematics'}, teacher=Teacher{id=10, firstName='Joshua', lastName='Eve', faculty=Faculty{id=2, facultyName='Changed faculty name'}}}, Lesson{id=432, date=2021-03-01, startTime=11:10, endTime=12:50, classroom=Classroom{id=14, roomName='C-4', roomType='Lecture', roomCapacity=50, building=Building{id=3, buildingName='C'}}, course=Course{id=8, courseName='Mathematics'}, teacher=Teacher{id=10, firstName='Joshua', lastName='Eve', faculty=Faculty{id=2, facultyName='Changed faculty name'}}}, Lesson{id=433, date=2021-03-01, startTime=13:00, endTime=14:40, classroom=Classroom{id=11, roomName='C-1', roomType='Class', roomCapacity=30, building=Building{id=3, buildingName='C'}}, course=Course{id=8, courseName='Mathematics'}, teacher=Teacher{id=10, firstName='Joshua', lastName='Eve', faculty=Faculty{id=2, facultyName='Changed faculty name'}}}, Lesson{id=434, date=2021-03-01, startTime=14:50, endTime=16:30, classroom=Classroom{id=13, roomName='C-3', roomType='Class', roomCapacity=30, building=Building{id=3, buildingName='C'}}, course=Course{id=8, courseName='Mathematics'}, teacher=Teacher{id=10, firstName='Joshua', lastName='Eve', faculty=Faculty{id=2, facultyName='Changed faculty name'}}}, Lesson{id=435, date=2021-03-01, startTime=16:40, endTime=18:20, classroom=Classroom{id=15, roomName='C-5', roomType='Laboratory', roomCapacity=10, building=Building{id=3, buildingName='C'}}, course=Course{id=8, courseName='Mathematics'}, teacher=Teacher{id=10, firstName='Joshua', lastName='Eve', faculty=Faculty{id=2, facultyName='Changed faculty name'}}}, Lesson{id=436, date=2021-03-02, startTime=09:20, endTime=11:00, classroom=Classroom{id=4, roomName='A-4', roomType='Lecture', roomCapacity=50, building=Building{id=1, buildingName='Changed name'}}, course=Course{id=2, courseName='Philosophy'}, teacher=Teacher{id=2, firstName='Stanley', lastName='Gruber', faculty=Faculty{id=3, facultyName='Faculty of Arts'}}}, Lesson{id=437, date=2021-03-02, startTime=11:10, endTime=12:50, classroom=Classroom{id=1, roomName='A-1', roomType='Class', roomCapacity=30, building=Building{id=1, buildingName='Changed name'}}, course=Course{id=2, courseName='Philosophy'}, teacher=Teacher{id=2, firstName='Stanley', lastName='Gruber', faculty=Faculty{id=3, facultyName='Faculty of Arts'}}}, Lesson{id=438, date=2021-03-02, startTime=13:00, endTime=14:40, classroom=Classroom{id=2, roomName='A-2', roomType='Class', roomCapacity=30, building=Building{id=1, buildingName='Changed name'}}, course=Course{id=3, courseName='Another course's name'}, teacher=Teacher{id=3, firstName='Freya', lastName='Shepp', faculty=Faculty{id=3, facultyName='Faculty of Arts'}}}, Lesson{id=439, date=2021-03-02, startTime=14:50, endTime=16:30, classroom=Classroom{id=3, roomName='B-10', roomType='Laboratory', roomCapacity=10, building=Building{id=2, buildingName='E'}}, course=Course{id=3, courseName='Another course's name'}, teacher=Teacher{id=3, firstName='Freya', lastName='Shepp', faculty=Faculty{id=3, facultyName='Faculty of Arts'}}}, Lesson{id=440, date=2021-03-02, startTime=16:40, endTime=18:20, classroom=Classroom{id=4, roomName='A-4', roomType='Lecture', roomCapacity=50, building=Building{id=1, buildingName='Changed name'}}, course=Course{id=4, courseName='Political science'}, teacher=Teacher{id=4, firstName='Olivia', lastName='Blake', faculty=Faculty{id=3, facultyName='Faculty of Arts'}}}, Lesson{id=441, date=2021-03-02, startTime=09:20, endTime=11:00, classroom=Classroom{id=9, roomName='New name', roomType='Lecture', roomCapacity=50, building=Building{id=2, buildingName='E'}}, course=Course{id=7, courseName='Chemistry'}, teacher=Teacher{id=8, firstName='Samuel', lastName='Travis', faculty=Faculty{id=1, facultyName='Changed faculty name'}}}, Lesson{id=442, date=2021-03-02, startTime=11:10, endTime=12:50, classroom=Classroom{id=9, roomName='New name', roomType='Lecture', roomCapacity=50, building=Building{id=2, buildingName='E'}}, course=Course{id=7, courseName='Chemistry'}, teacher=Teacher{id=8, firstName='Samuel', lastName='Travis', faculty=Faculty{id=1, facultyName='Changed faculty name'}}}, Lesson{id=443, date=2021-03-02, startTime=13:00, endTime=14:40, classroom=Classroom{id=6, roomName='B-1', roomType='Class', roomCapacity=30, building=Building{id=2, buildingName='E'}}, course=Course{id=7, courseName='Chemistry'}, teacher=Teacher{id=9, firstName='Albert', lastName='Hill', faculty=Faculty{id=1, facultyName='Changed faculty name'}}}, Lesson{id=444, date=2021-03-02, startTime=14:50, endTime=16:30, classroom=Classroom{id=7, roomName='B-2', roomType='Class', roomCapacity=30, building=Building{id=2, buildingName='E'}}, course=Course{id=7, courseName='Chemistry'}, teacher=Teacher{id=9, firstName='Albert', lastName='Hill', faculty=Faculty{id=1, facultyName='Changed faculty name'}}}, Lesson{id=445, date=2021-03-02, startTime=16:40, endTime=18:20, classroom=Classroom{id=10, roomName='B-5', roomType='Laboratory', roomCapacity=10, building=Building{id=2, buildingName='E'}}, course=Course{id=7, courseName='Chemistry'}, teacher=Teacher{id=9, firstName='Albert', lastName='Hill', faculty=Faculty{id=1, facultyName='Changed faculty name'}}}, Lesson{id=446, date=2021-03-02, startTime=09:20, endTime=11:00, classroom=Classroom{id=14, roomName='C-4', roomType='Lecture', roomCapacity=50, building=Building{id=3, buildingName='C'}}, course=Course{id=9, courseName='Physics'}, teacher=Teacher{id=11, firstName='Sophia', lastName='Roos', faculty=Faculty{id=2, facultyName='Changed faculty name'}}}, Lesson{id=447, date=2021-03-02, startTime=11:10, endTime=12:50, classroom=Classroom{id=14, roomName='C-4', roomType='Lecture', roomCapacity=50, building=Building{id=3, buildingName='C'}}, course=Course{id=9, courseName='Physics'}, teacher=Teacher{id=11, firstName='Sophia', lastName='Roos', faculty=Faculty{id=2, facultyName='Changed faculty name'}}}, Lesson{id=448, date=2021-03-02, startTime=13:00, endTime=14:40, classroom=Classroom{id=11, roomName='C-1', roomType='Class', roomCapacity=30, building=Building{id=3, buildingName='C'}}, course=Course{id=9, courseName='Physics'}, teacher=Teacher{id=11, firstName='Sophia', lastName='Roos', faculty=Faculty{id=2, facultyName='Changed faculty name'}}}, Lesson{id=449, date=2021-03-02, startTime=14:50, endTime=16:30, classroom=Classroom{id=13, roomName='C-3', roomType='Class', roomCapacity=30, building=Building{id=3, buildingName='C'}}, course=Course{id=9, courseName='Physics'}, teacher=Teacher{id=11, firstName='Sophia', lastName='Roos', faculty=Faculty{id=2, facultyName='Changed faculty name'}}}, Lesson{id=450, date=2021-03-02, startTime=16:40, endTime=18:20, classroom=Classroom{id=15, roomName='C-5', roomType='Laboratory', roomCapacity=10, building=Building{id=3, buildingName='C'}}, course=Course{id=9, courseName='Physics'}, teacher=Teacher{id=11, firstName='Sophia', lastName='Roos', faculty=Faculty{id=2, facultyName='Changed faculty name'}}}, Lesson{id=451, date=2021-03-03, startTime=09:20, endTime=11:00, classroom=Classroom{id=4, roomName='A-4', roomType='Lecture', roomCapacity=50, building=Building{id=1, buildingName='Changed name'}}, course=Course{id=3, courseName='Another course's name'}, teacher=Teacher{id=3, firstName='Freya', lastName='Shepp', faculty=Faculty{id=3, facultyName='Faculty of Arts'}}}, Lesson{id=452, date=2021-03-03, startTime=11:10, endTime=12:50, classroom=Classroom{id=1, roomName='A-1', roomType='Class', roomCapacity=30, building=Building{id=1, buildingName='Changed name'}}, course=Course{id=3, courseName='Another course's name'}, teacher=Teacher{id=3, firstName='Freya', lastName='Shepp', faculty=Faculty{id=3, facultyName='Faculty of Arts'}}}, Lesson{id=453, date=2021-03-03, startTime=13:00, endTime=14:40, classroom=Classroom{id=2, roomName='A-2', roomType='Class', roomCapacity=30, building=Building{id=1, buildingName='Changed name'}}, course=Course{id=4, courseName='Political science'}, teacher=Teacher{id=4, firstName='Olivia', lastName='Blake', faculty=Faculty{id=3, facultyName='Faculty of Arts'}}}, Lesson{id=454, date=2021-03-03, startTime=14:50, endTime=16:30, classroom=Classroom{id=3, roomName='B-10', roomType='Laboratory', roomCapacity=10, building=Building{id=2, buildingName='E'}}, course=Course{id=4, courseName='Political science'}, teacher=Teacher{id=4, firstName='Olivia', lastName='Blake', faculty=Faculty{id=3, facultyName='Faculty of Arts'}}}, Lesson{id=455, date=2021-03-03, startTime=16:40, endTime=18:20, classroom=Classroom{id=4, roomName='A-4', roomType='Lecture', roomCapacity=50, building=Building{id=1, buildingName='Changed name'}}, course=Course{id=5, courseName='Culture'}, teacher=Teacher{id=5, firstName='Scarlett', lastName='Nimoy', faculty=Faculty{id=3, facultyName='Faculty of Arts'}}}, Lesson{id=456, date=2021-03-03, startTime=09:20, endTime=11:00, classroom=Classroom{id=9, roomName='New name', roomType='Lecture', roomCapacity=50, building=Building{id=2, buildingName='E'}}, course=Course{id=6, courseName='Biology'}, teacher=Teacher{id=6, firstName='Ellie', lastName='Purh', faculty=Faculty{id=1, facultyName='Changed faculty name'}}}, Lesson{id=457, date=2021-03-03, startTime=11:10, endTime=12:50, classroom=Classroom{id=9, roomName='New name', roomType='Lecture', roomCapacity=50, building=Building{id=2, buildingName='E'}}, course=Course{id=6, courseName='Biology'}, teacher=Teacher{id=6, firstName='Ellie', lastName='Purh', faculty=Faculty{id=1, facultyName='Changed faculty name'}}}, Lesson{id=458, date=2021-03-03, startTime=13:00, endTime=14:40, classroom=Classroom{id=6, roomName='B-1', roomType='Class', roomCapacity=30, building=Building{id=2, buildingName='E'}}, course=Course{id=6, courseName='Biology'}, teacher=Teacher{id=7, firstName='Charlie', lastName='Byrne', faculty=Faculty{id=1, facultyName='Changed faculty name'}}}, Lesson{id=459, date=2021-03-03, startTime=14:50, endTime=16:30, classroom=Classroom{id=7, roomName='B-2', roomType='Class', roomCapacity=30, building=Building{id=2, buildingName='E'}}, course=Course{id=6, courseName='Biology'}, teacher=Teacher{id=7, firstName='Charlie', lastName='Byrne', faculty=Faculty{id=1, facultyName='Changed faculty name'}}}, Lesson{id=460, date=2021-03-03, startTime=16:40, endTime=18:20, classroom=Classroom{id=10, roomName='B-5', roomType='Laboratory', roomCapacity=10, building=Building{id=2, buildingName='E'}}, course=Course{id=6, courseName='Biology'}, teacher=Teacher{id=7, firstName='Charlie', lastName='Byrne', faculty=Faculty{id=1, facultyName='Changed faculty name'}}}, Lesson{id=461, date=2021-03-03, startTime=09:20, endTime=11:00, classroom=Classroom{id=14, roomName='C-4', roomType='Lecture', roomCapacity=50, building=Building{id=3, buildingName='C'}}, course=Course{id=10, courseName='Geometry'}, teacher=Teacher{id=12, firstName='Mia', lastName='Brown', faculty=Faculty{id=2, facultyName='Changed faculty name'}}}, Lesson{id=462, date=2021-03-03, startTime=11:10, endTime=12:50, classroom=Classroom{id=14, roomName='C-4', roomType='Lecture', roomCapacity=50, building=Building{id=3, buildingName='C'}}, course=Course{id=10, courseName='Geometry'}, teacher=Teacher{id=12, firstName='Mia', lastName='Brown', faculty=Faculty{id=2, facultyName='Changed faculty name'}}}, Lesson{id=463, date=2021-03-03, startTime=13:00, endTime=14:40, classroom=Classroom{id=11, roomName='C-1', roomType='Class', roomCapacity=30, building=Building{id=3, buildingName='C'}}, course=Course{id=10, courseName='Geometry'}, teacher=Teacher{id=12, firstName='Mia', lastName='Brown', faculty=Faculty{id=2, facultyName='Changed faculty name'}}}, Lesson{id=464, date=2021-03-03, startTime=14:50, endTime=16:30, classroom=Classroom{id=13, roomName='C-3', roomType='Class', roomCapacity=30, building=Building{id=3, buildingName='C'}}, course=Course{id=10, courseName='Geometry'}, teacher=Teacher{id=12, firstName='Mia', lastName='Brown', faculty=Faculty{id=2, facultyName='Changed faculty name'}}}, Lesson{id=465, date=2021-03-03, startTime=16:40, endTime=18:20, classroom=Classroom{id=15, roomName='C-5', roomType='Laboratory', roomCapacity=10, building=Building{id=3, buildingName='C'}}, course=Course{id=10, courseName='Geometry'}, teacher=Teacher{id=12, firstName='Mia', lastName='Brown', faculty=Faculty{id=2, facultyName='Changed faculty name'}}}, Lesson{id=466, date=2021-03-04, startTime=09:20, endTime=11:00, classroom=Classroom{id=4, roomName='A-4', roomType='Lecture', roomCapacity=50, building=Building{id=1, buildingName='Changed name'}}, course=Course{id=4, courseName='Political science'}, teacher=Teacher{id=4, firstName='Olivia', lastName='Blake', faculty=Faculty{id=3, facultyName='Faculty of Arts'}}}, Lesson{id=467, date=2021-03-04, startTime=11:10, endTime=12:50, classroom=Classroom{id=1, roomName='A-1', roomType='Class', roomCapacity=30, building=Building{id=1, buildingName='Changed name'}}, course=Course{id=4, courseName='Political science'}, teacher=Teacher{id=4, firstName='Olivia', lastName='Blake', faculty=Faculty{id=3, facultyName='Faculty of Arts'}}}, Lesson{id=468, date=2021-03-04, startTime=13:00, endTime=14:40, classroom=Classroom{id=2, roomName='A-2', roomType='Class', roomCapacity=30, building=Building{id=1, buildingName='Changed name'}}, course=Course{id=5, courseName='Culture'}, teacher=Teacher{id=5, firstName='Scarlett', lastName='Nimoy', faculty=Faculty{id=3, facultyName='Faculty of Arts'}}}, Lesson{id=469, date=2021-03-04, startTime=14:50, endTime=16:30, classroom=Classroom{id=3, roomName='B-10', roomType='Laboratory', roomCapacity=10, building=Building{id=2, buildingName='E'}}, course=Course{id=5, courseName='Culture'}, teacher=Teacher{id=5, firstName='Scarlett', lastName='Nimoy', faculty=Faculty{id=3, facultyName='Faculty of Arts'}}}, Lesson{id=470, date=2021-03-04, startTime=16:40, endTime=18:20, classroom=Classroom{id=4, roomName='A-4', roomType='Lecture', roomCapacity=50, building=Building{id=1, buildingName='Changed name'}}, course=Course{id=1, courseName='History'}, teacher=Teacher{id=1, firstName='Albert', lastName='Johnson', faculty=Faculty{id=3, facultyName='Faculty of Arts'}}}, Lesson{id=471, date=2021-03-04, startTime=09:20, endTime=11:00, classroom=Classroom{id=9, roomName='New name', roomType='Lecture', roomCapacity=50, building=Building{id=2, buildingName='E'}}, course=Course{id=7, courseName='Chemistry'}, teacher=Teacher{id=8, firstName='Samuel', lastName='Travis', faculty=Faculty{id=1, facultyName='Changed faculty name'}}}, Lesson{id=472, date=2021-03-04, startTime=11:10, endTime=12:50, classroom=Classroom{id=9, roomName='New name', roomType='Lecture', roomCapacity=50, building=Building{id=2, buildingName='E'}}, course=Course{id=7, courseName='Chemistry'}, teacher=Teacher{id=8, firstName='Samuel', lastName='Travis', faculty=Faculty{id=1, facultyName='Changed faculty name'}}}, Lesson{id=473, date=2021-03-04, startTime=13:00, endTime=14:40, classroom=Classroom{id=6, roomName='B-1', roomType='Class', roomCapacity=30, building=Building{id=2, buildingName='E'}}, course=Course{id=7, courseName='Chemistry'}, teacher=Teacher{id=9, firstName='Albert', lastName='Hill', faculty=Faculty{id=1, facultyName='Changed faculty name'}}}, Lesson{id=474, date=2021-03-04, startTime=14:50, endTime=16:30, classroom=Classroom{id=7, roomName='B-2', roomType='Class', roomCapacity=30, building=Building{id=2, buildingName='E'}}, course=Course{id=7, courseName='Chemistry'}, teacher=Teacher{id=9, firstName='Albert', lastName='Hill', faculty=Faculty{id=1, facultyName='Changed faculty name'}}}, Lesson{id=475, date=2021-03-04, startTime=16:40, endTime=18:20, classroom=Classroom{id=10, roomName='B-5', roomType='Laboratory', roomCapacity=10, building=Building{id=2, buildingName='E'}}, course=Course{id=7, courseName='Chemistry'}, teacher=Teacher{id=9, firstName='Albert', lastName='Hill', faculty=Faculty{id=1, facultyName='Changed faculty name'}}}, Lesson{id=476, date=2021-03-04, startTime=09:20, endTime=11:00, classroom=Classroom{id=14, roomName='C-4', roomType='Lecture', roomCapacity=50, building=Building{id=3, buildingName='C'}}, course=Course{id=8, courseName='Mathematics'}, teacher=Teacher{id=10, firstName='Joshua', lastName='Eve', faculty=Faculty{id=2, facultyName='Changed faculty name'}}}, Lesson{id=477, date=2021-03-04, startTime=11:10, endTime=12:50, classroom=Classroom{id=14, roomName='C-4', roomType='Lecture', roomCapacity=50, building=Building{id=3, buildingName='C'}}, course=Course{id=8, courseName='Mathematics'}, teacher=Teacher{id=10, firstName='Joshua', lastName='Eve', faculty=Faculty{id=2, facultyName='Changed faculty name'}}}, Lesson{id=478, date=2021-03-04, startTime=13:00, endTime=14:40, classroom=Classroom{id=12, roomName='C-2', roomType='Class', roomCapacity=30, building=Building{id=3, buildingName='C'}}, course=Course{id=9, courseName='Physics'}, teacher=Teacher{id=11, firstName='Sophia', lastName='Roos', faculty=Faculty{id=2, facultyName='Changed faculty name'}}}, Lesson{id=479, date=2021-03-04, startTime=14:50, endTime=16:30, classroom=Classroom{id=12, roomName='C-2', roomType='Class', roomCapacity=30, building=Building{id=3, buildingName='C'}}, course=Course{id=10, courseName='Geometry'}, teacher=Teacher{id=12, firstName='Mia', lastName='Brown', faculty=Faculty{id=2, facultyName='Changed faculty name'}}}, Lesson{id=480, date=2021-03-04, startTime=16:40, endTime=18:20, classroom=Classroom{id=15, roomName='C-5', roomType='Laboratory', roomCapacity=10, building=Building{id=3, buildingName='C'}}, course=Course{id=8, courseName='Mathematics'}, teacher=Teacher{id=10, firstName='Joshua', lastName='Eve', faculty=Faculty{id=2, facultyName='Changed faculty name'}}}, Lesson{id=481, date=2021-03-05, startTime=09:20, endTime=11:00, classroom=Classroom{id=4, roomName='A-4', roomType='Lecture', roomCapacity=50, building=Building{id=1, buildingName='Changed name'}}, course=Course{id=5, courseName='Culture'}, teacher=Teacher{id=5, firstName='Scarlett', lastName='Nimoy', faculty=Faculty{id=3, facultyName='Faculty of Arts'}}}, Lesson{id=482, date=2021-03-05, startTime=11:10, endTime=12:50, classroom=Classroom{id=1, roomName='A-1', roomType='Class', roomCapacity=30, building=Building{id=1, buildingName='Changed name'}}, course=Course{id=5, courseName='Culture'}, teacher=Teacher{id=5, firstName='Scarlett', lastName='Nimoy', faculty=Faculty{id=3, facultyName='Faculty of Arts'}}}, Lesson{id=483, date=2021-03-05, startTime=13:00, endTime=14:40, classroom=Classroom{id=2, roomName='A-2', roomType='Class', roomCapacity=30, building=Building{id=1, buildingName='Changed name'}}, course=Course{id=1, courseName='History'}, teacher=Teacher{id=1, firstName='Albert', lastName='Johnson', faculty=Faculty{id=3, facultyName='Faculty of Arts'}}}, Lesson{id=484, date=2021-03-05, startTime=14:50, endTime=16:30, classroom=Classroom{id=3, roomName='B-10', roomType='Laboratory', roomCapacity=10, building=Building{id=2, buildingName='E'}}, course=Course{id=1, courseName='History'}, teacher=Teacher{id=1, firstName='Albert', lastName='Johnson', faculty=Faculty{id=3, facultyName='Faculty of Arts'}}}, Lesson{id=485, date=2021-03-05, startTime=16:40, endTime=18:20, classroom=Classroom{id=4, roomName='A-4', roomType='Lecture', roomCapacity=50, building=Building{id=1, buildingName='Changed name'}}, course=Course{id=2, courseName='Philosophy'}, teacher=Teacher{id=2, firstName='Stanley', lastName='Gruber', faculty=Faculty{id=3, facultyName='Faculty of Arts'}}}, Lesson{id=486, date=2021-03-05, startTime=09:20, endTime=11:00, classroom=Classroom{id=9, roomName='New name', roomType='Lecture', roomCapacity=50, building=Building{id=2, buildingName='E'}}, course=Course{id=6, courseName='Biology'}, teacher=Teacher{id=6, firstName='Ellie', lastName='Purh', faculty=Faculty{id=1, facultyName='Changed faculty name'}}}, Lesson{id=487, date=2021-03-05, startTime=11:10, endTime=12:50, classroom=Classroom{id=9, roomName='New name', roomType='Lecture', roomCapacity=50, building=Building{id=2, buildingName='E'}}, course=Course{id=6, courseName='Biology'}, teacher=Teacher{id=6, firstName='Ellie', lastName='Purh', faculty=Faculty{id=1, facultyName='Changed faculty name'}}}, Lesson{id=488, date=2021-03-05, startTime=13:00, endTime=14:40, classroom=Classroom{id=6, roomName='B-1', roomType='Class', roomCapacity=30, building=Building{id=2, buildingName='E'}}, course=Course{id=6, courseName='Biology'}, teacher=Teacher{id=7, firstName='Charlie', lastName='Byrne', faculty=Faculty{id=1, facultyName='Changed faculty name'}}}, Lesson{id=489, date=2021-03-05, startTime=14:50, endTime=16:30, classroom=Classroom{id=7, roomName='B-2', roomType='Class', roomCapacity=30, building=Building{id=2, buildingName='E'}}, course=Course{id=6, courseName='Biology'}, teacher=Teacher{id=7, firstName='Charlie', lastName='Byrne', faculty=Faculty{id=1, facultyName='Changed faculty name'}}}, Lesson{id=490, date=2021-03-05, startTime=16:40, endTime=18:20, classroom=Classroom{id=10, roomName='B-5', roomType='Laboratory', roomCapacity=10, building=Building{id=2, buildingName='E'}}, course=Course{id=6, courseName='Biology'}, teacher=Teacher{id=7, firstName='Charlie', lastName='Byrne', faculty=Faculty{id=1, facultyName='Changed faculty name'}}}, Lesson{id=491, date=2021-03-05, startTime=09:20, endTime=11:00, classroom=Classroom{id=14, roomName='C-4', roomType='Lecture', roomCapacity=50, building=Building{id=3, buildingName='C'}}, course=Course{id=9, courseName='Physics'}, teacher=Teacher{id=11, firstName='Sophia', lastName='Roos', faculty=Faculty{id=2, facultyName='Changed faculty name'}}}, Lesson{id=492, date=2021-03-05, startTime=11:10, endTime=12:50, classroom=Classroom{id=14, roomName='C-4', roomType='Lecture', roomCapacity=50, building=Building{id=3, buildingName='C'}}, course=Course{id=10, courseName='Geometry'}, teacher=Teacher{id=12, firstName='Mia', lastName='Brown', faculty=Faculty{id=2, facultyName='Changed faculty name'}}}, Lesson{id=493, date=2021-03-05, startTime=13:00, endTime=14:40, classroom=Classroom{id=13, roomName='C-3', roomType='Class', roomCapacity=30, building=Building{id=3, buildingName='C'}}, course=Course{id=8, courseName='Mathematics'}, teacher=Teacher{id=10, firstName='Joshua', lastName='Eve', faculty=Faculty{id=2, facultyName='Changed faculty name'}}}, Lesson{id=494, date=2021-03-05, startTime=14:50, endTime=16:30, classroom=Classroom{id=15, roomName='C-5', roomType='Laboratory', roomCapacity=10, building=Building{id=3, buildingName='C'}}, course=Course{id=9, courseName='Physics'}, teacher=Teacher{id=11, firstName='Sophia', lastName='Roos', faculty=Faculty{id=2, facultyName='Changed faculty name'}}}, Lesson{id=496, date=2021-12-07, startTime=09:20, endTime=10:00, classroom=Classroom{id=1, roomName='A-1', roomType='Class', roomCapacity=30, building=Building{id=1, buildingName='Changed name'}}, course=Course{id=1, courseName='History'}, teacher=Teacher{id=1, firstName='Albert', lastName='Johnson', faculty=Faculty{id=3, facultyName='Faculty of Arts'}}}]
26 Feb;19:05:44.855 [main] INFO  u.c.f.c.service.ClassroomService - getById: classroom = Classroom{id=3, roomName='B-10', roomType='Laboratory', roomCapacity=10, building=Building{id=2, buildingName='E'}}
26 Feb;19:05:44.857 [main] INFO  u.c.f.c.service.CourseService - getById: course = Course{id=3, courseName='Another course's name'}
26 Feb;19:05:44.859 [main] INFO  u.c.f.c.service.TeacherService - getById: teacher = Teacher{id=3, firstName='Freya', lastName='Shepp', faculty=Faculty{id=3, facultyName='Faculty of Arts'}}
26 Feb;19:05:44.860 [main] INFO  u.c.f.c.service.TeacherService - getById: teacher = Teacher{id=3, firstName='Freya', lastName='Shepp', faculty=Faculty{id=3, facultyName='Faculty of Arts'}}
26 Feb;19:05:44.862 [main] INFO  u.c.f.c.service.ClassroomService - getById: classroom = Classroom{id=1, roomName='A-1', roomType='Class', roomCapacity=30, building=Building{id=1, buildingName='Changed name'}}
26 Feb;19:05:44.863 [main] INFO  u.c.f.c.service.CourseService - getById: course = Course{id=3, courseName='Another course's name'}
26 Feb;19:05:44.865 [main] INFO  u.c.f.c.service.TeacherService - getById: teacher = Teacher{id=3, firstName='Freya', lastName='Shepp', faculty=Faculty{id=3, facultyName='Faculty of Arts'}}
26 Feb;19:05:44.866 [main] INFO  u.c.f.c.service.TeacherService - getById: teacher = Teacher{id=3, firstName='Freya', lastName='Shepp', faculty=Faculty{id=3, facultyName='Faculty of Arts'}}
26 Feb;19:05:44.868 [main] INFO  u.c.f.c.service.ClassroomService - getById: classroom = Classroom{id=2, roomName='A-2', roomType='Class', roomCapacity=30, building=Building{id=1, buildingName='Changed name'}}
26 Feb;19:05:44.869 [main] INFO  u.c.f.c.service.CourseService - getById: course = Course{id=4, courseName='Political science'}
26 Feb;19:05:44.870 [main] INFO  u.c.f.c.service.TeacherService - getById: teacher = Teacher{id=4, firstName='Olivia', lastName='Blake', faculty=Faculty{id=3, facultyName='Faculty of Arts'}}
26 Feb;19:05:44.870 [main] INFO  u.c.f.c.service.TeacherService - getById: teacher = Teacher{id=4, firstName='Olivia', lastName='Blake', faculty=Faculty{id=3, facultyName='Faculty of Arts'}}
26 Feb;19:05:44.871 [main] INFO  u.c.f.c.service.ClassroomService - getById: classroom = Classroom{id=3, roomName='B-10', roomType='Laboratory', roomCapacity=10, building=Building{id=2, buildingName='E'}}
26 Feb;19:05:44.872 [main] INFO  u.c.f.c.service.CourseService - getById: course = Course{id=4, courseName='Political science'}
26 Feb;19:05:44.872 [main] INFO  u.c.f.c.service.TeacherService - getById: teacher = Teacher{id=4, firstName='Olivia', lastName='Blake', faculty=Faculty{id=3, facultyName='Faculty of Arts'}}
26 Feb;19:05:44.872 [main] INFO  u.c.f.c.service.TeacherService - getById: teacher = Teacher{id=4, firstName='Olivia', lastName='Blake', faculty=Faculty{id=3, facultyName='Faculty of Arts'}}
26 Feb;19:05:44.873 [main] INFO  u.c.f.c.service.ClassroomService - getById: classroom = Classroom{id=4, roomName='A-4', roomType='Lecture', roomCapacity=50, building=Building{id=1, buildingName='Changed name'}}
26 Feb;19:05:44.874 [main] INFO  u.c.f.c.service.CourseService - getById: course = Course{id=5, courseName='Culture'}
26 Feb;19:05:44.874 [main] INFO  u.c.f.c.service.TeacherService - getById: teacher = Teacher{id=5, firstName='Scarlett', lastName='Nimoy', faculty=Faculty{id=3, facultyName='Faculty of Arts'}}
26 Feb;19:05:44.875 [main] INFO  u.c.f.c.service.TeacherService - getById: teacher = Teacher{id=5, firstName='Scarlett', lastName='Nimoy', faculty=Faculty{id=3, facultyName='Faculty of Arts'}}
26 Feb;19:05:44.877 [main] INFO  u.c.f.c.service.ClassroomService - getById: classroom = Classroom{id=9, roomName='New name', roomType='Lecture', roomCapacity=50, building=Building{id=2, buildingName='E'}}
26 Feb;19:05:44.878 [main] INFO  u.c.f.c.service.CourseService - getById: course = Course{id=6, courseName='Biology'}
26 Feb;19:05:44.879 [main] INFO  u.c.f.c.service.TeacherService - getById: teacher = Teacher{id=6, firstName='Ellie', lastName='Purh', faculty=Faculty{id=1, facultyName='Changed faculty name'}}
26 Feb;19:05:44.879 [main] INFO  u.c.f.c.service.TeacherService - getById: teacher = Teacher{id=6, firstName='Ellie', lastName='Purh', faculty=Faculty{id=1, facultyName='Changed faculty name'}}
26 Feb;19:05:44.882 [main] INFO  u.c.f.c.service.ClassroomService - getById: classroom = Classroom{id=9, roomName='New name', roomType='Lecture', roomCapacity=50, building=Building{id=2, buildingName='E'}}
26 Feb;19:05:44.883 [main] INFO  u.c.f.c.service.CourseService - getById: course = Course{id=6, courseName='Biology'}
26 Feb;19:05:44.884 [main] INFO  u.c.f.c.service.TeacherService - getById: teacher = Teacher{id=6, firstName='Ellie', lastName='Purh', faculty=Faculty{id=1, facultyName='Changed faculty name'}}
26 Feb;19:05:44.885 [main] INFO  u.c.f.c.service.TeacherService - getById: teacher = Teacher{id=6, firstName='Ellie', lastName='Purh', faculty=Faculty{id=1, facultyName='Changed faculty name'}}
26 Feb;19:05:44.887 [main] INFO  u.c.f.c.service.ClassroomService - getById: classroom = Classroom{id=6, roomName='B-1', roomType='Class', roomCapacity=30, building=Building{id=2, buildingName='E'}}
26 Feb;19:05:44.889 [main] INFO  u.c.f.c.service.CourseService - getById: course = Course{id=6, courseName='Biology'}
26 Feb;19:05:44.890 [main] INFO  u.c.f.c.service.TeacherService - getById: teacher = Teacher{id=7, firstName='Charlie', lastName='Byrne', faculty=Faculty{id=1, facultyName='Changed faculty name'}}
26 Feb;19:05:44.891 [main] INFO  u.c.f.c.service.TeacherService - getById: teacher = Teacher{id=7, firstName='Charlie', lastName='Byrne', faculty=Faculty{id=1, facultyName='Changed faculty name'}}
26 Feb;19:05:44.892 [main] INFO  u.c.f.c.service.ClassroomService - getById: classroom = Classroom{id=7, roomName='B-2', roomType='Class', roomCapacity=30, building=Building{id=2, buildingName='E'}}
26 Feb;19:05:44.893 [main] INFO  u.c.f.c.service.CourseService - getById: course = Course{id=6, courseName='Biology'}
26 Feb;19:05:44.894 [main] INFO  u.c.f.c.service.TeacherService - getById: teacher = Teacher{id=7, firstName='Charlie', lastName='Byrne', faculty=Faculty{id=1, facultyName='Changed faculty name'}}
26 Feb;19:05:44.895 [main] INFO  u.c.f.c.service.TeacherService - getById: teacher = Teacher{id=7, firstName='Charlie', lastName='Byrne', faculty=Faculty{id=1, facultyName='Changed faculty name'}}
26 Feb;19:05:44.897 [main] INFO  u.c.f.c.service.ClassroomService - getById: classroom = Classroom{id=10, roomName='B-5', roomType='Laboratory', roomCapacity=10, building=Building{id=2, buildingName='E'}}
26 Feb;19:05:44.898 [main] INFO  u.c.f.c.service.CourseService - getById: course = Course{id=6, courseName='Biology'}
26 Feb;19:05:44.899 [main] INFO  u.c.f.c.service.TeacherService - getById: teacher = Teacher{id=7, firstName='Charlie', lastName='Byrne', faculty=Faculty{id=1, facultyName='Changed faculty name'}}
26 Feb;19:05:44.899 [main] INFO  u.c.f.c.service.TeacherService - getById: teacher = Teacher{id=7, firstName='Charlie', lastName='Byrne', faculty=Faculty{id=1, facultyName='Changed faculty name'}}
26 Feb;19:05:44.901 [main] INFO  u.c.f.c.service.ClassroomService - getById: classroom = Classroom{id=14, roomName='C-4', roomType='Lecture', roomCapacity=50, building=Building{id=3, buildingName='C'}}
26 Feb;19:05:44.902 [main] INFO  u.c.f.c.service.CourseService - getById: course = Course{id=10, courseName='Geometry'}
26 Feb;19:05:44.903 [main] INFO  u.c.f.c.service.TeacherService - getById: teacher = Teacher{id=12, firstName='Mia', lastName='Brown', faculty=Faculty{id=2, facultyName='Changed faculty name'}}
26 Feb;19:05:44.903 [main] INFO  u.c.f.c.service.TeacherService - getById: teacher = Teacher{id=12, firstName='Mia', lastName='Brown', faculty=Faculty{id=2, facultyName='Changed faculty name'}}
26 Feb;19:05:44.905 [main] INFO  u.c.f.c.service.ClassroomService - getById: classroom = Classroom{id=14, roomName='C-4', roomType='Lecture', roomCapacity=50, building=Building{id=3, buildingName='C'}}
26 Feb;19:05:44.905 [main] INFO  u.c.f.c.service.CourseService - getById: course = Course{id=10, courseName='Geometry'}
26 Feb;19:05:44.906 [main] INFO  u.c.f.c.service.TeacherService - getById: teacher = Teacher{id=12, firstName='Mia', lastName='Brown', faculty=Faculty{id=2, facultyName='Changed faculty name'}}
26 Feb;19:05:44.907 [main] INFO  u.c.f.c.service.TeacherService - getById: teacher = Teacher{id=12, firstName='Mia', lastName='Brown', faculty=Faculty{id=2, facultyName='Changed faculty name'}}
26 Feb;19:05:44.909 [main] INFO  u.c.f.c.service.ClassroomService - getById: classroom = Classroom{id=11, roomName='C-1', roomType='Class', roomCapacity=30, building=Building{id=3, buildingName='C'}}
26 Feb;19:05:44.910 [main] INFO  u.c.f.c.service.CourseService - getById: course = Course{id=10, courseName='Geometry'}
26 Feb;19:05:44.911 [main] INFO  u.c.f.c.service.TeacherService - getById: teacher = Teacher{id=12, firstName='Mia', lastName='Brown', faculty=Faculty{id=2, facultyName='Changed faculty name'}}
26 Feb;19:05:44.911 [main] INFO  u.c.f.c.service.TeacherService - getById: teacher = Teacher{id=12, firstName='Mia', lastName='Brown', faculty=Faculty{id=2, facultyName='Changed faculty name'}}
26 Feb;19:05:44.913 [main] INFO  u.c.f.c.service.ClassroomService - getById: classroom = Classroom{id=13, roomName='C-3', roomType='Class', roomCapacity=30, building=Building{id=3, buildingName='C'}}
26 Feb;19:05:44.914 [main] INFO  u.c.f.c.service.CourseService - getById: course = Course{id=10, courseName='Geometry'}
26 Feb;19:05:44.915 [main] INFO  u.c.f.c.service.TeacherService - getById: teacher = Teacher{id=12, firstName='Mia', lastName='Brown', faculty=Faculty{id=2, facultyName='Changed faculty name'}}
26 Feb;19:05:44.915 [main] INFO  u.c.f.c.service.TeacherService - getById: teacher = Teacher{id=12, firstName='Mia', lastName='Brown', faculty=Faculty{id=2, facultyName='Changed faculty name'}}
26 Feb;19:05:44.917 [main] INFO  u.c.f.c.service.ClassroomService - getById: classroom = Classroom{id=15, roomName='C-5', roomType='Laboratory', roomCapacity=10, building=Building{id=3, buildingName='C'}}
26 Feb;19:05:44.917 [main] INFO  u.c.f.c.service.CourseService - getById: course = Course{id=10, courseName='Geometry'}
26 Feb;19:05:44.918 [main] INFO  u.c.f.c.service.TeacherService - getById: teacher = Teacher{id=12, firstName='Mia', lastName='Brown', faculty=Faculty{id=2, facultyName='Changed faculty name'}}
26 Feb;19:05:44.919 [main] INFO  u.c.f.c.service.TeacherService - getById: teacher = Teacher{id=12, firstName='Mia', lastName='Brown', faculty=Faculty{id=2, facultyName='Changed faculty name'}}
26 Feb;19:05:44.921 [main] INFO  u.c.f.c.service.ClassroomService - getById: classroom = Classroom{id=4, roomName='A-4', roomType='Lecture', roomCapacity=50, building=Building{id=1, buildingName='Changed name'}}
26 Feb;19:05:44.922 [main] INFO  u.c.f.c.service.CourseService - getById: course = Course{id=4, courseName='Political science'}
26 Feb;19:05:44.923 [main] INFO  u.c.f.c.service.TeacherService - getById: teacher = Teacher{id=4, firstName='Olivia', lastName='Blake', faculty=Faculty{id=3, facultyName='Faculty of Arts'}}
26 Feb;19:05:44.924 [main] INFO  u.c.f.c.service.TeacherService - getById: teacher = Teacher{id=4, firstName='Olivia', lastName='Blake', faculty=Faculty{id=3, facultyName='Faculty of Arts'}}
26 Feb;19:05:44.926 [main] INFO  u.c.f.c.service.ClassroomService - getById: classroom = Classroom{id=1, roomName='A-1', roomType='Class', roomCapacity=30, building=Building{id=1, buildingName='Changed name'}}
26 Feb;19:05:44.927 [main] INFO  u.c.f.c.service.CourseService - getById: course = Course{id=4, courseName='Political science'}
26 Feb;19:05:44.927 [main] INFO  u.c.f.c.service.TeacherService - getById: teacher = Teacher{id=4, firstName='Olivia', lastName='Blake', faculty=Faculty{id=3, facultyName='Faculty of Arts'}}
26 Feb;19:05:44.929 [main] INFO  u.c.f.c.service.TeacherService - getById: teacher = Teacher{id=4, firstName='Olivia', lastName='Blake', faculty=Faculty{id=3, facultyName='Faculty of Arts'}}
26 Feb;19:05:44.930 [main] INFO  u.c.f.c.service.ClassroomService - getById: classroom = Classroom{id=2, roomName='A-2', roomType='Class', roomCapacity=30, building=Building{id=1, buildingName='Changed name'}}
26 Feb;19:05:44.932 [main] INFO  u.c.f.c.service.CourseService - getById: course = Course{id=5, courseName='Culture'}
26 Feb;19:05:44.933 [main] INFO  u.c.f.c.service.TeacherService - getById: teacher = Teacher{id=5, firstName='Scarlett', lastName='Nimoy', faculty=Faculty{id=3, facultyName='Faculty of Arts'}}
26 Feb;19:05:44.933 [main] INFO  u.c.f.c.service.TeacherService - getById: teacher = Teacher{id=5, firstName='Scarlett', lastName='Nimoy', faculty=Faculty{id=3, facultyName='Faculty of Arts'}}
26 Feb;19:05:44.935 [main] INFO  u.c.f.c.service.ClassroomService - getById: classroom = Classroom{id=3, roomName='B-10', roomType='Laboratory', roomCapacity=10, building=Building{id=2, buildingName='E'}}
26 Feb;19:05:44.935 [main] INFO  u.c.f.c.service.CourseService - getById: course = Course{id=5, courseName='Culture'}
26 Feb;19:05:44.936 [main] INFO  u.c.f.c.service.TeacherService - getById: teacher = Teacher{id=5, firstName='Scarlett', lastName='Nimoy', faculty=Faculty{id=3, facultyName='Faculty of Arts'}}
26 Feb;19:05:44.937 [main] INFO  u.c.f.c.service.TeacherService - getById: teacher = Teacher{id=5, firstName='Scarlett', lastName='Nimoy', faculty=Faculty{id=3, facultyName='Faculty of Arts'}}
26 Feb;19:05:44.939 [main] INFO  u.c.f.c.service.ClassroomService - getById: classroom = Classroom{id=4, roomName='A-4', roomType='Lecture', roomCapacity=50, building=Building{id=1, buildingName='Changed name'}}
26 Feb;19:05:44.940 [main] INFO  u.c.f.c.service.CourseService - getById: course = Course{id=1, courseName='History'}
26 Feb;19:05:44.941 [main] INFO  u.c.f.c.service.TeacherService - getById: teacher = Teacher{id=1, firstName='Albert', lastName='Johnson', faculty=Faculty{id=3, facultyName='Faculty of Arts'}}
26 Feb;19:05:44.942 [main] INFO  u.c.f.c.service.TeacherService - getById: teacher = Teacher{id=1, firstName='Albert', lastName='Johnson', faculty=Faculty{id=3, facultyName='Faculty of Arts'}}
26 Feb;19:05:44.945 [main] INFO  u.c.f.c.service.ClassroomService - getById: classroom = Classroom{id=9, roomName='New name', roomType='Lecture', roomCapacity=50, building=Building{id=2, buildingName='E'}}
26 Feb;19:05:44.947 [main] INFO  u.c.f.c.service.CourseService - getById: course = Course{id=7, courseName='Chemistry'}
26 Feb;19:05:44.948 [main] INFO  u.c.f.c.service.TeacherService - getById: teacher = Teacher{id=8, firstName='Samuel', lastName='Travis', faculty=Faculty{id=1, facultyName='Changed faculty name'}}
26 Feb;19:05:44.948 [main] INFO  u.c.f.c.service.TeacherService - getById: teacher = Teacher{id=8, firstName='Samuel', lastName='Travis', faculty=Faculty{id=1, facultyName='Changed faculty name'}}
26 Feb;19:05:44.950 [main] INFO  u.c.f.c.service.ClassroomService - getById: classroom = Classroom{id=9, roomName='New name', roomType='Lecture', roomCapacity=50, building=Building{id=2, buildingName='E'}}
26 Feb;19:05:44.951 [main] INFO  u.c.f.c.service.CourseService - getById: course = Course{id=7, courseName='Chemistry'}
26 Feb;19:05:44.953 [main] INFO  u.c.f.c.service.TeacherService - getById: teacher = Teacher{id=8, firstName='Samuel', lastName='Travis', faculty=Faculty{id=1, facultyName='Changed faculty name'}}
26 Feb;19:05:44.953 [main] INFO  u.c.f.c.service.TeacherService - getById: teacher = Teacher{id=8, firstName='Samuel', lastName='Travis', faculty=Faculty{id=1, facultyName='Changed faculty name'}}
26 Feb;19:05:44.955 [main] INFO  u.c.f.c.service.ClassroomService - getById: classroom = Classroom{id=6, roomName='B-1', roomType='Class', roomCapacity=30, building=Building{id=2, buildingName='E'}}
26 Feb;19:05:44.956 [main] INFO  u.c.f.c.service.CourseService - getById: course = Course{id=7, courseName='Chemistry'}
26 Feb;19:05:44.957 [main] INFO  u.c.f.c.service.TeacherService - getById: teacher = Teacher{id=9, firstName='Albert', lastName='Hill', faculty=Faculty{id=1, facultyName='Changed faculty name'}}
26 Feb;19:05:44.958 [main] INFO  u.c.f.c.service.TeacherService - getById: teacher = Teacher{id=9, firstName='Albert', lastName='Hill', faculty=Faculty{id=1, facultyName='Changed faculty name'}}
26 Feb;19:05:44.959 [main] INFO  u.c.f.c.service.ClassroomService - getById: classroom = Classroom{id=7, roomName='B-2', roomType='Class', roomCapacity=30, building=Building{id=2, buildingName='E'}}
26 Feb;19:05:44.960 [main] INFO  u.c.f.c.service.CourseService - getById: course = Course{id=7, courseName='Chemistry'}
26 Feb;19:05:44.961 [main] INFO  u.c.f.c.service.TeacherService - getById: teacher = Teacher{id=9, firstName='Albert', lastName='Hill', faculty=Faculty{id=1, facultyName='Changed faculty name'}}
26 Feb;19:05:44.962 [main] INFO  u.c.f.c.service.TeacherService - getById: teacher = Teacher{id=9, firstName='Albert', lastName='Hill', faculty=Faculty{id=1, facultyName='Changed faculty name'}}
26 Feb;19:05:44.964 [main] INFO  u.c.f.c.service.ClassroomService - getById: classroom = Classroom{id=10, roomName='B-5', roomType='Laboratory', roomCapacity=10, building=Building{id=2, buildingName='E'}}
26 Feb;19:05:44.965 [main] INFO  u.c.f.c.service.CourseService - getById: course = Course{id=7, courseName='Chemistry'}
26 Feb;19:05:44.966 [main] INFO  u.c.f.c.service.TeacherService - getById: teacher = Teacher{id=9, firstName='Albert', lastName='Hill', faculty=Faculty{id=1, facultyName='Changed faculty name'}}
26 Feb;19:05:44.967 [main] INFO  u.c.f.c.service.TeacherService - getById: teacher = Teacher{id=9, firstName='Albert', lastName='Hill', faculty=Faculty{id=1, facultyName='Changed faculty name'}}
26 Feb;19:05:44.969 [main] INFO  u.c.f.c.service.ClassroomService - getById: classroom = Classroom{id=14, roomName='C-4', roomType='Lecture', roomCapacity=50, building=Building{id=3, buildingName='C'}}
26 Feb;19:05:44.970 [main] INFO  u.c.f.c.service.CourseService - getById: course = Course{id=8, courseName='Mathematics'}
26 Feb;19:05:44.971 [main] INFO  u.c.f.c.service.TeacherService - getById: teacher = Teacher{id=10, firstName='Joshua', lastName='Eve', faculty=Faculty{id=2, facultyName='Changed faculty name'}}
26 Feb;19:05:44.971 [main] INFO  u.c.f.c.service.TeacherService - getById: teacher = Teacher{id=10, firstName='Joshua', lastName='Eve', faculty=Faculty{id=2, facultyName='Changed faculty name'}}
26 Feb;19:05:44.973 [main] INFO  u.c.f.c.service.ClassroomService - getById: classroom = Classroom{id=14, roomName='C-4', roomType='Lecture', roomCapacity=50, building=Building{id=3, buildingName='C'}}
26 Feb;19:05:44.973 [main] INFO  u.c.f.c.service.CourseService - getById: course = Course{id=8, courseName='Mathematics'}
26 Feb;19:05:44.974 [main] INFO  u.c.f.c.service.TeacherService - getById: teacher = Teacher{id=10, firstName='Joshua', lastName='Eve', faculty=Faculty{id=2, facultyName='Changed faculty name'}}
26 Feb;19:05:44.975 [main] INFO  u.c.f.c.service.TeacherService - getById: teacher = Teacher{id=10, firstName='Joshua', lastName='Eve', faculty=Faculty{id=2, facultyName='Changed faculty name'}}
26 Feb;19:05:44.976 [main] INFO  u.c.f.c.service.ClassroomService - getById: classroom = Classroom{id=12, roomName='C-2', roomType='Class', roomCapacity=30, building=Building{id=3, buildingName='C'}}
26 Feb;19:05:44.978 [main] INFO  u.c.f.c.service.CourseService - getById: course = Course{id=9, courseName='Physics'}
26 Feb;19:05:44.979 [main] INFO  u.c.f.c.service.TeacherService - getById: teacher = Teacher{id=11, firstName='Sophia', lastName='Roos', faculty=Faculty{id=2, facultyName='Changed faculty name'}}
26 Feb;19:05:44.980 [main] INFO  u.c.f.c.service.TeacherService - getById: teacher = Teacher{id=11, firstName='Sophia', lastName='Roos', faculty=Faculty{id=2, facultyName='Changed faculty name'}}
26 Feb;19:05:44.982 [main] INFO  u.c.f.c.service.ClassroomService - getById: classroom = Classroom{id=12, roomName='C-2', roomType='Class', roomCapacity=30, building=Building{id=3, buildingName='C'}}
26 Feb;19:05:44.983 [main] INFO  u.c.f.c.service.CourseService - getById: course = Course{id=10, courseName='Geometry'}
26 Feb;19:05:44.984 [main] INFO  u.c.f.c.service.TeacherService - getById: teacher = Teacher{id=12, firstName='Mia', lastName='Brown', faculty=Faculty{id=2, facultyName='Changed faculty name'}}
26 Feb;19:05:44.985 [main] INFO  u.c.f.c.service.TeacherService - getById: teacher = Teacher{id=12, firstName='Mia', lastName='Brown', faculty=Faculty{id=2, facultyName='Changed faculty name'}}
26 Feb;19:05:44.986 [main] INFO  u.c.f.c.service.ClassroomService - getById: classroom = Classroom{id=15, roomName='C-5', roomType='Laboratory', roomCapacity=10, building=Building{id=3, buildingName='C'}}
26 Feb;19:05:44.987 [main] INFO  u.c.f.c.service.CourseService - getById: course = Course{id=8, courseName='Mathematics'}
26 Feb;19:05:44.988 [main] INFO  u.c.f.c.service.TeacherService - getById: teacher = Teacher{id=10, firstName='Joshua', lastName='Eve', faculty=Faculty{id=2, facultyName='Changed faculty name'}}
26 Feb;19:05:44.989 [main] INFO  u.c.f.c.service.TeacherService - getById: teacher = Teacher{id=10, firstName='Joshua', lastName='Eve', faculty=Faculty{id=2, facultyName='Changed faculty name'}}
26 Feb;19:05:44.991 [main] INFO  u.c.f.c.service.ClassroomService - getById: classroom = Classroom{id=4, roomName='A-4', roomType='Lecture', roomCapacity=50, building=Building{id=1, buildingName='Changed name'}}
26 Feb;19:05:44.992 [main] INFO  u.c.f.c.service.CourseService - getById: course = Course{id=5, courseName='Culture'}
26 Feb;19:05:44.993 [main] INFO  u.c.f.c.service.TeacherService - getById: teacher = Teacher{id=5, firstName='Scarlett', lastName='Nimoy', faculty=Faculty{id=3, facultyName='Faculty of Arts'}}
26 Feb;19:05:44.993 [main] INFO  u.c.f.c.service.TeacherService - getById: teacher = Teacher{id=5, firstName='Scarlett', lastName='Nimoy', faculty=Faculty{id=3, facultyName='Faculty of Arts'}}
26 Feb;19:05:44.995 [main] INFO  u.c.f.c.service.ClassroomService - getById: classroom = Classroom{id=1, roomName='A-1', roomType='Class', roomCapacity=30, building=Building{id=1, buildingName='Changed name'}}
26 Feb;19:05:44.996 [main] INFO  u.c.f.c.service.CourseService - getById: course = Course{id=5, courseName='Culture'}
26 Feb;19:05:44.996 [main] INFO  u.c.f.c.service.TeacherService - getById: teacher = Teacher{id=5, firstName='Scarlett', lastName='Nimoy', faculty=Faculty{id=3, facultyName='Faculty of Arts'}}
26 Feb;19:05:44.997 [main] INFO  u.c.f.c.service.TeacherService - getById: teacher = Teacher{id=5, firstName='Scarlett', lastName='Nimoy', faculty=Faculty{id=3, facultyName='Faculty of Arts'}}
26 Feb;19:05:44.998 [main] INFO  u.c.f.c.service.ClassroomService - getById: classroom = Classroom{id=2, roomName='A-2', roomType='Class', roomCapacity=30, building=Building{id=1, buildingName='Changed name'}}
26 Feb;19:05:44.999 [main] INFO  u.c.f.c.service.CourseService - getById: course = Course{id=1, courseName='History'}
26 Feb;19:05:45.000 [main] INFO  u.c.f.c.service.TeacherService - getById: teacher = Teacher{id=1, firstName='Albert', lastName='Johnson', faculty=Faculty{id=3, facultyName='Faculty of Arts'}}
26 Feb;19:05:45.001 [main] INFO  u.c.f.c.service.TeacherService - getById: teacher = Teacher{id=1, firstName='Albert', lastName='Johnson', faculty=Faculty{id=3, facultyName='Faculty of Arts'}}
26 Feb;19:05:45.003 [main] INFO  u.c.f.c.service.ClassroomService - getById: classroom = Classroom{id=3, roomName='B-10', roomType='Laboratory', roomCapacity=10, building=Building{id=2, buildingName='E'}}
26 Feb;19:05:45.004 [main] INFO  u.c.f.c.service.CourseService - getById: course = Course{id=1, courseName='History'}
26 Feb;19:05:45.005 [main] INFO  u.c.f.c.service.TeacherService - getById: teacher = Teacher{id=1, firstName='Albert', lastName='Johnson', faculty=Faculty{id=3, facultyName='Faculty of Arts'}}
26 Feb;19:05:45.005 [main] INFO  u.c.f.c.service.TeacherService - getById: teacher = Teacher{id=1, firstName='Albert', lastName='Johnson', faculty=Faculty{id=3, facultyName='Faculty of Arts'}}
26 Feb;19:05:45.007 [main] INFO  u.c.f.c.service.ClassroomService - getById: classroom = Classroom{id=4, roomName='A-4', roomType='Lecture', roomCapacity=50, building=Building{id=1, buildingName='Changed name'}}
26 Feb;19:05:45.008 [main] INFO  u.c.f.c.service.CourseService - getById: course = Course{id=2, courseName='Philosophy'}
26 Feb;19:05:45.008 [main] INFO  u.c.f.c.service.TeacherService - getById: teacher = Teacher{id=2, firstName='Stanley', lastName='Gruber', faculty=Faculty{id=3, facultyName='Faculty of Arts'}}
26 Feb;19:05:45.009 [main] INFO  u.c.f.c.service.TeacherService - getById: teacher = Teacher{id=2, firstName='Stanley', lastName='Gruber', faculty=Faculty{id=3, facultyName='Faculty of Arts'}}
26 Feb;19:05:45.009 [main] INFO  u.c.f.c.service.ClassroomService - getById: classroom = Classroom{id=9, roomName='New name', roomType='Lecture', roomCapacity=50, building=Building{id=2, buildingName='E'}}
26 Feb;19:05:45.010 [main] INFO  u.c.f.c.service.CourseService - getById: course = Course{id=6, courseName='Biology'}
26 Feb;19:05:45.010 [main] INFO  u.c.f.c.service.TeacherService - getById: teacher = Teacher{id=6, firstName='Ellie', lastName='Purh', faculty=Faculty{id=1, facultyName='Changed faculty name'}}
26 Feb;19:05:45.010 [main] INFO  u.c.f.c.service.TeacherService - getById: teacher = Teacher{id=6, firstName='Ellie', lastName='Purh', faculty=Faculty{id=1, facultyName='Changed faculty name'}}
26 Feb;19:05:45.011 [main] INFO  u.c.f.c.service.ClassroomService - getById: classroom = Classroom{id=9, roomName='New name', roomType='Lecture', roomCapacity=50, building=Building{id=2, buildingName='E'}}
26 Feb;19:05:45.011 [main] INFO  u.c.f.c.service.CourseService - getById: course = Course{id=6, courseName='Biology'}
26 Feb;19:05:45.012 [main] INFO  u.c.f.c.service.TeacherService - getById: teacher = Teacher{id=6, firstName='Ellie', lastName='Purh', faculty=Faculty{id=1, facultyName='Changed faculty name'}}
26 Feb;19:05:45.012 [main] INFO  u.c.f.c.service.TeacherService - getById: teacher = Teacher{id=6, firstName='Ellie', lastName='Purh', faculty=Faculty{id=1, facultyName='Changed faculty name'}}
26 Feb;19:05:45.013 [main] INFO  u.c.f.c.service.ClassroomService - getById: classroom = Classroom{id=6, roomName='B-1', roomType='Class', roomCapacity=30, building=Building{id=2, buildingName='E'}}
26 Feb;19:05:45.013 [main] INFO  u.c.f.c.service.CourseService - getById: course = Course{id=6, courseName='Biology'}
26 Feb;19:05:45.014 [main] INFO  u.c.f.c.service.TeacherService - getById: teacher = Teacher{id=7, firstName='Charlie', lastName='Byrne', faculty=Faculty{id=1, facultyName='Changed faculty name'}}
26 Feb;19:05:45.014 [main] INFO  u.c.f.c.service.TeacherService - getById: teacher = Teacher{id=7, firstName='Charlie', lastName='Byrne', faculty=Faculty{id=1, facultyName='Changed faculty name'}}
26 Feb;19:05:45.015 [main] INFO  u.c.f.c.service.ClassroomService - getById: classroom = Classroom{id=7, roomName='B-2', roomType='Class', roomCapacity=30, building=Building{id=2, buildingName='E'}}
26 Feb;19:05:45.015 [main] INFO  u.c.f.c.service.CourseService - getById: course = Course{id=6, courseName='Biology'}
26 Feb;19:05:45.015 [main] INFO  u.c.f.c.service.TeacherService - getById: teacher = Teacher{id=7, firstName='Charlie', lastName='Byrne', faculty=Faculty{id=1, facultyName='Changed faculty name'}}
26 Feb;19:05:45.016 [main] INFO  u.c.f.c.service.TeacherService - getById: teacher = Teacher{id=7, firstName='Charlie', lastName='Byrne', faculty=Faculty{id=1, facultyName='Changed faculty name'}}
26 Feb;19:05:45.016 [main] INFO  u.c.f.c.service.ClassroomService - getById: classroom = Classroom{id=10, roomName='B-5', roomType='Laboratory', roomCapacity=10, building=Building{id=2, buildingName='E'}}
26 Feb;19:05:45.017 [main] INFO  u.c.f.c.service.CourseService - getById: course = Course{id=6, courseName='Biology'}
26 Feb;19:05:45.017 [main] INFO  u.c.f.c.service.TeacherService - getById: teacher = Teacher{id=7, firstName='Charlie', lastName='Byrne', faculty=Faculty{id=1, facultyName='Changed faculty name'}}
26 Feb;19:05:45.017 [main] INFO  u.c.f.c.service.TeacherService - getById: teacher = Teacher{id=7, firstName='Charlie', lastName='Byrne', faculty=Faculty{id=1, facultyName='Changed faculty name'}}
26 Feb;19:05:45.019 [main] INFO  u.c.f.c.service.ClassroomService - getById: classroom = Classroom{id=14, roomName='C-4', roomType='Lecture', roomCapacity=50, building=Building{id=3, buildingName='C'}}
26 Feb;19:05:45.019 [main] INFO  u.c.f.c.service.CourseService - getById: course = Course{id=9, courseName='Physics'}
26 Feb;19:05:45.020 [main] INFO  u.c.f.c.service.TeacherService - getById: teacher = Teacher{id=11, firstName='Sophia', lastName='Roos', faculty=Faculty{id=2, facultyName='Changed faculty name'}}
26 Feb;19:05:45.021 [main] INFO  u.c.f.c.service.TeacherService - getById: teacher = Teacher{id=11, firstName='Sophia', lastName='Roos', faculty=Faculty{id=2, facultyName='Changed faculty name'}}
26 Feb;19:05:45.023 [main] INFO  u.c.f.c.service.ClassroomService - getById: classroom = Classroom{id=14, roomName='C-4', roomType='Lecture', roomCapacity=50, building=Building{id=3, buildingName='C'}}
26 Feb;19:05:45.024 [main] INFO  u.c.f.c.service.CourseService - getById: course = Course{id=10, courseName='Geometry'}
26 Feb;19:05:45.025 [main] INFO  u.c.f.c.service.TeacherService - getById: teacher = Teacher{id=12, firstName='Mia', lastName='Brown', faculty=Faculty{id=2, facultyName='Changed faculty name'}}
26 Feb;19:05:45.026 [main] INFO  u.c.f.c.service.TeacherService - getById: teacher = Teacher{id=12, firstName='Mia', lastName='Brown', faculty=Faculty{id=2, facultyName='Changed faculty name'}}
26 Feb;19:05:45.027 [main] INFO  u.c.f.c.service.ClassroomService - getById: classroom = Classroom{id=13, roomName='C-3', roomType='Class', roomCapacity=30, building=Building{id=3, buildingName='C'}}
26 Feb;19:05:45.028 [main] INFO  u.c.f.c.service.CourseService - getById: course = Course{id=8, courseName='Mathematics'}
26 Feb;19:05:45.029 [main] INFO  u.c.f.c.service.TeacherService - getById: teacher = Teacher{id=10, firstName='Joshua', lastName='Eve', faculty=Faculty{id=2, facultyName='Changed faculty name'}}
26 Feb;19:05:45.029 [main] INFO  u.c.f.c.service.TeacherService - getById: teacher = Teacher{id=10, firstName='Joshua', lastName='Eve', faculty=Faculty{id=2, facultyName='Changed faculty name'}}
26 Feb;19:05:45.031 [main] INFO  u.c.f.c.service.ClassroomService - getById: classroom = Classroom{id=15, roomName='C-5', roomType='Laboratory', roomCapacity=10, building=Building{id=3, buildingName='C'}}
26 Feb;19:05:45.032 [main] INFO  u.c.f.c.service.CourseService - getById: course = Course{id=9, courseName='Physics'}
26 Feb;19:05:45.033 [main] INFO  u.c.f.c.service.TeacherService - getById: teacher = Teacher{id=11, firstName='Sophia', lastName='Roos', faculty=Faculty{id=2, facultyName='Changed faculty name'}}
26 Feb;19:05:45.033 [main] INFO  u.c.f.c.service.TeacherService - getById: teacher = Teacher{id=11, firstName='Sophia', lastName='Roos', faculty=Faculty{id=2, facultyName='Changed faculty name'}}
26 Feb;19:05:45.035 [main] INFO  u.c.f.c.service.ClassroomService - getById: classroom = Classroom{id=15, roomName='C-5', roomType='Laboratory', roomCapacity=10, building=Building{id=3, buildingName='C'}}
26 Feb;19:05:45.036 [main] INFO  u.c.f.c.service.CourseService - getById: course = Course{id=10, courseName='Geometry'}
26 Feb;19:05:45.037 [main] INFO  u.c.f.c.service.TeacherService - getById: teacher = Teacher{id=12, firstName='Mia', lastName='Brown', faculty=Faculty{id=2, facultyName='Changed faculty name'}}
26 Feb;19:05:45.038 [main] INFO  u.c.f.c.service.TeacherService - getById: teacher = Teacher{id=12, firstName='Mia', lastName='Brown', faculty=Faculty{id=2, facultyName='Changed faculty name'}}
26 Feb;19:05:45.039 [main] INFO  u.c.f.c.service.ClassroomService - getById: classroom = Classroom{id=4, roomName='A-4', roomType='Lecture', roomCapacity=50, building=Building{id=1, buildingName='Changed name'}}
26 Feb;19:05:45.040 [main] INFO  u.c.f.c.service.CourseService - getById: course = Course{id=1, courseName='History'}
26 Feb;19:05:45.041 [main] INFO  u.c.f.c.service.TeacherService - getById: teacher = Teacher{id=1, firstName='Albert', lastName='Johnson', faculty=Faculty{id=3, facultyName='Faculty of Arts'}}
26 Feb;19:05:45.042 [main] INFO  u.c.f.c.service.TeacherService - getById: teacher = Teacher{id=1, firstName='Albert', lastName='Johnson', faculty=Faculty{id=3, facultyName='Faculty of Arts'}}
26 Feb;19:05:45.043 [main] INFO  u.c.f.c.service.ClassroomService - getById: classroom = Classroom{id=1, roomName='A-1', roomType='Class', roomCapacity=30, building=Building{id=1, buildingName='Changed name'}}
26 Feb;19:05:45.045 [main] INFO  u.c.f.c.service.CourseService - getById: course = Course{id=1, courseName='History'}
26 Feb;19:05:45.046 [main] INFO  u.c.f.c.service.TeacherService - getById: teacher = Teacher{id=1, firstName='Albert', lastName='Johnson', faculty=Faculty{id=3, facultyName='Faculty of Arts'}}
26 Feb;19:05:45.046 [main] INFO  u.c.f.c.service.TeacherService - getById: teacher = Teacher{id=1, firstName='Albert', lastName='Johnson', faculty=Faculty{id=3, facultyName='Faculty of Arts'}}
26 Feb;19:05:45.047 [main] INFO  u.c.f.c.service.ClassroomService - getById: classroom = Classroom{id=2, roomName='A-2', roomType='Class', roomCapacity=30, building=Building{id=1, buildingName='Changed name'}}
26 Feb;19:05:45.047 [main] INFO  u.c.f.c.service.CourseService - getById: course = Course{id=2, courseName='Philosophy'}
26 Feb;19:05:45.048 [main] INFO  u.c.f.c.service.TeacherService - getById: teacher = Teacher{id=2, firstName='Stanley', lastName='Gruber', faculty=Faculty{id=3, facultyName='Faculty of Arts'}}
26 Feb;19:05:45.049 [main] INFO  u.c.f.c.service.TeacherService - getById: teacher = Teacher{id=2, firstName='Stanley', lastName='Gruber', faculty=Faculty{id=3, facultyName='Faculty of Arts'}}
26 Feb;19:05:45.051 [main] INFO  u.c.f.c.service.ClassroomService - getById: classroom = Classroom{id=3, roomName='B-10', roomType='Laboratory', roomCapacity=10, building=Building{id=2, buildingName='E'}}
26 Feb;19:05:45.052 [main] INFO  u.c.f.c.service.CourseService - getById: course = Course{id=2, courseName='Philosophy'}
26 Feb;19:05:45.053 [main] INFO  u.c.f.c.service.TeacherService - getById: teacher = Teacher{id=2, firstName='Stanley', lastName='Gruber', faculty=Faculty{id=3, facultyName='Faculty of Arts'}}
26 Feb;19:05:45.054 [main] INFO  u.c.f.c.service.TeacherService - getById: teacher = Teacher{id=2, firstName='Stanley', lastName='Gruber', faculty=Faculty{id=3, facultyName='Faculty of Arts'}}
26 Feb;19:05:45.055 [main] INFO  u.c.f.c.service.ClassroomService - getById: classroom = Classroom{id=4, roomName='A-4', roomType='Lecture', roomCapacity=50, building=Building{id=1, buildingName='Changed name'}}
26 Feb;19:05:45.056 [main] INFO  u.c.f.c.service.CourseService - getById: course = Course{id=3, courseName='Another course's name'}
26 Feb;19:05:45.057 [main] INFO  u.c.f.c.service.TeacherService - getById: teacher = Teacher{id=3, firstName='Freya', lastName='Shepp', faculty=Faculty{id=3, facultyName='Faculty of Arts'}}
26 Feb;19:05:45.058 [main] INFO  u.c.f.c.service.TeacherService - getById: teacher = Teacher{id=3, firstName='Freya', lastName='Shepp', faculty=Faculty{id=3, facultyName='Faculty of Arts'}}
26 Feb;19:05:45.059 [main] INFO  u.c.f.c.service.ClassroomService - getById: classroom = Classroom{id=9, roomName='New name', roomType='Lecture', roomCapacity=50, building=Building{id=2, buildingName='E'}}
26 Feb;19:05:45.060 [main] INFO  u.c.f.c.service.CourseService - getById: course = Course{id=6, courseName='Biology'}
26 Feb;19:05:45.061 [main] INFO  u.c.f.c.service.TeacherService - getById: teacher = Teacher{id=6, firstName='Ellie', lastName='Purh', faculty=Faculty{id=1, facultyName='Changed faculty name'}}
26 Feb;19:05:45.061 [main] INFO  u.c.f.c.service.TeacherService - getById: teacher = Teacher{id=6, firstName='Ellie', lastName='Purh', faculty=Faculty{id=1, facultyName='Changed faculty name'}}
26 Feb;19:05:45.062 [main] INFO  u.c.f.c.service.ClassroomService - getById: classroom = Classroom{id=9, roomName='New name', roomType='Lecture', roomCapacity=50, building=Building{id=2, buildingName='E'}}
26 Feb;19:05:45.063 [main] INFO  u.c.f.c.service.CourseService - getById: course = Course{id=6, courseName='Biology'}
26 Feb;19:05:45.064 [main] INFO  u.c.f.c.service.TeacherService - getById: teacher = Teacher{id=6, firstName='Ellie', lastName='Purh', faculty=Faculty{id=1, facultyName='Changed faculty name'}}
26 Feb;19:05:45.064 [main] INFO  u.c.f.c.service.TeacherService - getById: teacher = Teacher{id=6, firstName='Ellie', lastName='Purh', faculty=Faculty{id=1, facultyName='Changed faculty name'}}
26 Feb;19:05:45.066 [main] INFO  u.c.f.c.service.ClassroomService - getById: classroom = Classroom{id=6, roomName='B-1', roomType='Class', roomCapacity=30, building=Building{id=2, buildingName='E'}}
26 Feb;19:05:45.066 [main] INFO  u.c.f.c.service.CourseService - getById: course = Course{id=6, courseName='Biology'}
26 Feb;19:05:45.067 [main] INFO  u.c.f.c.service.TeacherService - getById: teacher = Teacher{id=7, firstName='Charlie', lastName='Byrne', faculty=Faculty{id=1, facultyName='Changed faculty name'}}
26 Feb;19:05:45.068 [main] INFO  u.c.f.c.service.TeacherService - getById: teacher = Teacher{id=7, firstName='Charlie', lastName='Byrne', faculty=Faculty{id=1, facultyName='Changed faculty name'}}
26 Feb;19:05:45.069 [main] INFO  u.c.f.c.service.ClassroomService - getById: classroom = Classroom{id=7, roomName='B-2', roomType='Class', roomCapacity=30, building=Building{id=2, buildingName='E'}}
26 Feb;19:05:45.070 [main] INFO  u.c.f.c.service.CourseService - getById: course = Course{id=6, courseName='Biology'}
26 Feb;19:05:45.071 [main] INFO  u.c.f.c.service.TeacherService - getById: teacher = Teacher{id=7, firstName='Charlie', lastName='Byrne', faculty=Faculty{id=1, facultyName='Changed faculty name'}}
26 Feb;19:05:45.071 [main] INFO  u.c.f.c.service.TeacherService - getById: teacher = Teacher{id=7, firstName='Charlie', lastName='Byrne', faculty=Faculty{id=1, facultyName='Changed faculty name'}}
26 Feb;19:05:45.073 [main] INFO  u.c.f.c.service.ClassroomService - getById: classroom = Classroom{id=10, roomName='B-5', roomType='Laboratory', roomCapacity=10, building=Building{id=2, buildingName='E'}}
26 Feb;19:05:45.073 [main] INFO  u.c.f.c.service.CourseService - getById: course = Course{id=6, courseName='Biology'}
26 Feb;19:05:45.074 [main] INFO  u.c.f.c.service.TeacherService - getById: teacher = Teacher{id=7, firstName='Charlie', lastName='Byrne', faculty=Faculty{id=1, facultyName='Changed faculty name'}}
26 Feb;19:05:45.075 [main] INFO  u.c.f.c.service.TeacherService - getById: teacher = Teacher{id=7, firstName='Charlie', lastName='Byrne', faculty=Faculty{id=1, facultyName='Changed faculty name'}}
26 Feb;19:05:45.076 [main] INFO  u.c.f.c.service.ClassroomService - getById: classroom = Classroom{id=14, roomName='C-4', roomType='Lecture', roomCapacity=50, building=Building{id=3, buildingName='C'}}
26 Feb;19:05:45.077 [main] INFO  u.c.f.c.service.CourseService - getById: course = Course{id=8, courseName='Mathematics'}
26 Feb;19:05:45.078 [main] INFO  u.c.f.c.service.TeacherService - getById: teacher = Teacher{id=10, firstName='Joshua', lastName='Eve', faculty=Faculty{id=2, facultyName='Changed faculty name'}}
26 Feb;19:05:45.079 [main] INFO  u.c.f.c.service.TeacherService - getById: teacher = Teacher{id=10, firstName='Joshua', lastName='Eve', faculty=Faculty{id=2, facultyName='Changed faculty name'}}
26 Feb;19:05:45.081 [main] INFO  u.c.f.c.service.ClassroomService - getById: classroom = Classroom{id=14, roomName='C-4', roomType='Lecture', roomCapacity=50, building=Building{id=3, buildingName='C'}}
26 Feb;19:05:45.081 [main] INFO  u.c.f.c.service.CourseService - getById: course = Course{id=8, courseName='Mathematics'}
26 Feb;19:05:45.082 [main] INFO  u.c.f.c.service.TeacherService - getById: teacher = Teacher{id=10, firstName='Joshua', lastName='Eve', faculty=Faculty{id=2, facultyName='Changed faculty name'}}
26 Feb;19:05:45.083 [main] INFO  u.c.f.c.service.TeacherService - getById: teacher = Teacher{id=10, firstName='Joshua', lastName='Eve', faculty=Faculty{id=2, facultyName='Changed faculty name'}}
26 Feb;19:05:45.084 [main] INFO  u.c.f.c.service.ClassroomService - getById: classroom = Classroom{id=11, roomName='C-1', roomType='Class', roomCapacity=30, building=Building{id=3, buildingName='C'}}
26 Feb;19:05:45.085 [main] INFO  u.c.f.c.service.CourseService - getById: course = Course{id=8, courseName='Mathematics'}
26 Feb;19:05:45.086 [main] INFO  u.c.f.c.service.TeacherService - getById: teacher = Teacher{id=10, firstName='Joshua', lastName='Eve', faculty=Faculty{id=2, facultyName='Changed faculty name'}}
26 Feb;19:05:45.086 [main] INFO  u.c.f.c.service.TeacherService - getById: teacher = Teacher{id=10, firstName='Joshua', lastName='Eve', faculty=Faculty{id=2, facultyName='Changed faculty name'}}
26 Feb;19:05:45.088 [main] INFO  u.c.f.c.service.ClassroomService - getById: classroom = Classroom{id=13, roomName='C-3', roomType='Class', roomCapacity=30, building=Building{id=3, buildingName='C'}}
26 Feb;19:05:45.089 [main] INFO  u.c.f.c.service.CourseService - getById: course = Course{id=8, courseName='Mathematics'}
26 Feb;19:05:45.089 [main] INFO  u.c.f.c.service.TeacherService - getById: teacher = Teacher{id=10, firstName='Joshua', lastName='Eve', faculty=Faculty{id=2, facultyName='Changed faculty name'}}
26 Feb;19:05:45.090 [main] INFO  u.c.f.c.service.TeacherService - getById: teacher = Teacher{id=10, firstName='Joshua', lastName='Eve', faculty=Faculty{id=2, facultyName='Changed faculty name'}}
26 Feb;19:05:45.091 [main] INFO  u.c.f.c.service.ClassroomService - getById: classroom = Classroom{id=15, roomName='C-5', roomType='Laboratory', roomCapacity=10, building=Building{id=3, buildingName='C'}}
26 Feb;19:05:45.092 [main] INFO  u.c.f.c.service.CourseService - getById: course = Course{id=8, courseName='Mathematics'}
26 Feb;19:05:45.093 [main] INFO  u.c.f.c.service.TeacherService - getById: teacher = Teacher{id=10, firstName='Joshua', lastName='Eve', faculty=Faculty{id=2, facultyName='Changed faculty name'}}
26 Feb;19:05:45.094 [main] INFO  u.c.f.c.service.TeacherService - getById: teacher = Teacher{id=10, firstName='Joshua', lastName='Eve', faculty=Faculty{id=2, facultyName='Changed faculty name'}}
26 Feb;19:05:45.095 [main] INFO  u.c.f.c.service.ClassroomService - getById: classroom = Classroom{id=4, roomName='A-4', roomType='Lecture', roomCapacity=50, building=Building{id=1, buildingName='Changed name'}}
26 Feb;19:05:45.096 [main] INFO  u.c.f.c.service.CourseService - getById: course = Course{id=2, courseName='Philosophy'}
26 Feb;19:05:45.097 [main] INFO  u.c.f.c.service.TeacherService - getById: teacher = Teacher{id=2, firstName='Stanley', lastName='Gruber', faculty=Faculty{id=3, facultyName='Faculty of Arts'}}
26 Feb;19:05:45.097 [main] INFO  u.c.f.c.service.TeacherService - getById: teacher = Teacher{id=2, firstName='Stanley', lastName='Gruber', faculty=Faculty{id=3, facultyName='Faculty of Arts'}}
26 Feb;19:05:45.098 [main] INFO  u.c.f.c.service.ClassroomService - getById: classroom = Classroom{id=1, roomName='A-1', roomType='Class', roomCapacity=30, building=Building{id=1, buildingName='Changed name'}}
26 Feb;19:05:45.099 [main] INFO  u.c.f.c.service.CourseService - getById: course = Course{id=2, courseName='Philosophy'}
26 Feb;19:05:45.100 [main] INFO  u.c.f.c.service.TeacherService - getById: teacher = Teacher{id=2, firstName='Stanley', lastName='Gruber', faculty=Faculty{id=3, facultyName='Faculty of Arts'}}
26 Feb;19:05:45.100 [main] INFO  u.c.f.c.service.TeacherService - getById: teacher = Teacher{id=2, firstName='Stanley', lastName='Gruber', faculty=Faculty{id=3, facultyName='Faculty of Arts'}}
26 Feb;19:05:45.102 [main] INFO  u.c.f.c.service.ClassroomService - getById: classroom = Classroom{id=2, roomName='A-2', roomType='Class', roomCapacity=30, building=Building{id=1, buildingName='Changed name'}}
26 Feb;19:05:45.103 [main] INFO  u.c.f.c.service.CourseService - getById: course = Course{id=3, courseName='Another course's name'}
26 Feb;19:05:45.104 [main] INFO  u.c.f.c.service.TeacherService - getById: teacher = Teacher{id=3, firstName='Freya', lastName='Shepp', faculty=Faculty{id=3, facultyName='Faculty of Arts'}}
26 Feb;19:05:45.104 [main] INFO  u.c.f.c.service.TeacherService - getById: teacher = Teacher{id=3, firstName='Freya', lastName='Shepp', faculty=Faculty{id=3, facultyName='Faculty of Arts'}}
26 Feb;19:05:45.106 [main] INFO  u.c.f.c.service.ClassroomService - getById: classroom = Classroom{id=3, roomName='B-10', roomType='Laboratory', roomCapacity=10, building=Building{id=2, buildingName='E'}}
26 Feb;19:05:45.106 [main] INFO  u.c.f.c.service.CourseService - getById: course = Course{id=3, courseName='Another course's name'}
26 Feb;19:05:45.107 [main] INFO  u.c.f.c.service.TeacherService - getById: teacher = Teacher{id=3, firstName='Freya', lastName='Shepp', faculty=Faculty{id=3, facultyName='Faculty of Arts'}}
26 Feb;19:05:45.108 [main] INFO  u.c.f.c.service.TeacherService - getById: teacher = Teacher{id=3, firstName='Freya', lastName='Shepp', faculty=Faculty{id=3, facultyName='Faculty of Arts'}}
26 Feb;19:05:45.110 [main] INFO  u.c.f.c.service.ClassroomService - getById: classroom = Classroom{id=4, roomName='A-4', roomType='Lecture', roomCapacity=50, building=Building{id=1, buildingName='Changed name'}}
26 Feb;19:05:45.111 [main] INFO  u.c.f.c.service.CourseService - getById: course = Course{id=4, courseName='Political science'}
26 Feb;19:05:45.112 [main] INFO  u.c.f.c.service.TeacherService - getById: teacher = Teacher{id=4, firstName='Olivia', lastName='Blake', faculty=Faculty{id=3, facultyName='Faculty of Arts'}}
26 Feb;19:05:45.113 [main] INFO  u.c.f.c.service.TeacherService - getById: teacher = Teacher{id=4, firstName='Olivia', lastName='Blake', faculty=Faculty{id=3, facultyName='Faculty of Arts'}}
26 Feb;19:05:45.114 [main] INFO  u.c.f.c.service.ClassroomService - getById: classroom = Classroom{id=9, roomName='New name', roomType='Lecture', roomCapacity=50, building=Building{id=2, buildingName='E'}}
26 Feb;19:05:45.114 [main] INFO  u.c.f.c.service.CourseService - getById: course = Course{id=7, courseName='Chemistry'}
26 Feb;19:05:45.115 [main] INFO  u.c.f.c.service.TeacherService - getById: teacher = Teacher{id=8, firstName='Samuel', lastName='Travis', faculty=Faculty{id=1, facultyName='Changed faculty name'}}
26 Feb;19:05:45.115 [main] INFO  u.c.f.c.service.TeacherService - getById: teacher = Teacher{id=8, firstName='Samuel', lastName='Travis', faculty=Faculty{id=1, facultyName='Changed faculty name'}}
26 Feb;19:05:45.115 [main] INFO  u.c.f.c.service.ClassroomService - getById: classroom = Classroom{id=9, roomName='New name', roomType='Lecture', roomCapacity=50, building=Building{id=2, buildingName='E'}}
26 Feb;19:05:45.116 [main] INFO  u.c.f.c.service.CourseService - getById: course = Course{id=7, courseName='Chemistry'}
26 Feb;19:05:45.116 [main] INFO  u.c.f.c.service.TeacherService - getById: teacher = Teacher{id=8, firstName='Samuel', lastName='Travis', faculty=Faculty{id=1, facultyName='Changed faculty name'}}
26 Feb;19:05:45.116 [main] INFO  u.c.f.c.service.TeacherService - getById: teacher = Teacher{id=8, firstName='Samuel', lastName='Travis', faculty=Faculty{id=1, facultyName='Changed faculty name'}}
26 Feb;19:05:45.117 [main] INFO  u.c.f.c.service.ClassroomService - getById: classroom = Classroom{id=6, roomName='B-1', roomType='Class', roomCapacity=30, building=Building{id=2, buildingName='E'}}
26 Feb;19:05:45.118 [main] INFO  u.c.f.c.service.CourseService - getById: course = Course{id=7, courseName='Chemistry'}
26 Feb;19:05:45.119 [main] INFO  u.c.f.c.service.TeacherService - getById: teacher = Teacher{id=9, firstName='Albert', lastName='Hill', faculty=Faculty{id=1, facultyName='Changed faculty name'}}
26 Feb;19:05:45.119 [main] INFO  u.c.f.c.service.TeacherService - getById: teacher = Teacher{id=9, firstName='Albert', lastName='Hill', faculty=Faculty{id=1, facultyName='Changed faculty name'}}
26 Feb;19:05:45.120 [main] INFO  u.c.f.c.service.ClassroomService - getById: classroom = Classroom{id=7, roomName='B-2', roomType='Class', roomCapacity=30, building=Building{id=2, buildingName='E'}}
26 Feb;19:05:45.121 [main] INFO  u.c.f.c.service.CourseService - getById: course = Course{id=7, courseName='Chemistry'}
26 Feb;19:05:45.122 [main] INFO  u.c.f.c.service.TeacherService - getById: teacher = Teacher{id=9, firstName='Albert', lastName='Hill', faculty=Faculty{id=1, facultyName='Changed faculty name'}}
26 Feb;19:05:45.122 [main] INFO  u.c.f.c.service.TeacherService - getById: teacher = Teacher{id=9, firstName='Albert', lastName='Hill', faculty=Faculty{id=1, facultyName='Changed faculty name'}}
26 Feb;19:05:45.123 [main] INFO  u.c.f.c.service.ClassroomService - getById: classroom = Classroom{id=10, roomName='B-5', roomType='Laboratory', roomCapacity=10, building=Building{id=2, buildingName='E'}}
26 Feb;19:05:45.124 [main] INFO  u.c.f.c.service.CourseService - getById: course = Course{id=7, courseName='Chemistry'}
26 Feb;19:05:45.124 [main] INFO  u.c.f.c.service.TeacherService - getById: teacher = Teacher{id=9, firstName='Albert', lastName='Hill', faculty=Faculty{id=1, facultyName='Changed faculty name'}}
26 Feb;19:05:45.125 [main] INFO  u.c.f.c.service.TeacherService - getById: teacher = Teacher{id=9, firstName='Albert', lastName='Hill', faculty=Faculty{id=1, facultyName='Changed faculty name'}}
26 Feb;19:05:45.126 [main] INFO  u.c.f.c.service.ClassroomService - getById: classroom = Classroom{id=14, roomName='C-4', roomType='Lecture', roomCapacity=50, building=Building{id=3, buildingName='C'}}
26 Feb;19:05:45.126 [main] INFO  u.c.f.c.service.CourseService - getById: course = Course{id=9, courseName='Physics'}
26 Feb;19:05:45.127 [main] INFO  u.c.f.c.service.TeacherService - getById: teacher = Teacher{id=11, firstName='Sophia', lastName='Roos', faculty=Faculty{id=2, facultyName='Changed faculty name'}}
26 Feb;19:05:45.127 [main] INFO  u.c.f.c.service.TeacherService - getById: teacher = Teacher{id=11, firstName='Sophia', lastName='Roos', faculty=Faculty{id=2, facultyName='Changed faculty name'}}
26 Feb;19:05:45.128 [main] INFO  u.c.f.c.service.ClassroomService - getById: classroom = Classroom{id=14, roomName='C-4', roomType='Lecture', roomCapacity=50, building=Building{id=3, buildingName='C'}}
26 Feb;19:05:45.129 [main] INFO  u.c.f.c.service.CourseService - getById: course = Course{id=9, courseName='Physics'}
26 Feb;19:05:45.129 [main] INFO  u.c.f.c.service.TeacherService - getById: teacher = Teacher{id=11, firstName='Sophia', lastName='Roos', faculty=Faculty{id=2, facultyName='Changed faculty name'}}
26 Feb;19:05:45.130 [main] INFO  u.c.f.c.service.TeacherService - getById: teacher = Teacher{id=11, firstName='Sophia', lastName='Roos', faculty=Faculty{id=2, facultyName='Changed faculty name'}}
26 Feb;19:05:45.131 [main] INFO  u.c.f.c.service.ClassroomService - getById: classroom = Classroom{id=11, roomName='C-1', roomType='Class', roomCapacity=30, building=Building{id=3, buildingName='C'}}
26 Feb;19:05:45.132 [main] INFO  u.c.f.c.service.CourseService - getById: course = Course{id=9, courseName='Physics'}
26 Feb;19:05:45.132 [main] INFO  u.c.f.c.service.TeacherService - getById: teacher = Teacher{id=11, firstName='Sophia', lastName='Roos', faculty=Faculty{id=2, facultyName='Changed faculty name'}}
26 Feb;19:05:45.133 [main] INFO  u.c.f.c.service.TeacherService - getById: teacher = Teacher{id=11, firstName='Sophia', lastName='Roos', faculty=Faculty{id=2, facultyName='Changed faculty name'}}
26 Feb;19:05:45.134 [main] INFO  u.c.f.c.service.ClassroomService - getById: classroom = Classroom{id=13, roomName='C-3', roomType='Class', roomCapacity=30, building=Building{id=3, buildingName='C'}}
26 Feb;19:05:45.135 [main] INFO  u.c.f.c.service.CourseService - getById: course = Course{id=9, courseName='Physics'}
26 Feb;19:05:45.136 [main] INFO  u.c.f.c.service.TeacherService - getById: teacher = Teacher{id=11, firstName='Sophia', lastName='Roos', faculty=Faculty{id=2, facultyName='Changed faculty name'}}
26 Feb;19:05:45.136 [main] INFO  u.c.f.c.service.TeacherService - getById: teacher = Teacher{id=11, firstName='Sophia', lastName='Roos', faculty=Faculty{id=2, facultyName='Changed faculty name'}}
26 Feb;19:05:45.138 [main] INFO  u.c.f.c.service.ClassroomService - getById: classroom = Classroom{id=15, roomName='C-5', roomType='Laboratory', roomCapacity=10, building=Building{id=3, buildingName='C'}}
26 Feb;19:05:45.139 [main] INFO  u.c.f.c.service.CourseService - getById: course = Course{id=9, courseName='Physics'}
26 Feb;19:05:45.140 [main] INFO  u.c.f.c.service.TeacherService - getById: teacher = Teacher{id=11, firstName='Sophia', lastName='Roos', faculty=Faculty{id=2, facultyName='Changed faculty name'}}
26 Feb;19:05:45.140 [main] INFO  u.c.f.c.service.TeacherService - getById: teacher = Teacher{id=11, firstName='Sophia', lastName='Roos', faculty=Faculty{id=2, facultyName='Changed faculty name'}}
26 Feb;19:05:45.141 [main] INFO  u.c.f.c.service.ClassroomService - getById: classroom = Classroom{id=4, roomName='A-4', roomType='Lecture', roomCapacity=50, building=Building{id=1, buildingName='Changed name'}}
26 Feb;19:05:45.142 [main] INFO  u.c.f.c.service.CourseService - getById: course = Course{id=3, courseName='Another course's name'}
26 Feb;19:05:45.143 [main] INFO  u.c.f.c.service.TeacherService - getById: teacher = Teacher{id=3, firstName='Freya', lastName='Shepp', faculty=Faculty{id=3, facultyName='Faculty of Arts'}}
26 Feb;19:05:45.143 [main] INFO  u.c.f.c.service.TeacherService - getById: teacher = Teacher{id=3, firstName='Freya', lastName='Shepp', faculty=Faculty{id=3, facultyName='Faculty of Arts'}}
26 Feb;19:05:45.144 [main] INFO  u.c.f.c.service.ClassroomService - getById: classroom = Classroom{id=1, roomName='A-1', roomType='Class', roomCapacity=30, building=Building{id=1, buildingName='Changed name'}}
26 Feb;19:05:45.145 [main] INFO  u.c.f.c.service.CourseService - getById: course = Course{id=3, courseName='Another course's name'}
26 Feb;19:05:45.145 [main] INFO  u.c.f.c.service.TeacherService - getById: teacher = Teacher{id=3, firstName='Freya', lastName='Shepp', faculty=Faculty{id=3, facultyName='Faculty of Arts'}}
26 Feb;19:05:45.146 [main] INFO  u.c.f.c.service.TeacherService - getById: teacher = Teacher{id=3, firstName='Freya', lastName='Shepp', faculty=Faculty{id=3, facultyName='Faculty of Arts'}}
26 Feb;19:05:45.147 [main] INFO  u.c.f.c.service.ClassroomService - getById: classroom = Classroom{id=2, roomName='A-2', roomType='Class', roomCapacity=30, building=Building{id=1, buildingName='Changed name'}}
26 Feb;19:05:45.148 [main] INFO  u.c.f.c.service.CourseService - getById: course = Course{id=4, courseName='Political science'}
26 Feb;19:05:45.148 [main] INFO  u.c.f.c.service.TeacherService - getById: teacher = Teacher{id=4, firstName='Olivia', lastName='Blake', faculty=Faculty{id=3, facultyName='Faculty of Arts'}}
26 Feb;19:05:45.149 [main] INFO  u.c.f.c.service.TeacherService - getById: teacher = Teacher{id=4, firstName='Olivia', lastName='Blake', faculty=Faculty{id=3, facultyName='Faculty of Arts'}}
26 Feb;19:05:45.150 [main] INFO  u.c.f.c.service.ClassroomService - getById: classroom = Classroom{id=3, roomName='B-10', roomType='Laboratory', roomCapacity=10, building=Building{id=2, buildingName='E'}}
26 Feb;19:05:45.151 [main] INFO  u.c.f.c.service.CourseService - getById: course = Course{id=4, courseName='Political science'}
26 Feb;19:05:45.152 [main] INFO  u.c.f.c.service.TeacherService - getById: teacher = Teacher{id=4, firstName='Olivia', lastName='Blake', faculty=Faculty{id=3, facultyName='Faculty of Arts'}}
26 Feb;19:05:45.152 [main] INFO  u.c.f.c.service.TeacherService - getById: teacher = Teacher{id=4, firstName='Olivia', lastName='Blake', faculty=Faculty{id=3, facultyName='Faculty of Arts'}}
26 Feb;19:05:45.153 [main] INFO  u.c.f.c.service.ClassroomService - getById: classroom = Classroom{id=4, roomName='A-4', roomType='Lecture', roomCapacity=50, building=Building{id=1, buildingName='Changed name'}}
26 Feb;19:05:45.154 [main] INFO  u.c.f.c.service.CourseService - getById: course = Course{id=5, courseName='Culture'}
26 Feb;19:05:45.154 [main] INFO  u.c.f.c.service.TeacherService - getById: teacher = Teacher{id=5, firstName='Scarlett', lastName='Nimoy', faculty=Faculty{id=3, facultyName='Faculty of Arts'}}
26 Feb;19:05:45.155 [main] INFO  u.c.f.c.service.TeacherService - getById: teacher = Teacher{id=5, firstName='Scarlett', lastName='Nimoy', faculty=Faculty{id=3, facultyName='Faculty of Arts'}}
26 Feb;19:05:45.156 [main] INFO  u.c.f.c.service.ClassroomService - getById: classroom = Classroom{id=9, roomName='New name', roomType='Lecture', roomCapacity=50, building=Building{id=2, buildingName='E'}}
26 Feb;19:05:45.157 [main] INFO  u.c.f.c.service.CourseService - getById: course = Course{id=6, courseName='Biology'}
26 Feb;19:05:45.158 [main] INFO  u.c.f.c.service.TeacherService - getById: teacher = Teacher{id=6, firstName='Ellie', lastName='Purh', faculty=Faculty{id=1, facultyName='Changed faculty name'}}
26 Feb;19:05:45.159 [main] INFO  u.c.f.c.service.TeacherService - getById: teacher = Teacher{id=6, firstName='Ellie', lastName='Purh', faculty=Faculty{id=1, facultyName='Changed faculty name'}}
26 Feb;19:05:45.160 [main] INFO  u.c.f.c.service.ClassroomService - getById: classroom = Classroom{id=9, roomName='New name', roomType='Lecture', roomCapacity=50, building=Building{id=2, buildingName='E'}}
26 Feb;19:05:45.161 [main] INFO  u.c.f.c.service.CourseService - getById: course = Course{id=6, courseName='Biology'}
26 Feb;19:05:45.161 [main] INFO  u.c.f.c.service.TeacherService - getById: teacher = Teacher{id=6, firstName='Ellie', lastName='Purh', faculty=Faculty{id=1, facultyName='Changed faculty name'}}
26 Feb;19:05:45.162 [main] INFO  u.c.f.c.service.TeacherService - getById: teacher = Teacher{id=6, firstName='Ellie', lastName='Purh', faculty=Faculty{id=1, facultyName='Changed faculty name'}}
26 Feb;19:05:45.163 [main] INFO  u.c.f.c.service.ClassroomService - getById: classroom = Classroom{id=6, roomName='B-1', roomType='Class', roomCapacity=30, building=Building{id=2, buildingName='E'}}
26 Feb;19:05:45.164 [main] INFO  u.c.f.c.service.CourseService - getById: course = Course{id=6, courseName='Biology'}
26 Feb;19:05:45.164 [main] INFO  u.c.f.c.service.TeacherService - getById: teacher = Teacher{id=7, firstName='Charlie', lastName='Byrne', faculty=Faculty{id=1, facultyName='Changed faculty name'}}
26 Feb;19:05:45.165 [main] INFO  u.c.f.c.service.TeacherService - getById: teacher = Teacher{id=7, firstName='Charlie', lastName='Byrne', faculty=Faculty{id=1, facultyName='Changed faculty name'}}
26 Feb;19:05:45.166 [main] INFO  u.c.f.c.service.ClassroomService - getById: classroom = Classroom{id=7, roomName='B-2', roomType='Class', roomCapacity=30, building=Building{id=2, buildingName='E'}}
26 Feb;19:05:45.166 [main] INFO  u.c.f.c.service.CourseService - getById: course = Course{id=6, courseName='Biology'}
26 Feb;19:05:45.167 [main] INFO  u.c.f.c.service.TeacherService - getById: teacher = Teacher{id=7, firstName='Charlie', lastName='Byrne', faculty=Faculty{id=1, facultyName='Changed faculty name'}}
26 Feb;19:05:45.167 [main] INFO  u.c.f.c.service.TeacherService - getById: teacher = Teacher{id=7, firstName='Charlie', lastName='Byrne', faculty=Faculty{id=1, facultyName='Changed faculty name'}}
26 Feb;19:05:45.168 [main] INFO  u.c.f.c.service.ClassroomService - getById: classroom = Classroom{id=10, roomName='B-5', roomType='Laboratory', roomCapacity=10, building=Building{id=2, buildingName='E'}}
26 Feb;19:05:45.169 [main] INFO  u.c.f.c.service.CourseService - getById: course = Course{id=6, courseName='Biology'}
26 Feb;19:05:45.170 [main] INFO  u.c.f.c.service.TeacherService - getById: teacher = Teacher{id=7, firstName='Charlie', lastName='Byrne', faculty=Faculty{id=1, facultyName='Changed faculty name'}}
26 Feb;19:05:45.170 [main] INFO  u.c.f.c.service.TeacherService - getById: teacher = Teacher{id=7, firstName='Charlie', lastName='Byrne', faculty=Faculty{id=1, facultyName='Changed faculty name'}}
26 Feb;19:05:45.171 [main] INFO  u.c.f.c.service.ClassroomService - getById: classroom = Classroom{id=14, roomName='C-4', roomType='Lecture', roomCapacity=50, building=Building{id=3, buildingName='C'}}
26 Feb;19:05:45.171 [main] INFO  u.c.f.c.service.CourseService - getById: course = Course{id=10, courseName='Geometry'}
26 Feb;19:05:45.172 [main] INFO  u.c.f.c.service.TeacherService - getById: teacher = Teacher{id=12, firstName='Mia', lastName='Brown', faculty=Faculty{id=2, facultyName='Changed faculty name'}}
26 Feb;19:05:45.172 [main] INFO  u.c.f.c.service.TeacherService - getById: teacher = Teacher{id=12, firstName='Mia', lastName='Brown', faculty=Faculty{id=2, facultyName='Changed faculty name'}}
26 Feb;19:05:45.173 [main] INFO  u.c.f.c.service.ClassroomService - getById: classroom = Classroom{id=14, roomName='C-4', roomType='Lecture', roomCapacity=50, building=Building{id=3, buildingName='C'}}
26 Feb;19:05:45.174 [main] INFO  u.c.f.c.service.CourseService - getById: course = Course{id=10, courseName='Geometry'}
26 Feb;19:05:45.174 [main] INFO  u.c.f.c.service.TeacherService - getById: teacher = Teacher{id=12, firstName='Mia', lastName='Brown', faculty=Faculty{id=2, facultyName='Changed faculty name'}}
26 Feb;19:05:45.175 [main] INFO  u.c.f.c.service.TeacherService - getById: teacher = Teacher{id=12, firstName='Mia', lastName='Brown', faculty=Faculty{id=2, facultyName='Changed faculty name'}}
26 Feb;19:05:45.175 [main] INFO  u.c.f.c.service.ClassroomService - getById: classroom = Classroom{id=11, roomName='C-1', roomType='Class', roomCapacity=30, building=Building{id=3, buildingName='C'}}
26 Feb;19:05:45.176 [main] INFO  u.c.f.c.service.CourseService - getById: course = Course{id=10, courseName='Geometry'}
26 Feb;19:05:45.176 [main] INFO  u.c.f.c.service.TeacherService - getById: teacher = Teacher{id=12, firstName='Mia', lastName='Brown', faculty=Faculty{id=2, facultyName='Changed faculty name'}}
26 Feb;19:05:45.177 [main] INFO  u.c.f.c.service.TeacherService - getById: teacher = Teacher{id=12, firstName='Mia', lastName='Brown', faculty=Faculty{id=2, facultyName='Changed faculty name'}}
26 Feb;19:05:45.178 [main] INFO  u.c.f.c.service.ClassroomService - getById: classroom = Classroom{id=13, roomName='C-3', roomType='Class', roomCapacity=30, building=Building{id=3, buildingName='C'}}
26 Feb;19:05:45.178 [main] INFO  u.c.f.c.service.CourseService - getById: course = Course{id=10, courseName='Geometry'}
26 Feb;19:05:45.179 [main] INFO  u.c.f.c.service.TeacherService - getById: teacher = Teacher{id=12, firstName='Mia', lastName='Brown', faculty=Faculty{id=2, facultyName='Changed faculty name'}}
26 Feb;19:05:45.179 [main] INFO  u.c.f.c.service.TeacherService - getById: teacher = Teacher{id=12, firstName='Mia', lastName='Brown', faculty=Faculty{id=2, facultyName='Changed faculty name'}}
26 Feb;19:05:45.180 [main] INFO  u.c.f.c.service.ClassroomService - getById: classroom = Classroom{id=15, roomName='C-5', roomType='Laboratory', roomCapacity=10, building=Building{id=3, buildingName='C'}}
26 Feb;19:05:45.180 [main] INFO  u.c.f.c.service.CourseService - getById: course = Course{id=10, courseName='Geometry'}
26 Feb;19:05:45.181 [main] INFO  u.c.f.c.service.TeacherService - getById: teacher = Teacher{id=12, firstName='Mia', lastName='Brown', faculty=Faculty{id=2, facultyName='Changed faculty name'}}
26 Feb;19:05:45.181 [main] INFO  u.c.f.c.service.TeacherService - getById: teacher = Teacher{id=12, firstName='Mia', lastName='Brown', faculty=Faculty{id=2, facultyName='Changed faculty name'}}
26 Feb;19:05:45.182 [main] INFO  u.c.f.c.service.ClassroomService - getById: classroom = Classroom{id=4, roomName='A-4', roomType='Lecture', roomCapacity=50, building=Building{id=1, buildingName='Changed name'}}
26 Feb;19:05:45.183 [main] INFO  u.c.f.c.service.CourseService - getById: course = Course{id=4, courseName='Political science'}
26 Feb;19:05:45.184 [main] INFO  u.c.f.c.service.TeacherService - getById: teacher = Teacher{id=4, firstName='Olivia', lastName='Blake', faculty=Faculty{id=3, facultyName='Faculty of Arts'}}
26 Feb;19:05:45.184 [main] INFO  u.c.f.c.service.TeacherService - getById: teacher = Teacher{id=4, firstName='Olivia', lastName='Blake', faculty=Faculty{id=3, facultyName='Faculty of Arts'}}
26 Feb;19:05:45.185 [main] INFO  u.c.f.c.service.ClassroomService - getById: classroom = Classroom{id=1, roomName='A-1', roomType='Class', roomCapacity=30, building=Building{id=1, buildingName='Changed name'}}
26 Feb;19:05:45.186 [main] INFO  u.c.f.c.service.CourseService - getById: course = Course{id=4, courseName='Political science'}
26 Feb;19:05:45.187 [main] INFO  u.c.f.c.service.TeacherService - getById: teacher = Teacher{id=4, firstName='Olivia', lastName='Blake', faculty=Faculty{id=3, facultyName='Faculty of Arts'}}
26 Feb;19:05:45.187 [main] INFO  u.c.f.c.service.TeacherService - getById: teacher = Teacher{id=4, firstName='Olivia', lastName='Blake', faculty=Faculty{id=3, facultyName='Faculty of Arts'}}
26 Feb;19:05:45.188 [main] INFO  u.c.f.c.service.ClassroomService - getById: classroom = Classroom{id=2, roomName='A-2', roomType='Class', roomCapacity=30, building=Building{id=1, buildingName='Changed name'}}
26 Feb;19:05:45.188 [main] INFO  u.c.f.c.service.CourseService - getById: course = Course{id=5, courseName='Culture'}
26 Feb;19:05:45.189 [main] INFO  u.c.f.c.service.TeacherService - getById: teacher = Teacher{id=5, firstName='Scarlett', lastName='Nimoy', faculty=Faculty{id=3, facultyName='Faculty of Arts'}}
26 Feb;19:05:45.190 [main] INFO  u.c.f.c.service.TeacherService - getById: teacher = Teacher{id=5, firstName='Scarlett', lastName='Nimoy', faculty=Faculty{id=3, facultyName='Faculty of Arts'}}
26 Feb;19:05:45.191 [main] INFO  u.c.f.c.service.ClassroomService - getById: classroom = Classroom{id=3, roomName='B-10', roomType='Laboratory', roomCapacity=10, building=Building{id=2, buildingName='E'}}
26 Feb;19:05:45.191 [main] INFO  u.c.f.c.service.CourseService - getById: course = Course{id=5, courseName='Culture'}
26 Feb;19:05:45.192 [main] INFO  u.c.f.c.service.TeacherService - getById: teacher = Teacher{id=5, firstName='Scarlett', lastName='Nimoy', faculty=Faculty{id=3, facultyName='Faculty of Arts'}}
26 Feb;19:05:45.192 [main] INFO  u.c.f.c.service.TeacherService - getById: teacher = Teacher{id=5, firstName='Scarlett', lastName='Nimoy', faculty=Faculty{id=3, facultyName='Faculty of Arts'}}
26 Feb;19:05:45.193 [main] INFO  u.c.f.c.service.ClassroomService - getById: classroom = Classroom{id=4, roomName='A-4', roomType='Lecture', roomCapacity=50, building=Building{id=1, buildingName='Changed name'}}
26 Feb;19:05:45.194 [main] INFO  u.c.f.c.service.CourseService - getById: course = Course{id=1, courseName='History'}
26 Feb;19:05:45.194 [main] INFO  u.c.f.c.service.TeacherService - getById: teacher = Teacher{id=1, firstName='Albert', lastName='Johnson', faculty=Faculty{id=3, facultyName='Faculty of Arts'}}
26 Feb;19:05:45.194 [main] INFO  u.c.f.c.service.TeacherService - getById: teacher = Teacher{id=1, firstName='Albert', lastName='Johnson', faculty=Faculty{id=3, facultyName='Faculty of Arts'}}
26 Feb;19:05:45.195 [main] INFO  u.c.f.c.service.ClassroomService - getById: classroom = Classroom{id=9, roomName='New name', roomType='Lecture', roomCapacity=50, building=Building{id=2, buildingName='E'}}
26 Feb;19:05:45.195 [main] INFO  u.c.f.c.service.CourseService - getById: course = Course{id=7, courseName='Chemistry'}
26 Feb;19:05:45.195 [main] INFO  u.c.f.c.service.TeacherService - getById: teacher = Teacher{id=8, firstName='Samuel', lastName='Travis', faculty=Faculty{id=1, facultyName='Changed faculty name'}}
26 Feb;19:05:45.196 [main] INFO  u.c.f.c.service.TeacherService - getById: teacher = Teacher{id=8, firstName='Samuel', lastName='Travis', faculty=Faculty{id=1, facultyName='Changed faculty name'}}
26 Feb;19:05:45.197 [main] INFO  u.c.f.c.service.ClassroomService - getById: classroom = Classroom{id=9, roomName='New name', roomType='Lecture', roomCapacity=50, building=Building{id=2, buildingName='E'}}
26 Feb;19:05:45.198 [main] INFO  u.c.f.c.service.CourseService - getById: course = Course{id=7, courseName='Chemistry'}
26 Feb;19:05:45.199 [main] INFO  u.c.f.c.service.TeacherService - getById: teacher = Teacher{id=8, firstName='Samuel', lastName='Travis', faculty=Faculty{id=1, facultyName='Changed faculty name'}}
26 Feb;19:05:45.199 [main] INFO  u.c.f.c.service.TeacherService - getById: teacher = Teacher{id=8, firstName='Samuel', lastName='Travis', faculty=Faculty{id=1, facultyName='Changed faculty name'}}
26 Feb;19:05:45.200 [main] INFO  u.c.f.c.service.ClassroomService - getById: classroom = Classroom{id=6, roomName='B-1', roomType='Class', roomCapacity=30, building=Building{id=2, buildingName='E'}}
26 Feb;19:05:45.201 [main] INFO  u.c.f.c.service.CourseService - getById: course = Course{id=7, courseName='Chemistry'}
26 Feb;19:05:45.201 [main] INFO  u.c.f.c.service.TeacherService - getById: teacher = Teacher{id=9, firstName='Albert', lastName='Hill', faculty=Faculty{id=1, facultyName='Changed faculty name'}}
26 Feb;19:05:45.202 [main] INFO  u.c.f.c.service.TeacherService - getById: teacher = Teacher{id=9, firstName='Albert', lastName='Hill', faculty=Faculty{id=1, facultyName='Changed faculty name'}}
26 Feb;19:05:45.203 [main] INFO  u.c.f.c.service.ClassroomService - getById: classroom = Classroom{id=7, roomName='B-2', roomType='Class', roomCapacity=30, building=Building{id=2, buildingName='E'}}
26 Feb;19:05:45.203 [main] INFO  u.c.f.c.service.CourseService - getById: course = Course{id=7, courseName='Chemistry'}
26 Feb;19:05:45.204 [main] INFO  u.c.f.c.service.TeacherService - getById: teacher = Teacher{id=9, firstName='Albert', lastName='Hill', faculty=Faculty{id=1, facultyName='Changed faculty name'}}
26 Feb;19:05:45.204 [main] INFO  u.c.f.c.service.TeacherService - getById: teacher = Teacher{id=9, firstName='Albert', lastName='Hill', faculty=Faculty{id=1, facultyName='Changed faculty name'}}
26 Feb;19:05:45.205 [main] INFO  u.c.f.c.service.ClassroomService - getById: classroom = Classroom{id=10, roomName='B-5', roomType='Laboratory', roomCapacity=10, building=Building{id=2, buildingName='E'}}
26 Feb;19:05:45.206 [main] INFO  u.c.f.c.service.CourseService - getById: course = Course{id=7, courseName='Chemistry'}
26 Feb;19:05:45.207 [main] INFO  u.c.f.c.service.TeacherService - getById: teacher = Teacher{id=9, firstName='Albert', lastName='Hill', faculty=Faculty{id=1, facultyName='Changed faculty name'}}
26 Feb;19:05:45.207 [main] INFO  u.c.f.c.service.TeacherService - getById: teacher = Teacher{id=9, firstName='Albert', lastName='Hill', faculty=Faculty{id=1, facultyName='Changed faculty name'}}
26 Feb;19:05:45.208 [main] INFO  u.c.f.c.service.ClassroomService - getById: classroom = Classroom{id=14, roomName='C-4', roomType='Lecture', roomCapacity=50, building=Building{id=3, buildingName='C'}}
26 Feb;19:05:45.209 [main] INFO  u.c.f.c.service.CourseService - getById: course = Course{id=8, courseName='Mathematics'}
26 Feb;19:05:45.209 [main] INFO  u.c.f.c.service.TeacherService - getById: teacher = Teacher{id=10, firstName='Joshua', lastName='Eve', faculty=Faculty{id=2, facultyName='Changed faculty name'}}
26 Feb;19:05:45.209 [main] INFO  u.c.f.c.service.TeacherService - getById: teacher = Teacher{id=10, firstName='Joshua', lastName='Eve', faculty=Faculty{id=2, facultyName='Changed faculty name'}}
26 Feb;19:05:45.210 [main] INFO  u.c.f.c.service.ClassroomService - getById: classroom = Classroom{id=14, roomName='C-4', roomType='Lecture', roomCapacity=50, building=Building{id=3, buildingName='C'}}
26 Feb;19:05:45.211 [main] INFO  u.c.f.c.service.CourseService - getById: course = Course{id=8, courseName='Mathematics'}
26 Feb;19:05:45.211 [main] INFO  u.c.f.c.service.TeacherService - getById: teacher = Teacher{id=10, firstName='Joshua', lastName='Eve', faculty=Faculty{id=2, facultyName='Changed faculty name'}}
26 Feb;19:05:45.212 [main] INFO  u.c.f.c.service.TeacherService - getById: teacher = Teacher{id=10, firstName='Joshua', lastName='Eve', faculty=Faculty{id=2, facultyName='Changed faculty name'}}
26 Feb;19:05:45.213 [main] INFO  u.c.f.c.service.ClassroomService - getById: classroom = Classroom{id=12, roomName='C-2', roomType='Class', roomCapacity=30, building=Building{id=3, buildingName='C'}}
26 Feb;19:05:45.214 [main] INFO  u.c.f.c.service.CourseService - getById: course = Course{id=9, courseName='Physics'}
26 Feb;19:05:45.214 [main] INFO  u.c.f.c.service.TeacherService - getById: teacher = Teacher{id=11, firstName='Sophia', lastName='Roos', faculty=Faculty{id=2, facultyName='Changed faculty name'}}
26 Feb;19:05:45.215 [main] INFO  u.c.f.c.service.TeacherService - getById: teacher = Teacher{id=11, firstName='Sophia', lastName='Roos', faculty=Faculty{id=2, facultyName='Changed faculty name'}}
26 Feb;19:05:45.216 [main] INFO  u.c.f.c.service.ClassroomService - getById: classroom = Classroom{id=12, roomName='C-2', roomType='Class', roomCapacity=30, building=Building{id=3, buildingName='C'}}
26 Feb;19:05:45.216 [main] INFO  u.c.f.c.service.CourseService - getById: course = Course{id=10, courseName='Geometry'}
26 Feb;19:05:45.217 [main] INFO  u.c.f.c.service.TeacherService - getById: teacher = Teacher{id=12, firstName='Mia', lastName='Brown', faculty=Faculty{id=2, facultyName='Changed faculty name'}}
26 Feb;19:05:45.218 [main] INFO  u.c.f.c.service.TeacherService - getById: teacher = Teacher{id=12, firstName='Mia', lastName='Brown', faculty=Faculty{id=2, facultyName='Changed faculty name'}}
26 Feb;19:05:45.219 [main] INFO  u.c.f.c.service.ClassroomService - getById: classroom = Classroom{id=15, roomName='C-5', roomType='Laboratory', roomCapacity=10, building=Building{id=3, buildingName='C'}}
26 Feb;19:05:45.220 [main] INFO  u.c.f.c.service.CourseService - getById: course = Course{id=8, courseName='Mathematics'}
26 Feb;19:05:45.221 [main] INFO  u.c.f.c.service.TeacherService - getById: teacher = Teacher{id=10, firstName='Joshua', lastName='Eve', faculty=Faculty{id=2, facultyName='Changed faculty name'}}
26 Feb;19:05:45.221 [main] INFO  u.c.f.c.service.TeacherService - getById: teacher = Teacher{id=10, firstName='Joshua', lastName='Eve', faculty=Faculty{id=2, facultyName='Changed faculty name'}}
26 Feb;19:05:45.222 [main] INFO  u.c.f.c.service.ClassroomService - getById: classroom = Classroom{id=4, roomName='A-4', roomType='Lecture', roomCapacity=50, building=Building{id=1, buildingName='Changed name'}}
26 Feb;19:05:45.223 [main] INFO  u.c.f.c.service.CourseService - getById: course = Course{id=5, courseName='Culture'}
26 Feb;19:05:45.223 [main] INFO  u.c.f.c.service.TeacherService - getById: teacher = Teacher{id=5, firstName='Scarlett', lastName='Nimoy', faculty=Faculty{id=3, facultyName='Faculty of Arts'}}
26 Feb;19:05:45.224 [main] INFO  u.c.f.c.service.TeacherService - getById: teacher = Teacher{id=5, firstName='Scarlett', lastName='Nimoy', faculty=Faculty{id=3, facultyName='Faculty of Arts'}}
26 Feb;19:05:45.225 [main] INFO  u.c.f.c.service.ClassroomService - getById: classroom = Classroom{id=1, roomName='A-1', roomType='Class', roomCapacity=30, building=Building{id=1, buildingName='Changed name'}}
26 Feb;19:05:45.225 [main] INFO  u.c.f.c.service.CourseService - getById: course = Course{id=5, courseName='Culture'}
26 Feb;19:05:45.226 [main] INFO  u.c.f.c.service.TeacherService - getById: teacher = Teacher{id=5, firstName='Scarlett', lastName='Nimoy', faculty=Faculty{id=3, facultyName='Faculty of Arts'}}
26 Feb;19:05:45.226 [main] INFO  u.c.f.c.service.TeacherService - getById: teacher = Teacher{id=5, firstName='Scarlett', lastName='Nimoy', faculty=Faculty{id=3, facultyName='Faculty of Arts'}}
26 Feb;19:05:45.227 [main] INFO  u.c.f.c.service.ClassroomService - getById: classroom = Classroom{id=2, roomName='A-2', roomType='Class', roomCapacity=30, building=Building{id=1, buildingName='Changed name'}}
26 Feb;19:05:45.228 [main] INFO  u.c.f.c.service.CourseService - getById: course = Course{id=1, courseName='History'}
26 Feb;19:05:45.228 [main] INFO  u.c.f.c.service.TeacherService - getById: teacher = Teacher{id=1, firstName='Albert', lastName='Johnson', faculty=Faculty{id=3, facultyName='Faculty of Arts'}}
26 Feb;19:05:45.229 [main] INFO  u.c.f.c.service.TeacherService - getById: teacher = Teacher{id=1, firstName='Albert', lastName='Johnson', faculty=Faculty{id=3, facultyName='Faculty of Arts'}}
26 Feb;19:05:45.230 [main] INFO  u.c.f.c.service.ClassroomService - getById: classroom = Classroom{id=3, roomName='B-10', roomType='Laboratory', roomCapacity=10, building=Building{id=2, buildingName='E'}}
26 Feb;19:05:45.230 [main] INFO  u.c.f.c.service.CourseService - getById: course = Course{id=1, courseName='History'}
26 Feb;19:05:45.231 [main] INFO  u.c.f.c.service.TeacherService - getById: teacher = Teacher{id=1, firstName='Albert', lastName='Johnson', faculty=Faculty{id=3, facultyName='Faculty of Arts'}}
26 Feb;19:05:45.231 [main] INFO  u.c.f.c.service.TeacherService - getById: teacher = Teacher{id=1, firstName='Albert', lastName='Johnson', faculty=Faculty{id=3, facultyName='Faculty of Arts'}}
26 Feb;19:05:45.232 [main] INFO  u.c.f.c.service.ClassroomService - getById: classroom = Classroom{id=4, roomName='A-4', roomType='Lecture', roomCapacity=50, building=Building{id=1, buildingName='Changed name'}}
26 Feb;19:05:45.232 [main] INFO  u.c.f.c.service.CourseService - getById: course = Course{id=2, courseName='Philosophy'}
26 Feb;19:05:45.233 [main] INFO  u.c.f.c.service.TeacherService - getById: teacher = Teacher{id=2, firstName='Stanley', lastName='Gruber', faculty=Faculty{id=3, facultyName='Faculty of Arts'}}
26 Feb;19:05:45.233 [main] INFO  u.c.f.c.service.TeacherService - getById: teacher = Teacher{id=2, firstName='Stanley', lastName='Gruber', faculty=Faculty{id=3, facultyName='Faculty of Arts'}}
26 Feb;19:05:45.234 [main] INFO  u.c.f.c.service.ClassroomService - getById: classroom = Classroom{id=9, roomName='New name', roomType='Lecture', roomCapacity=50, building=Building{id=2, buildingName='E'}}
26 Feb;19:05:45.235 [main] INFO  u.c.f.c.service.CourseService - getById: course = Course{id=6, courseName='Biology'}
26 Feb;19:05:45.235 [main] INFO  u.c.f.c.service.TeacherService - getById: teacher = Teacher{id=6, firstName='Ellie', lastName='Purh', faculty=Faculty{id=1, facultyName='Changed faculty name'}}
26 Feb;19:05:45.236 [main] INFO  u.c.f.c.service.TeacherService - getById: teacher = Teacher{id=6, firstName='Ellie', lastName='Purh', faculty=Faculty{id=1, facultyName='Changed faculty name'}}
26 Feb;19:05:45.237 [main] INFO  u.c.f.c.service.ClassroomService - getById: classroom = Classroom{id=9, roomName='New name', roomType='Lecture', roomCapacity=50, building=Building{id=2, buildingName='E'}}
26 Feb;19:05:45.237 [main] INFO  u.c.f.c.service.CourseService - getById: course = Course{id=6, courseName='Biology'}
26 Feb;19:05:45.238 [main] INFO  u.c.f.c.service.TeacherService - getById: teacher = Teacher{id=6, firstName='Ellie', lastName='Purh', faculty=Faculty{id=1, facultyName='Changed faculty name'}}
26 Feb;19:05:45.238 [main] INFO  u.c.f.c.service.TeacherService - getById: teacher = Teacher{id=6, firstName='Ellie', lastName='Purh', faculty=Faculty{id=1, facultyName='Changed faculty name'}}
26 Feb;19:05:45.239 [main] INFO  u.c.f.c.service.ClassroomService - getById: classroom = Classroom{id=6, roomName='B-1', roomType='Class', roomCapacity=30, building=Building{id=2, buildingName='E'}}
26 Feb;19:05:45.239 [main] INFO  u.c.f.c.service.CourseService - getById: course = Course{id=6, courseName='Biology'}
26 Feb;19:05:45.240 [main] INFO  u.c.f.c.service.TeacherService - getById: teacher = Teacher{id=7, firstName='Charlie', lastName='Byrne', faculty=Faculty{id=1, facultyName='Changed faculty name'}}
26 Feb;19:05:45.240 [main] INFO  u.c.f.c.service.TeacherService - getById: teacher = Teacher{id=7, firstName='Charlie', lastName='Byrne', faculty=Faculty{id=1, facultyName='Changed faculty name'}}
26 Feb;19:05:45.241 [main] INFO  u.c.f.c.service.ClassroomService - getById: classroom = Classroom{id=7, roomName='B-2', roomType='Class', roomCapacity=30, building=Building{id=2, buildingName='E'}}
26 Feb;19:05:45.242 [main] INFO  u.c.f.c.service.CourseService - getById: course = Course{id=6, courseName='Biology'}
26 Feb;19:05:45.242 [main] INFO  u.c.f.c.service.TeacherService - getById: teacher = Teacher{id=7, firstName='Charlie', lastName='Byrne', faculty=Faculty{id=1, facultyName='Changed faculty name'}}
26 Feb;19:05:45.242 [main] INFO  u.c.f.c.service.TeacherService - getById: teacher = Teacher{id=7, firstName='Charlie', lastName='Byrne', faculty=Faculty{id=1, facultyName='Changed faculty name'}}
26 Feb;19:05:45.244 [main] INFO  u.c.f.c.service.ClassroomService - getById: classroom = Classroom{id=10, roomName='B-5', roomType='Laboratory', roomCapacity=10, building=Building{id=2, buildingName='E'}}
26 Feb;19:05:45.244 [main] INFO  u.c.f.c.service.CourseService - getById: course = Course{id=6, courseName='Biology'}
26 Feb;19:05:45.245 [main] INFO  u.c.f.c.service.TeacherService - getById: teacher = Teacher{id=7, firstName='Charlie', lastName='Byrne', faculty=Faculty{id=1, facultyName='Changed faculty name'}}
26 Feb;19:05:45.245 [main] INFO  u.c.f.c.service.TeacherService - getById: teacher = Teacher{id=7, firstName='Charlie', lastName='Byrne', faculty=Faculty{id=1, facultyName='Changed faculty name'}}
26 Feb;19:05:45.246 [main] INFO  u.c.f.c.service.ClassroomService - getById: classroom = Classroom{id=14, roomName='C-4', roomType='Lecture', roomCapacity=50, building=Building{id=3, buildingName='C'}}
26 Feb;19:05:45.247 [main] INFO  u.c.f.c.service.CourseService - getById: course = Course{id=9, courseName='Physics'}
26 Feb;19:05:45.247 [main] INFO  u.c.f.c.service.TeacherService - getById: teacher = Teacher{id=11, firstName='Sophia', lastName='Roos', faculty=Faculty{id=2, facultyName='Changed faculty name'}}
26 Feb;19:05:45.248 [main] INFO  u.c.f.c.service.TeacherService - getById: teacher = Teacher{id=11, firstName='Sophia', lastName='Roos', faculty=Faculty{id=2, facultyName='Changed faculty name'}}
26 Feb;19:05:45.248 [main] INFO  u.c.f.c.service.ClassroomService - getById: classroom = Classroom{id=14, roomName='C-4', roomType='Lecture', roomCapacity=50, building=Building{id=3, buildingName='C'}}
26 Feb;19:05:45.249 [main] INFO  u.c.f.c.service.CourseService - getById: course = Course{id=10, courseName='Geometry'}
26 Feb;19:05:45.249 [main] INFO  u.c.f.c.service.TeacherService - getById: teacher = Teacher{id=12, firstName='Mia', lastName='Brown', faculty=Faculty{id=2, facultyName='Changed faculty name'}}
26 Feb;19:05:45.250 [main] INFO  u.c.f.c.service.TeacherService - getById: teacher = Teacher{id=12, firstName='Mia', lastName='Brown', faculty=Faculty{id=2, facultyName='Changed faculty name'}}
26 Feb;19:05:45.251 [main] INFO  u.c.f.c.service.ClassroomService - getById: classroom = Classroom{id=13, roomName='C-3', roomType='Class', roomCapacity=30, building=Building{id=3, buildingName='C'}}
26 Feb;19:05:45.251 [main] INFO  u.c.f.c.service.CourseService - getById: course = Course{id=8, courseName='Mathematics'}
26 Feb;19:05:45.252 [main] INFO  u.c.f.c.service.TeacherService - getById: teacher = Teacher{id=10, firstName='Joshua', lastName='Eve', faculty=Faculty{id=2, facultyName='Changed faculty name'}}
26 Feb;19:05:45.252 [main] INFO  u.c.f.c.service.TeacherService - getById: teacher = Teacher{id=10, firstName='Joshua', lastName='Eve', faculty=Faculty{id=2, facultyName='Changed faculty name'}}
26 Feb;19:05:45.253 [main] INFO  u.c.f.c.service.ClassroomService - getById: classroom = Classroom{id=15, roomName='C-5', roomType='Laboratory', roomCapacity=10, building=Building{id=3, buildingName='C'}}
26 Feb;19:05:45.254 [main] INFO  u.c.f.c.service.CourseService - getById: course = Course{id=9, courseName='Physics'}
26 Feb;19:05:45.254 [main] INFO  u.c.f.c.service.TeacherService - getById: teacher = Teacher{id=11, firstName='Sophia', lastName='Roos', faculty=Faculty{id=2, facultyName='Changed faculty name'}}
26 Feb;19:05:45.254 [main] INFO  u.c.f.c.service.TeacherService - getById: teacher = Teacher{id=11, firstName='Sophia', lastName='Roos', faculty=Faculty{id=2, facultyName='Changed faculty name'}}
26 Feb;19:05:45.255 [main] INFO  u.c.f.c.service.ClassroomService - getById: classroom = Classroom{id=15, roomName='C-5', roomType='Laboratory', roomCapacity=10, building=Building{id=3, buildingName='C'}}
26 Feb;19:05:45.256 [main] INFO  u.c.f.c.service.CourseService - getById: course = Course{id=10, courseName='Geometry'}
26 Feb;19:05:45.256 [main] INFO  u.c.f.c.service.TeacherService - getById: teacher = Teacher{id=12, firstName='Mia', lastName='Brown', faculty=Faculty{id=2, facultyName='Changed faculty name'}}
26 Feb;19:05:45.256 [main] INFO  u.c.f.c.service.TeacherService - getById: teacher = Teacher{id=12, firstName='Mia', lastName='Brown', faculty=Faculty{id=2, facultyName='Changed faculty name'}}
26 Feb;19:05:45.257 [main] INFO  u.c.f.c.service.ClassroomService - getById: classroom = Classroom{id=4, roomName='A-4', roomType='Lecture', roomCapacity=50, building=Building{id=1, buildingName='Changed name'}}
26 Feb;19:05:45.257 [main] INFO  u.c.f.c.service.CourseService - getById: course = Course{id=1, courseName='History'}
26 Feb;19:05:45.258 [main] INFO  u.c.f.c.service.TeacherService - getById: teacher = Teacher{id=1, firstName='Albert', lastName='Johnson', faculty=Faculty{id=3, facultyName='Faculty of Arts'}}
26 Feb;19:05:45.258 [main] INFO  u.c.f.c.service.TeacherService - getById: teacher = Teacher{id=1, firstName='Albert', lastName='Johnson', faculty=Faculty{id=3, facultyName='Faculty of Arts'}}
26 Feb;19:05:45.260 [main] INFO  u.c.f.c.service.ClassroomService - getById: classroom = Classroom{id=1, roomName='A-1', roomType='Class', roomCapacity=30, building=Building{id=1, buildingName='Changed name'}}
26 Feb;19:05:45.260 [main] INFO  u.c.f.c.service.CourseService - getById: course = Course{id=1, courseName='History'}
26 Feb;19:05:45.261 [main] INFO  u.c.f.c.service.TeacherService - getById: teacher = Teacher{id=1, firstName='Albert', lastName='Johnson', faculty=Faculty{id=3, facultyName='Faculty of Arts'}}
26 Feb;19:05:45.261 [main] INFO  u.c.f.c.service.TeacherService - getById: teacher = Teacher{id=1, firstName='Albert', lastName='Johnson', faculty=Faculty{id=3, facultyName='Faculty of Arts'}}
26 Feb;19:05:45.262 [main] INFO  u.c.f.c.service.ClassroomService - getById: classroom = Classroom{id=2, roomName='A-2', roomType='Class', roomCapacity=30, building=Building{id=1, buildingName='Changed name'}}
26 Feb;19:05:45.262 [main] INFO  u.c.f.c.service.CourseService - getById: course = Course{id=2, courseName='Philosophy'}
26 Feb;19:05:45.263 [main] INFO  u.c.f.c.service.TeacherService - getById: teacher = Teacher{id=2, firstName='Stanley', lastName='Gruber', faculty=Faculty{id=3, facultyName='Faculty of Arts'}}
26 Feb;19:05:45.263 [main] INFO  u.c.f.c.service.TeacherService - getById: teacher = Teacher{id=2, firstName='Stanley', lastName='Gruber', faculty=Faculty{id=3, facultyName='Faculty of Arts'}}
26 Feb;19:05:45.264 [main] INFO  u.c.f.c.service.ClassroomService - getById: classroom = Classroom{id=3, roomName='B-10', roomType='Laboratory', roomCapacity=10, building=Building{id=2, buildingName='E'}}
26 Feb;19:05:45.265 [main] INFO  u.c.f.c.service.CourseService - getById: course = Course{id=2, courseName='Philosophy'}
26 Feb;19:05:45.265 [main] INFO  u.c.f.c.service.TeacherService - getById: teacher = Teacher{id=2, firstName='Stanley', lastName='Gruber', faculty=Faculty{id=3, facultyName='Faculty of Arts'}}
26 Feb;19:05:45.266 [main] INFO  u.c.f.c.service.TeacherService - getById: teacher = Teacher{id=2, firstName='Stanley', lastName='Gruber', faculty=Faculty{id=3, facultyName='Faculty of Arts'}}
26 Feb;19:05:45.266 [main] INFO  u.c.f.c.service.ClassroomService - getById: classroom = Classroom{id=4, roomName='A-4', roomType='Lecture', roomCapacity=50, building=Building{id=1, buildingName='Changed name'}}
26 Feb;19:05:45.267 [main] INFO  u.c.f.c.service.CourseService - getById: course = Course{id=3, courseName='Another course's name'}
26 Feb;19:05:45.268 [main] INFO  u.c.f.c.service.TeacherService - getById: teacher = Teacher{id=3, firstName='Freya', lastName='Shepp', faculty=Faculty{id=3, facultyName='Faculty of Arts'}}
26 Feb;19:05:45.268 [main] INFO  u.c.f.c.service.TeacherService - getById: teacher = Teacher{id=3, firstName='Freya', lastName='Shepp', faculty=Faculty{id=3, facultyName='Faculty of Arts'}}
26 Feb;19:05:45.269 [main] INFO  u.c.f.c.service.ClassroomService - getById: classroom = Classroom{id=9, roomName='New name', roomType='Lecture', roomCapacity=50, building=Building{id=2, buildingName='E'}}
26 Feb;19:05:45.270 [main] INFO  u.c.f.c.service.CourseService - getById: course = Course{id=6, courseName='Biology'}
26 Feb;19:05:45.270 [main] INFO  u.c.f.c.service.TeacherService - getById: teacher = Teacher{id=6, firstName='Ellie', lastName='Purh', faculty=Faculty{id=1, facultyName='Changed faculty name'}}
26 Feb;19:05:45.270 [main] INFO  u.c.f.c.service.TeacherService - getById: teacher = Teacher{id=6, firstName='Ellie', lastName='Purh', faculty=Faculty{id=1, facultyName='Changed faculty name'}}
26 Feb;19:05:45.271 [main] INFO  u.c.f.c.service.ClassroomService - getById: classroom = Classroom{id=9, roomName='New name', roomType='Lecture', roomCapacity=50, building=Building{id=2, buildingName='E'}}
26 Feb;19:05:45.272 [main] INFO  u.c.f.c.service.CourseService - getById: course = Course{id=6, courseName='Biology'}
26 Feb;19:05:45.272 [main] INFO  u.c.f.c.service.TeacherService - getById: teacher = Teacher{id=6, firstName='Ellie', lastName='Purh', faculty=Faculty{id=1, facultyName='Changed faculty name'}}
26 Feb;19:05:45.273 [main] INFO  u.c.f.c.service.TeacherService - getById: teacher = Teacher{id=6, firstName='Ellie', lastName='Purh', faculty=Faculty{id=1, facultyName='Changed faculty name'}}
26 Feb;19:05:45.273 [main] INFO  u.c.f.c.service.ClassroomService - getById: classroom = Classroom{id=6, roomName='B-1', roomType='Class', roomCapacity=30, building=Building{id=2, buildingName='E'}}
26 Feb;19:05:45.274 [main] INFO  u.c.f.c.service.CourseService - getById: course = Course{id=6, courseName='Biology'}
26 Feb;19:05:45.274 [main] INFO  u.c.f.c.service.TeacherService - getById: teacher = Teacher{id=7, firstName='Charlie', lastName='Byrne', faculty=Faculty{id=1, facultyName='Changed faculty name'}}
26 Feb;19:05:45.275 [main] INFO  u.c.f.c.service.TeacherService - getById: teacher = Teacher{id=7, firstName='Charlie', lastName='Byrne', faculty=Faculty{id=1, facultyName='Changed faculty name'}}
26 Feb;19:05:45.275 [main] INFO  u.c.f.c.service.ClassroomService - getById: classroom = Classroom{id=7, roomName='B-2', roomType='Class', roomCapacity=30, building=Building{id=2, buildingName='E'}}
26 Feb;19:05:45.276 [main] INFO  u.c.f.c.service.CourseService - getById: course = Course{id=6, courseName='Biology'}
26 Feb;19:05:45.276 [main] INFO  u.c.f.c.service.TeacherService - getById: teacher = Teacher{id=7, firstName='Charlie', lastName='Byrne', faculty=Faculty{id=1, facultyName='Changed faculty name'}}
26 Feb;19:05:45.277 [main] INFO  u.c.f.c.service.TeacherService - getById: teacher = Teacher{id=7, firstName='Charlie', lastName='Byrne', faculty=Faculty{id=1, facultyName='Changed faculty name'}}
26 Feb;19:05:45.278 [main] INFO  u.c.f.c.service.ClassroomService - getById: classroom = Classroom{id=10, roomName='B-5', roomType='Laboratory', roomCapacity=10, building=Building{id=2, buildingName='E'}}
26 Feb;19:05:45.278 [main] INFO  u.c.f.c.service.CourseService - getById: course = Course{id=6, courseName='Biology'}
26 Feb;19:05:45.278 [main] INFO  u.c.f.c.service.TeacherService - getById: teacher = Teacher{id=7, firstName='Charlie', lastName='Byrne', faculty=Faculty{id=1, facultyName='Changed faculty name'}}
26 Feb;19:05:45.279 [main] INFO  u.c.f.c.service.TeacherService - getById: teacher = Teacher{id=7, firstName='Charlie', lastName='Byrne', faculty=Faculty{id=1, facultyName='Changed faculty name'}}
26 Feb;19:05:45.280 [main] INFO  u.c.f.c.service.ClassroomService - getById: classroom = Classroom{id=14, roomName='C-4', roomType='Lecture', roomCapacity=50, building=Building{id=3, buildingName='C'}}
26 Feb;19:05:45.280 [main] INFO  u.c.f.c.service.CourseService - getById: course = Course{id=8, courseName='Mathematics'}
26 Feb;19:05:45.281 [main] INFO  u.c.f.c.service.TeacherService - getById: teacher = Teacher{id=10, firstName='Joshua', lastName='Eve', faculty=Faculty{id=2, facultyName='Changed faculty name'}}
26 Feb;19:05:45.281 [main] INFO  u.c.f.c.service.TeacherService - getById: teacher = Teacher{id=10, firstName='Joshua', lastName='Eve', faculty=Faculty{id=2, facultyName='Changed faculty name'}}
26 Feb;19:05:45.282 [main] INFO  u.c.f.c.service.ClassroomService - getById: classroom = Classroom{id=14, roomName='C-4', roomType='Lecture', roomCapacity=50, building=Building{id=3, buildingName='C'}}
26 Feb;19:05:45.282 [main] INFO  u.c.f.c.service.CourseService - getById: course = Course{id=8, courseName='Mathematics'}
26 Feb;19:05:45.283 [main] INFO  u.c.f.c.service.TeacherService - getById: teacher = Teacher{id=10, firstName='Joshua', lastName='Eve', faculty=Faculty{id=2, facultyName='Changed faculty name'}}
26 Feb;19:05:45.283 [main] INFO  u.c.f.c.service.TeacherService - getById: teacher = Teacher{id=10, firstName='Joshua', lastName='Eve', faculty=Faculty{id=2, facultyName='Changed faculty name'}}
26 Feb;19:05:45.284 [main] INFO  u.c.f.c.service.ClassroomService - getById: classroom = Classroom{id=11, roomName='C-1', roomType='Class', roomCapacity=30, building=Building{id=3, buildingName='C'}}
26 Feb;19:05:45.284 [main] INFO  u.c.f.c.service.CourseService - getById: course = Course{id=8, courseName='Mathematics'}
26 Feb;19:05:45.285 [main] INFO  u.c.f.c.service.TeacherService - getById: teacher = Teacher{id=10, firstName='Joshua', lastName='Eve', faculty=Faculty{id=2, facultyName='Changed faculty name'}}
26 Feb;19:05:45.285 [main] INFO  u.c.f.c.service.TeacherService - getById: teacher = Teacher{id=10, firstName='Joshua', lastName='Eve', faculty=Faculty{id=2, facultyName='Changed faculty name'}}
26 Feb;19:05:45.286 [main] INFO  u.c.f.c.service.ClassroomService - getById: classroom = Classroom{id=13, roomName='C-3', roomType='Class', roomCapacity=30, building=Building{id=3, buildingName='C'}}
26 Feb;19:05:45.286 [main] INFO  u.c.f.c.service.CourseService - getById: course = Course{id=8, courseName='Mathematics'}
26 Feb;19:05:45.287 [main] INFO  u.c.f.c.service.TeacherService - getById: teacher = Teacher{id=10, firstName='Joshua', lastName='Eve', faculty=Faculty{id=2, facultyName='Changed faculty name'}}
26 Feb;19:05:45.287 [main] INFO  u.c.f.c.service.TeacherService - getById: teacher = Teacher{id=10, firstName='Joshua', lastName='Eve', faculty=Faculty{id=2, facultyName='Changed faculty name'}}
26 Feb;19:05:45.288 [main] INFO  u.c.f.c.service.ClassroomService - getById: classroom = Classroom{id=15, roomName='C-5', roomType='Laboratory', roomCapacity=10, building=Building{id=3, buildingName='C'}}
26 Feb;19:05:45.288 [main] INFO  u.c.f.c.service.CourseService - getById: course = Course{id=8, courseName='Mathematics'}
26 Feb;19:05:45.289 [main] INFO  u.c.f.c.service.TeacherService - getById: teacher = Teacher{id=10, firstName='Joshua', lastName='Eve', faculty=Faculty{id=2, facultyName='Changed faculty name'}}
26 Feb;19:05:45.289 [main] INFO  u.c.f.c.service.TeacherService - getById: teacher = Teacher{id=10, firstName='Joshua', lastName='Eve', faculty=Faculty{id=2, facultyName='Changed faculty name'}}
26 Feb;19:05:45.290 [main] INFO  u.c.f.c.service.ClassroomService - getById: classroom = Classroom{id=4, roomName='A-4', roomType='Lecture', roomCapacity=50, building=Building{id=1, buildingName='Changed name'}}
26 Feb;19:05:45.290 [main] INFO  u.c.f.c.service.CourseService - getById: course = Course{id=2, courseName='Philosophy'}
26 Feb;19:05:45.291 [main] INFO  u.c.f.c.service.TeacherService - getById: teacher = Teacher{id=2, firstName='Stanley', lastName='Gruber', faculty=Faculty{id=3, facultyName='Faculty of Arts'}}
26 Feb;19:05:45.291 [main] INFO  u.c.f.c.service.TeacherService - getById: teacher = Teacher{id=2, firstName='Stanley', lastName='Gruber', faculty=Faculty{id=3, facultyName='Faculty of Arts'}}
26 Feb;19:05:45.292 [main] INFO  u.c.f.c.service.ClassroomService - getById: classroom = Classroom{id=1, roomName='A-1', roomType='Class', roomCapacity=30, building=Building{id=1, buildingName='Changed name'}}
26 Feb;19:05:45.293 [main] INFO  u.c.f.c.service.CourseService - getById: course = Course{id=2, courseName='Philosophy'}
26 Feb;19:05:45.293 [main] INFO  u.c.f.c.service.TeacherService - getById: teacher = Teacher{id=2, firstName='Stanley', lastName='Gruber', faculty=Faculty{id=3, facultyName='Faculty of Arts'}}
26 Feb;19:05:45.294 [main] INFO  u.c.f.c.service.TeacherService - getById: teacher = Teacher{id=2, firstName='Stanley', lastName='Gruber', faculty=Faculty{id=3, facultyName='Faculty of Arts'}}
26 Feb;19:05:45.294 [main] INFO  u.c.f.c.service.ClassroomService - getById: classroom = Classroom{id=2, roomName='A-2', roomType='Class', roomCapacity=30, building=Building{id=1, buildingName='Changed name'}}
26 Feb;19:05:45.295 [main] INFO  u.c.f.c.service.CourseService - getById: course = Course{id=3, courseName='Another course's name'}
26 Feb;19:05:45.295 [main] INFO  u.c.f.c.service.TeacherService - getById: teacher = Teacher{id=3, firstName='Freya', lastName='Shepp', faculty=Faculty{id=3, facultyName='Faculty of Arts'}}
26 Feb;19:05:45.296 [main] INFO  u.c.f.c.service.TeacherService - getById: teacher = Teacher{id=3, firstName='Freya', lastName='Shepp', faculty=Faculty{id=3, facultyName='Faculty of Arts'}}
26 Feb;19:05:45.296 [main] INFO  u.c.f.c.service.ClassroomService - getById: classroom = Classroom{id=3, roomName='B-10', roomType='Laboratory', roomCapacity=10, building=Building{id=2, buildingName='E'}}
26 Feb;19:05:45.297 [main] INFO  u.c.f.c.service.CourseService - getById: course = Course{id=3, courseName='Another course's name'}
26 Feb;19:05:45.297 [main] INFO  u.c.f.c.service.TeacherService - getById: teacher = Teacher{id=3, firstName='Freya', lastName='Shepp', faculty=Faculty{id=3, facultyName='Faculty of Arts'}}
26 Feb;19:05:45.298 [main] INFO  u.c.f.c.service.TeacherService - getById: teacher = Teacher{id=3, firstName='Freya', lastName='Shepp', faculty=Faculty{id=3, facultyName='Faculty of Arts'}}
26 Feb;19:05:45.298 [main] INFO  u.c.f.c.service.ClassroomService - getById: classroom = Classroom{id=4, roomName='A-4', roomType='Lecture', roomCapacity=50, building=Building{id=1, buildingName='Changed name'}}
26 Feb;19:05:45.298 [main] INFO  u.c.f.c.service.CourseService - getById: course = Course{id=4, courseName='Political science'}
26 Feb;19:05:45.299 [main] INFO  u.c.f.c.service.TeacherService - getById: teacher = Teacher{id=4, firstName='Olivia', lastName='Blake', faculty=Faculty{id=3, facultyName='Faculty of Arts'}}
26 Feb;19:05:45.299 [main] INFO  u.c.f.c.service.TeacherService - getById: teacher = Teacher{id=4, firstName='Olivia', lastName='Blake', faculty=Faculty{id=3, facultyName='Faculty of Arts'}}
26 Feb;19:05:45.300 [main] INFO  u.c.f.c.service.ClassroomService - getById: classroom = Classroom{id=9, roomName='New name', roomType='Lecture', roomCapacity=50, building=Building{id=2, buildingName='E'}}
26 Feb;19:05:45.300 [main] INFO  u.c.f.c.service.CourseService - getById: course = Course{id=7, courseName='Chemistry'}
26 Feb;19:05:45.300 [main] INFO  u.c.f.c.service.TeacherService - getById: teacher = Teacher{id=8, firstName='Samuel', lastName='Travis', faculty=Faculty{id=1, facultyName='Changed faculty name'}}
26 Feb;19:05:45.300 [main] INFO  u.c.f.c.service.TeacherService - getById: teacher = Teacher{id=8, firstName='Samuel', lastName='Travis', faculty=Faculty{id=1, facultyName='Changed faculty name'}}
26 Feb;19:05:45.300 [main] INFO  u.c.f.c.service.ClassroomService - getById: classroom = Classroom{id=9, roomName='New name', roomType='Lecture', roomCapacity=50, building=Building{id=2, buildingName='E'}}
26 Feb;19:05:45.301 [main] INFO  u.c.f.c.service.CourseService - getById: course = Course{id=7, courseName='Chemistry'}
26 Feb;19:05:45.301 [main] INFO  u.c.f.c.service.TeacherService - getById: teacher = Teacher{id=8, firstName='Samuel', lastName='Travis', faculty=Faculty{id=1, facultyName='Changed faculty name'}}
26 Feb;19:05:45.301 [main] INFO  u.c.f.c.service.TeacherService - getById: teacher = Teacher{id=8, firstName='Samuel', lastName='Travis', faculty=Faculty{id=1, facultyName='Changed faculty name'}}
26 Feb;19:05:45.301 [main] INFO  u.c.f.c.service.ClassroomService - getById: classroom = Classroom{id=6, roomName='B-1', roomType='Class', roomCapacity=30, building=Building{id=2, buildingName='E'}}
26 Feb;19:05:45.302 [main] INFO  u.c.f.c.service.CourseService - getById: course = Course{id=7, courseName='Chemistry'}
26 Feb;19:05:45.302 [main] INFO  u.c.f.c.service.TeacherService - getById: teacher = Teacher{id=9, firstName='Albert', lastName='Hill', faculty=Faculty{id=1, facultyName='Changed faculty name'}}
26 Feb;19:05:45.302 [main] INFO  u.c.f.c.service.TeacherService - getById: teacher = Teacher{id=9, firstName='Albert', lastName='Hill', faculty=Faculty{id=1, facultyName='Changed faculty name'}}
26 Feb;19:05:45.302 [main] INFO  u.c.f.c.service.ClassroomService - getById: classroom = Classroom{id=7, roomName='B-2', roomType='Class', roomCapacity=30, building=Building{id=2, buildingName='E'}}
26 Feb;19:05:45.303 [main] INFO  u.c.f.c.service.CourseService - getById: course = Course{id=7, courseName='Chemistry'}
26 Feb;19:05:45.303 [main] INFO  u.c.f.c.service.TeacherService - getById: teacher = Teacher{id=9, firstName='Albert', lastName='Hill', faculty=Faculty{id=1, facultyName='Changed faculty name'}}
26 Feb;19:05:45.304 [main] INFO  u.c.f.c.service.TeacherService - getById: teacher = Teacher{id=9, firstName='Albert', lastName='Hill', faculty=Faculty{id=1, facultyName='Changed faculty name'}}
26 Feb;19:05:45.304 [main] INFO  u.c.f.c.service.ClassroomService - getById: classroom = Classroom{id=10, roomName='B-5', roomType='Laboratory', roomCapacity=10, building=Building{id=2, buildingName='E'}}
26 Feb;19:05:45.305 [main] INFO  u.c.f.c.service.CourseService - getById: course = Course{id=7, courseName='Chemistry'}
26 Feb;19:05:45.305 [main] INFO  u.c.f.c.service.TeacherService - getById: teacher = Teacher{id=9, firstName='Albert', lastName='Hill', faculty=Faculty{id=1, facultyName='Changed faculty name'}}
26 Feb;19:05:45.306 [main] INFO  u.c.f.c.service.TeacherService - getById: teacher = Teacher{id=9, firstName='Albert', lastName='Hill', faculty=Faculty{id=1, facultyName='Changed faculty name'}}
26 Feb;19:05:45.307 [main] INFO  u.c.f.c.service.ClassroomService - getById: classroom = Classroom{id=14, roomName='C-4', roomType='Lecture', roomCapacity=50, building=Building{id=3, buildingName='C'}}
26 Feb;19:05:45.307 [main] INFO  u.c.f.c.service.CourseService - getById: course = Course{id=9, courseName='Physics'}
26 Feb;19:05:45.308 [main] INFO  u.c.f.c.service.TeacherService - getById: teacher = Teacher{id=11, firstName='Sophia', lastName='Roos', faculty=Faculty{id=2, facultyName='Changed faculty name'}}
26 Feb;19:05:45.308 [main] INFO  u.c.f.c.service.TeacherService - getById: teacher = Teacher{id=11, firstName='Sophia', lastName='Roos', faculty=Faculty{id=2, facultyName='Changed faculty name'}}
26 Feb;19:05:45.309 [main] INFO  u.c.f.c.service.ClassroomService - getById: classroom = Classroom{id=14, roomName='C-4', roomType='Lecture', roomCapacity=50, building=Building{id=3, buildingName='C'}}
26 Feb;19:05:45.310 [main] INFO  u.c.f.c.service.CourseService - getById: course = Course{id=9, courseName='Physics'}
26 Feb;19:05:45.311 [main] INFO  u.c.f.c.service.TeacherService - getById: teacher = Teacher{id=11, firstName='Sophia', lastName='Roos', faculty=Faculty{id=2, facultyName='Changed faculty name'}}
26 Feb;19:05:45.311 [main] INFO  u.c.f.c.service.TeacherService - getById: teacher = Teacher{id=11, firstName='Sophia', lastName='Roos', faculty=Faculty{id=2, facultyName='Changed faculty name'}}
26 Feb;19:05:45.312 [main] INFO  u.c.f.c.service.ClassroomService - getById: classroom = Classroom{id=11, roomName='C-1', roomType='Class', roomCapacity=30, building=Building{id=3, buildingName='C'}}
26 Feb;19:05:45.312 [main] INFO  u.c.f.c.service.CourseService - getById: course = Course{id=9, courseName='Physics'}
26 Feb;19:05:45.313 [main] INFO  u.c.f.c.service.TeacherService - getById: teacher = Teacher{id=11, firstName='Sophia', lastName='Roos', faculty=Faculty{id=2, facultyName='Changed faculty name'}}
26 Feb;19:05:45.313 [main] INFO  u.c.f.c.service.TeacherService - getById: teacher = Teacher{id=11, firstName='Sophia', lastName='Roos', faculty=Faculty{id=2, facultyName='Changed faculty name'}}
26 Feb;19:05:45.314 [main] INFO  u.c.f.c.service.ClassroomService - getById: classroom = Classroom{id=13, roomName='C-3', roomType='Class', roomCapacity=30, building=Building{id=3, buildingName='C'}}
26 Feb;19:05:45.314 [main] INFO  u.c.f.c.service.CourseService - getById: course = Course{id=9, courseName='Physics'}
26 Feb;19:05:45.315 [main] INFO  u.c.f.c.service.TeacherService - getById: teacher = Teacher{id=11, firstName='Sophia', lastName='Roos', faculty=Faculty{id=2, facultyName='Changed faculty name'}}
26 Feb;19:05:45.315 [main] INFO  u.c.f.c.service.TeacherService - getById: teacher = Teacher{id=11, firstName='Sophia', lastName='Roos', faculty=Faculty{id=2, facultyName='Changed faculty name'}}
26 Feb;19:05:45.316 [main] INFO  u.c.f.c.service.ClassroomService - getById: classroom = Classroom{id=15, roomName='C-5', roomType='Laboratory', roomCapacity=10, building=Building{id=3, buildingName='C'}}
26 Feb;19:05:45.317 [main] INFO  u.c.f.c.service.CourseService - getById: course = Course{id=9, courseName='Physics'}
26 Feb;19:05:45.317 [main] INFO  u.c.f.c.service.TeacherService - getById: teacher = Teacher{id=11, firstName='Sophia', lastName='Roos', faculty=Faculty{id=2, facultyName='Changed faculty name'}}
26 Feb;19:05:45.317 [main] INFO  u.c.f.c.service.TeacherService - getById: teacher = Teacher{id=11, firstName='Sophia', lastName='Roos', faculty=Faculty{id=2, facultyName='Changed faculty name'}}
26 Feb;19:05:45.318 [main] INFO  u.c.f.c.service.ClassroomService - getById: classroom = Classroom{id=4, roomName='A-4', roomType='Lecture', roomCapacity=50, building=Building{id=1, buildingName='Changed name'}}
26 Feb;19:05:45.319 [main] INFO  u.c.f.c.service.CourseService - getById: course = Course{id=3, courseName='Another course's name'}
26 Feb;19:05:45.319 [main] INFO  u.c.f.c.service.TeacherService - getById: teacher = Teacher{id=3, firstName='Freya', lastName='Shepp', faculty=Faculty{id=3, facultyName='Faculty of Arts'}}
26 Feb;19:05:45.319 [main] INFO  u.c.f.c.service.TeacherService - getById: teacher = Teacher{id=3, firstName='Freya', lastName='Shepp', faculty=Faculty{id=3, facultyName='Faculty of Arts'}}
26 Feb;19:05:45.320 [main] INFO  u.c.f.c.service.ClassroomService - getById: classroom = Classroom{id=1, roomName='A-1', roomType='Class', roomCapacity=30, building=Building{id=1, buildingName='Changed name'}}
26 Feb;19:05:45.321 [main] INFO  u.c.f.c.service.CourseService - getById: course = Course{id=3, courseName='Another course's name'}
26 Feb;19:05:45.321 [main] INFO  u.c.f.c.service.TeacherService - getById: teacher = Teacher{id=3, firstName='Freya', lastName='Shepp', faculty=Faculty{id=3, facultyName='Faculty of Arts'}}
26 Feb;19:05:45.321 [main] INFO  u.c.f.c.service.TeacherService - getById: teacher = Teacher{id=3, firstName='Freya', lastName='Shepp', faculty=Faculty{id=3, facultyName='Faculty of Arts'}}
26 Feb;19:05:45.322 [main] INFO  u.c.f.c.service.ClassroomService - getById: classroom = Classroom{id=2, roomName='A-2', roomType='Class', roomCapacity=30, building=Building{id=1, buildingName='Changed name'}}
26 Feb;19:05:45.322 [main] INFO  u.c.f.c.service.CourseService - getById: course = Course{id=4, courseName='Political science'}
26 Feb;19:05:45.323 [main] INFO  u.c.f.c.service.TeacherService - getById: teacher = Teacher{id=4, firstName='Olivia', lastName='Blake', faculty=Faculty{id=3, facultyName='Faculty of Arts'}}
26 Feb;19:05:45.324 [main] INFO  u.c.f.c.service.TeacherService - getById: teacher = Teacher{id=4, firstName='Olivia', lastName='Blake', faculty=Faculty{id=3, facultyName='Faculty of Arts'}}
26 Feb;19:05:45.324 [main] INFO  u.c.f.c.service.ClassroomService - getById: classroom = Classroom{id=3, roomName='B-10', roomType='Laboratory', roomCapacity=10, building=Building{id=2, buildingName='E'}}
26 Feb;19:05:45.325 [main] INFO  u.c.f.c.service.CourseService - getById: course = Course{id=4, courseName='Political science'}
26 Feb;19:05:45.325 [main] INFO  u.c.f.c.service.TeacherService - getById: teacher = Teacher{id=4, firstName='Olivia', lastName='Blake', faculty=Faculty{id=3, facultyName='Faculty of Arts'}}
26 Feb;19:05:45.326 [main] INFO  u.c.f.c.service.TeacherService - getById: teacher = Teacher{id=4, firstName='Olivia', lastName='Blake', faculty=Faculty{id=3, facultyName='Faculty of Arts'}}
26 Feb;19:05:45.327 [main] INFO  u.c.f.c.service.ClassroomService - getById: classroom = Classroom{id=4, roomName='A-4', roomType='Lecture', roomCapacity=50, building=Building{id=1, buildingName='Changed name'}}
26 Feb;19:05:45.327 [main] INFO  u.c.f.c.service.CourseService - getById: course = Course{id=5, courseName='Culture'}
26 Feb;19:05:45.327 [main] INFO  u.c.f.c.service.TeacherService - getById: teacher = Teacher{id=5, firstName='Scarlett', lastName='Nimoy', faculty=Faculty{id=3, facultyName='Faculty of Arts'}}
26 Feb;19:05:45.328 [main] INFO  u.c.f.c.service.TeacherService - getById: teacher = Teacher{id=5, firstName='Scarlett', lastName='Nimoy', faculty=Faculty{id=3, facultyName='Faculty of Arts'}}
26 Feb;19:05:45.328 [main] INFO  u.c.f.c.service.ClassroomService - getById: classroom = Classroom{id=9, roomName='New name', roomType='Lecture', roomCapacity=50, building=Building{id=2, buildingName='E'}}
26 Feb;19:05:45.329 [main] INFO  u.c.f.c.service.CourseService - getById: course = Course{id=6, courseName='Biology'}
26 Feb;19:05:45.329 [main] INFO  u.c.f.c.service.TeacherService - getById: teacher = Teacher{id=6, firstName='Ellie', lastName='Purh', faculty=Faculty{id=1, facultyName='Changed faculty name'}}
26 Feb;19:05:45.330 [main] INFO  u.c.f.c.service.TeacherService - getById: teacher = Teacher{id=6, firstName='Ellie', lastName='Purh', faculty=Faculty{id=1, facultyName='Changed faculty name'}}
26 Feb;19:05:45.330 [main] INFO  u.c.f.c.service.ClassroomService - getById: classroom = Classroom{id=9, roomName='New name', roomType='Lecture', roomCapacity=50, building=Building{id=2, buildingName='E'}}
26 Feb;19:05:45.331 [main] INFO  u.c.f.c.service.CourseService - getById: course = Course{id=6, courseName='Biology'}
26 Feb;19:05:45.331 [main] INFO  u.c.f.c.service.TeacherService - getById: teacher = Teacher{id=6, firstName='Ellie', lastName='Purh', faculty=Faculty{id=1, facultyName='Changed faculty name'}}
26 Feb;19:05:45.332 [main] INFO  u.c.f.c.service.TeacherService - getById: teacher = Teacher{id=6, firstName='Ellie', lastName='Purh', faculty=Faculty{id=1, facultyName='Changed faculty name'}}
26 Feb;19:05:45.333 [main] INFO  u.c.f.c.service.ClassroomService - getById: classroom = Classroom{id=6, roomName='B-1', roomType='Class', roomCapacity=30, building=Building{id=2, buildingName='E'}}
26 Feb;19:05:45.333 [main] INFO  u.c.f.c.service.CourseService - getById: course = Course{id=6, courseName='Biology'}
26 Feb;19:05:45.334 [main] INFO  u.c.f.c.service.TeacherService - getById: teacher = Teacher{id=7, firstName='Charlie', lastName='Byrne', faculty=Faculty{id=1, facultyName='Changed faculty name'}}
26 Feb;19:05:45.334 [main] INFO  u.c.f.c.service.TeacherService - getById: teacher = Teacher{id=7, firstName='Charlie', lastName='Byrne', faculty=Faculty{id=1, facultyName='Changed faculty name'}}
26 Feb;19:05:45.335 [main] INFO  u.c.f.c.service.ClassroomService - getById: classroom = Classroom{id=7, roomName='B-2', roomType='Class', roomCapacity=30, building=Building{id=2, buildingName='E'}}
26 Feb;19:05:45.336 [main] INFO  u.c.f.c.service.CourseService - getById: course = Course{id=6, courseName='Biology'}
26 Feb;19:05:45.336 [main] INFO  u.c.f.c.service.TeacherService - getById: teacher = Teacher{id=7, firstName='Charlie', lastName='Byrne', faculty=Faculty{id=1, facultyName='Changed faculty name'}}
26 Feb;19:05:45.336 [main] INFO  u.c.f.c.service.TeacherService - getById: teacher = Teacher{id=7, firstName='Charlie', lastName='Byrne', faculty=Faculty{id=1, facultyName='Changed faculty name'}}
26 Feb;19:05:45.337 [main] INFO  u.c.f.c.service.ClassroomService - getById: classroom = Classroom{id=10, roomName='B-5', roomType='Laboratory', roomCapacity=10, building=Building{id=2, buildingName='E'}}
26 Feb;19:05:45.338 [main] INFO  u.c.f.c.service.CourseService - getById: course = Course{id=6, courseName='Biology'}
26 Feb;19:05:45.338 [main] INFO  u.c.f.c.service.TeacherService - getById: teacher = Teacher{id=7, firstName='Charlie', lastName='Byrne', faculty=Faculty{id=1, facultyName='Changed faculty name'}}
26 Feb;19:05:45.338 [main] INFO  u.c.f.c.service.TeacherService - getById: teacher = Teacher{id=7, firstName='Charlie', lastName='Byrne', faculty=Faculty{id=1, facultyName='Changed faculty name'}}
26 Feb;19:05:45.339 [main] INFO  u.c.f.c.service.ClassroomService - getById: classroom = Classroom{id=14, roomName='C-4', roomType='Lecture', roomCapacity=50, building=Building{id=3, buildingName='C'}}
26 Feb;19:05:45.340 [main] INFO  u.c.f.c.service.CourseService - getById: course = Course{id=10, courseName='Geometry'}
26 Feb;19:05:45.340 [main] INFO  u.c.f.c.service.TeacherService - getById: teacher = Teacher{id=12, firstName='Mia', lastName='Brown', faculty=Faculty{id=2, facultyName='Changed faculty name'}}
26 Feb;19:05:45.341 [main] INFO  u.c.f.c.service.TeacherService - getById: teacher = Teacher{id=12, firstName='Mia', lastName='Brown', faculty=Faculty{id=2, facultyName='Changed faculty name'}}
26 Feb;19:05:45.341 [main] INFO  u.c.f.c.service.ClassroomService - getById: classroom = Classroom{id=14, roomName='C-4', roomType='Lecture', roomCapacity=50, building=Building{id=3, buildingName='C'}}
26 Feb;19:05:45.342 [main] INFO  u.c.f.c.service.CourseService - getById: course = Course{id=10, courseName='Geometry'}
26 Feb;19:05:45.342 [main] INFO  u.c.f.c.service.TeacherService - getById: teacher = Teacher{id=12, firstName='Mia', lastName='Brown', faculty=Faculty{id=2, facultyName='Changed faculty name'}}
26 Feb;19:05:45.343 [main] INFO  u.c.f.c.service.TeacherService - getById: teacher = Teacher{id=12, firstName='Mia', lastName='Brown', faculty=Faculty{id=2, facultyName='Changed faculty name'}}
26 Feb;19:05:45.343 [main] INFO  u.c.f.c.service.ClassroomService - getById: classroom = Classroom{id=11, roomName='C-1', roomType='Class', roomCapacity=30, building=Building{id=3, buildingName='C'}}
26 Feb;19:05:45.344 [main] INFO  u.c.f.c.service.CourseService - getById: course = Course{id=10, courseName='Geometry'}
26 Feb;19:05:45.344 [main] INFO  u.c.f.c.service.TeacherService - getById: teacher = Teacher{id=12, firstName='Mia', lastName='Brown', faculty=Faculty{id=2, facultyName='Changed faculty name'}}
26 Feb;19:05:45.345 [main] INFO  u.c.f.c.service.TeacherService - getById: teacher = Teacher{id=12, firstName='Mia', lastName='Brown', faculty=Faculty{id=2, facultyName='Changed faculty name'}}
26 Feb;19:05:45.346 [main] INFO  u.c.f.c.service.ClassroomService - getById: classroom = Classroom{id=13, roomName='C-3', roomType='Class', roomCapacity=30, building=Building{id=3, buildingName='C'}}
26 Feb;19:05:45.346 [main] INFO  u.c.f.c.service.CourseService - getById: course = Course{id=10, courseName='Geometry'}
26 Feb;19:05:45.347 [main] INFO  u.c.f.c.service.TeacherService - getById: teacher = Teacher{id=12, firstName='Mia', lastName='Brown', faculty=Faculty{id=2, facultyName='Changed faculty name'}}
26 Feb;19:05:45.347 [main] INFO  u.c.f.c.service.TeacherService - getById: teacher = Teacher{id=12, firstName='Mia', lastName='Brown', faculty=Faculty{id=2, facultyName='Changed faculty name'}}
26 Feb;19:05:45.348 [main] INFO  u.c.f.c.service.ClassroomService - getById: classroom = Classroom{id=15, roomName='C-5', roomType='Laboratory', roomCapacity=10, building=Building{id=3, buildingName='C'}}
26 Feb;19:05:45.348 [main] INFO  u.c.f.c.service.CourseService - getById: course = Course{id=10, courseName='Geometry'}
26 Feb;19:05:45.349 [main] INFO  u.c.f.c.service.TeacherService - getById: teacher = Teacher{id=12, firstName='Mia', lastName='Brown', faculty=Faculty{id=2, facultyName='Changed faculty name'}}
26 Feb;19:05:45.349 [main] INFO  u.c.f.c.service.TeacherService - getById: teacher = Teacher{id=12, firstName='Mia', lastName='Brown', faculty=Faculty{id=2, facultyName='Changed faculty name'}}
26 Feb;19:05:45.350 [main] INFO  u.c.f.c.service.ClassroomService - getById: classroom = Classroom{id=4, roomName='A-4', roomType='Lecture', roomCapacity=50, building=Building{id=1, buildingName='Changed name'}}
26 Feb;19:05:45.351 [main] INFO  u.c.f.c.service.CourseService - getById: course = Course{id=4, courseName='Political science'}
26 Feb;19:05:45.351 [main] INFO  u.c.f.c.service.TeacherService - getById: teacher = Teacher{id=4, firstName='Olivia', lastName='Blake', faculty=Faculty{id=3, facultyName='Faculty of Arts'}}
26 Feb;19:05:45.352 [main] INFO  u.c.f.c.service.TeacherService - getById: teacher = Teacher{id=4, firstName='Olivia', lastName='Blake', faculty=Faculty{id=3, facultyName='Faculty of Arts'}}
26 Feb;19:05:45.352 [main] INFO  u.c.f.c.service.ClassroomService - getById: classroom = Classroom{id=1, roomName='A-1', roomType='Class', roomCapacity=30, building=Building{id=1, buildingName='Changed name'}}
26 Feb;19:05:45.353 [main] INFO  u.c.f.c.service.CourseService - getById: course = Course{id=4, courseName='Political science'}
26 Feb;19:05:45.353 [main] INFO  u.c.f.c.service.TeacherService - getById: teacher = Teacher{id=4, firstName='Olivia', lastName='Blake', faculty=Faculty{id=3, facultyName='Faculty of Arts'}}
26 Feb;19:05:45.353 [main] INFO  u.c.f.c.service.TeacherService - getById: teacher = Teacher{id=4, firstName='Olivia', lastName='Blake', faculty=Faculty{id=3, facultyName='Faculty of Arts'}}
26 Feb;19:05:45.354 [main] INFO  u.c.f.c.service.ClassroomService - getById: classroom = Classroom{id=2, roomName='A-2', roomType='Class', roomCapacity=30, building=Building{id=1, buildingName='Changed name'}}
26 Feb;19:05:45.354 [main] INFO  u.c.f.c.service.CourseService - getById: course = Course{id=5, courseName='Culture'}
26 Feb;19:05:45.354 [main] INFO  u.c.f.c.service.TeacherService - getById: teacher = Teacher{id=5, firstName='Scarlett', lastName='Nimoy', faculty=Faculty{id=3, facultyName='Faculty of Arts'}}
26 Feb;19:05:45.355 [main] INFO  u.c.f.c.service.TeacherService - getById: teacher = Teacher{id=5, firstName='Scarlett', lastName='Nimoy', faculty=Faculty{id=3, facultyName='Faculty of Arts'}}
26 Feb;19:05:45.356 [main] INFO  u.c.f.c.service.ClassroomService - getById: classroom = Classroom{id=3, roomName='B-10', roomType='Laboratory', roomCapacity=10, building=Building{id=2, buildingName='E'}}
26 Feb;19:05:45.356 [main] INFO  u.c.f.c.service.CourseService - getById: course = Course{id=5, courseName='Culture'}
26 Feb;19:05:45.357 [main] INFO  u.c.f.c.service.TeacherService - getById: teacher = Teacher{id=5, firstName='Scarlett', lastName='Nimoy', faculty=Faculty{id=3, facultyName='Faculty of Arts'}}
26 Feb;19:05:45.357 [main] INFO  u.c.f.c.service.TeacherService - getById: teacher = Teacher{id=5, firstName='Scarlett', lastName='Nimoy', faculty=Faculty{id=3, facultyName='Faculty of Arts'}}
26 Feb;19:05:45.358 [main] INFO  u.c.f.c.service.ClassroomService - getById: classroom = Classroom{id=4, roomName='A-4', roomType='Lecture', roomCapacity=50, building=Building{id=1, buildingName='Changed name'}}
26 Feb;19:05:45.359 [main] INFO  u.c.f.c.service.CourseService - getById: course = Course{id=1, courseName='History'}
26 Feb;19:05:45.359 [main] INFO  u.c.f.c.service.TeacherService - getById: teacher = Teacher{id=1, firstName='Albert', lastName='Johnson', faculty=Faculty{id=3, facultyName='Faculty of Arts'}}
26 Feb;19:05:45.360 [main] INFO  u.c.f.c.service.TeacherService - getById: teacher = Teacher{id=1, firstName='Albert', lastName='Johnson', faculty=Faculty{id=3, facultyName='Faculty of Arts'}}
26 Feb;19:05:45.361 [main] INFO  u.c.f.c.service.ClassroomService - getById: classroom = Classroom{id=9, roomName='New name', roomType='Lecture', roomCapacity=50, building=Building{id=2, buildingName='E'}}
26 Feb;19:05:45.361 [main] INFO  u.c.f.c.service.CourseService - getById: course = Course{id=7, courseName='Chemistry'}
26 Feb;19:05:45.362 [main] INFO  u.c.f.c.service.TeacherService - getById: teacher = Teacher{id=8, firstName='Samuel', lastName='Travis', faculty=Faculty{id=1, facultyName='Changed faculty name'}}
26 Feb;19:05:45.362 [main] INFO  u.c.f.c.service.TeacherService - getById: teacher = Teacher{id=8, firstName='Samuel', lastName='Travis', faculty=Faculty{id=1, facultyName='Changed faculty name'}}
26 Feb;19:05:45.363 [main] INFO  u.c.f.c.service.ClassroomService - getById: classroom = Classroom{id=9, roomName='New name', roomType='Lecture', roomCapacity=50, building=Building{id=2, buildingName='E'}}
26 Feb;19:05:45.363 [main] INFO  u.c.f.c.service.CourseService - getById: course = Course{id=7, courseName='Chemistry'}
26 Feb;19:05:45.364 [main] INFO  u.c.f.c.service.TeacherService - getById: teacher = Teacher{id=8, firstName='Samuel', lastName='Travis', faculty=Faculty{id=1, facultyName='Changed faculty name'}}
26 Feb;19:05:45.364 [main] INFO  u.c.f.c.service.TeacherService - getById: teacher = Teacher{id=8, firstName='Samuel', lastName='Travis', faculty=Faculty{id=1, facultyName='Changed faculty name'}}
26 Feb;19:05:45.365 [main] INFO  u.c.f.c.service.ClassroomService - getById: classroom = Classroom{id=6, roomName='B-1', roomType='Class', roomCapacity=30, building=Building{id=2, buildingName='E'}}
26 Feb;19:05:45.366 [main] INFO  u.c.f.c.service.CourseService - getById: course = Course{id=7, courseName='Chemistry'}
26 Feb;19:05:45.366 [main] INFO  u.c.f.c.service.TeacherService - getById: teacher = Teacher{id=9, firstName='Albert', lastName='Hill', faculty=Faculty{id=1, facultyName='Changed faculty name'}}
26 Feb;19:05:45.367 [main] INFO  u.c.f.c.service.TeacherService - getById: teacher = Teacher{id=9, firstName='Albert', lastName='Hill', faculty=Faculty{id=1, facultyName='Changed faculty name'}}
26 Feb;19:05:45.368 [main] INFO  u.c.f.c.service.ClassroomService - getById: classroom = Classroom{id=7, roomName='B-2', roomType='Class', roomCapacity=30, building=Building{id=2, buildingName='E'}}
26 Feb;19:05:45.369 [main] INFO  u.c.f.c.service.CourseService - getById: course = Course{id=7, courseName='Chemistry'}
26 Feb;19:05:45.369 [main] INFO  u.c.f.c.service.TeacherService - getById: teacher = Teacher{id=9, firstName='Albert', lastName='Hill', faculty=Faculty{id=1, facultyName='Changed faculty name'}}
26 Feb;19:05:45.370 [main] INFO  u.c.f.c.service.TeacherService - getById: teacher = Teacher{id=9, firstName='Albert', lastName='Hill', faculty=Faculty{id=1, facultyName='Changed faculty name'}}
26 Feb;19:05:45.371 [main] INFO  u.c.f.c.service.ClassroomService - getById: classroom = Classroom{id=10, roomName='B-5', roomType='Laboratory', roomCapacity=10, building=Building{id=2, buildingName='E'}}
26 Feb;19:05:45.372 [main] INFO  u.c.f.c.service.CourseService - getById: course = Course{id=7, courseName='Chemistry'}
26 Feb;19:05:45.373 [main] INFO  u.c.f.c.service.TeacherService - getById: teacher = Teacher{id=9, firstName='Albert', lastName='Hill', faculty=Faculty{id=1, facultyName='Changed faculty name'}}
26 Feb;19:05:45.373 [main] INFO  u.c.f.c.service.TeacherService - getById: teacher = Teacher{id=9, firstName='Albert', lastName='Hill', faculty=Faculty{id=1, facultyName='Changed faculty name'}}
26 Feb;19:05:45.374 [main] INFO  u.c.f.c.service.ClassroomService - getById: classroom = Classroom{id=14, roomName='C-4', roomType='Lecture', roomCapacity=50, building=Building{id=3, buildingName='C'}}
26 Feb;19:05:45.374 [main] INFO  u.c.f.c.service.CourseService - getById: course = Course{id=8, courseName='Mathematics'}
26 Feb;19:05:45.375 [main] INFO  u.c.f.c.service.TeacherService - getById: teacher = Teacher{id=10, firstName='Joshua', lastName='Eve', faculty=Faculty{id=2, facultyName='Changed faculty name'}}
26 Feb;19:05:45.375 [main] INFO  u.c.f.c.service.TeacherService - getById: teacher = Teacher{id=10, firstName='Joshua', lastName='Eve', faculty=Faculty{id=2, facultyName='Changed faculty name'}}
26 Feb;19:05:45.376 [main] INFO  u.c.f.c.service.ClassroomService - getById: classroom = Classroom{id=14, roomName='C-4', roomType='Lecture', roomCapacity=50, building=Building{id=3, buildingName='C'}}
26 Feb;19:05:45.377 [main] INFO  u.c.f.c.service.CourseService - getById: course = Course{id=8, courseName='Mathematics'}
26 Feb;19:05:45.377 [main] INFO  u.c.f.c.service.TeacherService - getById: teacher = Teacher{id=10, firstName='Joshua', lastName='Eve', faculty=Faculty{id=2, facultyName='Changed faculty name'}}
26 Feb;19:05:45.378 [main] INFO  u.c.f.c.service.TeacherService - getById: teacher = Teacher{id=10, firstName='Joshua', lastName='Eve', faculty=Faculty{id=2, facultyName='Changed faculty name'}}
26 Feb;19:05:45.379 [main] INFO  u.c.f.c.service.ClassroomService - getById: classroom = Classroom{id=12, roomName='C-2', roomType='Class', roomCapacity=30, building=Building{id=3, buildingName='C'}}
26 Feb;19:05:45.379 [main] INFO  u.c.f.c.service.CourseService - getById: course = Course{id=9, courseName='Physics'}
26 Feb;19:05:45.380 [main] INFO  u.c.f.c.service.TeacherService - getById: teacher = Teacher{id=11, firstName='Sophia', lastName='Roos', faculty=Faculty{id=2, facultyName='Changed faculty name'}}
26 Feb;19:05:45.380 [main] INFO  u.c.f.c.service.TeacherService - getById: teacher = Teacher{id=11, firstName='Sophia', lastName='Roos', faculty=Faculty{id=2, facultyName='Changed faculty name'}}
26 Feb;19:05:45.381 [main] INFO  u.c.f.c.service.ClassroomService - getById: classroom = Classroom{id=12, roomName='C-2', roomType='Class', roomCapacity=30, building=Building{id=3, buildingName='C'}}
26 Feb;19:05:45.382 [main] INFO  u.c.f.c.service.CourseService - getById: course = Course{id=10, courseName='Geometry'}
26 Feb;19:05:45.382 [main] INFO  u.c.f.c.service.TeacherService - getById: teacher = Teacher{id=12, firstName='Mia', lastName='Brown', faculty=Faculty{id=2, facultyName='Changed faculty name'}}
26 Feb;19:05:45.383 [main] INFO  u.c.f.c.service.TeacherService - getById: teacher = Teacher{id=12, firstName='Mia', lastName='Brown', faculty=Faculty{id=2, facultyName='Changed faculty name'}}
26 Feb;19:05:45.384 [main] INFO  u.c.f.c.service.ClassroomService - getById: classroom = Classroom{id=15, roomName='C-5', roomType='Laboratory', roomCapacity=10, building=Building{id=3, buildingName='C'}}
26 Feb;19:05:45.384 [main] INFO  u.c.f.c.service.CourseService - getById: course = Course{id=8, courseName='Mathematics'}
26 Feb;19:05:45.385 [main] INFO  u.c.f.c.service.TeacherService - getById: teacher = Teacher{id=10, firstName='Joshua', lastName='Eve', faculty=Faculty{id=2, facultyName='Changed faculty name'}}
26 Feb;19:05:45.386 [main] INFO  u.c.f.c.service.TeacherService - getById: teacher = Teacher{id=10, firstName='Joshua', lastName='Eve', faculty=Faculty{id=2, facultyName='Changed faculty name'}}
26 Feb;19:05:45.387 [main] INFO  u.c.f.c.service.ClassroomService - getById: classroom = Classroom{id=4, roomName='A-4', roomType='Lecture', roomCapacity=50, building=Building{id=1, buildingName='Changed name'}}
26 Feb;19:05:45.387 [main] INFO  u.c.f.c.service.CourseService - getById: course = Course{id=5, courseName='Culture'}
26 Feb;19:05:45.388 [main] INFO  u.c.f.c.service.TeacherService - getById: teacher = Teacher{id=5, firstName='Scarlett', lastName='Nimoy', faculty=Faculty{id=3, facultyName='Faculty of Arts'}}
26 Feb;19:05:45.388 [main] INFO  u.c.f.c.service.TeacherService - getById: teacher = Teacher{id=5, firstName='Scarlett', lastName='Nimoy', faculty=Faculty{id=3, facultyName='Faculty of Arts'}}
26 Feb;19:05:45.389 [main] INFO  u.c.f.c.service.ClassroomService - getById: classroom = Classroom{id=1, roomName='A-1', roomType='Class', roomCapacity=30, building=Building{id=1, buildingName='Changed name'}}
26 Feb;19:05:45.390 [main] INFO  u.c.f.c.service.CourseService - getById: course = Course{id=5, courseName='Culture'}
26 Feb;19:05:45.390 [main] INFO  u.c.f.c.service.TeacherService - getById: teacher = Teacher{id=5, firstName='Scarlett', lastName='Nimoy', faculty=Faculty{id=3, facultyName='Faculty of Arts'}}
26 Feb;19:05:45.391 [main] INFO  u.c.f.c.service.TeacherService - getById: teacher = Teacher{id=5, firstName='Scarlett', lastName='Nimoy', faculty=Faculty{id=3, facultyName='Faculty of Arts'}}
26 Feb;19:05:45.392 [main] INFO  u.c.f.c.service.ClassroomService - getById: classroom = Classroom{id=2, roomName='A-2', roomType='Class', roomCapacity=30, building=Building{id=1, buildingName='Changed name'}}
26 Feb;19:05:45.393 [main] INFO  u.c.f.c.service.CourseService - getById: course = Course{id=1, courseName='History'}
26 Feb;19:05:45.393 [main] INFO  u.c.f.c.service.TeacherService - getById: teacher = Teacher{id=1, firstName='Albert', lastName='Johnson', faculty=Faculty{id=3, facultyName='Faculty of Arts'}}
26 Feb;19:05:45.394 [main] INFO  u.c.f.c.service.TeacherService - getById: teacher = Teacher{id=1, firstName='Albert', lastName='Johnson', faculty=Faculty{id=3, facultyName='Faculty of Arts'}}
26 Feb;19:05:45.394 [main] INFO  u.c.f.c.service.ClassroomService - getById: classroom = Classroom{id=3, roomName='B-10', roomType='Laboratory', roomCapacity=10, building=Building{id=2, buildingName='E'}}
26 Feb;19:05:45.395 [main] INFO  u.c.f.c.service.CourseService - getById: course = Course{id=1, courseName='History'}
26 Feb;19:05:45.395 [main] INFO  u.c.f.c.service.TeacherService - getById: teacher = Teacher{id=1, firstName='Albert', lastName='Johnson', faculty=Faculty{id=3, facultyName='Faculty of Arts'}}
26 Feb;19:05:45.396 [main] INFO  u.c.f.c.service.TeacherService - getById: teacher = Teacher{id=1, firstName='Albert', lastName='Johnson', faculty=Faculty{id=3, facultyName='Faculty of Arts'}}
26 Feb;19:05:45.397 [main] INFO  u.c.f.c.service.ClassroomService - getById: classroom = Classroom{id=4, roomName='A-4', roomType='Lecture', roomCapacity=50, building=Building{id=1, buildingName='Changed name'}}
26 Feb;19:05:45.397 [main] INFO  u.c.f.c.service.CourseService - getById: course = Course{id=2, courseName='Philosophy'}
26 Feb;19:05:45.398 [main] INFO  u.c.f.c.service.TeacherService - getById: teacher = Teacher{id=2, firstName='Stanley', lastName='Gruber', faculty=Faculty{id=3, facultyName='Faculty of Arts'}}
26 Feb;19:05:45.398 [main] INFO  u.c.f.c.service.TeacherService - getById: teacher = Teacher{id=2, firstName='Stanley', lastName='Gruber', faculty=Faculty{id=3, facultyName='Faculty of Arts'}}
26 Feb;19:05:45.399 [main] INFO  u.c.f.c.service.ClassroomService - getById: classroom = Classroom{id=9, roomName='New name', roomType='Lecture', roomCapacity=50, building=Building{id=2, buildingName='E'}}
26 Feb;19:05:45.400 [main] INFO  u.c.f.c.service.CourseService - getById: course = Course{id=6, courseName='Biology'}
26 Feb;19:05:45.400 [main] INFO  u.c.f.c.service.TeacherService - getById: teacher = Teacher{id=6, firstName='Ellie', lastName='Purh', faculty=Faculty{id=1, facultyName='Changed faculty name'}}
26 Feb;19:05:45.401 [main] INFO  u.c.f.c.service.TeacherService - getById: teacher = Teacher{id=6, firstName='Ellie', lastName='Purh', faculty=Faculty{id=1, facultyName='Changed faculty name'}}
26 Feb;19:05:45.402 [main] INFO  u.c.f.c.service.ClassroomService - getById: classroom = Classroom{id=9, roomName='New name', roomType='Lecture', roomCapacity=50, building=Building{id=2, buildingName='E'}}
26 Feb;19:05:45.402 [main] INFO  u.c.f.c.service.CourseService - getById: course = Course{id=6, courseName='Biology'}
26 Feb;19:05:45.403 [main] INFO  u.c.f.c.service.TeacherService - getById: teacher = Teacher{id=6, firstName='Ellie', lastName='Purh', faculty=Faculty{id=1, facultyName='Changed faculty name'}}
26 Feb;19:05:45.403 [main] INFO  u.c.f.c.service.TeacherService - getById: teacher = Teacher{id=6, firstName='Ellie', lastName='Purh', faculty=Faculty{id=1, facultyName='Changed faculty name'}}
26 Feb;19:05:45.404 [main] INFO  u.c.f.c.service.ClassroomService - getById: classroom = Classroom{id=6, roomName='B-1', roomType='Class', roomCapacity=30, building=Building{id=2, buildingName='E'}}
26 Feb;19:05:45.405 [main] INFO  u.c.f.c.service.CourseService - getById: course = Course{id=6, courseName='Biology'}
26 Feb;19:05:45.405 [main] INFO  u.c.f.c.service.TeacherService - getById: teacher = Teacher{id=7, firstName='Charlie', lastName='Byrne', faculty=Faculty{id=1, facultyName='Changed faculty name'}}
26 Feb;19:05:45.406 [main] INFO  u.c.f.c.service.TeacherService - getById: teacher = Teacher{id=7, firstName='Charlie', lastName='Byrne', faculty=Faculty{id=1, facultyName='Changed faculty name'}}
26 Feb;19:05:45.406 [main] INFO  u.c.f.c.service.ClassroomService - getById: classroom = Classroom{id=7, roomName='B-2', roomType='Class', roomCapacity=30, building=Building{id=2, buildingName='E'}}
26 Feb;19:05:45.407 [main] INFO  u.c.f.c.service.CourseService - getById: course = Course{id=6, courseName='Biology'}
26 Feb;19:05:45.407 [main] INFO  u.c.f.c.service.TeacherService - getById: teacher = Teacher{id=7, firstName='Charlie', lastName='Byrne', faculty=Faculty{id=1, facultyName='Changed faculty name'}}
26 Feb;19:05:45.408 [main] INFO  u.c.f.c.service.TeacherService - getById: teacher = Teacher{id=7, firstName='Charlie', lastName='Byrne', faculty=Faculty{id=1, facultyName='Changed faculty name'}}
26 Feb;19:05:45.409 [main] INFO  u.c.f.c.service.ClassroomService - getById: classroom = Classroom{id=10, roomName='B-5', roomType='Laboratory', roomCapacity=10, building=Building{id=2, buildingName='E'}}
26 Feb;19:05:45.409 [main] INFO  u.c.f.c.service.CourseService - getById: course = Course{id=6, courseName='Biology'}
26 Feb;19:05:45.410 [main] INFO  u.c.f.c.service.TeacherService - getById: teacher = Teacher{id=7, firstName='Charlie', lastName='Byrne', faculty=Faculty{id=1, facultyName='Changed faculty name'}}
26 Feb;19:05:45.410 [main] INFO  u.c.f.c.service.TeacherService - getById: teacher = Teacher{id=7, firstName='Charlie', lastName='Byrne', faculty=Faculty{id=1, facultyName='Changed faculty name'}}
26 Feb;19:05:45.411 [main] INFO  u.c.f.c.service.ClassroomService - getById: classroom = Classroom{id=14, roomName='C-4', roomType='Lecture', roomCapacity=50, building=Building{id=3, buildingName='C'}}
26 Feb;19:05:45.412 [main] INFO  u.c.f.c.service.CourseService - getById: course = Course{id=9, courseName='Physics'}
26 Feb;19:05:45.412 [main] INFO  u.c.f.c.service.TeacherService - getById: teacher = Teacher{id=11, firstName='Sophia', lastName='Roos', faculty=Faculty{id=2, facultyName='Changed faculty name'}}
26 Feb;19:05:45.412 [main] INFO  u.c.f.c.service.TeacherService - getById: teacher = Teacher{id=11, firstName='Sophia', lastName='Roos', faculty=Faculty{id=2, facultyName='Changed faculty name'}}
26 Feb;19:05:45.413 [main] INFO  u.c.f.c.service.ClassroomService - getById: classroom = Classroom{id=14, roomName='C-4', roomType='Lecture', roomCapacity=50, building=Building{id=3, buildingName='C'}}
26 Feb;19:05:45.413 [main] INFO  u.c.f.c.service.CourseService - getById: course = Course{id=10, courseName='Geometry'}
26 Feb;19:05:45.413 [main] INFO  u.c.f.c.service.TeacherService - getById: teacher = Teacher{id=12, firstName='Mia', lastName='Brown', faculty=Faculty{id=2, facultyName='Changed faculty name'}}
26 Feb;19:05:45.413 [main] INFO  u.c.f.c.service.TeacherService - getById: teacher = Teacher{id=12, firstName='Mia', lastName='Brown', faculty=Faculty{id=2, facultyName='Changed faculty name'}}
26 Feb;19:05:45.414 [main] INFO  u.c.f.c.service.ClassroomService - getById: classroom = Classroom{id=13, roomName='C-3', roomType='Class', roomCapacity=30, building=Building{id=3, buildingName='C'}}
26 Feb;19:05:45.414 [main] INFO  u.c.f.c.service.CourseService - getById: course = Course{id=8, courseName='Mathematics'}
26 Feb;19:05:45.415 [main] INFO  u.c.f.c.service.TeacherService - getById: teacher = Teacher{id=10, firstName='Joshua', lastName='Eve', faculty=Faculty{id=2, facultyName='Changed faculty name'}}
26 Feb;19:05:45.415 [main] INFO  u.c.f.c.service.TeacherService - getById: teacher = Teacher{id=10, firstName='Joshua', lastName='Eve', faculty=Faculty{id=2, facultyName='Changed faculty name'}}
26 Feb;19:05:45.415 [main] INFO  u.c.f.c.service.ClassroomService - getById: classroom = Classroom{id=15, roomName='C-5', roomType='Laboratory', roomCapacity=10, building=Building{id=3, buildingName='C'}}
26 Feb;19:05:45.416 [main] INFO  u.c.f.c.service.CourseService - getById: course = Course{id=9, courseName='Physics'}
26 Feb;19:05:45.416 [main] INFO  u.c.f.c.service.TeacherService - getById: teacher = Teacher{id=11, firstName='Sophia', lastName='Roos', faculty=Faculty{id=2, facultyName='Changed faculty name'}}
26 Feb;19:05:45.416 [main] INFO  u.c.f.c.service.TeacherService - getById: teacher = Teacher{id=11, firstName='Sophia', lastName='Roos', faculty=Faculty{id=2, facultyName='Changed faculty name'}}
26 Feb;19:05:45.416 [main] INFO  u.c.f.c.service.ClassroomService - getById: classroom = Classroom{id=15, roomName='C-5', roomType='Laboratory', roomCapacity=10, building=Building{id=3, buildingName='C'}}
26 Feb;19:05:45.417 [main] INFO  u.c.f.c.service.CourseService - getById: course = Course{id=10, courseName='Geometry'}
26 Feb;19:05:45.417 [main] INFO  u.c.f.c.service.TeacherService - getById: teacher = Teacher{id=12, firstName='Mia', lastName='Brown', faculty=Faculty{id=2, facultyName='Changed faculty name'}}
26 Feb;19:05:45.417 [main] INFO  u.c.f.c.service.TeacherService - getById: teacher = Teacher{id=12, firstName='Mia', lastName='Brown', faculty=Faculty{id=2, facultyName='Changed faculty name'}}
26 Feb;19:05:45.417 [main] INFO  u.c.f.c.service.ClassroomService - getById: classroom = Classroom{id=4, roomName='A-4', roomType='Lecture', roomCapacity=50, building=Building{id=1, buildingName='Changed name'}}
26 Feb;19:05:45.417 [main] INFO  u.c.f.c.service.CourseService - getById: course = Course{id=1, courseName='History'}
26 Feb;19:05:45.418 [main] INFO  u.c.f.c.service.TeacherService - getById: teacher = Teacher{id=1, firstName='Albert', lastName='Johnson', faculty=Faculty{id=3, facultyName='Faculty of Arts'}}
26 Feb;19:05:45.418 [main] INFO  u.c.f.c.service.TeacherService - getById: teacher = Teacher{id=1, firstName='Albert', lastName='Johnson', faculty=Faculty{id=3, facultyName='Faculty of Arts'}}
26 Feb;19:05:45.418 [main] INFO  u.c.f.c.service.ClassroomService - getById: classroom = Classroom{id=1, roomName='A-1', roomType='Class', roomCapacity=30, building=Building{id=1, buildingName='Changed name'}}
26 Feb;19:05:45.419 [main] INFO  u.c.f.c.service.CourseService - getById: course = Course{id=1, courseName='History'}
26 Feb;19:05:45.419 [main] INFO  u.c.f.c.service.TeacherService - getById: teacher = Teacher{id=1, firstName='Albert', lastName='Johnson', faculty=Faculty{id=3, facultyName='Faculty of Arts'}}
26 Feb;19:05:45.419 [main] INFO  u.c.f.c.service.TeacherService - getById: teacher = Teacher{id=1, firstName='Albert', lastName='Johnson', faculty=Faculty{id=3, facultyName='Faculty of Arts'}}
26 Feb;19:05:45.420 [main] INFO  u.c.f.c.service.ClassroomService - getById: classroom = Classroom{id=2, roomName='A-2', roomType='Class', roomCapacity=30, building=Building{id=1, buildingName='Changed name'}}
26 Feb;19:05:45.420 [main] INFO  u.c.f.c.service.CourseService - getById: course = Course{id=2, courseName='Philosophy'}
26 Feb;19:05:45.420 [main] INFO  u.c.f.c.service.TeacherService - getById: teacher = Teacher{id=2, firstName='Stanley', lastName='Gruber', faculty=Faculty{id=3, facultyName='Faculty of Arts'}}
26 Feb;19:05:45.420 [main] INFO  u.c.f.c.service.TeacherService - getById: teacher = Teacher{id=2, firstName='Stanley', lastName='Gruber', faculty=Faculty{id=3, facultyName='Faculty of Arts'}}
26 Feb;19:05:45.420 [main] INFO  u.c.f.c.service.ClassroomService - getById: classroom = Classroom{id=3, roomName='B-10', roomType='Laboratory', roomCapacity=10, building=Building{id=2, buildingName='E'}}
26 Feb;19:05:45.421 [main] INFO  u.c.f.c.service.CourseService - getById: course = Course{id=2, courseName='Philosophy'}
26 Feb;19:05:45.421 [main] INFO  u.c.f.c.service.TeacherService - getById: teacher = Teacher{id=2, firstName='Stanley', lastName='Gruber', faculty=Faculty{id=3, facultyName='Faculty of Arts'}}
26 Feb;19:05:45.421 [main] INFO  u.c.f.c.service.TeacherService - getById: teacher = Teacher{id=2, firstName='Stanley', lastName='Gruber', faculty=Faculty{id=3, facultyName='Faculty of Arts'}}
26 Feb;19:05:45.422 [main] INFO  u.c.f.c.service.ClassroomService - getById: classroom = Classroom{id=4, roomName='A-4', roomType='Lecture', roomCapacity=50, building=Building{id=1, buildingName='Changed name'}}
26 Feb;19:05:45.422 [main] INFO  u.c.f.c.service.CourseService - getById: course = Course{id=3, courseName='Another course's name'}
26 Feb;19:05:45.422 [main] INFO  u.c.f.c.service.TeacherService - getById: teacher = Teacher{id=3, firstName='Freya', lastName='Shepp', faculty=Faculty{id=3, facultyName='Faculty of Arts'}}
26 Feb;19:05:45.422 [main] INFO  u.c.f.c.service.TeacherService - getById: teacher = Teacher{id=3, firstName='Freya', lastName='Shepp', faculty=Faculty{id=3, facultyName='Faculty of Arts'}}
26 Feb;19:05:45.423 [main] INFO  u.c.f.c.service.ClassroomService - getById: classroom = Classroom{id=9, roomName='New name', roomType='Lecture', roomCapacity=50, building=Building{id=2, buildingName='E'}}
26 Feb;19:05:45.423 [main] INFO  u.c.f.c.service.CourseService - getById: course = Course{id=6, courseName='Biology'}
26 Feb;19:05:45.423 [main] INFO  u.c.f.c.service.TeacherService - getById: teacher = Teacher{id=6, firstName='Ellie', lastName='Purh', faculty=Faculty{id=1, facultyName='Changed faculty name'}}
26 Feb;19:05:45.423 [main] INFO  u.c.f.c.service.TeacherService - getById: teacher = Teacher{id=6, firstName='Ellie', lastName='Purh', faculty=Faculty{id=1, facultyName='Changed faculty name'}}
26 Feb;19:05:45.424 [main] INFO  u.c.f.c.service.ClassroomService - getById: classroom = Classroom{id=9, roomName='New name', roomType='Lecture', roomCapacity=50, building=Building{id=2, buildingName='E'}}
26 Feb;19:05:45.424 [main] INFO  u.c.f.c.service.CourseService - getById: course = Course{id=6, courseName='Biology'}
26 Feb;19:05:45.424 [main] INFO  u.c.f.c.service.TeacherService - getById: teacher = Teacher{id=6, firstName='Ellie', lastName='Purh', faculty=Faculty{id=1, facultyName='Changed faculty name'}}
26 Feb;19:05:45.424 [main] INFO  u.c.f.c.service.TeacherService - getById: teacher = Teacher{id=6, firstName='Ellie', lastName='Purh', faculty=Faculty{id=1, facultyName='Changed faculty name'}}
26 Feb;19:05:45.424 [main] INFO  u.c.f.c.service.ClassroomService - getById: classroom = Classroom{id=15, roomName='C-5', roomType='Laboratory', roomCapacity=10, building=Building{id=3, buildingName='C'}}
26 Feb;19:05:45.425 [main] INFO  u.c.f.c.service.CourseService - getById: course = Course{id=3, courseName='Another course's name'}
26 Feb;19:05:45.425 [main] INFO  u.c.f.c.service.TeacherService - getById: teacher = Teacher{id=5, firstName='Scarlett', lastName='Nimoy', faculty=Faculty{id=3, facultyName='Faculty of Arts'}}
26 Feb;19:05:45.425 [main] INFO  u.c.f.c.service.TeacherService - getById: teacher = Teacher{id=5, firstName='Scarlett', lastName='Nimoy', faculty=Faculty{id=3, facultyName='Faculty of Arts'}}
26 Feb;19:05:45.425 [main] INFO  u.c.f.c.service.ClassroomService - getById: classroom = Classroom{id=7, roomName='B-2', roomType='Class', roomCapacity=30, building=Building{id=2, buildingName='E'}}
26 Feb;19:05:45.425 [main] INFO  u.c.f.c.service.CourseService - getById: course = Course{id=6, courseName='Biology'}
26 Feb;19:05:45.426 [main] INFO  u.c.f.c.service.TeacherService - getById: teacher = Teacher{id=7, firstName='Charlie', lastName='Byrne', faculty=Faculty{id=1, facultyName='Changed faculty name'}}
26 Feb;19:05:45.426 [main] INFO  u.c.f.c.service.TeacherService - getById: teacher = Teacher{id=7, firstName='Charlie', lastName='Byrne', faculty=Faculty{id=1, facultyName='Changed faculty name'}}
26 Feb;19:05:45.426 [main] INFO  u.c.f.c.service.ClassroomService - getById: classroom = Classroom{id=10, roomName='B-5', roomType='Laboratory', roomCapacity=10, building=Building{id=2, buildingName='E'}}
26 Feb;19:05:45.426 [main] INFO  u.c.f.c.service.CourseService - getById: course = Course{id=6, courseName='Biology'}
26 Feb;19:05:45.426 [main] INFO  u.c.f.c.service.TeacherService - getById: teacher = Teacher{id=7, firstName='Charlie', lastName='Byrne', faculty=Faculty{id=1, facultyName='Changed faculty name'}}
26 Feb;19:05:45.427 [main] INFO  u.c.f.c.service.TeacherService - getById: teacher = Teacher{id=7, firstName='Charlie', lastName='Byrne', faculty=Faculty{id=1, facultyName='Changed faculty name'}}
26 Feb;19:05:45.427 [main] INFO  u.c.f.c.service.ClassroomService - getById: classroom = Classroom{id=14, roomName='C-4', roomType='Lecture', roomCapacity=50, building=Building{id=3, buildingName='C'}}
26 Feb;19:05:45.427 [main] INFO  u.c.f.c.service.CourseService - getById: course = Course{id=8, courseName='Mathematics'}
26 Feb;19:05:45.427 [main] INFO  u.c.f.c.service.TeacherService - getById: teacher = Teacher{id=10, firstName='Joshua', lastName='Eve', faculty=Faculty{id=2, facultyName='Changed faculty name'}}
26 Feb;19:05:45.428 [main] INFO  u.c.f.c.service.TeacherService - getById: teacher = Teacher{id=10, firstName='Joshua', lastName='Eve', faculty=Faculty{id=2, facultyName='Changed faculty name'}}
26 Feb;19:05:45.428 [main] INFO  u.c.f.c.service.ClassroomService - getById: classroom = Classroom{id=14, roomName='C-4', roomType='Lecture', roomCapacity=50, building=Building{id=3, buildingName='C'}}
26 Feb;19:05:45.428 [main] INFO  u.c.f.c.service.CourseService - getById: course = Course{id=8, courseName='Mathematics'}
26 Feb;19:05:45.428 [main] INFO  u.c.f.c.service.TeacherService - getById: teacher = Teacher{id=10, firstName='Joshua', lastName='Eve', faculty=Faculty{id=2, facultyName='Changed faculty name'}}
26 Feb;19:05:45.428 [main] INFO  u.c.f.c.service.TeacherService - getById: teacher = Teacher{id=10, firstName='Joshua', lastName='Eve', faculty=Faculty{id=2, facultyName='Changed faculty name'}}
26 Feb;19:05:45.429 [main] INFO  u.c.f.c.service.ClassroomService - getById: classroom = Classroom{id=11, roomName='C-1', roomType='Class', roomCapacity=30, building=Building{id=3, buildingName='C'}}
26 Feb;19:05:45.429 [main] INFO  u.c.f.c.service.CourseService - getById: course = Course{id=8, courseName='Mathematics'}
26 Feb;19:05:45.429 [main] INFO  u.c.f.c.service.TeacherService - getById: teacher = Teacher{id=10, firstName='Joshua', lastName='Eve', faculty=Faculty{id=2, facultyName='Changed faculty name'}}
26 Feb;19:05:45.429 [main] INFO  u.c.f.c.service.TeacherService - getById: teacher = Teacher{id=10, firstName='Joshua', lastName='Eve', faculty=Faculty{id=2, facultyName='Changed faculty name'}}
26 Feb;19:05:45.430 [main] INFO  u.c.f.c.service.ClassroomService - getById: classroom = Classroom{id=13, roomName='C-3', roomType='Class', roomCapacity=30, building=Building{id=3, buildingName='C'}}
26 Feb;19:05:45.430 [main] INFO  u.c.f.c.service.CourseService - getById: course = Course{id=8, courseName='Mathematics'}
26 Feb;19:05:45.430 [main] INFO  u.c.f.c.service.TeacherService - getById: teacher = Teacher{id=10, firstName='Joshua', lastName='Eve', faculty=Faculty{id=2, facultyName='Changed faculty name'}}
26 Feb;19:05:45.431 [main] INFO  u.c.f.c.service.TeacherService - getById: teacher = Teacher{id=10, firstName='Joshua', lastName='Eve', faculty=Faculty{id=2, facultyName='Changed faculty name'}}
26 Feb;19:05:45.432 [main] INFO  u.c.f.c.service.ClassroomService - getById: classroom = Classroom{id=15, roomName='C-5', roomType='Laboratory', roomCapacity=10, building=Building{id=3, buildingName='C'}}
26 Feb;19:05:45.433 [main] INFO  u.c.f.c.service.CourseService - getById: course = Course{id=8, courseName='Mathematics'}
26 Feb;19:05:45.434 [main] INFO  u.c.f.c.service.TeacherService - getById: teacher = Teacher{id=10, firstName='Joshua', lastName='Eve', faculty=Faculty{id=2, facultyName='Changed faculty name'}}
26 Feb;19:05:45.434 [main] INFO  u.c.f.c.service.TeacherService - getById: teacher = Teacher{id=10, firstName='Joshua', lastName='Eve', faculty=Faculty{id=2, facultyName='Changed faculty name'}}
26 Feb;19:05:45.436 [main] INFO  u.c.f.c.service.ClassroomService - getById: classroom = Classroom{id=4, roomName='A-4', roomType='Lecture', roomCapacity=50, building=Building{id=1, buildingName='Changed name'}}
26 Feb;19:05:45.437 [main] INFO  u.c.f.c.service.CourseService - getById: course = Course{id=2, courseName='Philosophy'}
26 Feb;19:05:45.437 [main] INFO  u.c.f.c.service.TeacherService - getById: teacher = Teacher{id=2, firstName='Stanley', lastName='Gruber', faculty=Faculty{id=3, facultyName='Faculty of Arts'}}
26 Feb;19:05:45.438 [main] INFO  u.c.f.c.service.TeacherService - getById: teacher = Teacher{id=2, firstName='Stanley', lastName='Gruber', faculty=Faculty{id=3, facultyName='Faculty of Arts'}}
26 Feb;19:05:45.439 [main] INFO  u.c.f.c.service.ClassroomService - getById: classroom = Classroom{id=1, roomName='A-1', roomType='Class', roomCapacity=30, building=Building{id=1, buildingName='Changed name'}}
26 Feb;19:05:45.439 [main] INFO  u.c.f.c.service.CourseService - getById: course = Course{id=2, courseName='Philosophy'}
26 Feb;19:05:45.440 [main] INFO  u.c.f.c.service.TeacherService - getById: teacher = Teacher{id=2, firstName='Stanley', lastName='Gruber', faculty=Faculty{id=3, facultyName='Faculty of Arts'}}
26 Feb;19:05:45.440 [main] INFO  u.c.f.c.service.TeacherService - getById: teacher = Teacher{id=2, firstName='Stanley', lastName='Gruber', faculty=Faculty{id=3, facultyName='Faculty of Arts'}}
26 Feb;19:05:45.441 [main] INFO  u.c.f.c.service.ClassroomService - getById: classroom = Classroom{id=2, roomName='A-2', roomType='Class', roomCapacity=30, building=Building{id=1, buildingName='Changed name'}}
26 Feb;19:05:45.442 [main] INFO  u.c.f.c.service.CourseService - getById: course = Course{id=3, courseName='Another course's name'}
26 Feb;19:05:45.442 [main] INFO  u.c.f.c.service.TeacherService - getById: teacher = Teacher{id=3, firstName='Freya', lastName='Shepp', faculty=Faculty{id=3, facultyName='Faculty of Arts'}}
26 Feb;19:05:45.442 [main] INFO  u.c.f.c.service.TeacherService - getById: teacher = Teacher{id=3, firstName='Freya', lastName='Shepp', faculty=Faculty{id=3, facultyName='Faculty of Arts'}}
26 Feb;19:05:45.443 [main] INFO  u.c.f.c.service.ClassroomService - getById: classroom = Classroom{id=3, roomName='B-10', roomType='Laboratory', roomCapacity=10, building=Building{id=2, buildingName='E'}}
26 Feb;19:05:45.444 [main] INFO  u.c.f.c.service.CourseService - getById: course = Course{id=3, courseName='Another course's name'}
26 Feb;19:05:45.444 [main] INFO  u.c.f.c.service.TeacherService - getById: teacher = Teacher{id=3, firstName='Freya', lastName='Shepp', faculty=Faculty{id=3, facultyName='Faculty of Arts'}}
26 Feb;19:05:45.445 [main] INFO  u.c.f.c.service.TeacherService - getById: teacher = Teacher{id=3, firstName='Freya', lastName='Shepp', faculty=Faculty{id=3, facultyName='Faculty of Arts'}}
26 Feb;19:05:45.446 [main] INFO  u.c.f.c.service.ClassroomService - getById: classroom = Classroom{id=4, roomName='A-4', roomType='Lecture', roomCapacity=50, building=Building{id=1, buildingName='Changed name'}}
26 Feb;19:05:45.446 [main] INFO  u.c.f.c.service.CourseService - getById: course = Course{id=4, courseName='Political science'}
26 Feb;19:05:45.446 [main] INFO  u.c.f.c.service.TeacherService - getById: teacher = Teacher{id=4, firstName='Olivia', lastName='Blake', faculty=Faculty{id=3, facultyName='Faculty of Arts'}}
26 Feb;19:05:45.447 [main] INFO  u.c.f.c.service.TeacherService - getById: teacher = Teacher{id=4, firstName='Olivia', lastName='Blake', faculty=Faculty{id=3, facultyName='Faculty of Arts'}}
26 Feb;19:05:45.448 [main] INFO  u.c.f.c.service.ClassroomService - getById: classroom = Classroom{id=9, roomName='New name', roomType='Lecture', roomCapacity=50, building=Building{id=2, buildingName='E'}}
26 Feb;19:05:45.448 [main] INFO  u.c.f.c.service.CourseService - getById: course = Course{id=7, courseName='Chemistry'}
26 Feb;19:05:45.448 [main] INFO  u.c.f.c.service.TeacherService - getById: teacher = Teacher{id=8, firstName='Samuel', lastName='Travis', faculty=Faculty{id=1, facultyName='Changed faculty name'}}
26 Feb;19:05:45.449 [main] INFO  u.c.f.c.service.TeacherService - getById: teacher = Teacher{id=8, firstName='Samuel', lastName='Travis', faculty=Faculty{id=1, facultyName='Changed faculty name'}}
26 Feb;19:05:45.449 [main] INFO  u.c.f.c.service.ClassroomService - getById: classroom = Classroom{id=9, roomName='New name', roomType='Lecture', roomCapacity=50, building=Building{id=2, buildingName='E'}}
26 Feb;19:05:45.450 [main] INFO  u.c.f.c.service.CourseService - getById: course = Course{id=7, courseName='Chemistry'}
26 Feb;19:05:45.450 [main] INFO  u.c.f.c.service.TeacherService - getById: teacher = Teacher{id=8, firstName='Samuel', lastName='Travis', faculty=Faculty{id=1, facultyName='Changed faculty name'}}
26 Feb;19:05:45.451 [main] INFO  u.c.f.c.service.TeacherService - getById: teacher = Teacher{id=8, firstName='Samuel', lastName='Travis', faculty=Faculty{id=1, facultyName='Changed faculty name'}}
26 Feb;19:05:45.452 [main] INFO  u.c.f.c.service.ClassroomService - getById: classroom = Classroom{id=6, roomName='B-1', roomType='Class', roomCapacity=30, building=Building{id=2, buildingName='E'}}
26 Feb;19:05:45.452 [main] INFO  u.c.f.c.service.CourseService - getById: course = Course{id=7, courseName='Chemistry'}
26 Feb;19:05:45.452 [main] INFO  u.c.f.c.service.TeacherService - getById: teacher = Teacher{id=9, firstName='Albert', lastName='Hill', faculty=Faculty{id=1, facultyName='Changed faculty name'}}
26 Feb;19:05:45.452 [main] INFO  u.c.f.c.service.TeacherService - getById: teacher = Teacher{id=9, firstName='Albert', lastName='Hill', faculty=Faculty{id=1, facultyName='Changed faculty name'}}
26 Feb;19:05:45.453 [main] INFO  u.c.f.c.service.ClassroomService - getById: classroom = Classroom{id=7, roomName='B-2', roomType='Class', roomCapacity=30, building=Building{id=2, buildingName='E'}}
26 Feb;19:05:45.453 [main] INFO  u.c.f.c.service.CourseService - getById: course = Course{id=7, courseName='Chemistry'}
26 Feb;19:05:45.453 [main] INFO  u.c.f.c.service.TeacherService - getById: teacher = Teacher{id=9, firstName='Albert', lastName='Hill', faculty=Faculty{id=1, facultyName='Changed faculty name'}}
26 Feb;19:05:45.453 [main] INFO  u.c.f.c.service.TeacherService - getById: teacher = Teacher{id=9, firstName='Albert', lastName='Hill', faculty=Faculty{id=1, facultyName='Changed faculty name'}}
26 Feb;19:05:45.454 [main] INFO  u.c.f.c.service.ClassroomService - getById: classroom = Classroom{id=10, roomName='B-5', roomType='Laboratory', roomCapacity=10, building=Building{id=2, buildingName='E'}}
26 Feb;19:05:45.454 [main] INFO  u.c.f.c.service.CourseService - getById: course = Course{id=7, courseName='Chemistry'}
26 Feb;19:05:45.454 [main] INFO  u.c.f.c.service.TeacherService - getById: teacher = Teacher{id=9, firstName='Albert', lastName='Hill', faculty=Faculty{id=1, facultyName='Changed faculty name'}}
26 Feb;19:05:45.455 [main] INFO  u.c.f.c.service.TeacherService - getById: teacher = Teacher{id=9, firstName='Albert', lastName='Hill', faculty=Faculty{id=1, facultyName='Changed faculty name'}}
26 Feb;19:05:45.455 [main] INFO  u.c.f.c.service.ClassroomService - getById: classroom = Classroom{id=14, roomName='C-4', roomType='Lecture', roomCapacity=50, building=Building{id=3, buildingName='C'}}
26 Feb;19:05:45.456 [main] INFO  u.c.f.c.service.CourseService - getById: course = Course{id=9, courseName='Physics'}
26 Feb;19:05:45.456 [main] INFO  u.c.f.c.service.TeacherService - getById: teacher = Teacher{id=11, firstName='Sophia', lastName='Roos', faculty=Faculty{id=2, facultyName='Changed faculty name'}}
26 Feb;19:05:45.456 [main] INFO  u.c.f.c.service.TeacherService - getById: teacher = Teacher{id=11, firstName='Sophia', lastName='Roos', faculty=Faculty{id=2, facultyName='Changed faculty name'}}
26 Feb;19:05:45.456 [main] INFO  u.c.f.c.service.ClassroomService - getById: classroom = Classroom{id=14, roomName='C-4', roomType='Lecture', roomCapacity=50, building=Building{id=3, buildingName='C'}}
26 Feb;19:05:45.457 [main] INFO  u.c.f.c.service.CourseService - getById: course = Course{id=9, courseName='Physics'}
26 Feb;19:05:45.457 [main] INFO  u.c.f.c.service.TeacherService - getById: teacher = Teacher{id=11, firstName='Sophia', lastName='Roos', faculty=Faculty{id=2, facultyName='Changed faculty name'}}
26 Feb;19:05:45.457 [main] INFO  u.c.f.c.service.TeacherService - getById: teacher = Teacher{id=11, firstName='Sophia', lastName='Roos', faculty=Faculty{id=2, facultyName='Changed faculty name'}}
26 Feb;19:05:45.458 [main] INFO  u.c.f.c.service.ClassroomService - getById: classroom = Classroom{id=11, roomName='C-1', roomType='Class', roomCapacity=30, building=Building{id=3, buildingName='C'}}
26 Feb;19:05:45.458 [main] INFO  u.c.f.c.service.CourseService - getById: course = Course{id=9, courseName='Physics'}
26 Feb;19:05:45.458 [main] INFO  u.c.f.c.service.TeacherService - getById: teacher = Teacher{id=11, firstName='Sophia', lastName='Roos', faculty=Faculty{id=2, facultyName='Changed faculty name'}}
26 Feb;19:05:45.458 [main] INFO  u.c.f.c.service.TeacherService - getById: teacher = Teacher{id=11, firstName='Sophia', lastName='Roos', faculty=Faculty{id=2, facultyName='Changed faculty name'}}
26 Feb;19:05:45.459 [main] INFO  u.c.f.c.service.ClassroomService - getById: classroom = Classroom{id=13, roomName='C-3', roomType='Class', roomCapacity=30, building=Building{id=3, buildingName='C'}}
26 Feb;19:05:45.459 [main] INFO  u.c.f.c.service.CourseService - getById: course = Course{id=9, courseName='Physics'}
26 Feb;19:05:45.459 [main] INFO  u.c.f.c.service.TeacherService - getById: teacher = Teacher{id=11, firstName='Sophia', lastName='Roos', faculty=Faculty{id=2, facultyName='Changed faculty name'}}
26 Feb;19:05:45.459 [main] INFO  u.c.f.c.service.TeacherService - getById: teacher = Teacher{id=11, firstName='Sophia', lastName='Roos', faculty=Faculty{id=2, facultyName='Changed faculty name'}}
26 Feb;19:05:45.460 [main] INFO  u.c.f.c.service.ClassroomService - getById: classroom = Classroom{id=15, roomName='C-5', roomType='Laboratory', roomCapacity=10, building=Building{id=3, buildingName='C'}}
26 Feb;19:05:45.460 [main] INFO  u.c.f.c.service.CourseService - getById: course = Course{id=9, courseName='Physics'}
26 Feb;19:05:45.460 [main] INFO  u.c.f.c.service.TeacherService - getById: teacher = Teacher{id=11, firstName='Sophia', lastName='Roos', faculty=Faculty{id=2, facultyName='Changed faculty name'}}
26 Feb;19:05:45.460 [main] INFO  u.c.f.c.service.TeacherService - getById: teacher = Teacher{id=11, firstName='Sophia', lastName='Roos', faculty=Faculty{id=2, facultyName='Changed faculty name'}}
26 Feb;19:05:45.460 [main] INFO  u.c.f.c.service.ClassroomService - getById: classroom = Classroom{id=4, roomName='A-4', roomType='Lecture', roomCapacity=50, building=Building{id=1, buildingName='Changed name'}}
26 Feb;19:05:45.461 [main] INFO  u.c.f.c.service.CourseService - getById: course = Course{id=3, courseName='Another course's name'}
26 Feb;19:05:45.461 [main] INFO  u.c.f.c.service.TeacherService - getById: teacher = Teacher{id=3, firstName='Freya', lastName='Shepp', faculty=Faculty{id=3, facultyName='Faculty of Arts'}}
26 Feb;19:05:45.461 [main] INFO  u.c.f.c.service.TeacherService - getById: teacher = Teacher{id=3, firstName='Freya', lastName='Shepp', faculty=Faculty{id=3, facultyName='Faculty of Arts'}}
26 Feb;19:05:45.461 [main] INFO  u.c.f.c.service.ClassroomService - getById: classroom = Classroom{id=1, roomName='A-1', roomType='Class', roomCapacity=30, building=Building{id=1, buildingName='Changed name'}}
26 Feb;19:05:45.462 [main] INFO  u.c.f.c.service.CourseService - getById: course = Course{id=3, courseName='Another course's name'}
26 Feb;19:05:45.462 [main] INFO  u.c.f.c.service.TeacherService - getById: teacher = Teacher{id=3, firstName='Freya', lastName='Shepp', faculty=Faculty{id=3, facultyName='Faculty of Arts'}}
26 Feb;19:05:45.463 [main] INFO  u.c.f.c.service.TeacherService - getById: teacher = Teacher{id=3, firstName='Freya', lastName='Shepp', faculty=Faculty{id=3, facultyName='Faculty of Arts'}}
26 Feb;19:05:45.463 [main] INFO  u.c.f.c.service.ClassroomService - getById: classroom = Classroom{id=2, roomName='A-2', roomType='Class', roomCapacity=30, building=Building{id=1, buildingName='Changed name'}}
26 Feb;19:05:45.464 [main] INFO  u.c.f.c.service.CourseService - getById: course = Course{id=4, courseName='Political science'}
26 Feb;19:05:45.464 [main] INFO  u.c.f.c.service.TeacherService - getById: teacher = Teacher{id=4, firstName='Olivia', lastName='Blake', faculty=Faculty{id=3, facultyName='Faculty of Arts'}}
26 Feb;19:05:45.464 [main] INFO  u.c.f.c.service.TeacherService - getById: teacher = Teacher{id=4, firstName='Olivia', lastName='Blake', faculty=Faculty{id=3, facultyName='Faculty of Arts'}}
26 Feb;19:05:45.465 [main] INFO  u.c.f.c.service.ClassroomService - getById: classroom = Classroom{id=3, roomName='B-10', roomType='Laboratory', roomCapacity=10, building=Building{id=2, buildingName='E'}}
26 Feb;19:05:45.465 [main] INFO  u.c.f.c.service.CourseService - getById: course = Course{id=4, courseName='Political science'}
26 Feb;19:05:45.466 [main] INFO  u.c.f.c.service.TeacherService - getById: teacher = Teacher{id=4, firstName='Olivia', lastName='Blake', faculty=Faculty{id=3, facultyName='Faculty of Arts'}}
26 Feb;19:05:45.466 [main] INFO  u.c.f.c.service.TeacherService - getById: teacher = Teacher{id=4, firstName='Olivia', lastName='Blake', faculty=Faculty{id=3, facultyName='Faculty of Arts'}}
26 Feb;19:05:45.467 [main] INFO  u.c.f.c.service.ClassroomService - getById: classroom = Classroom{id=4, roomName='A-4', roomType='Lecture', roomCapacity=50, building=Building{id=1, buildingName='Changed name'}}
26 Feb;19:05:45.467 [main] INFO  u.c.f.c.service.CourseService - getById: course = Course{id=5, courseName='Culture'}
26 Feb;19:05:45.467 [main] INFO  u.c.f.c.service.TeacherService - getById: teacher = Teacher{id=5, firstName='Scarlett', lastName='Nimoy', faculty=Faculty{id=3, facultyName='Faculty of Arts'}}
26 Feb;19:05:45.468 [main] INFO  u.c.f.c.service.TeacherService - getById: teacher = Teacher{id=5, firstName='Scarlett', lastName='Nimoy', faculty=Faculty{id=3, facultyName='Faculty of Arts'}}
26 Feb;19:05:45.469 [main] INFO  u.c.f.c.service.ClassroomService - getById: classroom = Classroom{id=9, roomName='New name', roomType='Lecture', roomCapacity=50, building=Building{id=2, buildingName='E'}}
26 Feb;19:05:45.469 [main] INFO  u.c.f.c.service.CourseService - getById: course = Course{id=6, courseName='Biology'}
26 Feb;19:05:45.469 [main] INFO  u.c.f.c.service.TeacherService - getById: teacher = Teacher{id=6, firstName='Ellie', lastName='Purh', faculty=Faculty{id=1, facultyName='Changed faculty name'}}
26 Feb;19:05:45.470 [main] INFO  u.c.f.c.service.TeacherService - getById: teacher = Teacher{id=6, firstName='Ellie', lastName='Purh', faculty=Faculty{id=1, facultyName='Changed faculty name'}}
26 Feb;19:05:45.470 [main] INFO  u.c.f.c.service.ClassroomService - getById: classroom = Classroom{id=9, roomName='New name', roomType='Lecture', roomCapacity=50, building=Building{id=2, buildingName='E'}}
26 Feb;19:05:45.471 [main] INFO  u.c.f.c.service.CourseService - getById: course = Course{id=6, courseName='Biology'}
26 Feb;19:05:45.471 [main] INFO  u.c.f.c.service.TeacherService - getById: teacher = Teacher{id=6, firstName='Ellie', lastName='Purh', faculty=Faculty{id=1, facultyName='Changed faculty name'}}
26 Feb;19:05:45.471 [main] INFO  u.c.f.c.service.TeacherService - getById: teacher = Teacher{id=6, firstName='Ellie', lastName='Purh', faculty=Faculty{id=1, facultyName='Changed faculty name'}}
26 Feb;19:05:45.472 [main] INFO  u.c.f.c.service.ClassroomService - getById: classroom = Classroom{id=6, roomName='B-1', roomType='Class', roomCapacity=30, building=Building{id=2, buildingName='E'}}
26 Feb;19:05:45.472 [main] INFO  u.c.f.c.service.CourseService - getById: course = Course{id=6, courseName='Biology'}
26 Feb;19:05:45.473 [main] INFO  u.c.f.c.service.TeacherService - getById: teacher = Teacher{id=7, firstName='Charlie', lastName='Byrne', faculty=Faculty{id=1, facultyName='Changed faculty name'}}
26 Feb;19:05:45.473 [main] INFO  u.c.f.c.service.TeacherService - getById: teacher = Teacher{id=7, firstName='Charlie', lastName='Byrne', faculty=Faculty{id=1, facultyName='Changed faculty name'}}
26 Feb;19:05:45.473 [main] INFO  u.c.f.c.service.ClassroomService - getById: classroom = Classroom{id=7, roomName='B-2', roomType='Class', roomCapacity=30, building=Building{id=2, buildingName='E'}}
26 Feb;19:05:45.474 [main] INFO  u.c.f.c.service.CourseService - getById: course = Course{id=6, courseName='Biology'}
26 Feb;19:05:45.474 [main] INFO  u.c.f.c.service.TeacherService - getById: teacher = Teacher{id=7, firstName='Charlie', lastName='Byrne', faculty=Faculty{id=1, facultyName='Changed faculty name'}}
26 Feb;19:05:45.474 [main] INFO  u.c.f.c.service.TeacherService - getById: teacher = Teacher{id=7, firstName='Charlie', lastName='Byrne', faculty=Faculty{id=1, facultyName='Changed faculty name'}}
26 Feb;19:05:45.475 [main] INFO  u.c.f.c.service.ClassroomService - getById: classroom = Classroom{id=10, roomName='B-5', roomType='Laboratory', roomCapacity=10, building=Building{id=2, buildingName='E'}}
26 Feb;19:05:45.475 [main] INFO  u.c.f.c.service.CourseService - getById: course = Course{id=6, courseName='Biology'}
26 Feb;19:05:45.476 [main] INFO  u.c.f.c.service.TeacherService - getById: teacher = Teacher{id=7, firstName='Charlie', lastName='Byrne', faculty=Faculty{id=1, facultyName='Changed faculty name'}}
26 Feb;19:05:45.476 [main] INFO  u.c.f.c.service.TeacherService - getById: teacher = Teacher{id=7, firstName='Charlie', lastName='Byrne', faculty=Faculty{id=1, facultyName='Changed faculty name'}}
26 Feb;19:05:45.477 [main] INFO  u.c.f.c.service.ClassroomService - getById: classroom = Classroom{id=14, roomName='C-4', roomType='Lecture', roomCapacity=50, building=Building{id=3, buildingName='C'}}
26 Feb;19:05:45.477 [main] INFO  u.c.f.c.service.CourseService - getById: course = Course{id=10, courseName='Geometry'}
26 Feb;19:05:45.478 [main] INFO  u.c.f.c.service.TeacherService - getById: teacher = Teacher{id=12, firstName='Mia', lastName='Brown', faculty=Faculty{id=2, facultyName='Changed faculty name'}}
26 Feb;19:05:45.478 [main] INFO  u.c.f.c.service.TeacherService - getById: teacher = Teacher{id=12, firstName='Mia', lastName='Brown', faculty=Faculty{id=2, facultyName='Changed faculty name'}}
26 Feb;19:05:45.479 [main] INFO  u.c.f.c.service.ClassroomService - getById: classroom = Classroom{id=14, roomName='C-4', roomType='Lecture', roomCapacity=50, building=Building{id=3, buildingName='C'}}
26 Feb;19:05:45.479 [main] INFO  u.c.f.c.service.CourseService - getById: course = Course{id=10, courseName='Geometry'}
26 Feb;19:05:45.480 [main] INFO  u.c.f.c.service.TeacherService - getById: teacher = Teacher{id=12, firstName='Mia', lastName='Brown', faculty=Faculty{id=2, facultyName='Changed faculty name'}}
26 Feb;19:05:45.480 [main] INFO  u.c.f.c.service.TeacherService - getById: teacher = Teacher{id=12, firstName='Mia', lastName='Brown', faculty=Faculty{id=2, facultyName='Changed faculty name'}}
26 Feb;19:05:45.481 [main] INFO  u.c.f.c.service.ClassroomService - getById: classroom = Classroom{id=11, roomName='C-1', roomType='Class', roomCapacity=30, building=Building{id=3, buildingName='C'}}
26 Feb;19:05:45.481 [main] INFO  u.c.f.c.service.CourseService - getById: course = Course{id=10, courseName='Geometry'}
26 Feb;19:05:45.481 [main] INFO  u.c.f.c.service.TeacherService - getById: teacher = Teacher{id=12, firstName='Mia', lastName='Brown', faculty=Faculty{id=2, facultyName='Changed faculty name'}}
26 Feb;19:05:45.482 [main] INFO  u.c.f.c.service.TeacherService - getById: teacher = Teacher{id=12, firstName='Mia', lastName='Brown', faculty=Faculty{id=2, facultyName='Changed faculty name'}}
26 Feb;19:05:45.482 [main] INFO  u.c.f.c.service.ClassroomService - getById: classroom = Classroom{id=13, roomName='C-3', roomType='Class', roomCapacity=30, building=Building{id=3, buildingName='C'}}
26 Feb;19:05:45.483 [main] INFO  u.c.f.c.service.CourseService - getById: course = Course{id=10, courseName='Geometry'}
26 Feb;19:05:45.483 [main] INFO  u.c.f.c.service.TeacherService - getById: teacher = Teacher{id=12, firstName='Mia', lastName='Brown', faculty=Faculty{id=2, facultyName='Changed faculty name'}}
26 Feb;19:05:45.484 [main] INFO  u.c.f.c.service.TeacherService - getById: teacher = Teacher{id=12, firstName='Mia', lastName='Brown', faculty=Faculty{id=2, facultyName='Changed faculty name'}}
26 Feb;19:05:45.484 [main] INFO  u.c.f.c.service.ClassroomService - getById: classroom = Classroom{id=15, roomName='C-5', roomType='Laboratory', roomCapacity=10, building=Building{id=3, buildingName='C'}}
26 Feb;19:05:45.485 [main] INFO  u.c.f.c.service.CourseService - getById: course = Course{id=10, courseName='Geometry'}
26 Feb;19:05:45.485 [main] INFO  u.c.f.c.service.TeacherService - getById: teacher = Teacher{id=12, firstName='Mia', lastName='Brown', faculty=Faculty{id=2, facultyName='Changed faculty name'}}
26 Feb;19:05:45.486 [main] INFO  u.c.f.c.service.TeacherService - getById: teacher = Teacher{id=12, firstName='Mia', lastName='Brown', faculty=Faculty{id=2, facultyName='Changed faculty name'}}
26 Feb;19:05:45.486 [main] INFO  u.c.f.c.service.ClassroomService - getById: classroom = Classroom{id=4, roomName='A-4', roomType='Lecture', roomCapacity=50, building=Building{id=1, buildingName='Changed name'}}
26 Feb;19:05:45.487 [main] INFO  u.c.f.c.service.CourseService - getById: course = Course{id=4, courseName='Political science'}
26 Feb;19:05:45.487 [main] INFO  u.c.f.c.service.TeacherService - getById: teacher = Teacher{id=4, firstName='Olivia', lastName='Blake', faculty=Faculty{id=3, facultyName='Faculty of Arts'}}
26 Feb;19:05:45.487 [main] INFO  u.c.f.c.service.TeacherService - getById: teacher = Teacher{id=4, firstName='Olivia', lastName='Blake', faculty=Faculty{id=3, facultyName='Faculty of Arts'}}
26 Feb;19:05:45.488 [main] INFO  u.c.f.c.service.ClassroomService - getById: classroom = Classroom{id=1, roomName='A-1', roomType='Class', roomCapacity=30, building=Building{id=1, buildingName='Changed name'}}
26 Feb;19:05:45.488 [main] INFO  u.c.f.c.service.CourseService - getById: course = Course{id=4, courseName='Political science'}
26 Feb;19:05:45.489 [main] INFO  u.c.f.c.service.TeacherService - getById: teacher = Teacher{id=4, firstName='Olivia', lastName='Blake', faculty=Faculty{id=3, facultyName='Faculty of Arts'}}
26 Feb;19:05:45.489 [main] INFO  u.c.f.c.service.TeacherService - getById: teacher = Teacher{id=4, firstName='Olivia', lastName='Blake', faculty=Faculty{id=3, facultyName='Faculty of Arts'}}
26 Feb;19:05:45.490 [main] INFO  u.c.f.c.service.ClassroomService - getById: classroom = Classroom{id=2, roomName='A-2', roomType='Class', roomCapacity=30, building=Building{id=1, buildingName='Changed name'}}
26 Feb;19:05:45.490 [main] INFO  u.c.f.c.service.CourseService - getById: course = Course{id=5, courseName='Culture'}
26 Feb;19:05:45.490 [main] INFO  u.c.f.c.service.TeacherService - getById: teacher = Teacher{id=5, firstName='Scarlett', lastName='Nimoy', faculty=Faculty{id=3, facultyName='Faculty of Arts'}}
26 Feb;19:05:45.491 [main] INFO  u.c.f.c.service.TeacherService - getById: teacher = Teacher{id=5, firstName='Scarlett', lastName='Nimoy', faculty=Faculty{id=3, facultyName='Faculty of Arts'}}
26 Feb;19:05:45.491 [main] INFO  u.c.f.c.service.ClassroomService - getById: classroom = Classroom{id=3, roomName='B-10', roomType='Laboratory', roomCapacity=10, building=Building{id=2, buildingName='E'}}
26 Feb;19:05:45.492 [main] INFO  u.c.f.c.service.CourseService - getById: course = Course{id=5, courseName='Culture'}
26 Feb;19:05:45.492 [main] INFO  u.c.f.c.service.TeacherService - getById: teacher = Teacher{id=5, firstName='Scarlett', lastName='Nimoy', faculty=Faculty{id=3, facultyName='Faculty of Arts'}}
26 Feb;19:05:45.492 [main] INFO  u.c.f.c.service.TeacherService - getById: teacher = Teacher{id=5, firstName='Scarlett', lastName='Nimoy', faculty=Faculty{id=3, facultyName='Faculty of Arts'}}
26 Feb;19:05:45.493 [main] INFO  u.c.f.c.service.ClassroomService - getById: classroom = Classroom{id=4, roomName='A-4', roomType='Lecture', roomCapacity=50, building=Building{id=1, buildingName='Changed name'}}
26 Feb;19:05:45.493 [main] INFO  u.c.f.c.service.CourseService - getById: course = Course{id=1, courseName='History'}
26 Feb;19:05:45.494 [main] INFO  u.c.f.c.service.TeacherService - getById: teacher = Teacher{id=1, firstName='Albert', lastName='Johnson', faculty=Faculty{id=3, facultyName='Faculty of Arts'}}
26 Feb;19:05:45.494 [main] INFO  u.c.f.c.service.TeacherService - getById: teacher = Teacher{id=1, firstName='Albert', lastName='Johnson', faculty=Faculty{id=3, facultyName='Faculty of Arts'}}
26 Feb;19:05:45.495 [main] INFO  u.c.f.c.service.ClassroomService - getById: classroom = Classroom{id=9, roomName='New name', roomType='Lecture', roomCapacity=50, building=Building{id=2, buildingName='E'}}
26 Feb;19:05:45.495 [main] INFO  u.c.f.c.service.CourseService - getById: course = Course{id=7, courseName='Chemistry'}
26 Feb;19:05:45.495 [main] INFO  u.c.f.c.service.TeacherService - getById: teacher = Teacher{id=8, firstName='Samuel', lastName='Travis', faculty=Faculty{id=1, facultyName='Changed faculty name'}}
26 Feb;19:05:45.496 [main] INFO  u.c.f.c.service.TeacherService - getById: teacher = Teacher{id=8, firstName='Samuel', lastName='Travis', faculty=Faculty{id=1, facultyName='Changed faculty name'}}
26 Feb;19:05:45.496 [main] INFO  u.c.f.c.service.ClassroomService - getById: classroom = Classroom{id=9, roomName='New name', roomType='Lecture', roomCapacity=50, building=Building{id=2, buildingName='E'}}
26 Feb;19:05:45.497 [main] INFO  u.c.f.c.service.CourseService - getById: course = Course{id=7, courseName='Chemistry'}
26 Feb;19:05:45.497 [main] INFO  u.c.f.c.service.TeacherService - getById: teacher = Teacher{id=8, firstName='Samuel', lastName='Travis', faculty=Faculty{id=1, facultyName='Changed faculty name'}}
26 Feb;19:05:45.497 [main] INFO  u.c.f.c.service.TeacherService - getById: teacher = Teacher{id=8, firstName='Samuel', lastName='Travis', faculty=Faculty{id=1, facultyName='Changed faculty name'}}
26 Feb;19:05:45.498 [main] INFO  u.c.f.c.service.ClassroomService - getById: classroom = Classroom{id=6, roomName='B-1', roomType='Class', roomCapacity=30, building=Building{id=2, buildingName='E'}}
26 Feb;19:05:45.498 [main] INFO  u.c.f.c.service.CourseService - getById: course = Course{id=7, courseName='Chemistry'}
26 Feb;19:05:45.499 [main] INFO  u.c.f.c.service.TeacherService - getById: teacher = Teacher{id=9, firstName='Albert', lastName='Hill', faculty=Faculty{id=1, facultyName='Changed faculty name'}}
26 Feb;19:05:45.499 [main] INFO  u.c.f.c.service.TeacherService - getById: teacher = Teacher{id=9, firstName='Albert', lastName='Hill', faculty=Faculty{id=1, facultyName='Changed faculty name'}}
26 Feb;19:05:45.500 [main] INFO  u.c.f.c.service.ClassroomService - getById: classroom = Classroom{id=7, roomName='B-2', roomType='Class', roomCapacity=30, building=Building{id=2, buildingName='E'}}
26 Feb;19:05:45.500 [main] INFO  u.c.f.c.service.CourseService - getById: course = Course{id=7, courseName='Chemistry'}
26 Feb;19:05:45.501 [main] INFO  u.c.f.c.service.TeacherService - getById: teacher = Teacher{id=9, firstName='Albert', lastName='Hill', faculty=Faculty{id=1, facultyName='Changed faculty name'}}
26 Feb;19:05:45.501 [main] INFO  u.c.f.c.service.TeacherService - getById: teacher = Teacher{id=9, firstName='Albert', lastName='Hill', faculty=Faculty{id=1, facultyName='Changed faculty name'}}
26 Feb;19:05:45.502 [main] INFO  u.c.f.c.service.ClassroomService - getById: classroom = Classroom{id=10, roomName='B-5', roomType='Laboratory', roomCapacity=10, building=Building{id=2, buildingName='E'}}
26 Feb;19:05:45.502 [main] INFO  u.c.f.c.service.CourseService - getById: course = Course{id=7, courseName='Chemistry'}
26 Feb;19:05:45.503 [main] INFO  u.c.f.c.service.TeacherService - getById: teacher = Teacher{id=9, firstName='Albert', lastName='Hill', faculty=Faculty{id=1, facultyName='Changed faculty name'}}
26 Feb;19:05:45.503 [main] INFO  u.c.f.c.service.TeacherService - getById: teacher = Teacher{id=9, firstName='Albert', lastName='Hill', faculty=Faculty{id=1, facultyName='Changed faculty name'}}
26 Feb;19:05:45.504 [main] INFO  u.c.f.c.service.ClassroomService - getById: classroom = Classroom{id=14, roomName='C-4', roomType='Lecture', roomCapacity=50, building=Building{id=3, buildingName='C'}}
26 Feb;19:05:45.504 [main] INFO  u.c.f.c.service.CourseService - getById: course = Course{id=8, courseName='Mathematics'}
26 Feb;19:05:45.504 [main] INFO  u.c.f.c.service.TeacherService - getById: teacher = Teacher{id=10, firstName='Joshua', lastName='Eve', faculty=Faculty{id=2, facultyName='Changed faculty name'}}
26 Feb;19:05:45.505 [main] INFO  u.c.f.c.service.TeacherService - getById: teacher = Teacher{id=10, firstName='Joshua', lastName='Eve', faculty=Faculty{id=2, facultyName='Changed faculty name'}}
26 Feb;19:05:45.505 [main] INFO  u.c.f.c.service.ClassroomService - getById: classroom = Classroom{id=14, roomName='C-4', roomType='Lecture', roomCapacity=50, building=Building{id=3, buildingName='C'}}
26 Feb;19:05:45.506 [main] INFO  u.c.f.c.service.CourseService - getById: course = Course{id=8, courseName='Mathematics'}
26 Feb;19:05:45.506 [main] INFO  u.c.f.c.service.TeacherService - getById: teacher = Teacher{id=10, firstName='Joshua', lastName='Eve', faculty=Faculty{id=2, facultyName='Changed faculty name'}}
26 Feb;19:05:45.506 [main] INFO  u.c.f.c.service.TeacherService - getById: teacher = Teacher{id=10, firstName='Joshua', lastName='Eve', faculty=Faculty{id=2, facultyName='Changed faculty name'}}
26 Feb;19:05:45.507 [main] INFO  u.c.f.c.service.ClassroomService - getById: classroom = Classroom{id=12, roomName='C-2', roomType='Class', roomCapacity=30, building=Building{id=3, buildingName='C'}}
26 Feb;19:05:45.507 [main] INFO  u.c.f.c.service.CourseService - getById: course = Course{id=9, courseName='Physics'}
26 Feb;19:05:45.508 [main] INFO  u.c.f.c.service.TeacherService - getById: teacher = Teacher{id=11, firstName='Sophia', lastName='Roos', faculty=Faculty{id=2, facultyName='Changed faculty name'}}
26 Feb;19:05:45.508 [main] INFO  u.c.f.c.service.TeacherService - getById: teacher = Teacher{id=11, firstName='Sophia', lastName='Roos', faculty=Faculty{id=2, facultyName='Changed faculty name'}}
26 Feb;19:05:45.509 [main] INFO  u.c.f.c.service.ClassroomService - getById: classroom = Classroom{id=12, roomName='C-2', roomType='Class', roomCapacity=30, building=Building{id=3, buildingName='C'}}
26 Feb;19:05:45.509 [main] INFO  u.c.f.c.service.CourseService - getById: course = Course{id=10, courseName='Geometry'}
26 Feb;19:05:45.509 [main] INFO  u.c.f.c.service.TeacherService - getById: teacher = Teacher{id=12, firstName='Mia', lastName='Brown', faculty=Faculty{id=2, facultyName='Changed faculty name'}}
26 Feb;19:05:45.510 [main] INFO  u.c.f.c.service.TeacherService - getById: teacher = Teacher{id=12, firstName='Mia', lastName='Brown', faculty=Faculty{id=2, facultyName='Changed faculty name'}}
26 Feb;19:05:45.510 [main] INFO  u.c.f.c.service.ClassroomService - getById: classroom = Classroom{id=15, roomName='C-5', roomType='Laboratory', roomCapacity=10, building=Building{id=3, buildingName='C'}}
26 Feb;19:05:45.511 [main] INFO  u.c.f.c.service.CourseService - getById: course = Course{id=8, courseName='Mathematics'}
26 Feb;19:05:45.511 [main] INFO  u.c.f.c.service.TeacherService - getById: teacher = Teacher{id=10, firstName='Joshua', lastName='Eve', faculty=Faculty{id=2, facultyName='Changed faculty name'}}
26 Feb;19:05:45.511 [main] INFO  u.c.f.c.service.TeacherService - getById: teacher = Teacher{id=10, firstName='Joshua', lastName='Eve', faculty=Faculty{id=2, facultyName='Changed faculty name'}}
26 Feb;19:05:45.512 [main] INFO  u.c.f.c.service.ClassroomService - getById: classroom = Classroom{id=4, roomName='A-4', roomType='Lecture', roomCapacity=50, building=Building{id=1, buildingName='Changed name'}}
26 Feb;19:05:45.512 [main] INFO  u.c.f.c.service.CourseService - getById: course = Course{id=5, courseName='Culture'}
26 Feb;19:05:45.513 [main] INFO  u.c.f.c.service.TeacherService - getById: teacher = Teacher{id=5, firstName='Scarlett', lastName='Nimoy', faculty=Faculty{id=3, facultyName='Faculty of Arts'}}
26 Feb;19:05:45.513 [main] INFO  u.c.f.c.service.TeacherService - getById: teacher = Teacher{id=5, firstName='Scarlett', lastName='Nimoy', faculty=Faculty{id=3, facultyName='Faculty of Arts'}}
26 Feb;19:05:45.514 [main] INFO  u.c.f.c.service.ClassroomService - getById: classroom = Classroom{id=1, roomName='A-1', roomType='Class', roomCapacity=30, building=Building{id=1, buildingName='Changed name'}}
26 Feb;19:05:45.514 [main] INFO  u.c.f.c.service.CourseService - getById: course = Course{id=5, courseName='Culture'}
26 Feb;19:05:45.514 [main] INFO  u.c.f.c.service.TeacherService - getById: teacher = Teacher{id=5, firstName='Scarlett', lastName='Nimoy', faculty=Faculty{id=3, facultyName='Faculty of Arts'}}
26 Feb;19:05:45.515 [main] INFO  u.c.f.c.service.TeacherService - getById: teacher = Teacher{id=5, firstName='Scarlett', lastName='Nimoy', faculty=Faculty{id=3, facultyName='Faculty of Arts'}}
26 Feb;19:05:45.515 [main] INFO  u.c.f.c.service.ClassroomService - getById: classroom = Classroom{id=2, roomName='A-2', roomType='Class', roomCapacity=30, building=Building{id=1, buildingName='Changed name'}}
26 Feb;19:05:45.515 [main] INFO  u.c.f.c.service.CourseService - getById: course = Course{id=1, courseName='History'}
26 Feb;19:05:45.516 [main] INFO  u.c.f.c.service.TeacherService - getById: teacher = Teacher{id=1, firstName='Albert', lastName='Johnson', faculty=Faculty{id=3, facultyName='Faculty of Arts'}}
26 Feb;19:05:45.516 [main] INFO  u.c.f.c.service.TeacherService - getById: teacher = Teacher{id=1, firstName='Albert', lastName='Johnson', faculty=Faculty{id=3, facultyName='Faculty of Arts'}}
26 Feb;19:05:45.517 [main] INFO  u.c.f.c.service.ClassroomService - getById: classroom = Classroom{id=3, roomName='B-10', roomType='Laboratory', roomCapacity=10, building=Building{id=2, buildingName='E'}}
26 Feb;19:05:45.517 [main] INFO  u.c.f.c.service.CourseService - getById: course = Course{id=1, courseName='History'}
26 Feb;19:05:45.517 [main] INFO  u.c.f.c.service.TeacherService - getById: teacher = Teacher{id=1, firstName='Albert', lastName='Johnson', faculty=Faculty{id=3, facultyName='Faculty of Arts'}}
26 Feb;19:05:45.518 [main] INFO  u.c.f.c.service.TeacherService - getById: teacher = Teacher{id=1, firstName='Albert', lastName='Johnson', faculty=Faculty{id=3, facultyName='Faculty of Arts'}}
26 Feb;19:05:45.518 [main] INFO  u.c.f.c.service.ClassroomService - getById: classroom = Classroom{id=4, roomName='A-4', roomType='Lecture', roomCapacity=50, building=Building{id=1, buildingName='Changed name'}}
26 Feb;19:05:45.519 [main] INFO  u.c.f.c.service.CourseService - getById: course = Course{id=2, courseName='Philosophy'}
26 Feb;19:05:45.519 [main] INFO  u.c.f.c.service.TeacherService - getById: teacher = Teacher{id=2, firstName='Stanley', lastName='Gruber', faculty=Faculty{id=3, facultyName='Faculty of Arts'}}
26 Feb;19:05:45.519 [main] INFO  u.c.f.c.service.TeacherService - getById: teacher = Teacher{id=2, firstName='Stanley', lastName='Gruber', faculty=Faculty{id=3, facultyName='Faculty of Arts'}}
26 Feb;19:05:45.520 [main] INFO  u.c.f.c.service.ClassroomService - getById: classroom = Classroom{id=9, roomName='New name', roomType='Lecture', roomCapacity=50, building=Building{id=2, buildingName='E'}}
26 Feb;19:05:45.520 [main] INFO  u.c.f.c.service.CourseService - getById: course = Course{id=6, courseName='Biology'}
26 Feb;19:05:45.521 [main] INFO  u.c.f.c.service.TeacherService - getById: teacher = Teacher{id=6, firstName='Ellie', lastName='Purh', faculty=Faculty{id=1, facultyName='Changed faculty name'}}
26 Feb;19:05:45.521 [main] INFO  u.c.f.c.service.TeacherService - getById: teacher = Teacher{id=6, firstName='Ellie', lastName='Purh', faculty=Faculty{id=1, facultyName='Changed faculty name'}}
26 Feb;19:05:45.522 [main] INFO  u.c.f.c.service.ClassroomService - getById: classroom = Classroom{id=9, roomName='New name', roomType='Lecture', roomCapacity=50, building=Building{id=2, buildingName='E'}}
26 Feb;19:05:45.522 [main] INFO  u.c.f.c.service.CourseService - getById: course = Course{id=6, courseName='Biology'}
26 Feb;19:05:45.523 [main] INFO  u.c.f.c.service.TeacherService - getById: teacher = Teacher{id=6, firstName='Ellie', lastName='Purh', faculty=Faculty{id=1, facultyName='Changed faculty name'}}
26 Feb;19:05:45.523 [main] INFO  u.c.f.c.service.TeacherService - getById: teacher = Teacher{id=6, firstName='Ellie', lastName='Purh', faculty=Faculty{id=1, facultyName='Changed faculty name'}}
26 Feb;19:05:45.524 [main] INFO  u.c.f.c.service.ClassroomService - getById: classroom = Classroom{id=6, roomName='B-1', roomType='Class', roomCapacity=30, building=Building{id=2, buildingName='E'}}
26 Feb;19:05:45.524 [main] INFO  u.c.f.c.service.CourseService - getById: course = Course{id=6, courseName='Biology'}
26 Feb;19:05:45.524 [main] INFO  u.c.f.c.service.TeacherService - getById: teacher = Teacher{id=7, firstName='Charlie', lastName='Byrne', faculty=Faculty{id=1, facultyName='Changed faculty name'}}
26 Feb;19:05:45.525 [main] INFO  u.c.f.c.service.TeacherService - getById: teacher = Teacher{id=7, firstName='Charlie', lastName='Byrne', faculty=Faculty{id=1, facultyName='Changed faculty name'}}
26 Feb;19:05:45.525 [main] INFO  u.c.f.c.service.ClassroomService - getById: classroom = Classroom{id=7, roomName='B-2', roomType='Class', roomCapacity=30, building=Building{id=2, buildingName='E'}}
26 Feb;19:05:45.526 [main] INFO  u.c.f.c.service.CourseService - getById: course = Course{id=6, courseName='Biology'}
26 Feb;19:05:45.526 [main] INFO  u.c.f.c.service.TeacherService - getById: teacher = Teacher{id=7, firstName='Charlie', lastName='Byrne', faculty=Faculty{id=1, facultyName='Changed faculty name'}}
26 Feb;19:05:45.526 [main] INFO  u.c.f.c.service.TeacherService - getById: teacher = Teacher{id=7, firstName='Charlie', lastName='Byrne', faculty=Faculty{id=1, facultyName='Changed faculty name'}}
26 Feb;19:05:45.527 [main] INFO  u.c.f.c.service.ClassroomService - getById: classroom = Classroom{id=10, roomName='B-5', roomType='Laboratory', roomCapacity=10, building=Building{id=2, buildingName='E'}}
26 Feb;19:05:45.527 [main] INFO  u.c.f.c.service.CourseService - getById: course = Course{id=6, courseName='Biology'}
26 Feb;19:05:45.528 [main] INFO  u.c.f.c.service.TeacherService - getById: teacher = Teacher{id=7, firstName='Charlie', lastName='Byrne', faculty=Faculty{id=1, facultyName='Changed faculty name'}}
26 Feb;19:05:45.528 [main] INFO  u.c.f.c.service.TeacherService - getById: teacher = Teacher{id=7, firstName='Charlie', lastName='Byrne', faculty=Faculty{id=1, facultyName='Changed faculty name'}}
26 Feb;19:05:45.528 [main] INFO  u.c.f.c.service.ClassroomService - getById: classroom = Classroom{id=14, roomName='C-4', roomType='Lecture', roomCapacity=50, building=Building{id=3, buildingName='C'}}
26 Feb;19:05:45.529 [main] INFO  u.c.f.c.service.CourseService - getById: course = Course{id=9, courseName='Physics'}
26 Feb;19:05:45.529 [main] INFO  u.c.f.c.service.TeacherService - getById: teacher = Teacher{id=11, firstName='Sophia', lastName='Roos', faculty=Faculty{id=2, facultyName='Changed faculty name'}}
26 Feb;19:05:45.530 [main] INFO  u.c.f.c.service.TeacherService - getById: teacher = Teacher{id=11, firstName='Sophia', lastName='Roos', faculty=Faculty{id=2, facultyName='Changed faculty name'}}
26 Feb;19:05:45.530 [main] INFO  u.c.f.c.service.ClassroomService - getById: classroom = Classroom{id=14, roomName='C-4', roomType='Lecture', roomCapacity=50, building=Building{id=3, buildingName='C'}}
26 Feb;19:05:45.531 [main] INFO  u.c.f.c.service.CourseService - getById: course = Course{id=10, courseName='Geometry'}
26 Feb;19:05:45.532 [main] INFO  u.c.f.c.service.TeacherService - getById: teacher = Teacher{id=12, firstName='Mia', lastName='Brown', faculty=Faculty{id=2, facultyName='Changed faculty name'}}
26 Feb;19:05:45.532 [main] INFO  u.c.f.c.service.TeacherService - getById: teacher = Teacher{id=12, firstName='Mia', lastName='Brown', faculty=Faculty{id=2, facultyName='Changed faculty name'}}
26 Feb;19:05:45.533 [main] INFO  u.c.f.c.service.ClassroomService - getById: classroom = Classroom{id=13, roomName='C-3', roomType='Class', roomCapacity=30, building=Building{id=3, buildingName='C'}}
26 Feb;19:05:45.534 [main] INFO  u.c.f.c.service.CourseService - getById: course = Course{id=8, courseName='Mathematics'}
26 Feb;19:05:45.535 [main] INFO  u.c.f.c.service.TeacherService - getById: teacher = Teacher{id=10, firstName='Joshua', lastName='Eve', faculty=Faculty{id=2, facultyName='Changed faculty name'}}
26 Feb;19:05:45.535 [main] INFO  u.c.f.c.service.TeacherService - getById: teacher = Teacher{id=10, firstName='Joshua', lastName='Eve', faculty=Faculty{id=2, facultyName='Changed faculty name'}}
26 Feb;19:05:45.536 [main] INFO  u.c.f.c.service.ClassroomService - getById: classroom = Classroom{id=15, roomName='C-5', roomType='Laboratory', roomCapacity=10, building=Building{id=3, buildingName='C'}}
26 Feb;19:05:45.536 [main] INFO  u.c.f.c.service.CourseService - getById: course = Course{id=9, courseName='Physics'}
26 Feb;19:05:45.537 [main] INFO  u.c.f.c.service.TeacherService - getById: teacher = Teacher{id=11, firstName='Sophia', lastName='Roos', faculty=Faculty{id=2, facultyName='Changed faculty name'}}
26 Feb;19:05:45.537 [main] INFO  u.c.f.c.service.TeacherService - getById: teacher = Teacher{id=11, firstName='Sophia', lastName='Roos', faculty=Faculty{id=2, facultyName='Changed faculty name'}}
26 Feb;19:05:45.538 [main] INFO  u.c.f.c.service.ClassroomService - getById: classroom = Classroom{id=15, roomName='C-5', roomType='Laboratory', roomCapacity=10, building=Building{id=3, buildingName='C'}}
26 Feb;19:05:45.538 [main] INFO  u.c.f.c.service.CourseService - getById: course = Course{id=10, courseName='Geometry'}
26 Feb;19:05:45.539 [main] INFO  u.c.f.c.service.TeacherService - getById: teacher = Teacher{id=12, firstName='Mia', lastName='Brown', faculty=Faculty{id=2, facultyName='Changed faculty name'}}
26 Feb;19:05:45.539 [main] INFO  u.c.f.c.service.TeacherService - getById: teacher = Teacher{id=12, firstName='Mia', lastName='Brown', faculty=Faculty{id=2, facultyName='Changed faculty name'}}
26 Feb;19:05:45.540 [main] INFO  u.c.f.c.service.ClassroomService - getById: classroom = Classroom{id=4, roomName='A-4', roomType='Lecture', roomCapacity=50, building=Building{id=1, buildingName='Changed name'}}
26 Feb;19:05:45.540 [main] INFO  u.c.f.c.service.CourseService - getById: course = Course{id=1, courseName='History'}
26 Feb;19:05:45.541 [main] INFO  u.c.f.c.service.TeacherService - getById: teacher = Teacher{id=1, firstName='Albert', lastName='Johnson', faculty=Faculty{id=3, facultyName='Faculty of Arts'}}
26 Feb;19:05:45.541 [main] INFO  u.c.f.c.service.TeacherService - getById: teacher = Teacher{id=1, firstName='Albert', lastName='Johnson', faculty=Faculty{id=3, facultyName='Faculty of Arts'}}
26 Feb;19:05:45.542 [main] INFO  u.c.f.c.service.ClassroomService - getById: classroom = Classroom{id=1, roomName='A-1', roomType='Class', roomCapacity=30, building=Building{id=1, buildingName='Changed name'}}
26 Feb;19:05:45.542 [main] INFO  u.c.f.c.service.CourseService - getById: course = Course{id=1, courseName='History'}
26 Feb;19:05:45.543 [main] INFO  u.c.f.c.service.TeacherService - getById: teacher = Teacher{id=1, firstName='Albert', lastName='Johnson', faculty=Faculty{id=3, facultyName='Faculty of Arts'}}
26 Feb;19:05:45.543 [main] INFO  u.c.f.c.service.TeacherService - getById: teacher = Teacher{id=1, firstName='Albert', lastName='Johnson', faculty=Faculty{id=3, facultyName='Faculty of Arts'}}
26 Feb;19:05:45.544 [main] INFO  u.c.f.c.service.ClassroomService - getById: classroom = Classroom{id=2, roomName='A-2', roomType='Class', roomCapacity=30, building=Building{id=1, buildingName='Changed name'}}
26 Feb;19:05:45.544 [main] INFO  u.c.f.c.service.CourseService - getById: course = Course{id=2, courseName='Philosophy'}
26 Feb;19:05:45.545 [main] INFO  u.c.f.c.service.TeacherService - getById: teacher = Teacher{id=2, firstName='Stanley', lastName='Gruber', faculty=Faculty{id=3, facultyName='Faculty of Arts'}}
26 Feb;19:05:45.545 [main] INFO  u.c.f.c.service.TeacherService - getById: teacher = Teacher{id=2, firstName='Stanley', lastName='Gruber', faculty=Faculty{id=3, facultyName='Faculty of Arts'}}
26 Feb;19:05:45.546 [main] INFO  u.c.f.c.service.ClassroomService - getById: classroom = Classroom{id=3, roomName='B-10', roomType='Laboratory', roomCapacity=10, building=Building{id=2, buildingName='E'}}
26 Feb;19:05:45.547 [main] INFO  u.c.f.c.service.CourseService - getById: course = Course{id=2, courseName='Philosophy'}
26 Feb;19:05:45.548 [main] INFO  u.c.f.c.service.TeacherService - getById: teacher = Teacher{id=2, firstName='Stanley', lastName='Gruber', faculty=Faculty{id=3, facultyName='Faculty of Arts'}}
26 Feb;19:05:45.548 [main] INFO  u.c.f.c.service.TeacherService - getById: teacher = Teacher{id=2, firstName='Stanley', lastName='Gruber', faculty=Faculty{id=3, facultyName='Faculty of Arts'}}
26 Feb;19:05:45.549 [main] INFO  u.c.f.c.service.ClassroomService - getById: classroom = Classroom{id=4, roomName='A-4', roomType='Lecture', roomCapacity=50, building=Building{id=1, buildingName='Changed name'}}
26 Feb;19:05:45.550 [main] INFO  u.c.f.c.service.CourseService - getById: course = Course{id=3, courseName='Another course's name'}
26 Feb;19:05:45.550 [main] INFO  u.c.f.c.service.TeacherService - getById: teacher = Teacher{id=3, firstName='Freya', lastName='Shepp', faculty=Faculty{id=3, facultyName='Faculty of Arts'}}
26 Feb;19:05:45.551 [main] INFO  u.c.f.c.service.TeacherService - getById: teacher = Teacher{id=3, firstName='Freya', lastName='Shepp', faculty=Faculty{id=3, facultyName='Faculty of Arts'}}
26 Feb;19:05:45.552 [main] INFO  u.c.f.c.service.ClassroomService - getById: classroom = Classroom{id=9, roomName='New name', roomType='Lecture', roomCapacity=50, building=Building{id=2, buildingName='E'}}
26 Feb;19:05:45.553 [main] INFO  u.c.f.c.service.CourseService - getById: course = Course{id=6, courseName='Biology'}
26 Feb;19:05:45.553 [main] INFO  u.c.f.c.service.TeacherService - getById: teacher = Teacher{id=6, firstName='Ellie', lastName='Purh', faculty=Faculty{id=1, facultyName='Changed faculty name'}}
26 Feb;19:05:45.554 [main] INFO  u.c.f.c.service.TeacherService - getById: teacher = Teacher{id=6, firstName='Ellie', lastName='Purh', faculty=Faculty{id=1, facultyName='Changed faculty name'}}
26 Feb;19:05:45.555 [main] INFO  u.c.f.c.service.ClassroomService - getById: classroom = Classroom{id=9, roomName='New name', roomType='Lecture', roomCapacity=50, building=Building{id=2, buildingName='E'}}
26 Feb;19:05:45.555 [main] INFO  u.c.f.c.service.CourseService - getById: course = Course{id=6, courseName='Biology'}
26 Feb;19:05:45.556 [main] INFO  u.c.f.c.service.TeacherService - getById: teacher = Teacher{id=6, firstName='Ellie', lastName='Purh', faculty=Faculty{id=1, facultyName='Changed faculty name'}}
26 Feb;19:05:45.556 [main] INFO  u.c.f.c.service.TeacherService - getById: teacher = Teacher{id=6, firstName='Ellie', lastName='Purh', faculty=Faculty{id=1, facultyName='Changed faculty name'}}
26 Feb;19:05:45.557 [main] INFO  u.c.f.c.service.ClassroomService - getById: classroom = Classroom{id=6, roomName='B-1', roomType='Class', roomCapacity=30, building=Building{id=2, buildingName='E'}}
26 Feb;19:05:45.558 [main] INFO  u.c.f.c.service.CourseService - getById: course = Course{id=6, courseName='Biology'}
26 Feb;19:05:45.558 [main] INFO  u.c.f.c.service.TeacherService - getById: teacher = Teacher{id=7, firstName='Charlie', lastName='Byrne', faculty=Faculty{id=1, facultyName='Changed faculty name'}}
26 Feb;19:05:45.558 [main] INFO  u.c.f.c.service.TeacherService - getById: teacher = Teacher{id=7, firstName='Charlie', lastName='Byrne', faculty=Faculty{id=1, facultyName='Changed faculty name'}}
26 Feb;19:05:45.559 [main] INFO  u.c.f.c.service.ClassroomService - getById: classroom = Classroom{id=7, roomName='B-2', roomType='Class', roomCapacity=30, building=Building{id=2, buildingName='E'}}
26 Feb;19:05:45.560 [main] INFO  u.c.f.c.service.CourseService - getById: course = Course{id=6, courseName='Biology'}
26 Feb;19:05:45.561 [main] INFO  u.c.f.c.service.TeacherService - getById: teacher = Teacher{id=7, firstName='Charlie', lastName='Byrne', faculty=Faculty{id=1, facultyName='Changed faculty name'}}
26 Feb;19:05:45.561 [main] INFO  u.c.f.c.service.TeacherService - getById: teacher = Teacher{id=7, firstName='Charlie', lastName='Byrne', faculty=Faculty{id=1, facultyName='Changed faculty name'}}
26 Feb;19:05:45.562 [main] INFO  u.c.f.c.service.ClassroomService - getById: classroom = Classroom{id=10, roomName='B-5', roomType='Laboratory', roomCapacity=10, building=Building{id=2, buildingName='E'}}
26 Feb;19:05:45.562 [main] INFO  u.c.f.c.service.CourseService - getById: course = Course{id=6, courseName='Biology'}
26 Feb;19:05:45.563 [main] INFO  u.c.f.c.service.TeacherService - getById: teacher = Teacher{id=7, firstName='Charlie', lastName='Byrne', faculty=Faculty{id=1, facultyName='Changed faculty name'}}
26 Feb;19:05:45.563 [main] INFO  u.c.f.c.service.TeacherService - getById: teacher = Teacher{id=7, firstName='Charlie', lastName='Byrne', faculty=Faculty{id=1, facultyName='Changed faculty name'}}
26 Feb;19:05:45.564 [main] INFO  u.c.f.c.service.ClassroomService - getById: classroom = Classroom{id=14, roomName='C-4', roomType='Lecture', roomCapacity=50, building=Building{id=3, buildingName='C'}}
26 Feb;19:05:45.565 [main] INFO  u.c.f.c.service.CourseService - getById: course = Course{id=8, courseName='Mathematics'}
26 Feb;19:05:45.565 [main] INFO  u.c.f.c.service.TeacherService - getById: teacher = Teacher{id=10, firstName='Joshua', lastName='Eve', faculty=Faculty{id=2, facultyName='Changed faculty name'}}
26 Feb;19:05:45.565 [main] INFO  u.c.f.c.service.TeacherService - getById: teacher = Teacher{id=10, firstName='Joshua', lastName='Eve', faculty=Faculty{id=2, facultyName='Changed faculty name'}}
26 Feb;19:05:45.566 [main] INFO  u.c.f.c.service.ClassroomService - getById: classroom = Classroom{id=14, roomName='C-4', roomType='Lecture', roomCapacity=50, building=Building{id=3, buildingName='C'}}
26 Feb;19:05:45.567 [main] INFO  u.c.f.c.service.CourseService - getById: course = Course{id=8, courseName='Mathematics'}
26 Feb;19:05:45.567 [main] INFO  u.c.f.c.service.TeacherService - getById: teacher = Teacher{id=10, firstName='Joshua', lastName='Eve', faculty=Faculty{id=2, facultyName='Changed faculty name'}}
26 Feb;19:05:45.568 [main] INFO  u.c.f.c.service.TeacherService - getById: teacher = Teacher{id=10, firstName='Joshua', lastName='Eve', faculty=Faculty{id=2, facultyName='Changed faculty name'}}
26 Feb;19:05:45.569 [main] INFO  u.c.f.c.service.ClassroomService - getById: classroom = Classroom{id=11, roomName='C-1', roomType='Class', roomCapacity=30, building=Building{id=3, buildingName='C'}}
26 Feb;19:05:45.569 [main] INFO  u.c.f.c.service.CourseService - getById: course = Course{id=8, courseName='Mathematics'}
26 Feb;19:05:45.570 [main] INFO  u.c.f.c.service.TeacherService - getById: teacher = Teacher{id=10, firstName='Joshua', lastName='Eve', faculty=Faculty{id=2, facultyName='Changed faculty name'}}
26 Feb;19:05:45.570 [main] INFO  u.c.f.c.service.TeacherService - getById: teacher = Teacher{id=10, firstName='Joshua', lastName='Eve', faculty=Faculty{id=2, facultyName='Changed faculty name'}}
26 Feb;19:05:45.571 [main] INFO  u.c.f.c.service.ClassroomService - getById: classroom = Classroom{id=13, roomName='C-3', roomType='Class', roomCapacity=30, building=Building{id=3, buildingName='C'}}
26 Feb;19:05:45.571 [main] INFO  u.c.f.c.service.CourseService - getById: course = Course{id=8, courseName='Mathematics'}
26 Feb;19:05:45.572 [main] INFO  u.c.f.c.service.TeacherService - getById: teacher = Teacher{id=10, firstName='Joshua', lastName='Eve', faculty=Faculty{id=2, facultyName='Changed faculty name'}}
26 Feb;19:05:45.572 [main] INFO  u.c.f.c.service.TeacherService - getById: teacher = Teacher{id=10, firstName='Joshua', lastName='Eve', faculty=Faculty{id=2, facultyName='Changed faculty name'}}
26 Feb;19:05:45.573 [main] INFO  u.c.f.c.service.ClassroomService - getById: classroom = Classroom{id=15, roomName='C-5', roomType='Laboratory', roomCapacity=10, building=Building{id=3, buildingName='C'}}
26 Feb;19:05:45.573 [main] INFO  u.c.f.c.service.CourseService - getById: course = Course{id=8, courseName='Mathematics'}
26 Feb;19:05:45.574 [main] INFO  u.c.f.c.service.TeacherService - getById: teacher = Teacher{id=10, firstName='Joshua', lastName='Eve', faculty=Faculty{id=2, facultyName='Changed faculty name'}}
26 Feb;19:05:45.574 [main] INFO  u.c.f.c.service.TeacherService - getById: teacher = Teacher{id=10, firstName='Joshua', lastName='Eve', faculty=Faculty{id=2, facultyName='Changed faculty name'}}
26 Feb;19:05:45.575 [main] INFO  u.c.f.c.service.ClassroomService - getById: classroom = Classroom{id=4, roomName='A-4', roomType='Lecture', roomCapacity=50, building=Building{id=1, buildingName='Changed name'}}
26 Feb;19:05:45.576 [main] INFO  u.c.f.c.service.CourseService - getById: course = Course{id=2, courseName='Philosophy'}
26 Feb;19:05:45.576 [main] INFO  u.c.f.c.service.TeacherService - getById: teacher = Teacher{id=2, firstName='Stanley', lastName='Gruber', faculty=Faculty{id=3, facultyName='Faculty of Arts'}}
26 Feb;19:05:45.576 [main] INFO  u.c.f.c.service.TeacherService - getById: teacher = Teacher{id=2, firstName='Stanley', lastName='Gruber', faculty=Faculty{id=3, facultyName='Faculty of Arts'}}
26 Feb;19:05:45.577 [main] INFO  u.c.f.c.service.ClassroomService - getById: classroom = Classroom{id=1, roomName='A-1', roomType='Class', roomCapacity=30, building=Building{id=1, buildingName='Changed name'}}
26 Feb;19:05:45.577 [main] INFO  u.c.f.c.service.CourseService - getById: course = Course{id=2, courseName='Philosophy'}
26 Feb;19:05:45.578 [main] INFO  u.c.f.c.service.TeacherService - getById: teacher = Teacher{id=2, firstName='Stanley', lastName='Gruber', faculty=Faculty{id=3, facultyName='Faculty of Arts'}}
26 Feb;19:05:45.578 [main] INFO  u.c.f.c.service.TeacherService - getById: teacher = Teacher{id=2, firstName='Stanley', lastName='Gruber', faculty=Faculty{id=3, facultyName='Faculty of Arts'}}
26 Feb;19:05:45.579 [main] INFO  u.c.f.c.service.ClassroomService - getById: classroom = Classroom{id=2, roomName='A-2', roomType='Class', roomCapacity=30, building=Building{id=1, buildingName='Changed name'}}
26 Feb;19:05:45.579 [main] INFO  u.c.f.c.service.CourseService - getById: course = Course{id=3, courseName='Another course's name'}
26 Feb;19:05:45.580 [main] INFO  u.c.f.c.service.TeacherService - getById: teacher = Teacher{id=3, firstName='Freya', lastName='Shepp', faculty=Faculty{id=3, facultyName='Faculty of Arts'}}
26 Feb;19:05:45.580 [main] INFO  u.c.f.c.service.TeacherService - getById: teacher = Teacher{id=3, firstName='Freya', lastName='Shepp', faculty=Faculty{id=3, facultyName='Faculty of Arts'}}
26 Feb;19:05:45.581 [main] INFO  u.c.f.c.service.ClassroomService - getById: classroom = Classroom{id=3, roomName='B-10', roomType='Laboratory', roomCapacity=10, building=Building{id=2, buildingName='E'}}
26 Feb;19:05:45.581 [main] INFO  u.c.f.c.service.CourseService - getById: course = Course{id=3, courseName='Another course's name'}
26 Feb;19:05:45.581 [main] INFO  u.c.f.c.service.TeacherService - getById: teacher = Teacher{id=3, firstName='Freya', lastName='Shepp', faculty=Faculty{id=3, facultyName='Faculty of Arts'}}
26 Feb;19:05:45.582 [main] INFO  u.c.f.c.service.TeacherService - getById: teacher = Teacher{id=3, firstName='Freya', lastName='Shepp', faculty=Faculty{id=3, facultyName='Faculty of Arts'}}
26 Feb;19:05:45.582 [main] INFO  u.c.f.c.service.ClassroomService - getById: classroom = Classroom{id=4, roomName='A-4', roomType='Lecture', roomCapacity=50, building=Building{id=1, buildingName='Changed name'}}
26 Feb;19:05:45.583 [main] INFO  u.c.f.c.service.CourseService - getById: course = Course{id=4, courseName='Political science'}
26 Feb;19:05:45.583 [main] INFO  u.c.f.c.service.TeacherService - getById: teacher = Teacher{id=4, firstName='Olivia', lastName='Blake', faculty=Faculty{id=3, facultyName='Faculty of Arts'}}
26 Feb;19:05:45.583 [main] INFO  u.c.f.c.service.TeacherService - getById: teacher = Teacher{id=4, firstName='Olivia', lastName='Blake', faculty=Faculty{id=3, facultyName='Faculty of Arts'}}
26 Feb;19:05:45.584 [main] INFO  u.c.f.c.service.ClassroomService - getById: classroom = Classroom{id=9, roomName='New name', roomType='Lecture', roomCapacity=50, building=Building{id=2, buildingName='E'}}
26 Feb;19:05:45.585 [main] INFO  u.c.f.c.service.CourseService - getById: course = Course{id=7, courseName='Chemistry'}
26 Feb;19:05:45.585 [main] INFO  u.c.f.c.service.TeacherService - getById: teacher = Teacher{id=8, firstName='Samuel', lastName='Travis', faculty=Faculty{id=1, facultyName='Changed faculty name'}}
26 Feb;19:05:45.585 [main] INFO  u.c.f.c.service.TeacherService - getById: teacher = Teacher{id=8, firstName='Samuel', lastName='Travis', faculty=Faculty{id=1, facultyName='Changed faculty name'}}
26 Feb;19:05:45.586 [main] INFO  u.c.f.c.service.ClassroomService - getById: classroom = Classroom{id=9, roomName='New name', roomType='Lecture', roomCapacity=50, building=Building{id=2, buildingName='E'}}
26 Feb;19:05:45.587 [main] INFO  u.c.f.c.service.CourseService - getById: course = Course{id=7, courseName='Chemistry'}
26 Feb;19:05:45.587 [main] INFO  u.c.f.c.service.TeacherService - getById: teacher = Teacher{id=8, firstName='Samuel', lastName='Travis', faculty=Faculty{id=1, facultyName='Changed faculty name'}}
26 Feb;19:05:45.587 [main] INFO  u.c.f.c.service.TeacherService - getById: teacher = Teacher{id=8, firstName='Samuel', lastName='Travis', faculty=Faculty{id=1, facultyName='Changed faculty name'}}
26 Feb;19:05:45.588 [main] INFO  u.c.f.c.service.ClassroomService - getById: classroom = Classroom{id=6, roomName='B-1', roomType='Class', roomCapacity=30, building=Building{id=2, buildingName='E'}}
26 Feb;19:05:45.588 [main] INFO  u.c.f.c.service.CourseService - getById: course = Course{id=7, courseName='Chemistry'}
26 Feb;19:05:45.589 [main] INFO  u.c.f.c.service.TeacherService - getById: teacher = Teacher{id=9, firstName='Albert', lastName='Hill', faculty=Faculty{id=1, facultyName='Changed faculty name'}}
26 Feb;19:05:45.589 [main] INFO  u.c.f.c.service.TeacherService - getById: teacher = Teacher{id=9, firstName='Albert', lastName='Hill', faculty=Faculty{id=1, facultyName='Changed faculty name'}}
26 Feb;19:05:45.590 [main] INFO  u.c.f.c.service.ClassroomService - getById: classroom = Classroom{id=7, roomName='B-2', roomType='Class', roomCapacity=30, building=Building{id=2, buildingName='E'}}
26 Feb;19:05:45.590 [main] INFO  u.c.f.c.service.CourseService - getById: course = Course{id=7, courseName='Chemistry'}
26 Feb;19:05:45.591 [main] INFO  u.c.f.c.service.TeacherService - getById: teacher = Teacher{id=9, firstName='Albert', lastName='Hill', faculty=Faculty{id=1, facultyName='Changed faculty name'}}
26 Feb;19:05:45.591 [main] INFO  u.c.f.c.service.TeacherService - getById: teacher = Teacher{id=9, firstName='Albert', lastName='Hill', faculty=Faculty{id=1, facultyName='Changed faculty name'}}
26 Feb;19:05:45.592 [main] INFO  u.c.f.c.service.ClassroomService - getById: classroom = Classroom{id=10, roomName='B-5', roomType='Laboratory', roomCapacity=10, building=Building{id=2, buildingName='E'}}
26 Feb;19:05:45.592 [main] INFO  u.c.f.c.service.CourseService - getById: course = Course{id=7, courseName='Chemistry'}
26 Feb;19:05:45.592 [main] INFO  u.c.f.c.service.TeacherService - getById: teacher = Teacher{id=9, firstName='Albert', lastName='Hill', faculty=Faculty{id=1, facultyName='Changed faculty name'}}
26 Feb;19:05:45.593 [main] INFO  u.c.f.c.service.TeacherService - getById: teacher = Teacher{id=9, firstName='Albert', lastName='Hill', faculty=Faculty{id=1, facultyName='Changed faculty name'}}
26 Feb;19:05:45.593 [main] INFO  u.c.f.c.service.ClassroomService - getById: classroom = Classroom{id=14, roomName='C-4', roomType='Lecture', roomCapacity=50, building=Building{id=3, buildingName='C'}}
26 Feb;19:05:45.594 [main] INFO  u.c.f.c.service.CourseService - getById: course = Course{id=9, courseName='Physics'}
26 Feb;19:05:45.594 [main] INFO  u.c.f.c.service.TeacherService - getById: teacher = Teacher{id=11, firstName='Sophia', lastName='Roos', faculty=Faculty{id=2, facultyName='Changed faculty name'}}
26 Feb;19:05:45.595 [main] INFO  u.c.f.c.service.TeacherService - getById: teacher = Teacher{id=11, firstName='Sophia', lastName='Roos', faculty=Faculty{id=2, facultyName='Changed faculty name'}}
26 Feb;19:05:45.596 [main] INFO  u.c.f.c.service.ClassroomService - getById: classroom = Classroom{id=14, roomName='C-4', roomType='Lecture', roomCapacity=50, building=Building{id=3, buildingName='C'}}
26 Feb;19:05:45.596 [main] INFO  u.c.f.c.service.CourseService - getById: course = Course{id=9, courseName='Physics'}
26 Feb;19:05:45.597 [main] INFO  u.c.f.c.service.TeacherService - getById: teacher = Teacher{id=11, firstName='Sophia', lastName='Roos', faculty=Faculty{id=2, facultyName='Changed faculty name'}}
26 Feb;19:05:45.597 [main] INFO  u.c.f.c.service.TeacherService - getById: teacher = Teacher{id=11, firstName='Sophia', lastName='Roos', faculty=Faculty{id=2, facultyName='Changed faculty name'}}
26 Feb;19:05:45.598 [main] INFO  u.c.f.c.service.ClassroomService - getById: classroom = Classroom{id=11, roomName='C-1', roomType='Class', roomCapacity=30, building=Building{id=3, buildingName='C'}}
26 Feb;19:05:45.599 [main] INFO  u.c.f.c.service.CourseService - getById: course = Course{id=9, courseName='Physics'}
26 Feb;19:05:45.599 [main] INFO  u.c.f.c.service.TeacherService - getById: teacher = Teacher{id=11, firstName='Sophia', lastName='Roos', faculty=Faculty{id=2, facultyName='Changed faculty name'}}
26 Feb;19:05:45.600 [main] INFO  u.c.f.c.service.TeacherService - getById: teacher = Teacher{id=11, firstName='Sophia', lastName='Roos', faculty=Faculty{id=2, facultyName='Changed faculty name'}}
26 Feb;19:05:45.600 [main] INFO  u.c.f.c.service.ClassroomService - getById: classroom = Classroom{id=13, roomName='C-3', roomType='Class', roomCapacity=30, building=Building{id=3, buildingName='C'}}
26 Feb;19:05:45.601 [main] INFO  u.c.f.c.service.CourseService - getById: course = Course{id=9, courseName='Physics'}
26 Feb;19:05:45.601 [main] INFO  u.c.f.c.service.TeacherService - getById: teacher = Teacher{id=11, firstName='Sophia', lastName='Roos', faculty=Faculty{id=2, facultyName='Changed faculty name'}}
26 Feb;19:05:45.602 [main] INFO  u.c.f.c.service.TeacherService - getById: teacher = Teacher{id=11, firstName='Sophia', lastName='Roos', faculty=Faculty{id=2, facultyName='Changed faculty name'}}
26 Feb;19:05:45.602 [main] INFO  u.c.f.c.service.ClassroomService - getById: classroom = Classroom{id=15, roomName='C-5', roomType='Laboratory', roomCapacity=10, building=Building{id=3, buildingName='C'}}
26 Feb;19:05:45.603 [main] INFO  u.c.f.c.service.CourseService - getById: course = Course{id=9, courseName='Physics'}
26 Feb;19:05:45.603 [main] INFO  u.c.f.c.service.TeacherService - getById: teacher = Teacher{id=11, firstName='Sophia', lastName='Roos', faculty=Faculty{id=2, facultyName='Changed faculty name'}}
26 Feb;19:05:45.604 [main] INFO  u.c.f.c.service.TeacherService - getById: teacher = Teacher{id=11, firstName='Sophia', lastName='Roos', faculty=Faculty{id=2, facultyName='Changed faculty name'}}
26 Feb;19:05:45.604 [main] INFO  u.c.f.c.service.ClassroomService - getById: classroom = Classroom{id=4, roomName='A-4', roomType='Lecture', roomCapacity=50, building=Building{id=1, buildingName='Changed name'}}
26 Feb;19:05:45.605 [main] INFO  u.c.f.c.service.CourseService - getById: course = Course{id=3, courseName='Another course's name'}
26 Feb;19:05:45.605 [main] INFO  u.c.f.c.service.TeacherService - getById: teacher = Teacher{id=3, firstName='Freya', lastName='Shepp', faculty=Faculty{id=3, facultyName='Faculty of Arts'}}
26 Feb;19:05:45.605 [main] INFO  u.c.f.c.service.TeacherService - getById: teacher = Teacher{id=3, firstName='Freya', lastName='Shepp', faculty=Faculty{id=3, facultyName='Faculty of Arts'}}
26 Feb;19:05:45.606 [main] INFO  u.c.f.c.service.ClassroomService - getById: classroom = Classroom{id=1, roomName='A-1', roomType='Class', roomCapacity=30, building=Building{id=1, buildingName='Changed name'}}
26 Feb;19:05:45.606 [main] INFO  u.c.f.c.service.CourseService - getById: course = Course{id=3, courseName='Another course's name'}
26 Feb;19:05:45.607 [main] INFO  u.c.f.c.service.TeacherService - getById: teacher = Teacher{id=3, firstName='Freya', lastName='Shepp', faculty=Faculty{id=3, facultyName='Faculty of Arts'}}
26 Feb;19:05:45.607 [main] INFO  u.c.f.c.service.TeacherService - getById: teacher = Teacher{id=3, firstName='Freya', lastName='Shepp', faculty=Faculty{id=3, facultyName='Faculty of Arts'}}
26 Feb;19:05:45.607 [main] INFO  u.c.f.c.service.ClassroomService - getById: classroom = Classroom{id=2, roomName='A-2', roomType='Class', roomCapacity=30, building=Building{id=1, buildingName='Changed name'}}
26 Feb;19:05:45.608 [main] INFO  u.c.f.c.service.CourseService - getById: course = Course{id=4, courseName='Political science'}
26 Feb;19:05:45.608 [main] INFO  u.c.f.c.service.TeacherService - getById: teacher = Teacher{id=4, firstName='Olivia', lastName='Blake', faculty=Faculty{id=3, facultyName='Faculty of Arts'}}
26 Feb;19:05:45.608 [main] INFO  u.c.f.c.service.TeacherService - getById: teacher = Teacher{id=4, firstName='Olivia', lastName='Blake', faculty=Faculty{id=3, facultyName='Faculty of Arts'}}
26 Feb;19:05:45.609 [main] INFO  u.c.f.c.service.ClassroomService - getById: classroom = Classroom{id=3, roomName='B-10', roomType='Laboratory', roomCapacity=10, building=Building{id=2, buildingName='E'}}
26 Feb;19:05:45.609 [main] INFO  u.c.f.c.service.CourseService - getById: course = Course{id=4, courseName='Political science'}
26 Feb;19:05:45.610 [main] INFO  u.c.f.c.service.TeacherService - getById: teacher = Teacher{id=4, firstName='Olivia', lastName='Blake', faculty=Faculty{id=3, facultyName='Faculty of Arts'}}
26 Feb;19:05:45.610 [main] INFO  u.c.f.c.service.TeacherService - getById: teacher = Teacher{id=4, firstName='Olivia', lastName='Blake', faculty=Faculty{id=3, facultyName='Faculty of Arts'}}
26 Feb;19:05:45.611 [main] INFO  u.c.f.c.service.ClassroomService - getById: classroom = Classroom{id=4, roomName='A-4', roomType='Lecture', roomCapacity=50, building=Building{id=1, buildingName='Changed name'}}
26 Feb;19:05:45.611 [main] INFO  u.c.f.c.service.CourseService - getById: course = Course{id=5, courseName='Culture'}
26 Feb;19:05:45.612 [main] INFO  u.c.f.c.service.TeacherService - getById: teacher = Teacher{id=5, firstName='Scarlett', lastName='Nimoy', faculty=Faculty{id=3, facultyName='Faculty of Arts'}}
26 Feb;19:05:45.612 [main] INFO  u.c.f.c.service.TeacherService - getById: teacher = Teacher{id=5, firstName='Scarlett', lastName='Nimoy', faculty=Faculty{id=3, facultyName='Faculty of Arts'}}
26 Feb;19:05:45.613 [main] INFO  u.c.f.c.service.ClassroomService - getById: classroom = Classroom{id=9, roomName='New name', roomType='Lecture', roomCapacity=50, building=Building{id=2, buildingName='E'}}
26 Feb;19:05:45.613 [main] INFO  u.c.f.c.service.CourseService - getById: course = Course{id=6, courseName='Biology'}
26 Feb;19:05:45.614 [main] INFO  u.c.f.c.service.TeacherService - getById: teacher = Teacher{id=6, firstName='Ellie', lastName='Purh', faculty=Faculty{id=1, facultyName='Changed faculty name'}}
26 Feb;19:05:45.614 [main] INFO  u.c.f.c.service.TeacherService - getById: teacher = Teacher{id=6, firstName='Ellie', lastName='Purh', faculty=Faculty{id=1, facultyName='Changed faculty name'}}
26 Feb;19:05:45.615 [main] INFO  u.c.f.c.service.ClassroomService - getById: classroom = Classroom{id=9, roomName='New name', roomType='Lecture', roomCapacity=50, building=Building{id=2, buildingName='E'}}
26 Feb;19:05:45.616 [main] INFO  u.c.f.c.service.CourseService - getById: course = Course{id=6, courseName='Biology'}
26 Feb;19:05:45.616 [main] INFO  u.c.f.c.service.TeacherService - getById: teacher = Teacher{id=6, firstName='Ellie', lastName='Purh', faculty=Faculty{id=1, facultyName='Changed faculty name'}}
26 Feb;19:05:45.616 [main] INFO  u.c.f.c.service.TeacherService - getById: teacher = Teacher{id=6, firstName='Ellie', lastName='Purh', faculty=Faculty{id=1, facultyName='Changed faculty name'}}
26 Feb;19:05:45.617 [main] INFO  u.c.f.c.service.ClassroomService - getById: classroom = Classroom{id=6, roomName='B-1', roomType='Class', roomCapacity=30, building=Building{id=2, buildingName='E'}}
26 Feb;19:05:45.617 [main] INFO  u.c.f.c.service.CourseService - getById: course = Course{id=6, courseName='Biology'}
26 Feb;19:05:45.618 [main] INFO  u.c.f.c.service.TeacherService - getById: teacher = Teacher{id=7, firstName='Charlie', lastName='Byrne', faculty=Faculty{id=1, facultyName='Changed faculty name'}}
26 Feb;19:05:45.618 [main] INFO  u.c.f.c.service.TeacherService - getById: teacher = Teacher{id=7, firstName='Charlie', lastName='Byrne', faculty=Faculty{id=1, facultyName='Changed faculty name'}}
26 Feb;19:05:45.619 [main] INFO  u.c.f.c.service.ClassroomService - getById: classroom = Classroom{id=7, roomName='B-2', roomType='Class', roomCapacity=30, building=Building{id=2, buildingName='E'}}
26 Feb;19:05:45.620 [main] INFO  u.c.f.c.service.CourseService - getById: course = Course{id=6, courseName='Biology'}
26 Feb;19:05:45.620 [main] INFO  u.c.f.c.service.TeacherService - getById: teacher = Teacher{id=7, firstName='Charlie', lastName='Byrne', faculty=Faculty{id=1, facultyName='Changed faculty name'}}
26 Feb;19:05:45.620 [main] INFO  u.c.f.c.service.TeacherService - getById: teacher = Teacher{id=7, firstName='Charlie', lastName='Byrne', faculty=Faculty{id=1, facultyName='Changed faculty name'}}
26 Feb;19:05:45.621 [main] INFO  u.c.f.c.service.ClassroomService - getById: classroom = Classroom{id=10, roomName='B-5', roomType='Laboratory', roomCapacity=10, building=Building{id=2, buildingName='E'}}
26 Feb;19:05:45.622 [main] INFO  u.c.f.c.service.CourseService - getById: course = Course{id=6, courseName='Biology'}
26 Feb;19:05:45.622 [main] INFO  u.c.f.c.service.TeacherService - getById: teacher = Teacher{id=7, firstName='Charlie', lastName='Byrne', faculty=Faculty{id=1, facultyName='Changed faculty name'}}
26 Feb;19:05:45.622 [main] INFO  u.c.f.c.service.TeacherService - getById: teacher = Teacher{id=7, firstName='Charlie', lastName='Byrne', faculty=Faculty{id=1, facultyName='Changed faculty name'}}
26 Feb;19:05:45.623 [main] INFO  u.c.f.c.service.ClassroomService - getById: classroom = Classroom{id=14, roomName='C-4', roomType='Lecture', roomCapacity=50, building=Building{id=3, buildingName='C'}}
26 Feb;19:05:45.623 [main] INFO  u.c.f.c.service.CourseService - getById: course = Course{id=10, courseName='Geometry'}
26 Feb;19:05:45.624 [main] INFO  u.c.f.c.service.TeacherService - getById: teacher = Teacher{id=12, firstName='Mia', lastName='Brown', faculty=Faculty{id=2, facultyName='Changed faculty name'}}
26 Feb;19:05:45.624 [main] INFO  u.c.f.c.service.TeacherService - getById: teacher = Teacher{id=12, firstName='Mia', lastName='Brown', faculty=Faculty{id=2, facultyName='Changed faculty name'}}
26 Feb;19:05:45.625 [main] INFO  u.c.f.c.service.ClassroomService - getById: classroom = Classroom{id=14, roomName='C-4', roomType='Lecture', roomCapacity=50, building=Building{id=3, buildingName='C'}}
26 Feb;19:05:45.625 [main] INFO  u.c.f.c.service.CourseService - getById: course = Course{id=10, courseName='Geometry'}
26 Feb;19:05:45.625 [main] INFO  u.c.f.c.service.TeacherService - getById: teacher = Teacher{id=12, firstName='Mia', lastName='Brown', faculty=Faculty{id=2, facultyName='Changed faculty name'}}
26 Feb;19:05:45.626 [main] INFO  u.c.f.c.service.TeacherService - getById: teacher = Teacher{id=12, firstName='Mia', lastName='Brown', faculty=Faculty{id=2, facultyName='Changed faculty name'}}
26 Feb;19:05:45.626 [main] INFO  u.c.f.c.service.ClassroomService - getById: classroom = Classroom{id=11, roomName='C-1', roomType='Class', roomCapacity=30, building=Building{id=3, buildingName='C'}}
26 Feb;19:05:45.627 [main] INFO  u.c.f.c.service.CourseService - getById: course = Course{id=10, courseName='Geometry'}
26 Feb;19:05:45.627 [main] INFO  u.c.f.c.service.TeacherService - getById: teacher = Teacher{id=12, firstName='Mia', lastName='Brown', faculty=Faculty{id=2, facultyName='Changed faculty name'}}
26 Feb;19:05:45.628 [main] INFO  u.c.f.c.service.TeacherService - getById: teacher = Teacher{id=12, firstName='Mia', lastName='Brown', faculty=Faculty{id=2, facultyName='Changed faculty name'}}
26 Feb;19:05:45.628 [main] INFO  u.c.f.c.service.ClassroomService - getById: classroom = Classroom{id=13, roomName='C-3', roomType='Class', roomCapacity=30, building=Building{id=3, buildingName='C'}}
26 Feb;19:05:45.629 [main] INFO  u.c.f.c.service.CourseService - getById: course = Course{id=10, courseName='Geometry'}
26 Feb;19:05:45.629 [main] INFO  u.c.f.c.service.TeacherService - getById: teacher = Teacher{id=12, firstName='Mia', lastName='Brown', faculty=Faculty{id=2, facultyName='Changed faculty name'}}
26 Feb;19:05:45.629 [main] INFO  u.c.f.c.service.TeacherService - getById: teacher = Teacher{id=12, firstName='Mia', lastName='Brown', faculty=Faculty{id=2, facultyName='Changed faculty name'}}
26 Feb;19:05:45.630 [main] INFO  u.c.f.c.service.ClassroomService - getById: classroom = Classroom{id=15, roomName='C-5', roomType='Laboratory', roomCapacity=10, building=Building{id=3, buildingName='C'}}
26 Feb;19:05:45.631 [main] INFO  u.c.f.c.service.CourseService - getById: course = Course{id=10, courseName='Geometry'}
26 Feb;19:05:45.631 [main] INFO  u.c.f.c.service.TeacherService - getById: teacher = Teacher{id=12, firstName='Mia', lastName='Brown', faculty=Faculty{id=2, facultyName='Changed faculty name'}}
26 Feb;19:05:45.631 [main] INFO  u.c.f.c.service.TeacherService - getById: teacher = Teacher{id=12, firstName='Mia', lastName='Brown', faculty=Faculty{id=2, facultyName='Changed faculty name'}}
26 Feb;19:05:45.632 [main] INFO  u.c.f.c.service.ClassroomService - getById: classroom = Classroom{id=4, roomName='A-4', roomType='Lecture', roomCapacity=50, building=Building{id=1, buildingName='Changed name'}}
26 Feb;19:05:45.632 [main] INFO  u.c.f.c.service.CourseService - getById: course = Course{id=4, courseName='Political science'}
26 Feb;19:05:45.633 [main] INFO  u.c.f.c.service.TeacherService - getById: teacher = Teacher{id=4, firstName='Olivia', lastName='Blake', faculty=Faculty{id=3, facultyName='Faculty of Arts'}}
26 Feb;19:05:45.633 [main] INFO  u.c.f.c.service.TeacherService - getById: teacher = Teacher{id=4, firstName='Olivia', lastName='Blake', faculty=Faculty{id=3, facultyName='Faculty of Arts'}}
26 Feb;19:05:45.633 [main] INFO  u.c.f.c.service.ClassroomService - getById: classroom = Classroom{id=1, roomName='A-1', roomType='Class', roomCapacity=30, building=Building{id=1, buildingName='Changed name'}}
26 Feb;19:05:45.634 [main] INFO  u.c.f.c.service.CourseService - getById: course = Course{id=4, courseName='Political science'}
26 Feb;19:05:45.634 [main] INFO  u.c.f.c.service.TeacherService - getById: teacher = Teacher{id=4, firstName='Olivia', lastName='Blake', faculty=Faculty{id=3, facultyName='Faculty of Arts'}}
26 Feb;19:05:45.634 [main] INFO  u.c.f.c.service.TeacherService - getById: teacher = Teacher{id=4, firstName='Olivia', lastName='Blake', faculty=Faculty{id=3, facultyName='Faculty of Arts'}}
26 Feb;19:05:45.635 [main] INFO  u.c.f.c.service.ClassroomService - getById: classroom = Classroom{id=2, roomName='A-2', roomType='Class', roomCapacity=30, building=Building{id=1, buildingName='Changed name'}}
26 Feb;19:05:45.635 [main] INFO  u.c.f.c.service.CourseService - getById: course = Course{id=5, courseName='Culture'}
26 Feb;19:05:45.636 [main] INFO  u.c.f.c.service.TeacherService - getById: teacher = Teacher{id=5, firstName='Scarlett', lastName='Nimoy', faculty=Faculty{id=3, facultyName='Faculty of Arts'}}
26 Feb;19:05:45.636 [main] INFO  u.c.f.c.service.TeacherService - getById: teacher = Teacher{id=5, firstName='Scarlett', lastName='Nimoy', faculty=Faculty{id=3, facultyName='Faculty of Arts'}}
26 Feb;19:05:45.637 [main] INFO  u.c.f.c.service.ClassroomService - getById: classroom = Classroom{id=3, roomName='B-10', roomType='Laboratory', roomCapacity=10, building=Building{id=2, buildingName='E'}}
26 Feb;19:05:45.637 [main] INFO  u.c.f.c.service.CourseService - getById: course = Course{id=5, courseName='Culture'}
26 Feb;19:05:45.637 [main] INFO  u.c.f.c.service.TeacherService - getById: teacher = Teacher{id=5, firstName='Scarlett', lastName='Nimoy', faculty=Faculty{id=3, facultyName='Faculty of Arts'}}
26 Feb;19:05:45.637 [main] INFO  u.c.f.c.service.TeacherService - getById: teacher = Teacher{id=5, firstName='Scarlett', lastName='Nimoy', faculty=Faculty{id=3, facultyName='Faculty of Arts'}}
26 Feb;19:05:45.638 [main] INFO  u.c.f.c.service.ClassroomService - getById: classroom = Classroom{id=4, roomName='A-4', roomType='Lecture', roomCapacity=50, building=Building{id=1, buildingName='Changed name'}}
26 Feb;19:05:45.638 [main] INFO  u.c.f.c.service.CourseService - getById: course = Course{id=1, courseName='History'}
26 Feb;19:05:45.639 [main] INFO  u.c.f.c.service.TeacherService - getById: teacher = Teacher{id=1, firstName='Albert', lastName='Johnson', faculty=Faculty{id=3, facultyName='Faculty of Arts'}}
26 Feb;19:05:45.639 [main] INFO  u.c.f.c.service.TeacherService - getById: teacher = Teacher{id=1, firstName='Albert', lastName='Johnson', faculty=Faculty{id=3, facultyName='Faculty of Arts'}}
26 Feb;19:05:45.639 [main] INFO  u.c.f.c.service.ClassroomService - getById: classroom = Classroom{id=9, roomName='New name', roomType='Lecture', roomCapacity=50, building=Building{id=2, buildingName='E'}}
26 Feb;19:05:45.640 [main] INFO  u.c.f.c.service.CourseService - getById: course = Course{id=7, courseName='Chemistry'}
26 Feb;19:05:45.640 [main] INFO  u.c.f.c.service.TeacherService - getById: teacher = Teacher{id=8, firstName='Samuel', lastName='Travis', faculty=Faculty{id=1, facultyName='Changed faculty name'}}
26 Feb;19:05:45.640 [main] INFO  u.c.f.c.service.TeacherService - getById: teacher = Teacher{id=8, firstName='Samuel', lastName='Travis', faculty=Faculty{id=1, facultyName='Changed faculty name'}}
26 Feb;19:05:45.641 [main] INFO  u.c.f.c.service.ClassroomService - getById: classroom = Classroom{id=9, roomName='New name', roomType='Lecture', roomCapacity=50, building=Building{id=2, buildingName='E'}}
26 Feb;19:05:45.641 [main] INFO  u.c.f.c.service.CourseService - getById: course = Course{id=7, courseName='Chemistry'}
26 Feb;19:05:45.642 [main] INFO  u.c.f.c.service.TeacherService - getById: teacher = Teacher{id=8, firstName='Samuel', lastName='Travis', faculty=Faculty{id=1, facultyName='Changed faculty name'}}
26 Feb;19:05:45.642 [main] INFO  u.c.f.c.service.TeacherService - getById: teacher = Teacher{id=8, firstName='Samuel', lastName='Travis', faculty=Faculty{id=1, facultyName='Changed faculty name'}}
26 Feb;19:05:45.642 [main] INFO  u.c.f.c.service.ClassroomService - getById: classroom = Classroom{id=6, roomName='B-1', roomType='Class', roomCapacity=30, building=Building{id=2, buildingName='E'}}
26 Feb;19:05:45.643 [main] INFO  u.c.f.c.service.CourseService - getById: course = Course{id=7, courseName='Chemistry'}
26 Feb;19:05:45.643 [main] INFO  u.c.f.c.service.TeacherService - getById: teacher = Teacher{id=9, firstName='Albert', lastName='Hill', faculty=Faculty{id=1, facultyName='Changed faculty name'}}
26 Feb;19:05:45.643 [main] INFO  u.c.f.c.service.TeacherService - getById: teacher = Teacher{id=9, firstName='Albert', lastName='Hill', faculty=Faculty{id=1, facultyName='Changed faculty name'}}
26 Feb;19:05:45.644 [main] INFO  u.c.f.c.service.ClassroomService - getById: classroom = Classroom{id=7, roomName='B-2', roomType='Class', roomCapacity=30, building=Building{id=2, buildingName='E'}}
26 Feb;19:05:45.644 [main] INFO  u.c.f.c.service.CourseService - getById: course = Course{id=7, courseName='Chemistry'}
26 Feb;19:05:45.645 [main] INFO  u.c.f.c.service.TeacherService - getById: teacher = Teacher{id=9, firstName='Albert', lastName='Hill', faculty=Faculty{id=1, facultyName='Changed faculty name'}}
26 Feb;19:05:45.645 [main] INFO  u.c.f.c.service.TeacherService - getById: teacher = Teacher{id=9, firstName='Albert', lastName='Hill', faculty=Faculty{id=1, facultyName='Changed faculty name'}}
26 Feb;19:05:45.646 [main] INFO  u.c.f.c.service.ClassroomService - getById: classroom = Classroom{id=10, roomName='B-5', roomType='Laboratory', roomCapacity=10, building=Building{id=2, buildingName='E'}}
26 Feb;19:05:45.646 [main] INFO  u.c.f.c.service.CourseService - getById: course = Course{id=7, courseName='Chemistry'}
26 Feb;19:05:45.646 [main] INFO  u.c.f.c.service.TeacherService - getById: teacher = Teacher{id=9, firstName='Albert', lastName='Hill', faculty=Faculty{id=1, facultyName='Changed faculty name'}}
26 Feb;19:05:45.646 [main] INFO  u.c.f.c.service.TeacherService - getById: teacher = Teacher{id=9, firstName='Albert', lastName='Hill', faculty=Faculty{id=1, facultyName='Changed faculty name'}}
26 Feb;19:05:45.647 [main] INFO  u.c.f.c.service.ClassroomService - getById: classroom = Classroom{id=14, roomName='C-4', roomType='Lecture', roomCapacity=50, building=Building{id=3, buildingName='C'}}
26 Feb;19:05:45.647 [main] INFO  u.c.f.c.service.CourseService - getById: course = Course{id=8, courseName='Mathematics'}
26 Feb;19:05:45.648 [main] INFO  u.c.f.c.service.TeacherService - getById: teacher = Teacher{id=10, firstName='Joshua', lastName='Eve', faculty=Faculty{id=2, facultyName='Changed faculty name'}}
26 Feb;19:05:45.648 [main] INFO  u.c.f.c.service.TeacherService - getById: teacher = Teacher{id=10, firstName='Joshua', lastName='Eve', faculty=Faculty{id=2, facultyName='Changed faculty name'}}
26 Feb;19:05:45.648 [main] INFO  u.c.f.c.service.ClassroomService - getById: classroom = Classroom{id=14, roomName='C-4', roomType='Lecture', roomCapacity=50, building=Building{id=3, buildingName='C'}}
26 Feb;19:05:45.649 [main] INFO  u.c.f.c.service.CourseService - getById: course = Course{id=8, courseName='Mathematics'}
26 Feb;19:05:45.649 [main] INFO  u.c.f.c.service.TeacherService - getById: teacher = Teacher{id=10, firstName='Joshua', lastName='Eve', faculty=Faculty{id=2, facultyName='Changed faculty name'}}
26 Feb;19:05:45.649 [main] INFO  u.c.f.c.service.TeacherService - getById: teacher = Teacher{id=10, firstName='Joshua', lastName='Eve', faculty=Faculty{id=2, facultyName='Changed faculty name'}}
26 Feb;19:05:45.650 [main] INFO  u.c.f.c.service.ClassroomService - getById: classroom = Classroom{id=12, roomName='C-2', roomType='Class', roomCapacity=30, building=Building{id=3, buildingName='C'}}
26 Feb;19:05:45.650 [main] INFO  u.c.f.c.service.CourseService - getById: course = Course{id=9, courseName='Physics'}
26 Feb;19:05:45.650 [main] INFO  u.c.f.c.service.TeacherService - getById: teacher = Teacher{id=11, firstName='Sophia', lastName='Roos', faculty=Faculty{id=2, facultyName='Changed faculty name'}}
26 Feb;19:05:45.650 [main] INFO  u.c.f.c.service.TeacherService - getById: teacher = Teacher{id=11, firstName='Sophia', lastName='Roos', faculty=Faculty{id=2, facultyName='Changed faculty name'}}
26 Feb;19:05:45.651 [main] INFO  u.c.f.c.service.ClassroomService - getById: classroom = Classroom{id=12, roomName='C-2', roomType='Class', roomCapacity=30, building=Building{id=3, buildingName='C'}}
26 Feb;19:05:45.651 [main] INFO  u.c.f.c.service.CourseService - getById: course = Course{id=10, courseName='Geometry'}
26 Feb;19:05:45.652 [main] INFO  u.c.f.c.service.TeacherService - getById: teacher = Teacher{id=12, firstName='Mia', lastName='Brown', faculty=Faculty{id=2, facultyName='Changed faculty name'}}
26 Feb;19:05:45.652 [main] INFO  u.c.f.c.service.TeacherService - getById: teacher = Teacher{id=12, firstName='Mia', lastName='Brown', faculty=Faculty{id=2, facultyName='Changed faculty name'}}
26 Feb;19:05:45.653 [main] INFO  u.c.f.c.service.ClassroomService - getById: classroom = Classroom{id=15, roomName='C-5', roomType='Laboratory', roomCapacity=10, building=Building{id=3, buildingName='C'}}
26 Feb;19:05:45.653 [main] INFO  u.c.f.c.service.CourseService - getById: course = Course{id=8, courseName='Mathematics'}
26 Feb;19:05:45.653 [main] INFO  u.c.f.c.service.TeacherService - getById: teacher = Teacher{id=10, firstName='Joshua', lastName='Eve', faculty=Faculty{id=2, facultyName='Changed faculty name'}}
26 Feb;19:05:45.653 [main] INFO  u.c.f.c.service.TeacherService - getById: teacher = Teacher{id=10, firstName='Joshua', lastName='Eve', faculty=Faculty{id=2, facultyName='Changed faculty name'}}
26 Feb;19:05:45.654 [main] INFO  u.c.f.c.service.ClassroomService - getById: classroom = Classroom{id=4, roomName='A-4', roomType='Lecture', roomCapacity=50, building=Building{id=1, buildingName='Changed name'}}
26 Feb;19:05:45.654 [main] INFO  u.c.f.c.service.CourseService - getById: course = Course{id=5, courseName='Culture'}
26 Feb;19:05:45.655 [main] INFO  u.c.f.c.service.TeacherService - getById: teacher = Teacher{id=5, firstName='Scarlett', lastName='Nimoy', faculty=Faculty{id=3, facultyName='Faculty of Arts'}}
26 Feb;19:05:45.655 [main] INFO  u.c.f.c.service.TeacherService - getById: teacher = Teacher{id=5, firstName='Scarlett', lastName='Nimoy', faculty=Faculty{id=3, facultyName='Faculty of Arts'}}
26 Feb;19:05:45.655 [main] INFO  u.c.f.c.service.ClassroomService - getById: classroom = Classroom{id=1, roomName='A-1', roomType='Class', roomCapacity=30, building=Building{id=1, buildingName='Changed name'}}
26 Feb;19:05:45.656 [main] INFO  u.c.f.c.service.CourseService - getById: course = Course{id=5, courseName='Culture'}
26 Feb;19:05:45.656 [main] INFO  u.c.f.c.service.TeacherService - getById: teacher = Teacher{id=5, firstName='Scarlett', lastName='Nimoy', faculty=Faculty{id=3, facultyName='Faculty of Arts'}}
26 Feb;19:05:45.656 [main] INFO  u.c.f.c.service.TeacherService - getById: teacher = Teacher{id=5, firstName='Scarlett', lastName='Nimoy', faculty=Faculty{id=3, facultyName='Faculty of Arts'}}
26 Feb;19:05:45.657 [main] INFO  u.c.f.c.service.ClassroomService - getById: classroom = Classroom{id=2, roomName='A-2', roomType='Class', roomCapacity=30, building=Building{id=1, buildingName='Changed name'}}
26 Feb;19:05:45.657 [main] INFO  u.c.f.c.service.CourseService - getById: course = Course{id=1, courseName='History'}
26 Feb;19:05:45.658 [main] INFO  u.c.f.c.service.TeacherService - getById: teacher = Teacher{id=1, firstName='Albert', lastName='Johnson', faculty=Faculty{id=3, facultyName='Faculty of Arts'}}
26 Feb;19:05:45.658 [main] INFO  u.c.f.c.service.TeacherService - getById: teacher = Teacher{id=1, firstName='Albert', lastName='Johnson', faculty=Faculty{id=3, facultyName='Faculty of Arts'}}
26 Feb;19:05:45.658 [main] INFO  u.c.f.c.service.ClassroomService - getById: classroom = Classroom{id=3, roomName='B-10', roomType='Laboratory', roomCapacity=10, building=Building{id=2, buildingName='E'}}
26 Feb;19:05:45.659 [main] INFO  u.c.f.c.service.CourseService - getById: course = Course{id=1, courseName='History'}
26 Feb;19:05:45.659 [main] INFO  u.c.f.c.service.TeacherService - getById: teacher = Teacher{id=1, firstName='Albert', lastName='Johnson', faculty=Faculty{id=3, facultyName='Faculty of Arts'}}
26 Feb;19:05:45.660 [main] INFO  u.c.f.c.service.TeacherService - getById: teacher = Teacher{id=1, firstName='Albert', lastName='Johnson', faculty=Faculty{id=3, facultyName='Faculty of Arts'}}
26 Feb;19:05:45.660 [main] INFO  u.c.f.c.service.ClassroomService - getById: classroom = Classroom{id=4, roomName='A-4', roomType='Lecture', roomCapacity=50, building=Building{id=1, buildingName='Changed name'}}
26 Feb;19:05:45.661 [main] INFO  u.c.f.c.service.CourseService - getById: course = Course{id=2, courseName='Philosophy'}
26 Feb;19:05:45.661 [main] INFO  u.c.f.c.service.TeacherService - getById: teacher = Teacher{id=2, firstName='Stanley', lastName='Gruber', faculty=Faculty{id=3, facultyName='Faculty of Arts'}}
26 Feb;19:05:45.661 [main] INFO  u.c.f.c.service.TeacherService - getById: teacher = Teacher{id=2, firstName='Stanley', lastName='Gruber', faculty=Faculty{id=3, facultyName='Faculty of Arts'}}
26 Feb;19:05:45.662 [main] INFO  u.c.f.c.service.ClassroomService - getById: classroom = Classroom{id=9, roomName='New name', roomType='Lecture', roomCapacity=50, building=Building{id=2, buildingName='E'}}
26 Feb;19:05:45.662 [main] INFO  u.c.f.c.service.CourseService - getById: course = Course{id=6, courseName='Biology'}
26 Feb;19:05:45.663 [main] INFO  u.c.f.c.service.TeacherService - getById: teacher = Teacher{id=6, firstName='Ellie', lastName='Purh', faculty=Faculty{id=1, facultyName='Changed faculty name'}}
26 Feb;19:05:45.663 [main] INFO  u.c.f.c.service.TeacherService - getById: teacher = Teacher{id=6, firstName='Ellie', lastName='Purh', faculty=Faculty{id=1, facultyName='Changed faculty name'}}
26 Feb;19:05:45.664 [main] INFO  u.c.f.c.service.ClassroomService - getById: classroom = Classroom{id=9, roomName='New name', roomType='Lecture', roomCapacity=50, building=Building{id=2, buildingName='E'}}
26 Feb;19:05:45.664 [main] INFO  u.c.f.c.service.CourseService - getById: course = Course{id=6, courseName='Biology'}
26 Feb;19:05:45.664 [main] INFO  u.c.f.c.service.TeacherService - getById: teacher = Teacher{id=6, firstName='Ellie', lastName='Purh', faculty=Faculty{id=1, facultyName='Changed faculty name'}}
26 Feb;19:05:45.665 [main] INFO  u.c.f.c.service.TeacherService - getById: teacher = Teacher{id=6, firstName='Ellie', lastName='Purh', faculty=Faculty{id=1, facultyName='Changed faculty name'}}
26 Feb;19:05:45.665 [main] INFO  u.c.f.c.service.ClassroomService - getById: classroom = Classroom{id=6, roomName='B-1', roomType='Class', roomCapacity=30, building=Building{id=2, buildingName='E'}}
26 Feb;19:05:45.666 [main] INFO  u.c.f.c.service.CourseService - getById: course = Course{id=6, courseName='Biology'}
26 Feb;19:05:45.666 [main] INFO  u.c.f.c.service.TeacherService - getById: teacher = Teacher{id=7, firstName='Charlie', lastName='Byrne', faculty=Faculty{id=1, facultyName='Changed faculty name'}}
26 Feb;19:05:45.666 [main] INFO  u.c.f.c.service.TeacherService - getById: teacher = Teacher{id=7, firstName='Charlie', lastName='Byrne', faculty=Faculty{id=1, facultyName='Changed faculty name'}}
26 Feb;19:05:45.667 [main] INFO  u.c.f.c.service.ClassroomService - getById: classroom = Classroom{id=7, roomName='B-2', roomType='Class', roomCapacity=30, building=Building{id=2, buildingName='E'}}
26 Feb;19:05:45.667 [main] INFO  u.c.f.c.service.CourseService - getById: course = Course{id=6, courseName='Biology'}
26 Feb;19:05:45.668 [main] INFO  u.c.f.c.service.TeacherService - getById: teacher = Teacher{id=7, firstName='Charlie', lastName='Byrne', faculty=Faculty{id=1, facultyName='Changed faculty name'}}
26 Feb;19:05:45.668 [main] INFO  u.c.f.c.service.TeacherService - getById: teacher = Teacher{id=7, firstName='Charlie', lastName='Byrne', faculty=Faculty{id=1, facultyName='Changed faculty name'}}
26 Feb;19:05:45.669 [main] INFO  u.c.f.c.service.ClassroomService - getById: classroom = Classroom{id=10, roomName='B-5', roomType='Laboratory', roomCapacity=10, building=Building{id=2, buildingName='E'}}
26 Feb;19:05:45.669 [main] INFO  u.c.f.c.service.CourseService - getById: course = Course{id=6, courseName='Biology'}
26 Feb;19:05:45.669 [main] INFO  u.c.f.c.service.TeacherService - getById: teacher = Teacher{id=7, firstName='Charlie', lastName='Byrne', faculty=Faculty{id=1, facultyName='Changed faculty name'}}
26 Feb;19:05:45.670 [main] INFO  u.c.f.c.service.TeacherService - getById: teacher = Teacher{id=7, firstName='Charlie', lastName='Byrne', faculty=Faculty{id=1, facultyName='Changed faculty name'}}
26 Feb;19:05:45.670 [main] INFO  u.c.f.c.service.ClassroomService - getById: classroom = Classroom{id=14, roomName='C-4', roomType='Lecture', roomCapacity=50, building=Building{id=3, buildingName='C'}}
26 Feb;19:05:45.671 [main] INFO  u.c.f.c.service.CourseService - getById: course = Course{id=9, courseName='Physics'}
26 Feb;19:05:45.671 [main] INFO  u.c.f.c.service.TeacherService - getById: teacher = Teacher{id=11, firstName='Sophia', lastName='Roos', faculty=Faculty{id=2, facultyName='Changed faculty name'}}
26 Feb;19:05:45.671 [main] INFO  u.c.f.c.service.TeacherService - getById: teacher = Teacher{id=11, firstName='Sophia', lastName='Roos', faculty=Faculty{id=2, facultyName='Changed faculty name'}}
26 Feb;19:05:45.672 [main] INFO  u.c.f.c.service.ClassroomService - getById: classroom = Classroom{id=14, roomName='C-4', roomType='Lecture', roomCapacity=50, building=Building{id=3, buildingName='C'}}
26 Feb;19:05:45.672 [main] INFO  u.c.f.c.service.CourseService - getById: course = Course{id=10, courseName='Geometry'}
26 Feb;19:05:45.672 [main] INFO  u.c.f.c.service.TeacherService - getById: teacher = Teacher{id=12, firstName='Mia', lastName='Brown', faculty=Faculty{id=2, facultyName='Changed faculty name'}}
26 Feb;19:05:45.673 [main] INFO  u.c.f.c.service.TeacherService - getById: teacher = Teacher{id=12, firstName='Mia', lastName='Brown', faculty=Faculty{id=2, facultyName='Changed faculty name'}}
26 Feb;19:05:45.673 [main] INFO  u.c.f.c.service.ClassroomService - getById: classroom = Classroom{id=13, roomName='C-3', roomType='Class', roomCapacity=30, building=Building{id=3, buildingName='C'}}
26 Feb;19:05:45.673 [main] INFO  u.c.f.c.service.CourseService - getById: course = Course{id=8, courseName='Mathematics'}
26 Feb;19:05:45.674 [main] INFO  u.c.f.c.service.TeacherService - getById: teacher = Teacher{id=10, firstName='Joshua', lastName='Eve', faculty=Faculty{id=2, facultyName='Changed faculty name'}}
26 Feb;19:05:45.674 [main] INFO  u.c.f.c.service.TeacherService - getById: teacher = Teacher{id=10, firstName='Joshua', lastName='Eve', faculty=Faculty{id=2, facultyName='Changed faculty name'}}
26 Feb;19:05:45.674 [main] INFO  u.c.f.c.service.ClassroomService - getById: classroom = Classroom{id=15, roomName='C-5', roomType='Laboratory', roomCapacity=10, building=Building{id=3, buildingName='C'}}
26 Feb;19:05:45.675 [main] INFO  u.c.f.c.service.CourseService - getById: course = Course{id=9, courseName='Physics'}
26 Feb;19:05:45.675 [main] INFO  u.c.f.c.service.TeacherService - getById: teacher = Teacher{id=11, firstName='Sophia', lastName='Roos', faculty=Faculty{id=2, facultyName='Changed faculty name'}}
26 Feb;19:05:45.675 [main] INFO  u.c.f.c.service.TeacherService - getById: teacher = Teacher{id=11, firstName='Sophia', lastName='Roos', faculty=Faculty{id=2, facultyName='Changed faculty name'}}
26 Feb;19:05:45.676 [main] INFO  u.c.f.c.service.ClassroomService - getById: classroom = Classroom{id=15, roomName='C-5', roomType='Laboratory', roomCapacity=10, building=Building{id=3, buildingName='C'}}
26 Feb;19:05:45.676 [main] INFO  u.c.f.c.service.CourseService - getById: course = Course{id=10, courseName='Geometry'}
26 Feb;19:05:45.676 [main] INFO  u.c.f.c.service.TeacherService - getById: teacher = Teacher{id=12, firstName='Mia', lastName='Brown', faculty=Faculty{id=2, facultyName='Changed faculty name'}}
26 Feb;19:05:45.677 [main] INFO  u.c.f.c.service.TeacherService - getById: teacher = Teacher{id=12, firstName='Mia', lastName='Brown', faculty=Faculty{id=2, facultyName='Changed faculty name'}}
26 Feb;19:05:45.677 [main] INFO  u.c.f.c.service.ClassroomService - getById: classroom = Classroom{id=4, roomName='A-4', roomType='Lecture', roomCapacity=50, building=Building{id=1, buildingName='Changed name'}}
26 Feb;19:05:45.677 [main] INFO  u.c.f.c.service.CourseService - getById: course = Course{id=1, courseName='History'}
26 Feb;19:05:45.678 [main] INFO  u.c.f.c.service.TeacherService - getById: teacher = Teacher{id=1, firstName='Albert', lastName='Johnson', faculty=Faculty{id=3, facultyName='Faculty of Arts'}}
26 Feb;19:05:45.678 [main] INFO  u.c.f.c.service.TeacherService - getById: teacher = Teacher{id=1, firstName='Albert', lastName='Johnson', faculty=Faculty{id=3, facultyName='Faculty of Arts'}}
26 Feb;19:05:45.679 [main] INFO  u.c.f.c.service.ClassroomService - getById: classroom = Classroom{id=1, roomName='A-1', roomType='Class', roomCapacity=30, building=Building{id=1, buildingName='Changed name'}}
26 Feb;19:05:45.679 [main] INFO  u.c.f.c.service.CourseService - getById: course = Course{id=1, courseName='History'}
26 Feb;19:05:45.679 [main] INFO  u.c.f.c.service.TeacherService - getById: teacher = Teacher{id=1, firstName='Albert', lastName='Johnson', faculty=Faculty{id=3, facultyName='Faculty of Arts'}}
26 Feb;19:05:45.679 [main] INFO  u.c.f.c.service.TeacherService - getById: teacher = Teacher{id=1, firstName='Albert', lastName='Johnson', faculty=Faculty{id=3, facultyName='Faculty of Arts'}}
26 Feb;19:05:45.680 [main] INFO  u.c.f.c.service.ClassroomService - getById: classroom = Classroom{id=2, roomName='A-2', roomType='Class', roomCapacity=30, building=Building{id=1, buildingName='Changed name'}}
26 Feb;19:05:45.680 [main] INFO  u.c.f.c.service.CourseService - getById: course = Course{id=2, courseName='Philosophy'}
26 Feb;19:05:45.681 [main] INFO  u.c.f.c.service.TeacherService - getById: teacher = Teacher{id=2, firstName='Stanley', lastName='Gruber', faculty=Faculty{id=3, facultyName='Faculty of Arts'}}
26 Feb;19:05:45.681 [main] INFO  u.c.f.c.service.TeacherService - getById: teacher = Teacher{id=2, firstName='Stanley', lastName='Gruber', faculty=Faculty{id=3, facultyName='Faculty of Arts'}}
26 Feb;19:05:45.681 [main] INFO  u.c.f.c.service.ClassroomService - getById: classroom = Classroom{id=3, roomName='B-10', roomType='Laboratory', roomCapacity=10, building=Building{id=2, buildingName='E'}}
26 Feb;19:05:45.682 [main] INFO  u.c.f.c.service.CourseService - getById: course = Course{id=2, courseName='Philosophy'}
26 Feb;19:05:45.682 [main] INFO  u.c.f.c.service.TeacherService - getById: teacher = Teacher{id=2, firstName='Stanley', lastName='Gruber', faculty=Faculty{id=3, facultyName='Faculty of Arts'}}
26 Feb;19:05:45.682 [main] INFO  u.c.f.c.service.TeacherService - getById: teacher = Teacher{id=2, firstName='Stanley', lastName='Gruber', faculty=Faculty{id=3, facultyName='Faculty of Arts'}}
26 Feb;19:05:45.683 [main] INFO  u.c.f.c.service.ClassroomService - getById: classroom = Classroom{id=4, roomName='A-4', roomType='Lecture', roomCapacity=50, building=Building{id=1, buildingName='Changed name'}}
26 Feb;19:05:45.683 [main] INFO  u.c.f.c.service.CourseService - getById: course = Course{id=3, courseName='Another course's name'}
26 Feb;19:05:45.683 [main] INFO  u.c.f.c.service.TeacherService - getById: teacher = Teacher{id=3, firstName='Freya', lastName='Shepp', faculty=Faculty{id=3, facultyName='Faculty of Arts'}}
26 Feb;19:05:45.684 [main] INFO  u.c.f.c.service.TeacherService - getById: teacher = Teacher{id=3, firstName='Freya', lastName='Shepp', faculty=Faculty{id=3, facultyName='Faculty of Arts'}}
26 Feb;19:05:45.684 [main] INFO  u.c.f.c.service.ClassroomService - getById: classroom = Classroom{id=9, roomName='New name', roomType='Lecture', roomCapacity=50, building=Building{id=2, buildingName='E'}}
26 Feb;19:05:45.685 [main] INFO  u.c.f.c.service.CourseService - getById: course = Course{id=6, courseName='Biology'}
26 Feb;19:05:45.685 [main] INFO  u.c.f.c.service.TeacherService - getById: teacher = Teacher{id=6, firstName='Ellie', lastName='Purh', faculty=Faculty{id=1, facultyName='Changed faculty name'}}
26 Feb;19:05:45.685 [main] INFO  u.c.f.c.service.TeacherService - getById: teacher = Teacher{id=6, firstName='Ellie', lastName='Purh', faculty=Faculty{id=1, facultyName='Changed faculty name'}}
26 Feb;19:05:45.686 [main] INFO  u.c.f.c.service.ClassroomService - getById: classroom = Classroom{id=9, roomName='New name', roomType='Lecture', roomCapacity=50, building=Building{id=2, buildingName='E'}}
26 Feb;19:05:45.686 [main] INFO  u.c.f.c.service.CourseService - getById: course = Course{id=6, courseName='Biology'}
26 Feb;19:05:45.686 [main] INFO  u.c.f.c.service.TeacherService - getById: teacher = Teacher{id=6, firstName='Ellie', lastName='Purh', faculty=Faculty{id=1, facultyName='Changed faculty name'}}
26 Feb;19:05:45.687 [main] INFO  u.c.f.c.service.TeacherService - getById: teacher = Teacher{id=6, firstName='Ellie', lastName='Purh', faculty=Faculty{id=1, facultyName='Changed faculty name'}}
26 Feb;19:05:45.687 [main] INFO  u.c.f.c.service.ClassroomService - getById: classroom = Classroom{id=6, roomName='B-1', roomType='Class', roomCapacity=30, building=Building{id=2, buildingName='E'}}
26 Feb;19:05:45.687 [main] INFO  u.c.f.c.service.CourseService - getById: course = Course{id=6, courseName='Biology'}
26 Feb;19:05:45.688 [main] INFO  u.c.f.c.service.TeacherService - getById: teacher = Teacher{id=7, firstName='Charlie', lastName='Byrne', faculty=Faculty{id=1, facultyName='Changed faculty name'}}
26 Feb;19:05:45.688 [main] INFO  u.c.f.c.service.TeacherService - getById: teacher = Teacher{id=7, firstName='Charlie', lastName='Byrne', faculty=Faculty{id=1, facultyName='Changed faculty name'}}
26 Feb;19:05:45.689 [main] INFO  u.c.f.c.service.ClassroomService - getById: classroom = Classroom{id=7, roomName='B-2', roomType='Class', roomCapacity=30, building=Building{id=2, buildingName='E'}}
26 Feb;19:05:45.689 [main] INFO  u.c.f.c.service.CourseService - getById: course = Course{id=6, courseName='Biology'}
26 Feb;19:05:45.689 [main] INFO  u.c.f.c.service.TeacherService - getById: teacher = Teacher{id=7, firstName='Charlie', lastName='Byrne', faculty=Faculty{id=1, facultyName='Changed faculty name'}}
26 Feb;19:05:45.689 [main] INFO  u.c.f.c.service.TeacherService - getById: teacher = Teacher{id=7, firstName='Charlie', lastName='Byrne', faculty=Faculty{id=1, facultyName='Changed faculty name'}}
26 Feb;19:05:45.690 [main] INFO  u.c.f.c.service.ClassroomService - getById: classroom = Classroom{id=10, roomName='B-5', roomType='Laboratory', roomCapacity=10, building=Building{id=2, buildingName='E'}}
26 Feb;19:05:45.690 [main] INFO  u.c.f.c.service.CourseService - getById: course = Course{id=6, courseName='Biology'}
26 Feb;19:05:45.690 [main] INFO  u.c.f.c.service.TeacherService - getById: teacher = Teacher{id=7, firstName='Charlie', lastName='Byrne', faculty=Faculty{id=1, facultyName='Changed faculty name'}}
26 Feb;19:05:45.691 [main] INFO  u.c.f.c.service.TeacherService - getById: teacher = Teacher{id=7, firstName='Charlie', lastName='Byrne', faculty=Faculty{id=1, facultyName='Changed faculty name'}}
26 Feb;19:05:45.691 [main] INFO  u.c.f.c.service.ClassroomService - getById: classroom = Classroom{id=14, roomName='C-4', roomType='Lecture', roomCapacity=50, building=Building{id=3, buildingName='C'}}
26 Feb;19:05:45.692 [main] INFO  u.c.f.c.service.CourseService - getById: course = Course{id=8, courseName='Mathematics'}
26 Feb;19:05:45.692 [main] INFO  u.c.f.c.service.TeacherService - getById: teacher = Teacher{id=10, firstName='Joshua', lastName='Eve', faculty=Faculty{id=2, facultyName='Changed faculty name'}}
26 Feb;19:05:45.692 [main] INFO  u.c.f.c.service.TeacherService - getById: teacher = Teacher{id=10, firstName='Joshua', lastName='Eve', faculty=Faculty{id=2, facultyName='Changed faculty name'}}
26 Feb;19:05:45.693 [main] INFO  u.c.f.c.service.ClassroomService - getById: classroom = Classroom{id=14, roomName='C-4', roomType='Lecture', roomCapacity=50, building=Building{id=3, buildingName='C'}}
26 Feb;19:05:45.693 [main] INFO  u.c.f.c.service.CourseService - getById: course = Course{id=8, courseName='Mathematics'}
26 Feb;19:05:45.693 [main] INFO  u.c.f.c.service.TeacherService - getById: teacher = Teacher{id=10, firstName='Joshua', lastName='Eve', faculty=Faculty{id=2, facultyName='Changed faculty name'}}
26 Feb;19:05:45.694 [main] INFO  u.c.f.c.service.TeacherService - getById: teacher = Teacher{id=10, firstName='Joshua', lastName='Eve', faculty=Faculty{id=2, facultyName='Changed faculty name'}}
26 Feb;19:05:45.694 [main] INFO  u.c.f.c.service.ClassroomService - getById: classroom = Classroom{id=11, roomName='C-1', roomType='Class', roomCapacity=30, building=Building{id=3, buildingName='C'}}
26 Feb;19:05:45.695 [main] INFO  u.c.f.c.service.CourseService - getById: course = Course{id=8, courseName='Mathematics'}
26 Feb;19:05:45.695 [main] INFO  u.c.f.c.service.TeacherService - getById: teacher = Teacher{id=10, firstName='Joshua', lastName='Eve', faculty=Faculty{id=2, facultyName='Changed faculty name'}}
26 Feb;19:05:45.695 [main] INFO  u.c.f.c.service.TeacherService - getById: teacher = Teacher{id=10, firstName='Joshua', lastName='Eve', faculty=Faculty{id=2, facultyName='Changed faculty name'}}
26 Feb;19:05:45.696 [main] INFO  u.c.f.c.service.ClassroomService - getById: classroom = Classroom{id=13, roomName='C-3', roomType='Class', roomCapacity=30, building=Building{id=3, buildingName='C'}}
26 Feb;19:05:45.696 [main] INFO  u.c.f.c.service.CourseService - getById: course = Course{id=8, courseName='Mathematics'}
26 Feb;19:05:45.696 [main] INFO  u.c.f.c.service.TeacherService - getById: teacher = Teacher{id=10, firstName='Joshua', lastName='Eve', faculty=Faculty{id=2, facultyName='Changed faculty name'}}
26 Feb;19:05:45.697 [main] INFO  u.c.f.c.service.TeacherService - getById: teacher = Teacher{id=10, firstName='Joshua', lastName='Eve', faculty=Faculty{id=2, facultyName='Changed faculty name'}}
26 Feb;19:05:45.697 [main] INFO  u.c.f.c.service.ClassroomService - getById: classroom = Classroom{id=15, roomName='C-5', roomType='Laboratory', roomCapacity=10, building=Building{id=3, buildingName='C'}}
26 Feb;19:05:45.697 [main] INFO  u.c.f.c.service.CourseService - getById: course = Course{id=8, courseName='Mathematics'}
26 Feb;19:05:45.698 [main] INFO  u.c.f.c.service.TeacherService - getById: teacher = Teacher{id=10, firstName='Joshua', lastName='Eve', faculty=Faculty{id=2, facultyName='Changed faculty name'}}
26 Feb;19:05:45.698 [main] INFO  u.c.f.c.service.TeacherService - getById: teacher = Teacher{id=10, firstName='Joshua', lastName='Eve', faculty=Faculty{id=2, facultyName='Changed faculty name'}}
26 Feb;19:05:45.698 [main] INFO  u.c.f.c.service.ClassroomService - getById: classroom = Classroom{id=4, roomName='A-4', roomType='Lecture', roomCapacity=50, building=Building{id=1, buildingName='Changed name'}}
26 Feb;19:05:45.699 [main] INFO  u.c.f.c.service.CourseService - getById: course = Course{id=2, courseName='Philosophy'}
26 Feb;19:05:45.699 [main] INFO  u.c.f.c.service.TeacherService - getById: teacher = Teacher{id=2, firstName='Stanley', lastName='Gruber', faculty=Faculty{id=3, facultyName='Faculty of Arts'}}
26 Feb;19:05:45.699 [main] INFO  u.c.f.c.service.TeacherService - getById: teacher = Teacher{id=2, firstName='Stanley', lastName='Gruber', faculty=Faculty{id=3, facultyName='Faculty of Arts'}}
26 Feb;19:05:45.700 [main] INFO  u.c.f.c.service.ClassroomService - getById: classroom = Classroom{id=1, roomName='A-1', roomType='Class', roomCapacity=30, building=Building{id=1, buildingName='Changed name'}}
26 Feb;19:05:45.700 [main] INFO  u.c.f.c.service.CourseService - getById: course = Course{id=2, courseName='Philosophy'}
26 Feb;19:05:45.700 [main] INFO  u.c.f.c.service.TeacherService - getById: teacher = Teacher{id=2, firstName='Stanley', lastName='Gruber', faculty=Faculty{id=3, facultyName='Faculty of Arts'}}
26 Feb;19:05:45.701 [main] INFO  u.c.f.c.service.TeacherService - getById: teacher = Teacher{id=2, firstName='Stanley', lastName='Gruber', faculty=Faculty{id=3, facultyName='Faculty of Arts'}}
26 Feb;19:05:45.701 [main] INFO  u.c.f.c.service.ClassroomService - getById: classroom = Classroom{id=2, roomName='A-2', roomType='Class', roomCapacity=30, building=Building{id=1, buildingName='Changed name'}}
26 Feb;19:05:45.701 [main] INFO  u.c.f.c.service.CourseService - getById: course = Course{id=3, courseName='Another course's name'}
26 Feb;19:05:45.702 [main] INFO  u.c.f.c.service.TeacherService - getById: teacher = Teacher{id=3, firstName='Freya', lastName='Shepp', faculty=Faculty{id=3, facultyName='Faculty of Arts'}}
26 Feb;19:05:45.702 [main] INFO  u.c.f.c.service.TeacherService - getById: teacher = Teacher{id=3, firstName='Freya', lastName='Shepp', faculty=Faculty{id=3, facultyName='Faculty of Arts'}}
26 Feb;19:05:45.702 [main] INFO  u.c.f.c.service.ClassroomService - getById: classroom = Classroom{id=3, roomName='B-10', roomType='Laboratory', roomCapacity=10, building=Building{id=2, buildingName='E'}}
26 Feb;19:05:45.703 [main] INFO  u.c.f.c.service.CourseService - getById: course = Course{id=3, courseName='Another course's name'}
26 Feb;19:05:45.703 [main] INFO  u.c.f.c.service.TeacherService - getById: teacher = Teacher{id=3, firstName='Freya', lastName='Shepp', faculty=Faculty{id=3, facultyName='Faculty of Arts'}}
26 Feb;19:05:45.703 [main] INFO  u.c.f.c.service.TeacherService - getById: teacher = Teacher{id=3, firstName='Freya', lastName='Shepp', faculty=Faculty{id=3, facultyName='Faculty of Arts'}}
26 Feb;19:05:45.704 [main] INFO  u.c.f.c.service.ClassroomService - getById: classroom = Classroom{id=4, roomName='A-4', roomType='Lecture', roomCapacity=50, building=Building{id=1, buildingName='Changed name'}}
26 Feb;19:05:45.704 [main] INFO  u.c.f.c.service.CourseService - getById: course = Course{id=4, courseName='Political science'}
26 Feb;19:05:45.704 [main] INFO  u.c.f.c.service.TeacherService - getById: teacher = Teacher{id=4, firstName='Olivia', lastName='Blake', faculty=Faculty{id=3, facultyName='Faculty of Arts'}}
26 Feb;19:05:45.705 [main] INFO  u.c.f.c.service.TeacherService - getById: teacher = Teacher{id=4, firstName='Olivia', lastName='Blake', faculty=Faculty{id=3, facultyName='Faculty of Arts'}}
26 Feb;19:05:45.705 [main] INFO  u.c.f.c.service.ClassroomService - getById: classroom = Classroom{id=9, roomName='New name', roomType='Lecture', roomCapacity=50, building=Building{id=2, buildingName='E'}}
26 Feb;19:05:45.705 [main] INFO  u.c.f.c.service.CourseService - getById: course = Course{id=7, courseName='Chemistry'}
26 Feb;19:05:45.706 [main] INFO  u.c.f.c.service.TeacherService - getById: teacher = Teacher{id=8, firstName='Samuel', lastName='Travis', faculty=Faculty{id=1, facultyName='Changed faculty name'}}
26 Feb;19:05:45.706 [main] INFO  u.c.f.c.service.TeacherService - getById: teacher = Teacher{id=8, firstName='Samuel', lastName='Travis', faculty=Faculty{id=1, facultyName='Changed faculty name'}}
26 Feb;19:05:45.706 [main] INFO  u.c.f.c.service.ClassroomService - getById: classroom = Classroom{id=9, roomName='New name', roomType='Lecture', roomCapacity=50, building=Building{id=2, buildingName='E'}}
26 Feb;19:05:45.707 [main] INFO  u.c.f.c.service.CourseService - getById: course = Course{id=7, courseName='Chemistry'}
26 Feb;19:05:45.707 [main] INFO  u.c.f.c.service.TeacherService - getById: teacher = Teacher{id=8, firstName='Samuel', lastName='Travis', faculty=Faculty{id=1, facultyName='Changed faculty name'}}
26 Feb;19:05:45.707 [main] INFO  u.c.f.c.service.TeacherService - getById: teacher = Teacher{id=8, firstName='Samuel', lastName='Travis', faculty=Faculty{id=1, facultyName='Changed faculty name'}}
26 Feb;19:05:45.708 [main] INFO  u.c.f.c.service.ClassroomService - getById: classroom = Classroom{id=6, roomName='B-1', roomType='Class', roomCapacity=30, building=Building{id=2, buildingName='E'}}
26 Feb;19:05:45.708 [main] INFO  u.c.f.c.service.CourseService - getById: course = Course{id=7, courseName='Chemistry'}
26 Feb;19:05:45.709 [main] INFO  u.c.f.c.service.TeacherService - getById: teacher = Teacher{id=9, firstName='Albert', lastName='Hill', faculty=Faculty{id=1, facultyName='Changed faculty name'}}
26 Feb;19:05:45.709 [main] INFO  u.c.f.c.service.TeacherService - getById: teacher = Teacher{id=9, firstName='Albert', lastName='Hill', faculty=Faculty{id=1, facultyName='Changed faculty name'}}
26 Feb;19:05:45.710 [main] INFO  u.c.f.c.service.ClassroomService - getById: classroom = Classroom{id=7, roomName='B-2', roomType='Class', roomCapacity=30, building=Building{id=2, buildingName='E'}}
26 Feb;19:05:45.710 [main] INFO  u.c.f.c.service.CourseService - getById: course = Course{id=7, courseName='Chemistry'}
26 Feb;19:05:45.710 [main] INFO  u.c.f.c.service.TeacherService - getById: teacher = Teacher{id=9, firstName='Albert', lastName='Hill', faculty=Faculty{id=1, facultyName='Changed faculty name'}}
26 Feb;19:05:45.710 [main] INFO  u.c.f.c.service.TeacherService - getById: teacher = Teacher{id=9, firstName='Albert', lastName='Hill', faculty=Faculty{id=1, facultyName='Changed faculty name'}}
26 Feb;19:05:45.711 [main] INFO  u.c.f.c.service.ClassroomService - getById: classroom = Classroom{id=10, roomName='B-5', roomType='Laboratory', roomCapacity=10, building=Building{id=2, buildingName='E'}}
26 Feb;19:05:45.711 [main] INFO  u.c.f.c.service.CourseService - getById: course = Course{id=7, courseName='Chemistry'}
26 Feb;19:05:45.712 [main] INFO  u.c.f.c.service.TeacherService - getById: teacher = Teacher{id=9, firstName='Albert', lastName='Hill', faculty=Faculty{id=1, facultyName='Changed faculty name'}}
26 Feb;19:05:45.712 [main] INFO  u.c.f.c.service.TeacherService - getById: teacher = Teacher{id=9, firstName='Albert', lastName='Hill', faculty=Faculty{id=1, facultyName='Changed faculty name'}}
26 Feb;19:05:45.712 [main] INFO  u.c.f.c.service.ClassroomService - getById: classroom = Classroom{id=14, roomName='C-4', roomType='Lecture', roomCapacity=50, building=Building{id=3, buildingName='C'}}
26 Feb;19:05:45.713 [main] INFO  u.c.f.c.service.CourseService - getById: course = Course{id=9, courseName='Physics'}
26 Feb;19:05:45.713 [main] INFO  u.c.f.c.service.TeacherService - getById: teacher = Teacher{id=11, firstName='Sophia', lastName='Roos', faculty=Faculty{id=2, facultyName='Changed faculty name'}}
26 Feb;19:05:45.713 [main] INFO  u.c.f.c.service.TeacherService - getById: teacher = Teacher{id=11, firstName='Sophia', lastName='Roos', faculty=Faculty{id=2, facultyName='Changed faculty name'}}
26 Feb;19:05:45.714 [main] INFO  u.c.f.c.service.ClassroomService - getById: classroom = Classroom{id=14, roomName='C-4', roomType='Lecture', roomCapacity=50, building=Building{id=3, buildingName='C'}}
26 Feb;19:05:45.714 [main] INFO  u.c.f.c.service.CourseService - getById: course = Course{id=9, courseName='Physics'}
26 Feb;19:05:45.714 [main] INFO  u.c.f.c.service.TeacherService - getById: teacher = Teacher{id=11, firstName='Sophia', lastName='Roos', faculty=Faculty{id=2, facultyName='Changed faculty name'}}
26 Feb;19:05:45.715 [main] INFO  u.c.f.c.service.TeacherService - getById: teacher = Teacher{id=11, firstName='Sophia', lastName='Roos', faculty=Faculty{id=2, facultyName='Changed faculty name'}}
26 Feb;19:05:45.715 [main] INFO  u.c.f.c.service.ClassroomService - getById: classroom = Classroom{id=11, roomName='C-1', roomType='Class', roomCapacity=30, building=Building{id=3, buildingName='C'}}
26 Feb;19:05:45.715 [main] INFO  u.c.f.c.service.CourseService - getById: course = Course{id=9, courseName='Physics'}
26 Feb;19:05:45.716 [main] INFO  u.c.f.c.service.TeacherService - getById: teacher = Teacher{id=11, firstName='Sophia', lastName='Roos', faculty=Faculty{id=2, facultyName='Changed faculty name'}}
26 Feb;19:05:45.716 [main] INFO  u.c.f.c.service.TeacherService - getById: teacher = Teacher{id=11, firstName='Sophia', lastName='Roos', faculty=Faculty{id=2, facultyName='Changed faculty name'}}
26 Feb;19:05:45.717 [main] INFO  u.c.f.c.service.ClassroomService - getById: classroom = Classroom{id=13, roomName='C-3', roomType='Class', roomCapacity=30, building=Building{id=3, buildingName='C'}}
26 Feb;19:05:45.717 [main] INFO  u.c.f.c.service.CourseService - getById: course = Course{id=9, courseName='Physics'}
26 Feb;19:05:45.717 [main] INFO  u.c.f.c.service.TeacherService - getById: teacher = Teacher{id=11, firstName='Sophia', lastName='Roos', faculty=Faculty{id=2, facultyName='Changed faculty name'}}
26 Feb;19:05:45.717 [main] INFO  u.c.f.c.service.TeacherService - getById: teacher = Teacher{id=11, firstName='Sophia', lastName='Roos', faculty=Faculty{id=2, facultyName='Changed faculty name'}}
26 Feb;19:05:45.718 [main] INFO  u.c.f.c.service.ClassroomService - getById: classroom = Classroom{id=15, roomName='C-5', roomType='Laboratory', roomCapacity=10, building=Building{id=3, buildingName='C'}}
26 Feb;19:05:45.718 [main] INFO  u.c.f.c.service.CourseService - getById: course = Course{id=9, courseName='Physics'}
26 Feb;19:05:45.718 [main] INFO  u.c.f.c.service.TeacherService - getById: teacher = Teacher{id=11, firstName='Sophia', lastName='Roos', faculty=Faculty{id=2, facultyName='Changed faculty name'}}
26 Feb;19:05:45.719 [main] INFO  u.c.f.c.service.TeacherService - getById: teacher = Teacher{id=11, firstName='Sophia', lastName='Roos', faculty=Faculty{id=2, facultyName='Changed faculty name'}}
26 Feb;19:05:45.719 [main] INFO  u.c.f.c.service.ClassroomService - getById: classroom = Classroom{id=4, roomName='A-4', roomType='Lecture', roomCapacity=50, building=Building{id=1, buildingName='Changed name'}}
26 Feb;19:05:45.719 [main] INFO  u.c.f.c.service.CourseService - getById: course = Course{id=3, courseName='Another course's name'}
26 Feb;19:05:45.720 [main] INFO  u.c.f.c.service.TeacherService - getById: teacher = Teacher{id=3, firstName='Freya', lastName='Shepp', faculty=Faculty{id=3, facultyName='Faculty of Arts'}}
26 Feb;19:05:45.720 [main] INFO  u.c.f.c.service.TeacherService - getById: teacher = Teacher{id=3, firstName='Freya', lastName='Shepp', faculty=Faculty{id=3, facultyName='Faculty of Arts'}}
26 Feb;19:05:45.720 [main] INFO  u.c.f.c.service.ClassroomService - getById: classroom = Classroom{id=1, roomName='A-1', roomType='Class', roomCapacity=30, building=Building{id=1, buildingName='Changed name'}}
26 Feb;19:05:45.721 [main] INFO  u.c.f.c.service.CourseService - getById: course = Course{id=3, courseName='Another course's name'}
26 Feb;19:05:45.721 [main] INFO  u.c.f.c.service.TeacherService - getById: teacher = Teacher{id=3, firstName='Freya', lastName='Shepp', faculty=Faculty{id=3, facultyName='Faculty of Arts'}}
26 Feb;19:05:45.721 [main] INFO  u.c.f.c.service.TeacherService - getById: teacher = Teacher{id=3, firstName='Freya', lastName='Shepp', faculty=Faculty{id=3, facultyName='Faculty of Arts'}}
26 Feb;19:05:45.722 [main] INFO  u.c.f.c.service.ClassroomService - getById: classroom = Classroom{id=2, roomName='A-2', roomType='Class', roomCapacity=30, building=Building{id=1, buildingName='Changed name'}}
26 Feb;19:05:45.722 [main] INFO  u.c.f.c.service.CourseService - getById: course = Course{id=4, courseName='Political science'}
26 Feb;19:05:45.722 [main] INFO  u.c.f.c.service.TeacherService - getById: teacher = Teacher{id=4, firstName='Olivia', lastName='Blake', faculty=Faculty{id=3, facultyName='Faculty of Arts'}}
26 Feb;19:05:45.722 [main] INFO  u.c.f.c.service.TeacherService - getById: teacher = Teacher{id=4, firstName='Olivia', lastName='Blake', faculty=Faculty{id=3, facultyName='Faculty of Arts'}}
26 Feb;19:05:45.723 [main] INFO  u.c.f.c.service.ClassroomService - getById: classroom = Classroom{id=3, roomName='B-10', roomType='Laboratory', roomCapacity=10, building=Building{id=2, buildingName='E'}}
26 Feb;19:05:45.724 [main] INFO  u.c.f.c.service.CourseService - getById: course = Course{id=4, courseName='Political science'}
26 Feb;19:05:45.724 [main] INFO  u.c.f.c.service.TeacherService - getById: teacher = Teacher{id=4, firstName='Olivia', lastName='Blake', faculty=Faculty{id=3, facultyName='Faculty of Arts'}}
26 Feb;19:05:45.724 [main] INFO  u.c.f.c.service.TeacherService - getById: teacher = Teacher{id=4, firstName='Olivia', lastName='Blake', faculty=Faculty{id=3, facultyName='Faculty of Arts'}}
26 Feb;19:05:45.725 [main] INFO  u.c.f.c.service.ClassroomService - getById: classroom = Classroom{id=4, roomName='A-4', roomType='Lecture', roomCapacity=50, building=Building{id=1, buildingName='Changed name'}}
26 Feb;19:05:45.725 [main] INFO  u.c.f.c.service.CourseService - getById: course = Course{id=5, courseName='Culture'}
26 Feb;19:05:45.725 [main] INFO  u.c.f.c.service.TeacherService - getById: teacher = Teacher{id=5, firstName='Scarlett', lastName='Nimoy', faculty=Faculty{id=3, facultyName='Faculty of Arts'}}
26 Feb;19:05:45.726 [main] INFO  u.c.f.c.service.TeacherService - getById: teacher = Teacher{id=5, firstName='Scarlett', lastName='Nimoy', faculty=Faculty{id=3, facultyName='Faculty of Arts'}}
26 Feb;19:05:45.726 [main] INFO  u.c.f.c.service.ClassroomService - getById: classroom = Classroom{id=9, roomName='New name', roomType='Lecture', roomCapacity=50, building=Building{id=2, buildingName='E'}}
26 Feb;19:05:45.726 [main] INFO  u.c.f.c.service.CourseService - getById: course = Course{id=6, courseName='Biology'}
26 Feb;19:05:45.727 [main] INFO  u.c.f.c.service.TeacherService - getById: teacher = Teacher{id=6, firstName='Ellie', lastName='Purh', faculty=Faculty{id=1, facultyName='Changed faculty name'}}
26 Feb;19:05:45.727 [main] INFO  u.c.f.c.service.TeacherService - getById: teacher = Teacher{id=6, firstName='Ellie', lastName='Purh', faculty=Faculty{id=1, facultyName='Changed faculty name'}}
26 Feb;19:05:45.727 [main] INFO  u.c.f.c.service.ClassroomService - getById: classroom = Classroom{id=9, roomName='New name', roomType='Lecture', roomCapacity=50, building=Building{id=2, buildingName='E'}}
26 Feb;19:05:45.728 [main] INFO  u.c.f.c.service.CourseService - getById: course = Course{id=6, courseName='Biology'}
26 Feb;19:05:45.728 [main] INFO  u.c.f.c.service.TeacherService - getById: teacher = Teacher{id=6, firstName='Ellie', lastName='Purh', faculty=Faculty{id=1, facultyName='Changed faculty name'}}
26 Feb;19:05:45.728 [main] INFO  u.c.f.c.service.TeacherService - getById: teacher = Teacher{id=6, firstName='Ellie', lastName='Purh', faculty=Faculty{id=1, facultyName='Changed faculty name'}}
26 Feb;19:05:45.729 [main] INFO  u.c.f.c.service.ClassroomService - getById: classroom = Classroom{id=6, roomName='B-1', roomType='Class', roomCapacity=30, building=Building{id=2, buildingName='E'}}
26 Feb;19:05:45.729 [main] INFO  u.c.f.c.service.CourseService - getById: course = Course{id=6, courseName='Biology'}
26 Feb;19:05:45.730 [main] INFO  u.c.f.c.service.TeacherService - getById: teacher = Teacher{id=7, firstName='Charlie', lastName='Byrne', faculty=Faculty{id=1, facultyName='Changed faculty name'}}
26 Feb;19:05:45.730 [main] INFO  u.c.f.c.service.TeacherService - getById: teacher = Teacher{id=7, firstName='Charlie', lastName='Byrne', faculty=Faculty{id=1, facultyName='Changed faculty name'}}
26 Feb;19:05:45.730 [main] INFO  u.c.f.c.service.ClassroomService - getById: classroom = Classroom{id=7, roomName='B-2', roomType='Class', roomCapacity=30, building=Building{id=2, buildingName='E'}}
26 Feb;19:05:45.731 [main] INFO  u.c.f.c.service.CourseService - getById: course = Course{id=6, courseName='Biology'}
26 Feb;19:05:45.731 [main] INFO  u.c.f.c.service.TeacherService - getById: teacher = Teacher{id=7, firstName='Charlie', lastName='Byrne', faculty=Faculty{id=1, facultyName='Changed faculty name'}}
26 Feb;19:05:45.731 [main] INFO  u.c.f.c.service.TeacherService - getById: teacher = Teacher{id=7, firstName='Charlie', lastName='Byrne', faculty=Faculty{id=1, facultyName='Changed faculty name'}}
26 Feb;19:05:45.732 [main] INFO  u.c.f.c.service.ClassroomService - getById: classroom = Classroom{id=10, roomName='B-5', roomType='Laboratory', roomCapacity=10, building=Building{id=2, buildingName='E'}}
26 Feb;19:05:45.733 [main] INFO  u.c.f.c.service.CourseService - getById: course = Course{id=6, courseName='Biology'}
26 Feb;19:05:45.733 [main] INFO  u.c.f.c.service.TeacherService - getById: teacher = Teacher{id=7, firstName='Charlie', lastName='Byrne', faculty=Faculty{id=1, facultyName='Changed faculty name'}}
26 Feb;19:05:45.734 [main] INFO  u.c.f.c.service.TeacherService - getById: teacher = Teacher{id=7, firstName='Charlie', lastName='Byrne', faculty=Faculty{id=1, facultyName='Changed faculty name'}}
26 Feb;19:05:45.735 [main] INFO  u.c.f.c.service.ClassroomService - getById: classroom = Classroom{id=14, roomName='C-4', roomType='Lecture', roomCapacity=50, building=Building{id=3, buildingName='C'}}
26 Feb;19:05:45.735 [main] INFO  u.c.f.c.service.CourseService - getById: course = Course{id=10, courseName='Geometry'}
26 Feb;19:05:45.736 [main] INFO  u.c.f.c.service.TeacherService - getById: teacher = Teacher{id=12, firstName='Mia', lastName='Brown', faculty=Faculty{id=2, facultyName='Changed faculty name'}}
26 Feb;19:05:45.736 [main] INFO  u.c.f.c.service.TeacherService - getById: teacher = Teacher{id=12, firstName='Mia', lastName='Brown', faculty=Faculty{id=2, facultyName='Changed faculty name'}}
26 Feb;19:05:45.737 [main] INFO  u.c.f.c.service.ClassroomService - getById: classroom = Classroom{id=14, roomName='C-4', roomType='Lecture', roomCapacity=50, building=Building{id=3, buildingName='C'}}
26 Feb;19:05:45.737 [main] INFO  u.c.f.c.service.CourseService - getById: course = Course{id=10, courseName='Geometry'}
26 Feb;19:05:45.737 [main] INFO  u.c.f.c.service.TeacherService - getById: teacher = Teacher{id=12, firstName='Mia', lastName='Brown', faculty=Faculty{id=2, facultyName='Changed faculty name'}}
26 Feb;19:05:45.738 [main] INFO  u.c.f.c.service.TeacherService - getById: teacher = Teacher{id=12, firstName='Mia', lastName='Brown', faculty=Faculty{id=2, facultyName='Changed faculty name'}}
26 Feb;19:05:45.739 [main] INFO  u.c.f.c.service.ClassroomService - getById: classroom = Classroom{id=11, roomName='C-1', roomType='Class', roomCapacity=30, building=Building{id=3, buildingName='C'}}
26 Feb;19:05:45.739 [main] INFO  u.c.f.c.service.CourseService - getById: course = Course{id=10, courseName='Geometry'}
26 Feb;19:05:45.740 [main] INFO  u.c.f.c.service.TeacherService - getById: teacher = Teacher{id=12, firstName='Mia', lastName='Brown', faculty=Faculty{id=2, facultyName='Changed faculty name'}}
26 Feb;19:05:45.740 [main] INFO  u.c.f.c.service.TeacherService - getById: teacher = Teacher{id=12, firstName='Mia', lastName='Brown', faculty=Faculty{id=2, facultyName='Changed faculty name'}}
26 Feb;19:05:45.741 [main] INFO  u.c.f.c.service.ClassroomService - getById: classroom = Classroom{id=13, roomName='C-3', roomType='Class', roomCapacity=30, building=Building{id=3, buildingName='C'}}
26 Feb;19:05:45.741 [main] INFO  u.c.f.c.service.CourseService - getById: course = Course{id=10, courseName='Geometry'}
26 Feb;19:05:45.742 [main] INFO  u.c.f.c.service.TeacherService - getById: teacher = Teacher{id=12, firstName='Mia', lastName='Brown', faculty=Faculty{id=2, facultyName='Changed faculty name'}}
26 Feb;19:05:45.742 [main] INFO  u.c.f.c.service.TeacherService - getById: teacher = Teacher{id=12, firstName='Mia', lastName='Brown', faculty=Faculty{id=2, facultyName='Changed faculty name'}}
26 Feb;19:05:45.743 [main] INFO  u.c.f.c.service.ClassroomService - getById: classroom = Classroom{id=15, roomName='C-5', roomType='Laboratory', roomCapacity=10, building=Building{id=3, buildingName='C'}}
26 Feb;19:05:45.743 [main] INFO  u.c.f.c.service.CourseService - getById: course = Course{id=10, courseName='Geometry'}
26 Feb;19:05:45.743 [main] INFO  u.c.f.c.service.TeacherService - getById: teacher = Teacher{id=12, firstName='Mia', lastName='Brown', faculty=Faculty{id=2, facultyName='Changed faculty name'}}
26 Feb;19:05:45.744 [main] INFO  u.c.f.c.service.TeacherService - getById: teacher = Teacher{id=12, firstName='Mia', lastName='Brown', faculty=Faculty{id=2, facultyName='Changed faculty name'}}
26 Feb;19:05:45.744 [main] INFO  u.c.f.c.service.ClassroomService - getById: classroom = Classroom{id=4, roomName='A-4', roomType='Lecture', roomCapacity=50, building=Building{id=1, buildingName='Changed name'}}
26 Feb;19:05:45.745 [main] INFO  u.c.f.c.service.CourseService - getById: course = Course{id=4, courseName='Political science'}
26 Feb;19:05:45.745 [main] INFO  u.c.f.c.service.TeacherService - getById: teacher = Teacher{id=4, firstName='Olivia', lastName='Blake', faculty=Faculty{id=3, facultyName='Faculty of Arts'}}
26 Feb;19:05:45.745 [main] INFO  u.c.f.c.service.TeacherService - getById: teacher = Teacher{id=4, firstName='Olivia', lastName='Blake', faculty=Faculty{id=3, facultyName='Faculty of Arts'}}
26 Feb;19:05:45.746 [main] INFO  u.c.f.c.service.ClassroomService - getById: classroom = Classroom{id=1, roomName='A-1', roomType='Class', roomCapacity=30, building=Building{id=1, buildingName='Changed name'}}
26 Feb;19:05:45.746 [main] INFO  u.c.f.c.service.CourseService - getById: course = Course{id=4, courseName='Political science'}
26 Feb;19:05:45.746 [main] INFO  u.c.f.c.service.TeacherService - getById: teacher = Teacher{id=4, firstName='Olivia', lastName='Blake', faculty=Faculty{id=3, facultyName='Faculty of Arts'}}
26 Feb;19:05:45.747 [main] INFO  u.c.f.c.service.TeacherService - getById: teacher = Teacher{id=4, firstName='Olivia', lastName='Blake', faculty=Faculty{id=3, facultyName='Faculty of Arts'}}
26 Feb;19:05:45.747 [main] INFO  u.c.f.c.service.ClassroomService - getById: classroom = Classroom{id=2, roomName='A-2', roomType='Class', roomCapacity=30, building=Building{id=1, buildingName='Changed name'}}
26 Feb;19:05:45.747 [main] INFO  u.c.f.c.service.CourseService - getById: course = Course{id=5, courseName='Culture'}
26 Feb;19:05:45.748 [main] INFO  u.c.f.c.service.TeacherService - getById: teacher = Teacher{id=5, firstName='Scarlett', lastName='Nimoy', faculty=Faculty{id=3, facultyName='Faculty of Arts'}}
26 Feb;19:05:45.748 [main] INFO  u.c.f.c.service.TeacherService - getById: teacher = Teacher{id=5, firstName='Scarlett', lastName='Nimoy', faculty=Faculty{id=3, facultyName='Faculty of Arts'}}
26 Feb;19:05:45.749 [main] INFO  u.c.f.c.service.ClassroomService - getById: classroom = Classroom{id=3, roomName='B-10', roomType='Laboratory', roomCapacity=10, building=Building{id=2, buildingName='E'}}
26 Feb;19:05:45.749 [main] INFO  u.c.f.c.service.CourseService - getById: course = Course{id=5, courseName='Culture'}
26 Feb;19:05:45.749 [main] INFO  u.c.f.c.service.TeacherService - getById: teacher = Teacher{id=5, firstName='Scarlett', lastName='Nimoy', faculty=Faculty{id=3, facultyName='Faculty of Arts'}}
26 Feb;19:05:45.749 [main] INFO  u.c.f.c.service.TeacherService - getById: teacher = Teacher{id=5, firstName='Scarlett', lastName='Nimoy', faculty=Faculty{id=3, facultyName='Faculty of Arts'}}
26 Feb;19:05:45.750 [main] INFO  u.c.f.c.service.ClassroomService - getById: classroom = Classroom{id=4, roomName='A-4', roomType='Lecture', roomCapacity=50, building=Building{id=1, buildingName='Changed name'}}
26 Feb;19:05:45.750 [main] INFO  u.c.f.c.service.CourseService - getById: course = Course{id=1, courseName='History'}
26 Feb;19:05:45.751 [main] INFO  u.c.f.c.service.TeacherService - getById: teacher = Teacher{id=1, firstName='Albert', lastName='Johnson', faculty=Faculty{id=3, facultyName='Faculty of Arts'}}
26 Feb;19:05:45.751 [main] INFO  u.c.f.c.service.TeacherService - getById: teacher = Teacher{id=1, firstName='Albert', lastName='Johnson', faculty=Faculty{id=3, facultyName='Faculty of Arts'}}
26 Feb;19:05:45.751 [main] INFO  u.c.f.c.service.ClassroomService - getById: classroom = Classroom{id=9, roomName='New name', roomType='Lecture', roomCapacity=50, building=Building{id=2, buildingName='E'}}
26 Feb;19:05:45.752 [main] INFO  u.c.f.c.service.CourseService - getById: course = Course{id=7, courseName='Chemistry'}
26 Feb;19:05:45.752 [main] INFO  u.c.f.c.service.TeacherService - getById: teacher = Teacher{id=8, firstName='Samuel', lastName='Travis', faculty=Faculty{id=1, facultyName='Changed faculty name'}}
26 Feb;19:05:45.752 [main] INFO  u.c.f.c.service.TeacherService - getById: teacher = Teacher{id=8, firstName='Samuel', lastName='Travis', faculty=Faculty{id=1, facultyName='Changed faculty name'}}
26 Feb;19:05:45.753 [main] INFO  u.c.f.c.service.ClassroomService - getById: classroom = Classroom{id=9, roomName='New name', roomType='Lecture', roomCapacity=50, building=Building{id=2, buildingName='E'}}
26 Feb;19:05:45.753 [main] INFO  u.c.f.c.service.CourseService - getById: course = Course{id=7, courseName='Chemistry'}
26 Feb;19:05:45.754 [main] INFO  u.c.f.c.service.TeacherService - getById: teacher = Teacher{id=8, firstName='Samuel', lastName='Travis', faculty=Faculty{id=1, facultyName='Changed faculty name'}}
26 Feb;19:05:45.754 [main] INFO  u.c.f.c.service.TeacherService - getById: teacher = Teacher{id=8, firstName='Samuel', lastName='Travis', faculty=Faculty{id=1, facultyName='Changed faculty name'}}
26 Feb;19:05:45.754 [main] INFO  u.c.f.c.service.ClassroomService - getById: classroom = Classroom{id=6, roomName='B-1', roomType='Class', roomCapacity=30, building=Building{id=2, buildingName='E'}}
26 Feb;19:05:45.755 [main] INFO  u.c.f.c.service.CourseService - getById: course = Course{id=7, courseName='Chemistry'}
26 Feb;19:05:45.755 [main] INFO  u.c.f.c.service.TeacherService - getById: teacher = Teacher{id=9, firstName='Albert', lastName='Hill', faculty=Faculty{id=1, facultyName='Changed faculty name'}}
26 Feb;19:05:45.755 [main] INFO  u.c.f.c.service.TeacherService - getById: teacher = Teacher{id=9, firstName='Albert', lastName='Hill', faculty=Faculty{id=1, facultyName='Changed faculty name'}}
26 Feb;19:05:45.756 [main] INFO  u.c.f.c.service.ClassroomService - getById: classroom = Classroom{id=7, roomName='B-2', roomType='Class', roomCapacity=30, building=Building{id=2, buildingName='E'}}
26 Feb;19:05:45.756 [main] INFO  u.c.f.c.service.CourseService - getById: course = Course{id=7, courseName='Chemistry'}
26 Feb;19:05:45.757 [main] INFO  u.c.f.c.service.TeacherService - getById: teacher = Teacher{id=9, firstName='Albert', lastName='Hill', faculty=Faculty{id=1, facultyName='Changed faculty name'}}
26 Feb;19:05:45.757 [main] INFO  u.c.f.c.service.TeacherService - getById: teacher = Teacher{id=9, firstName='Albert', lastName='Hill', faculty=Faculty{id=1, facultyName='Changed faculty name'}}
26 Feb;19:05:45.757 [main] INFO  u.c.f.c.service.ClassroomService - getById: classroom = Classroom{id=10, roomName='B-5', roomType='Laboratory', roomCapacity=10, building=Building{id=2, buildingName='E'}}
26 Feb;19:05:45.758 [main] INFO  u.c.f.c.service.CourseService - getById: course = Course{id=7, courseName='Chemistry'}
26 Feb;19:05:45.758 [main] INFO  u.c.f.c.service.TeacherService - getById: teacher = Teacher{id=9, firstName='Albert', lastName='Hill', faculty=Faculty{id=1, facultyName='Changed faculty name'}}
26 Feb;19:05:45.758 [main] INFO  u.c.f.c.service.TeacherService - getById: teacher = Teacher{id=9, firstName='Albert', lastName='Hill', faculty=Faculty{id=1, facultyName='Changed faculty name'}}
26 Feb;19:05:45.759 [main] INFO  u.c.f.c.service.ClassroomService - getById: classroom = Classroom{id=14, roomName='C-4', roomType='Lecture', roomCapacity=50, building=Building{id=3, buildingName='C'}}
26 Feb;19:05:45.759 [main] INFO  u.c.f.c.service.CourseService - getById: course = Course{id=8, courseName='Mathematics'}
26 Feb;19:05:45.760 [main] INFO  u.c.f.c.service.TeacherService - getById: teacher = Teacher{id=10, firstName='Joshua', lastName='Eve', faculty=Faculty{id=2, facultyName='Changed faculty name'}}
26 Feb;19:05:45.760 [main] INFO  u.c.f.c.service.TeacherService - getById: teacher = Teacher{id=10, firstName='Joshua', lastName='Eve', faculty=Faculty{id=2, facultyName='Changed faculty name'}}
26 Feb;19:05:45.760 [main] INFO  u.c.f.c.service.ClassroomService - getById: classroom = Classroom{id=14, roomName='C-4', roomType='Lecture', roomCapacity=50, building=Building{id=3, buildingName='C'}}
26 Feb;19:05:45.761 [main] INFO  u.c.f.c.service.CourseService - getById: course = Course{id=8, courseName='Mathematics'}
26 Feb;19:05:45.761 [main] INFO  u.c.f.c.service.TeacherService - getById: teacher = Teacher{id=10, firstName='Joshua', lastName='Eve', faculty=Faculty{id=2, facultyName='Changed faculty name'}}
26 Feb;19:05:45.761 [main] INFO  u.c.f.c.service.TeacherService - getById: teacher = Teacher{id=10, firstName='Joshua', lastName='Eve', faculty=Faculty{id=2, facultyName='Changed faculty name'}}
26 Feb;19:05:45.762 [main] INFO  u.c.f.c.service.ClassroomService - getById: classroom = Classroom{id=12, roomName='C-2', roomType='Class', roomCapacity=30, building=Building{id=3, buildingName='C'}}
26 Feb;19:05:45.762 [main] INFO  u.c.f.c.service.CourseService - getById: course = Course{id=9, courseName='Physics'}
26 Feb;19:05:45.762 [main] INFO  u.c.f.c.service.TeacherService - getById: teacher = Teacher{id=11, firstName='Sophia', lastName='Roos', faculty=Faculty{id=2, facultyName='Changed faculty name'}}
26 Feb;19:05:45.763 [main] INFO  u.c.f.c.service.TeacherService - getById: teacher = Teacher{id=11, firstName='Sophia', lastName='Roos', faculty=Faculty{id=2, facultyName='Changed faculty name'}}
26 Feb;19:05:45.763 [main] INFO  u.c.f.c.service.ClassroomService - getById: classroom = Classroom{id=12, roomName='C-2', roomType='Class', roomCapacity=30, building=Building{id=3, buildingName='C'}}
26 Feb;19:05:45.763 [main] INFO  u.c.f.c.service.CourseService - getById: course = Course{id=10, courseName='Geometry'}
26 Feb;19:05:45.764 [main] INFO  u.c.f.c.service.TeacherService - getById: teacher = Teacher{id=12, firstName='Mia', lastName='Brown', faculty=Faculty{id=2, facultyName='Changed faculty name'}}
26 Feb;19:05:45.764 [main] INFO  u.c.f.c.service.TeacherService - getById: teacher = Teacher{id=12, firstName='Mia', lastName='Brown', faculty=Faculty{id=2, facultyName='Changed faculty name'}}
26 Feb;19:05:45.765 [main] INFO  u.c.f.c.service.ClassroomService - getById: classroom = Classroom{id=15, roomName='C-5', roomType='Laboratory', roomCapacity=10, building=Building{id=3, buildingName='C'}}
26 Feb;19:05:45.765 [main] INFO  u.c.f.c.service.CourseService - getById: course = Course{id=8, courseName='Mathematics'}
26 Feb;19:05:45.765 [main] INFO  u.c.f.c.service.TeacherService - getById: teacher = Teacher{id=10, firstName='Joshua', lastName='Eve', faculty=Faculty{id=2, facultyName='Changed faculty name'}}
26 Feb;19:05:45.765 [main] INFO  u.c.f.c.service.TeacherService - getById: teacher = Teacher{id=10, firstName='Joshua', lastName='Eve', faculty=Faculty{id=2, facultyName='Changed faculty name'}}
26 Feb;19:05:45.766 [main] INFO  u.c.f.c.service.ClassroomService - getById: classroom = Classroom{id=4, roomName='A-4', roomType='Lecture', roomCapacity=50, building=Building{id=1, buildingName='Changed name'}}
26 Feb;19:05:45.766 [main] INFO  u.c.f.c.service.CourseService - getById: course = Course{id=5, courseName='Culture'}
26 Feb;19:05:45.767 [main] INFO  u.c.f.c.service.TeacherService - getById: teacher = Teacher{id=5, firstName='Scarlett', lastName='Nimoy', faculty=Faculty{id=3, facultyName='Faculty of Arts'}}
26 Feb;19:05:45.767 [main] INFO  u.c.f.c.service.TeacherService - getById: teacher = Teacher{id=5, firstName='Scarlett', lastName='Nimoy', faculty=Faculty{id=3, facultyName='Faculty of Arts'}}
26 Feb;19:05:45.768 [main] INFO  u.c.f.c.service.ClassroomService - getById: classroom = Classroom{id=1, roomName='A-1', roomType='Class', roomCapacity=30, building=Building{id=1, buildingName='Changed name'}}
26 Feb;19:05:45.768 [main] INFO  u.c.f.c.service.CourseService - getById: course = Course{id=5, courseName='Culture'}
26 Feb;19:05:45.768 [main] INFO  u.c.f.c.service.TeacherService - getById: teacher = Teacher{id=5, firstName='Scarlett', lastName='Nimoy', faculty=Faculty{id=3, facultyName='Faculty of Arts'}}
26 Feb;19:05:45.769 [main] INFO  u.c.f.c.service.TeacherService - getById: teacher = Teacher{id=5, firstName='Scarlett', lastName='Nimoy', faculty=Faculty{id=3, facultyName='Faculty of Arts'}}
26 Feb;19:05:45.769 [main] INFO  u.c.f.c.service.ClassroomService - getById: classroom = Classroom{id=2, roomName='A-2', roomType='Class', roomCapacity=30, building=Building{id=1, buildingName='Changed name'}}
26 Feb;19:05:45.770 [main] INFO  u.c.f.c.service.CourseService - getById: course = Course{id=1, courseName='History'}
26 Feb;19:05:45.770 [main] INFO  u.c.f.c.service.TeacherService - getById: teacher = Teacher{id=1, firstName='Albert', lastName='Johnson', faculty=Faculty{id=3, facultyName='Faculty of Arts'}}
26 Feb;19:05:45.770 [main] INFO  u.c.f.c.service.TeacherService - getById: teacher = Teacher{id=1, firstName='Albert', lastName='Johnson', faculty=Faculty{id=3, facultyName='Faculty of Arts'}}
26 Feb;19:05:45.771 [main] INFO  u.c.f.c.service.ClassroomService - getById: classroom = Classroom{id=3, roomName='B-10', roomType='Laboratory', roomCapacity=10, building=Building{id=2, buildingName='E'}}
26 Feb;19:05:45.771 [main] INFO  u.c.f.c.service.CourseService - getById: course = Course{id=1, courseName='History'}
26 Feb;19:05:45.771 [main] INFO  u.c.f.c.service.TeacherService - getById: teacher = Teacher{id=1, firstName='Albert', lastName='Johnson', faculty=Faculty{id=3, facultyName='Faculty of Arts'}}
26 Feb;19:05:45.772 [main] INFO  u.c.f.c.service.TeacherService - getById: teacher = Teacher{id=1, firstName='Albert', lastName='Johnson', faculty=Faculty{id=3, facultyName='Faculty of Arts'}}
26 Feb;19:05:45.772 [main] INFO  u.c.f.c.service.ClassroomService - getById: classroom = Classroom{id=4, roomName='A-4', roomType='Lecture', roomCapacity=50, building=Building{id=1, buildingName='Changed name'}}
26 Feb;19:05:45.773 [main] INFO  u.c.f.c.service.CourseService - getById: course = Course{id=2, courseName='Philosophy'}
26 Feb;19:05:45.773 [main] INFO  u.c.f.c.service.TeacherService - getById: teacher = Teacher{id=2, firstName='Stanley', lastName='Gruber', faculty=Faculty{id=3, facultyName='Faculty of Arts'}}
26 Feb;19:05:45.773 [main] INFO  u.c.f.c.service.TeacherService - getById: teacher = Teacher{id=2, firstName='Stanley', lastName='Gruber', faculty=Faculty{id=3, facultyName='Faculty of Arts'}}
26 Feb;19:05:45.774 [main] INFO  u.c.f.c.service.ClassroomService - getById: classroom = Classroom{id=9, roomName='New name', roomType='Lecture', roomCapacity=50, building=Building{id=2, buildingName='E'}}
26 Feb;19:05:45.774 [main] INFO  u.c.f.c.service.CourseService - getById: course = Course{id=6, courseName='Biology'}
26 Feb;19:05:45.775 [main] INFO  u.c.f.c.service.TeacherService - getById: teacher = Teacher{id=6, firstName='Ellie', lastName='Purh', faculty=Faculty{id=1, facultyName='Changed faculty name'}}
26 Feb;19:05:45.775 [main] INFO  u.c.f.c.service.TeacherService - getById: teacher = Teacher{id=6, firstName='Ellie', lastName='Purh', faculty=Faculty{id=1, facultyName='Changed faculty name'}}
26 Feb;19:05:45.775 [main] INFO  u.c.f.c.service.ClassroomService - getById: classroom = Classroom{id=9, roomName='New name', roomType='Lecture', roomCapacity=50, building=Building{id=2, buildingName='E'}}
26 Feb;19:05:45.776 [main] INFO  u.c.f.c.service.CourseService - getById: course = Course{id=6, courseName='Biology'}
26 Feb;19:05:45.776 [main] INFO  u.c.f.c.service.TeacherService - getById: teacher = Teacher{id=6, firstName='Ellie', lastName='Purh', faculty=Faculty{id=1, facultyName='Changed faculty name'}}
26 Feb;19:05:45.776 [main] INFO  u.c.f.c.service.TeacherService - getById: teacher = Teacher{id=6, firstName='Ellie', lastName='Purh', faculty=Faculty{id=1, facultyName='Changed faculty name'}}
26 Feb;19:05:45.777 [main] INFO  u.c.f.c.service.ClassroomService - getById: classroom = Classroom{id=6, roomName='B-1', roomType='Class', roomCapacity=30, building=Building{id=2, buildingName='E'}}
26 Feb;19:05:45.777 [main] INFO  u.c.f.c.service.CourseService - getById: course = Course{id=6, courseName='Biology'}
26 Feb;19:05:45.777 [main] INFO  u.c.f.c.service.TeacherService - getById: teacher = Teacher{id=7, firstName='Charlie', lastName='Byrne', faculty=Faculty{id=1, facultyName='Changed faculty name'}}
26 Feb;19:05:45.778 [main] INFO  u.c.f.c.service.TeacherService - getById: teacher = Teacher{id=7, firstName='Charlie', lastName='Byrne', faculty=Faculty{id=1, facultyName='Changed faculty name'}}
26 Feb;19:05:45.778 [main] INFO  u.c.f.c.service.ClassroomService - getById: classroom = Classroom{id=7, roomName='B-2', roomType='Class', roomCapacity=30, building=Building{id=2, buildingName='E'}}
26 Feb;19:05:45.779 [main] INFO  u.c.f.c.service.CourseService - getById: course = Course{id=6, courseName='Biology'}
26 Feb;19:05:45.779 [main] INFO  u.c.f.c.service.TeacherService - getById: teacher = Teacher{id=7, firstName='Charlie', lastName='Byrne', faculty=Faculty{id=1, facultyName='Changed faculty name'}}
26 Feb;19:05:45.779 [main] INFO  u.c.f.c.service.TeacherService - getById: teacher = Teacher{id=7, firstName='Charlie', lastName='Byrne', faculty=Faculty{id=1, facultyName='Changed faculty name'}}
26 Feb;19:05:45.780 [main] INFO  u.c.f.c.service.ClassroomService - getById: classroom = Classroom{id=10, roomName='B-5', roomType='Laboratory', roomCapacity=10, building=Building{id=2, buildingName='E'}}
26 Feb;19:05:45.780 [main] INFO  u.c.f.c.service.CourseService - getById: course = Course{id=6, courseName='Biology'}
26 Feb;19:05:45.780 [main] INFO  u.c.f.c.service.TeacherService - getById: teacher = Teacher{id=7, firstName='Charlie', lastName='Byrne', faculty=Faculty{id=1, facultyName='Changed faculty name'}}
26 Feb;19:05:45.780 [main] INFO  u.c.f.c.service.TeacherService - getById: teacher = Teacher{id=7, firstName='Charlie', lastName='Byrne', faculty=Faculty{id=1, facultyName='Changed faculty name'}}
26 Feb;19:05:45.781 [main] INFO  u.c.f.c.service.ClassroomService - getById: classroom = Classroom{id=14, roomName='C-4', roomType='Lecture', roomCapacity=50, building=Building{id=3, buildingName='C'}}
26 Feb;19:05:45.781 [main] INFO  u.c.f.c.service.CourseService - getById: course = Course{id=9, courseName='Physics'}
26 Feb;19:05:45.782 [main] INFO  u.c.f.c.service.TeacherService - getById: teacher = Teacher{id=11, firstName='Sophia', lastName='Roos', faculty=Faculty{id=2, facultyName='Changed faculty name'}}
26 Feb;19:05:45.782 [main] INFO  u.c.f.c.service.TeacherService - getById: teacher = Teacher{id=11, firstName='Sophia', lastName='Roos', faculty=Faculty{id=2, facultyName='Changed faculty name'}}
26 Feb;19:05:45.782 [main] INFO  u.c.f.c.service.ClassroomService - getById: classroom = Classroom{id=14, roomName='C-4', roomType='Lecture', roomCapacity=50, building=Building{id=3, buildingName='C'}}
26 Feb;19:05:45.783 [main] INFO  u.c.f.c.service.CourseService - getById: course = Course{id=10, courseName='Geometry'}
26 Feb;19:05:45.783 [main] INFO  u.c.f.c.service.TeacherService - getById: teacher = Teacher{id=12, firstName='Mia', lastName='Brown', faculty=Faculty{id=2, facultyName='Changed faculty name'}}
26 Feb;19:05:45.783 [main] INFO  u.c.f.c.service.TeacherService - getById: teacher = Teacher{id=12, firstName='Mia', lastName='Brown', faculty=Faculty{id=2, facultyName='Changed faculty name'}}
26 Feb;19:05:45.784 [main] INFO  u.c.f.c.service.ClassroomService - getById: classroom = Classroom{id=13, roomName='C-3', roomType='Class', roomCapacity=30, building=Building{id=3, buildingName='C'}}
26 Feb;19:05:45.784 [main] INFO  u.c.f.c.service.CourseService - getById: course = Course{id=8, courseName='Mathematics'}
26 Feb;19:05:45.784 [main] INFO  u.c.f.c.service.TeacherService - getById: teacher = Teacher{id=10, firstName='Joshua', lastName='Eve', faculty=Faculty{id=2, facultyName='Changed faculty name'}}
26 Feb;19:05:45.785 [main] INFO  u.c.f.c.service.TeacherService - getById: teacher = Teacher{id=10, firstName='Joshua', lastName='Eve', faculty=Faculty{id=2, facultyName='Changed faculty name'}}
26 Feb;19:05:45.785 [main] INFO  u.c.f.c.service.ClassroomService - getById: classroom = Classroom{id=15, roomName='C-5', roomType='Laboratory', roomCapacity=10, building=Building{id=3, buildingName='C'}}
26 Feb;19:05:45.786 [main] INFO  u.c.f.c.service.CourseService - getById: course = Course{id=9, courseName='Physics'}
26 Feb;19:05:45.786 [main] INFO  u.c.f.c.service.TeacherService - getById: teacher = Teacher{id=11, firstName='Sophia', lastName='Roos', faculty=Faculty{id=2, facultyName='Changed faculty name'}}
26 Feb;19:05:45.786 [main] INFO  u.c.f.c.service.TeacherService - getById: teacher = Teacher{id=11, firstName='Sophia', lastName='Roos', faculty=Faculty{id=2, facultyName='Changed faculty name'}}
26 Feb;19:05:45.787 [main] INFO  u.c.f.c.service.ClassroomService - getById: classroom = Classroom{id=15, roomName='C-5', roomType='Laboratory', roomCapacity=10, building=Building{id=3, buildingName='C'}}
26 Feb;19:05:45.787 [main] INFO  u.c.f.c.service.CourseService - getById: course = Course{id=10, courseName='Geometry'}
26 Feb;19:05:45.788 [main] INFO  u.c.f.c.service.TeacherService - getById: teacher = Teacher{id=12, firstName='Mia', lastName='Brown', faculty=Faculty{id=2, facultyName='Changed faculty name'}}
26 Feb;19:05:45.788 [main] INFO  u.c.f.c.service.TeacherService - getById: teacher = Teacher{id=12, firstName='Mia', lastName='Brown', faculty=Faculty{id=2, facultyName='Changed faculty name'}}
26 Feb;19:05:45.789 [main] INFO  u.c.f.c.service.ClassroomService - getById: classroom = Classroom{id=4, roomName='A-4', roomType='Lecture', roomCapacity=50, building=Building{id=1, buildingName='Changed name'}}
26 Feb;19:05:45.789 [main] INFO  u.c.f.c.service.CourseService - getById: course = Course{id=1, courseName='History'}
26 Feb;19:05:45.789 [main] INFO  u.c.f.c.service.TeacherService - getById: teacher = Teacher{id=1, firstName='Albert', lastName='Johnson', faculty=Faculty{id=3, facultyName='Faculty of Arts'}}
26 Feb;19:05:45.790 [main] INFO  u.c.f.c.service.TeacherService - getById: teacher = Teacher{id=1, firstName='Albert', lastName='Johnson', faculty=Faculty{id=3, facultyName='Faculty of Arts'}}
26 Feb;19:05:45.790 [main] INFO  u.c.f.c.service.ClassroomService - getById: classroom = Classroom{id=1, roomName='A-1', roomType='Class', roomCapacity=30, building=Building{id=1, buildingName='Changed name'}}
26 Feb;19:05:45.790 [main] INFO  u.c.f.c.service.CourseService - getById: course = Course{id=1, courseName='History'}
26 Feb;19:05:45.791 [main] INFO  u.c.f.c.service.TeacherService - getById: teacher = Teacher{id=1, firstName='Albert', lastName='Johnson', faculty=Faculty{id=3, facultyName='Faculty of Arts'}}
26 Feb;19:05:45.791 [main] INFO  u.c.f.c.service.TeacherService - getById: teacher = Teacher{id=1, firstName='Albert', lastName='Johnson', faculty=Faculty{id=3, facultyName='Faculty of Arts'}}
26 Feb;19:05:45.791 [main] INFO  u.c.f.c.service.ClassroomService - getById: classroom = Classroom{id=2, roomName='A-2', roomType='Class', roomCapacity=30, building=Building{id=1, buildingName='Changed name'}}
26 Feb;19:05:45.792 [main] INFO  u.c.f.c.service.CourseService - getById: course = Course{id=2, courseName='Philosophy'}
26 Feb;19:05:45.792 [main] INFO  u.c.f.c.service.TeacherService - getById: teacher = Teacher{id=2, firstName='Stanley', lastName='Gruber', faculty=Faculty{id=3, facultyName='Faculty of Arts'}}
26 Feb;19:05:45.792 [main] INFO  u.c.f.c.service.TeacherService - getById: teacher = Teacher{id=2, firstName='Stanley', lastName='Gruber', faculty=Faculty{id=3, facultyName='Faculty of Arts'}}
26 Feb;19:05:45.793 [main] INFO  u.c.f.c.service.ClassroomService - getById: classroom = Classroom{id=3, roomName='B-10', roomType='Laboratory', roomCapacity=10, building=Building{id=2, buildingName='E'}}
26 Feb;19:05:45.793 [main] INFO  u.c.f.c.service.CourseService - getById: course = Course{id=2, courseName='Philosophy'}
26 Feb;19:05:45.794 [main] INFO  u.c.f.c.service.TeacherService - getById: teacher = Teacher{id=2, firstName='Stanley', lastName='Gruber', faculty=Faculty{id=3, facultyName='Faculty of Arts'}}
26 Feb;19:05:45.794 [main] INFO  u.c.f.c.service.TeacherService - getById: teacher = Teacher{id=2, firstName='Stanley', lastName='Gruber', faculty=Faculty{id=3, facultyName='Faculty of Arts'}}
26 Feb;19:05:45.794 [main] INFO  u.c.f.c.service.ClassroomService - getById: classroom = Classroom{id=4, roomName='A-4', roomType='Lecture', roomCapacity=50, building=Building{id=1, buildingName='Changed name'}}
26 Feb;19:05:45.795 [main] INFO  u.c.f.c.service.CourseService - getById: course = Course{id=3, courseName='Another course's name'}
26 Feb;19:05:45.795 [main] INFO  u.c.f.c.service.TeacherService - getById: teacher = Teacher{id=3, firstName='Freya', lastName='Shepp', faculty=Faculty{id=3, facultyName='Faculty of Arts'}}
26 Feb;19:05:45.796 [main] INFO  u.c.f.c.service.TeacherService - getById: teacher = Teacher{id=3, firstName='Freya', lastName='Shepp', faculty=Faculty{id=3, facultyName='Faculty of Arts'}}
26 Feb;19:05:45.796 [main] INFO  u.c.f.c.service.ClassroomService - getById: classroom = Classroom{id=9, roomName='New name', roomType='Lecture', roomCapacity=50, building=Building{id=2, buildingName='E'}}
26 Feb;19:05:45.797 [main] INFO  u.c.f.c.service.CourseService - getById: course = Course{id=6, courseName='Biology'}
26 Feb;19:05:45.797 [main] INFO  u.c.f.c.service.TeacherService - getById: teacher = Teacher{id=6, firstName='Ellie', lastName='Purh', faculty=Faculty{id=1, facultyName='Changed faculty name'}}
26 Feb;19:05:45.797 [main] INFO  u.c.f.c.service.TeacherService - getById: teacher = Teacher{id=6, firstName='Ellie', lastName='Purh', faculty=Faculty{id=1, facultyName='Changed faculty name'}}
26 Feb;19:05:45.798 [main] INFO  u.c.f.c.service.ClassroomService - getById: classroom = Classroom{id=9, roomName='New name', roomType='Lecture', roomCapacity=50, building=Building{id=2, buildingName='E'}}
26 Feb;19:05:45.798 [main] INFO  u.c.f.c.service.CourseService - getById: course = Course{id=6, courseName='Biology'}
26 Feb;19:05:45.798 [main] INFO  u.c.f.c.service.TeacherService - getById: teacher = Teacher{id=6, firstName='Ellie', lastName='Purh', faculty=Faculty{id=1, facultyName='Changed faculty name'}}
26 Feb;19:05:45.799 [main] INFO  u.c.f.c.service.TeacherService - getById: teacher = Teacher{id=6, firstName='Ellie', lastName='Purh', faculty=Faculty{id=1, facultyName='Changed faculty name'}}
26 Feb;19:05:45.799 [main] INFO  u.c.f.c.service.ClassroomService - getById: classroom = Classroom{id=6, roomName='B-1', roomType='Class', roomCapacity=30, building=Building{id=2, buildingName='E'}}
26 Feb;19:05:45.799 [main] INFO  u.c.f.c.service.CourseService - getById: course = Course{id=6, courseName='Biology'}
26 Feb;19:05:45.800 [main] INFO  u.c.f.c.service.TeacherService - getById: teacher = Teacher{id=7, firstName='Charlie', lastName='Byrne', faculty=Faculty{id=1, facultyName='Changed faculty name'}}
26 Feb;19:05:45.800 [main] INFO  u.c.f.c.service.TeacherService - getById: teacher = Teacher{id=7, firstName='Charlie', lastName='Byrne', faculty=Faculty{id=1, facultyName='Changed faculty name'}}
26 Feb;19:05:45.800 [main] INFO  u.c.f.c.service.ClassroomService - getById: classroom = Classroom{id=7, roomName='B-2', roomType='Class', roomCapacity=30, building=Building{id=2, buildingName='E'}}
26 Feb;19:05:45.801 [main] INFO  u.c.f.c.service.CourseService - getById: course = Course{id=6, courseName='Biology'}
26 Feb;19:05:45.801 [main] INFO  u.c.f.c.service.TeacherService - getById: teacher = Teacher{id=7, firstName='Charlie', lastName='Byrne', faculty=Faculty{id=1, facultyName='Changed faculty name'}}
26 Feb;19:05:45.801 [main] INFO  u.c.f.c.service.TeacherService - getById: teacher = Teacher{id=7, firstName='Charlie', lastName='Byrne', faculty=Faculty{id=1, facultyName='Changed faculty name'}}
26 Feb;19:05:45.802 [main] INFO  u.c.f.c.service.ClassroomService - getById: classroom = Classroom{id=10, roomName='B-5', roomType='Laboratory', roomCapacity=10, building=Building{id=2, buildingName='E'}}
26 Feb;19:05:45.802 [main] INFO  u.c.f.c.service.CourseService - getById: course = Course{id=6, courseName='Biology'}
26 Feb;19:05:45.803 [main] INFO  u.c.f.c.service.TeacherService - getById: teacher = Teacher{id=7, firstName='Charlie', lastName='Byrne', faculty=Faculty{id=1, facultyName='Changed faculty name'}}
26 Feb;19:05:45.803 [main] INFO  u.c.f.c.service.TeacherService - getById: teacher = Teacher{id=7, firstName='Charlie', lastName='Byrne', faculty=Faculty{id=1, facultyName='Changed faculty name'}}
26 Feb;19:05:45.803 [main] INFO  u.c.f.c.service.ClassroomService - getById: classroom = Classroom{id=14, roomName='C-4', roomType='Lecture', roomCapacity=50, building=Building{id=3, buildingName='C'}}
26 Feb;19:05:45.804 [main] INFO  u.c.f.c.service.CourseService - getById: course = Course{id=8, courseName='Mathematics'}
26 Feb;19:05:45.804 [main] INFO  u.c.f.c.service.TeacherService - getById: teacher = Teacher{id=10, firstName='Joshua', lastName='Eve', faculty=Faculty{id=2, facultyName='Changed faculty name'}}
26 Feb;19:05:45.804 [main] INFO  u.c.f.c.service.TeacherService - getById: teacher = Teacher{id=10, firstName='Joshua', lastName='Eve', faculty=Faculty{id=2, facultyName='Changed faculty name'}}
26 Feb;19:05:45.805 [main] INFO  u.c.f.c.service.ClassroomService - getById: classroom = Classroom{id=14, roomName='C-4', roomType='Lecture', roomCapacity=50, building=Building{id=3, buildingName='C'}}
26 Feb;19:05:45.805 [main] INFO  u.c.f.c.service.CourseService - getById: course = Course{id=8, courseName='Mathematics'}
26 Feb;19:05:45.805 [main] INFO  u.c.f.c.service.TeacherService - getById: teacher = Teacher{id=10, firstName='Joshua', lastName='Eve', faculty=Faculty{id=2, facultyName='Changed faculty name'}}
26 Feb;19:05:45.805 [main] INFO  u.c.f.c.service.TeacherService - getById: teacher = Teacher{id=10, firstName='Joshua', lastName='Eve', faculty=Faculty{id=2, facultyName='Changed faculty name'}}
26 Feb;19:05:45.806 [main] INFO  u.c.f.c.service.ClassroomService - getById: classroom = Classroom{id=11, roomName='C-1', roomType='Class', roomCapacity=30, building=Building{id=3, buildingName='C'}}
26 Feb;19:05:45.806 [main] INFO  u.c.f.c.service.CourseService - getById: course = Course{id=8, courseName='Mathematics'}
26 Feb;19:05:45.807 [main] INFO  u.c.f.c.service.TeacherService - getById: teacher = Teacher{id=10, firstName='Joshua', lastName='Eve', faculty=Faculty{id=2, facultyName='Changed faculty name'}}
26 Feb;19:05:45.807 [main] INFO  u.c.f.c.service.TeacherService - getById: teacher = Teacher{id=10, firstName='Joshua', lastName='Eve', faculty=Faculty{id=2, facultyName='Changed faculty name'}}
26 Feb;19:05:45.807 [main] INFO  u.c.f.c.service.ClassroomService - getById: classroom = Classroom{id=13, roomName='C-3', roomType='Class', roomCapacity=30, building=Building{id=3, buildingName='C'}}
26 Feb;19:05:45.808 [main] INFO  u.c.f.c.service.CourseService - getById: course = Course{id=8, courseName='Mathematics'}
26 Feb;19:05:45.808 [main] INFO  u.c.f.c.service.TeacherService - getById: teacher = Teacher{id=10, firstName='Joshua', lastName='Eve', faculty=Faculty{id=2, facultyName='Changed faculty name'}}
26 Feb;19:05:45.808 [main] INFO  u.c.f.c.service.TeacherService - getById: teacher = Teacher{id=10, firstName='Joshua', lastName='Eve', faculty=Faculty{id=2, facultyName='Changed faculty name'}}
26 Feb;19:05:45.809 [main] INFO  u.c.f.c.service.ClassroomService - getById: classroom = Classroom{id=15, roomName='C-5', roomType='Laboratory', roomCapacity=10, building=Building{id=3, buildingName='C'}}
26 Feb;19:05:45.809 [main] INFO  u.c.f.c.service.CourseService - getById: course = Course{id=8, courseName='Mathematics'}
26 Feb;19:05:45.809 [main] INFO  u.c.f.c.service.TeacherService - getById: teacher = Teacher{id=10, firstName='Joshua', lastName='Eve', faculty=Faculty{id=2, facultyName='Changed faculty name'}}
26 Feb;19:05:45.809 [main] INFO  u.c.f.c.service.TeacherService - getById: teacher = Teacher{id=10, firstName='Joshua', lastName='Eve', faculty=Faculty{id=2, facultyName='Changed faculty name'}}
26 Feb;19:05:45.810 [main] INFO  u.c.f.c.service.ClassroomService - getById: classroom = Classroom{id=4, roomName='A-4', roomType='Lecture', roomCapacity=50, building=Building{id=1, buildingName='Changed name'}}
26 Feb;19:05:45.810 [main] INFO  u.c.f.c.service.CourseService - getById: course = Course{id=2, courseName='Philosophy'}
26 Feb;19:05:45.810 [main] INFO  u.c.f.c.service.TeacherService - getById: teacher = Teacher{id=2, firstName='Stanley', lastName='Gruber', faculty=Faculty{id=3, facultyName='Faculty of Arts'}}
26 Feb;19:05:45.811 [main] INFO  u.c.f.c.service.TeacherService - getById: teacher = Teacher{id=2, firstName='Stanley', lastName='Gruber', faculty=Faculty{id=3, facultyName='Faculty of Arts'}}
26 Feb;19:05:45.811 [main] INFO  u.c.f.c.service.ClassroomService - getById: classroom = Classroom{id=1, roomName='A-1', roomType='Class', roomCapacity=30, building=Building{id=1, buildingName='Changed name'}}
26 Feb;19:05:45.812 [main] INFO  u.c.f.c.service.CourseService - getById: course = Course{id=2, courseName='Philosophy'}
26 Feb;19:05:45.812 [main] INFO  u.c.f.c.service.TeacherService - getById: teacher = Teacher{id=2, firstName='Stanley', lastName='Gruber', faculty=Faculty{id=3, facultyName='Faculty of Arts'}}
26 Feb;19:05:45.812 [main] INFO  u.c.f.c.service.TeacherService - getById: teacher = Teacher{id=2, firstName='Stanley', lastName='Gruber', faculty=Faculty{id=3, facultyName='Faculty of Arts'}}
26 Feb;19:05:45.812 [main] INFO  u.c.f.c.service.ClassroomService - getById: classroom = Classroom{id=2, roomName='A-2', roomType='Class', roomCapacity=30, building=Building{id=1, buildingName='Changed name'}}
26 Feb;19:05:45.813 [main] INFO  u.c.f.c.service.CourseService - getById: course = Course{id=3, courseName='Another course's name'}
26 Feb;19:05:45.813 [main] INFO  u.c.f.c.service.TeacherService - getById: teacher = Teacher{id=3, firstName='Freya', lastName='Shepp', faculty=Faculty{id=3, facultyName='Faculty of Arts'}}
26 Feb;19:05:45.813 [main] INFO  u.c.f.c.service.TeacherService - getById: teacher = Teacher{id=3, firstName='Freya', lastName='Shepp', faculty=Faculty{id=3, facultyName='Faculty of Arts'}}
26 Feb;19:05:45.814 [main] INFO  u.c.f.c.service.ClassroomService - getById: classroom = Classroom{id=3, roomName='B-10', roomType='Laboratory', roomCapacity=10, building=Building{id=2, buildingName='E'}}
26 Feb;19:05:45.814 [main] INFO  u.c.f.c.service.CourseService - getById: course = Course{id=3, courseName='Another course's name'}
26 Feb;19:05:45.814 [main] INFO  u.c.f.c.service.TeacherService - getById: teacher = Teacher{id=3, firstName='Freya', lastName='Shepp', faculty=Faculty{id=3, facultyName='Faculty of Arts'}}
26 Feb;19:05:45.814 [main] INFO  u.c.f.c.service.TeacherService - getById: teacher = Teacher{id=3, firstName='Freya', lastName='Shepp', faculty=Faculty{id=3, facultyName='Faculty of Arts'}}
26 Feb;19:05:45.815 [main] INFO  u.c.f.c.service.ClassroomService - getById: classroom = Classroom{id=4, roomName='A-4', roomType='Lecture', roomCapacity=50, building=Building{id=1, buildingName='Changed name'}}
26 Feb;19:05:45.815 [main] INFO  u.c.f.c.service.CourseService - getById: course = Course{id=4, courseName='Political science'}
26 Feb;19:05:45.815 [main] INFO  u.c.f.c.service.TeacherService - getById: teacher = Teacher{id=4, firstName='Olivia', lastName='Blake', faculty=Faculty{id=3, facultyName='Faculty of Arts'}}
26 Feb;19:05:45.816 [main] INFO  u.c.f.c.service.TeacherService - getById: teacher = Teacher{id=4, firstName='Olivia', lastName='Blake', faculty=Faculty{id=3, facultyName='Faculty of Arts'}}
26 Feb;19:05:45.816 [main] INFO  u.c.f.c.service.ClassroomService - getById: classroom = Classroom{id=9, roomName='New name', roomType='Lecture', roomCapacity=50, building=Building{id=2, buildingName='E'}}
26 Feb;19:05:45.816 [main] INFO  u.c.f.c.service.CourseService - getById: course = Course{id=7, courseName='Chemistry'}
26 Feb;19:05:45.817 [main] INFO  u.c.f.c.service.TeacherService - getById: teacher = Teacher{id=8, firstName='Samuel', lastName='Travis', faculty=Faculty{id=1, facultyName='Changed faculty name'}}
26 Feb;19:05:45.817 [main] INFO  u.c.f.c.service.TeacherService - getById: teacher = Teacher{id=8, firstName='Samuel', lastName='Travis', faculty=Faculty{id=1, facultyName='Changed faculty name'}}
26 Feb;19:05:45.818 [main] INFO  u.c.f.c.service.ClassroomService - getById: classroom = Classroom{id=9, roomName='New name', roomType='Lecture', roomCapacity=50, building=Building{id=2, buildingName='E'}}
26 Feb;19:05:45.818 [main] INFO  u.c.f.c.service.CourseService - getById: course = Course{id=7, courseName='Chemistry'}
26 Feb;19:05:45.819 [main] INFO  u.c.f.c.service.TeacherService - getById: teacher = Teacher{id=8, firstName='Samuel', lastName='Travis', faculty=Faculty{id=1, facultyName='Changed faculty name'}}
26 Feb;19:05:45.819 [main] INFO  u.c.f.c.service.TeacherService - getById: teacher = Teacher{id=8, firstName='Samuel', lastName='Travis', faculty=Faculty{id=1, facultyName='Changed faculty name'}}
26 Feb;19:05:45.820 [main] INFO  u.c.f.c.service.ClassroomService - getById: classroom = Classroom{id=6, roomName='B-1', roomType='Class', roomCapacity=30, building=Building{id=2, buildingName='E'}}
26 Feb;19:05:45.820 [main] INFO  u.c.f.c.service.CourseService - getById: course = Course{id=7, courseName='Chemistry'}
26 Feb;19:05:45.820 [main] INFO  u.c.f.c.service.TeacherService - getById: teacher = Teacher{id=9, firstName='Albert', lastName='Hill', faculty=Faculty{id=1, facultyName='Changed faculty name'}}
26 Feb;19:05:45.821 [main] INFO  u.c.f.c.service.TeacherService - getById: teacher = Teacher{id=9, firstName='Albert', lastName='Hill', faculty=Faculty{id=1, facultyName='Changed faculty name'}}
26 Feb;19:05:45.821 [main] INFO  u.c.f.c.service.ClassroomService - getById: classroom = Classroom{id=7, roomName='B-2', roomType='Class', roomCapacity=30, building=Building{id=2, buildingName='E'}}
26 Feb;19:05:45.822 [main] INFO  u.c.f.c.service.CourseService - getById: course = Course{id=7, courseName='Chemistry'}
26 Feb;19:05:45.822 [main] INFO  u.c.f.c.service.TeacherService - getById: teacher = Teacher{id=9, firstName='Albert', lastName='Hill', faculty=Faculty{id=1, facultyName='Changed faculty name'}}
26 Feb;19:05:45.822 [main] INFO  u.c.f.c.service.TeacherService - getById: teacher = Teacher{id=9, firstName='Albert', lastName='Hill', faculty=Faculty{id=1, facultyName='Changed faculty name'}}
26 Feb;19:05:45.823 [main] INFO  u.c.f.c.service.ClassroomService - getById: classroom = Classroom{id=10, roomName='B-5', roomType='Laboratory', roomCapacity=10, building=Building{id=2, buildingName='E'}}
26 Feb;19:05:45.823 [main] INFO  u.c.f.c.service.CourseService - getById: course = Course{id=7, courseName='Chemistry'}
26 Feb;19:05:45.823 [main] INFO  u.c.f.c.service.TeacherService - getById: teacher = Teacher{id=9, firstName='Albert', lastName='Hill', faculty=Faculty{id=1, facultyName='Changed faculty name'}}
26 Feb;19:05:45.824 [main] INFO  u.c.f.c.service.TeacherService - getById: teacher = Teacher{id=9, firstName='Albert', lastName='Hill', faculty=Faculty{id=1, facultyName='Changed faculty name'}}
26 Feb;19:05:45.824 [main] INFO  u.c.f.c.service.ClassroomService - getById: classroom = Classroom{id=14, roomName='C-4', roomType='Lecture', roomCapacity=50, building=Building{id=3, buildingName='C'}}
26 Feb;19:05:45.825 [main] INFO  u.c.f.c.service.CourseService - getById: course = Course{id=9, courseName='Physics'}
26 Feb;19:05:45.825 [main] INFO  u.c.f.c.service.TeacherService - getById: teacher = Teacher{id=11, firstName='Sophia', lastName='Roos', faculty=Faculty{id=2, facultyName='Changed faculty name'}}
26 Feb;19:05:45.825 [main] INFO  u.c.f.c.service.TeacherService - getById: teacher = Teacher{id=11, firstName='Sophia', lastName='Roos', faculty=Faculty{id=2, facultyName='Changed faculty name'}}
26 Feb;19:05:45.826 [main] INFO  u.c.f.c.service.ClassroomService - getById: classroom = Classroom{id=14, roomName='C-4', roomType='Lecture', roomCapacity=50, building=Building{id=3, buildingName='C'}}
26 Feb;19:05:45.826 [main] INFO  u.c.f.c.service.CourseService - getById: course = Course{id=9, courseName='Physics'}
26 Feb;19:05:45.826 [main] INFO  u.c.f.c.service.TeacherService - getById: teacher = Teacher{id=11, firstName='Sophia', lastName='Roos', faculty=Faculty{id=2, facultyName='Changed faculty name'}}
26 Feb;19:05:45.827 [main] INFO  u.c.f.c.service.TeacherService - getById: teacher = Teacher{id=11, firstName='Sophia', lastName='Roos', faculty=Faculty{id=2, facultyName='Changed faculty name'}}
26 Feb;19:05:45.827 [main] INFO  u.c.f.c.service.ClassroomService - getById: classroom = Classroom{id=11, roomName='C-1', roomType='Class', roomCapacity=30, building=Building{id=3, buildingName='C'}}
26 Feb;19:05:45.828 [main] INFO  u.c.f.c.service.CourseService - getById: course = Course{id=9, courseName='Physics'}
26 Feb;19:05:45.828 [main] INFO  u.c.f.c.service.TeacherService - getById: teacher = Teacher{id=11, firstName='Sophia', lastName='Roos', faculty=Faculty{id=2, facultyName='Changed faculty name'}}
26 Feb;19:05:45.828 [main] INFO  u.c.f.c.service.TeacherService - getById: teacher = Teacher{id=11, firstName='Sophia', lastName='Roos', faculty=Faculty{id=2, facultyName='Changed faculty name'}}
26 Feb;19:05:45.829 [main] INFO  u.c.f.c.service.ClassroomService - getById: classroom = Classroom{id=13, roomName='C-3', roomType='Class', roomCapacity=30, building=Building{id=3, buildingName='C'}}
26 Feb;19:05:45.829 [main] INFO  u.c.f.c.service.CourseService - getById: course = Course{id=9, courseName='Physics'}
26 Feb;19:05:45.829 [main] INFO  u.c.f.c.service.TeacherService - getById: teacher = Teacher{id=11, firstName='Sophia', lastName='Roos', faculty=Faculty{id=2, facultyName='Changed faculty name'}}
26 Feb;19:05:45.829 [main] INFO  u.c.f.c.service.TeacherService - getById: teacher = Teacher{id=11, firstName='Sophia', lastName='Roos', faculty=Faculty{id=2, facultyName='Changed faculty name'}}
26 Feb;19:05:45.830 [main] INFO  u.c.f.c.service.ClassroomService - getById: classroom = Classroom{id=15, roomName='C-5', roomType='Laboratory', roomCapacity=10, building=Building{id=3, buildingName='C'}}
26 Feb;19:05:45.830 [main] INFO  u.c.f.c.service.CourseService - getById: course = Course{id=9, courseName='Physics'}
26 Feb;19:05:45.831 [main] INFO  u.c.f.c.service.TeacherService - getById: teacher = Teacher{id=11, firstName='Sophia', lastName='Roos', faculty=Faculty{id=2, facultyName='Changed faculty name'}}
26 Feb;19:05:45.831 [main] INFO  u.c.f.c.service.TeacherService - getById: teacher = Teacher{id=11, firstName='Sophia', lastName='Roos', faculty=Faculty{id=2, facultyName='Changed faculty name'}}
26 Feb;19:05:45.831 [main] INFO  u.c.f.c.service.ClassroomService - getById: classroom = Classroom{id=4, roomName='A-4', roomType='Lecture', roomCapacity=50, building=Building{id=1, buildingName='Changed name'}}
26 Feb;19:05:45.832 [main] INFO  u.c.f.c.service.CourseService - getById: course = Course{id=3, courseName='Another course's name'}
26 Feb;19:05:45.832 [main] INFO  u.c.f.c.service.TeacherService - getById: teacher = Teacher{id=3, firstName='Freya', lastName='Shepp', faculty=Faculty{id=3, facultyName='Faculty of Arts'}}
26 Feb;19:05:45.832 [main] INFO  u.c.f.c.service.TeacherService - getById: teacher = Teacher{id=3, firstName='Freya', lastName='Shepp', faculty=Faculty{id=3, facultyName='Faculty of Arts'}}
26 Feb;19:05:45.833 [main] INFO  u.c.f.c.service.ClassroomService - getById: classroom = Classroom{id=1, roomName='A-1', roomType='Class', roomCapacity=30, building=Building{id=1, buildingName='Changed name'}}
26 Feb;19:05:45.833 [main] INFO  u.c.f.c.service.CourseService - getById: course = Course{id=3, courseName='Another course's name'}
26 Feb;19:05:45.833 [main] INFO  u.c.f.c.service.TeacherService - getById: teacher = Teacher{id=3, firstName='Freya', lastName='Shepp', faculty=Faculty{id=3, facultyName='Faculty of Arts'}}
26 Feb;19:05:45.834 [main] INFO  u.c.f.c.service.TeacherService - getById: teacher = Teacher{id=3, firstName='Freya', lastName='Shepp', faculty=Faculty{id=3, facultyName='Faculty of Arts'}}
26 Feb;19:05:45.834 [main] INFO  u.c.f.c.service.ClassroomService - getById: classroom = Classroom{id=2, roomName='A-2', roomType='Class', roomCapacity=30, building=Building{id=1, buildingName='Changed name'}}
26 Feb;19:05:45.834 [main] INFO  u.c.f.c.service.CourseService - getById: course = Course{id=4, courseName='Political science'}
26 Feb;19:05:45.835 [main] INFO  u.c.f.c.service.TeacherService - getById: teacher = Teacher{id=4, firstName='Olivia', lastName='Blake', faculty=Faculty{id=3, facultyName='Faculty of Arts'}}
26 Feb;19:05:45.835 [main] INFO  u.c.f.c.service.TeacherService - getById: teacher = Teacher{id=4, firstName='Olivia', lastName='Blake', faculty=Faculty{id=3, facultyName='Faculty of Arts'}}
26 Feb;19:05:45.836 [main] INFO  u.c.f.c.service.ClassroomService - getById: classroom = Classroom{id=3, roomName='B-10', roomType='Laboratory', roomCapacity=10, building=Building{id=2, buildingName='E'}}
26 Feb;19:05:45.836 [main] INFO  u.c.f.c.service.CourseService - getById: course = Course{id=4, courseName='Political science'}
26 Feb;19:05:45.836 [main] INFO  u.c.f.c.service.TeacherService - getById: teacher = Teacher{id=4, firstName='Olivia', lastName='Blake', faculty=Faculty{id=3, facultyName='Faculty of Arts'}}
26 Feb;19:05:45.836 [main] INFO  u.c.f.c.service.TeacherService - getById: teacher = Teacher{id=4, firstName='Olivia', lastName='Blake', faculty=Faculty{id=3, facultyName='Faculty of Arts'}}
26 Feb;19:05:45.837 [main] INFO  u.c.f.c.service.ClassroomService - getById: classroom = Classroom{id=4, roomName='A-4', roomType='Lecture', roomCapacity=50, building=Building{id=1, buildingName='Changed name'}}
26 Feb;19:05:45.837 [main] INFO  u.c.f.c.service.CourseService - getById: course = Course{id=5, courseName='Culture'}
26 Feb;19:05:45.837 [main] INFO  u.c.f.c.service.TeacherService - getById: teacher = Teacher{id=5, firstName='Scarlett', lastName='Nimoy', faculty=Faculty{id=3, facultyName='Faculty of Arts'}}
26 Feb;19:05:45.837 [main] INFO  u.c.f.c.service.TeacherService - getById: teacher = Teacher{id=5, firstName='Scarlett', lastName='Nimoy', faculty=Faculty{id=3, facultyName='Faculty of Arts'}}
26 Feb;19:05:45.838 [main] INFO  u.c.f.c.service.ClassroomService - getById: classroom = Classroom{id=9, roomName='New name', roomType='Lecture', roomCapacity=50, building=Building{id=2, buildingName='E'}}
26 Feb;19:05:45.838 [main] INFO  u.c.f.c.service.CourseService - getById: course = Course{id=6, courseName='Biology'}
26 Feb;19:05:45.838 [main] INFO  u.c.f.c.service.TeacherService - getById: teacher = Teacher{id=6, firstName='Ellie', lastName='Purh', faculty=Faculty{id=1, facultyName='Changed faculty name'}}
26 Feb;19:05:45.839 [main] INFO  u.c.f.c.service.TeacherService - getById: teacher = Teacher{id=6, firstName='Ellie', lastName='Purh', faculty=Faculty{id=1, facultyName='Changed faculty name'}}
26 Feb;19:05:45.839 [main] INFO  u.c.f.c.service.ClassroomService - getById: classroom = Classroom{id=9, roomName='New name', roomType='Lecture', roomCapacity=50, building=Building{id=2, buildingName='E'}}
26 Feb;19:05:45.839 [main] INFO  u.c.f.c.service.CourseService - getById: course = Course{id=6, courseName='Biology'}
26 Feb;19:05:45.840 [main] INFO  u.c.f.c.service.TeacherService - getById: teacher = Teacher{id=6, firstName='Ellie', lastName='Purh', faculty=Faculty{id=1, facultyName='Changed faculty name'}}
26 Feb;19:05:45.840 [main] INFO  u.c.f.c.service.TeacherService - getById: teacher = Teacher{id=6, firstName='Ellie', lastName='Purh', faculty=Faculty{id=1, facultyName='Changed faculty name'}}
26 Feb;19:05:45.840 [main] INFO  u.c.f.c.service.ClassroomService - getById: classroom = Classroom{id=6, roomName='B-1', roomType='Class', roomCapacity=30, building=Building{id=2, buildingName='E'}}
26 Feb;19:05:45.841 [main] INFO  u.c.f.c.service.CourseService - getById: course = Course{id=6, courseName='Biology'}
26 Feb;19:05:45.841 [main] INFO  u.c.f.c.service.TeacherService - getById: teacher = Teacher{id=7, firstName='Charlie', lastName='Byrne', faculty=Faculty{id=1, facultyName='Changed faculty name'}}
26 Feb;19:05:45.841 [main] INFO  u.c.f.c.service.TeacherService - getById: teacher = Teacher{id=7, firstName='Charlie', lastName='Byrne', faculty=Faculty{id=1, facultyName='Changed faculty name'}}
26 Feb;19:05:45.841 [main] INFO  u.c.f.c.service.ClassroomService - getById: classroom = Classroom{id=7, roomName='B-2', roomType='Class', roomCapacity=30, building=Building{id=2, buildingName='E'}}
26 Feb;19:05:45.842 [main] INFO  u.c.f.c.service.CourseService - getById: course = Course{id=6, courseName='Biology'}
26 Feb;19:05:45.842 [main] INFO  u.c.f.c.service.TeacherService - getById: teacher = Teacher{id=7, firstName='Charlie', lastName='Byrne', faculty=Faculty{id=1, facultyName='Changed faculty name'}}
26 Feb;19:05:45.842 [main] INFO  u.c.f.c.service.TeacherService - getById: teacher = Teacher{id=7, firstName='Charlie', lastName='Byrne', faculty=Faculty{id=1, facultyName='Changed faculty name'}}
26 Feb;19:05:45.843 [main] INFO  u.c.f.c.service.ClassroomService - getById: classroom = Classroom{id=10, roomName='B-5', roomType='Laboratory', roomCapacity=10, building=Building{id=2, buildingName='E'}}
26 Feb;19:05:45.843 [main] INFO  u.c.f.c.service.CourseService - getById: course = Course{id=6, courseName='Biology'}
26 Feb;19:05:45.843 [main] INFO  u.c.f.c.service.TeacherService - getById: teacher = Teacher{id=7, firstName='Charlie', lastName='Byrne', faculty=Faculty{id=1, facultyName='Changed faculty name'}}
26 Feb;19:05:45.843 [main] INFO  u.c.f.c.service.TeacherService - getById: teacher = Teacher{id=7, firstName='Charlie', lastName='Byrne', faculty=Faculty{id=1, facultyName='Changed faculty name'}}
26 Feb;19:05:45.844 [main] INFO  u.c.f.c.service.ClassroomService - getById: classroom = Classroom{id=14, roomName='C-4', roomType='Lecture', roomCapacity=50, building=Building{id=3, buildingName='C'}}
26 Feb;19:05:45.844 [main] INFO  u.c.f.c.service.CourseService - getById: course = Course{id=10, courseName='Geometry'}
26 Feb;19:05:45.844 [main] INFO  u.c.f.c.service.TeacherService - getById: teacher = Teacher{id=12, firstName='Mia', lastName='Brown', faculty=Faculty{id=2, facultyName='Changed faculty name'}}
26 Feb;19:05:45.844 [main] INFO  u.c.f.c.service.TeacherService - getById: teacher = Teacher{id=12, firstName='Mia', lastName='Brown', faculty=Faculty{id=2, facultyName='Changed faculty name'}}
26 Feb;19:05:45.845 [main] INFO  u.c.f.c.service.ClassroomService - getById: classroom = Classroom{id=14, roomName='C-4', roomType='Lecture', roomCapacity=50, building=Building{id=3, buildingName='C'}}
26 Feb;19:05:45.845 [main] INFO  u.c.f.c.service.CourseService - getById: course = Course{id=10, courseName='Geometry'}
26 Feb;19:05:45.845 [main] INFO  u.c.f.c.service.TeacherService - getById: teacher = Teacher{id=12, firstName='Mia', lastName='Brown', faculty=Faculty{id=2, facultyName='Changed faculty name'}}
26 Feb;19:05:45.845 [main] INFO  u.c.f.c.service.TeacherService - getById: teacher = Teacher{id=12, firstName='Mia', lastName='Brown', faculty=Faculty{id=2, facultyName='Changed faculty name'}}
26 Feb;19:05:45.846 [main] INFO  u.c.f.c.service.ClassroomService - getById: classroom = Classroom{id=11, roomName='C-1', roomType='Class', roomCapacity=30, building=Building{id=3, buildingName='C'}}
26 Feb;19:05:45.846 [main] INFO  u.c.f.c.service.CourseService - getById: course = Course{id=10, courseName='Geometry'}
26 Feb;19:05:45.846 [main] INFO  u.c.f.c.service.TeacherService - getById: teacher = Teacher{id=12, firstName='Mia', lastName='Brown', faculty=Faculty{id=2, facultyName='Changed faculty name'}}
26 Feb;19:05:45.847 [main] INFO  u.c.f.c.service.TeacherService - getById: teacher = Teacher{id=12, firstName='Mia', lastName='Brown', faculty=Faculty{id=2, facultyName='Changed faculty name'}}
26 Feb;19:05:45.847 [main] INFO  u.c.f.c.service.ClassroomService - getById: classroom = Classroom{id=13, roomName='C-3', roomType='Class', roomCapacity=30, building=Building{id=3, buildingName='C'}}
26 Feb;19:05:45.848 [main] INFO  u.c.f.c.service.CourseService - getById: course = Course{id=10, courseName='Geometry'}
26 Feb;19:05:45.848 [main] INFO  u.c.f.c.service.TeacherService - getById: teacher = Teacher{id=12, firstName='Mia', lastName='Brown', faculty=Faculty{id=2, facultyName='Changed faculty name'}}
26 Feb;19:05:45.848 [main] INFO  u.c.f.c.service.TeacherService - getById: teacher = Teacher{id=12, firstName='Mia', lastName='Brown', faculty=Faculty{id=2, facultyName='Changed faculty name'}}
26 Feb;19:05:45.849 [main] INFO  u.c.f.c.service.ClassroomService - getById: classroom = Classroom{id=15, roomName='C-5', roomType='Laboratory', roomCapacity=10, building=Building{id=3, buildingName='C'}}
26 Feb;19:05:45.849 [main] INFO  u.c.f.c.service.CourseService - getById: course = Course{id=10, courseName='Geometry'}
26 Feb;19:05:45.849 [main] INFO  u.c.f.c.service.TeacherService - getById: teacher = Teacher{id=12, firstName='Mia', lastName='Brown', faculty=Faculty{id=2, facultyName='Changed faculty name'}}
26 Feb;19:05:45.850 [main] INFO  u.c.f.c.service.TeacherService - getById: teacher = Teacher{id=12, firstName='Mia', lastName='Brown', faculty=Faculty{id=2, facultyName='Changed faculty name'}}
26 Feb;19:05:45.850 [main] INFO  u.c.f.c.service.ClassroomService - getById: classroom = Classroom{id=4, roomName='A-4', roomType='Lecture', roomCapacity=50, building=Building{id=1, buildingName='Changed name'}}
26 Feb;19:05:45.850 [main] INFO  u.c.f.c.service.CourseService - getById: course = Course{id=4, courseName='Political science'}
26 Feb;19:05:45.851 [main] INFO  u.c.f.c.service.TeacherService - getById: teacher = Teacher{id=4, firstName='Olivia', lastName='Blake', faculty=Faculty{id=3, facultyName='Faculty of Arts'}}
26 Feb;19:05:45.851 [main] INFO  u.c.f.c.service.TeacherService - getById: teacher = Teacher{id=4, firstName='Olivia', lastName='Blake', faculty=Faculty{id=3, facultyName='Faculty of Arts'}}
26 Feb;19:05:45.852 [main] INFO  u.c.f.c.service.ClassroomService - getById: classroom = Classroom{id=1, roomName='A-1', roomType='Class', roomCapacity=30, building=Building{id=1, buildingName='Changed name'}}
26 Feb;19:05:45.852 [main] INFO  u.c.f.c.service.CourseService - getById: course = Course{id=4, courseName='Political science'}
26 Feb;19:05:45.852 [main] INFO  u.c.f.c.service.TeacherService - getById: teacher = Teacher{id=4, firstName='Olivia', lastName='Blake', faculty=Faculty{id=3, facultyName='Faculty of Arts'}}
26 Feb;19:05:45.852 [main] INFO  u.c.f.c.service.TeacherService - getById: teacher = Teacher{id=4, firstName='Olivia', lastName='Blake', faculty=Faculty{id=3, facultyName='Faculty of Arts'}}
26 Feb;19:05:45.853 [main] INFO  u.c.f.c.service.ClassroomService - getById: classroom = Classroom{id=2, roomName='A-2', roomType='Class', roomCapacity=30, building=Building{id=1, buildingName='Changed name'}}
26 Feb;19:05:45.853 [main] INFO  u.c.f.c.service.CourseService - getById: course = Course{id=5, courseName='Culture'}
26 Feb;19:05:45.853 [main] INFO  u.c.f.c.service.TeacherService - getById: teacher = Teacher{id=5, firstName='Scarlett', lastName='Nimoy', faculty=Faculty{id=3, facultyName='Faculty of Arts'}}
26 Feb;19:05:45.854 [main] INFO  u.c.f.c.service.TeacherService - getById: teacher = Teacher{id=5, firstName='Scarlett', lastName='Nimoy', faculty=Faculty{id=3, facultyName='Faculty of Arts'}}
26 Feb;19:05:45.854 [main] INFO  u.c.f.c.service.ClassroomService - getById: classroom = Classroom{id=3, roomName='B-10', roomType='Laboratory', roomCapacity=10, building=Building{id=2, buildingName='E'}}
26 Feb;19:05:45.854 [main] INFO  u.c.f.c.service.CourseService - getById: course = Course{id=5, courseName='Culture'}
26 Feb;19:05:45.854 [main] INFO  u.c.f.c.service.TeacherService - getById: teacher = Teacher{id=5, firstName='Scarlett', lastName='Nimoy', faculty=Faculty{id=3, facultyName='Faculty of Arts'}}
26 Feb;19:05:45.855 [main] INFO  u.c.f.c.service.TeacherService - getById: teacher = Teacher{id=5, firstName='Scarlett', lastName='Nimoy', faculty=Faculty{id=3, facultyName='Faculty of Arts'}}
26 Feb;19:05:45.855 [main] INFO  u.c.f.c.service.ClassroomService - getById: classroom = Classroom{id=4, roomName='A-4', roomType='Lecture', roomCapacity=50, building=Building{id=1, buildingName='Changed name'}}
26 Feb;19:05:45.855 [main] INFO  u.c.f.c.service.CourseService - getById: course = Course{id=1, courseName='History'}
26 Feb;19:05:45.856 [main] INFO  u.c.f.c.service.TeacherService - getById: teacher = Teacher{id=1, firstName='Albert', lastName='Johnson', faculty=Faculty{id=3, facultyName='Faculty of Arts'}}
26 Feb;19:05:45.856 [main] INFO  u.c.f.c.service.TeacherService - getById: teacher = Teacher{id=1, firstName='Albert', lastName='Johnson', faculty=Faculty{id=3, facultyName='Faculty of Arts'}}
26 Feb;19:05:45.856 [main] INFO  u.c.f.c.service.ClassroomService - getById: classroom = Classroom{id=9, roomName='New name', roomType='Lecture', roomCapacity=50, building=Building{id=2, buildingName='E'}}
26 Feb;19:05:45.856 [main] INFO  u.c.f.c.service.CourseService - getById: course = Course{id=7, courseName='Chemistry'}
26 Feb;19:05:45.857 [main] INFO  u.c.f.c.service.TeacherService - getById: teacher = Teacher{id=8, firstName='Samuel', lastName='Travis', faculty=Faculty{id=1, facultyName='Changed faculty name'}}
26 Feb;19:05:45.857 [main] INFO  u.c.f.c.service.TeacherService - getById: teacher = Teacher{id=8, firstName='Samuel', lastName='Travis', faculty=Faculty{id=1, facultyName='Changed faculty name'}}
26 Feb;19:05:45.857 [main] INFO  u.c.f.c.service.ClassroomService - getById: classroom = Classroom{id=9, roomName='New name', roomType='Lecture', roomCapacity=50, building=Building{id=2, buildingName='E'}}
26 Feb;19:05:45.857 [main] INFO  u.c.f.c.service.CourseService - getById: course = Course{id=7, courseName='Chemistry'}
26 Feb;19:05:45.858 [main] INFO  u.c.f.c.service.TeacherService - getById: teacher = Teacher{id=8, firstName='Samuel', lastName='Travis', faculty=Faculty{id=1, facultyName='Changed faculty name'}}
26 Feb;19:05:45.858 [main] INFO  u.c.f.c.service.TeacherService - getById: teacher = Teacher{id=8, firstName='Samuel', lastName='Travis', faculty=Faculty{id=1, facultyName='Changed faculty name'}}
26 Feb;19:05:45.858 [main] INFO  u.c.f.c.service.ClassroomService - getById: classroom = Classroom{id=6, roomName='B-1', roomType='Class', roomCapacity=30, building=Building{id=2, buildingName='E'}}
26 Feb;19:05:45.859 [main] INFO  u.c.f.c.service.CourseService - getById: course = Course{id=7, courseName='Chemistry'}
26 Feb;19:05:45.859 [main] INFO  u.c.f.c.service.TeacherService - getById: teacher = Teacher{id=9, firstName='Albert', lastName='Hill', faculty=Faculty{id=1, facultyName='Changed faculty name'}}
26 Feb;19:05:45.859 [main] INFO  u.c.f.c.service.TeacherService - getById: teacher = Teacher{id=9, firstName='Albert', lastName='Hill', faculty=Faculty{id=1, facultyName='Changed faculty name'}}
26 Feb;19:05:45.859 [main] INFO  u.c.f.c.service.ClassroomService - getById: classroom = Classroom{id=7, roomName='B-2', roomType='Class', roomCapacity=30, building=Building{id=2, buildingName='E'}}
26 Feb;19:05:45.860 [main] INFO  u.c.f.c.service.CourseService - getById: course = Course{id=7, courseName='Chemistry'}
26 Feb;19:05:45.860 [main] INFO  u.c.f.c.service.TeacherService - getById: teacher = Teacher{id=9, firstName='Albert', lastName='Hill', faculty=Faculty{id=1, facultyName='Changed faculty name'}}
26 Feb;19:05:45.860 [main] INFO  u.c.f.c.service.TeacherService - getById: teacher = Teacher{id=9, firstName='Albert', lastName='Hill', faculty=Faculty{id=1, facultyName='Changed faculty name'}}
26 Feb;19:05:45.860 [main] INFO  u.c.f.c.service.ClassroomService - getById: classroom = Classroom{id=10, roomName='B-5', roomType='Laboratory', roomCapacity=10, building=Building{id=2, buildingName='E'}}
26 Feb;19:05:45.861 [main] INFO  u.c.f.c.service.CourseService - getById: course = Course{id=7, courseName='Chemistry'}
26 Feb;19:05:45.861 [main] INFO  u.c.f.c.service.TeacherService - getById: teacher = Teacher{id=9, firstName='Albert', lastName='Hill', faculty=Faculty{id=1, facultyName='Changed faculty name'}}
26 Feb;19:05:45.861 [main] INFO  u.c.f.c.service.TeacherService - getById: teacher = Teacher{id=9, firstName='Albert', lastName='Hill', faculty=Faculty{id=1, facultyName='Changed faculty name'}}
26 Feb;19:05:45.861 [main] INFO  u.c.f.c.service.ClassroomService - getById: classroom = Classroom{id=14, roomName='C-4', roomType='Lecture', roomCapacity=50, building=Building{id=3, buildingName='C'}}
26 Feb;19:05:45.862 [main] INFO  u.c.f.c.service.CourseService - getById: course = Course{id=8, courseName='Mathematics'}
26 Feb;19:05:45.862 [main] INFO  u.c.f.c.service.TeacherService - getById: teacher = Teacher{id=10, firstName='Joshua', lastName='Eve', faculty=Faculty{id=2, facultyName='Changed faculty name'}}
26 Feb;19:05:45.862 [main] INFO  u.c.f.c.service.TeacherService - getById: teacher = Teacher{id=10, firstName='Joshua', lastName='Eve', faculty=Faculty{id=2, facultyName='Changed faculty name'}}
26 Feb;19:05:45.863 [main] INFO  u.c.f.c.service.ClassroomService - getById: classroom = Classroom{id=14, roomName='C-4', roomType='Lecture', roomCapacity=50, building=Building{id=3, buildingName='C'}}
26 Feb;19:05:45.863 [main] INFO  u.c.f.c.service.CourseService - getById: course = Course{id=8, courseName='Mathematics'}
26 Feb;19:05:45.863 [main] INFO  u.c.f.c.service.TeacherService - getById: teacher = Teacher{id=10, firstName='Joshua', lastName='Eve', faculty=Faculty{id=2, facultyName='Changed faculty name'}}
26 Feb;19:05:45.863 [main] INFO  u.c.f.c.service.TeacherService - getById: teacher = Teacher{id=10, firstName='Joshua', lastName='Eve', faculty=Faculty{id=2, facultyName='Changed faculty name'}}
26 Feb;19:05:45.864 [main] INFO  u.c.f.c.service.ClassroomService - getById: classroom = Classroom{id=12, roomName='C-2', roomType='Class', roomCapacity=30, building=Building{id=3, buildingName='C'}}
26 Feb;19:05:45.864 [main] INFO  u.c.f.c.service.CourseService - getById: course = Course{id=9, courseName='Physics'}
26 Feb;19:05:45.864 [main] INFO  u.c.f.c.service.TeacherService - getById: teacher = Teacher{id=11, firstName='Sophia', lastName='Roos', faculty=Faculty{id=2, facultyName='Changed faculty name'}}
26 Feb;19:05:45.864 [main] INFO  u.c.f.c.service.TeacherService - getById: teacher = Teacher{id=11, firstName='Sophia', lastName='Roos', faculty=Faculty{id=2, facultyName='Changed faculty name'}}
26 Feb;19:05:45.865 [main] INFO  u.c.f.c.service.ClassroomService - getById: classroom = Classroom{id=12, roomName='C-2', roomType='Class', roomCapacity=30, building=Building{id=3, buildingName='C'}}
26 Feb;19:05:45.865 [main] INFO  u.c.f.c.service.CourseService - getById: course = Course{id=10, courseName='Geometry'}
26 Feb;19:05:45.865 [main] INFO  u.c.f.c.service.TeacherService - getById: teacher = Teacher{id=12, firstName='Mia', lastName='Brown', faculty=Faculty{id=2, facultyName='Changed faculty name'}}
26 Feb;19:05:45.866 [main] INFO  u.c.f.c.service.TeacherService - getById: teacher = Teacher{id=12, firstName='Mia', lastName='Brown', faculty=Faculty{id=2, facultyName='Changed faculty name'}}
26 Feb;19:05:45.866 [main] INFO  u.c.f.c.service.ClassroomService - getById: classroom = Classroom{id=15, roomName='C-5', roomType='Laboratory', roomCapacity=10, building=Building{id=3, buildingName='C'}}
26 Feb;19:05:45.866 [main] INFO  u.c.f.c.service.CourseService - getById: course = Course{id=8, courseName='Mathematics'}
26 Feb;19:05:45.866 [main] INFO  u.c.f.c.service.TeacherService - getById: teacher = Teacher{id=10, firstName='Joshua', lastName='Eve', faculty=Faculty{id=2, facultyName='Changed faculty name'}}
26 Feb;19:05:45.867 [main] INFO  u.c.f.c.service.TeacherService - getById: teacher = Teacher{id=10, firstName='Joshua', lastName='Eve', faculty=Faculty{id=2, facultyName='Changed faculty name'}}
26 Feb;19:05:45.867 [main] INFO  u.c.f.c.service.ClassroomService - getById: classroom = Classroom{id=4, roomName='A-4', roomType='Lecture', roomCapacity=50, building=Building{id=1, buildingName='Changed name'}}
26 Feb;19:05:45.868 [main] INFO  u.c.f.c.service.CourseService - getById: course = Course{id=5, courseName='Culture'}
26 Feb;19:05:45.868 [main] INFO  u.c.f.c.service.TeacherService - getById: teacher = Teacher{id=5, firstName='Scarlett', lastName='Nimoy', faculty=Faculty{id=3, facultyName='Faculty of Arts'}}
26 Feb;19:05:45.868 [main] INFO  u.c.f.c.service.TeacherService - getById: teacher = Teacher{id=5, firstName='Scarlett', lastName='Nimoy', faculty=Faculty{id=3, facultyName='Faculty of Arts'}}
26 Feb;19:05:45.869 [main] INFO  u.c.f.c.service.ClassroomService - getById: classroom = Classroom{id=1, roomName='A-1', roomType='Class', roomCapacity=30, building=Building{id=1, buildingName='Changed name'}}
26 Feb;19:05:45.869 [main] INFO  u.c.f.c.service.CourseService - getById: course = Course{id=5, courseName='Culture'}
26 Feb;19:05:45.869 [main] INFO  u.c.f.c.service.TeacherService - getById: teacher = Teacher{id=5, firstName='Scarlett', lastName='Nimoy', faculty=Faculty{id=3, facultyName='Faculty of Arts'}}
26 Feb;19:05:45.869 [main] INFO  u.c.f.c.service.TeacherService - getById: teacher = Teacher{id=5, firstName='Scarlett', lastName='Nimoy', faculty=Faculty{id=3, facultyName='Faculty of Arts'}}
26 Feb;19:05:45.870 [main] INFO  u.c.f.c.service.ClassroomService - getById: classroom = Classroom{id=2, roomName='A-2', roomType='Class', roomCapacity=30, building=Building{id=1, buildingName='Changed name'}}
26 Feb;19:05:45.870 [main] INFO  u.c.f.c.service.CourseService - getById: course = Course{id=1, courseName='History'}
26 Feb;19:05:45.871 [main] INFO  u.c.f.c.service.TeacherService - getById: teacher = Teacher{id=1, firstName='Albert', lastName='Johnson', faculty=Faculty{id=3, facultyName='Faculty of Arts'}}
26 Feb;19:05:45.871 [main] INFO  u.c.f.c.service.TeacherService - getById: teacher = Teacher{id=1, firstName='Albert', lastName='Johnson', faculty=Faculty{id=3, facultyName='Faculty of Arts'}}
26 Feb;19:05:45.871 [main] INFO  u.c.f.c.service.ClassroomService - getById: classroom = Classroom{id=3, roomName='B-10', roomType='Laboratory', roomCapacity=10, building=Building{id=2, buildingName='E'}}
26 Feb;19:05:45.872 [main] INFO  u.c.f.c.service.CourseService - getById: course = Course{id=1, courseName='History'}
26 Feb;19:05:45.872 [main] INFO  u.c.f.c.service.TeacherService - getById: teacher = Teacher{id=1, firstName='Albert', lastName='Johnson', faculty=Faculty{id=3, facultyName='Faculty of Arts'}}
26 Feb;19:05:45.872 [main] INFO  u.c.f.c.service.TeacherService - getById: teacher = Teacher{id=1, firstName='Albert', lastName='Johnson', faculty=Faculty{id=3, facultyName='Faculty of Arts'}}
26 Feb;19:05:45.873 [main] INFO  u.c.f.c.service.ClassroomService - getById: classroom = Classroom{id=4, roomName='A-4', roomType='Lecture', roomCapacity=50, building=Building{id=1, buildingName='Changed name'}}
26 Feb;19:05:45.873 [main] INFO  u.c.f.c.service.CourseService - getById: course = Course{id=2, courseName='Philosophy'}
26 Feb;19:05:45.873 [main] INFO  u.c.f.c.service.TeacherService - getById: teacher = Teacher{id=2, firstName='Stanley', lastName='Gruber', faculty=Faculty{id=3, facultyName='Faculty of Arts'}}
26 Feb;19:05:45.873 [main] INFO  u.c.f.c.service.TeacherService - getById: teacher = Teacher{id=2, firstName='Stanley', lastName='Gruber', faculty=Faculty{id=3, facultyName='Faculty of Arts'}}
26 Feb;19:05:45.874 [main] INFO  u.c.f.c.service.ClassroomService - getById: classroom = Classroom{id=9, roomName='New name', roomType='Lecture', roomCapacity=50, building=Building{id=2, buildingName='E'}}
26 Feb;19:05:45.874 [main] INFO  u.c.f.c.service.CourseService - getById: course = Course{id=6, courseName='Biology'}
26 Feb;19:05:45.874 [main] INFO  u.c.f.c.service.TeacherService - getById: teacher = Teacher{id=6, firstName='Ellie', lastName='Purh', faculty=Faculty{id=1, facultyName='Changed faculty name'}}
26 Feb;19:05:45.875 [main] INFO  u.c.f.c.service.TeacherService - getById: teacher = Teacher{id=6, firstName='Ellie', lastName='Purh', faculty=Faculty{id=1, facultyName='Changed faculty name'}}
26 Feb;19:05:45.875 [main] INFO  u.c.f.c.service.ClassroomService - getById: classroom = Classroom{id=9, roomName='New name', roomType='Lecture', roomCapacity=50, building=Building{id=2, buildingName='E'}}
26 Feb;19:05:45.875 [main] INFO  u.c.f.c.service.CourseService - getById: course = Course{id=6, courseName='Biology'}
26 Feb;19:05:45.876 [main] INFO  u.c.f.c.service.TeacherService - getById: teacher = Teacher{id=6, firstName='Ellie', lastName='Purh', faculty=Faculty{id=1, facultyName='Changed faculty name'}}
26 Feb;19:05:45.876 [main] INFO  u.c.f.c.service.TeacherService - getById: teacher = Teacher{id=6, firstName='Ellie', lastName='Purh', faculty=Faculty{id=1, facultyName='Changed faculty name'}}
26 Feb;19:05:45.876 [main] INFO  u.c.f.c.service.ClassroomService - getById: classroom = Classroom{id=6, roomName='B-1', roomType='Class', roomCapacity=30, building=Building{id=2, buildingName='E'}}
26 Feb;19:05:45.877 [main] INFO  u.c.f.c.service.CourseService - getById: course = Course{id=6, courseName='Biology'}
26 Feb;19:05:45.877 [main] INFO  u.c.f.c.service.TeacherService - getById: teacher = Teacher{id=7, firstName='Charlie', lastName='Byrne', faculty=Faculty{id=1, facultyName='Changed faculty name'}}
26 Feb;19:05:45.877 [main] INFO  u.c.f.c.service.TeacherService - getById: teacher = Teacher{id=7, firstName='Charlie', lastName='Byrne', faculty=Faculty{id=1, facultyName='Changed faculty name'}}
26 Feb;19:05:45.878 [main] INFO  u.c.f.c.service.ClassroomService - getById: classroom = Classroom{id=7, roomName='B-2', roomType='Class', roomCapacity=30, building=Building{id=2, buildingName='E'}}
26 Feb;19:05:45.878 [main] INFO  u.c.f.c.service.CourseService - getById: course = Course{id=6, courseName='Biology'}
26 Feb;19:05:45.878 [main] INFO  u.c.f.c.service.TeacherService - getById: teacher = Teacher{id=7, firstName='Charlie', lastName='Byrne', faculty=Faculty{id=1, facultyName='Changed faculty name'}}
26 Feb;19:05:45.878 [main] INFO  u.c.f.c.service.TeacherService - getById: teacher = Teacher{id=7, firstName='Charlie', lastName='Byrne', faculty=Faculty{id=1, facultyName='Changed faculty name'}}
26 Feb;19:05:45.879 [main] INFO  u.c.f.c.service.ClassroomService - getById: classroom = Classroom{id=10, roomName='B-5', roomType='Laboratory', roomCapacity=10, building=Building{id=2, buildingName='E'}}
26 Feb;19:05:45.879 [main] INFO  u.c.f.c.service.CourseService - getById: course = Course{id=6, courseName='Biology'}
26 Feb;19:05:45.879 [main] INFO  u.c.f.c.service.TeacherService - getById: teacher = Teacher{id=7, firstName='Charlie', lastName='Byrne', faculty=Faculty{id=1, facultyName='Changed faculty name'}}
26 Feb;19:05:45.880 [main] INFO  u.c.f.c.service.TeacherService - getById: teacher = Teacher{id=7, firstName='Charlie', lastName='Byrne', faculty=Faculty{id=1, facultyName='Changed faculty name'}}
26 Feb;19:05:45.880 [main] INFO  u.c.f.c.service.ClassroomService - getById: classroom = Classroom{id=14, roomName='C-4', roomType='Lecture', roomCapacity=50, building=Building{id=3, buildingName='C'}}
26 Feb;19:05:45.880 [main] INFO  u.c.f.c.service.CourseService - getById: course = Course{id=9, courseName='Physics'}
26 Feb;19:05:45.881 [main] INFO  u.c.f.c.service.TeacherService - getById: teacher = Teacher{id=11, firstName='Sophia', lastName='Roos', faculty=Faculty{id=2, facultyName='Changed faculty name'}}
26 Feb;19:05:45.881 [main] INFO  u.c.f.c.service.TeacherService - getById: teacher = Teacher{id=11, firstName='Sophia', lastName='Roos', faculty=Faculty{id=2, facultyName='Changed faculty name'}}
26 Feb;19:05:45.881 [main] INFO  u.c.f.c.service.ClassroomService - getById: classroom = Classroom{id=14, roomName='C-4', roomType='Lecture', roomCapacity=50, building=Building{id=3, buildingName='C'}}
26 Feb;19:05:45.882 [main] INFO  u.c.f.c.service.CourseService - getById: course = Course{id=10, courseName='Geometry'}
26 Feb;19:05:45.882 [main] INFO  u.c.f.c.service.TeacherService - getById: teacher = Teacher{id=12, firstName='Mia', lastName='Brown', faculty=Faculty{id=2, facultyName='Changed faculty name'}}
26 Feb;19:05:45.882 [main] INFO  u.c.f.c.service.TeacherService - getById: teacher = Teacher{id=12, firstName='Mia', lastName='Brown', faculty=Faculty{id=2, facultyName='Changed faculty name'}}
26 Feb;19:05:45.883 [main] INFO  u.c.f.c.service.ClassroomService - getById: classroom = Classroom{id=13, roomName='C-3', roomType='Class', roomCapacity=30, building=Building{id=3, buildingName='C'}}
26 Feb;19:05:45.883 [main] INFO  u.c.f.c.service.CourseService - getById: course = Course{id=8, courseName='Mathematics'}
26 Feb;19:05:45.883 [main] INFO  u.c.f.c.service.TeacherService - getById: teacher = Teacher{id=10, firstName='Joshua', lastName='Eve', faculty=Faculty{id=2, facultyName='Changed faculty name'}}
26 Feb;19:05:45.884 [main] INFO  u.c.f.c.service.TeacherService - getById: teacher = Teacher{id=10, firstName='Joshua', lastName='Eve', faculty=Faculty{id=2, facultyName='Changed faculty name'}}
26 Feb;19:05:45.884 [main] INFO  u.c.f.c.service.ClassroomService - getById: classroom = Classroom{id=15, roomName='C-5', roomType='Laboratory', roomCapacity=10, building=Building{id=3, buildingName='C'}}
26 Feb;19:05:45.884 [main] INFO  u.c.f.c.service.CourseService - getById: course = Course{id=9, courseName='Physics'}
26 Feb;19:05:45.885 [main] INFO  u.c.f.c.service.TeacherService - getById: teacher = Teacher{id=11, firstName='Sophia', lastName='Roos', faculty=Faculty{id=2, facultyName='Changed faculty name'}}
26 Feb;19:05:45.885 [main] INFO  u.c.f.c.service.TeacherService - getById: teacher = Teacher{id=11, firstName='Sophia', lastName='Roos', faculty=Faculty{id=2, facultyName='Changed faculty name'}}
26 Feb;19:05:45.885 [main] INFO  u.c.f.c.service.ClassroomService - getById: classroom = Classroom{id=1, roomName='A-1', roomType='Class', roomCapacity=30, building=Building{id=1, buildingName='Changed name'}}
26 Feb;19:05:45.886 [main] INFO  u.c.f.c.service.CourseService - getById: course = Course{id=1, courseName='History'}
26 Feb;19:05:45.886 [main] INFO  u.c.f.c.service.TeacherService - getById: teacher = Teacher{id=1, firstName='Albert', lastName='Johnson', faculty=Faculty{id=3, facultyName='Faculty of Arts'}}
26 Feb;19:05:45.886 [main] INFO  u.c.f.c.service.TeacherService - getById: teacher = Teacher{id=1, firstName='Albert', lastName='Johnson', faculty=Faculty{id=3, facultyName='Faculty of Arts'}}

MockHttpServletRequest:
      HTTP Method = GET
      Request URI = /lessons
       Parameters = {}
          Headers = []
             Body = <no character encoding set>
    Session Attrs = {}

Handler:
             Type = ua.com.foxminded.classtimetable.controllers.ui.LessonController
           Method = ua.com.foxminded.classtimetable.controllers.ui.LessonController#showAll(ModelMap)

Async:
    Async started = false
     Async result = null

Resolved Exception:
             Type = null

ModelAndView:
        View name = lessons/showAll
             View = null
        Attribute = lessons
            value = [LessonDto{id=1, date=2021-01-20, startTime=09:20, endTime=11:00, classroomId=3, courseId=3, teacherId=3}, LessonDto{id=2, date=2021-01-20, startTime=11:10, endTime=12:50, classroomId=1, courseId=3, teacherId=3}, LessonDto{id=3, date=2021-01-20, startTime=13:00, endTime=14:40, classroomId=2, courseId=4, teacherId=4}, LessonDto{id=4, date=2021-01-20, startTime=14:50, endTime=16:30, classroomId=3, courseId=4, teacherId=4}, LessonDto{id=5, date=2021-01-20, startTime=16:40, endTime=18:20, classroomId=4, courseId=5, teacherId=5}, LessonDto{id=6, date=2021-01-20, startTime=09:20, endTime=11:00, classroomId=9, courseId=6, teacherId=6}, LessonDto{id=7, date=2021-01-20, startTime=11:10, endTime=12:50, classroomId=9, courseId=6, teacherId=6}, LessonDto{id=8, date=2021-01-20, startTime=13:00, endTime=14:40, classroomId=6, courseId=6, teacherId=7}, LessonDto{id=9, date=2021-01-20, startTime=14:50, endTime=16:30, classroomId=7, courseId=6, teacherId=7}, LessonDto{id=10, date=2021-01-20, startTime=16:40, endTime=18:20, classroomId=10, courseId=6, teacherId=7}, LessonDto{id=11, date=2021-01-20, startTime=09:20, endTime=11:00, classroomId=14, courseId=10, teacherId=12}, LessonDto{id=12, date=2021-01-20, startTime=11:10, endTime=12:50, classroomId=14, courseId=10, teacherId=12}, LessonDto{id=13, date=2021-01-20, startTime=13:00, endTime=14:40, classroomId=11, courseId=10, teacherId=12}, LessonDto{id=14, date=2021-01-20, startTime=14:50, endTime=16:30, classroomId=13, courseId=10, teacherId=12}, LessonDto{id=15, date=2021-01-20, startTime=16:40, endTime=18:20, classroomId=15, courseId=10, teacherId=12}, LessonDto{id=16, date=2021-01-21, startTime=09:20, endTime=11:00, classroomId=4, courseId=4, teacherId=4}, LessonDto{id=17, date=2021-01-21, startTime=11:10, endTime=12:50, classroomId=1, courseId=4, teacherId=4}, LessonDto{id=18, date=2021-01-21, startTime=13:00, endTime=14:40, classroomId=2, courseId=5, teacherId=5}, LessonDto{id=19, date=2021-01-21, startTime=14:50, endTime=16:30, classroomId=3, courseId=5, teacherId=5}, LessonDto{id=20, date=2021-01-21, startTime=16:40, endTime=18:20, classroomId=4, courseId=1, teacherId=1}, LessonDto{id=21, date=2021-01-21, startTime=09:20, endTime=11:00, classroomId=9, courseId=7, teacherId=8}, LessonDto{id=22, date=2021-01-21, startTime=11:10, endTime=12:50, classroomId=9, courseId=7, teacherId=8}, LessonDto{id=23, date=2021-01-21, startTime=13:00, endTime=14:40, classroomId=6, courseId=7, teacherId=9}, LessonDto{id=24, date=2021-01-21, startTime=14:50, endTime=16:30, classroomId=7, courseId=7, teacherId=9}, LessonDto{id=25, date=2021-01-21, startTime=16:40, endTime=18:20, classroomId=10, courseId=7, teacherId=9}, LessonDto{id=26, date=2021-01-21, startTime=09:20, endTime=11:00, classroomId=14, courseId=8, teacherId=10}, LessonDto{id=27, date=2021-01-21, startTime=11:10, endTime=12:50, classroomId=14, courseId=8, teacherId=10}, LessonDto{id=28, date=2021-01-21, startTime=13:00, endTime=14:40, classroomId=12, courseId=9, teacherId=11}, LessonDto{id=29, date=2021-01-21, startTime=14:50, endTime=16:30, classroomId=12, courseId=10, teacherId=12}, LessonDto{id=30, date=2021-01-21, startTime=16:40, endTime=18:20, classroomId=15, courseId=8, teacherId=10}, LessonDto{id=31, date=2021-01-22, startTime=09:20, endTime=11:00, classroomId=4, courseId=5, teacherId=5}, LessonDto{id=32, date=2021-01-22, startTime=11:10, endTime=12:50, classroomId=1, courseId=5, teacherId=5}, LessonDto{id=33, date=2021-01-22, startTime=13:00, endTime=14:40, classroomId=2, courseId=1, teacherId=1}, LessonDto{id=34, date=2021-01-22, startTime=14:50, endTime=16:30, classroomId=3, courseId=1, teacherId=1}, LessonDto{id=35, date=2021-01-22, startTime=16:40, endTime=18:20, classroomId=4, courseId=2, teacherId=2}, LessonDto{id=36, date=2021-01-22, startTime=09:20, endTime=11:00, classroomId=9, courseId=6, teacherId=6}, LessonDto{id=37, date=2021-01-22, startTime=11:10, endTime=12:50, classroomId=9, courseId=6, teacherId=6}, LessonDto{id=38, date=2021-01-22, startTime=13:00, endTime=14:40, classroomId=6, courseId=6, teacherId=7}, LessonDto{id=39, date=2021-01-22, startTime=14:50, endTime=16:30, classroomId=7, courseId=6, teacherId=7}, LessonDto{id=40, date=2021-01-22, startTime=16:40, endTime=18:20, classroomId=10, courseId=6, teacherId=7}, LessonDto{id=41, date=2021-01-22, startTime=09:20, endTime=11:00, classroomId=14, courseId=9, teacherId=11}, LessonDto{id=42, date=2021-01-22, startTime=11:10, endTime=12:50, classroomId=14, courseId=10, teacherId=12}, LessonDto{id=43, date=2021-01-22, startTime=13:00, endTime=14:40, classroomId=13, courseId=8, teacherId=10}, LessonDto{id=44, date=2021-01-22, startTime=14:50, endTime=16:30, classroomId=15, courseId=9, teacherId=11}, LessonDto{id=45, date=2021-01-22, startTime=16:40, endTime=18:20, classroomId=15, courseId=10, teacherId=12}, LessonDto{id=46, date=2021-01-25, startTime=09:20, endTime=11:00, classroomId=4, courseId=1, teacherId=1}, LessonDto{id=47, date=2021-01-25, startTime=11:10, endTime=12:50, classroomId=1, courseId=1, teacherId=1}, LessonDto{id=48, date=2021-01-25, startTime=13:00, endTime=14:40, classroomId=2, courseId=2, teacherId=2}, LessonDto{id=49, date=2021-01-25, startTime=14:50, endTime=16:30, classroomId=3, courseId=2, teacherId=2}, LessonDto{id=50, date=2021-01-25, startTime=16:40, endTime=18:20, classroomId=4, courseId=3, teacherId=3}, LessonDto{id=51, date=2021-01-25, startTime=09:20, endTime=11:00, classroomId=9, courseId=6, teacherId=6}, LessonDto{id=52, date=2021-01-25, startTime=11:10, endTime=12:50, classroomId=9, courseId=6, teacherId=6}, LessonDto{id=53, date=2021-01-25, startTime=13:00, endTime=14:40, classroomId=6, courseId=6, teacherId=7}, LessonDto{id=54, date=2021-01-25, startTime=14:50, endTime=16:30, classroomId=7, courseId=6, teacherId=7}, LessonDto{id=55, date=2021-01-25, startTime=16:40, endTime=18:20, classroomId=10, courseId=6, teacherId=7}, LessonDto{id=56, date=2021-01-25, startTime=09:20, endTime=11:00, classroomId=14, courseId=8, teacherId=10}, LessonDto{id=57, date=2021-01-25, startTime=11:10, endTime=12:50, classroomId=14, courseId=8, teacherId=10}, LessonDto{id=58, date=2021-01-25, startTime=13:00, endTime=14:40, classroomId=11, courseId=8, teacherId=10}, LessonDto{id=59, date=2021-01-25, startTime=14:50, endTime=16:30, classroomId=13, courseId=8, teacherId=10}, LessonDto{id=60, date=2021-01-25, startTime=16:40, endTime=18:20, classroomId=15, courseId=8, teacherId=10}, LessonDto{id=61, date=2021-01-26, startTime=09:20, endTime=11:00, classroomId=4, courseId=2, teacherId=2}, LessonDto{id=62, date=2021-01-26, startTime=11:10, endTime=12:50, classroomId=1, courseId=2, teacherId=2}, LessonDto{id=63, date=2021-01-26, startTime=13:00, endTime=14:40, classroomId=2, courseId=3, teacherId=3}, LessonDto{id=64, date=2021-01-26, startTime=14:50, endTime=16:30, classroomId=3, courseId=3, teacherId=3}, LessonDto{id=65, date=2021-01-26, startTime=16:40, endTime=18:20, classroomId=4, courseId=4, teacherId=4}, LessonDto{id=66, date=2021-01-26, startTime=09:20, endTime=11:00, classroomId=9, courseId=7, teacherId=8}, LessonDto{id=67, date=2021-01-26, startTime=11:10, endTime=12:50, classroomId=9, courseId=7, teacherId=8}, LessonDto{id=68, date=2021-01-26, startTime=13:00, endTime=14:40, classroomId=6, courseId=7, teacherId=9}, LessonDto{id=69, date=2021-01-26, startTime=14:50, endTime=16:30, classroomId=7, courseId=7, teacherId=9}, LessonDto{id=70, date=2021-01-26, startTime=16:40, endTime=18:20, classroomId=10, courseId=7, teacherId=9}, LessonDto{id=71, date=2021-01-26, startTime=09:20, endTime=11:00, classroomId=14, courseId=9, teacherId=11}, LessonDto{id=72, date=2021-01-26, startTime=11:10, endTime=12:50, classroomId=14, courseId=9, teacherId=11}, LessonDto{id=73, date=2021-01-26, startTime=13:00, endTime=14:40, classroomId=11, courseId=9, teacherId=11}, LessonDto{id=74, date=2021-01-26, startTime=14:50, endTime=16:30, classroomId=13, courseId=9, teacherId=11}, LessonDto{id=75, date=2021-01-26, startTime=16:40, endTime=18:20, classroomId=15, courseId=9, teacherId=11}, LessonDto{id=76, date=2021-01-27, startTime=09:20, endTime=11:00, classroomId=4, courseId=3, teacherId=3}, LessonDto{id=77, date=2021-01-27, startTime=11:10, endTime=12:50, classroomId=1, courseId=3, teacherId=3}, LessonDto{id=78, date=2021-01-27, startTime=13:00, endTime=14:40, classroomId=2, courseId=4, teacherId=4}, LessonDto{id=79, date=2021-01-27, startTime=14:50, endTime=16:30, classroomId=3, courseId=4, teacherId=4}, LessonDto{id=80, date=2021-01-27, startTime=16:40, endTime=18:20, classroomId=4, courseId=5, teacherId=5}, LessonDto{id=81, date=2021-01-27, startTime=09:20, endTime=11:00, classroomId=9, courseId=6, teacherId=6}, LessonDto{id=82, date=2021-01-27, startTime=11:10, endTime=12:50, classroomId=9, courseId=6, teacherId=6}, LessonDto{id=83, date=2021-01-27, startTime=13:00, endTime=14:40, classroomId=6, courseId=6, teacherId=7}, LessonDto{id=84, date=2021-01-27, startTime=14:50, endTime=16:30, classroomId=7, courseId=6, teacherId=7}, LessonDto{id=85, date=2021-01-27, startTime=16:40, endTime=18:20, classroomId=10, courseId=6, teacherId=7}, LessonDto{id=86, date=2021-01-27, startTime=09:20, endTime=11:00, classroomId=14, courseId=10, teacherId=12}, LessonDto{id=87, date=2021-01-27, startTime=11:10, endTime=12:50, classroomId=14, courseId=10, teacherId=12}, LessonDto{id=88, date=2021-01-27, startTime=13:00, endTime=14:40, classroomId=11, courseId=10, teacherId=12}, LessonDto{id=89, date=2021-01-27, startTime=14:50, endTime=16:30, classroomId=13, courseId=10, teacherId=12}, LessonDto{id=90, date=2021-01-27, startTime=16:40, endTime=18:20, classroomId=15, courseId=10, teacherId=12}, LessonDto{id=91, date=2021-01-28, startTime=09:20, endTime=11:00, classroomId=4, courseId=4, teacherId=4}, LessonDto{id=92, date=2021-01-28, startTime=11:10, endTime=12:50, classroomId=1, courseId=4, teacherId=4}, LessonDto{id=93, date=2021-01-28, startTime=13:00, endTime=14:40, classroomId=2, courseId=5, teacherId=5}, LessonDto{id=94, date=2021-01-28, startTime=14:50, endTime=16:30, classroomId=3, courseId=5, teacherId=5}, LessonDto{id=95, date=2021-01-28, startTime=16:40, endTime=18:20, classroomId=4, courseId=1, teacherId=1}, LessonDto{id=96, date=2021-01-28, startTime=09:20, endTime=11:00, classroomId=9, courseId=7, teacherId=8}, LessonDto{id=97, date=2021-01-28, startTime=11:10, endTime=12:50, classroomId=9, courseId=7, teacherId=8}, LessonDto{id=98, date=2021-01-28, startTime=13:00, endTime=14:40, classroomId=6, courseId=7, teacherId=9}, LessonDto{id=99, date=2021-01-28, startTime=14:50, endTime=16:30, classroomId=7, courseId=7, teacherId=9}, LessonDto{id=100, date=2021-01-28, startTime=16:40, endTime=18:20, classroomId=10, courseId=7, teacherId=9}, LessonDto{id=101, date=2021-01-28, startTime=09:20, endTime=11:00, classroomId=14, courseId=8, teacherId=10}, LessonDto{id=102, date=2021-01-28, startTime=11:10, endTime=12:50, classroomId=14, courseId=8, teacherId=10}, LessonDto{id=103, date=2021-01-28, startTime=13:00, endTime=14:40, classroomId=12, courseId=9, teacherId=11}, LessonDto{id=104, date=2021-01-28, startTime=14:50, endTime=16:30, classroomId=12, courseId=10, teacherId=12}, LessonDto{id=105, date=2021-01-28, startTime=16:40, endTime=18:20, classroomId=15, courseId=8, teacherId=10}, LessonDto{id=106, date=2021-01-29, startTime=09:20, endTime=11:00, classroomId=4, courseId=5, teacherId=5}, LessonDto{id=107, date=2021-01-29, startTime=11:10, endTime=12:50, classroomId=1, courseId=5, teacherId=5}, LessonDto{id=108, date=2021-01-29, startTime=13:00, endTime=14:40, classroomId=2, courseId=1, teacherId=1}, LessonDto{id=109, date=2021-01-29, startTime=14:50, endTime=16:30, classroomId=3, courseId=1, teacherId=1}, LessonDto{id=110, date=2021-01-29, startTime=16:40, endTime=18:20, classroomId=4, courseId=2, teacherId=2}, LessonDto{id=111, date=2021-01-29, startTime=09:20, endTime=11:00, classroomId=9, courseId=6, teacherId=6}, LessonDto{id=112, date=2021-01-29, startTime=11:10, endTime=12:50, classroomId=9, courseId=6, teacherId=6}, LessonDto{id=113, date=2021-01-29, startTime=13:00, endTime=14:40, classroomId=6, courseId=6, teacherId=7}, LessonDto{id=114, date=2021-01-29, startTime=14:50, endTime=16:30, classroomId=7, courseId=6, teacherId=7}, LessonDto{id=115, date=2021-01-29, startTime=16:40, endTime=18:20, classroomId=10, courseId=6, teacherId=7}, LessonDto{id=116, date=2021-01-29, startTime=09:20, endTime=11:00, classroomId=14, courseId=9, teacherId=11}, LessonDto{id=117, date=2021-01-29, startTime=11:10, endTime=12:50, classroomId=14, courseId=10, teacherId=12}, LessonDto{id=118, date=2021-01-29, startTime=13:00, endTime=14:40, classroomId=13, courseId=8, teacherId=10}, LessonDto{id=119, date=2021-01-29, startTime=14:50, endTime=16:30, classroomId=15, courseId=9, teacherId=11}, LessonDto{id=120, date=2021-01-29, startTime=16:40, endTime=18:20, classroomId=15, courseId=10, teacherId=12}, LessonDto{id=121, date=2021-02-01, startTime=09:20, endTime=11:00, classroomId=4, courseId=1, teacherId=1}, LessonDto{id=122, date=2021-02-01, startTime=11:10, endTime=12:50, classroomId=1, courseId=1, teacherId=1}, LessonDto{id=123, date=2021-02-01, startTime=13:00, endTime=14:40, classroomId=2, courseId=2, teacherId=2}, LessonDto{id=124, date=2021-02-01, startTime=14:50, endTime=16:30, classroomId=3, courseId=2, teacherId=2}, LessonDto{id=125, date=2021-02-01, startTime=16:40, endTime=18:20, classroomId=4, courseId=3, teacherId=3}, LessonDto{id=126, date=2021-02-01, startTime=09:20, endTime=11:00, classroomId=9, courseId=6, teacherId=6}, LessonDto{id=127, date=2021-02-01, startTime=11:10, endTime=12:50, classroomId=9, courseId=6, teacherId=6}, LessonDto{id=128, date=2021-02-01, startTime=13:00, endTime=14:40, classroomId=6, courseId=6, teacherId=7}, LessonDto{id=129, date=2021-02-01, startTime=14:50, endTime=16:30, classroomId=7, courseId=6, teacherId=7}, LessonDto{id=130, date=2021-02-01, startTime=16:40, endTime=18:20, classroomId=10, courseId=6, teacherId=7}, LessonDto{id=131, date=2021-02-01, startTime=09:20, endTime=11:00, classroomId=14, courseId=8, teacherId=10}, LessonDto{id=132, date=2021-02-01, startTime=11:10, endTime=12:50, classroomId=14, courseId=8, teacherId=10}, LessonDto{id=133, date=2021-02-01, startTime=13:00, endTime=14:40, classroomId=11, courseId=8, teacherId=10}, LessonDto{id=134, date=2021-02-01, startTime=14:50, endTime=16:30, classroomId=13, courseId=8, teacherId=10}, LessonDto{id=135, date=2021-02-01, startTime=16:40, endTime=18:20, classroomId=15, courseId=8, teacherId=10}, LessonDto{id=136, date=2021-02-02, startTime=09:20, endTime=11:00, classroomId=4, courseId=2, teacherId=2}, LessonDto{id=137, date=2021-02-02, startTime=11:10, endTime=12:50, classroomId=1, courseId=2, teacherId=2}, LessonDto{id=138, date=2021-02-02, startTime=13:00, endTime=14:40, classroomId=2, courseId=3, teacherId=3}, LessonDto{id=139, date=2021-02-02, startTime=14:50, endTime=16:30, classroomId=3, courseId=3, teacherId=3}, LessonDto{id=140, date=2021-02-02, startTime=16:40, endTime=18:20, classroomId=4, courseId=4, teacherId=4}, LessonDto{id=141, date=2021-02-02, startTime=09:20, endTime=11:00, classroomId=9, courseId=7, teacherId=8}, LessonDto{id=142, date=2021-02-02, startTime=11:10, endTime=12:50, classroomId=9, courseId=7, teacherId=8}, LessonDto{id=143, date=2021-02-02, startTime=13:00, endTime=14:40, classroomId=6, courseId=7, teacherId=9}, LessonDto{id=144, date=2021-02-02, startTime=14:50, endTime=16:30, classroomId=7, courseId=7, teacherId=9}, LessonDto{id=145, date=2021-02-02, startTime=16:40, endTime=18:20, classroomId=10, courseId=7, teacherId=9}, LessonDto{id=146, date=2021-02-02, startTime=09:20, endTime=11:00, classroomId=14, courseId=9, teacherId=11}, LessonDto{id=147, date=2021-02-02, startTime=11:10, endTime=12:50, classroomId=14, courseId=9, teacherId=11}, LessonDto{id=148, date=2021-02-02, startTime=13:00, endTime=14:40, classroomId=11, courseId=9, teacherId=11}, LessonDto{id=149, date=2021-02-02, startTime=14:50, endTime=16:30, classroomId=13, courseId=9, teacherId=11}, LessonDto{id=150, date=2021-02-02, startTime=16:40, endTime=18:20, classroomId=15, courseId=9, teacherId=11}, LessonDto{id=151, date=2021-02-03, startTime=09:20, endTime=11:00, classroomId=4, courseId=3, teacherId=3}, LessonDto{id=152, date=2021-02-03, startTime=11:10, endTime=12:50, classroomId=1, courseId=3, teacherId=3}, LessonDto{id=153, date=2021-02-03, startTime=13:00, endTime=14:40, classroomId=2, courseId=4, teacherId=4}, LessonDto{id=154, date=2021-02-03, startTime=14:50, endTime=16:30, classroomId=3, courseId=4, teacherId=4}, LessonDto{id=155, date=2021-02-03, startTime=16:40, endTime=18:20, classroomId=4, courseId=5, teacherId=5}, LessonDto{id=156, date=2021-02-03, startTime=09:20, endTime=11:00, classroomId=9, courseId=6, teacherId=6}, LessonDto{id=157, date=2021-02-03, startTime=11:10, endTime=12:50, classroomId=9, courseId=6, teacherId=6}, LessonDto{id=158, date=2021-02-03, startTime=13:00, endTime=14:40, classroomId=6, courseId=6, teacherId=7}, LessonDto{id=159, date=2021-02-03, startTime=14:50, endTime=16:30, classroomId=7, courseId=6, teacherId=7}, LessonDto{id=160, date=2021-02-03, startTime=16:40, endTime=18:20, classroomId=10, courseId=6, teacherId=7}, LessonDto{id=161, date=2021-02-03, startTime=09:20, endTime=11:00, classroomId=14, courseId=10, teacherId=12}, LessonDto{id=162, date=2021-02-03, startTime=11:10, endTime=12:50, classroomId=14, courseId=10, teacherId=12}, LessonDto{id=163, date=2021-02-03, startTime=13:00, endTime=14:40, classroomId=11, courseId=10, teacherId=12}, LessonDto{id=164, date=2021-02-03, startTime=14:50, endTime=16:30, classroomId=13, courseId=10, teacherId=12}, LessonDto{id=165, date=2021-02-03, startTime=16:40, endTime=18:20, classroomId=15, courseId=10, teacherId=12}, LessonDto{id=166, date=2021-02-04, startTime=09:20, endTime=11:00, classroomId=4, courseId=4, teacherId=4}, LessonDto{id=167, date=2021-02-04, startTime=11:10, endTime=12:50, classroomId=1, courseId=4, teacherId=4}, LessonDto{id=168, date=2021-02-04, startTime=13:00, endTime=14:40, classroomId=2, courseId=5, teacherId=5}, LessonDto{id=169, date=2021-02-04, startTime=14:50, endTime=16:30, classroomId=3, courseId=5, teacherId=5}, LessonDto{id=170, date=2021-02-04, startTime=16:40, endTime=18:20, classroomId=4, courseId=1, teacherId=1}, LessonDto{id=171, date=2021-02-04, startTime=09:20, endTime=11:00, classroomId=9, courseId=7, teacherId=8}, LessonDto{id=172, date=2021-02-04, startTime=11:10, endTime=12:50, classroomId=9, courseId=7, teacherId=8}, LessonDto{id=173, date=2021-02-04, startTime=13:00, endTime=14:40, classroomId=6, courseId=7, teacherId=9}, LessonDto{id=174, date=2021-02-04, startTime=14:50, endTime=16:30, classroomId=7, courseId=7, teacherId=9}, LessonDto{id=175, date=2021-02-04, startTime=16:40, endTime=18:20, classroomId=10, courseId=7, teacherId=9}, LessonDto{id=176, date=2021-02-04, startTime=09:20, endTime=11:00, classroomId=14, courseId=8, teacherId=10}, LessonDto{id=177, date=2021-02-04, startTime=11:10, endTime=12:50, classroomId=14, courseId=8, teacherId=10}, LessonDto{id=178, date=2021-02-04, startTime=13:00, endTime=14:40, classroomId=12, courseId=9, teacherId=11}, LessonDto{id=179, date=2021-02-04, startTime=14:50, endTime=16:30, classroomId=12, courseId=10, teacherId=12}, LessonDto{id=180, date=2021-02-04, startTime=16:40, endTime=18:20, classroomId=15, courseId=8, teacherId=10}, LessonDto{id=181, date=2021-02-05, startTime=09:20, endTime=11:00, classroomId=4, courseId=5, teacherId=5}, LessonDto{id=182, date=2021-02-05, startTime=11:10, endTime=12:50, classroomId=1, courseId=5, teacherId=5}, LessonDto{id=183, date=2021-02-05, startTime=13:00, endTime=14:40, classroomId=2, courseId=1, teacherId=1}, LessonDto{id=184, date=2021-02-05, startTime=14:50, endTime=16:30, classroomId=3, courseId=1, teacherId=1}, LessonDto{id=185, date=2021-02-05, startTime=16:40, endTime=18:20, classroomId=4, courseId=2, teacherId=2}, LessonDto{id=186, date=2021-02-05, startTime=09:20, endTime=11:00, classroomId=9, courseId=6, teacherId=6}, LessonDto{id=187, date=2021-02-05, startTime=11:10, endTime=12:50, classroomId=9, courseId=6, teacherId=6}, LessonDto{id=188, date=2021-02-05, startTime=13:00, endTime=14:40, classroomId=6, courseId=6, teacherId=7}, LessonDto{id=189, date=2021-02-05, startTime=14:50, endTime=16:30, classroomId=7, courseId=6, teacherId=7}, LessonDto{id=190, date=2021-02-05, startTime=16:40, endTime=18:20, classroomId=10, courseId=6, teacherId=7}, LessonDto{id=191, date=2021-02-05, startTime=09:20, endTime=11:00, classroomId=14, courseId=9, teacherId=11}, LessonDto{id=192, date=2021-02-05, startTime=11:10, endTime=12:50, classroomId=14, courseId=10, teacherId=12}, LessonDto{id=193, date=2021-02-05, startTime=13:00, endTime=14:40, classroomId=13, courseId=8, teacherId=10}, LessonDto{id=194, date=2021-02-05, startTime=14:50, endTime=16:30, classroomId=15, courseId=9, teacherId=11}, LessonDto{id=195, date=2021-02-05, startTime=16:40, endTime=18:20, classroomId=15, courseId=10, teacherId=12}, LessonDto{id=196, date=2021-02-08, startTime=09:20, endTime=11:00, classroomId=4, courseId=1, teacherId=1}, LessonDto{id=197, date=2021-02-08, startTime=11:10, endTime=12:50, classroomId=1, courseId=1, teacherId=1}, LessonDto{id=198, date=2021-02-08, startTime=13:00, endTime=14:40, classroomId=2, courseId=2, teacherId=2}, LessonDto{id=199, date=2021-02-08, startTime=14:50, endTime=16:30, classroomId=3, courseId=2, teacherId=2}, LessonDto{id=200, date=2021-02-08, startTime=16:40, endTime=18:20, classroomId=4, courseId=3, teacherId=3}, LessonDto{id=201, date=2021-02-08, startTime=09:20, endTime=11:00, classroomId=9, courseId=6, teacherId=6}, LessonDto{id=202, date=2021-02-08, startTime=11:10, endTime=12:50, classroomId=9, courseId=6, teacherId=6}, LessonDto{id=203, date=2021-06-15, startTime=02:00, endTime=03:40, classroomId=15, courseId=3, teacherId=5}, LessonDto{id=204, date=2021-02-08, startTime=14:50, endTime=16:30, classroomId=7, courseId=6, teacherId=7}, LessonDto{id=205, date=2021-02-08, startTime=16:40, endTime=18:20, classroomId=10, courseId=6, teacherId=7}, LessonDto{id=206, date=2021-02-08, startTime=09:20, endTime=11:00, classroomId=14, courseId=8, teacherId=10}, LessonDto{id=207, date=2021-02-08, startTime=11:10, endTime=12:50, classroomId=14, courseId=8, teacherId=10}, LessonDto{id=208, date=2021-02-08, startTime=13:00, endTime=14:40, classroomId=11, courseId=8, teacherId=10}, LessonDto{id=209, date=2021-02-08, startTime=14:50, endTime=16:30, classroomId=13, courseId=8, teacherId=10}, LessonDto{id=210, date=2021-02-08, startTime=16:40, endTime=18:20, classroomId=15, courseId=8, teacherId=10}, LessonDto{id=211, date=2021-02-09, startTime=09:20, endTime=11:00, classroomId=4, courseId=2, teacherId=2}, LessonDto{id=212, date=2021-02-09, startTime=11:10, endTime=12:50, classroomId=1, courseId=2, teacherId=2}, LessonDto{id=213, date=2021-02-09, startTime=13:00, endTime=14:40, classroomId=2, courseId=3, teacherId=3}, LessonDto{id=214, date=2021-02-09, startTime=14:50, endTime=16:30, classroomId=3, courseId=3, teacherId=3}, LessonDto{id=215, date=2021-02-09, startTime=16:40, endTime=18:20, classroomId=4, courseId=4, teacherId=4}, LessonDto{id=216, date=2021-02-09, startTime=09:20, endTime=11:00, classroomId=9, courseId=7, teacherId=8}, LessonDto{id=217, date=2021-02-09, startTime=11:10, endTime=12:50, classroomId=9, courseId=7, teacherId=8}, LessonDto{id=218, date=2021-02-09, startTime=13:00, endTime=14:40, classroomId=6, courseId=7, teacherId=9}, LessonDto{id=219, date=2021-02-09, startTime=14:50, endTime=16:30, classroomId=7, courseId=7, teacherId=9}, LessonDto{id=220, date=2021-02-09, startTime=16:40, endTime=18:20, classroomId=10, courseId=7, teacherId=9}, LessonDto{id=221, date=2021-02-09, startTime=09:20, endTime=11:00, classroomId=14, courseId=9, teacherId=11}, LessonDto{id=222, date=2021-02-09, startTime=11:10, endTime=12:50, classroomId=14, courseId=9, teacherId=11}, LessonDto{id=223, date=2021-02-09, startTime=13:00, endTime=14:40, classroomId=11, courseId=9, teacherId=11}, LessonDto{id=224, date=2021-02-09, startTime=14:50, endTime=16:30, classroomId=13, courseId=9, teacherId=11}, LessonDto{id=225, date=2021-02-09, startTime=16:40, endTime=18:20, classroomId=15, courseId=9, teacherId=11}, LessonDto{id=226, date=2021-02-10, startTime=09:20, endTime=11:00, classroomId=4, courseId=3, teacherId=3}, LessonDto{id=227, date=2021-02-10, startTime=11:10, endTime=12:50, classroomId=1, courseId=3, teacherId=3}, LessonDto{id=228, date=2021-02-10, startTime=13:00, endTime=14:40, classroomId=2, courseId=4, teacherId=4}, LessonDto{id=229, date=2021-02-10, startTime=14:50, endTime=16:30, classroomId=3, courseId=4, teacherId=4}, LessonDto{id=230, date=2021-02-10, startTime=16:40, endTime=18:20, classroomId=4, courseId=5, teacherId=5}, LessonDto{id=231, date=2021-02-10, startTime=09:20, endTime=11:00, classroomId=9, courseId=6, teacherId=6}, LessonDto{id=232, date=2021-02-10, startTime=11:10, endTime=12:50, classroomId=9, courseId=6, teacherId=6}, LessonDto{id=233, date=2021-02-10, startTime=13:00, endTime=14:40, classroomId=6, courseId=6, teacherId=7}, LessonDto{id=234, date=2021-02-10, startTime=14:50, endTime=16:30, classroomId=7, courseId=6, teacherId=7}, LessonDto{id=235, date=2021-02-10, startTime=16:40, endTime=18:20, classroomId=10, courseId=6, teacherId=7}, LessonDto{id=236, date=2021-02-10, startTime=09:20, endTime=11:00, classroomId=14, courseId=10, teacherId=12}, LessonDto{id=237, date=2021-02-10, startTime=11:10, endTime=12:50, classroomId=14, courseId=10, teacherId=12}, LessonDto{id=238, date=2021-02-10, startTime=13:00, endTime=14:40, classroomId=11, courseId=10, teacherId=12}, LessonDto{id=239, date=2021-02-10, startTime=14:50, endTime=16:30, classroomId=13, courseId=10, teacherId=12}, LessonDto{id=240, date=2021-02-10, startTime=16:40, endTime=18:20, classroomId=15, courseId=10, teacherId=12}, LessonDto{id=241, date=2021-02-11, startTime=09:20, endTime=11:00, classroomId=4, courseId=4, teacherId=4}, LessonDto{id=242, date=2021-02-11, startTime=11:10, endTime=12:50, classroomId=1, courseId=4, teacherId=4}, LessonDto{id=243, date=2021-02-11, startTime=13:00, endTime=14:40, classroomId=2, courseId=5, teacherId=5}, LessonDto{id=244, date=2021-02-11, startTime=14:50, endTime=16:30, classroomId=3, courseId=5, teacherId=5}, LessonDto{id=245, date=2021-02-11, startTime=16:40, endTime=18:20, classroomId=4, courseId=1, teacherId=1}, LessonDto{id=246, date=2021-02-11, startTime=09:20, endTime=11:00, classroomId=9, courseId=7, teacherId=8}, LessonDto{id=247, date=2021-02-11, startTime=11:10, endTime=12:50, classroomId=9, courseId=7, teacherId=8}, LessonDto{id=248, date=2021-02-11, startTime=13:00, endTime=14:40, classroomId=6, courseId=7, teacherId=9}, LessonDto{id=249, date=2021-02-11, startTime=14:50, endTime=16:30, classroomId=7, courseId=7, teacherId=9}, LessonDto{id=250, date=2021-02-11, startTime=16:40, endTime=18:20, classroomId=10, courseId=7, teacherId=9}, LessonDto{id=251, date=2021-02-11, startTime=09:20, endTime=11:00, classroomId=14, courseId=8, teacherId=10}, LessonDto{id=252, date=2021-02-11, startTime=11:10, endTime=12:50, classroomId=14, courseId=8, teacherId=10}, LessonDto{id=253, date=2021-02-11, startTime=13:00, endTime=14:40, classroomId=12, courseId=9, teacherId=11}, LessonDto{id=254, date=2021-02-11, startTime=14:50, endTime=16:30, classroomId=12, courseId=10, teacherId=12}, LessonDto{id=255, date=2021-02-11, startTime=16:40, endTime=18:20, classroomId=15, courseId=8, teacherId=10}, LessonDto{id=256, date=2021-02-12, startTime=09:20, endTime=11:00, classroomId=4, courseId=5, teacherId=5}, LessonDto{id=257, date=2021-02-12, startTime=11:10, endTime=12:50, classroomId=1, courseId=5, teacherId=5}, LessonDto{id=258, date=2021-02-12, startTime=13:00, endTime=14:40, classroomId=2, courseId=1, teacherId=1}, LessonDto{id=259, date=2021-02-12, startTime=14:50, endTime=16:30, classroomId=3, courseId=1, teacherId=1}, LessonDto{id=260, date=2021-02-12, startTime=16:40, endTime=18:20, classroomId=4, courseId=2, teacherId=2}, LessonDto{id=261, date=2021-02-12, startTime=09:20, endTime=11:00, classroomId=9, courseId=6, teacherId=6}, LessonDto{id=262, date=2021-02-12, startTime=11:10, endTime=12:50, classroomId=9, courseId=6, teacherId=6}, LessonDto{id=263, date=2021-02-12, startTime=13:00, endTime=14:40, classroomId=6, courseId=6, teacherId=7}, LessonDto{id=264, date=2021-02-12, startTime=14:50, endTime=16:30, classroomId=7, courseId=6, teacherId=7}, LessonDto{id=265, date=2021-02-12, startTime=16:40, endTime=18:20, classroomId=10, courseId=6, teacherId=7}, LessonDto{id=266, date=2021-02-12, startTime=09:20, endTime=11:00, classroomId=14, courseId=9, teacherId=11}, LessonDto{id=267, date=2021-02-12, startTime=11:10, endTime=12:50, classroomId=14, courseId=10, teacherId=12}, LessonDto{id=268, date=2021-02-12, startTime=13:00, endTime=14:40, classroomId=13, courseId=8, teacherId=10}, LessonDto{id=269, date=2021-02-12, startTime=14:50, endTime=16:30, classroomId=15, courseId=9, teacherId=11}, LessonDto{id=270, date=2021-02-12, startTime=16:40, endTime=18:20, classroomId=15, courseId=10, teacherId=12}, LessonDto{id=271, date=2021-02-15, startTime=09:20, endTime=11:00, classroomId=4, courseId=1, teacherId=1}, LessonDto{id=272, date=2021-02-15, startTime=11:10, endTime=12:50, classroomId=1, courseId=1, teacherId=1}, LessonDto{id=273, date=2021-02-15, startTime=13:00, endTime=14:40, classroomId=2, courseId=2, teacherId=2}, LessonDto{id=274, date=2021-02-15, startTime=14:50, endTime=16:30, classroomId=3, courseId=2, teacherId=2}, LessonDto{id=275, date=2021-02-15, startTime=16:40, endTime=18:20, classroomId=4, courseId=3, teacherId=3}, LessonDto{id=276, date=2021-02-15, startTime=09:20, endTime=11:00, classroomId=9, courseId=6, teacherId=6}, LessonDto{id=277, date=2021-02-15, startTime=11:10, endTime=12:50, classroomId=9, courseId=6, teacherId=6}, LessonDto{id=278, date=2021-02-15, startTime=13:00, endTime=14:40, classroomId=6, courseId=6, teacherId=7}, LessonDto{id=279, date=2021-02-15, startTime=14:50, endTime=16:30, classroomId=7, courseId=6, teacherId=7}, LessonDto{id=280, date=2021-02-15, startTime=16:40, endTime=18:20, classroomId=10, courseId=6, teacherId=7}, LessonDto{id=281, date=2021-02-15, startTime=09:20, endTime=11:00, classroomId=14, courseId=8, teacherId=10}, LessonDto{id=282, date=2021-02-15, startTime=11:10, endTime=12:50, classroomId=14, courseId=8, teacherId=10}, LessonDto{id=283, date=2021-02-15, startTime=13:00, endTime=14:40, classroomId=11, courseId=8, teacherId=10}, LessonDto{id=284, date=2021-02-15, startTime=14:50, endTime=16:30, classroomId=13, courseId=8, teacherId=10}, LessonDto{id=285, date=2021-02-15, startTime=16:40, endTime=18:20, classroomId=15, courseId=8, teacherId=10}, LessonDto{id=286, date=2021-02-16, startTime=09:20, endTime=11:00, classroomId=4, courseId=2, teacherId=2}, LessonDto{id=287, date=2021-02-16, startTime=11:10, endTime=12:50, classroomId=1, courseId=2, teacherId=2}, LessonDto{id=288, date=2021-02-16, startTime=13:00, endTime=14:40, classroomId=2, courseId=3, teacherId=3}, LessonDto{id=289, date=2021-02-16, startTime=14:50, endTime=16:30, classroomId=3, courseId=3, teacherId=3}, LessonDto{id=290, date=2021-02-16, startTime=16:40, endTime=18:20, classroomId=4, courseId=4, teacherId=4}, LessonDto{id=291, date=2021-02-16, startTime=09:20, endTime=11:00, classroomId=9, courseId=7, teacherId=8}, LessonDto{id=292, date=2021-02-16, startTime=11:10, endTime=12:50, classroomId=9, courseId=7, teacherId=8}, LessonDto{id=293, date=2021-02-16, startTime=13:00, endTime=14:40, classroomId=6, courseId=7, teacherId=9}, LessonDto{id=294, date=2021-02-16, startTime=14:50, endTime=16:30, classroomId=7, courseId=7, teacherId=9}, LessonDto{id=295, date=2021-02-16, startTime=16:40, endTime=18:20, classroomId=10, courseId=7, teacherId=9}, LessonDto{id=296, date=2021-02-16, startTime=09:20, endTime=11:00, classroomId=14, courseId=9, teacherId=11}, LessonDto{id=297, date=2021-02-16, startTime=11:10, endTime=12:50, classroomId=14, courseId=9, teacherId=11}, LessonDto{id=298, date=2021-02-16, startTime=13:00, endTime=14:40, classroomId=11, courseId=9, teacherId=11}, LessonDto{id=299, date=2021-02-16, startTime=14:50, endTime=16:30, classroomId=13, courseId=9, teacherId=11}, LessonDto{id=300, date=2021-02-16, startTime=16:40, endTime=18:20, classroomId=15, courseId=9, teacherId=11}, LessonDto{id=301, date=2021-02-17, startTime=09:20, endTime=11:00, classroomId=4, courseId=3, teacherId=3}, LessonDto{id=302, date=2021-02-17, startTime=11:10, endTime=12:50, classroomId=1, courseId=3, teacherId=3}, LessonDto{id=303, date=2021-02-17, startTime=13:00, endTime=14:40, classroomId=2, courseId=4, teacherId=4}, LessonDto{id=304, date=2021-02-17, startTime=14:50, endTime=16:30, classroomId=3, courseId=4, teacherId=4}, LessonDto{id=305, date=2021-02-17, startTime=16:40, endTime=18:20, classroomId=4, courseId=5, teacherId=5}, LessonDto{id=306, date=2021-02-17, startTime=09:20, endTime=11:00, classroomId=9, courseId=6, teacherId=6}, LessonDto{id=307, date=2021-02-17, startTime=11:10, endTime=12:50, classroomId=9, courseId=6, teacherId=6}, LessonDto{id=308, date=2021-02-17, startTime=13:00, endTime=14:40, classroomId=6, courseId=6, teacherId=7}, LessonDto{id=309, date=2021-02-17, startTime=14:50, endTime=16:30, classroomId=7, courseId=6, teacherId=7}, LessonDto{id=310, date=2021-02-17, startTime=16:40, endTime=18:20, classroomId=10, courseId=6, teacherId=7}, LessonDto{id=311, date=2021-02-17, startTime=09:20, endTime=11:00, classroomId=14, courseId=10, teacherId=12}, LessonDto{id=312, date=2021-02-17, startTime=11:10, endTime=12:50, classroomId=14, courseId=10, teacherId=12}, LessonDto{id=313, date=2021-02-17, startTime=13:00, endTime=14:40, classroomId=11, courseId=10, teacherId=12}, LessonDto{id=314, date=2021-02-17, startTime=14:50, endTime=16:30, classroomId=13, courseId=10, teacherId=12}, LessonDto{id=315, date=2021-02-17, startTime=16:40, endTime=18:20, classroomId=15, courseId=10, teacherId=12}, LessonDto{id=316, date=2021-02-18, startTime=09:20, endTime=11:00, classroomId=4, courseId=4, teacherId=4}, LessonDto{id=317, date=2021-02-18, startTime=11:10, endTime=12:50, classroomId=1, courseId=4, teacherId=4}, LessonDto{id=318, date=2021-02-18, startTime=13:00, endTime=14:40, classroomId=2, courseId=5, teacherId=5}, LessonDto{id=319, date=2021-02-18, startTime=14:50, endTime=16:30, classroomId=3, courseId=5, teacherId=5}, LessonDto{id=320, date=2021-02-18, startTime=16:40, endTime=18:20, classroomId=4, courseId=1, teacherId=1}, LessonDto{id=321, date=2021-02-18, startTime=09:20, endTime=11:00, classroomId=9, courseId=7, teacherId=8}, LessonDto{id=322, date=2021-02-18, startTime=11:10, endTime=12:50, classroomId=9, courseId=7, teacherId=8}, LessonDto{id=323, date=2021-02-18, startTime=13:00, endTime=14:40, classroomId=6, courseId=7, teacherId=9}, LessonDto{id=324, date=2021-02-18, startTime=14:50, endTime=16:30, classroomId=7, courseId=7, teacherId=9}, LessonDto{id=325, date=2021-02-18, startTime=16:40, endTime=18:20, classroomId=10, courseId=7, teacherId=9}, LessonDto{id=326, date=2021-02-18, startTime=09:20, endTime=11:00, classroomId=14, courseId=8, teacherId=10}, LessonDto{id=327, date=2021-02-18, startTime=11:10, endTime=12:50, classroomId=14, courseId=8, teacherId=10}, LessonDto{id=328, date=2021-02-18, startTime=13:00, endTime=14:40, classroomId=12, courseId=9, teacherId=11}, LessonDto{id=329, date=2021-02-18, startTime=14:50, endTime=16:30, classroomId=12, courseId=10, teacherId=12}, LessonDto{id=330, date=2021-02-18, startTime=16:40, endTime=18:20, classroomId=15, courseId=8, teacherId=10}, LessonDto{id=331, date=2021-02-19, startTime=09:20, endTime=11:00, classroomId=4, courseId=5, teacherId=5}, LessonDto{id=332, date=2021-02-19, startTime=11:10, endTime=12:50, classroomId=1, courseId=5, teacherId=5}, LessonDto{id=333, date=2021-02-19, startTime=13:00, endTime=14:40, classroomId=2, courseId=1, teacherId=1}, LessonDto{id=334, date=2021-02-19, startTime=14:50, endTime=16:30, classroomId=3, courseId=1, teacherId=1}, LessonDto{id=335, date=2021-02-19, startTime=16:40, endTime=18:20, classroomId=4, courseId=2, teacherId=2}, LessonDto{id=336, date=2021-02-19, startTime=09:20, endTime=11:00, classroomId=9, courseId=6, teacherId=6}, LessonDto{id=337, date=2021-02-19, startTime=11:10, endTime=12:50, classroomId=9, courseId=6, teacherId=6}, LessonDto{id=338, date=2021-02-19, startTime=13:00, endTime=14:40, classroomId=6, courseId=6, teacherId=7}, LessonDto{id=339, date=2021-02-19, startTime=14:50, endTime=16:30, classroomId=7, courseId=6, teacherId=7}, LessonDto{id=340, date=2021-02-19, startTime=16:40, endTime=18:20, classroomId=10, courseId=6, teacherId=7}, LessonDto{id=341, date=2021-02-19, startTime=09:20, endTime=11:00, classroomId=14, courseId=9, teacherId=11}, LessonDto{id=342, date=2021-02-19, startTime=11:10, endTime=12:50, classroomId=14, courseId=10, teacherId=12}, LessonDto{id=343, date=2021-02-19, startTime=13:00, endTime=14:40, classroomId=13, courseId=8, teacherId=10}, LessonDto{id=344, date=2021-02-19, startTime=14:50, endTime=16:30, classroomId=15, courseId=9, teacherId=11}, LessonDto{id=345, date=2021-02-19, startTime=16:40, endTime=18:20, classroomId=15, courseId=10, teacherId=12}, LessonDto{id=346, date=2021-02-22, startTime=09:20, endTime=11:00, classroomId=4, courseId=1, teacherId=1}, LessonDto{id=347, date=2021-02-22, startTime=11:10, endTime=12:50, classroomId=1, courseId=1, teacherId=1}, LessonDto{id=348, date=2021-02-22, startTime=13:00, endTime=14:40, classroomId=2, courseId=2, teacherId=2}, LessonDto{id=349, date=2021-02-22, startTime=14:50, endTime=16:30, classroomId=3, courseId=2, teacherId=2}, LessonDto{id=350, date=2021-02-22, startTime=16:40, endTime=18:20, classroomId=4, courseId=3, teacherId=3}, LessonDto{id=351, date=2021-02-22, startTime=09:20, endTime=11:00, classroomId=9, courseId=6, teacherId=6}, LessonDto{id=352, date=2021-02-22, startTime=11:10, endTime=12:50, classroomId=9, courseId=6, teacherId=6}, LessonDto{id=353, date=2021-02-22, startTime=13:00, endTime=14:40, classroomId=6, courseId=6, teacherId=7}, LessonDto{id=354, date=2021-02-22, startTime=14:50, endTime=16:30, classroomId=7, courseId=6, teacherId=7}, LessonDto{id=355, date=2021-02-22, startTime=16:40, endTime=18:20, classroomId=10, courseId=6, teacherId=7}, LessonDto{id=356, date=2021-02-22, startTime=09:20, endTime=11:00, classroomId=14, courseId=8, teacherId=10}, LessonDto{id=357, date=2021-02-22, startTime=11:10, endTime=12:50, classroomId=14, courseId=8, teacherId=10}, LessonDto{id=358, date=2021-02-22, startTime=13:00, endTime=14:40, classroomId=11, courseId=8, teacherId=10}, LessonDto{id=359, date=2021-02-22, startTime=14:50, endTime=16:30, classroomId=13, courseId=8, teacherId=10}, LessonDto{id=360, date=2021-02-22, startTime=16:40, endTime=18:20, classroomId=15, courseId=8, teacherId=10}, LessonDto{id=361, date=2021-02-23, startTime=09:20, endTime=11:00, classroomId=4, courseId=2, teacherId=2}, LessonDto{id=362, date=2021-02-23, startTime=11:10, endTime=12:50, classroomId=1, courseId=2, teacherId=2}, LessonDto{id=363, date=2021-02-23, startTime=13:00, endTime=14:40, classroomId=2, courseId=3, teacherId=3}, LessonDto{id=364, date=2021-02-23, startTime=14:50, endTime=16:30, classroomId=3, courseId=3, teacherId=3}, LessonDto{id=365, date=2021-02-23, startTime=16:40, endTime=18:20, classroomId=4, courseId=4, teacherId=4}, LessonDto{id=366, date=2021-02-23, startTime=09:20, endTime=11:00, classroomId=9, courseId=7, teacherId=8}, LessonDto{id=367, date=2021-02-23, startTime=11:10, endTime=12:50, classroomId=9, courseId=7, teacherId=8}, LessonDto{id=368, date=2021-02-23, startTime=13:00, endTime=14:40, classroomId=6, courseId=7, teacherId=9}, LessonDto{id=369, date=2021-02-23, startTime=14:50, endTime=16:30, classroomId=7, courseId=7, teacherId=9}, LessonDto{id=370, date=2021-02-23, startTime=16:40, endTime=18:20, classroomId=10, courseId=7, teacherId=9}, LessonDto{id=371, date=2021-02-23, startTime=09:20, endTime=11:00, classroomId=14, courseId=9, teacherId=11}, LessonDto{id=372, date=2021-02-23, startTime=11:10, endTime=12:50, classroomId=14, courseId=9, teacherId=11}, LessonDto{id=373, date=2021-02-23, startTime=13:00, endTime=14:40, classroomId=11, courseId=9, teacherId=11}, LessonDto{id=374, date=2021-02-23, startTime=14:50, endTime=16:30, classroomId=13, courseId=9, teacherId=11}, LessonDto{id=375, date=2021-02-23, startTime=16:40, endTime=18:20, classroomId=15, courseId=9, teacherId=11}, LessonDto{id=376, date=2021-02-24, startTime=09:20, endTime=11:00, classroomId=4, courseId=3, teacherId=3}, LessonDto{id=377, date=2021-02-24, startTime=11:10, endTime=12:50, classroomId=1, courseId=3, teacherId=3}, LessonDto{id=378, date=2021-02-24, startTime=13:00, endTime=14:40, classroomId=2, courseId=4, teacherId=4}, LessonDto{id=379, date=2021-02-24, startTime=14:50, endTime=16:30, classroomId=3, courseId=4, teacherId=4}, LessonDto{id=380, date=2021-02-24, startTime=16:40, endTime=18:20, classroomId=4, courseId=5, teacherId=5}, LessonDto{id=381, date=2021-02-24, startTime=09:20, endTime=11:00, classroomId=9, courseId=6, teacherId=6}, LessonDto{id=382, date=2021-02-24, startTime=11:10, endTime=12:50, classroomId=9, courseId=6, teacherId=6}, LessonDto{id=383, date=2021-02-24, startTime=13:00, endTime=14:40, classroomId=6, courseId=6, teacherId=7}, LessonDto{id=384, date=2021-02-24, startTime=14:50, endTime=16:30, classroomId=7, courseId=6, teacherId=7}, LessonDto{id=385, date=2021-02-24, startTime=16:40, endTime=18:20, classroomId=10, courseId=6, teacherId=7}, LessonDto{id=386, date=2021-02-24, startTime=09:20, endTime=11:00, classroomId=14, courseId=10, teacherId=12}, LessonDto{id=387, date=2021-02-24, startTime=11:10, endTime=12:50, classroomId=14, courseId=10, teacherId=12}, LessonDto{id=388, date=2021-02-24, startTime=13:00, endTime=14:40, classroomId=11, courseId=10, teacherId=12}, LessonDto{id=389, date=2021-02-24, startTime=14:50, endTime=16:30, classroomId=13, courseId=10, teacherId=12}, LessonDto{id=390, date=2021-02-24, startTime=16:40, endTime=18:20, classroomId=15, courseId=10, teacherId=12}, LessonDto{id=391, date=2021-02-25, startTime=09:20, endTime=11:00, classroomId=4, courseId=4, teacherId=4}, LessonDto{id=392, date=2021-02-25, startTime=11:10, endTime=12:50, classroomId=1, courseId=4, teacherId=4}, LessonDto{id=393, date=2021-02-25, startTime=13:00, endTime=14:40, classroomId=2, courseId=5, teacherId=5}, LessonDto{id=394, date=2021-02-25, startTime=14:50, endTime=16:30, classroomId=3, courseId=5, teacherId=5}, LessonDto{id=395, date=2021-02-25, startTime=16:40, endTime=18:20, classroomId=4, courseId=1, teacherId=1}, LessonDto{id=396, date=2021-02-25, startTime=09:20, endTime=11:00, classroomId=9, courseId=7, teacherId=8}, LessonDto{id=397, date=2021-02-25, startTime=11:10, endTime=12:50, classroomId=9, courseId=7, teacherId=8}, LessonDto{id=398, date=2021-02-25, startTime=13:00, endTime=14:40, classroomId=6, courseId=7, teacherId=9}, LessonDto{id=399, date=2021-02-25, startTime=14:50, endTime=16:30, classroomId=7, courseId=7, teacherId=9}, LessonDto{id=400, date=2021-02-25, startTime=16:40, endTime=18:20, classroomId=10, courseId=7, teacherId=9}, LessonDto{id=401, date=2021-02-25, startTime=09:20, endTime=11:00, classroomId=14, courseId=8, teacherId=10}, LessonDto{id=402, date=2021-02-25, startTime=11:10, endTime=12:50, classroomId=14, courseId=8, teacherId=10}, LessonDto{id=403, date=2021-02-25, startTime=13:00, endTime=14:40, classroomId=12, courseId=9, teacherId=11}, LessonDto{id=404, date=2021-02-25, startTime=14:50, endTime=16:30, classroomId=12, courseId=10, teacherId=12}, LessonDto{id=405, date=2021-02-25, startTime=16:40, endTime=18:20, classroomId=15, courseId=8, teacherId=10}, LessonDto{id=406, date=2021-02-26, startTime=09:20, endTime=11:00, classroomId=4, courseId=5, teacherId=5}, LessonDto{id=407, date=2021-02-26, startTime=11:10, endTime=12:50, classroomId=1, courseId=5, teacherId=5}, LessonDto{id=408, date=2021-02-26, startTime=13:00, endTime=14:40, classroomId=2, courseId=1, teacherId=1}, LessonDto{id=409, date=2021-02-26, startTime=14:50, endTime=16:30, classroomId=3, courseId=1, teacherId=1}, LessonDto{id=410, date=2021-02-26, startTime=16:40, endTime=18:20, classroomId=4, courseId=2, teacherId=2}, LessonDto{id=411, date=2021-02-26, startTime=09:20, endTime=11:00, classroomId=9, courseId=6, teacherId=6}, LessonDto{id=412, date=2021-02-26, startTime=11:10, endTime=12:50, classroomId=9, courseId=6, teacherId=6}, LessonDto{id=413, date=2021-02-26, startTime=13:00, endTime=14:40, classroomId=6, courseId=6, teacherId=7}, LessonDto{id=414, date=2021-02-26, startTime=14:50, endTime=16:30, classroomId=7, courseId=6, teacherId=7}, LessonDto{id=415, date=2021-02-26, startTime=16:40, endTime=18:20, classroomId=10, courseId=6, teacherId=7}, LessonDto{id=416, date=2021-02-26, startTime=09:20, endTime=11:00, classroomId=14, courseId=9, teacherId=11}, LessonDto{id=417, date=2021-02-26, startTime=11:10, endTime=12:50, classroomId=14, courseId=10, teacherId=12}, LessonDto{id=418, date=2021-02-26, startTime=13:00, endTime=14:40, classroomId=13, courseId=8, teacherId=10}, LessonDto{id=419, date=2021-02-26, startTime=14:50, endTime=16:30, classroomId=15, courseId=9, teacherId=11}, LessonDto{id=420, date=2021-02-26, startTime=16:40, endTime=18:20, classroomId=15, courseId=10, teacherId=12}, LessonDto{id=421, date=2021-03-01, startTime=09:20, endTime=11:00, classroomId=4, courseId=1, teacherId=1}, LessonDto{id=422, date=2021-03-01, startTime=11:10, endTime=12:50, classroomId=1, courseId=1, teacherId=1}, LessonDto{id=423, date=2021-03-01, startTime=13:00, endTime=14:40, classroomId=2, courseId=2, teacherId=2}, LessonDto{id=424, date=2021-03-01, startTime=14:50, endTime=16:30, classroomId=3, courseId=2, teacherId=2}, LessonDto{id=425, date=2021-03-01, startTime=16:40, endTime=18:20, classroomId=4, courseId=3, teacherId=3}, LessonDto{id=426, date=2021-03-01, startTime=09:20, endTime=11:00, classroomId=9, courseId=6, teacherId=6}, LessonDto{id=427, date=2021-03-01, startTime=11:10, endTime=12:50, classroomId=9, courseId=6, teacherId=6}, LessonDto{id=428, date=2021-03-01, startTime=13:00, endTime=14:40, classroomId=6, courseId=6, teacherId=7}, LessonDto{id=429, date=2021-03-01, startTime=14:50, endTime=16:30, classroomId=7, courseId=6, teacherId=7}, LessonDto{id=430, date=2021-03-01, startTime=16:40, endTime=18:20, classroomId=10, courseId=6, teacherId=7}, LessonDto{id=431, date=2021-03-01, startTime=09:20, endTime=11:00, classroomId=14, courseId=8, teacherId=10}, LessonDto{id=432, date=2021-03-01, startTime=11:10, endTime=12:50, classroomId=14, courseId=8, teacherId=10}, LessonDto{id=433, date=2021-03-01, startTime=13:00, endTime=14:40, classroomId=11, courseId=8, teacherId=10}, LessonDto{id=434, date=2021-03-01, startTime=14:50, endTime=16:30, classroomId=13, courseId=8, teacherId=10}, LessonDto{id=435, date=2021-03-01, startTime=16:40, endTime=18:20, classroomId=15, courseId=8, teacherId=10}, LessonDto{id=436, date=2021-03-02, startTime=09:20, endTime=11:00, classroomId=4, courseId=2, teacherId=2}, LessonDto{id=437, date=2021-03-02, startTime=11:10, endTime=12:50, classroomId=1, courseId=2, teacherId=2}, LessonDto{id=438, date=2021-03-02, startTime=13:00, endTime=14:40, classroomId=2, courseId=3, teacherId=3}, LessonDto{id=439, date=2021-03-02, startTime=14:50, endTime=16:30, classroomId=3, courseId=3, teacherId=3}, LessonDto{id=440, date=2021-03-02, startTime=16:40, endTime=18:20, classroomId=4, courseId=4, teacherId=4}, LessonDto{id=441, date=2021-03-02, startTime=09:20, endTime=11:00, classroomId=9, courseId=7, teacherId=8}, LessonDto{id=442, date=2021-03-02, startTime=11:10, endTime=12:50, classroomId=9, courseId=7, teacherId=8}, LessonDto{id=443, date=2021-03-02, startTime=13:00, endTime=14:40, classroomId=6, courseId=7, teacherId=9}, LessonDto{id=444, date=2021-03-02, startTime=14:50, endTime=16:30, classroomId=7, courseId=7, teacherId=9}, LessonDto{id=445, date=2021-03-02, startTime=16:40, endTime=18:20, classroomId=10, courseId=7, teacherId=9}, LessonDto{id=446, date=2021-03-02, startTime=09:20, endTime=11:00, classroomId=14, courseId=9, teacherId=11}, LessonDto{id=447, date=2021-03-02, startTime=11:10, endTime=12:50, classroomId=14, courseId=9, teacherId=11}, LessonDto{id=448, date=2021-03-02, startTime=13:00, endTime=14:40, classroomId=11, courseId=9, teacherId=11}, LessonDto{id=449, date=2021-03-02, startTime=14:50, endTime=16:30, classroomId=13, courseId=9, teacherId=11}, LessonDto{id=450, date=2021-03-02, startTime=16:40, endTime=18:20, classroomId=15, courseId=9, teacherId=11}, LessonDto{id=451, date=2021-03-03, startTime=09:20, endTime=11:00, classroomId=4, courseId=3, teacherId=3}, LessonDto{id=452, date=2021-03-03, startTime=11:10, endTime=12:50, classroomId=1, courseId=3, teacherId=3}, LessonDto{id=453, date=2021-03-03, startTime=13:00, endTime=14:40, classroomId=2, courseId=4, teacherId=4}, LessonDto{id=454, date=2021-03-03, startTime=14:50, endTime=16:30, classroomId=3, courseId=4, teacherId=4}, LessonDto{id=455, date=2021-03-03, startTime=16:40, endTime=18:20, classroomId=4, courseId=5, teacherId=5}, LessonDto{id=456, date=2021-03-03, startTime=09:20, endTime=11:00, classroomId=9, courseId=6, teacherId=6}, LessonDto{id=457, date=2021-03-03, startTime=11:10, endTime=12:50, classroomId=9, courseId=6, teacherId=6}, LessonDto{id=458, date=2021-03-03, startTime=13:00, endTime=14:40, classroomId=6, courseId=6, teacherId=7}, LessonDto{id=459, date=2021-03-03, startTime=14:50, endTime=16:30, classroomId=7, courseId=6, teacherId=7}, LessonDto{id=460, date=2021-03-03, startTime=16:40, endTime=18:20, classroomId=10, courseId=6, teacherId=7}, LessonDto{id=461, date=2021-03-03, startTime=09:20, endTime=11:00, classroomId=14, courseId=10, teacherId=12}, LessonDto{id=462, date=2021-03-03, startTime=11:10, endTime=12:50, classroomId=14, courseId=10, teacherId=12}, LessonDto{id=463, date=2021-03-03, startTime=13:00, endTime=14:40, classroomId=11, courseId=10, teacherId=12}, LessonDto{id=464, date=2021-03-03, startTime=14:50, endTime=16:30, classroomId=13, courseId=10, teacherId=12}, LessonDto{id=465, date=2021-03-03, startTime=16:40, endTime=18:20, classroomId=15, courseId=10, teacherId=12}, LessonDto{id=466, date=2021-03-04, startTime=09:20, endTime=11:00, classroomId=4, courseId=4, teacherId=4}, LessonDto{id=467, date=2021-03-04, startTime=11:10, endTime=12:50, classroomId=1, courseId=4, teacherId=4}, LessonDto{id=468, date=2021-03-04, startTime=13:00, endTime=14:40, classroomId=2, courseId=5, teacherId=5}, LessonDto{id=469, date=2021-03-04, startTime=14:50, endTime=16:30, classroomId=3, courseId=5, teacherId=5}, LessonDto{id=470, date=2021-03-04, startTime=16:40, endTime=18:20, classroomId=4, courseId=1, teacherId=1}, LessonDto{id=471, date=2021-03-04, startTime=09:20, endTime=11:00, classroomId=9, courseId=7, teacherId=8}, LessonDto{id=472, date=2021-03-04, startTime=11:10, endTime=12:50, classroomId=9, courseId=7, teacherId=8}, LessonDto{id=473, date=2021-03-04, startTime=13:00, endTime=14:40, classroomId=6, courseId=7, teacherId=9}, LessonDto{id=474, date=2021-03-04, startTime=14:50, endTime=16:30, classroomId=7, courseId=7, teacherId=9}, LessonDto{id=475, date=2021-03-04, startTime=16:40, endTime=18:20, classroomId=10, courseId=7, teacherId=9}, LessonDto{id=476, date=2021-03-04, startTime=09:20, endTime=11:00, classroomId=14, courseId=8, teacherId=10}, LessonDto{id=477, date=2021-03-04, startTime=11:10, endTime=12:50, classroomId=14, courseId=8, teacherId=10}, LessonDto{id=478, date=2021-03-04, startTime=13:00, endTime=14:40, classroomId=12, courseId=9, teacherId=11}, LessonDto{id=479, date=2021-03-04, startTime=14:50, endTime=16:30, classroomId=12, courseId=10, teacherId=12}, LessonDto{id=480, date=2021-03-04, startTime=16:40, endTime=18:20, classroomId=15, courseId=8, teacherId=10}, LessonDto{id=481, date=2021-03-05, startTime=09:20, endTime=11:00, classroomId=4, courseId=5, teacherId=5}, LessonDto{id=482, date=2021-03-05, startTime=11:10, endTime=12:50, classroomId=1, courseId=5, teacherId=5}, LessonDto{id=483, date=2021-03-05, startTime=13:00, endTime=14:40, classroomId=2, courseId=1, teacherId=1}, LessonDto{id=484, date=2021-03-05, startTime=14:50, endTime=16:30, classroomId=3, courseId=1, teacherId=1}, LessonDto{id=485, date=2021-03-05, startTime=16:40, endTime=18:20, classroomId=4, courseId=2, teacherId=2}, LessonDto{id=486, date=2021-03-05, startTime=09:20, endTime=11:00, classroomId=9, courseId=6, teacherId=6}, LessonDto{id=487, date=2021-03-05, startTime=11:10, endTime=12:50, classroomId=9, courseId=6, teacherId=6}, LessonDto{id=488, date=2021-03-05, startTime=13:00, endTime=14:40, classroomId=6, courseId=6, teacherId=7}, LessonDto{id=489, date=2021-03-05, startTime=14:50, endTime=16:30, classroomId=7, courseId=6, teacherId=7}, LessonDto{id=490, date=2021-03-05, startTime=16:40, endTime=18:20, classroomId=10, courseId=6, teacherId=7}, LessonDto{id=491, date=2021-03-05, startTime=09:20, endTime=11:00, classroomId=14, courseId=9, teacherId=11}, LessonDto{id=492, date=2021-03-05, startTime=11:10, endTime=12:50, classroomId=14, courseId=10, teacherId=12}, LessonDto{id=493, date=2021-03-05, startTime=13:00, endTime=14:40, classroomId=13, courseId=8, teacherId=10}, LessonDto{id=494, date=2021-03-05, startTime=14:50, endTime=16:30, classroomId=15, courseId=9, teacherId=11}, LessonDto{id=496, date=2021-12-07, startTime=09:20, endTime=10:00, classroomId=1, courseId=1, teacherId=1}]
        Attribute = classrooms
            value = ua.com.foxminded.classtimetable.service.ClassroomService@4d023925
           errors = []
        Attribute = courses
            value = ua.com.foxminded.classtimetable.service.CourseService@78d664d9
           errors = []
        Attribute = teachers
            value = ua.com.foxminded.classtimetable.service.TeacherService@1148a12f
           errors = []

FlashMap:
       Attributes = null

MockHttpServletResponse:
           Status = 200
    Error message = null
          Headers = [Content-Language:"en", Content-Type:"text/html;charset=UTF-8"]
     Content type = text/html;charset=UTF-8
             Body = <!DOCTYPE html>
<html lang="en">
<head>
    <title>Lesson-listing</title>
    <meta charset="UTF-8">
    <meta name="viewport" content="width=device-width, initial-scale=1">
    <link rel="stylesheet" href="https://maxcdn.bootstrapcdn.com/bootstrap/4.0.0/css/bootstrap.min.css">
    <script src="https://code.jquery.com/jquery-3.2.1.slim.min.js"></script>
    <script src="https://cdnjs.cloudflare.com/ajax/libs/popper.js/1.12.9/umd/popper.min.js"></script>
    <script src="https://maxcdn.bootstrapcdn.com/bootstrap/4.0.0/js/bootstrap.min.js"></script>
</head>

<body>
<nav class="navbar navbar-expand-sm bg-dark navbar-dark sticky-top">
    <a class="navbar-brand" href="/">Class Timetable</a>
    <ul class="navbar-nav">
        <li class="nav-item">
            <a class="nav-link" href="/">Home</a>
        </li>
        <li class="nav-item dropdown">
            <a class="nav-link dropdown-toggle" data-toggle="dropdown" href="/">University structure</a>
            <div class="dropdown-menu">
                <a class="dropdown-item" href="/buildings">Buildings</a>
                <a class="dropdown-item" href="/classrooms">Study rooms</a>
                <a class="dropdown-item" href="/faculties">Faculties</a>
                <a class="dropdown-item" href="/courses">Courses</a>
            </div>
        </li>
        <li class="nav-item dropdown">
            <a class="nav-link dropdown-toggle" data-toggle="dropdown" href="/">Personalities</a>
            <div class="dropdown-menu">
                <a class="dropdown-item" href="/students">Students</a>
                <a class="dropdown-item" href="/teachers">Teachers</a>
            </div>
        </li>
        <li class="nav-item">
            <a class="nav-link" href="/lessons">Current lessons</a>
        </li>
        <li class="nav-item">
            <a class="nav-link" href="/schedule">Show the personal schedule</a>
        </li>
    </ul>
</nav>

<div class="container">
    <br/>
    <h2>All current lessons</h2>
    <a class="btn btn-sm btn-secondary" href="/">Back to menu</a>
    <a class="btn btn-sm btn-success" href="/lessons/new">Create new lesson</a>
    <br/>
    <br/>
    <table class="table table-bordered table-hover">
        <thead class="table-secondary">
        <tr>
            <th class="text-dark">Date</th>
            <th class="text-dark">Start time</th>
            <th class="text-dark">End time</th>
            <th class="text-dark">Classroom</th>
            <th class="text-dark">Course</th>
            <th class="text-dark">Teacher</th>
            <th class="text-dark">Removal</th>
        </tr>
        </thead>
        <tbody>
        <tr>
            <td>
                <a href="/lessons/1">2021-01-20</a>
            </td>
            <td>
                <a href="/lessons/1">09:20</a>
            </td>
            <td>
                <a href="/lessons/1">11:00</a>
            </td>
            <td>
                <a href="/lessons/1">B-10</a>
            </td>
            <td>
                <a href="/lessons/1">Another course&#39;s name</a>
            </td>
            <td>
                <a href="/lessons/1">Freya Shepp</a>
            </td>
            <td>
                <form method="post" action="/lessons/1"><input type="hidden" name="_method" value="DELETE"/>
                    <input class="btn btn-sm btn-danger" type="submit" value="Delete!"/>
                </form>
            </td>
        </tr>
        <tr>
            <td>
                <a href="/lessons/2">2021-01-20</a>
            </td>
            <td>
                <a href="/lessons/2">11:10</a>
            </td>
            <td>
                <a href="/lessons/2">12:50</a>
            </td>
            <td>
                <a href="/lessons/2">A-1</a>
            </td>
            <td>
                <a href="/lessons/2">Another course&#39;s name</a>
            </td>
            <td>
                <a href="/lessons/2">Freya Shepp</a>
            </td>
            <td>
                <form method="post" action="/lessons/2"><input type="hidden" name="_method" value="DELETE"/>
                    <input class="btn btn-sm btn-danger" type="submit" value="Delete!"/>
                </form>
            </td>
        </tr>
        <tr>
            <td>
                <a href="/lessons/3">2021-01-20</a>
            </td>
            <td>
                <a href="/lessons/3">13:00</a>
            </td>
            <td>
                <a href="/lessons/3">14:40</a>
            </td>
            <td>
                <a href="/lessons/3">A-2</a>
            </td>
            <td>
                <a href="/lessons/3">Political science</a>
            </td>
            <td>
                <a href="/lessons/3">Olivia Blake</a>
            </td>
            <td>
                <form method="post" action="/lessons/3"><input type="hidden" name="_method" value="DELETE"/>
                    <input class="btn btn-sm btn-danger" type="submit" value="Delete!"/>
                </form>
            </td>
        </tr>
        <tr>
            <td>
                <a href="/lessons/4">2021-01-20</a>
            </td>
            <td>
                <a href="/lessons/4">14:50</a>
            </td>
            <td>
                <a href="/lessons/4">16:30</a>
            </td>
            <td>
                <a href="/lessons/4">B-10</a>
            </td>
            <td>
                <a href="/lessons/4">Political science</a>
            </td>
            <td>
                <a href="/lessons/4">Olivia Blake</a>
            </td>
            <td>
                <form method="post" action="/lessons/4"><input type="hidden" name="_method" value="DELETE"/>
                    <input class="btn btn-sm btn-danger" type="submit" value="Delete!"/>
                </form>
            </td>
        </tr>
        <tr>
            <td>
                <a href="/lessons/5">2021-01-20</a>
            </td>
            <td>
                <a href="/lessons/5">16:40</a>
            </td>
            <td>
                <a href="/lessons/5">18:20</a>
            </td>
            <td>
                <a href="/lessons/5">A-4</a>
            </td>
            <td>
                <a href="/lessons/5">Culture</a>
            </td>
            <td>
                <a href="/lessons/5">Scarlett Nimoy</a>
            </td>
            <td>
                <form method="post" action="/lessons/5"><input type="hidden" name="_method" value="DELETE"/>
                    <input class="btn btn-sm btn-danger" type="submit" value="Delete!"/>
                </form>
            </td>
        </tr>
        <tr>
            <td>
                <a href="/lessons/6">2021-01-20</a>
            </td>
            <td>
                <a href="/lessons/6">09:20</a>
            </td>
            <td>
                <a href="/lessons/6">11:00</a>
            </td>
            <td>
                <a href="/lessons/6">New name</a>
            </td>
            <td>
                <a href="/lessons/6">Biology</a>
            </td>
            <td>
                <a href="/lessons/6">Ellie Purh</a>
            </td>
            <td>
                <form method="post" action="/lessons/6"><input type="hidden" name="_method" value="DELETE"/>
                    <input class="btn btn-sm btn-danger" type="submit" value="Delete!"/>
                </form>
            </td>
        </tr>
        <tr>
            <td>
                <a href="/lessons/7">2021-01-20</a>
            </td>
            <td>
                <a href="/lessons/7">11:10</a>
            </td>
            <td>
                <a href="/lessons/7">12:50</a>
            </td>
            <td>
                <a href="/lessons/7">New name</a>
            </td>
            <td>
                <a href="/lessons/7">Biology</a>
            </td>
            <td>
                <a href="/lessons/7">Ellie Purh</a>
            </td>
            <td>
                <form method="post" action="/lessons/7"><input type="hidden" name="_method" value="DELETE"/>
                    <input class="btn btn-sm btn-danger" type="submit" value="Delete!"/>
                </form>
            </td>
        </tr>
        <tr>
            <td>
                <a href="/lessons/8">2021-01-20</a>
            </td>
            <td>
                <a href="/lessons/8">13:00</a>
            </td>
            <td>
                <a href="/lessons/8">14:40</a>
            </td>
            <td>
                <a href="/lessons/8">B-1</a>
            </td>
            <td>
                <a href="/lessons/8">Biology</a>
            </td>
            <td>
                <a href="/lessons/8">Charlie Byrne</a>
            </td>
            <td>
                <form method="post" action="/lessons/8"><input type="hidden" name="_method" value="DELETE"/>
                    <input class="btn btn-sm btn-danger" type="submit" value="Delete!"/>
                </form>
            </td>
        </tr>
        <tr>
            <td>
                <a href="/lessons/9">2021-01-20</a>
            </td>
            <td>
                <a href="/lessons/9">14:50</a>
            </td>
            <td>
                <a href="/lessons/9">16:30</a>
            </td>
            <td>
                <a href="/lessons/9">B-2</a>
            </td>
            <td>
                <a href="/lessons/9">Biology</a>
            </td>
            <td>
                <a href="/lessons/9">Charlie Byrne</a>
            </td>
            <td>
                <form method="post" action="/lessons/9"><input type="hidden" name="_method" value="DELETE"/>
                    <input class="btn btn-sm btn-danger" type="submit" value="Delete!"/>
                </form>
            </td>
        </tr>
        <tr>
            <td>
                <a href="/lessons/10">2021-01-20</a>
            </td>
            <td>
                <a href="/lessons/10">16:40</a>
            </td>
            <td>
                <a href="/lessons/10">18:20</a>
            </td>
            <td>
                <a href="/lessons/10">B-5</a>
            </td>
            <td>
                <a href="/lessons/10">Biology</a>
            </td>
            <td>
                <a href="/lessons/10">Charlie Byrne</a>
            </td>
            <td>
                <form method="post" action="/lessons/10"><input type="hidden" name="_method" value="DELETE"/>
                    <input class="btn btn-sm btn-danger" type="submit" value="Delete!"/>
                </form>
            </td>
        </tr>
        <tr>
            <td>
                <a href="/lessons/11">2021-01-20</a>
            </td>
            <td>
                <a href="/lessons/11">09:20</a>
            </td>
            <td>
                <a href="/lessons/11">11:00</a>
            </td>
            <td>
                <a href="/lessons/11">C-4</a>
            </td>
            <td>
                <a href="/lessons/11">Geometry</a>
            </td>
            <td>
                <a href="/lessons/11">Mia Brown</a>
            </td>
            <td>
                <form method="post" action="/lessons/11"><input type="hidden" name="_method" value="DELETE"/>
                    <input class="btn btn-sm btn-danger" type="submit" value="Delete!"/>
                </form>
            </td>
        </tr>
        <tr>
            <td>
                <a href="/lessons/12">2021-01-20</a>
            </td>
            <td>
                <a href="/lessons/12">11:10</a>
            </td>
            <td>
                <a href="/lessons/12">12:50</a>
            </td>
            <td>
                <a href="/lessons/12">C-4</a>
            </td>
            <td>
                <a href="/lessons/12">Geometry</a>
            </td>
            <td>
                <a href="/lessons/12">Mia Brown</a>
            </td>
            <td>
                <form method="post" action="/lessons/12"><input type="hidden" name="_method" value="DELETE"/>
                    <input class="btn btn-sm btn-danger" type="submit" value="Delete!"/>
                </form>
            </td>
        </tr>
        <tr>
            <td>
                <a href="/lessons/13">2021-01-20</a>
            </td>
            <td>
                <a href="/lessons/13">13:00</a>
            </td>
            <td>
                <a href="/lessons/13">14:40</a>
            </td>
            <td>
                <a href="/lessons/13">C-1</a>
            </td>
            <td>
                <a href="/lessons/13">Geometry</a>
            </td>
            <td>
                <a href="/lessons/13">Mia Brown</a>
            </td>
            <td>
                <form method="post" action="/lessons/13"><input type="hidden" name="_method" value="DELETE"/>
                    <input class="btn btn-sm btn-danger" type="submit" value="Delete!"/>
                </form>
            </td>
        </tr>
        <tr>
            <td>
                <a href="/lessons/14">2021-01-20</a>
            </td>
            <td>
                <a href="/lessons/14">14:50</a>
            </td>
            <td>
                <a href="/lessons/14">16:30</a>
            </td>
            <td>
                <a href="/lessons/14">C-3</a>
            </td>
            <td>
                <a href="/lessons/14">Geometry</a>
            </td>
            <td>
                <a href="/lessons/14">Mia Brown</a>
            </td>
            <td>
                <form method="post" action="/lessons/14"><input type="hidden" name="_method" value="DELETE"/>
                    <input class="btn btn-sm btn-danger" type="submit" value="Delete!"/>
                </form>
            </td>
        </tr>
        <tr>
            <td>
                <a href="/lessons/15">2021-01-20</a>
            </td>
            <td>
                <a href="/lessons/15">16:40</a>
            </td>
            <td>
                <a href="/lessons/15">18:20</a>
            </td>
            <td>
                <a href="/lessons/15">C-5</a>
            </td>
            <td>
                <a href="/lessons/15">Geometry</a>
            </td>
            <td>
                <a href="/lessons/15">Mia Brown</a>
            </td>
            <td>
                <form method="post" action="/lessons/15"><input type="hidden" name="_method" value="DELETE"/>
                    <input class="btn btn-sm btn-danger" type="submit" value="Delete!"/>
                </form>
            </td>
        </tr>
        <tr>
            <td>
                <a href="/lessons/16">2021-01-21</a>
            </td>
            <td>
                <a href="/lessons/16">09:20</a>
            </td>
            <td>
                <a href="/lessons/16">11:00</a>
            </td>
            <td>
                <a href="/lessons/16">A-4</a>
            </td>
            <td>
                <a href="/lessons/16">Political science</a>
            </td>
            <td>
                <a href="/lessons/16">Olivia Blake</a>
            </td>
            <td>
                <form method="post" action="/lessons/16"><input type="hidden" name="_method" value="DELETE"/>
                    <input class="btn btn-sm btn-danger" type="submit" value="Delete!"/>
                </form>
            </td>
        </tr>
        <tr>
            <td>
                <a href="/lessons/17">2021-01-21</a>
            </td>
            <td>
                <a href="/lessons/17">11:10</a>
            </td>
            <td>
                <a href="/lessons/17">12:50</a>
            </td>
            <td>
                <a href="/lessons/17">A-1</a>
            </td>
            <td>
                <a href="/lessons/17">Political science</a>
            </td>
            <td>
                <a href="/lessons/17">Olivia Blake</a>
            </td>
            <td>
                <form method="post" action="/lessons/17"><input type="hidden" name="_method" value="DELETE"/>
                    <input class="btn btn-sm btn-danger" type="submit" value="Delete!"/>
                </form>
            </td>
        </tr>
        <tr>
            <td>
                <a href="/lessons/18">2021-01-21</a>
            </td>
            <td>
                <a href="/lessons/18">13:00</a>
            </td>
            <td>
                <a href="/lessons/18">14:40</a>
            </td>
            <td>
                <a href="/lessons/18">A-2</a>
            </td>
            <td>
                <a href="/lessons/18">Culture</a>
            </td>
            <td>
                <a href="/lessons/18">Scarlett Nimoy</a>
            </td>
            <td>
                <form method="post" action="/lessons/18"><input type="hidden" name="_method" value="DELETE"/>
                    <input class="btn btn-sm btn-danger" type="submit" value="Delete!"/>
                </form>
            </td>
        </tr>
        <tr>
            <td>
                <a href="/lessons/19">2021-01-21</a>
            </td>
            <td>
                <a href="/lessons/19">14:50</a>
            </td>
            <td>
                <a href="/lessons/19">16:30</a>
            </td>
            <td>
                <a href="/lessons/19">B-10</a>
            </td>
            <td>
                <a href="/lessons/19">Culture</a>
            </td>
            <td>
                <a href="/lessons/19">Scarlett Nimoy</a>
            </td>
            <td>
                <form method="post" action="/lessons/19"><input type="hidden" name="_method" value="DELETE"/>
                    <input class="btn btn-sm btn-danger" type="submit" value="Delete!"/>
                </form>
            </td>
        </tr>
        <tr>
            <td>
                <a href="/lessons/20">2021-01-21</a>
            </td>
            <td>
                <a href="/lessons/20">16:40</a>
            </td>
            <td>
                <a href="/lessons/20">18:20</a>
            </td>
            <td>
                <a href="/lessons/20">A-4</a>
            </td>
            <td>
                <a href="/lessons/20">History</a>
            </td>
            <td>
                <a href="/lessons/20">Albert Johnson</a>
            </td>
            <td>
                <form method="post" action="/lessons/20"><input type="hidden" name="_method" value="DELETE"/>
                    <input class="btn btn-sm btn-danger" type="submit" value="Delete!"/>
                </form>
            </td>
        </tr>
        <tr>
            <td>
                <a href="/lessons/21">2021-01-21</a>
            </td>
            <td>
                <a href="/lessons/21">09:20</a>
            </td>
            <td>
                <a href="/lessons/21">11:00</a>
            </td>
            <td>
                <a href="/lessons/21">New name</a>
            </td>
            <td>
                <a href="/lessons/21">Chemistry</a>
            </td>
            <td>
                <a href="/lessons/21">Samuel Travis</a>
            </td>
            <td>
                <form method="post" action="/lessons/21"><input type="hidden" name="_method" value="DELETE"/>
                    <input class="btn btn-sm btn-danger" type="submit" value="Delete!"/>
                </form>
            </td>
        </tr>
        <tr>
            <td>
                <a href="/lessons/22">2021-01-21</a>
            </td>
            <td>
                <a href="/lessons/22">11:10</a>
            </td>
            <td>
                <a href="/lessons/22">12:50</a>
            </td>
            <td>
                <a href="/lessons/22">New name</a>
            </td>
            <td>
                <a href="/lessons/22">Chemistry</a>
            </td>
            <td>
                <a href="/lessons/22">Samuel Travis</a>
            </td>
            <td>
                <form method="post" action="/lessons/22"><input type="hidden" name="_method" value="DELETE"/>
                    <input class="btn btn-sm btn-danger" type="submit" value="Delete!"/>
                </form>
            </td>
        </tr>
        <tr>
            <td>
                <a href="/lessons/23">2021-01-21</a>
            </td>
            <td>
                <a href="/lessons/23">13:00</a>
            </td>
            <td>
                <a href="/lessons/23">14:40</a>
            </td>
            <td>
                <a href="/lessons/23">B-1</a>
            </td>
            <td>
                <a href="/lessons/23">Chemistry</a>
            </td>
            <td>
                <a href="/lessons/23">Albert Hill</a>
            </td>
            <td>
                <form method="post" action="/lessons/23"><input type="hidden" name="_method" value="DELETE"/>
                    <input class="btn btn-sm btn-danger" type="submit" value="Delete!"/>
                </form>
            </td>
        </tr>
        <tr>
            <td>
                <a href="/lessons/24">2021-01-21</a>
            </td>
            <td>
                <a href="/lessons/24">14:50</a>
            </td>
            <td>
                <a href="/lessons/24">16:30</a>
            </td>
            <td>
                <a href="/lessons/24">B-2</a>
            </td>
            <td>
                <a href="/lessons/24">Chemistry</a>
            </td>
            <td>
                <a href="/lessons/24">Albert Hill</a>
            </td>
            <td>
                <form method="post" action="/lessons/24"><input type="hidden" name="_method" value="DELETE"/>
                    <input class="btn btn-sm btn-danger" type="submit" value="Delete!"/>
                </form>
            </td>
        </tr>
        <tr>
            <td>
                <a href="/lessons/25">2021-01-21</a>
            </td>
            <td>
                <a href="/lessons/25">16:40</a>
            </td>
            <td>
                <a href="/lessons/25">18:20</a>
            </td>
            <td>
                <a href="/lessons/25">B-5</a>
            </td>
            <td>
                <a href="/lessons/25">Chemistry</a>
            </td>
            <td>
                <a href="/lessons/25">Albert Hill</a>
            </td>
            <td>
                <form method="post" action="/lessons/25"><input type="hidden" name="_method" value="DELETE"/>
                    <input class="btn btn-sm btn-danger" type="submit" value="Delete!"/>
                </form>
            </td>
        </tr>
        <tr>
            <td>
                <a href="/lessons/26">2021-01-21</a>
            </td>
            <td>
                <a href="/lessons/26">09:20</a>
            </td>
            <td>
                <a href="/lessons/26">11:00</a>
            </td>
            <td>
                <a href="/lessons/26">C-4</a>
            </td>
            <td>
                <a href="/lessons/26">Mathematics</a>
            </td>
            <td>
                <a href="/lessons/26">Joshua Eve</a>
            </td>
            <td>
                <form method="post" action="/lessons/26"><input type="hidden" name="_method" value="DELETE"/>
                    <input class="btn btn-sm btn-danger" type="submit" value="Delete!"/>
                </form>
            </td>
        </tr>
        <tr>
            <td>
                <a href="/lessons/27">2021-01-21</a>
            </td>
            <td>
                <a href="/lessons/27">11:10</a>
            </td>
            <td>
                <a href="/lessons/27">12:50</a>
            </td>
            <td>
                <a href="/lessons/27">C-4</a>
            </td>
            <td>
                <a href="/lessons/27">Mathematics</a>
            </td>
            <td>
                <a href="/lessons/27">Joshua Eve</a>
            </td>
            <td>
                <form method="post" action="/lessons/27"><input type="hidden" name="_method" value="DELETE"/>
                    <input class="btn btn-sm btn-danger" type="submit" value="Delete!"/>
                </form>
            </td>
        </tr>
        <tr>
            <td>
                <a href="/lessons/28">2021-01-21</a>
            </td>
            <td>
                <a href="/lessons/28">13:00</a>
            </td>
            <td>
                <a href="/lessons/28">14:40</a>
            </td>
            <td>
                <a href="/lessons/28">C-2</a>
            </td>
            <td>
                <a href="/lessons/28">Physics</a>
            </td>
            <td>
                <a href="/lessons/28">Sophia Roos</a>
            </td>
            <td>
                <form method="post" action="/lessons/28"><input type="hidden" name="_method" value="DELETE"/>
                    <input class="btn btn-sm btn-danger" type="submit" value="Delete!"/>
                </form>
            </td>
        </tr>
        <tr>
            <td>
                <a href="/lessons/29">2021-01-21</a>
            </td>
            <td>
                <a href="/lessons/29">14:50</a>
            </td>
            <td>
                <a href="/lessons/29">16:30</a>
            </td>
            <td>
                <a href="/lessons/29">C-2</a>
            </td>
            <td>
                <a href="/lessons/29">Geometry</a>
            </td>
            <td>
                <a href="/lessons/29">Mia Brown</a>
            </td>
            <td>
                <form method="post" action="/lessons/29"><input type="hidden" name="_method" value="DELETE"/>
                    <input class="btn btn-sm btn-danger" type="submit" value="Delete!"/>
                </form>
            </td>
        </tr>
        <tr>
            <td>
                <a href="/lessons/30">2021-01-21</a>
            </td>
            <td>
                <a href="/lessons/30">16:40</a>
            </td>
            <td>
                <a href="/lessons/30">18:20</a>
            </td>
            <td>
                <a href="/lessons/30">C-5</a>
            </td>
            <td>
                <a href="/lessons/30">Mathematics</a>
            </td>
            <td>
                <a href="/lessons/30">Joshua Eve</a>
            </td>
            <td>
                <form method="post" action="/lessons/30"><input type="hidden" name="_method" value="DELETE"/>
                    <input class="btn btn-sm btn-danger" type="submit" value="Delete!"/>
                </form>
            </td>
        </tr>
        <tr>
            <td>
                <a href="/lessons/31">2021-01-22</a>
            </td>
            <td>
                <a href="/lessons/31">09:20</a>
            </td>
            <td>
                <a href="/lessons/31">11:00</a>
            </td>
            <td>
                <a href="/lessons/31">A-4</a>
            </td>
            <td>
                <a href="/lessons/31">Culture</a>
            </td>
            <td>
                <a href="/lessons/31">Scarlett Nimoy</a>
            </td>
            <td>
                <form method="post" action="/lessons/31"><input type="hidden" name="_method" value="DELETE"/>
                    <input class="btn btn-sm btn-danger" type="submit" value="Delete!"/>
                </form>
            </td>
        </tr>
        <tr>
            <td>
                <a href="/lessons/32">2021-01-22</a>
            </td>
            <td>
                <a href="/lessons/32">11:10</a>
            </td>
            <td>
                <a href="/lessons/32">12:50</a>
            </td>
            <td>
                <a href="/lessons/32">A-1</a>
            </td>
            <td>
                <a href="/lessons/32">Culture</a>
            </td>
            <td>
                <a href="/lessons/32">Scarlett Nimoy</a>
            </td>
            <td>
                <form method="post" action="/lessons/32"><input type="hidden" name="_method" value="DELETE"/>
                    <input class="btn btn-sm btn-danger" type="submit" value="Delete!"/>
                </form>
            </td>
        </tr>
        <tr>
            <td>
                <a href="/lessons/33">2021-01-22</a>
            </td>
            <td>
                <a href="/lessons/33">13:00</a>
            </td>
            <td>
                <a href="/lessons/33">14:40</a>
            </td>
            <td>
                <a href="/lessons/33">A-2</a>
            </td>
            <td>
                <a href="/lessons/33">History</a>
            </td>
            <td>
                <a href="/lessons/33">Albert Johnson</a>
            </td>
            <td>
                <form method="post" action="/lessons/33"><input type="hidden" name="_method" value="DELETE"/>
                    <input class="btn btn-sm btn-danger" type="submit" value="Delete!"/>
                </form>
            </td>
        </tr>
        <tr>
            <td>
                <a href="/lessons/34">2021-01-22</a>
            </td>
            <td>
                <a href="/lessons/34">14:50</a>
            </td>
            <td>
                <a href="/lessons/34">16:30</a>
            </td>
            <td>
                <a href="/lessons/34">B-10</a>
            </td>
            <td>
                <a href="/lessons/34">History</a>
            </td>
            <td>
                <a href="/lessons/34">Albert Johnson</a>
            </td>
            <td>
                <form method="post" action="/lessons/34"><input type="hidden" name="_method" value="DELETE"/>
                    <input class="btn btn-sm btn-danger" type="submit" value="Delete!"/>
                </form>
            </td>
        </tr>
        <tr>
            <td>
                <a href="/lessons/35">2021-01-22</a>
            </td>
            <td>
                <a href="/lessons/35">16:40</a>
            </td>
            <td>
                <a href="/lessons/35">18:20</a>
            </td>
            <td>
                <a href="/lessons/35">A-4</a>
            </td>
            <td>
                <a href="/lessons/35">Philosophy</a>
            </td>
            <td>
                <a href="/lessons/35">Stanley Gruber</a>
            </td>
            <td>
                <form method="post" action="/lessons/35"><input type="hidden" name="_method" value="DELETE"/>
                    <input class="btn btn-sm btn-danger" type="submit" value="Delete!"/>
                </form>
            </td>
        </tr>
        <tr>
            <td>
                <a href="/lessons/36">2021-01-22</a>
            </td>
            <td>
                <a href="/lessons/36">09:20</a>
            </td>
            <td>
                <a href="/lessons/36">11:00</a>
            </td>
            <td>
                <a href="/lessons/36">New name</a>
            </td>
            <td>
                <a href="/lessons/36">Biology</a>
            </td>
            <td>
                <a href="/lessons/36">Ellie Purh</a>
            </td>
            <td>
                <form method="post" action="/lessons/36"><input type="hidden" name="_method" value="DELETE"/>
                    <input class="btn btn-sm btn-danger" type="submit" value="Delete!"/>
                </form>
            </td>
        </tr>
        <tr>
            <td>
                <a href="/lessons/37">2021-01-22</a>
            </td>
            <td>
                <a href="/lessons/37">11:10</a>
            </td>
            <td>
                <a href="/lessons/37">12:50</a>
            </td>
            <td>
                <a href="/lessons/37">New name</a>
            </td>
            <td>
                <a href="/lessons/37">Biology</a>
            </td>
            <td>
                <a href="/lessons/37">Ellie Purh</a>
            </td>
            <td>
                <form method="post" action="/lessons/37"><input type="hidden" name="_method" value="DELETE"/>
                    <input class="btn btn-sm btn-danger" type="submit" value="Delete!"/>
                </form>
            </td>
        </tr>
        <tr>
            <td>
                <a href="/lessons/38">2021-01-22</a>
            </td>
            <td>
                <a href="/lessons/38">13:00</a>
            </td>
            <td>
                <a href="/lessons/38">14:40</a>
            </td>
            <td>
                <a href="/lessons/38">B-1</a>
            </td>
            <td>
                <a href="/lessons/38">Biology</a>
            </td>
            <td>
                <a href="/lessons/38">Charlie Byrne</a>
            </td>
            <td>
                <form method="post" action="/lessons/38"><input type="hidden" name="_method" value="DELETE"/>
                    <input class="btn btn-sm btn-danger" type="submit" value="Delete!"/>
                </form>
            </td>
        </tr>
        <tr>
            <td>
                <a href="/lessons/39">2021-01-22</a>
            </td>
            <td>
                <a href="/lessons/39">14:50</a>
            </td>
            <td>
                <a href="/lessons/39">16:30</a>
            </td>
            <td>
                <a href="/lessons/39">B-2</a>
            </td>
            <td>
                <a href="/lessons/39">Biology</a>
            </td>
            <td>
                <a href="/lessons/39">Charlie Byrne</a>
            </td>
            <td>
                <form method="post" action="/lessons/39"><input type="hidden" name="_method" value="DELETE"/>
                    <input class="btn btn-sm btn-danger" type="submit" value="Delete!"/>
                </form>
            </td>
        </tr>
        <tr>
            <td>
                <a href="/lessons/40">2021-01-22</a>
            </td>
            <td>
                <a href="/lessons/40">16:40</a>
            </td>
            <td>
                <a href="/lessons/40">18:20</a>
            </td>
            <td>
                <a href="/lessons/40">B-5</a>
            </td>
            <td>
                <a href="/lessons/40">Biology</a>
            </td>
            <td>
                <a href="/lessons/40">Charlie Byrne</a>
            </td>
            <td>
                <form method="post" action="/lessons/40"><input type="hidden" name="_method" value="DELETE"/>
                    <input class="btn btn-sm btn-danger" type="submit" value="Delete!"/>
                </form>
            </td>
        </tr>
        <tr>
            <td>
                <a href="/lessons/41">2021-01-22</a>
            </td>
            <td>
                <a href="/lessons/41">09:20</a>
            </td>
            <td>
                <a href="/lessons/41">11:00</a>
            </td>
            <td>
                <a href="/lessons/41">C-4</a>
            </td>
            <td>
                <a href="/lessons/41">Physics</a>
            </td>
            <td>
                <a href="/lessons/41">Sophia Roos</a>
            </td>
            <td>
                <form method="post" action="/lessons/41"><input type="hidden" name="_method" value="DELETE"/>
                    <input class="btn btn-sm btn-danger" type="submit" value="Delete!"/>
                </form>
            </td>
        </tr>
        <tr>
            <td>
                <a href="/lessons/42">2021-01-22</a>
            </td>
            <td>
                <a href="/lessons/42">11:10</a>
            </td>
            <td>
                <a href="/lessons/42">12:50</a>
            </td>
            <td>
                <a href="/lessons/42">C-4</a>
            </td>
            <td>
                <a href="/lessons/42">Geometry</a>
            </td>
            <td>
                <a href="/lessons/42">Mia Brown</a>
            </td>
            <td>
                <form method="post" action="/lessons/42"><input type="hidden" name="_method" value="DELETE"/>
                    <input class="btn btn-sm btn-danger" type="submit" value="Delete!"/>
                </form>
            </td>
        </tr>
        <tr>
            <td>
                <a href="/lessons/43">2021-01-22</a>
            </td>
            <td>
                <a href="/lessons/43">13:00</a>
            </td>
            <td>
                <a href="/lessons/43">14:40</a>
            </td>
            <td>
                <a href="/lessons/43">C-3</a>
            </td>
            <td>
                <a href="/lessons/43">Mathematics</a>
            </td>
            <td>
                <a href="/lessons/43">Joshua Eve</a>
            </td>
            <td>
                <form method="post" action="/lessons/43"><input type="hidden" name="_method" value="DELETE"/>
                    <input class="btn btn-sm btn-danger" type="submit" value="Delete!"/>
                </form>
            </td>
        </tr>
        <tr>
            <td>
                <a href="/lessons/44">2021-01-22</a>
            </td>
            <td>
                <a href="/lessons/44">14:50</a>
            </td>
            <td>
                <a href="/lessons/44">16:30</a>
            </td>
            <td>
                <a href="/lessons/44">C-5</a>
            </td>
            <td>
                <a href="/lessons/44">Physics</a>
            </td>
            <td>
                <a href="/lessons/44">Sophia Roos</a>
            </td>
            <td>
                <form method="post" action="/lessons/44"><input type="hidden" name="_method" value="DELETE"/>
                    <input class="btn btn-sm btn-danger" type="submit" value="Delete!"/>
                </form>
            </td>
        </tr>
        <tr>
            <td>
                <a href="/lessons/45">2021-01-22</a>
            </td>
            <td>
                <a href="/lessons/45">16:40</a>
            </td>
            <td>
                <a href="/lessons/45">18:20</a>
            </td>
            <td>
                <a href="/lessons/45">C-5</a>
            </td>
            <td>
                <a href="/lessons/45">Geometry</a>
            </td>
            <td>
                <a href="/lessons/45">Mia Brown</a>
            </td>
            <td>
                <form method="post" action="/lessons/45"><input type="hidden" name="_method" value="DELETE"/>
                    <input class="btn btn-sm btn-danger" type="submit" value="Delete!"/>
                </form>
            </td>
        </tr>
        <tr>
            <td>
                <a href="/lessons/46">2021-01-25</a>
            </td>
            <td>
                <a href="/lessons/46">09:20</a>
            </td>
            <td>
                <a href="/lessons/46">11:00</a>
            </td>
            <td>
                <a href="/lessons/46">A-4</a>
            </td>
            <td>
                <a href="/lessons/46">History</a>
            </td>
            <td>
                <a href="/lessons/46">Albert Johnson</a>
            </td>
            <td>
                <form method="post" action="/lessons/46"><input type="hidden" name="_method" value="DELETE"/>
                    <input class="btn btn-sm btn-danger" type="submit" value="Delete!"/>
                </form>
            </td>
        </tr>
        <tr>
            <td>
                <a href="/lessons/47">2021-01-25</a>
            </td>
            <td>
                <a href="/lessons/47">11:10</a>
            </td>
            <td>
                <a href="/lessons/47">12:50</a>
            </td>
            <td>
                <a href="/lessons/47">A-1</a>
            </td>
            <td>
                <a href="/lessons/47">History</a>
            </td>
            <td>
                <a href="/lessons/47">Albert Johnson</a>
            </td>
            <td>
                <form method="post" action="/lessons/47"><input type="hidden" name="_method" value="DELETE"/>
                    <input class="btn btn-sm btn-danger" type="submit" value="Delete!"/>
                </form>
            </td>
        </tr>
        <tr>
            <td>
                <a href="/lessons/48">2021-01-25</a>
            </td>
            <td>
                <a href="/lessons/48">13:00</a>
            </td>
            <td>
                <a href="/lessons/48">14:40</a>
            </td>
            <td>
                <a href="/lessons/48">A-2</a>
            </td>
            <td>
                <a href="/lessons/48">Philosophy</a>
            </td>
            <td>
                <a href="/lessons/48">Stanley Gruber</a>
            </td>
            <td>
                <form method="post" action="/lessons/48"><input type="hidden" name="_method" value="DELETE"/>
                    <input class="btn btn-sm btn-danger" type="submit" value="Delete!"/>
                </form>
            </td>
        </tr>
        <tr>
            <td>
                <a href="/lessons/49">2021-01-25</a>
            </td>
            <td>
                <a href="/lessons/49">14:50</a>
            </td>
            <td>
                <a href="/lessons/49">16:30</a>
            </td>
            <td>
                <a href="/lessons/49">B-10</a>
            </td>
            <td>
                <a href="/lessons/49">Philosophy</a>
            </td>
            <td>
                <a href="/lessons/49">Stanley Gruber</a>
            </td>
            <td>
                <form method="post" action="/lessons/49"><input type="hidden" name="_method" value="DELETE"/>
                    <input class="btn btn-sm btn-danger" type="submit" value="Delete!"/>
                </form>
            </td>
        </tr>
        <tr>
            <td>
                <a href="/lessons/50">2021-01-25</a>
            </td>
            <td>
                <a href="/lessons/50">16:40</a>
            </td>
            <td>
                <a href="/lessons/50">18:20</a>
            </td>
            <td>
                <a href="/lessons/50">A-4</a>
            </td>
            <td>
                <a href="/lessons/50">Another course&#39;s name</a>
            </td>
            <td>
                <a href="/lessons/50">Freya Shepp</a>
            </td>
            <td>
                <form method="post" action="/lessons/50"><input type="hidden" name="_method" value="DELETE"/>
                    <input class="btn btn-sm btn-danger" type="submit" value="Delete!"/>
                </form>
            </td>
        </tr>
        <tr>
            <td>
                <a href="/lessons/51">2021-01-25</a>
            </td>
            <td>
                <a href="/lessons/51">09:20</a>
            </td>
            <td>
                <a href="/lessons/51">11:00</a>
            </td>
            <td>
                <a href="/lessons/51">New name</a>
            </td>
            <td>
                <a href="/lessons/51">Biology</a>
            </td>
            <td>
                <a href="/lessons/51">Ellie Purh</a>
            </td>
            <td>
                <form method="post" action="/lessons/51"><input type="hidden" name="_method" value="DELETE"/>
                    <input class="btn btn-sm btn-danger" type="submit" value="Delete!"/>
                </form>
            </td>
        </tr>
        <tr>
            <td>
                <a href="/lessons/52">2021-01-25</a>
            </td>
            <td>
                <a href="/lessons/52">11:10</a>
            </td>
            <td>
                <a href="/lessons/52">12:50</a>
            </td>
            <td>
                <a href="/lessons/52">New name</a>
            </td>
            <td>
                <a href="/lessons/52">Biology</a>
            </td>
            <td>
                <a href="/lessons/52">Ellie Purh</a>
            </td>
            <td>
                <form method="post" action="/lessons/52"><input type="hidden" name="_method" value="DELETE"/>
                    <input class="btn btn-sm btn-danger" type="submit" value="Delete!"/>
                </form>
            </td>
        </tr>
        <tr>
            <td>
                <a href="/lessons/53">2021-01-25</a>
            </td>
            <td>
                <a href="/lessons/53">13:00</a>
            </td>
            <td>
                <a href="/lessons/53">14:40</a>
            </td>
            <td>
                <a href="/lessons/53">B-1</a>
            </td>
            <td>
                <a href="/lessons/53">Biology</a>
            </td>
            <td>
                <a href="/lessons/53">Charlie Byrne</a>
            </td>
            <td>
                <form method="post" action="/lessons/53"><input type="hidden" name="_method" value="DELETE"/>
                    <input class="btn btn-sm btn-danger" type="submit" value="Delete!"/>
                </form>
            </td>
        </tr>
        <tr>
            <td>
                <a href="/lessons/54">2021-01-25</a>
            </td>
            <td>
                <a href="/lessons/54">14:50</a>
            </td>
            <td>
                <a href="/lessons/54">16:30</a>
            </td>
            <td>
                <a href="/lessons/54">B-2</a>
            </td>
            <td>
                <a href="/lessons/54">Biology</a>
            </td>
            <td>
                <a href="/lessons/54">Charlie Byrne</a>
            </td>
            <td>
                <form method="post" action="/lessons/54"><input type="hidden" name="_method" value="DELETE"/>
                    <input class="btn btn-sm btn-danger" type="submit" value="Delete!"/>
                </form>
            </td>
        </tr>
        <tr>
            <td>
                <a href="/lessons/55">2021-01-25</a>
            </td>
            <td>
                <a href="/lessons/55">16:40</a>
            </td>
            <td>
                <a href="/lessons/55">18:20</a>
            </td>
            <td>
                <a href="/lessons/55">B-5</a>
            </td>
            <td>
                <a href="/lessons/55">Biology</a>
            </td>
            <td>
                <a href="/lessons/55">Charlie Byrne</a>
            </td>
            <td>
                <form method="post" action="/lessons/55"><input type="hidden" name="_method" value="DELETE"/>
                    <input class="btn btn-sm btn-danger" type="submit" value="Delete!"/>
                </form>
            </td>
        </tr>
        <tr>
            <td>
                <a href="/lessons/56">2021-01-25</a>
            </td>
            <td>
                <a href="/lessons/56">09:20</a>
            </td>
            <td>
                <a href="/lessons/56">11:00</a>
            </td>
            <td>
                <a href="/lessons/56">C-4</a>
            </td>
            <td>
                <a href="/lessons/56">Mathematics</a>
            </td>
            <td>
                <a href="/lessons/56">Joshua Eve</a>
            </td>
            <td>
                <form method="post" action="/lessons/56"><input type="hidden" name="_method" value="DELETE"/>
                    <input class="btn btn-sm btn-danger" type="submit" value="Delete!"/>
                </form>
            </td>
        </tr>
        <tr>
            <td>
                <a href="/lessons/57">2021-01-25</a>
            </td>
            <td>
                <a href="/lessons/57">11:10</a>
            </td>
            <td>
                <a href="/lessons/57">12:50</a>
            </td>
            <td>
                <a href="/lessons/57">C-4</a>
            </td>
            <td>
                <a href="/lessons/57">Mathematics</a>
            </td>
            <td>
                <a href="/lessons/57">Joshua Eve</a>
            </td>
            <td>
                <form method="post" action="/lessons/57"><input type="hidden" name="_method" value="DELETE"/>
                    <input class="btn btn-sm btn-danger" type="submit" value="Delete!"/>
                </form>
            </td>
        </tr>
        <tr>
            <td>
                <a href="/lessons/58">2021-01-25</a>
            </td>
            <td>
                <a href="/lessons/58">13:00</a>
            </td>
            <td>
                <a href="/lessons/58">14:40</a>
            </td>
            <td>
                <a href="/lessons/58">C-1</a>
            </td>
            <td>
                <a href="/lessons/58">Mathematics</a>
            </td>
            <td>
                <a href="/lessons/58">Joshua Eve</a>
            </td>
            <td>
                <form method="post" action="/lessons/58"><input type="hidden" name="_method" value="DELETE"/>
                    <input class="btn btn-sm btn-danger" type="submit" value="Delete!"/>
                </form>
            </td>
        </tr>
        <tr>
            <td>
                <a href="/lessons/59">2021-01-25</a>
            </td>
            <td>
                <a href="/lessons/59">14:50</a>
            </td>
            <td>
                <a href="/lessons/59">16:30</a>
            </td>
            <td>
                <a href="/lessons/59">C-3</a>
            </td>
            <td>
                <a href="/lessons/59">Mathematics</a>
            </td>
            <td>
                <a href="/lessons/59">Joshua Eve</a>
            </td>
            <td>
                <form method="post" action="/lessons/59"><input type="hidden" name="_method" value="DELETE"/>
                    <input class="btn btn-sm btn-danger" type="submit" value="Delete!"/>
                </form>
            </td>
        </tr>
        <tr>
            <td>
                <a href="/lessons/60">2021-01-25</a>
            </td>
            <td>
                <a href="/lessons/60">16:40</a>
            </td>
            <td>
                <a href="/lessons/60">18:20</a>
            </td>
            <td>
                <a href="/lessons/60">C-5</a>
            </td>
            <td>
                <a href="/lessons/60">Mathematics</a>
            </td>
            <td>
                <a href="/lessons/60">Joshua Eve</a>
            </td>
            <td>
                <form method="post" action="/lessons/60"><input type="hidden" name="_method" value="DELETE"/>
                    <input class="btn btn-sm btn-danger" type="submit" value="Delete!"/>
                </form>
            </td>
        </tr>
        <tr>
            <td>
                <a href="/lessons/61">2021-01-26</a>
            </td>
            <td>
                <a href="/lessons/61">09:20</a>
            </td>
            <td>
                <a href="/lessons/61">11:00</a>
            </td>
            <td>
                <a href="/lessons/61">A-4</a>
            </td>
            <td>
                <a href="/lessons/61">Philosophy</a>
            </td>
            <td>
                <a href="/lessons/61">Stanley Gruber</a>
            </td>
            <td>
                <form method="post" action="/lessons/61"><input type="hidden" name="_method" value="DELETE"/>
                    <input class="btn btn-sm btn-danger" type="submit" value="Delete!"/>
                </form>
            </td>
        </tr>
        <tr>
            <td>
                <a href="/lessons/62">2021-01-26</a>
            </td>
            <td>
                <a href="/lessons/62">11:10</a>
            </td>
            <td>
                <a href="/lessons/62">12:50</a>
            </td>
            <td>
                <a href="/lessons/62">A-1</a>
            </td>
            <td>
                <a href="/lessons/62">Philosophy</a>
            </td>
            <td>
                <a href="/lessons/62">Stanley Gruber</a>
            </td>
            <td>
                <form method="post" action="/lessons/62"><input type="hidden" name="_method" value="DELETE"/>
                    <input class="btn btn-sm btn-danger" type="submit" value="Delete!"/>
                </form>
            </td>
        </tr>
        <tr>
            <td>
                <a href="/lessons/63">2021-01-26</a>
            </td>
            <td>
                <a href="/lessons/63">13:00</a>
            </td>
            <td>
                <a href="/lessons/63">14:40</a>
            </td>
            <td>
                <a href="/lessons/63">A-2</a>
            </td>
            <td>
                <a href="/lessons/63">Another course&#39;s name</a>
            </td>
            <td>
                <a href="/lessons/63">Freya Shepp</a>
            </td>
            <td>
                <form method="post" action="/lessons/63"><input type="hidden" name="_method" value="DELETE"/>
                    <input class="btn btn-sm btn-danger" type="submit" value="Delete!"/>
                </form>
            </td>
        </tr>
        <tr>
            <td>
                <a href="/lessons/64">2021-01-26</a>
            </td>
            <td>
                <a href="/lessons/64">14:50</a>
            </td>
            <td>
                <a href="/lessons/64">16:30</a>
            </td>
            <td>
                <a href="/lessons/64">B-10</a>
            </td>
            <td>
                <a href="/lessons/64">Another course&#39;s name</a>
            </td>
            <td>
                <a href="/lessons/64">Freya Shepp</a>
            </td>
            <td>
                <form method="post" action="/lessons/64"><input type="hidden" name="_method" value="DELETE"/>
                    <input class="btn btn-sm btn-danger" type="submit" value="Delete!"/>
                </form>
            </td>
        </tr>
        <tr>
            <td>
                <a href="/lessons/65">2021-01-26</a>
            </td>
            <td>
                <a href="/lessons/65">16:40</a>
            </td>
            <td>
                <a href="/lessons/65">18:20</a>
            </td>
            <td>
                <a href="/lessons/65">A-4</a>
            </td>
            <td>
                <a href="/lessons/65">Political science</a>
            </td>
            <td>
                <a href="/lessons/65">Olivia Blake</a>
            </td>
            <td>
                <form method="post" action="/lessons/65"><input type="hidden" name="_method" value="DELETE"/>
                    <input class="btn btn-sm btn-danger" type="submit" value="Delete!"/>
                </form>
            </td>
        </tr>
        <tr>
            <td>
                <a href="/lessons/66">2021-01-26</a>
            </td>
            <td>
                <a href="/lessons/66">09:20</a>
            </td>
            <td>
                <a href="/lessons/66">11:00</a>
            </td>
            <td>
                <a href="/lessons/66">New name</a>
            </td>
            <td>
                <a href="/lessons/66">Chemistry</a>
            </td>
            <td>
                <a href="/lessons/66">Samuel Travis</a>
            </td>
            <td>
                <form method="post" action="/lessons/66"><input type="hidden" name="_method" value="DELETE"/>
                    <input class="btn btn-sm btn-danger" type="submit" value="Delete!"/>
                </form>
            </td>
        </tr>
        <tr>
            <td>
                <a href="/lessons/67">2021-01-26</a>
            </td>
            <td>
                <a href="/lessons/67">11:10</a>
            </td>
            <td>
                <a href="/lessons/67">12:50</a>
            </td>
            <td>
                <a href="/lessons/67">New name</a>
            </td>
            <td>
                <a href="/lessons/67">Chemistry</a>
            </td>
            <td>
                <a href="/lessons/67">Samuel Travis</a>
            </td>
            <td>
                <form method="post" action="/lessons/67"><input type="hidden" name="_method" value="DELETE"/>
                    <input class="btn btn-sm btn-danger" type="submit" value="Delete!"/>
                </form>
            </td>
        </tr>
        <tr>
            <td>
                <a href="/lessons/68">2021-01-26</a>
            </td>
            <td>
                <a href="/lessons/68">13:00</a>
            </td>
            <td>
                <a href="/lessons/68">14:40</a>
            </td>
            <td>
                <a href="/lessons/68">B-1</a>
            </td>
            <td>
                <a href="/lessons/68">Chemistry</a>
            </td>
            <td>
                <a href="/lessons/68">Albert Hill</a>
            </td>
            <td>
                <form method="post" action="/lessons/68"><input type="hidden" name="_method" value="DELETE"/>
                    <input class="btn btn-sm btn-danger" type="submit" value="Delete!"/>
                </form>
            </td>
        </tr>
        <tr>
            <td>
                <a href="/lessons/69">2021-01-26</a>
            </td>
            <td>
                <a href="/lessons/69">14:50</a>
            </td>
            <td>
                <a href="/lessons/69">16:30</a>
            </td>
            <td>
                <a href="/lessons/69">B-2</a>
            </td>
            <td>
                <a href="/lessons/69">Chemistry</a>
            </td>
            <td>
                <a href="/lessons/69">Albert Hill</a>
            </td>
            <td>
                <form method="post" action="/lessons/69"><input type="hidden" name="_method" value="DELETE"/>
                    <input class="btn btn-sm btn-danger" type="submit" value="Delete!"/>
                </form>
            </td>
        </tr>
        <tr>
            <td>
                <a href="/lessons/70">2021-01-26</a>
            </td>
            <td>
                <a href="/lessons/70">16:40</a>
            </td>
            <td>
                <a href="/lessons/70">18:20</a>
            </td>
            <td>
                <a href="/lessons/70">B-5</a>
            </td>
            <td>
                <a href="/lessons/70">Chemistry</a>
            </td>
            <td>
                <a href="/lessons/70">Albert Hill</a>
            </td>
            <td>
                <form method="post" action="/lessons/70"><input type="hidden" name="_method" value="DELETE"/>
                    <input class="btn btn-sm btn-danger" type="submit" value="Delete!"/>
                </form>
            </td>
        </tr>
        <tr>
            <td>
                <a href="/lessons/71">2021-01-26</a>
            </td>
            <td>
                <a href="/lessons/71">09:20</a>
            </td>
            <td>
                <a href="/lessons/71">11:00</a>
            </td>
            <td>
                <a href="/lessons/71">C-4</a>
            </td>
            <td>
                <a href="/lessons/71">Physics</a>
            </td>
            <td>
                <a href="/lessons/71">Sophia Roos</a>
            </td>
            <td>
                <form method="post" action="/lessons/71"><input type="hidden" name="_method" value="DELETE"/>
                    <input class="btn btn-sm btn-danger" type="submit" value="Delete!"/>
                </form>
            </td>
        </tr>
        <tr>
            <td>
                <a href="/lessons/72">2021-01-26</a>
            </td>
            <td>
                <a href="/lessons/72">11:10</a>
            </td>
            <td>
                <a href="/lessons/72">12:50</a>
            </td>
            <td>
                <a href="/lessons/72">C-4</a>
            </td>
            <td>
                <a href="/lessons/72">Physics</a>
            </td>
            <td>
                <a href="/lessons/72">Sophia Roos</a>
            </td>
            <td>
                <form method="post" action="/lessons/72"><input type="hidden" name="_method" value="DELETE"/>
                    <input class="btn btn-sm btn-danger" type="submit" value="Delete!"/>
                </form>
            </td>
        </tr>
        <tr>
            <td>
                <a href="/lessons/73">2021-01-26</a>
            </td>
            <td>
                <a href="/lessons/73">13:00</a>
            </td>
            <td>
                <a href="/lessons/73">14:40</a>
            </td>
            <td>
                <a href="/lessons/73">C-1</a>
            </td>
            <td>
                <a href="/lessons/73">Physics</a>
            </td>
            <td>
                <a href="/lessons/73">Sophia Roos</a>
            </td>
            <td>
                <form method="post" action="/lessons/73"><input type="hidden" name="_method" value="DELETE"/>
                    <input class="btn btn-sm btn-danger" type="submit" value="Delete!"/>
                </form>
            </td>
        </tr>
        <tr>
            <td>
                <a href="/lessons/74">2021-01-26</a>
            </td>
            <td>
                <a href="/lessons/74">14:50</a>
            </td>
            <td>
                <a href="/lessons/74">16:30</a>
            </td>
            <td>
                <a href="/lessons/74">C-3</a>
            </td>
            <td>
                <a href="/lessons/74">Physics</a>
            </td>
            <td>
                <a href="/lessons/74">Sophia Roos</a>
            </td>
            <td>
                <form method="post" action="/lessons/74"><input type="hidden" name="_method" value="DELETE"/>
                    <input class="btn btn-sm btn-danger" type="submit" value="Delete!"/>
                </form>
            </td>
        </tr>
        <tr>
            <td>
                <a href="/lessons/75">2021-01-26</a>
            </td>
            <td>
                <a href="/lessons/75">16:40</a>
            </td>
            <td>
                <a href="/lessons/75">18:20</a>
            </td>
            <td>
                <a href="/lessons/75">C-5</a>
            </td>
            <td>
                <a href="/lessons/75">Physics</a>
            </td>
            <td>
                <a href="/lessons/75">Sophia Roos</a>
            </td>
            <td>
                <form method="post" action="/lessons/75"><input type="hidden" name="_method" value="DELETE"/>
                    <input class="btn btn-sm btn-danger" type="submit" value="Delete!"/>
                </form>
            </td>
        </tr>
        <tr>
            <td>
                <a href="/lessons/76">2021-01-27</a>
            </td>
            <td>
                <a href="/lessons/76">09:20</a>
            </td>
            <td>
                <a href="/lessons/76">11:00</a>
            </td>
            <td>
                <a href="/lessons/76">A-4</a>
            </td>
            <td>
                <a href="/lessons/76">Another course&#39;s name</a>
            </td>
            <td>
                <a href="/lessons/76">Freya Shepp</a>
            </td>
            <td>
                <form method="post" action="/lessons/76"><input type="hidden" name="_method" value="DELETE"/>
                    <input class="btn btn-sm btn-danger" type="submit" value="Delete!"/>
                </form>
            </td>
        </tr>
        <tr>
            <td>
                <a href="/lessons/77">2021-01-27</a>
            </td>
            <td>
                <a href="/lessons/77">11:10</a>
            </td>
            <td>
                <a href="/lessons/77">12:50</a>
            </td>
            <td>
                <a href="/lessons/77">A-1</a>
            </td>
            <td>
                <a href="/lessons/77">Another course&#39;s name</a>
            </td>
            <td>
                <a href="/lessons/77">Freya Shepp</a>
            </td>
            <td>
                <form method="post" action="/lessons/77"><input type="hidden" name="_method" value="DELETE"/>
                    <input class="btn btn-sm btn-danger" type="submit" value="Delete!"/>
                </form>
            </td>
        </tr>
        <tr>
            <td>
                <a href="/lessons/78">2021-01-27</a>
            </td>
            <td>
                <a href="/lessons/78">13:00</a>
            </td>
            <td>
                <a href="/lessons/78">14:40</a>
            </td>
            <td>
                <a href="/lessons/78">A-2</a>
            </td>
            <td>
                <a href="/lessons/78">Political science</a>
            </td>
            <td>
                <a href="/lessons/78">Olivia Blake</a>
            </td>
            <td>
                <form method="post" action="/lessons/78"><input type="hidden" name="_method" value="DELETE"/>
                    <input class="btn btn-sm btn-danger" type="submit" value="Delete!"/>
                </form>
            </td>
        </tr>
        <tr>
            <td>
                <a href="/lessons/79">2021-01-27</a>
            </td>
            <td>
                <a href="/lessons/79">14:50</a>
            </td>
            <td>
                <a href="/lessons/79">16:30</a>
            </td>
            <td>
                <a href="/lessons/79">B-10</a>
            </td>
            <td>
                <a href="/lessons/79">Political science</a>
            </td>
            <td>
                <a href="/lessons/79">Olivia Blake</a>
            </td>
            <td>
                <form method="post" action="/lessons/79"><input type="hidden" name="_method" value="DELETE"/>
                    <input class="btn btn-sm btn-danger" type="submit" value="Delete!"/>
                </form>
            </td>
        </tr>
        <tr>
            <td>
                <a href="/lessons/80">2021-01-27</a>
            </td>
            <td>
                <a href="/lessons/80">16:40</a>
            </td>
            <td>
                <a href="/lessons/80">18:20</a>
            </td>
            <td>
                <a href="/lessons/80">A-4</a>
            </td>
            <td>
                <a href="/lessons/80">Culture</a>
            </td>
            <td>
                <a href="/lessons/80">Scarlett Nimoy</a>
            </td>
            <td>
                <form method="post" action="/lessons/80"><input type="hidden" name="_method" value="DELETE"/>
                    <input class="btn btn-sm btn-danger" type="submit" value="Delete!"/>
                </form>
            </td>
        </tr>
        <tr>
            <td>
                <a href="/lessons/81">2021-01-27</a>
            </td>
            <td>
                <a href="/lessons/81">09:20</a>
            </td>
            <td>
                <a href="/lessons/81">11:00</a>
            </td>
            <td>
                <a href="/lessons/81">New name</a>
            </td>
            <td>
                <a href="/lessons/81">Biology</a>
            </td>
            <td>
                <a href="/lessons/81">Ellie Purh</a>
            </td>
            <td>
                <form method="post" action="/lessons/81"><input type="hidden" name="_method" value="DELETE"/>
                    <input class="btn btn-sm btn-danger" type="submit" value="Delete!"/>
                </form>
            </td>
        </tr>
        <tr>
            <td>
                <a href="/lessons/82">2021-01-27</a>
            </td>
            <td>
                <a href="/lessons/82">11:10</a>
            </td>
            <td>
                <a href="/lessons/82">12:50</a>
            </td>
            <td>
                <a href="/lessons/82">New name</a>
            </td>
            <td>
                <a href="/lessons/82">Biology</a>
            </td>
            <td>
                <a href="/lessons/82">Ellie Purh</a>
            </td>
            <td>
                <form method="post" action="/lessons/82"><input type="hidden" name="_method" value="DELETE"/>
                    <input class="btn btn-sm btn-danger" type="submit" value="Delete!"/>
                </form>
            </td>
        </tr>
        <tr>
            <td>
                <a href="/lessons/83">2021-01-27</a>
            </td>
            <td>
                <a href="/lessons/83">13:00</a>
            </td>
            <td>
                <a href="/lessons/83">14:40</a>
            </td>
            <td>
                <a href="/lessons/83">B-1</a>
            </td>
            <td>
                <a href="/lessons/83">Biology</a>
            </td>
            <td>
                <a href="/lessons/83">Charlie Byrne</a>
            </td>
            <td>
                <form method="post" action="/lessons/83"><input type="hidden" name="_method" value="DELETE"/>
                    <input class="btn btn-sm btn-danger" type="submit" value="Delete!"/>
                </form>
            </td>
        </tr>
        <tr>
            <td>
                <a href="/lessons/84">2021-01-27</a>
            </td>
            <td>
                <a href="/lessons/84">14:50</a>
            </td>
            <td>
                <a href="/lessons/84">16:30</a>
            </td>
            <td>
                <a href="/lessons/84">B-2</a>
            </td>
            <td>
                <a href="/lessons/84">Biology</a>
            </td>
            <td>
                <a href="/lessons/84">Charlie Byrne</a>
            </td>
            <td>
                <form method="post" action="/lessons/84"><input type="hidden" name="_method" value="DELETE"/>
                    <input class="btn btn-sm btn-danger" type="submit" value="Delete!"/>
                </form>
            </td>
        </tr>
        <tr>
            <td>
                <a href="/lessons/85">2021-01-27</a>
            </td>
            <td>
                <a href="/lessons/85">16:40</a>
            </td>
            <td>
                <a href="/lessons/85">18:20</a>
            </td>
            <td>
                <a href="/lessons/85">B-5</a>
            </td>
            <td>
                <a href="/lessons/85">Biology</a>
            </td>
            <td>
                <a href="/lessons/85">Charlie Byrne</a>
            </td>
            <td>
                <form method="post" action="/lessons/85"><input type="hidden" name="_method" value="DELETE"/>
                    <input class="btn btn-sm btn-danger" type="submit" value="Delete!"/>
                </form>
            </td>
        </tr>
        <tr>
            <td>
                <a href="/lessons/86">2021-01-27</a>
            </td>
            <td>
                <a href="/lessons/86">09:20</a>
            </td>
            <td>
                <a href="/lessons/86">11:00</a>
            </td>
            <td>
                <a href="/lessons/86">C-4</a>
            </td>
            <td>
                <a href="/lessons/86">Geometry</a>
            </td>
            <td>
                <a href="/lessons/86">Mia Brown</a>
            </td>
            <td>
                <form method="post" action="/lessons/86"><input type="hidden" name="_method" value="DELETE"/>
                    <input class="btn btn-sm btn-danger" type="submit" value="Delete!"/>
                </form>
            </td>
        </tr>
        <tr>
            <td>
                <a href="/lessons/87">2021-01-27</a>
            </td>
            <td>
                <a href="/lessons/87">11:10</a>
            </td>
            <td>
                <a href="/lessons/87">12:50</a>
            </td>
            <td>
                <a href="/lessons/87">C-4</a>
            </td>
            <td>
                <a href="/lessons/87">Geometry</a>
            </td>
            <td>
                <a href="/lessons/87">Mia Brown</a>
            </td>
            <td>
                <form method="post" action="/lessons/87"><input type="hidden" name="_method" value="DELETE"/>
                    <input class="btn btn-sm btn-danger" type="submit" value="Delete!"/>
                </form>
            </td>
        </tr>
        <tr>
            <td>
                <a href="/lessons/88">2021-01-27</a>
            </td>
            <td>
                <a href="/lessons/88">13:00</a>
            </td>
            <td>
                <a href="/lessons/88">14:40</a>
            </td>
            <td>
                <a href="/lessons/88">C-1</a>
            </td>
            <td>
                <a href="/lessons/88">Geometry</a>
            </td>
            <td>
                <a href="/lessons/88">Mia Brown</a>
            </td>
            <td>
                <form method="post" action="/lessons/88"><input type="hidden" name="_method" value="DELETE"/>
                    <input class="btn btn-sm btn-danger" type="submit" value="Delete!"/>
                </form>
            </td>
        </tr>
        <tr>
            <td>
                <a href="/lessons/89">2021-01-27</a>
            </td>
            <td>
                <a href="/lessons/89">14:50</a>
            </td>
            <td>
                <a href="/lessons/89">16:30</a>
            </td>
            <td>
                <a href="/lessons/89">C-3</a>
            </td>
            <td>
                <a href="/lessons/89">Geometry</a>
            </td>
            <td>
                <a href="/lessons/89">Mia Brown</a>
            </td>
            <td>
                <form method="post" action="/lessons/89"><input type="hidden" name="_method" value="DELETE"/>
                    <input class="btn btn-sm btn-danger" type="submit" value="Delete!"/>
                </form>
            </td>
        </tr>
        <tr>
            <td>
                <a href="/lessons/90">2021-01-27</a>
            </td>
            <td>
                <a href="/lessons/90">16:40</a>
            </td>
            <td>
                <a href="/lessons/90">18:20</a>
            </td>
            <td>
                <a href="/lessons/90">C-5</a>
            </td>
            <td>
                <a href="/lessons/90">Geometry</a>
            </td>
            <td>
                <a href="/lessons/90">Mia Brown</a>
            </td>
            <td>
                <form method="post" action="/lessons/90"><input type="hidden" name="_method" value="DELETE"/>
                    <input class="btn btn-sm btn-danger" type="submit" value="Delete!"/>
                </form>
            </td>
        </tr>
        <tr>
            <td>
                <a href="/lessons/91">2021-01-28</a>
            </td>
            <td>
                <a href="/lessons/91">09:20</a>
            </td>
            <td>
                <a href="/lessons/91">11:00</a>
            </td>
            <td>
                <a href="/lessons/91">A-4</a>
            </td>
            <td>
                <a href="/lessons/91">Political science</a>
            </td>
            <td>
                <a href="/lessons/91">Olivia Blake</a>
            </td>
            <td>
                <form method="post" action="/lessons/91"><input type="hidden" name="_method" value="DELETE"/>
                    <input class="btn btn-sm btn-danger" type="submit" value="Delete!"/>
                </form>
            </td>
        </tr>
        <tr>
            <td>
                <a href="/lessons/92">2021-01-28</a>
            </td>
            <td>
                <a href="/lessons/92">11:10</a>
            </td>
            <td>
                <a href="/lessons/92">12:50</a>
            </td>
            <td>
                <a href="/lessons/92">A-1</a>
            </td>
            <td>
                <a href="/lessons/92">Political science</a>
            </td>
            <td>
                <a href="/lessons/92">Olivia Blake</a>
            </td>
            <td>
                <form method="post" action="/lessons/92"><input type="hidden" name="_method" value="DELETE"/>
                    <input class="btn btn-sm btn-danger" type="submit" value="Delete!"/>
                </form>
            </td>
        </tr>
        <tr>
            <td>
                <a href="/lessons/93">2021-01-28</a>
            </td>
            <td>
                <a href="/lessons/93">13:00</a>
            </td>
            <td>
                <a href="/lessons/93">14:40</a>
            </td>
            <td>
                <a href="/lessons/93">A-2</a>
            </td>
            <td>
                <a href="/lessons/93">Culture</a>
            </td>
            <td>
                <a href="/lessons/93">Scarlett Nimoy</a>
            </td>
            <td>
                <form method="post" action="/lessons/93"><input type="hidden" name="_method" value="DELETE"/>
                    <input class="btn btn-sm btn-danger" type="submit" value="Delete!"/>
                </form>
            </td>
        </tr>
        <tr>
            <td>
                <a href="/lessons/94">2021-01-28</a>
            </td>
            <td>
                <a href="/lessons/94">14:50</a>
            </td>
            <td>
                <a href="/lessons/94">16:30</a>
            </td>
            <td>
                <a href="/lessons/94">B-10</a>
            </td>
            <td>
                <a href="/lessons/94">Culture</a>
            </td>
            <td>
                <a href="/lessons/94">Scarlett Nimoy</a>
            </td>
            <td>
                <form method="post" action="/lessons/94"><input type="hidden" name="_method" value="DELETE"/>
                    <input class="btn btn-sm btn-danger" type="submit" value="Delete!"/>
                </form>
            </td>
        </tr>
        <tr>
            <td>
                <a href="/lessons/95">2021-01-28</a>
            </td>
            <td>
                <a href="/lessons/95">16:40</a>
            </td>
            <td>
                <a href="/lessons/95">18:20</a>
            </td>
            <td>
                <a href="/lessons/95">A-4</a>
            </td>
            <td>
                <a href="/lessons/95">History</a>
            </td>
            <td>
                <a href="/lessons/95">Albert Johnson</a>
            </td>
            <td>
                <form method="post" action="/lessons/95"><input type="hidden" name="_method" value="DELETE"/>
                    <input class="btn btn-sm btn-danger" type="submit" value="Delete!"/>
                </form>
            </td>
        </tr>
        <tr>
            <td>
                <a href="/lessons/96">2021-01-28</a>
            </td>
            <td>
                <a href="/lessons/96">09:20</a>
            </td>
            <td>
                <a href="/lessons/96">11:00</a>
            </td>
            <td>
                <a href="/lessons/96">New name</a>
            </td>
            <td>
                <a href="/lessons/96">Chemistry</a>
            </td>
            <td>
                <a href="/lessons/96">Samuel Travis</a>
            </td>
            <td>
                <form method="post" action="/lessons/96"><input type="hidden" name="_method" value="DELETE"/>
                    <input class="btn btn-sm btn-danger" type="submit" value="Delete!"/>
                </form>
            </td>
        </tr>
        <tr>
            <td>
                <a href="/lessons/97">2021-01-28</a>
            </td>
            <td>
                <a href="/lessons/97">11:10</a>
            </td>
            <td>
                <a href="/lessons/97">12:50</a>
            </td>
            <td>
                <a href="/lessons/97">New name</a>
            </td>
            <td>
                <a href="/lessons/97">Chemistry</a>
            </td>
            <td>
                <a href="/lessons/97">Samuel Travis</a>
            </td>
            <td>
                <form method="post" action="/lessons/97"><input type="hidden" name="_method" value="DELETE"/>
                    <input class="btn btn-sm btn-danger" type="submit" value="Delete!"/>
                </form>
            </td>
        </tr>
        <tr>
            <td>
                <a href="/lessons/98">2021-01-28</a>
            </td>
            <td>
                <a href="/lessons/98">13:00</a>
            </td>
            <td>
                <a href="/lessons/98">14:40</a>
            </td>
            <td>
                <a href="/lessons/98">B-1</a>
            </td>
            <td>
                <a href="/lessons/98">Chemistry</a>
            </td>
            <td>
                <a href="/lessons/98">Albert Hill</a>
            </td>
            <td>
                <form method="post" action="/lessons/98"><input type="hidden" name="_method" value="DELETE"/>
                    <input class="btn btn-sm btn-danger" type="submit" value="Delete!"/>
                </form>
            </td>
        </tr>
        <tr>
            <td>
                <a href="/lessons/99">2021-01-28</a>
            </td>
            <td>
                <a href="/lessons/99">14:50</a>
            </td>
            <td>
                <a href="/lessons/99">16:30</a>
            </td>
            <td>
                <a href="/lessons/99">B-2</a>
            </td>
            <td>
                <a href="/lessons/99">Chemistry</a>
            </td>
            <td>
                <a href="/lessons/99">Albert Hill</a>
            </td>
            <td>
                <form method="post" action="/lessons/99"><input type="hidden" name="_method" value="DELETE"/>
                    <input class="btn btn-sm btn-danger" type="submit" value="Delete!"/>
                </form>
            </td>
        </tr>
        <tr>
            <td>
                <a href="/lessons/100">2021-01-28</a>
            </td>
            <td>
                <a href="/lessons/100">16:40</a>
            </td>
            <td>
                <a href="/lessons/100">18:20</a>
            </td>
            <td>
                <a href="/lessons/100">B-5</a>
            </td>
            <td>
                <a href="/lessons/100">Chemistry</a>
            </td>
            <td>
                <a href="/lessons/100">Albert Hill</a>
            </td>
            <td>
                <form method="post" action="/lessons/100"><input type="hidden" name="_method" value="DELETE"/>
                    <input class="btn btn-sm btn-danger" type="submit" value="Delete!"/>
                </form>
            </td>
        </tr>
        <tr>
            <td>
                <a href="/lessons/101">2021-01-28</a>
            </td>
            <td>
                <a href="/lessons/101">09:20</a>
            </td>
            <td>
                <a href="/lessons/101">11:00</a>
            </td>
            <td>
                <a href="/lessons/101">C-4</a>
            </td>
            <td>
                <a href="/lessons/101">Mathematics</a>
            </td>
            <td>
                <a href="/lessons/101">Joshua Eve</a>
            </td>
            <td>
                <form method="post" action="/lessons/101"><input type="hidden" name="_method" value="DELETE"/>
                    <input class="btn btn-sm btn-danger" type="submit" value="Delete!"/>
                </form>
            </td>
        </tr>
        <tr>
            <td>
                <a href="/lessons/102">2021-01-28</a>
            </td>
            <td>
                <a href="/lessons/102">11:10</a>
            </td>
            <td>
                <a href="/lessons/102">12:50</a>
            </td>
            <td>
                <a href="/lessons/102">C-4</a>
            </td>
            <td>
                <a href="/lessons/102">Mathematics</a>
            </td>
            <td>
                <a href="/lessons/102">Joshua Eve</a>
            </td>
            <td>
                <form method="post" action="/lessons/102"><input type="hidden" name="_method" value="DELETE"/>
                    <input class="btn btn-sm btn-danger" type="submit" value="Delete!"/>
                </form>
            </td>
        </tr>
        <tr>
            <td>
                <a href="/lessons/103">2021-01-28</a>
            </td>
            <td>
                <a href="/lessons/103">13:00</a>
            </td>
            <td>
                <a href="/lessons/103">14:40</a>
            </td>
            <td>
                <a href="/lessons/103">C-2</a>
            </td>
            <td>
                <a href="/lessons/103">Physics</a>
            </td>
            <td>
                <a href="/lessons/103">Sophia Roos</a>
            </td>
            <td>
                <form method="post" action="/lessons/103"><input type="hidden" name="_method" value="DELETE"/>
                    <input class="btn btn-sm btn-danger" type="submit" value="Delete!"/>
                </form>
            </td>
        </tr>
        <tr>
            <td>
                <a href="/lessons/104">2021-01-28</a>
            </td>
            <td>
                <a href="/lessons/104">14:50</a>
            </td>
            <td>
                <a href="/lessons/104">16:30</a>
            </td>
            <td>
                <a href="/lessons/104">C-2</a>
            </td>
            <td>
                <a href="/lessons/104">Geometry</a>
            </td>
            <td>
                <a href="/lessons/104">Mia Brown</a>
            </td>
            <td>
                <form method="post" action="/lessons/104"><input type="hidden" name="_method" value="DELETE"/>
                    <input class="btn btn-sm btn-danger" type="submit" value="Delete!"/>
                </form>
            </td>
        </tr>
        <tr>
            <td>
                <a href="/lessons/105">2021-01-28</a>
            </td>
            <td>
                <a href="/lessons/105">16:40</a>
            </td>
            <td>
                <a href="/lessons/105">18:20</a>
            </td>
            <td>
                <a href="/lessons/105">C-5</a>
            </td>
            <td>
                <a href="/lessons/105">Mathematics</a>
            </td>
            <td>
                <a href="/lessons/105">Joshua Eve</a>
            </td>
            <td>
                <form method="post" action="/lessons/105"><input type="hidden" name="_method" value="DELETE"/>
                    <input class="btn btn-sm btn-danger" type="submit" value="Delete!"/>
                </form>
            </td>
        </tr>
        <tr>
            <td>
                <a href="/lessons/106">2021-01-29</a>
            </td>
            <td>
                <a href="/lessons/106">09:20</a>
            </td>
            <td>
                <a href="/lessons/106">11:00</a>
            </td>
            <td>
                <a href="/lessons/106">A-4</a>
            </td>
            <td>
                <a href="/lessons/106">Culture</a>
            </td>
            <td>
                <a href="/lessons/106">Scarlett Nimoy</a>
            </td>
            <td>
                <form method="post" action="/lessons/106"><input type="hidden" name="_method" value="DELETE"/>
                    <input class="btn btn-sm btn-danger" type="submit" value="Delete!"/>
                </form>
            </td>
        </tr>
        <tr>
            <td>
                <a href="/lessons/107">2021-01-29</a>
            </td>
            <td>
                <a href="/lessons/107">11:10</a>
            </td>
            <td>
                <a href="/lessons/107">12:50</a>
            </td>
            <td>
                <a href="/lessons/107">A-1</a>
            </td>
            <td>
                <a href="/lessons/107">Culture</a>
            </td>
            <td>
                <a href="/lessons/107">Scarlett Nimoy</a>
            </td>
            <td>
                <form method="post" action="/lessons/107"><input type="hidden" name="_method" value="DELETE"/>
                    <input class="btn btn-sm btn-danger" type="submit" value="Delete!"/>
                </form>
            </td>
        </tr>
        <tr>
            <td>
                <a href="/lessons/108">2021-01-29</a>
            </td>
            <td>
                <a href="/lessons/108">13:00</a>
            </td>
            <td>
                <a href="/lessons/108">14:40</a>
            </td>
            <td>
                <a href="/lessons/108">A-2</a>
            </td>
            <td>
                <a href="/lessons/108">History</a>
            </td>
            <td>
                <a href="/lessons/108">Albert Johnson</a>
            </td>
            <td>
                <form method="post" action="/lessons/108"><input type="hidden" name="_method" value="DELETE"/>
                    <input class="btn btn-sm btn-danger" type="submit" value="Delete!"/>
                </form>
            </td>
        </tr>
        <tr>
            <td>
                <a href="/lessons/109">2021-01-29</a>
            </td>
            <td>
                <a href="/lessons/109">14:50</a>
            </td>
            <td>
                <a href="/lessons/109">16:30</a>
            </td>
            <td>
                <a href="/lessons/109">B-10</a>
            </td>
            <td>
                <a href="/lessons/109">History</a>
            </td>
            <td>
                <a href="/lessons/109">Albert Johnson</a>
            </td>
            <td>
                <form method="post" action="/lessons/109"><input type="hidden" name="_method" value="DELETE"/>
                    <input class="btn btn-sm btn-danger" type="submit" value="Delete!"/>
                </form>
            </td>
        </tr>
        <tr>
            <td>
                <a href="/lessons/110">2021-01-29</a>
            </td>
            <td>
                <a href="/lessons/110">16:40</a>
            </td>
            <td>
                <a href="/lessons/110">18:20</a>
            </td>
            <td>
                <a href="/lessons/110">A-4</a>
            </td>
            <td>
                <a href="/lessons/110">Philosophy</a>
            </td>
            <td>
                <a href="/lessons/110">Stanley Gruber</a>
            </td>
            <td>
                <form method="post" action="/lessons/110"><input type="hidden" name="_method" value="DELETE"/>
                    <input class="btn btn-sm btn-danger" type="submit" value="Delete!"/>
                </form>
            </td>
        </tr>
        <tr>
            <td>
                <a href="/lessons/111">2021-01-29</a>
            </td>
            <td>
                <a href="/lessons/111">09:20</a>
            </td>
            <td>
                <a href="/lessons/111">11:00</a>
            </td>
            <td>
                <a href="/lessons/111">New name</a>
            </td>
            <td>
                <a href="/lessons/111">Biology</a>
            </td>
            <td>
                <a href="/lessons/111">Ellie Purh</a>
            </td>
            <td>
                <form method="post" action="/lessons/111"><input type="hidden" name="_method" value="DELETE"/>
                    <input class="btn btn-sm btn-danger" type="submit" value="Delete!"/>
                </form>
            </td>
        </tr>
        <tr>
            <td>
                <a href="/lessons/112">2021-01-29</a>
            </td>
            <td>
                <a href="/lessons/112">11:10</a>
            </td>
            <td>
                <a href="/lessons/112">12:50</a>
            </td>
            <td>
                <a href="/lessons/112">New name</a>
            </td>
            <td>
                <a href="/lessons/112">Biology</a>
            </td>
            <td>
                <a href="/lessons/112">Ellie Purh</a>
            </td>
            <td>
                <form method="post" action="/lessons/112"><input type="hidden" name="_method" value="DELETE"/>
                    <input class="btn btn-sm btn-danger" type="submit" value="Delete!"/>
                </form>
            </td>
        </tr>
        <tr>
            <td>
                <a href="/lessons/113">2021-01-29</a>
            </td>
            <td>
                <a href="/lessons/113">13:00</a>
            </td>
            <td>
                <a href="/lessons/113">14:40</a>
            </td>
            <td>
                <a href="/lessons/113">B-1</a>
            </td>
            <td>
                <a href="/lessons/113">Biology</a>
            </td>
            <td>
                <a href="/lessons/113">Charlie Byrne</a>
            </td>
            <td>
                <form method="post" action="/lessons/113"><input type="hidden" name="_method" value="DELETE"/>
                    <input class="btn btn-sm btn-danger" type="submit" value="Delete!"/>
                </form>
            </td>
        </tr>
        <tr>
            <td>
                <a href="/lessons/114">2021-01-29</a>
            </td>
            <td>
                <a href="/lessons/114">14:50</a>
            </td>
            <td>
                <a href="/lessons/114">16:30</a>
            </td>
            <td>
                <a href="/lessons/114">B-2</a>
            </td>
            <td>
                <a href="/lessons/114">Biology</a>
            </td>
            <td>
                <a href="/lessons/114">Charlie Byrne</a>
            </td>
            <td>
                <form method="post" action="/lessons/114"><input type="hidden" name="_method" value="DELETE"/>
                    <input class="btn btn-sm btn-danger" type="submit" value="Delete!"/>
                </form>
            </td>
        </tr>
        <tr>
            <td>
                <a href="/lessons/115">2021-01-29</a>
            </td>
            <td>
                <a href="/lessons/115">16:40</a>
            </td>
            <td>
                <a href="/lessons/115">18:20</a>
            </td>
            <td>
                <a href="/lessons/115">B-5</a>
            </td>
            <td>
                <a href="/lessons/115">Biology</a>
            </td>
            <td>
                <a href="/lessons/115">Charlie Byrne</a>
            </td>
            <td>
                <form method="post" action="/lessons/115"><input type="hidden" name="_method" value="DELETE"/>
                    <input class="btn btn-sm btn-danger" type="submit" value="Delete!"/>
                </form>
            </td>
        </tr>
        <tr>
            <td>
                <a href="/lessons/116">2021-01-29</a>
            </td>
            <td>
                <a href="/lessons/116">09:20</a>
            </td>
            <td>
                <a href="/lessons/116">11:00</a>
            </td>
            <td>
                <a href="/lessons/116">C-4</a>
            </td>
            <td>
                <a href="/lessons/116">Physics</a>
            </td>
            <td>
                <a href="/lessons/116">Sophia Roos</a>
            </td>
            <td>
                <form method="post" action="/lessons/116"><input type="hidden" name="_method" value="DELETE"/>
                    <input class="btn btn-sm btn-danger" type="submit" value="Delete!"/>
                </form>
            </td>
        </tr>
        <tr>
            <td>
                <a href="/lessons/117">2021-01-29</a>
            </td>
            <td>
                <a href="/lessons/117">11:10</a>
            </td>
            <td>
                <a href="/lessons/117">12:50</a>
            </td>
            <td>
                <a href="/lessons/117">C-4</a>
            </td>
            <td>
                <a href="/lessons/117">Geometry</a>
            </td>
            <td>
                <a href="/lessons/117">Mia Brown</a>
            </td>
            <td>
                <form method="post" action="/lessons/117"><input type="hidden" name="_method" value="DELETE"/>
                    <input class="btn btn-sm btn-danger" type="submit" value="Delete!"/>
                </form>
            </td>
        </tr>
        <tr>
            <td>
                <a href="/lessons/118">2021-01-29</a>
            </td>
            <td>
                <a href="/lessons/118">13:00</a>
            </td>
            <td>
                <a href="/lessons/118">14:40</a>
            </td>
            <td>
                <a href="/lessons/118">C-3</a>
            </td>
            <td>
                <a href="/lessons/118">Mathematics</a>
            </td>
            <td>
                <a href="/lessons/118">Joshua Eve</a>
            </td>
            <td>
                <form method="post" action="/lessons/118"><input type="hidden" name="_method" value="DELETE"/>
                    <input class="btn btn-sm btn-danger" type="submit" value="Delete!"/>
                </form>
            </td>
        </tr>
        <tr>
            <td>
                <a href="/lessons/119">2021-01-29</a>
            </td>
            <td>
                <a href="/lessons/119">14:50</a>
            </td>
            <td>
                <a href="/lessons/119">16:30</a>
            </td>
            <td>
                <a href="/lessons/119">C-5</a>
            </td>
            <td>
                <a href="/lessons/119">Physics</a>
            </td>
            <td>
                <a href="/lessons/119">Sophia Roos</a>
            </td>
            <td>
                <form method="post" action="/lessons/119"><input type="hidden" name="_method" value="DELETE"/>
                    <input class="btn btn-sm btn-danger" type="submit" value="Delete!"/>
                </form>
            </td>
        </tr>
        <tr>
            <td>
                <a href="/lessons/120">2021-01-29</a>
            </td>
            <td>
                <a href="/lessons/120">16:40</a>
            </td>
            <td>
                <a href="/lessons/120">18:20</a>
            </td>
            <td>
                <a href="/lessons/120">C-5</a>
            </td>
            <td>
                <a href="/lessons/120">Geometry</a>
            </td>
            <td>
                <a href="/lessons/120">Mia Brown</a>
            </td>
            <td>
                <form method="post" action="/lessons/120"><input type="hidden" name="_method" value="DELETE"/>
                    <input class="btn btn-sm btn-danger" type="submit" value="Delete!"/>
                </form>
            </td>
        </tr>
        <tr>
            <td>
                <a href="/lessons/121">2021-02-01</a>
            </td>
            <td>
                <a href="/lessons/121">09:20</a>
            </td>
            <td>
                <a href="/lessons/121">11:00</a>
            </td>
            <td>
                <a href="/lessons/121">A-4</a>
            </td>
            <td>
                <a href="/lessons/121">History</a>
            </td>
            <td>
                <a href="/lessons/121">Albert Johnson</a>
            </td>
            <td>
                <form method="post" action="/lessons/121"><input type="hidden" name="_method" value="DELETE"/>
                    <input class="btn btn-sm btn-danger" type="submit" value="Delete!"/>
                </form>
            </td>
        </tr>
        <tr>
            <td>
                <a href="/lessons/122">2021-02-01</a>
            </td>
            <td>
                <a href="/lessons/122">11:10</a>
            </td>
            <td>
                <a href="/lessons/122">12:50</a>
            </td>
            <td>
                <a href="/lessons/122">A-1</a>
            </td>
            <td>
                <a href="/lessons/122">History</a>
            </td>
            <td>
                <a href="/lessons/122">Albert Johnson</a>
            </td>
            <td>
                <form method="post" action="/lessons/122"><input type="hidden" name="_method" value="DELETE"/>
                    <input class="btn btn-sm btn-danger" type="submit" value="Delete!"/>
                </form>
            </td>
        </tr>
        <tr>
            <td>
                <a href="/lessons/123">2021-02-01</a>
            </td>
            <td>
                <a href="/lessons/123">13:00</a>
            </td>
            <td>
                <a href="/lessons/123">14:40</a>
            </td>
            <td>
                <a href="/lessons/123">A-2</a>
            </td>
            <td>
                <a href="/lessons/123">Philosophy</a>
            </td>
            <td>
                <a href="/lessons/123">Stanley Gruber</a>
            </td>
            <td>
                <form method="post" action="/lessons/123"><input type="hidden" name="_method" value="DELETE"/>
                    <input class="btn btn-sm btn-danger" type="submit" value="Delete!"/>
                </form>
            </td>
        </tr>
        <tr>
            <td>
                <a href="/lessons/124">2021-02-01</a>
            </td>
            <td>
                <a href="/lessons/124">14:50</a>
            </td>
            <td>
                <a href="/lessons/124">16:30</a>
            </td>
            <td>
                <a href="/lessons/124">B-10</a>
            </td>
            <td>
                <a href="/lessons/124">Philosophy</a>
            </td>
            <td>
                <a href="/lessons/124">Stanley Gruber</a>
            </td>
            <td>
                <form method="post" action="/lessons/124"><input type="hidden" name="_method" value="DELETE"/>
                    <input class="btn btn-sm btn-danger" type="submit" value="Delete!"/>
                </form>
            </td>
        </tr>
        <tr>
            <td>
                <a href="/lessons/125">2021-02-01</a>
            </td>
            <td>
                <a href="/lessons/125">16:40</a>
            </td>
            <td>
                <a href="/lessons/125">18:20</a>
            </td>
            <td>
                <a href="/lessons/125">A-4</a>
            </td>
            <td>
                <a href="/lessons/125">Another course&#39;s name</a>
            </td>
            <td>
                <a href="/lessons/125">Freya Shepp</a>
            </td>
            <td>
                <form method="post" action="/lessons/125"><input type="hidden" name="_method" value="DELETE"/>
                    <input class="btn btn-sm btn-danger" type="submit" value="Delete!"/>
                </form>
            </td>
        </tr>
        <tr>
            <td>
                <a href="/lessons/126">2021-02-01</a>
            </td>
            <td>
                <a href="/lessons/126">09:20</a>
            </td>
            <td>
                <a href="/lessons/126">11:00</a>
            </td>
            <td>
                <a href="/lessons/126">New name</a>
            </td>
            <td>
                <a href="/lessons/126">Biology</a>
            </td>
            <td>
                <a href="/lessons/126">Ellie Purh</a>
            </td>
            <td>
                <form method="post" action="/lessons/126"><input type="hidden" name="_method" value="DELETE"/>
                    <input class="btn btn-sm btn-danger" type="submit" value="Delete!"/>
                </form>
            </td>
        </tr>
        <tr>
            <td>
                <a href="/lessons/127">2021-02-01</a>
            </td>
            <td>
                <a href="/lessons/127">11:10</a>
            </td>
            <td>
                <a href="/lessons/127">12:50</a>
            </td>
            <td>
                <a href="/lessons/127">New name</a>
            </td>
            <td>
                <a href="/lessons/127">Biology</a>
            </td>
            <td>
                <a href="/lessons/127">Ellie Purh</a>
            </td>
            <td>
                <form method="post" action="/lessons/127"><input type="hidden" name="_method" value="DELETE"/>
                    <input class="btn btn-sm btn-danger" type="submit" value="Delete!"/>
                </form>
            </td>
        </tr>
        <tr>
            <td>
                <a href="/lessons/128">2021-02-01</a>
            </td>
            <td>
                <a href="/lessons/128">13:00</a>
            </td>
            <td>
                <a href="/lessons/128">14:40</a>
            </td>
            <td>
                <a href="/lessons/128">B-1</a>
            </td>
            <td>
                <a href="/lessons/128">Biology</a>
            </td>
            <td>
                <a href="/lessons/128">Charlie Byrne</a>
            </td>
            <td>
                <form method="post" action="/lessons/128"><input type="hidden" name="_method" value="DELETE"/>
                    <input class="btn btn-sm btn-danger" type="submit" value="Delete!"/>
                </form>
            </td>
        </tr>
        <tr>
            <td>
                <a href="/lessons/129">2021-02-01</a>
            </td>
            <td>
                <a href="/lessons/129">14:50</a>
            </td>
            <td>
                <a href="/lessons/129">16:30</a>
            </td>
            <td>
                <a href="/lessons/129">B-2</a>
            </td>
            <td>
                <a href="/lessons/129">Biology</a>
            </td>
            <td>
                <a href="/lessons/129">Charlie Byrne</a>
            </td>
            <td>
                <form method="post" action="/lessons/129"><input type="hidden" name="_method" value="DELETE"/>
                    <input class="btn btn-sm btn-danger" type="submit" value="Delete!"/>
                </form>
            </td>
        </tr>
        <tr>
            <td>
                <a href="/lessons/130">2021-02-01</a>
            </td>
            <td>
                <a href="/lessons/130">16:40</a>
            </td>
            <td>
                <a href="/lessons/130">18:20</a>
            </td>
            <td>
                <a href="/lessons/130">B-5</a>
            </td>
            <td>
                <a href="/lessons/130">Biology</a>
            </td>
            <td>
                <a href="/lessons/130">Charlie Byrne</a>
            </td>
            <td>
                <form method="post" action="/lessons/130"><input type="hidden" name="_method" value="DELETE"/>
                    <input class="btn btn-sm btn-danger" type="submit" value="Delete!"/>
                </form>
            </td>
        </tr>
        <tr>
            <td>
                <a href="/lessons/131">2021-02-01</a>
            </td>
            <td>
                <a href="/lessons/131">09:20</a>
            </td>
            <td>
                <a href="/lessons/131">11:00</a>
            </td>
            <td>
                <a href="/lessons/131">C-4</a>
            </td>
            <td>
                <a href="/lessons/131">Mathematics</a>
            </td>
            <td>
                <a href="/lessons/131">Joshua Eve</a>
            </td>
            <td>
                <form method="post" action="/lessons/131"><input type="hidden" name="_method" value="DELETE"/>
                    <input class="btn btn-sm btn-danger" type="submit" value="Delete!"/>
                </form>
            </td>
        </tr>
        <tr>
            <td>
                <a href="/lessons/132">2021-02-01</a>
            </td>
            <td>
                <a href="/lessons/132">11:10</a>
            </td>
            <td>
                <a href="/lessons/132">12:50</a>
            </td>
            <td>
                <a href="/lessons/132">C-4</a>
            </td>
            <td>
                <a href="/lessons/132">Mathematics</a>
            </td>
            <td>
                <a href="/lessons/132">Joshua Eve</a>
            </td>
            <td>
                <form method="post" action="/lessons/132"><input type="hidden" name="_method" value="DELETE"/>
                    <input class="btn btn-sm btn-danger" type="submit" value="Delete!"/>
                </form>
            </td>
        </tr>
        <tr>
            <td>
                <a href="/lessons/133">2021-02-01</a>
            </td>
            <td>
                <a href="/lessons/133">13:00</a>
            </td>
            <td>
                <a href="/lessons/133">14:40</a>
            </td>
            <td>
                <a href="/lessons/133">C-1</a>
            </td>
            <td>
                <a href="/lessons/133">Mathematics</a>
            </td>
            <td>
                <a href="/lessons/133">Joshua Eve</a>
            </td>
            <td>
                <form method="post" action="/lessons/133"><input type="hidden" name="_method" value="DELETE"/>
                    <input class="btn btn-sm btn-danger" type="submit" value="Delete!"/>
                </form>
            </td>
        </tr>
        <tr>
            <td>
                <a href="/lessons/134">2021-02-01</a>
            </td>
            <td>
                <a href="/lessons/134">14:50</a>
            </td>
            <td>
                <a href="/lessons/134">16:30</a>
            </td>
            <td>
                <a href="/lessons/134">C-3</a>
            </td>
            <td>
                <a href="/lessons/134">Mathematics</a>
            </td>
            <td>
                <a href="/lessons/134">Joshua Eve</a>
            </td>
            <td>
                <form method="post" action="/lessons/134"><input type="hidden" name="_method" value="DELETE"/>
                    <input class="btn btn-sm btn-danger" type="submit" value="Delete!"/>
                </form>
            </td>
        </tr>
        <tr>
            <td>
                <a href="/lessons/135">2021-02-01</a>
            </td>
            <td>
                <a href="/lessons/135">16:40</a>
            </td>
            <td>
                <a href="/lessons/135">18:20</a>
            </td>
            <td>
                <a href="/lessons/135">C-5</a>
            </td>
            <td>
                <a href="/lessons/135">Mathematics</a>
            </td>
            <td>
                <a href="/lessons/135">Joshua Eve</a>
            </td>
            <td>
                <form method="post" action="/lessons/135"><input type="hidden" name="_method" value="DELETE"/>
                    <input class="btn btn-sm btn-danger" type="submit" value="Delete!"/>
                </form>
            </td>
        </tr>
        <tr>
            <td>
                <a href="/lessons/136">2021-02-02</a>
            </td>
            <td>
                <a href="/lessons/136">09:20</a>
            </td>
            <td>
                <a href="/lessons/136">11:00</a>
            </td>
            <td>
                <a href="/lessons/136">A-4</a>
            </td>
            <td>
                <a href="/lessons/136">Philosophy</a>
            </td>
            <td>
                <a href="/lessons/136">Stanley Gruber</a>
            </td>
            <td>
                <form method="post" action="/lessons/136"><input type="hidden" name="_method" value="DELETE"/>
                    <input class="btn btn-sm btn-danger" type="submit" value="Delete!"/>
                </form>
            </td>
        </tr>
        <tr>
            <td>
                <a href="/lessons/137">2021-02-02</a>
            </td>
            <td>
                <a href="/lessons/137">11:10</a>
            </td>
            <td>
                <a href="/lessons/137">12:50</a>
            </td>
            <td>
                <a href="/lessons/137">A-1</a>
            </td>
            <td>
                <a href="/lessons/137">Philosophy</a>
            </td>
            <td>
                <a href="/lessons/137">Stanley Gruber</a>
            </td>
            <td>
                <form method="post" action="/lessons/137"><input type="hidden" name="_method" value="DELETE"/>
                    <input class="btn btn-sm btn-danger" type="submit" value="Delete!"/>
                </form>
            </td>
        </tr>
        <tr>
            <td>
                <a href="/lessons/138">2021-02-02</a>
            </td>
            <td>
                <a href="/lessons/138">13:00</a>
            </td>
            <td>
                <a href="/lessons/138">14:40</a>
            </td>
            <td>
                <a href="/lessons/138">A-2</a>
            </td>
            <td>
                <a href="/lessons/138">Another course&#39;s name</a>
            </td>
            <td>
                <a href="/lessons/138">Freya Shepp</a>
            </td>
            <td>
                <form method="post" action="/lessons/138"><input type="hidden" name="_method" value="DELETE"/>
                    <input class="btn btn-sm btn-danger" type="submit" value="Delete!"/>
                </form>
            </td>
        </tr>
        <tr>
            <td>
                <a href="/lessons/139">2021-02-02</a>
            </td>
            <td>
                <a href="/lessons/139">14:50</a>
            </td>
            <td>
                <a href="/lessons/139">16:30</a>
            </td>
            <td>
                <a href="/lessons/139">B-10</a>
            </td>
            <td>
                <a href="/lessons/139">Another course&#39;s name</a>
            </td>
            <td>
                <a href="/lessons/139">Freya Shepp</a>
            </td>
            <td>
                <form method="post" action="/lessons/139"><input type="hidden" name="_method" value="DELETE"/>
                    <input class="btn btn-sm btn-danger" type="submit" value="Delete!"/>
                </form>
            </td>
        </tr>
        <tr>
            <td>
                <a href="/lessons/140">2021-02-02</a>
            </td>
            <td>
                <a href="/lessons/140">16:40</a>
            </td>
            <td>
                <a href="/lessons/140">18:20</a>
            </td>
            <td>
                <a href="/lessons/140">A-4</a>
            </td>
            <td>
                <a href="/lessons/140">Political science</a>
            </td>
            <td>
                <a href="/lessons/140">Olivia Blake</a>
            </td>
            <td>
                <form method="post" action="/lessons/140"><input type="hidden" name="_method" value="DELETE"/>
                    <input class="btn btn-sm btn-danger" type="submit" value="Delete!"/>
                </form>
            </td>
        </tr>
        <tr>
            <td>
                <a href="/lessons/141">2021-02-02</a>
            </td>
            <td>
                <a href="/lessons/141">09:20</a>
            </td>
            <td>
                <a href="/lessons/141">11:00</a>
            </td>
            <td>
                <a href="/lessons/141">New name</a>
            </td>
            <td>
                <a href="/lessons/141">Chemistry</a>
            </td>
            <td>
                <a href="/lessons/141">Samuel Travis</a>
            </td>
            <td>
                <form method="post" action="/lessons/141"><input type="hidden" name="_method" value="DELETE"/>
                    <input class="btn btn-sm btn-danger" type="submit" value="Delete!"/>
                </form>
            </td>
        </tr>
        <tr>
            <td>
                <a href="/lessons/142">2021-02-02</a>
            </td>
            <td>
                <a href="/lessons/142">11:10</a>
            </td>
            <td>
                <a href="/lessons/142">12:50</a>
            </td>
            <td>
                <a href="/lessons/142">New name</a>
            </td>
            <td>
                <a href="/lessons/142">Chemistry</a>
            </td>
            <td>
                <a href="/lessons/142">Samuel Travis</a>
            </td>
            <td>
                <form method="post" action="/lessons/142"><input type="hidden" name="_method" value="DELETE"/>
                    <input class="btn btn-sm btn-danger" type="submit" value="Delete!"/>
                </form>
            </td>
        </tr>
        <tr>
            <td>
                <a href="/lessons/143">2021-02-02</a>
            </td>
            <td>
                <a href="/lessons/143">13:00</a>
            </td>
            <td>
                <a href="/lessons/143">14:40</a>
            </td>
            <td>
                <a href="/lessons/143">B-1</a>
            </td>
            <td>
                <a href="/lessons/143">Chemistry</a>
            </td>
            <td>
                <a href="/lessons/143">Albert Hill</a>
            </td>
            <td>
                <form method="post" action="/lessons/143"><input type="hidden" name="_method" value="DELETE"/>
                    <input class="btn btn-sm btn-danger" type="submit" value="Delete!"/>
                </form>
            </td>
        </tr>
        <tr>
            <td>
                <a href="/lessons/144">2021-02-02</a>
            </td>
            <td>
                <a href="/lessons/144">14:50</a>
            </td>
            <td>
                <a href="/lessons/144">16:30</a>
            </td>
            <td>
                <a href="/lessons/144">B-2</a>
            </td>
            <td>
                <a href="/lessons/144">Chemistry</a>
            </td>
            <td>
                <a href="/lessons/144">Albert Hill</a>
            </td>
            <td>
                <form method="post" action="/lessons/144"><input type="hidden" name="_method" value="DELETE"/>
                    <input class="btn btn-sm btn-danger" type="submit" value="Delete!"/>
                </form>
            </td>
        </tr>
        <tr>
            <td>
                <a href="/lessons/145">2021-02-02</a>
            </td>
            <td>
                <a href="/lessons/145">16:40</a>
            </td>
            <td>
                <a href="/lessons/145">18:20</a>
            </td>
            <td>
                <a href="/lessons/145">B-5</a>
            </td>
            <td>
                <a href="/lessons/145">Chemistry</a>
            </td>
            <td>
                <a href="/lessons/145">Albert Hill</a>
            </td>
            <td>
                <form method="post" action="/lessons/145"><input type="hidden" name="_method" value="DELETE"/>
                    <input class="btn btn-sm btn-danger" type="submit" value="Delete!"/>
                </form>
            </td>
        </tr>
        <tr>
            <td>
                <a href="/lessons/146">2021-02-02</a>
            </td>
            <td>
                <a href="/lessons/146">09:20</a>
            </td>
            <td>
                <a href="/lessons/146">11:00</a>
            </td>
            <td>
                <a href="/lessons/146">C-4</a>
            </td>
            <td>
                <a href="/lessons/146">Physics</a>
            </td>
            <td>
                <a href="/lessons/146">Sophia Roos</a>
            </td>
            <td>
                <form method="post" action="/lessons/146"><input type="hidden" name="_method" value="DELETE"/>
                    <input class="btn btn-sm btn-danger" type="submit" value="Delete!"/>
                </form>
            </td>
        </tr>
        <tr>
            <td>
                <a href="/lessons/147">2021-02-02</a>
            </td>
            <td>
                <a href="/lessons/147">11:10</a>
            </td>
            <td>
                <a href="/lessons/147">12:50</a>
            </td>
            <td>
                <a href="/lessons/147">C-4</a>
            </td>
            <td>
                <a href="/lessons/147">Physics</a>
            </td>
            <td>
                <a href="/lessons/147">Sophia Roos</a>
            </td>
            <td>
                <form method="post" action="/lessons/147"><input type="hidden" name="_method" value="DELETE"/>
                    <input class="btn btn-sm btn-danger" type="submit" value="Delete!"/>
                </form>
            </td>
        </tr>
        <tr>
            <td>
                <a href="/lessons/148">2021-02-02</a>
            </td>
            <td>
                <a href="/lessons/148">13:00</a>
            </td>
            <td>
                <a href="/lessons/148">14:40</a>
            </td>
            <td>
                <a href="/lessons/148">C-1</a>
            </td>
            <td>
                <a href="/lessons/148">Physics</a>
            </td>
            <td>
                <a href="/lessons/148">Sophia Roos</a>
            </td>
            <td>
                <form method="post" action="/lessons/148"><input type="hidden" name="_method" value="DELETE"/>
                    <input class="btn btn-sm btn-danger" type="submit" value="Delete!"/>
                </form>
            </td>
        </tr>
        <tr>
            <td>
                <a href="/lessons/149">2021-02-02</a>
            </td>
            <td>
                <a href="/lessons/149">14:50</a>
            </td>
            <td>
                <a href="/lessons/149">16:30</a>
            </td>
            <td>
                <a href="/lessons/149">C-3</a>
            </td>
            <td>
                <a href="/lessons/149">Physics</a>
            </td>
            <td>
                <a href="/lessons/149">Sophia Roos</a>
            </td>
            <td>
                <form method="post" action="/lessons/149"><input type="hidden" name="_method" value="DELETE"/>
                    <input class="btn btn-sm btn-danger" type="submit" value="Delete!"/>
                </form>
            </td>
        </tr>
        <tr>
            <td>
                <a href="/lessons/150">2021-02-02</a>
            </td>
            <td>
                <a href="/lessons/150">16:40</a>
            </td>
            <td>
                <a href="/lessons/150">18:20</a>
            </td>
            <td>
                <a href="/lessons/150">C-5</a>
            </td>
            <td>
                <a href="/lessons/150">Physics</a>
            </td>
            <td>
                <a href="/lessons/150">Sophia Roos</a>
            </td>
            <td>
                <form method="post" action="/lessons/150"><input type="hidden" name="_method" value="DELETE"/>
                    <input class="btn btn-sm btn-danger" type="submit" value="Delete!"/>
                </form>
            </td>
        </tr>
        <tr>
            <td>
                <a href="/lessons/151">2021-02-03</a>
            </td>
            <td>
                <a href="/lessons/151">09:20</a>
            </td>
            <td>
                <a href="/lessons/151">11:00</a>
            </td>
            <td>
                <a href="/lessons/151">A-4</a>
            </td>
            <td>
                <a href="/lessons/151">Another course&#39;s name</a>
            </td>
            <td>
                <a href="/lessons/151">Freya Shepp</a>
            </td>
            <td>
                <form method="post" action="/lessons/151"><input type="hidden" name="_method" value="DELETE"/>
                    <input class="btn btn-sm btn-danger" type="submit" value="Delete!"/>
                </form>
            </td>
        </tr>
        <tr>
            <td>
                <a href="/lessons/152">2021-02-03</a>
            </td>
            <td>
                <a href="/lessons/152">11:10</a>
            </td>
            <td>
                <a href="/lessons/152">12:50</a>
            </td>
            <td>
                <a href="/lessons/152">A-1</a>
            </td>
            <td>
                <a href="/lessons/152">Another course&#39;s name</a>
            </td>
            <td>
                <a href="/lessons/152">Freya Shepp</a>
            </td>
            <td>
                <form method="post" action="/lessons/152"><input type="hidden" name="_method" value="DELETE"/>
                    <input class="btn btn-sm btn-danger" type="submit" value="Delete!"/>
                </form>
            </td>
        </tr>
        <tr>
            <td>
                <a href="/lessons/153">2021-02-03</a>
            </td>
            <td>
                <a href="/lessons/153">13:00</a>
            </td>
            <td>
                <a href="/lessons/153">14:40</a>
            </td>
            <td>
                <a href="/lessons/153">A-2</a>
            </td>
            <td>
                <a href="/lessons/153">Political science</a>
            </td>
            <td>
                <a href="/lessons/153">Olivia Blake</a>
            </td>
            <td>
                <form method="post" action="/lessons/153"><input type="hidden" name="_method" value="DELETE"/>
                    <input class="btn btn-sm btn-danger" type="submit" value="Delete!"/>
                </form>
            </td>
        </tr>
        <tr>
            <td>
                <a href="/lessons/154">2021-02-03</a>
            </td>
            <td>
                <a href="/lessons/154">14:50</a>
            </td>
            <td>
                <a href="/lessons/154">16:30</a>
            </td>
            <td>
                <a href="/lessons/154">B-10</a>
            </td>
            <td>
                <a href="/lessons/154">Political science</a>
            </td>
            <td>
                <a href="/lessons/154">Olivia Blake</a>
            </td>
            <td>
                <form method="post" action="/lessons/154"><input type="hidden" name="_method" value="DELETE"/>
                    <input class="btn btn-sm btn-danger" type="submit" value="Delete!"/>
                </form>
            </td>
        </tr>
        <tr>
            <td>
                <a href="/lessons/155">2021-02-03</a>
            </td>
            <td>
                <a href="/lessons/155">16:40</a>
            </td>
            <td>
                <a href="/lessons/155">18:20</a>
            </td>
            <td>
                <a href="/lessons/155">A-4</a>
            </td>
            <td>
                <a href="/lessons/155">Culture</a>
            </td>
            <td>
                <a href="/lessons/155">Scarlett Nimoy</a>
            </td>
            <td>
                <form method="post" action="/lessons/155"><input type="hidden" name="_method" value="DELETE"/>
                    <input class="btn btn-sm btn-danger" type="submit" value="Delete!"/>
                </form>
            </td>
        </tr>
        <tr>
            <td>
                <a href="/lessons/156">2021-02-03</a>
            </td>
            <td>
                <a href="/lessons/156">09:20</a>
            </td>
            <td>
                <a href="/lessons/156">11:00</a>
            </td>
            <td>
                <a href="/lessons/156">New name</a>
            </td>
            <td>
                <a href="/lessons/156">Biology</a>
            </td>
            <td>
                <a href="/lessons/156">Ellie Purh</a>
            </td>
            <td>
                <form method="post" action="/lessons/156"><input type="hidden" name="_method" value="DELETE"/>
                    <input class="btn btn-sm btn-danger" type="submit" value="Delete!"/>
                </form>
            </td>
        </tr>
        <tr>
            <td>
                <a href="/lessons/157">2021-02-03</a>
            </td>
            <td>
                <a href="/lessons/157">11:10</a>
            </td>
            <td>
                <a href="/lessons/157">12:50</a>
            </td>
            <td>
                <a href="/lessons/157">New name</a>
            </td>
            <td>
                <a href="/lessons/157">Biology</a>
            </td>
            <td>
                <a href="/lessons/157">Ellie Purh</a>
            </td>
            <td>
                <form method="post" action="/lessons/157"><input type="hidden" name="_method" value="DELETE"/>
                    <input class="btn btn-sm btn-danger" type="submit" value="Delete!"/>
                </form>
            </td>
        </tr>
        <tr>
            <td>
                <a href="/lessons/158">2021-02-03</a>
            </td>
            <td>
                <a href="/lessons/158">13:00</a>
            </td>
            <td>
                <a href="/lessons/158">14:40</a>
            </td>
            <td>
                <a href="/lessons/158">B-1</a>
            </td>
            <td>
                <a href="/lessons/158">Biology</a>
            </td>
            <td>
                <a href="/lessons/158">Charlie Byrne</a>
            </td>
            <td>
                <form method="post" action="/lessons/158"><input type="hidden" name="_method" value="DELETE"/>
                    <input class="btn btn-sm btn-danger" type="submit" value="Delete!"/>
                </form>
            </td>
        </tr>
        <tr>
            <td>
                <a href="/lessons/159">2021-02-03</a>
            </td>
            <td>
                <a href="/lessons/159">14:50</a>
            </td>
            <td>
                <a href="/lessons/159">16:30</a>
            </td>
            <td>
                <a href="/lessons/159">B-2</a>
            </td>
            <td>
                <a href="/lessons/159">Biology</a>
            </td>
            <td>
                <a href="/lessons/159">Charlie Byrne</a>
            </td>
            <td>
                <form method="post" action="/lessons/159"><input type="hidden" name="_method" value="DELETE"/>
                    <input class="btn btn-sm btn-danger" type="submit" value="Delete!"/>
                </form>
            </td>
        </tr>
        <tr>
            <td>
                <a href="/lessons/160">2021-02-03</a>
            </td>
            <td>
                <a href="/lessons/160">16:40</a>
            </td>
            <td>
                <a href="/lessons/160">18:20</a>
            </td>
            <td>
                <a href="/lessons/160">B-5</a>
            </td>
            <td>
                <a href="/lessons/160">Biology</a>
            </td>
            <td>
                <a href="/lessons/160">Charlie Byrne</a>
            </td>
            <td>
                <form method="post" action="/lessons/160"><input type="hidden" name="_method" value="DELETE"/>
                    <input class="btn btn-sm btn-danger" type="submit" value="Delete!"/>
                </form>
            </td>
        </tr>
        <tr>
            <td>
                <a href="/lessons/161">2021-02-03</a>
            </td>
            <td>
                <a href="/lessons/161">09:20</a>
            </td>
            <td>
                <a href="/lessons/161">11:00</a>
            </td>
            <td>
                <a href="/lessons/161">C-4</a>
            </td>
            <td>
                <a href="/lessons/161">Geometry</a>
            </td>
            <td>
                <a href="/lessons/161">Mia Brown</a>
            </td>
            <td>
                <form method="post" action="/lessons/161"><input type="hidden" name="_method" value="DELETE"/>
                    <input class="btn btn-sm btn-danger" type="submit" value="Delete!"/>
                </form>
            </td>
        </tr>
        <tr>
            <td>
                <a href="/lessons/162">2021-02-03</a>
            </td>
            <td>
                <a href="/lessons/162">11:10</a>
            </td>
            <td>
                <a href="/lessons/162">12:50</a>
            </td>
            <td>
                <a href="/lessons/162">C-4</a>
            </td>
            <td>
                <a href="/lessons/162">Geometry</a>
            </td>
            <td>
                <a href="/lessons/162">Mia Brown</a>
            </td>
            <td>
                <form method="post" action="/lessons/162"><input type="hidden" name="_method" value="DELETE"/>
                    <input class="btn btn-sm btn-danger" type="submit" value="Delete!"/>
                </form>
            </td>
        </tr>
        <tr>
            <td>
                <a href="/lessons/163">2021-02-03</a>
            </td>
            <td>
                <a href="/lessons/163">13:00</a>
            </td>
            <td>
                <a href="/lessons/163">14:40</a>
            </td>
            <td>
                <a href="/lessons/163">C-1</a>
            </td>
            <td>
                <a href="/lessons/163">Geometry</a>
            </td>
            <td>
                <a href="/lessons/163">Mia Brown</a>
            </td>
            <td>
                <form method="post" action="/lessons/163"><input type="hidden" name="_method" value="DELETE"/>
                    <input class="btn btn-sm btn-danger" type="submit" value="Delete!"/>
                </form>
            </td>
        </tr>
        <tr>
            <td>
                <a href="/lessons/164">2021-02-03</a>
            </td>
            <td>
                <a href="/lessons/164">14:50</a>
            </td>
            <td>
                <a href="/lessons/164">16:30</a>
            </td>
            <td>
                <a href="/lessons/164">C-3</a>
            </td>
            <td>
                <a href="/lessons/164">Geometry</a>
            </td>
            <td>
                <a href="/lessons/164">Mia Brown</a>
            </td>
            <td>
                <form method="post" action="/lessons/164"><input type="hidden" name="_method" value="DELETE"/>
                    <input class="btn btn-sm btn-danger" type="submit" value="Delete!"/>
                </form>
            </td>
        </tr>
        <tr>
            <td>
                <a href="/lessons/165">2021-02-03</a>
            </td>
            <td>
                <a href="/lessons/165">16:40</a>
            </td>
            <td>
                <a href="/lessons/165">18:20</a>
            </td>
            <td>
                <a href="/lessons/165">C-5</a>
            </td>
            <td>
                <a href="/lessons/165">Geometry</a>
            </td>
            <td>
                <a href="/lessons/165">Mia Brown</a>
            </td>
            <td>
                <form method="post" action="/lessons/165"><input type="hidden" name="_method" value="DELETE"/>
                    <input class="btn btn-sm btn-danger" type="submit" value="Delete!"/>
                </form>
            </td>
        </tr>
        <tr>
            <td>
                <a href="/lessons/166">2021-02-04</a>
            </td>
            <td>
                <a href="/lessons/166">09:20</a>
            </td>
            <td>
                <a href="/lessons/166">11:00</a>
            </td>
            <td>
                <a href="/lessons/166">A-4</a>
            </td>
            <td>
                <a href="/lessons/166">Political science</a>
            </td>
            <td>
                <a href="/lessons/166">Olivia Blake</a>
            </td>
            <td>
                <form method="post" action="/lessons/166"><input type="hidden" name="_method" value="DELETE"/>
                    <input class="btn btn-sm btn-danger" type="submit" value="Delete!"/>
                </form>
            </td>
        </tr>
        <tr>
            <td>
                <a href="/lessons/167">2021-02-04</a>
            </td>
            <td>
                <a href="/lessons/167">11:10</a>
            </td>
            <td>
                <a href="/lessons/167">12:50</a>
            </td>
            <td>
                <a href="/lessons/167">A-1</a>
            </td>
            <td>
                <a href="/lessons/167">Political science</a>
            </td>
            <td>
                <a href="/lessons/167">Olivia Blake</a>
            </td>
            <td>
                <form method="post" action="/lessons/167"><input type="hidden" name="_method" value="DELETE"/>
                    <input class="btn btn-sm btn-danger" type="submit" value="Delete!"/>
                </form>
            </td>
        </tr>
        <tr>
            <td>
                <a href="/lessons/168">2021-02-04</a>
            </td>
            <td>
                <a href="/lessons/168">13:00</a>
            </td>
            <td>
                <a href="/lessons/168">14:40</a>
            </td>
            <td>
                <a href="/lessons/168">A-2</a>
            </td>
            <td>
                <a href="/lessons/168">Culture</a>
            </td>
            <td>
                <a href="/lessons/168">Scarlett Nimoy</a>
            </td>
            <td>
                <form method="post" action="/lessons/168"><input type="hidden" name="_method" value="DELETE"/>
                    <input class="btn btn-sm btn-danger" type="submit" value="Delete!"/>
                </form>
            </td>
        </tr>
        <tr>
            <td>
                <a href="/lessons/169">2021-02-04</a>
            </td>
            <td>
                <a href="/lessons/169">14:50</a>
            </td>
            <td>
                <a href="/lessons/169">16:30</a>
            </td>
            <td>
                <a href="/lessons/169">B-10</a>
            </td>
            <td>
                <a href="/lessons/169">Culture</a>
            </td>
            <td>
                <a href="/lessons/169">Scarlett Nimoy</a>
            </td>
            <td>
                <form method="post" action="/lessons/169"><input type="hidden" name="_method" value="DELETE"/>
                    <input class="btn btn-sm btn-danger" type="submit" value="Delete!"/>
                </form>
            </td>
        </tr>
        <tr>
            <td>
                <a href="/lessons/170">2021-02-04</a>
            </td>
            <td>
                <a href="/lessons/170">16:40</a>
            </td>
            <td>
                <a href="/lessons/170">18:20</a>
            </td>
            <td>
                <a href="/lessons/170">A-4</a>
            </td>
            <td>
                <a href="/lessons/170">History</a>
            </td>
            <td>
                <a href="/lessons/170">Albert Johnson</a>
            </td>
            <td>
                <form method="post" action="/lessons/170"><input type="hidden" name="_method" value="DELETE"/>
                    <input class="btn btn-sm btn-danger" type="submit" value="Delete!"/>
                </form>
            </td>
        </tr>
        <tr>
            <td>
                <a href="/lessons/171">2021-02-04</a>
            </td>
            <td>
                <a href="/lessons/171">09:20</a>
            </td>
            <td>
                <a href="/lessons/171">11:00</a>
            </td>
            <td>
                <a href="/lessons/171">New name</a>
            </td>
            <td>
                <a href="/lessons/171">Chemistry</a>
            </td>
            <td>
                <a href="/lessons/171">Samuel Travis</a>
            </td>
            <td>
                <form method="post" action="/lessons/171"><input type="hidden" name="_method" value="DELETE"/>
                    <input class="btn btn-sm btn-danger" type="submit" value="Delete!"/>
                </form>
            </td>
        </tr>
        <tr>
            <td>
                <a href="/lessons/172">2021-02-04</a>
            </td>
            <td>
                <a href="/lessons/172">11:10</a>
            </td>
            <td>
                <a href="/lessons/172">12:50</a>
            </td>
            <td>
                <a href="/lessons/172">New name</a>
            </td>
            <td>
                <a href="/lessons/172">Chemistry</a>
            </td>
            <td>
                <a href="/lessons/172">Samuel Travis</a>
            </td>
            <td>
                <form method="post" action="/lessons/172"><input type="hidden" name="_method" value="DELETE"/>
                    <input class="btn btn-sm btn-danger" type="submit" value="Delete!"/>
                </form>
            </td>
        </tr>
        <tr>
            <td>
                <a href="/lessons/173">2021-02-04</a>
            </td>
            <td>
                <a href="/lessons/173">13:00</a>
            </td>
            <td>
                <a href="/lessons/173">14:40</a>
            </td>
            <td>
                <a href="/lessons/173">B-1</a>
            </td>
            <td>
                <a href="/lessons/173">Chemistry</a>
            </td>
            <td>
                <a href="/lessons/173">Albert Hill</a>
            </td>
            <td>
                <form method="post" action="/lessons/173"><input type="hidden" name="_method" value="DELETE"/>
                    <input class="btn btn-sm btn-danger" type="submit" value="Delete!"/>
                </form>
            </td>
        </tr>
        <tr>
            <td>
                <a href="/lessons/174">2021-02-04</a>
            </td>
            <td>
                <a href="/lessons/174">14:50</a>
            </td>
            <td>
                <a href="/lessons/174">16:30</a>
            </td>
            <td>
                <a href="/lessons/174">B-2</a>
            </td>
            <td>
                <a href="/lessons/174">Chemistry</a>
            </td>
            <td>
                <a href="/lessons/174">Albert Hill</a>
            </td>
            <td>
                <form method="post" action="/lessons/174"><input type="hidden" name="_method" value="DELETE"/>
                    <input class="btn btn-sm btn-danger" type="submit" value="Delete!"/>
                </form>
            </td>
        </tr>
        <tr>
            <td>
                <a href="/lessons/175">2021-02-04</a>
            </td>
            <td>
                <a href="/lessons/175">16:40</a>
            </td>
            <td>
                <a href="/lessons/175">18:20</a>
            </td>
            <td>
                <a href="/lessons/175">B-5</a>
            </td>
            <td>
                <a href="/lessons/175">Chemistry</a>
            </td>
            <td>
                <a href="/lessons/175">Albert Hill</a>
            </td>
            <td>
                <form method="post" action="/lessons/175"><input type="hidden" name="_method" value="DELETE"/>
                    <input class="btn btn-sm btn-danger" type="submit" value="Delete!"/>
                </form>
            </td>
        </tr>
        <tr>
            <td>
                <a href="/lessons/176">2021-02-04</a>
            </td>
            <td>
                <a href="/lessons/176">09:20</a>
            </td>
            <td>
                <a href="/lessons/176">11:00</a>
            </td>
            <td>
                <a href="/lessons/176">C-4</a>
            </td>
            <td>
                <a href="/lessons/176">Mathematics</a>
            </td>
            <td>
                <a href="/lessons/176">Joshua Eve</a>
            </td>
            <td>
                <form method="post" action="/lessons/176"><input type="hidden" name="_method" value="DELETE"/>
                    <input class="btn btn-sm btn-danger" type="submit" value="Delete!"/>
                </form>
            </td>
        </tr>
        <tr>
            <td>
                <a href="/lessons/177">2021-02-04</a>
            </td>
            <td>
                <a href="/lessons/177">11:10</a>
            </td>
            <td>
                <a href="/lessons/177">12:50</a>
            </td>
            <td>
                <a href="/lessons/177">C-4</a>
            </td>
            <td>
                <a href="/lessons/177">Mathematics</a>
            </td>
            <td>
                <a href="/lessons/177">Joshua Eve</a>
            </td>
            <td>
                <form method="post" action="/lessons/177"><input type="hidden" name="_method" value="DELETE"/>
                    <input class="btn btn-sm btn-danger" type="submit" value="Delete!"/>
                </form>
            </td>
        </tr>
        <tr>
            <td>
                <a href="/lessons/178">2021-02-04</a>
            </td>
            <td>
                <a href="/lessons/178">13:00</a>
            </td>
            <td>
                <a href="/lessons/178">14:40</a>
            </td>
            <td>
                <a href="/lessons/178">C-2</a>
            </td>
            <td>
                <a href="/lessons/178">Physics</a>
            </td>
            <td>
                <a href="/lessons/178">Sophia Roos</a>
            </td>
            <td>
                <form method="post" action="/lessons/178"><input type="hidden" name="_method" value="DELETE"/>
                    <input class="btn btn-sm btn-danger" type="submit" value="Delete!"/>
                </form>
            </td>
        </tr>
        <tr>
            <td>
                <a href="/lessons/179">2021-02-04</a>
            </td>
            <td>
                <a href="/lessons/179">14:50</a>
            </td>
            <td>
                <a href="/lessons/179">16:30</a>
            </td>
            <td>
                <a href="/lessons/179">C-2</a>
            </td>
            <td>
                <a href="/lessons/179">Geometry</a>
            </td>
            <td>
                <a href="/lessons/179">Mia Brown</a>
            </td>
            <td>
                <form method="post" action="/lessons/179"><input type="hidden" name="_method" value="DELETE"/>
                    <input class="btn btn-sm btn-danger" type="submit" value="Delete!"/>
                </form>
            </td>
        </tr>
        <tr>
            <td>
                <a href="/lessons/180">2021-02-04</a>
            </td>
            <td>
                <a href="/lessons/180">16:40</a>
            </td>
            <td>
                <a href="/lessons/180">18:20</a>
            </td>
            <td>
                <a href="/lessons/180">C-5</a>
            </td>
            <td>
                <a href="/lessons/180">Mathematics</a>
            </td>
            <td>
                <a href="/lessons/180">Joshua Eve</a>
            </td>
            <td>
                <form method="post" action="/lessons/180"><input type="hidden" name="_method" value="DELETE"/>
                    <input class="btn btn-sm btn-danger" type="submit" value="Delete!"/>
                </form>
            </td>
        </tr>
        <tr>
            <td>
                <a href="/lessons/181">2021-02-05</a>
            </td>
            <td>
                <a href="/lessons/181">09:20</a>
            </td>
            <td>
                <a href="/lessons/181">11:00</a>
            </td>
            <td>
                <a href="/lessons/181">A-4</a>
            </td>
            <td>
                <a href="/lessons/181">Culture</a>
            </td>
            <td>
                <a href="/lessons/181">Scarlett Nimoy</a>
            </td>
            <td>
                <form method="post" action="/lessons/181"><input type="hidden" name="_method" value="DELETE"/>
                    <input class="btn btn-sm btn-danger" type="submit" value="Delete!"/>
                </form>
            </td>
        </tr>
        <tr>
            <td>
                <a href="/lessons/182">2021-02-05</a>
            </td>
            <td>
                <a href="/lessons/182">11:10</a>
            </td>
            <td>
                <a href="/lessons/182">12:50</a>
            </td>
            <td>
                <a href="/lessons/182">A-1</a>
            </td>
            <td>
                <a href="/lessons/182">Culture</a>
            </td>
            <td>
                <a href="/lessons/182">Scarlett Nimoy</a>
            </td>
            <td>
                <form method="post" action="/lessons/182"><input type="hidden" name="_method" value="DELETE"/>
                    <input class="btn btn-sm btn-danger" type="submit" value="Delete!"/>
                </form>
            </td>
        </tr>
        <tr>
            <td>
                <a href="/lessons/183">2021-02-05</a>
            </td>
            <td>
                <a href="/lessons/183">13:00</a>
            </td>
            <td>
                <a href="/lessons/183">14:40</a>
            </td>
            <td>
                <a href="/lessons/183">A-2</a>
            </td>
            <td>
                <a href="/lessons/183">History</a>
            </td>
            <td>
                <a href="/lessons/183">Albert Johnson</a>
            </td>
            <td>
                <form method="post" action="/lessons/183"><input type="hidden" name="_method" value="DELETE"/>
                    <input class="btn btn-sm btn-danger" type="submit" value="Delete!"/>
                </form>
            </td>
        </tr>
        <tr>
            <td>
                <a href="/lessons/184">2021-02-05</a>
            </td>
            <td>
                <a href="/lessons/184">14:50</a>
            </td>
            <td>
                <a href="/lessons/184">16:30</a>
            </td>
            <td>
                <a href="/lessons/184">B-10</a>
            </td>
            <td>
                <a href="/lessons/184">History</a>
            </td>
            <td>
                <a href="/lessons/184">Albert Johnson</a>
            </td>
            <td>
                <form method="post" action="/lessons/184"><input type="hidden" name="_method" value="DELETE"/>
                    <input class="btn btn-sm btn-danger" type="submit" value="Delete!"/>
                </form>
            </td>
        </tr>
        <tr>
            <td>
                <a href="/lessons/185">2021-02-05</a>
            </td>
            <td>
                <a href="/lessons/185">16:40</a>
            </td>
            <td>
                <a href="/lessons/185">18:20</a>
            </td>
            <td>
                <a href="/lessons/185">A-4</a>
            </td>
            <td>
                <a href="/lessons/185">Philosophy</a>
            </td>
            <td>
                <a href="/lessons/185">Stanley Gruber</a>
            </td>
            <td>
                <form method="post" action="/lessons/185"><input type="hidden" name="_method" value="DELETE"/>
                    <input class="btn btn-sm btn-danger" type="submit" value="Delete!"/>
                </form>
            </td>
        </tr>
        <tr>
            <td>
                <a href="/lessons/186">2021-02-05</a>
            </td>
            <td>
                <a href="/lessons/186">09:20</a>
            </td>
            <td>
                <a href="/lessons/186">11:00</a>
            </td>
            <td>
                <a href="/lessons/186">New name</a>
            </td>
            <td>
                <a href="/lessons/186">Biology</a>
            </td>
            <td>
                <a href="/lessons/186">Ellie Purh</a>
            </td>
            <td>
                <form method="post" action="/lessons/186"><input type="hidden" name="_method" value="DELETE"/>
                    <input class="btn btn-sm btn-danger" type="submit" value="Delete!"/>
                </form>
            </td>
        </tr>
        <tr>
            <td>
                <a href="/lessons/187">2021-02-05</a>
            </td>
            <td>
                <a href="/lessons/187">11:10</a>
            </td>
            <td>
                <a href="/lessons/187">12:50</a>
            </td>
            <td>
                <a href="/lessons/187">New name</a>
            </td>
            <td>
                <a href="/lessons/187">Biology</a>
            </td>
            <td>
                <a href="/lessons/187">Ellie Purh</a>
            </td>
            <td>
                <form method="post" action="/lessons/187"><input type="hidden" name="_method" value="DELETE"/>
                    <input class="btn btn-sm btn-danger" type="submit" value="Delete!"/>
                </form>
            </td>
        </tr>
        <tr>
            <td>
                <a href="/lessons/188">2021-02-05</a>
            </td>
            <td>
                <a href="/lessons/188">13:00</a>
            </td>
            <td>
                <a href="/lessons/188">14:40</a>
            </td>
            <td>
                <a href="/lessons/188">B-1</a>
            </td>
            <td>
                <a href="/lessons/188">Biology</a>
            </td>
            <td>
                <a href="/lessons/188">Charlie Byrne</a>
            </td>
            <td>
                <form method="post" action="/lessons/188"><input type="hidden" name="_method" value="DELETE"/>
                    <input class="btn btn-sm btn-danger" type="submit" value="Delete!"/>
                </form>
            </td>
        </tr>
        <tr>
            <td>
                <a href="/lessons/189">2021-02-05</a>
            </td>
            <td>
                <a href="/lessons/189">14:50</a>
            </td>
            <td>
                <a href="/lessons/189">16:30</a>
            </td>
            <td>
                <a href="/lessons/189">B-2</a>
            </td>
            <td>
                <a href="/lessons/189">Biology</a>
            </td>
            <td>
                <a href="/lessons/189">Charlie Byrne</a>
            </td>
            <td>
                <form method="post" action="/lessons/189"><input type="hidden" name="_method" value="DELETE"/>
                    <input class="btn btn-sm btn-danger" type="submit" value="Delete!"/>
                </form>
            </td>
        </tr>
        <tr>
            <td>
                <a href="/lessons/190">2021-02-05</a>
            </td>
            <td>
                <a href="/lessons/190">16:40</a>
            </td>
            <td>
                <a href="/lessons/190">18:20</a>
            </td>
            <td>
                <a href="/lessons/190">B-5</a>
            </td>
            <td>
                <a href="/lessons/190">Biology</a>
            </td>
            <td>
                <a href="/lessons/190">Charlie Byrne</a>
            </td>
            <td>
                <form method="post" action="/lessons/190"><input type="hidden" name="_method" value="DELETE"/>
                    <input class="btn btn-sm btn-danger" type="submit" value="Delete!"/>
                </form>
            </td>
        </tr>
        <tr>
            <td>
                <a href="/lessons/191">2021-02-05</a>
            </td>
            <td>
                <a href="/lessons/191">09:20</a>
            </td>
            <td>
                <a href="/lessons/191">11:00</a>
            </td>
            <td>
                <a href="/lessons/191">C-4</a>
            </td>
            <td>
                <a href="/lessons/191">Physics</a>
            </td>
            <td>
                <a href="/lessons/191">Sophia Roos</a>
            </td>
            <td>
                <form method="post" action="/lessons/191"><input type="hidden" name="_method" value="DELETE"/>
                    <input class="btn btn-sm btn-danger" type="submit" value="Delete!"/>
                </form>
            </td>
        </tr>
        <tr>
            <td>
                <a href="/lessons/192">2021-02-05</a>
            </td>
            <td>
                <a href="/lessons/192">11:10</a>
            </td>
            <td>
                <a href="/lessons/192">12:50</a>
            </td>
            <td>
                <a href="/lessons/192">C-4</a>
            </td>
            <td>
                <a href="/lessons/192">Geometry</a>
            </td>
            <td>
                <a href="/lessons/192">Mia Brown</a>
            </td>
            <td>
                <form method="post" action="/lessons/192"><input type="hidden" name="_method" value="DELETE"/>
                    <input class="btn btn-sm btn-danger" type="submit" value="Delete!"/>
                </form>
            </td>
        </tr>
        <tr>
            <td>
                <a href="/lessons/193">2021-02-05</a>
            </td>
            <td>
                <a href="/lessons/193">13:00</a>
            </td>
            <td>
                <a href="/lessons/193">14:40</a>
            </td>
            <td>
                <a href="/lessons/193">C-3</a>
            </td>
            <td>
                <a href="/lessons/193">Mathematics</a>
            </td>
            <td>
                <a href="/lessons/193">Joshua Eve</a>
            </td>
            <td>
                <form method="post" action="/lessons/193"><input type="hidden" name="_method" value="DELETE"/>
                    <input class="btn btn-sm btn-danger" type="submit" value="Delete!"/>
                </form>
            </td>
        </tr>
        <tr>
            <td>
                <a href="/lessons/194">2021-02-05</a>
            </td>
            <td>
                <a href="/lessons/194">14:50</a>
            </td>
            <td>
                <a href="/lessons/194">16:30</a>
            </td>
            <td>
                <a href="/lessons/194">C-5</a>
            </td>
            <td>
                <a href="/lessons/194">Physics</a>
            </td>
            <td>
                <a href="/lessons/194">Sophia Roos</a>
            </td>
            <td>
                <form method="post" action="/lessons/194"><input type="hidden" name="_method" value="DELETE"/>
                    <input class="btn btn-sm btn-danger" type="submit" value="Delete!"/>
                </form>
            </td>
        </tr>
        <tr>
            <td>
                <a href="/lessons/195">2021-02-05</a>
            </td>
            <td>
                <a href="/lessons/195">16:40</a>
            </td>
            <td>
                <a href="/lessons/195">18:20</a>
            </td>
            <td>
                <a href="/lessons/195">C-5</a>
            </td>
            <td>
                <a href="/lessons/195">Geometry</a>
            </td>
            <td>
                <a href="/lessons/195">Mia Brown</a>
            </td>
            <td>
                <form method="post" action="/lessons/195"><input type="hidden" name="_method" value="DELETE"/>
                    <input class="btn btn-sm btn-danger" type="submit" value="Delete!"/>
                </form>
            </td>
        </tr>
        <tr>
            <td>
                <a href="/lessons/196">2021-02-08</a>
            </td>
            <td>
                <a href="/lessons/196">09:20</a>
            </td>
            <td>
                <a href="/lessons/196">11:00</a>
            </td>
            <td>
                <a href="/lessons/196">A-4</a>
            </td>
            <td>
                <a href="/lessons/196">History</a>
            </td>
            <td>
                <a href="/lessons/196">Albert Johnson</a>
            </td>
            <td>
                <form method="post" action="/lessons/196"><input type="hidden" name="_method" value="DELETE"/>
                    <input class="btn btn-sm btn-danger" type="submit" value="Delete!"/>
                </form>
            </td>
        </tr>
        <tr>
            <td>
                <a href="/lessons/197">2021-02-08</a>
            </td>
            <td>
                <a href="/lessons/197">11:10</a>
            </td>
            <td>
                <a href="/lessons/197">12:50</a>
            </td>
            <td>
                <a href="/lessons/197">A-1</a>
            </td>
            <td>
                <a href="/lessons/197">History</a>
            </td>
            <td>
                <a href="/lessons/197">Albert Johnson</a>
            </td>
            <td>
                <form method="post" action="/lessons/197"><input type="hidden" name="_method" value="DELETE"/>
                    <input class="btn btn-sm btn-danger" type="submit" value="Delete!"/>
                </form>
            </td>
        </tr>
        <tr>
            <td>
                <a href="/lessons/198">2021-02-08</a>
            </td>
            <td>
                <a href="/lessons/198">13:00</a>
            </td>
            <td>
                <a href="/lessons/198">14:40</a>
            </td>
            <td>
                <a href="/lessons/198">A-2</a>
            </td>
            <td>
                <a href="/lessons/198">Philosophy</a>
            </td>
            <td>
                <a href="/lessons/198">Stanley Gruber</a>
            </td>
            <td>
                <form method="post" action="/lessons/198"><input type="hidden" name="_method" value="DELETE"/>
                    <input class="btn btn-sm btn-danger" type="submit" value="Delete!"/>
                </form>
            </td>
        </tr>
        <tr>
            <td>
                <a href="/lessons/199">2021-02-08</a>
            </td>
            <td>
                <a href="/lessons/199">14:50</a>
            </td>
            <td>
                <a href="/lessons/199">16:30</a>
            </td>
            <td>
                <a href="/lessons/199">B-10</a>
            </td>
            <td>
                <a href="/lessons/199">Philosophy</a>
            </td>
            <td>
                <a href="/lessons/199">Stanley Gruber</a>
            </td>
            <td>
                <form method="post" action="/lessons/199"><input type="hidden" name="_method" value="DELETE"/>
                    <input class="btn btn-sm btn-danger" type="submit" value="Delete!"/>
                </form>
            </td>
        </tr>
        <tr>
            <td>
                <a href="/lessons/200">2021-02-08</a>
            </td>
            <td>
                <a href="/lessons/200">16:40</a>
            </td>
            <td>
                <a href="/lessons/200">18:20</a>
            </td>
            <td>
                <a href="/lessons/200">A-4</a>
            </td>
            <td>
                <a href="/lessons/200">Another course&#39;s name</a>
            </td>
            <td>
                <a href="/lessons/200">Freya Shepp</a>
            </td>
            <td>
                <form method="post" action="/lessons/200"><input type="hidden" name="_method" value="DELETE"/>
                    <input class="btn btn-sm btn-danger" type="submit" value="Delete!"/>
                </form>
            </td>
        </tr>
        <tr>
            <td>
                <a href="/lessons/201">2021-02-08</a>
            </td>
            <td>
                <a href="/lessons/201">09:20</a>
            </td>
            <td>
                <a href="/lessons/201">11:00</a>
            </td>
            <td>
                <a href="/lessons/201">New name</a>
            </td>
            <td>
                <a href="/lessons/201">Biology</a>
            </td>
            <td>
                <a href="/lessons/201">Ellie Purh</a>
            </td>
            <td>
                <form method="post" action="/lessons/201"><input type="hidden" name="_method" value="DELETE"/>
                    <input class="btn btn-sm btn-danger" type="submit" value="Delete!"/>
                </form>
            </td>
        </tr>
        <tr>
            <td>
                <a href="/lessons/202">2021-02-08</a>
            </td>
            <td>
                <a href="/lessons/202">11:10</a>
            </td>
            <td>
                <a href="/lessons/202">12:50</a>
            </td>
            <td>
                <a href="/lessons/202">New name</a>
            </td>
            <td>
                <a href="/lessons/202">Biology</a>
            </td>
            <td>
                <a href="/lessons/202">Ellie Purh</a>
            </td>
            <td>
                <form method="post" action="/lessons/202"><input type="hidden" name="_method" value="DELETE"/>
                    <input class="btn btn-sm btn-danger" type="submit" value="Delete!"/>
                </form>
            </td>
        </tr>
        <tr>
            <td>
                <a href="/lessons/203">2021-06-15</a>
            </td>
            <td>
                <a href="/lessons/203">02:00</a>
            </td>
            <td>
                <a href="/lessons/203">03:40</a>
            </td>
            <td>
                <a href="/lessons/203">C-5</a>
            </td>
            <td>
                <a href="/lessons/203">Another course&#39;s name</a>
            </td>
            <td>
                <a href="/lessons/203">Scarlett Nimoy</a>
            </td>
            <td>
                <form method="post" action="/lessons/203"><input type="hidden" name="_method" value="DELETE"/>
                    <input class="btn btn-sm btn-danger" type="submit" value="Delete!"/>
                </form>
            </td>
        </tr>
        <tr>
            <td>
                <a href="/lessons/204">2021-02-08</a>
            </td>
            <td>
                <a href="/lessons/204">14:50</a>
            </td>
            <td>
                <a href="/lessons/204">16:30</a>
            </td>
            <td>
                <a href="/lessons/204">B-2</a>
            </td>
            <td>
                <a href="/lessons/204">Biology</a>
            </td>
            <td>
                <a href="/lessons/204">Charlie Byrne</a>
            </td>
            <td>
                <form method="post" action="/lessons/204"><input type="hidden" name="_method" value="DELETE"/>
                    <input class="btn btn-sm btn-danger" type="submit" value="Delete!"/>
                </form>
            </td>
        </tr>
        <tr>
            <td>
                <a href="/lessons/205">2021-02-08</a>
            </td>
            <td>
                <a href="/lessons/205">16:40</a>
            </td>
            <td>
                <a href="/lessons/205">18:20</a>
            </td>
            <td>
                <a href="/lessons/205">B-5</a>
            </td>
            <td>
                <a href="/lessons/205">Biology</a>
            </td>
            <td>
                <a href="/lessons/205">Charlie Byrne</a>
            </td>
            <td>
                <form method="post" action="/lessons/205"><input type="hidden" name="_method" value="DELETE"/>
                    <input class="btn btn-sm btn-danger" type="submit" value="Delete!"/>
                </form>
            </td>
        </tr>
        <tr>
            <td>
                <a href="/lessons/206">2021-02-08</a>
            </td>
            <td>
                <a href="/lessons/206">09:20</a>
            </td>
            <td>
                <a href="/lessons/206">11:00</a>
            </td>
            <td>
                <a href="/lessons/206">C-4</a>
            </td>
            <td>
                <a href="/lessons/206">Mathematics</a>
            </td>
            <td>
                <a href="/lessons/206">Joshua Eve</a>
            </td>
            <td>
                <form method="post" action="/lessons/206"><input type="hidden" name="_method" value="DELETE"/>
                    <input class="btn btn-sm btn-danger" type="submit" value="Delete!"/>
                </form>
            </td>
        </tr>
        <tr>
            <td>
                <a href="/lessons/207">2021-02-08</a>
            </td>
            <td>
                <a href="/lessons/207">11:10</a>
            </td>
            <td>
                <a href="/lessons/207">12:50</a>
            </td>
            <td>
                <a href="/lessons/207">C-4</a>
            </td>
            <td>
                <a href="/lessons/207">Mathematics</a>
            </td>
            <td>
                <a href="/lessons/207">Joshua Eve</a>
            </td>
            <td>
                <form method="post" action="/lessons/207"><input type="hidden" name="_method" value="DELETE"/>
                    <input class="btn btn-sm btn-danger" type="submit" value="Delete!"/>
                </form>
            </td>
        </tr>
        <tr>
            <td>
                <a href="/lessons/208">2021-02-08</a>
            </td>
            <td>
                <a href="/lessons/208">13:00</a>
            </td>
            <td>
                <a href="/lessons/208">14:40</a>
            </td>
            <td>
                <a href="/lessons/208">C-1</a>
            </td>
            <td>
                <a href="/lessons/208">Mathematics</a>
            </td>
            <td>
                <a href="/lessons/208">Joshua Eve</a>
            </td>
            <td>
                <form method="post" action="/lessons/208"><input type="hidden" name="_method" value="DELETE"/>
                    <input class="btn btn-sm btn-danger" type="submit" value="Delete!"/>
                </form>
            </td>
        </tr>
        <tr>
            <td>
                <a href="/lessons/209">2021-02-08</a>
            </td>
            <td>
                <a href="/lessons/209">14:50</a>
            </td>
            <td>
                <a href="/lessons/209">16:30</a>
            </td>
            <td>
                <a href="/lessons/209">C-3</a>
            </td>
            <td>
                <a href="/lessons/209">Mathematics</a>
            </td>
            <td>
                <a href="/lessons/209">Joshua Eve</a>
            </td>
            <td>
                <form method="post" action="/lessons/209"><input type="hidden" name="_method" value="DELETE"/>
                    <input class="btn btn-sm btn-danger" type="submit" value="Delete!"/>
                </form>
            </td>
        </tr>
        <tr>
            <td>
                <a href="/lessons/210">2021-02-08</a>
            </td>
            <td>
                <a href="/lessons/210">16:40</a>
            </td>
            <td>
                <a href="/lessons/210">18:20</a>
            </td>
            <td>
                <a href="/lessons/210">C-5</a>
            </td>
            <td>
                <a href="/lessons/210">Mathematics</a>
            </td>
            <td>
                <a href="/lessons/210">Joshua Eve</a>
            </td>
            <td>
                <form method="post" action="/lessons/210"><input type="hidden" name="_method" value="DELETE"/>
                    <input class="btn btn-sm btn-danger" type="submit" value="Delete!"/>
                </form>
            </td>
        </tr>
        <tr>
            <td>
                <a href="/lessons/211">2021-02-09</a>
            </td>
            <td>
                <a href="/lessons/211">09:20</a>
            </td>
            <td>
                <a href="/lessons/211">11:00</a>
            </td>
            <td>
                <a href="/lessons/211">A-4</a>
            </td>
            <td>
                <a href="/lessons/211">Philosophy</a>
            </td>
            <td>
                <a href="/lessons/211">Stanley Gruber</a>
            </td>
            <td>
                <form method="post" action="/lessons/211"><input type="hidden" name="_method" value="DELETE"/>
                    <input class="btn btn-sm btn-danger" type="submit" value="Delete!"/>
                </form>
            </td>
        </tr>
        <tr>
            <td>
                <a href="/lessons/212">2021-02-09</a>
            </td>
            <td>
                <a href="/lessons/212">11:10</a>
            </td>
            <td>
                <a href="/lessons/212">12:50</a>
            </td>
            <td>
                <a href="/lessons/212">A-1</a>
            </td>
            <td>
                <a href="/lessons/212">Philosophy</a>
            </td>
            <td>
                <a href="/lessons/212">Stanley Gruber</a>
            </td>
            <td>
                <form method="post" action="/lessons/212"><input type="hidden" name="_method" value="DELETE"/>
                    <input class="btn btn-sm btn-danger" type="submit" value="Delete!"/>
                </form>
            </td>
        </tr>
        <tr>
            <td>
                <a href="/lessons/213">2021-02-09</a>
            </td>
            <td>
                <a href="/lessons/213">13:00</a>
            </td>
            <td>
                <a href="/lessons/213">14:40</a>
            </td>
            <td>
                <a href="/lessons/213">A-2</a>
            </td>
            <td>
                <a href="/lessons/213">Another course&#39;s name</a>
            </td>
            <td>
                <a href="/lessons/213">Freya Shepp</a>
            </td>
            <td>
                <form method="post" action="/lessons/213"><input type="hidden" name="_method" value="DELETE"/>
                    <input class="btn btn-sm btn-danger" type="submit" value="Delete!"/>
                </form>
            </td>
        </tr>
        <tr>
            <td>
                <a href="/lessons/214">2021-02-09</a>
            </td>
            <td>
                <a href="/lessons/214">14:50</a>
            </td>
            <td>
                <a href="/lessons/214">16:30</a>
            </td>
            <td>
                <a href="/lessons/214">B-10</a>
            </td>
            <td>
                <a href="/lessons/214">Another course&#39;s name</a>
            </td>
            <td>
                <a href="/lessons/214">Freya Shepp</a>
            </td>
            <td>
                <form method="post" action="/lessons/214"><input type="hidden" name="_method" value="DELETE"/>
                    <input class="btn btn-sm btn-danger" type="submit" value="Delete!"/>
                </form>
            </td>
        </tr>
        <tr>
            <td>
                <a href="/lessons/215">2021-02-09</a>
            </td>
            <td>
                <a href="/lessons/215">16:40</a>
            </td>
            <td>
                <a href="/lessons/215">18:20</a>
            </td>
            <td>
                <a href="/lessons/215">A-4</a>
            </td>
            <td>
                <a href="/lessons/215">Political science</a>
            </td>
            <td>
                <a href="/lessons/215">Olivia Blake</a>
            </td>
            <td>
                <form method="post" action="/lessons/215"><input type="hidden" name="_method" value="DELETE"/>
                    <input class="btn btn-sm btn-danger" type="submit" value="Delete!"/>
                </form>
            </td>
        </tr>
        <tr>
            <td>
                <a href="/lessons/216">2021-02-09</a>
            </td>
            <td>
                <a href="/lessons/216">09:20</a>
            </td>
            <td>
                <a href="/lessons/216">11:00</a>
            </td>
            <td>
                <a href="/lessons/216">New name</a>
            </td>
            <td>
                <a href="/lessons/216">Chemistry</a>
            </td>
            <td>
                <a href="/lessons/216">Samuel Travis</a>
            </td>
            <td>
                <form method="post" action="/lessons/216"><input type="hidden" name="_method" value="DELETE"/>
                    <input class="btn btn-sm btn-danger" type="submit" value="Delete!"/>
                </form>
            </td>
        </tr>
        <tr>
            <td>
                <a href="/lessons/217">2021-02-09</a>
            </td>
            <td>
                <a href="/lessons/217">11:10</a>
            </td>
            <td>
                <a href="/lessons/217">12:50</a>
            </td>
            <td>
                <a href="/lessons/217">New name</a>
            </td>
            <td>
                <a href="/lessons/217">Chemistry</a>
            </td>
            <td>
                <a href="/lessons/217">Samuel Travis</a>
            </td>
            <td>
                <form method="post" action="/lessons/217"><input type="hidden" name="_method" value="DELETE"/>
                    <input class="btn btn-sm btn-danger" type="submit" value="Delete!"/>
                </form>
            </td>
        </tr>
        <tr>
            <td>
                <a href="/lessons/218">2021-02-09</a>
            </td>
            <td>
                <a href="/lessons/218">13:00</a>
            </td>
            <td>
                <a href="/lessons/218">14:40</a>
            </td>
            <td>
                <a href="/lessons/218">B-1</a>
            </td>
            <td>
                <a href="/lessons/218">Chemistry</a>
            </td>
            <td>
                <a href="/lessons/218">Albert Hill</a>
            </td>
            <td>
                <form method="post" action="/lessons/218"><input type="hidden" name="_method" value="DELETE"/>
                    <input class="btn btn-sm btn-danger" type="submit" value="Delete!"/>
                </form>
            </td>
        </tr>
        <tr>
            <td>
                <a href="/lessons/219">2021-02-09</a>
            </td>
            <td>
                <a href="/lessons/219">14:50</a>
            </td>
            <td>
                <a href="/lessons/219">16:30</a>
            </td>
            <td>
                <a href="/lessons/219">B-2</a>
            </td>
            <td>
                <a href="/lessons/219">Chemistry</a>
            </td>
            <td>
                <a href="/lessons/219">Albert Hill</a>
            </td>
            <td>
                <form method="post" action="/lessons/219"><input type="hidden" name="_method" value="DELETE"/>
                    <input class="btn btn-sm btn-danger" type="submit" value="Delete!"/>
                </form>
            </td>
        </tr>
        <tr>
            <td>
                <a href="/lessons/220">2021-02-09</a>
            </td>
            <td>
                <a href="/lessons/220">16:40</a>
            </td>
            <td>
                <a href="/lessons/220">18:20</a>
            </td>
            <td>
                <a href="/lessons/220">B-5</a>
            </td>
            <td>
                <a href="/lessons/220">Chemistry</a>
            </td>
            <td>
                <a href="/lessons/220">Albert Hill</a>
            </td>
            <td>
                <form method="post" action="/lessons/220"><input type="hidden" name="_method" value="DELETE"/>
                    <input class="btn btn-sm btn-danger" type="submit" value="Delete!"/>
                </form>
            </td>
        </tr>
        <tr>
            <td>
                <a href="/lessons/221">2021-02-09</a>
            </td>
            <td>
                <a href="/lessons/221">09:20</a>
            </td>
            <td>
                <a href="/lessons/221">11:00</a>
            </td>
            <td>
                <a href="/lessons/221">C-4</a>
            </td>
            <td>
                <a href="/lessons/221">Physics</a>
            </td>
            <td>
                <a href="/lessons/221">Sophia Roos</a>
            </td>
            <td>
                <form method="post" action="/lessons/221"><input type="hidden" name="_method" value="DELETE"/>
                    <input class="btn btn-sm btn-danger" type="submit" value="Delete!"/>
                </form>
            </td>
        </tr>
        <tr>
            <td>
                <a href="/lessons/222">2021-02-09</a>
            </td>
            <td>
                <a href="/lessons/222">11:10</a>
            </td>
            <td>
                <a href="/lessons/222">12:50</a>
            </td>
            <td>
                <a href="/lessons/222">C-4</a>
            </td>
            <td>
                <a href="/lessons/222">Physics</a>
            </td>
            <td>
                <a href="/lessons/222">Sophia Roos</a>
            </td>
            <td>
                <form method="post" action="/lessons/222"><input type="hidden" name="_method" value="DELETE"/>
                    <input class="btn btn-sm btn-danger" type="submit" value="Delete!"/>
                </form>
            </td>
        </tr>
        <tr>
            <td>
                <a href="/lessons/223">2021-02-09</a>
            </td>
            <td>
                <a href="/lessons/223">13:00</a>
            </td>
            <td>
                <a href="/lessons/223">14:40</a>
            </td>
            <td>
                <a href="/lessons/223">C-1</a>
            </td>
            <td>
                <a href="/lessons/223">Physics</a>
            </td>
            <td>
                <a href="/lessons/223">Sophia Roos</a>
            </td>
            <td>
                <form method="post" action="/lessons/223"><input type="hidden" name="_method" value="DELETE"/>
                    <input class="btn btn-sm btn-danger" type="submit" value="Delete!"/>
                </form>
            </td>
        </tr>
        <tr>
            <td>
                <a href="/lessons/224">2021-02-09</a>
            </td>
            <td>
                <a href="/lessons/224">14:50</a>
            </td>
            <td>
                <a href="/lessons/224">16:30</a>
            </td>
            <td>
                <a href="/lessons/224">C-3</a>
            </td>
            <td>
                <a href="/lessons/224">Physics</a>
            </td>
            <td>
                <a href="/lessons/224">Sophia Roos</a>
            </td>
            <td>
                <form method="post" action="/lessons/224"><input type="hidden" name="_method" value="DELETE"/>
                    <input class="btn btn-sm btn-danger" type="submit" value="Delete!"/>
                </form>
            </td>
        </tr>
        <tr>
            <td>
                <a href="/lessons/225">2021-02-09</a>
            </td>
            <td>
                <a href="/lessons/225">16:40</a>
            </td>
            <td>
                <a href="/lessons/225">18:20</a>
            </td>
            <td>
                <a href="/lessons/225">C-5</a>
            </td>
            <td>
                <a href="/lessons/225">Physics</a>
            </td>
            <td>
                <a href="/lessons/225">Sophia Roos</a>
            </td>
            <td>
                <form method="post" action="/lessons/225"><input type="hidden" name="_method" value="DELETE"/>
                    <input class="btn btn-sm btn-danger" type="submit" value="Delete!"/>
                </form>
            </td>
        </tr>
        <tr>
            <td>
                <a href="/lessons/226">2021-02-10</a>
            </td>
            <td>
                <a href="/lessons/226">09:20</a>
            </td>
            <td>
                <a href="/lessons/226">11:00</a>
            </td>
            <td>
                <a href="/lessons/226">A-4</a>
            </td>
            <td>
                <a href="/lessons/226">Another course&#39;s name</a>
            </td>
            <td>
                <a href="/lessons/226">Freya Shepp</a>
            </td>
            <td>
                <form method="post" action="/lessons/226"><input type="hidden" name="_method" value="DELETE"/>
                    <input class="btn btn-sm btn-danger" type="submit" value="Delete!"/>
                </form>
            </td>
        </tr>
        <tr>
            <td>
                <a href="/lessons/227">2021-02-10</a>
            </td>
            <td>
                <a href="/lessons/227">11:10</a>
            </td>
            <td>
                <a href="/lessons/227">12:50</a>
            </td>
            <td>
                <a href="/lessons/227">A-1</a>
            </td>
            <td>
                <a href="/lessons/227">Another course&#39;s name</a>
            </td>
            <td>
                <a href="/lessons/227">Freya Shepp</a>
            </td>
            <td>
                <form method="post" action="/lessons/227"><input type="hidden" name="_method" value="DELETE"/>
                    <input class="btn btn-sm btn-danger" type="submit" value="Delete!"/>
                </form>
            </td>
        </tr>
        <tr>
            <td>
                <a href="/lessons/228">2021-02-10</a>
            </td>
            <td>
                <a href="/lessons/228">13:00</a>
            </td>
            <td>
                <a href="/lessons/228">14:40</a>
            </td>
            <td>
                <a href="/lessons/228">A-2</a>
            </td>
            <td>
                <a href="/lessons/228">Political science</a>
            </td>
            <td>
                <a href="/lessons/228">Olivia Blake</a>
            </td>
            <td>
                <form method="post" action="/lessons/228"><input type="hidden" name="_method" value="DELETE"/>
                    <input class="btn btn-sm btn-danger" type="submit" value="Delete!"/>
                </form>
            </td>
        </tr>
        <tr>
            <td>
                <a href="/lessons/229">2021-02-10</a>
            </td>
            <td>
                <a href="/lessons/229">14:50</a>
            </td>
            <td>
                <a href="/lessons/229">16:30</a>
            </td>
            <td>
                <a href="/lessons/229">B-10</a>
            </td>
            <td>
                <a href="/lessons/229">Political science</a>
            </td>
            <td>
                <a href="/lessons/229">Olivia Blake</a>
            </td>
            <td>
                <form method="post" action="/lessons/229"><input type="hidden" name="_method" value="DELETE"/>
                    <input class="btn btn-sm btn-danger" type="submit" value="Delete!"/>
                </form>
            </td>
        </tr>
        <tr>
            <td>
                <a href="/lessons/230">2021-02-10</a>
            </td>
            <td>
                <a href="/lessons/230">16:40</a>
            </td>
            <td>
                <a href="/lessons/230">18:20</a>
            </td>
            <td>
                <a href="/lessons/230">A-4</a>
            </td>
            <td>
                <a href="/lessons/230">Culture</a>
            </td>
            <td>
                <a href="/lessons/230">Scarlett Nimoy</a>
            </td>
            <td>
                <form method="post" action="/lessons/230"><input type="hidden" name="_method" value="DELETE"/>
                    <input class="btn btn-sm btn-danger" type="submit" value="Delete!"/>
                </form>
            </td>
        </tr>
        <tr>
            <td>
                <a href="/lessons/231">2021-02-10</a>
            </td>
            <td>
                <a href="/lessons/231">09:20</a>
            </td>
            <td>
                <a href="/lessons/231">11:00</a>
            </td>
            <td>
                <a href="/lessons/231">New name</a>
            </td>
            <td>
                <a href="/lessons/231">Biology</a>
            </td>
            <td>
                <a href="/lessons/231">Ellie Purh</a>
            </td>
            <td>
                <form method="post" action="/lessons/231"><input type="hidden" name="_method" value="DELETE"/>
                    <input class="btn btn-sm btn-danger" type="submit" value="Delete!"/>
                </form>
            </td>
        </tr>
        <tr>
            <td>
                <a href="/lessons/232">2021-02-10</a>
            </td>
            <td>
                <a href="/lessons/232">11:10</a>
            </td>
            <td>
                <a href="/lessons/232">12:50</a>
            </td>
            <td>
                <a href="/lessons/232">New name</a>
            </td>
            <td>
                <a href="/lessons/232">Biology</a>
            </td>
            <td>
                <a href="/lessons/232">Ellie Purh</a>
            </td>
            <td>
                <form method="post" action="/lessons/232"><input type="hidden" name="_method" value="DELETE"/>
                    <input class="btn btn-sm btn-danger" type="submit" value="Delete!"/>
                </form>
            </td>
        </tr>
        <tr>
            <td>
                <a href="/lessons/233">2021-02-10</a>
            </td>
            <td>
                <a href="/lessons/233">13:00</a>
            </td>
            <td>
                <a href="/lessons/233">14:40</a>
            </td>
            <td>
                <a href="/lessons/233">B-1</a>
            </td>
            <td>
                <a href="/lessons/233">Biology</a>
            </td>
            <td>
                <a href="/lessons/233">Charlie Byrne</a>
            </td>
            <td>
                <form method="post" action="/lessons/233"><input type="hidden" name="_method" value="DELETE"/>
                    <input class="btn btn-sm btn-danger" type="submit" value="Delete!"/>
                </form>
            </td>
        </tr>
        <tr>
            <td>
                <a href="/lessons/234">2021-02-10</a>
            </td>
            <td>
                <a href="/lessons/234">14:50</a>
            </td>
            <td>
                <a href="/lessons/234">16:30</a>
            </td>
            <td>
                <a href="/lessons/234">B-2</a>
            </td>
            <td>
                <a href="/lessons/234">Biology</a>
            </td>
            <td>
                <a href="/lessons/234">Charlie Byrne</a>
            </td>
            <td>
                <form method="post" action="/lessons/234"><input type="hidden" name="_method" value="DELETE"/>
                    <input class="btn btn-sm btn-danger" type="submit" value="Delete!"/>
                </form>
            </td>
        </tr>
        <tr>
            <td>
                <a href="/lessons/235">2021-02-10</a>
            </td>
            <td>
                <a href="/lessons/235">16:40</a>
            </td>
            <td>
                <a href="/lessons/235">18:20</a>
            </td>
            <td>
                <a href="/lessons/235">B-5</a>
            </td>
            <td>
                <a href="/lessons/235">Biology</a>
            </td>
            <td>
                <a href="/lessons/235">Charlie Byrne</a>
            </td>
            <td>
                <form method="post" action="/lessons/235"><input type="hidden" name="_method" value="DELETE"/>
                    <input class="btn btn-sm btn-danger" type="submit" value="Delete!"/>
                </form>
            </td>
        </tr>
        <tr>
            <td>
                <a href="/lessons/236">2021-02-10</a>
            </td>
            <td>
                <a href="/lessons/236">09:20</a>
            </td>
            <td>
                <a href="/lessons/236">11:00</a>
            </td>
            <td>
                <a href="/lessons/236">C-4</a>
            </td>
            <td>
                <a href="/lessons/236">Geometry</a>
            </td>
            <td>
                <a href="/lessons/236">Mia Brown</a>
            </td>
            <td>
                <form method="post" action="/lessons/236"><input type="hidden" name="_method" value="DELETE"/>
                    <input class="btn btn-sm btn-danger" type="submit" value="Delete!"/>
                </form>
            </td>
        </tr>
        <tr>
            <td>
                <a href="/lessons/237">2021-02-10</a>
            </td>
            <td>
                <a href="/lessons/237">11:10</a>
            </td>
            <td>
                <a href="/lessons/237">12:50</a>
            </td>
            <td>
                <a href="/lessons/237">C-4</a>
            </td>
            <td>
                <a href="/lessons/237">Geometry</a>
            </td>
            <td>
                <a href="/lessons/237">Mia Brown</a>
            </td>
            <td>
                <form method="post" action="/lessons/237"><input type="hidden" name="_method" value="DELETE"/>
                    <input class="btn btn-sm btn-danger" type="submit" value="Delete!"/>
                </form>
            </td>
        </tr>
        <tr>
            <td>
                <a href="/lessons/238">2021-02-10</a>
            </td>
            <td>
                <a href="/lessons/238">13:00</a>
            </td>
            <td>
                <a href="/lessons/238">14:40</a>
            </td>
            <td>
                <a href="/lessons/238">C-1</a>
            </td>
            <td>
                <a href="/lessons/238">Geometry</a>
            </td>
            <td>
                <a href="/lessons/238">Mia Brown</a>
            </td>
            <td>
                <form method="post" action="/lessons/238"><input type="hidden" name="_method" value="DELETE"/>
                    <input class="btn btn-sm btn-danger" type="submit" value="Delete!"/>
                </form>
            </td>
        </tr>
        <tr>
            <td>
                <a href="/lessons/239">2021-02-10</a>
            </td>
            <td>
                <a href="/lessons/239">14:50</a>
            </td>
            <td>
                <a href="/lessons/239">16:30</a>
            </td>
            <td>
                <a href="/lessons/239">C-3</a>
            </td>
            <td>
                <a href="/lessons/239">Geometry</a>
            </td>
            <td>
                <a href="/lessons/239">Mia Brown</a>
            </td>
            <td>
                <form method="post" action="/lessons/239"><input type="hidden" name="_method" value="DELETE"/>
                    <input class="btn btn-sm btn-danger" type="submit" value="Delete!"/>
                </form>
            </td>
        </tr>
        <tr>
            <td>
                <a href="/lessons/240">2021-02-10</a>
            </td>
            <td>
                <a href="/lessons/240">16:40</a>
            </td>
            <td>
                <a href="/lessons/240">18:20</a>
            </td>
            <td>
                <a href="/lessons/240">C-5</a>
            </td>
            <td>
                <a href="/lessons/240">Geometry</a>
            </td>
            <td>
                <a href="/lessons/240">Mia Brown</a>
            </td>
            <td>
                <form method="post" action="/lessons/240"><input type="hidden" name="_method" value="DELETE"/>
                    <input class="btn btn-sm btn-danger" type="submit" value="Delete!"/>
                </form>
            </td>
        </tr>
        <tr>
            <td>
                <a href="/lessons/241">2021-02-11</a>
            </td>
            <td>
                <a href="/lessons/241">09:20</a>
            </td>
            <td>
                <a href="/lessons/241">11:00</a>
            </td>
            <td>
                <a href="/lessons/241">A-4</a>
            </td>
            <td>
                <a href="/lessons/241">Political science</a>
            </td>
            <td>
                <a href="/lessons/241">Olivia Blake</a>
            </td>
            <td>
                <form method="post" action="/lessons/241"><input type="hidden" name="_method" value="DELETE"/>
                    <input class="btn btn-sm btn-danger" type="submit" value="Delete!"/>
                </form>
            </td>
        </tr>
        <tr>
            <td>
                <a href="/lessons/242">2021-02-11</a>
            </td>
            <td>
                <a href="/lessons/242">11:10</a>
            </td>
            <td>
                <a href="/lessons/242">12:50</a>
            </td>
            <td>
                <a href="/lessons/242">A-1</a>
            </td>
            <td>
                <a href="/lessons/242">Political science</a>
            </td>
            <td>
                <a href="/lessons/242">Olivia Blake</a>
            </td>
            <td>
                <form method="post" action="/lessons/242"><input type="hidden" name="_method" value="DELETE"/>
                    <input class="btn btn-sm btn-danger" type="submit" value="Delete!"/>
                </form>
            </td>
        </tr>
        <tr>
            <td>
                <a href="/lessons/243">2021-02-11</a>
            </td>
            <td>
                <a href="/lessons/243">13:00</a>
            </td>
            <td>
                <a href="/lessons/243">14:40</a>
            </td>
            <td>
                <a href="/lessons/243">A-2</a>
            </td>
            <td>
                <a href="/lessons/243">Culture</a>
            </td>
            <td>
                <a href="/lessons/243">Scarlett Nimoy</a>
            </td>
            <td>
                <form method="post" action="/lessons/243"><input type="hidden" name="_method" value="DELETE"/>
                    <input class="btn btn-sm btn-danger" type="submit" value="Delete!"/>
                </form>
            </td>
        </tr>
        <tr>
            <td>
                <a href="/lessons/244">2021-02-11</a>
            </td>
            <td>
                <a href="/lessons/244">14:50</a>
            </td>
            <td>
                <a href="/lessons/244">16:30</a>
            </td>
            <td>
                <a href="/lessons/244">B-10</a>
            </td>
            <td>
                <a href="/lessons/244">Culture</a>
            </td>
            <td>
                <a href="/lessons/244">Scarlett Nimoy</a>
            </td>
            <td>
                <form method="post" action="/lessons/244"><input type="hidden" name="_method" value="DELETE"/>
                    <input class="btn btn-sm btn-danger" type="submit" value="Delete!"/>
                </form>
            </td>
        </tr>
        <tr>
            <td>
                <a href="/lessons/245">2021-02-11</a>
            </td>
            <td>
                <a href="/lessons/245">16:40</a>
            </td>
            <td>
                <a href="/lessons/245">18:20</a>
            </td>
            <td>
                <a href="/lessons/245">A-4</a>
            </td>
            <td>
                <a href="/lessons/245">History</a>
            </td>
            <td>
                <a href="/lessons/245">Albert Johnson</a>
            </td>
            <td>
                <form method="post" action="/lessons/245"><input type="hidden" name="_method" value="DELETE"/>
                    <input class="btn btn-sm btn-danger" type="submit" value="Delete!"/>
                </form>
            </td>
        </tr>
        <tr>
            <td>
                <a href="/lessons/246">2021-02-11</a>
            </td>
            <td>
                <a href="/lessons/246">09:20</a>
            </td>
            <td>
                <a href="/lessons/246">11:00</a>
            </td>
            <td>
                <a href="/lessons/246">New name</a>
            </td>
            <td>
                <a href="/lessons/246">Chemistry</a>
            </td>
            <td>
                <a href="/lessons/246">Samuel Travis</a>
            </td>
            <td>
                <form method="post" action="/lessons/246"><input type="hidden" name="_method" value="DELETE"/>
                    <input class="btn btn-sm btn-danger" type="submit" value="Delete!"/>
                </form>
            </td>
        </tr>
        <tr>
            <td>
                <a href="/lessons/247">2021-02-11</a>
            </td>
            <td>
                <a href="/lessons/247">11:10</a>
            </td>
            <td>
                <a href="/lessons/247">12:50</a>
            </td>
            <td>
                <a href="/lessons/247">New name</a>
            </td>
            <td>
                <a href="/lessons/247">Chemistry</a>
            </td>
            <td>
                <a href="/lessons/247">Samuel Travis</a>
            </td>
            <td>
                <form method="post" action="/lessons/247"><input type="hidden" name="_method" value="DELETE"/>
                    <input class="btn btn-sm btn-danger" type="submit" value="Delete!"/>
                </form>
            </td>
        </tr>
        <tr>
            <td>
                <a href="/lessons/248">2021-02-11</a>
            </td>
            <td>
                <a href="/lessons/248">13:00</a>
            </td>
            <td>
                <a href="/lessons/248">14:40</a>
            </td>
            <td>
                <a href="/lessons/248">B-1</a>
            </td>
            <td>
                <a href="/lessons/248">Chemistry</a>
            </td>
            <td>
                <a href="/lessons/248">Albert Hill</a>
            </td>
            <td>
                <form method="post" action="/lessons/248"><input type="hidden" name="_method" value="DELETE"/>
                    <input class="btn btn-sm btn-danger" type="submit" value="Delete!"/>
                </form>
            </td>
        </tr>
        <tr>
            <td>
                <a href="/lessons/249">2021-02-11</a>
            </td>
            <td>
                <a href="/lessons/249">14:50</a>
            </td>
            <td>
                <a href="/lessons/249">16:30</a>
            </td>
            <td>
                <a href="/lessons/249">B-2</a>
            </td>
            <td>
                <a href="/lessons/249">Chemistry</a>
            </td>
            <td>
                <a href="/lessons/249">Albert Hill</a>
            </td>
            <td>
                <form method="post" action="/lessons/249"><input type="hidden" name="_method" value="DELETE"/>
                    <input class="btn btn-sm btn-danger" type="submit" value="Delete!"/>
                </form>
            </td>
        </tr>
        <tr>
            <td>
                <a href="/lessons/250">2021-02-11</a>
            </td>
            <td>
                <a href="/lessons/250">16:40</a>
            </td>
            <td>
                <a href="/lessons/250">18:20</a>
            </td>
            <td>
                <a href="/lessons/250">B-5</a>
            </td>
            <td>
                <a href="/lessons/250">Chemistry</a>
            </td>
            <td>
                <a href="/lessons/250">Albert Hill</a>
            </td>
            <td>
                <form method="post" action="/lessons/250"><input type="hidden" name="_method" value="DELETE"/>
                    <input class="btn btn-sm btn-danger" type="submit" value="Delete!"/>
                </form>
            </td>
        </tr>
        <tr>
            <td>
                <a href="/lessons/251">2021-02-11</a>
            </td>
            <td>
                <a href="/lessons/251">09:20</a>
            </td>
            <td>
                <a href="/lessons/251">11:00</a>
            </td>
            <td>
                <a href="/lessons/251">C-4</a>
            </td>
            <td>
                <a href="/lessons/251">Mathematics</a>
            </td>
            <td>
                <a href="/lessons/251">Joshua Eve</a>
            </td>
            <td>
                <form method="post" action="/lessons/251"><input type="hidden" name="_method" value="DELETE"/>
                    <input class="btn btn-sm btn-danger" type="submit" value="Delete!"/>
                </form>
            </td>
        </tr>
        <tr>
            <td>
                <a href="/lessons/252">2021-02-11</a>
            </td>
            <td>
                <a href="/lessons/252">11:10</a>
            </td>
            <td>
                <a href="/lessons/252">12:50</a>
            </td>
            <td>
                <a href="/lessons/252">C-4</a>
            </td>
            <td>
                <a href="/lessons/252">Mathematics</a>
            </td>
            <td>
                <a href="/lessons/252">Joshua Eve</a>
            </td>
            <td>
                <form method="post" action="/lessons/252"><input type="hidden" name="_method" value="DELETE"/>
                    <input class="btn btn-sm btn-danger" type="submit" value="Delete!"/>
                </form>
            </td>
        </tr>
        <tr>
            <td>
                <a href="/lessons/253">2021-02-11</a>
            </td>
            <td>
                <a href="/lessons/253">13:00</a>
            </td>
            <td>
                <a href="/lessons/253">14:40</a>
            </td>
            <td>
                <a href="/lessons/253">C-2</a>
            </td>
            <td>
                <a href="/lessons/253">Physics</a>
            </td>
            <td>
                <a href="/lessons/253">Sophia Roos</a>
            </td>
            <td>
                <form method="post" action="/lessons/253"><input type="hidden" name="_method" value="DELETE"/>
                    <input class="btn btn-sm btn-danger" type="submit" value="Delete!"/>
                </form>
            </td>
        </tr>
        <tr>
            <td>
                <a href="/lessons/254">2021-02-11</a>
            </td>
            <td>
                <a href="/lessons/254">14:50</a>
            </td>
            <td>
                <a href="/lessons/254">16:30</a>
            </td>
            <td>
                <a href="/lessons/254">C-2</a>
            </td>
            <td>
                <a href="/lessons/254">Geometry</a>
            </td>
            <td>
                <a href="/lessons/254">Mia Brown</a>
            </td>
            <td>
                <form method="post" action="/lessons/254"><input type="hidden" name="_method" value="DELETE"/>
                    <input class="btn btn-sm btn-danger" type="submit" value="Delete!"/>
                </form>
            </td>
        </tr>
        <tr>
            <td>
                <a href="/lessons/255">2021-02-11</a>
            </td>
            <td>
                <a href="/lessons/255">16:40</a>
            </td>
            <td>
                <a href="/lessons/255">18:20</a>
            </td>
            <td>
                <a href="/lessons/255">C-5</a>
            </td>
            <td>
                <a href="/lessons/255">Mathematics</a>
            </td>
            <td>
                <a href="/lessons/255">Joshua Eve</a>
            </td>
            <td>
                <form method="post" action="/lessons/255"><input type="hidden" name="_method" value="DELETE"/>
                    <input class="btn btn-sm btn-danger" type="submit" value="Delete!"/>
                </form>
            </td>
        </tr>
        <tr>
            <td>
                <a href="/lessons/256">2021-02-12</a>
            </td>
            <td>
                <a href="/lessons/256">09:20</a>
            </td>
            <td>
                <a href="/lessons/256">11:00</a>
            </td>
            <td>
                <a href="/lessons/256">A-4</a>
            </td>
            <td>
                <a href="/lessons/256">Culture</a>
            </td>
            <td>
                <a href="/lessons/256">Scarlett Nimoy</a>
            </td>
            <td>
                <form method="post" action="/lessons/256"><input type="hidden" name="_method" value="DELETE"/>
                    <input class="btn btn-sm btn-danger" type="submit" value="Delete!"/>
                </form>
            </td>
        </tr>
        <tr>
            <td>
                <a href="/lessons/257">2021-02-12</a>
            </td>
            <td>
                <a href="/lessons/257">11:10</a>
            </td>
            <td>
                <a href="/lessons/257">12:50</a>
            </td>
            <td>
                <a href="/lessons/257">A-1</a>
            </td>
            <td>
                <a href="/lessons/257">Culture</a>
            </td>
            <td>
                <a href="/lessons/257">Scarlett Nimoy</a>
            </td>
            <td>
                <form method="post" action="/lessons/257"><input type="hidden" name="_method" value="DELETE"/>
                    <input class="btn btn-sm btn-danger" type="submit" value="Delete!"/>
                </form>
            </td>
        </tr>
        <tr>
            <td>
                <a href="/lessons/258">2021-02-12</a>
            </td>
            <td>
                <a href="/lessons/258">13:00</a>
            </td>
            <td>
                <a href="/lessons/258">14:40</a>
            </td>
            <td>
                <a href="/lessons/258">A-2</a>
            </td>
            <td>
                <a href="/lessons/258">History</a>
            </td>
            <td>
                <a href="/lessons/258">Albert Johnson</a>
            </td>
            <td>
                <form method="post" action="/lessons/258"><input type="hidden" name="_method" value="DELETE"/>
                    <input class="btn btn-sm btn-danger" type="submit" value="Delete!"/>
                </form>
            </td>
        </tr>
        <tr>
            <td>
                <a href="/lessons/259">2021-02-12</a>
            </td>
            <td>
                <a href="/lessons/259">14:50</a>
            </td>
            <td>
                <a href="/lessons/259">16:30</a>
            </td>
            <td>
                <a href="/lessons/259">B-10</a>
            </td>
            <td>
                <a href="/lessons/259">History</a>
            </td>
            <td>
                <a href="/lessons/259">Albert Johnson</a>
            </td>
            <td>
                <form method="post" action="/lessons/259"><input type="hidden" name="_method" value="DELETE"/>
                    <input class="btn btn-sm btn-danger" type="submit" value="Delete!"/>
                </form>
            </td>
        </tr>
        <tr>
            <td>
                <a href="/lessons/260">2021-02-12</a>
            </td>
            <td>
                <a href="/lessons/260">16:40</a>
            </td>
            <td>
                <a href="/lessons/260">18:20</a>
            </td>
            <td>
                <a href="/lessons/260">A-4</a>
            </td>
            <td>
                <a href="/lessons/260">Philosophy</a>
            </td>
            <td>
                <a href="/lessons/260">Stanley Gruber</a>
            </td>
            <td>
                <form method="post" action="/lessons/260"><input type="hidden" name="_method" value="DELETE"/>
                    <input class="btn btn-sm btn-danger" type="submit" value="Delete!"/>
                </form>
            </td>
        </tr>
        <tr>
            <td>
                <a href="/lessons/261">2021-02-12</a>
            </td>
            <td>
                <a href="/lessons/261">09:20</a>
            </td>
            <td>
                <a href="/lessons/261">11:00</a>
            </td>
            <td>
                <a href="/lessons/261">New name</a>
            </td>
            <td>
                <a href="/lessons/261">Biology</a>
            </td>
            <td>
                <a href="/lessons/261">Ellie Purh</a>
            </td>
            <td>
                <form method="post" action="/lessons/261"><input type="hidden" name="_method" value="DELETE"/>
                    <input class="btn btn-sm btn-danger" type="submit" value="Delete!"/>
                </form>
            </td>
        </tr>
        <tr>
            <td>
                <a href="/lessons/262">2021-02-12</a>
            </td>
            <td>
                <a href="/lessons/262">11:10</a>
            </td>
            <td>
                <a href="/lessons/262">12:50</a>
            </td>
            <td>
                <a href="/lessons/262">New name</a>
            </td>
            <td>
                <a href="/lessons/262">Biology</a>
            </td>
            <td>
                <a href="/lessons/262">Ellie Purh</a>
            </td>
            <td>
                <form method="post" action="/lessons/262"><input type="hidden" name="_method" value="DELETE"/>
                    <input class="btn btn-sm btn-danger" type="submit" value="Delete!"/>
                </form>
            </td>
        </tr>
        <tr>
            <td>
                <a href="/lessons/263">2021-02-12</a>
            </td>
            <td>
                <a href="/lessons/263">13:00</a>
            </td>
            <td>
                <a href="/lessons/263">14:40</a>
            </td>
            <td>
                <a href="/lessons/263">B-1</a>
            </td>
            <td>
                <a href="/lessons/263">Biology</a>
            </td>
            <td>
                <a href="/lessons/263">Charlie Byrne</a>
            </td>
            <td>
                <form method="post" action="/lessons/263"><input type="hidden" name="_method" value="DELETE"/>
                    <input class="btn btn-sm btn-danger" type="submit" value="Delete!"/>
                </form>
            </td>
        </tr>
        <tr>
            <td>
                <a href="/lessons/264">2021-02-12</a>
            </td>
            <td>
                <a href="/lessons/264">14:50</a>
            </td>
            <td>
                <a href="/lessons/264">16:30</a>
            </td>
            <td>
                <a href="/lessons/264">B-2</a>
            </td>
            <td>
                <a href="/lessons/264">Biology</a>
            </td>
            <td>
                <a href="/lessons/264">Charlie Byrne</a>
            </td>
            <td>
                <form method="post" action="/lessons/264"><input type="hidden" name="_method" value="DELETE"/>
                    <input class="btn btn-sm btn-danger" type="submit" value="Delete!"/>
                </form>
            </td>
        </tr>
        <tr>
            <td>
                <a href="/lessons/265">2021-02-12</a>
            </td>
            <td>
                <a href="/lessons/265">16:40</a>
            </td>
            <td>
                <a href="/lessons/265">18:20</a>
            </td>
            <td>
                <a href="/lessons/265">B-5</a>
            </td>
            <td>
                <a href="/lessons/265">Biology</a>
            </td>
            <td>
                <a href="/lessons/265">Charlie Byrne</a>
            </td>
            <td>
                <form method="post" action="/lessons/265"><input type="hidden" name="_method" value="DELETE"/>
                    <input class="btn btn-sm btn-danger" type="submit" value="Delete!"/>
                </form>
            </td>
        </tr>
        <tr>
            <td>
                <a href="/lessons/266">2021-02-12</a>
            </td>
            <td>
                <a href="/lessons/266">09:20</a>
            </td>
            <td>
                <a href="/lessons/266">11:00</a>
            </td>
            <td>
                <a href="/lessons/266">C-4</a>
            </td>
            <td>
                <a href="/lessons/266">Physics</a>
            </td>
            <td>
                <a href="/lessons/266">Sophia Roos</a>
            </td>
            <td>
                <form method="post" action="/lessons/266"><input type="hidden" name="_method" value="DELETE"/>
                    <input class="btn btn-sm btn-danger" type="submit" value="Delete!"/>
                </form>
            </td>
        </tr>
        <tr>
            <td>
                <a href="/lessons/267">2021-02-12</a>
            </td>
            <td>
                <a href="/lessons/267">11:10</a>
            </td>
            <td>
                <a href="/lessons/267">12:50</a>
            </td>
            <td>
                <a href="/lessons/267">C-4</a>
            </td>
            <td>
                <a href="/lessons/267">Geometry</a>
            </td>
            <td>
                <a href="/lessons/267">Mia Brown</a>
            </td>
            <td>
                <form method="post" action="/lessons/267"><input type="hidden" name="_method" value="DELETE"/>
                    <input class="btn btn-sm btn-danger" type="submit" value="Delete!"/>
                </form>
            </td>
        </tr>
        <tr>
            <td>
                <a href="/lessons/268">2021-02-12</a>
            </td>
            <td>
                <a href="/lessons/268">13:00</a>
            </td>
            <td>
                <a href="/lessons/268">14:40</a>
            </td>
            <td>
                <a href="/lessons/268">C-3</a>
            </td>
            <td>
                <a href="/lessons/268">Mathematics</a>
            </td>
            <td>
                <a href="/lessons/268">Joshua Eve</a>
            </td>
            <td>
                <form method="post" action="/lessons/268"><input type="hidden" name="_method" value="DELETE"/>
                    <input class="btn btn-sm btn-danger" type="submit" value="Delete!"/>
                </form>
            </td>
        </tr>
        <tr>
            <td>
                <a href="/lessons/269">2021-02-12</a>
            </td>
            <td>
                <a href="/lessons/269">14:50</a>
            </td>
            <td>
                <a href="/lessons/269">16:30</a>
            </td>
            <td>
                <a href="/lessons/269">C-5</a>
            </td>
            <td>
                <a href="/lessons/269">Physics</a>
            </td>
            <td>
                <a href="/lessons/269">Sophia Roos</a>
            </td>
            <td>
                <form method="post" action="/lessons/269"><input type="hidden" name="_method" value="DELETE"/>
                    <input class="btn btn-sm btn-danger" type="submit" value="Delete!"/>
                </form>
            </td>
        </tr>
        <tr>
            <td>
                <a href="/lessons/270">2021-02-12</a>
            </td>
            <td>
                <a href="/lessons/270">16:40</a>
            </td>
            <td>
                <a href="/lessons/270">18:20</a>
            </td>
            <td>
                <a href="/lessons/270">C-5</a>
            </td>
            <td>
                <a href="/lessons/270">Geometry</a>
            </td>
            <td>
                <a href="/lessons/270">Mia Brown</a>
            </td>
            <td>
                <form method="post" action="/lessons/270"><input type="hidden" name="_method" value="DELETE"/>
                    <input class="btn btn-sm btn-danger" type="submit" value="Delete!"/>
                </form>
            </td>
        </tr>
        <tr>
            <td>
                <a href="/lessons/271">2021-02-15</a>
            </td>
            <td>
                <a href="/lessons/271">09:20</a>
            </td>
            <td>
                <a href="/lessons/271">11:00</a>
            </td>
            <td>
                <a href="/lessons/271">A-4</a>
            </td>
            <td>
                <a href="/lessons/271">History</a>
            </td>
            <td>
                <a href="/lessons/271">Albert Johnson</a>
            </td>
            <td>
                <form method="post" action="/lessons/271"><input type="hidden" name="_method" value="DELETE"/>
                    <input class="btn btn-sm btn-danger" type="submit" value="Delete!"/>
                </form>
            </td>
        </tr>
        <tr>
            <td>
                <a href="/lessons/272">2021-02-15</a>
            </td>
            <td>
                <a href="/lessons/272">11:10</a>
            </td>
            <td>
                <a href="/lessons/272">12:50</a>
            </td>
            <td>
                <a href="/lessons/272">A-1</a>
            </td>
            <td>
                <a href="/lessons/272">History</a>
            </td>
            <td>
                <a href="/lessons/272">Albert Johnson</a>
            </td>
            <td>
                <form method="post" action="/lessons/272"><input type="hidden" name="_method" value="DELETE"/>
                    <input class="btn btn-sm btn-danger" type="submit" value="Delete!"/>
                </form>
            </td>
        </tr>
        <tr>
            <td>
                <a href="/lessons/273">2021-02-15</a>
            </td>
            <td>
                <a href="/lessons/273">13:00</a>
            </td>
            <td>
                <a href="/lessons/273">14:40</a>
            </td>
            <td>
                <a href="/lessons/273">A-2</a>
            </td>
            <td>
                <a href="/lessons/273">Philosophy</a>
            </td>
            <td>
                <a href="/lessons/273">Stanley Gruber</a>
            </td>
            <td>
                <form method="post" action="/lessons/273"><input type="hidden" name="_method" value="DELETE"/>
                    <input class="btn btn-sm btn-danger" type="submit" value="Delete!"/>
                </form>
            </td>
        </tr>
        <tr>
            <td>
                <a href="/lessons/274">2021-02-15</a>
            </td>
            <td>
                <a href="/lessons/274">14:50</a>
            </td>
            <td>
                <a href="/lessons/274">16:30</a>
            </td>
            <td>
                <a href="/lessons/274">B-10</a>
            </td>
            <td>
                <a href="/lessons/274">Philosophy</a>
            </td>
            <td>
                <a href="/lessons/274">Stanley Gruber</a>
            </td>
            <td>
                <form method="post" action="/lessons/274"><input type="hidden" name="_method" value="DELETE"/>
                    <input class="btn btn-sm btn-danger" type="submit" value="Delete!"/>
                </form>
            </td>
        </tr>
        <tr>
            <td>
                <a href="/lessons/275">2021-02-15</a>
            </td>
            <td>
                <a href="/lessons/275">16:40</a>
            </td>
            <td>
                <a href="/lessons/275">18:20</a>
            </td>
            <td>
                <a href="/lessons/275">A-4</a>
            </td>
            <td>
                <a href="/lessons/275">Another course&#39;s name</a>
            </td>
            <td>
                <a href="/lessons/275">Freya Shepp</a>
            </td>
            <td>
                <form method="post" action="/lessons/275"><input type="hidden" name="_method" value="DELETE"/>
                    <input class="btn btn-sm btn-danger" type="submit" value="Delete!"/>
                </form>
            </td>
        </tr>
        <tr>
            <td>
                <a href="/lessons/276">2021-02-15</a>
            </td>
            <td>
                <a href="/lessons/276">09:20</a>
            </td>
            <td>
                <a href="/lessons/276">11:00</a>
            </td>
            <td>
                <a href="/lessons/276">New name</a>
            </td>
            <td>
                <a href="/lessons/276">Biology</a>
            </td>
            <td>
                <a href="/lessons/276">Ellie Purh</a>
            </td>
            <td>
                <form method="post" action="/lessons/276"><input type="hidden" name="_method" value="DELETE"/>
                    <input class="btn btn-sm btn-danger" type="submit" value="Delete!"/>
                </form>
            </td>
        </tr>
        <tr>
            <td>
                <a href="/lessons/277">2021-02-15</a>
            </td>
            <td>
                <a href="/lessons/277">11:10</a>
            </td>
            <td>
                <a href="/lessons/277">12:50</a>
            </td>
            <td>
                <a href="/lessons/277">New name</a>
            </td>
            <td>
                <a href="/lessons/277">Biology</a>
            </td>
            <td>
                <a href="/lessons/277">Ellie Purh</a>
            </td>
            <td>
                <form method="post" action="/lessons/277"><input type="hidden" name="_method" value="DELETE"/>
                    <input class="btn btn-sm btn-danger" type="submit" value="Delete!"/>
                </form>
            </td>
        </tr>
        <tr>
            <td>
                <a href="/lessons/278">2021-02-15</a>
            </td>
            <td>
                <a href="/lessons/278">13:00</a>
            </td>
            <td>
                <a href="/lessons/278">14:40</a>
            </td>
            <td>
                <a href="/lessons/278">B-1</a>
            </td>
            <td>
                <a href="/lessons/278">Biology</a>
            </td>
            <td>
                <a href="/lessons/278">Charlie Byrne</a>
            </td>
            <td>
                <form method="post" action="/lessons/278"><input type="hidden" name="_method" value="DELETE"/>
                    <input class="btn btn-sm btn-danger" type="submit" value="Delete!"/>
                </form>
            </td>
        </tr>
        <tr>
            <td>
                <a href="/lessons/279">2021-02-15</a>
            </td>
            <td>
                <a href="/lessons/279">14:50</a>
            </td>
            <td>
                <a href="/lessons/279">16:30</a>
            </td>
            <td>
                <a href="/lessons/279">B-2</a>
            </td>
            <td>
                <a href="/lessons/279">Biology</a>
            </td>
            <td>
                <a href="/lessons/279">Charlie Byrne</a>
            </td>
            <td>
                <form method="post" action="/lessons/279"><input type="hidden" name="_method" value="DELETE"/>
                    <input class="btn btn-sm btn-danger" type="submit" value="Delete!"/>
                </form>
            </td>
        </tr>
        <tr>
            <td>
                <a href="/lessons/280">2021-02-15</a>
            </td>
            <td>
                <a href="/lessons/280">16:40</a>
            </td>
            <td>
                <a href="/lessons/280">18:20</a>
            </td>
            <td>
                <a href="/lessons/280">B-5</a>
            </td>
            <td>
                <a href="/lessons/280">Biology</a>
            </td>
            <td>
                <a href="/lessons/280">Charlie Byrne</a>
            </td>
            <td>
                <form method="post" action="/lessons/280"><input type="hidden" name="_method" value="DELETE"/>
                    <input class="btn btn-sm btn-danger" type="submit" value="Delete!"/>
                </form>
            </td>
        </tr>
        <tr>
            <td>
                <a href="/lessons/281">2021-02-15</a>
            </td>
            <td>
                <a href="/lessons/281">09:20</a>
            </td>
            <td>
                <a href="/lessons/281">11:00</a>
            </td>
            <td>
                <a href="/lessons/281">C-4</a>
            </td>
            <td>
                <a href="/lessons/281">Mathematics</a>
            </td>
            <td>
                <a href="/lessons/281">Joshua Eve</a>
            </td>
            <td>
                <form method="post" action="/lessons/281"><input type="hidden" name="_method" value="DELETE"/>
                    <input class="btn btn-sm btn-danger" type="submit" value="Delete!"/>
                </form>
            </td>
        </tr>
        <tr>
            <td>
                <a href="/lessons/282">2021-02-15</a>
            </td>
            <td>
                <a href="/lessons/282">11:10</a>
            </td>
            <td>
                <a href="/lessons/282">12:50</a>
            </td>
            <td>
                <a href="/lessons/282">C-4</a>
            </td>
            <td>
                <a href="/lessons/282">Mathematics</a>
            </td>
            <td>
                <a href="/lessons/282">Joshua Eve</a>
            </td>
            <td>
                <form method="post" action="/lessons/282"><input type="hidden" name="_method" value="DELETE"/>
                    <input class="btn btn-sm btn-danger" type="submit" value="Delete!"/>
                </form>
            </td>
        </tr>
        <tr>
            <td>
                <a href="/lessons/283">2021-02-15</a>
            </td>
            <td>
                <a href="/lessons/283">13:00</a>
            </td>
            <td>
                <a href="/lessons/283">14:40</a>
            </td>
            <td>
                <a href="/lessons/283">C-1</a>
            </td>
            <td>
                <a href="/lessons/283">Mathematics</a>
            </td>
            <td>
                <a href="/lessons/283">Joshua Eve</a>
            </td>
            <td>
                <form method="post" action="/lessons/283"><input type="hidden" name="_method" value="DELETE"/>
                    <input class="btn btn-sm btn-danger" type="submit" value="Delete!"/>
                </form>
            </td>
        </tr>
        <tr>
            <td>
                <a href="/lessons/284">2021-02-15</a>
            </td>
            <td>
                <a href="/lessons/284">14:50</a>
            </td>
            <td>
                <a href="/lessons/284">16:30</a>
            </td>
            <td>
                <a href="/lessons/284">C-3</a>
            </td>
            <td>
                <a href="/lessons/284">Mathematics</a>
            </td>
            <td>
                <a href="/lessons/284">Joshua Eve</a>
            </td>
            <td>
                <form method="post" action="/lessons/284"><input type="hidden" name="_method" value="DELETE"/>
                    <input class="btn btn-sm btn-danger" type="submit" value="Delete!"/>
                </form>
            </td>
        </tr>
        <tr>
            <td>
                <a href="/lessons/285">2021-02-15</a>
            </td>
            <td>
                <a href="/lessons/285">16:40</a>
            </td>
            <td>
                <a href="/lessons/285">18:20</a>
            </td>
            <td>
                <a href="/lessons/285">C-5</a>
            </td>
            <td>
                <a href="/lessons/285">Mathematics</a>
            </td>
            <td>
                <a href="/lessons/285">Joshua Eve</a>
            </td>
            <td>
                <form method="post" action="/lessons/285"><input type="hidden" name="_method" value="DELETE"/>
                    <input class="btn btn-sm btn-danger" type="submit" value="Delete!"/>
                </form>
            </td>
        </tr>
        <tr>
            <td>
                <a href="/lessons/286">2021-02-16</a>
            </td>
            <td>
                <a href="/lessons/286">09:20</a>
            </td>
            <td>
                <a href="/lessons/286">11:00</a>
            </td>
            <td>
                <a href="/lessons/286">A-4</a>
            </td>
            <td>
                <a href="/lessons/286">Philosophy</a>
            </td>
            <td>
                <a href="/lessons/286">Stanley Gruber</a>
            </td>
            <td>
                <form method="post" action="/lessons/286"><input type="hidden" name="_method" value="DELETE"/>
                    <input class="btn btn-sm btn-danger" type="submit" value="Delete!"/>
                </form>
            </td>
        </tr>
        <tr>
            <td>
                <a href="/lessons/287">2021-02-16</a>
            </td>
            <td>
                <a href="/lessons/287">11:10</a>
            </td>
            <td>
                <a href="/lessons/287">12:50</a>
            </td>
            <td>
                <a href="/lessons/287">A-1</a>
            </td>
            <td>
                <a href="/lessons/287">Philosophy</a>
            </td>
            <td>
                <a href="/lessons/287">Stanley Gruber</a>
            </td>
            <td>
                <form method="post" action="/lessons/287"><input type="hidden" name="_method" value="DELETE"/>
                    <input class="btn btn-sm btn-danger" type="submit" value="Delete!"/>
                </form>
            </td>
        </tr>
        <tr>
            <td>
                <a href="/lessons/288">2021-02-16</a>
            </td>
            <td>
                <a href="/lessons/288">13:00</a>
            </td>
            <td>
                <a href="/lessons/288">14:40</a>
            </td>
            <td>
                <a href="/lessons/288">A-2</a>
            </td>
            <td>
                <a href="/lessons/288">Another course&#39;s name</a>
            </td>
            <td>
                <a href="/lessons/288">Freya Shepp</a>
            </td>
            <td>
                <form method="post" action="/lessons/288"><input type="hidden" name="_method" value="DELETE"/>
                    <input class="btn btn-sm btn-danger" type="submit" value="Delete!"/>
                </form>
            </td>
        </tr>
        <tr>
            <td>
                <a href="/lessons/289">2021-02-16</a>
            </td>
            <td>
                <a href="/lessons/289">14:50</a>
            </td>
            <td>
                <a href="/lessons/289">16:30</a>
            </td>
            <td>
                <a href="/lessons/289">B-10</a>
            </td>
            <td>
                <a href="/lessons/289">Another course&#39;s name</a>
            </td>
            <td>
                <a href="/lessons/289">Freya Shepp</a>
            </td>
            <td>
                <form method="post" action="/lessons/289"><input type="hidden" name="_method" value="DELETE"/>
                    <input class="btn btn-sm btn-danger" type="submit" value="Delete!"/>
                </form>
            </td>
        </tr>
        <tr>
            <td>
                <a href="/lessons/290">2021-02-16</a>
            </td>
            <td>
                <a href="/lessons/290">16:40</a>
            </td>
            <td>
                <a href="/lessons/290">18:20</a>
            </td>
            <td>
                <a href="/lessons/290">A-4</a>
            </td>
            <td>
                <a href="/lessons/290">Political science</a>
            </td>
            <td>
                <a href="/lessons/290">Olivia Blake</a>
            </td>
            <td>
                <form method="post" action="/lessons/290"><input type="hidden" name="_method" value="DELETE"/>
                    <input class="btn btn-sm btn-danger" type="submit" value="Delete!"/>
                </form>
            </td>
        </tr>
        <tr>
            <td>
                <a href="/lessons/291">2021-02-16</a>
            </td>
            <td>
                <a href="/lessons/291">09:20</a>
            </td>
            <td>
                <a href="/lessons/291">11:00</a>
            </td>
            <td>
                <a href="/lessons/291">New name</a>
            </td>
            <td>
                <a href="/lessons/291">Chemistry</a>
            </td>
            <td>
                <a href="/lessons/291">Samuel Travis</a>
            </td>
            <td>
                <form method="post" action="/lessons/291"><input type="hidden" name="_method" value="DELETE"/>
                    <input class="btn btn-sm btn-danger" type="submit" value="Delete!"/>
                </form>
            </td>
        </tr>
        <tr>
            <td>
                <a href="/lessons/292">2021-02-16</a>
            </td>
            <td>
                <a href="/lessons/292">11:10</a>
            </td>
            <td>
                <a href="/lessons/292">12:50</a>
            </td>
            <td>
                <a href="/lessons/292">New name</a>
            </td>
            <td>
                <a href="/lessons/292">Chemistry</a>
            </td>
            <td>
                <a href="/lessons/292">Samuel Travis</a>
            </td>
            <td>
                <form method="post" action="/lessons/292"><input type="hidden" name="_method" value="DELETE"/>
                    <input class="btn btn-sm btn-danger" type="submit" value="Delete!"/>
                </form>
            </td>
        </tr>
        <tr>
            <td>
                <a href="/lessons/293">2021-02-16</a>
            </td>
            <td>
                <a href="/lessons/293">13:00</a>
            </td>
            <td>
                <a href="/lessons/293">14:40</a>
            </td>
            <td>
                <a href="/lessons/293">B-1</a>
            </td>
            <td>
                <a href="/lessons/293">Chemistry</a>
            </td>
            <td>
                <a href="/lessons/293">Albert Hill</a>
            </td>
            <td>
                <form method="post" action="/lessons/293"><input type="hidden" name="_method" value="DELETE"/>
                    <input class="btn btn-sm btn-danger" type="submit" value="Delete!"/>
                </form>
            </td>
        </tr>
        <tr>
            <td>
                <a href="/lessons/294">2021-02-16</a>
            </td>
            <td>
                <a href="/lessons/294">14:50</a>
            </td>
            <td>
                <a href="/lessons/294">16:30</a>
            </td>
            <td>
                <a href="/lessons/294">B-2</a>
            </td>
            <td>
                <a href="/lessons/294">Chemistry</a>
            </td>
            <td>
                <a href="/lessons/294">Albert Hill</a>
            </td>
            <td>
                <form method="post" action="/lessons/294"><input type="hidden" name="_method" value="DELETE"/>
                    <input class="btn btn-sm btn-danger" type="submit" value="Delete!"/>
                </form>
            </td>
        </tr>
        <tr>
            <td>
                <a href="/lessons/295">2021-02-16</a>
            </td>
            <td>
                <a href="/lessons/295">16:40</a>
            </td>
            <td>
                <a href="/lessons/295">18:20</a>
            </td>
            <td>
                <a href="/lessons/295">B-5</a>
            </td>
            <td>
                <a href="/lessons/295">Chemistry</a>
            </td>
            <td>
                <a href="/lessons/295">Albert Hill</a>
            </td>
            <td>
                <form method="post" action="/lessons/295"><input type="hidden" name="_method" value="DELETE"/>
                    <input class="btn btn-sm btn-danger" type="submit" value="Delete!"/>
                </form>
            </td>
        </tr>
        <tr>
            <td>
                <a href="/lessons/296">2021-02-16</a>
            </td>
            <td>
                <a href="/lessons/296">09:20</a>
            </td>
            <td>
                <a href="/lessons/296">11:00</a>
            </td>
            <td>
                <a href="/lessons/296">C-4</a>
            </td>
            <td>
                <a href="/lessons/296">Physics</a>
            </td>
            <td>
                <a href="/lessons/296">Sophia Roos</a>
            </td>
            <td>
                <form method="post" action="/lessons/296"><input type="hidden" name="_method" value="DELETE"/>
                    <input class="btn btn-sm btn-danger" type="submit" value="Delete!"/>
                </form>
            </td>
        </tr>
        <tr>
            <td>
                <a href="/lessons/297">2021-02-16</a>
            </td>
            <td>
                <a href="/lessons/297">11:10</a>
            </td>
            <td>
                <a href="/lessons/297">12:50</a>
            </td>
            <td>
                <a href="/lessons/297">C-4</a>
            </td>
            <td>
                <a href="/lessons/297">Physics</a>
            </td>
            <td>
                <a href="/lessons/297">Sophia Roos</a>
            </td>
            <td>
                <form method="post" action="/lessons/297"><input type="hidden" name="_method" value="DELETE"/>
                    <input class="btn btn-sm btn-danger" type="submit" value="Delete!"/>
                </form>
            </td>
        </tr>
        <tr>
            <td>
                <a href="/lessons/298">2021-02-16</a>
            </td>
            <td>
                <a href="/lessons/298">13:00</a>
            </td>
            <td>
                <a href="/lessons/298">14:40</a>
            </td>
            <td>
                <a href="/lessons/298">C-1</a>
            </td>
            <td>
                <a href="/lessons/298">Physics</a>
            </td>
            <td>
                <a href="/lessons/298">Sophia Roos</a>
            </td>
            <td>
                <form method="post" action="/lessons/298"><input type="hidden" name="_method" value="DELETE"/>
                    <input class="btn btn-sm btn-danger" type="submit" value="Delete!"/>
                </form>
            </td>
        </tr>
        <tr>
            <td>
                <a href="/lessons/299">2021-02-16</a>
            </td>
            <td>
                <a href="/lessons/299">14:50</a>
            </td>
            <td>
                <a href="/lessons/299">16:30</a>
            </td>
            <td>
                <a href="/lessons/299">C-3</a>
            </td>
            <td>
                <a href="/lessons/299">Physics</a>
            </td>
            <td>
                <a href="/lessons/299">Sophia Roos</a>
            </td>
            <td>
                <form method="post" action="/lessons/299"><input type="hidden" name="_method" value="DELETE"/>
                    <input class="btn btn-sm btn-danger" type="submit" value="Delete!"/>
                </form>
            </td>
        </tr>
        <tr>
            <td>
                <a href="/lessons/300">2021-02-16</a>
            </td>
            <td>
                <a href="/lessons/300">16:40</a>
            </td>
            <td>
                <a href="/lessons/300">18:20</a>
            </td>
            <td>
                <a href="/lessons/300">C-5</a>
            </td>
            <td>
                <a href="/lessons/300">Physics</a>
            </td>
            <td>
                <a href="/lessons/300">Sophia Roos</a>
            </td>
            <td>
                <form method="post" action="/lessons/300"><input type="hidden" name="_method" value="DELETE"/>
                    <input class="btn btn-sm btn-danger" type="submit" value="Delete!"/>
                </form>
            </td>
        </tr>
        <tr>
            <td>
                <a href="/lessons/301">2021-02-17</a>
            </td>
            <td>
                <a href="/lessons/301">09:20</a>
            </td>
            <td>
                <a href="/lessons/301">11:00</a>
            </td>
            <td>
                <a href="/lessons/301">A-4</a>
            </td>
            <td>
                <a href="/lessons/301">Another course&#39;s name</a>
            </td>
            <td>
                <a href="/lessons/301">Freya Shepp</a>
            </td>
            <td>
                <form method="post" action="/lessons/301"><input type="hidden" name="_method" value="DELETE"/>
                    <input class="btn btn-sm btn-danger" type="submit" value="Delete!"/>
                </form>
            </td>
        </tr>
        <tr>
            <td>
                <a href="/lessons/302">2021-02-17</a>
            </td>
            <td>
                <a href="/lessons/302">11:10</a>
            </td>
            <td>
                <a href="/lessons/302">12:50</a>
            </td>
            <td>
                <a href="/lessons/302">A-1</a>
            </td>
            <td>
                <a href="/lessons/302">Another course&#39;s name</a>
            </td>
            <td>
                <a href="/lessons/302">Freya Shepp</a>
            </td>
            <td>
                <form method="post" action="/lessons/302"><input type="hidden" name="_method" value="DELETE"/>
                    <input class="btn btn-sm btn-danger" type="submit" value="Delete!"/>
                </form>
            </td>
        </tr>
        <tr>
            <td>
                <a href="/lessons/303">2021-02-17</a>
            </td>
            <td>
                <a href="/lessons/303">13:00</a>
            </td>
            <td>
                <a href="/lessons/303">14:40</a>
            </td>
            <td>
                <a href="/lessons/303">A-2</a>
            </td>
            <td>
                <a href="/lessons/303">Political science</a>
            </td>
            <td>
                <a href="/lessons/303">Olivia Blake</a>
            </td>
            <td>
                <form method="post" action="/lessons/303"><input type="hidden" name="_method" value="DELETE"/>
                    <input class="btn btn-sm btn-danger" type="submit" value="Delete!"/>
                </form>
            </td>
        </tr>
        <tr>
            <td>
                <a href="/lessons/304">2021-02-17</a>
            </td>
            <td>
                <a href="/lessons/304">14:50</a>
            </td>
            <td>
                <a href="/lessons/304">16:30</a>
            </td>
            <td>
                <a href="/lessons/304">B-10</a>
            </td>
            <td>
                <a href="/lessons/304">Political science</a>
            </td>
            <td>
                <a href="/lessons/304">Olivia Blake</a>
            </td>
            <td>
                <form method="post" action="/lessons/304"><input type="hidden" name="_method" value="DELETE"/>
                    <input class="btn btn-sm btn-danger" type="submit" value="Delete!"/>
                </form>
            </td>
        </tr>
        <tr>
            <td>
                <a href="/lessons/305">2021-02-17</a>
            </td>
            <td>
                <a href="/lessons/305">16:40</a>
            </td>
            <td>
                <a href="/lessons/305">18:20</a>
            </td>
            <td>
                <a href="/lessons/305">A-4</a>
            </td>
            <td>
                <a href="/lessons/305">Culture</a>
            </td>
            <td>
                <a href="/lessons/305">Scarlett Nimoy</a>
            </td>
            <td>
                <form method="post" action="/lessons/305"><input type="hidden" name="_method" value="DELETE"/>
                    <input class="btn btn-sm btn-danger" type="submit" value="Delete!"/>
                </form>
            </td>
        </tr>
        <tr>
            <td>
                <a href="/lessons/306">2021-02-17</a>
            </td>
            <td>
                <a href="/lessons/306">09:20</a>
            </td>
            <td>
                <a href="/lessons/306">11:00</a>
            </td>
            <td>
                <a href="/lessons/306">New name</a>
            </td>
            <td>
                <a href="/lessons/306">Biology</a>
            </td>
            <td>
                <a href="/lessons/306">Ellie Purh</a>
            </td>
            <td>
                <form method="post" action="/lessons/306"><input type="hidden" name="_method" value="DELETE"/>
                    <input class="btn btn-sm btn-danger" type="submit" value="Delete!"/>
                </form>
            </td>
        </tr>
        <tr>
            <td>
                <a href="/lessons/307">2021-02-17</a>
            </td>
            <td>
                <a href="/lessons/307">11:10</a>
            </td>
            <td>
                <a href="/lessons/307">12:50</a>
            </td>
            <td>
                <a href="/lessons/307">New name</a>
            </td>
            <td>
                <a href="/lessons/307">Biology</a>
            </td>
            <td>
                <a href="/lessons/307">Ellie Purh</a>
            </td>
            <td>
                <form method="post" action="/lessons/307"><input type="hidden" name="_method" value="DELETE"/>
                    <input class="btn btn-sm btn-danger" type="submit" value="Delete!"/>
                </form>
            </td>
        </tr>
        <tr>
            <td>
                <a href="/lessons/308">2021-02-17</a>
            </td>
            <td>
                <a href="/lessons/308">13:00</a>
            </td>
            <td>
                <a href="/lessons/308">14:40</a>
            </td>
            <td>
                <a href="/lessons/308">B-1</a>
            </td>
            <td>
                <a href="/lessons/308">Biology</a>
            </td>
            <td>
                <a href="/lessons/308">Charlie Byrne</a>
            </td>
            <td>
                <form method="post" action="/lessons/308"><input type="hidden" name="_method" value="DELETE"/>
                    <input class="btn btn-sm btn-danger" type="submit" value="Delete!"/>
                </form>
            </td>
        </tr>
        <tr>
            <td>
                <a href="/lessons/309">2021-02-17</a>
            </td>
            <td>
                <a href="/lessons/309">14:50</a>
            </td>
            <td>
                <a href="/lessons/309">16:30</a>
            </td>
            <td>
                <a href="/lessons/309">B-2</a>
            </td>
            <td>
                <a href="/lessons/309">Biology</a>
            </td>
            <td>
                <a href="/lessons/309">Charlie Byrne</a>
            </td>
            <td>
                <form method="post" action="/lessons/309"><input type="hidden" name="_method" value="DELETE"/>
                    <input class="btn btn-sm btn-danger" type="submit" value="Delete!"/>
                </form>
            </td>
        </tr>
        <tr>
            <td>
                <a href="/lessons/310">2021-02-17</a>
            </td>
            <td>
                <a href="/lessons/310">16:40</a>
            </td>
            <td>
                <a href="/lessons/310">18:20</a>
            </td>
            <td>
                <a href="/lessons/310">B-5</a>
            </td>
            <td>
                <a href="/lessons/310">Biology</a>
            </td>
            <td>
                <a href="/lessons/310">Charlie Byrne</a>
            </td>
            <td>
                <form method="post" action="/lessons/310"><input type="hidden" name="_method" value="DELETE"/>
                    <input class="btn btn-sm btn-danger" type="submit" value="Delete!"/>
                </form>
            </td>
        </tr>
        <tr>
            <td>
                <a href="/lessons/311">2021-02-17</a>
            </td>
            <td>
                <a href="/lessons/311">09:20</a>
            </td>
            <td>
                <a href="/lessons/311">11:00</a>
            </td>
            <td>
                <a href="/lessons/311">C-4</a>
            </td>
            <td>
                <a href="/lessons/311">Geometry</a>
            </td>
            <td>
                <a href="/lessons/311">Mia Brown</a>
            </td>
            <td>
                <form method="post" action="/lessons/311"><input type="hidden" name="_method" value="DELETE"/>
                    <input class="btn btn-sm btn-danger" type="submit" value="Delete!"/>
                </form>
            </td>
        </tr>
        <tr>
            <td>
                <a href="/lessons/312">2021-02-17</a>
            </td>
            <td>
                <a href="/lessons/312">11:10</a>
            </td>
            <td>
                <a href="/lessons/312">12:50</a>
            </td>
            <td>
                <a href="/lessons/312">C-4</a>
            </td>
            <td>
                <a href="/lessons/312">Geometry</a>
            </td>
            <td>
                <a href="/lessons/312">Mia Brown</a>
            </td>
            <td>
                <form method="post" action="/lessons/312"><input type="hidden" name="_method" value="DELETE"/>
                    <input class="btn btn-sm btn-danger" type="submit" value="Delete!"/>
                </form>
            </td>
        </tr>
        <tr>
            <td>
                <a href="/lessons/313">2021-02-17</a>
            </td>
            <td>
                <a href="/lessons/313">13:00</a>
            </td>
            <td>
                <a href="/lessons/313">14:40</a>
            </td>
            <td>
                <a href="/lessons/313">C-1</a>
            </td>
            <td>
                <a href="/lessons/313">Geometry</a>
            </td>
            <td>
                <a href="/lessons/313">Mia Brown</a>
            </td>
            <td>
                <form method="post" action="/lessons/313"><input type="hidden" name="_method" value="DELETE"/>
                    <input class="btn btn-sm btn-danger" type="submit" value="Delete!"/>
                </form>
            </td>
        </tr>
        <tr>
            <td>
                <a href="/lessons/314">2021-02-17</a>
            </td>
            <td>
                <a href="/lessons/314">14:50</a>
            </td>
            <td>
                <a href="/lessons/314">16:30</a>
            </td>
            <td>
                <a href="/lessons/314">C-3</a>
            </td>
            <td>
                <a href="/lessons/314">Geometry</a>
            </td>
            <td>
                <a href="/lessons/314">Mia Brown</a>
            </td>
            <td>
                <form method="post" action="/lessons/314"><input type="hidden" name="_method" value="DELETE"/>
                    <input class="btn btn-sm btn-danger" type="submit" value="Delete!"/>
                </form>
            </td>
        </tr>
        <tr>
            <td>
                <a href="/lessons/315">2021-02-17</a>
            </td>
            <td>
                <a href="/lessons/315">16:40</a>
            </td>
            <td>
                <a href="/lessons/315">18:20</a>
            </td>
            <td>
                <a href="/lessons/315">C-5</a>
            </td>
            <td>
                <a href="/lessons/315">Geometry</a>
            </td>
            <td>
                <a href="/lessons/315">Mia Brown</a>
            </td>
            <td>
                <form method="post" action="/lessons/315"><input type="hidden" name="_method" value="DELETE"/>
                    <input class="btn btn-sm btn-danger" type="submit" value="Delete!"/>
                </form>
            </td>
        </tr>
        <tr>
            <td>
                <a href="/lessons/316">2021-02-18</a>
            </td>
            <td>
                <a href="/lessons/316">09:20</a>
            </td>
            <td>
                <a href="/lessons/316">11:00</a>
            </td>
            <td>
                <a href="/lessons/316">A-4</a>
            </td>
            <td>
                <a href="/lessons/316">Political science</a>
            </td>
            <td>
                <a href="/lessons/316">Olivia Blake</a>
            </td>
            <td>
                <form method="post" action="/lessons/316"><input type="hidden" name="_method" value="DELETE"/>
                    <input class="btn btn-sm btn-danger" type="submit" value="Delete!"/>
                </form>
            </td>
        </tr>
        <tr>
            <td>
                <a href="/lessons/317">2021-02-18</a>
            </td>
            <td>
                <a href="/lessons/317">11:10</a>
            </td>
            <td>
                <a href="/lessons/317">12:50</a>
            </td>
            <td>
                <a href="/lessons/317">A-1</a>
            </td>
            <td>
                <a href="/lessons/317">Political science</a>
            </td>
            <td>
                <a href="/lessons/317">Olivia Blake</a>
            </td>
            <td>
                <form method="post" action="/lessons/317"><input type="hidden" name="_method" value="DELETE"/>
                    <input class="btn btn-sm btn-danger" type="submit" value="Delete!"/>
                </form>
            </td>
        </tr>
        <tr>
            <td>
                <a href="/lessons/318">2021-02-18</a>
            </td>
            <td>
                <a href="/lessons/318">13:00</a>
            </td>
            <td>
                <a href="/lessons/318">14:40</a>
            </td>
            <td>
                <a href="/lessons/318">A-2</a>
            </td>
            <td>
                <a href="/lessons/318">Culture</a>
            </td>
            <td>
                <a href="/lessons/318">Scarlett Nimoy</a>
            </td>
            <td>
                <form method="post" action="/lessons/318"><input type="hidden" name="_method" value="DELETE"/>
                    <input class="btn btn-sm btn-danger" type="submit" value="Delete!"/>
                </form>
            </td>
        </tr>
        <tr>
            <td>
                <a href="/lessons/319">2021-02-18</a>
            </td>
            <td>
                <a href="/lessons/319">14:50</a>
            </td>
            <td>
                <a href="/lessons/319">16:30</a>
            </td>
            <td>
                <a href="/lessons/319">B-10</a>
            </td>
            <td>
                <a href="/lessons/319">Culture</a>
            </td>
            <td>
                <a href="/lessons/319">Scarlett Nimoy</a>
            </td>
            <td>
                <form method="post" action="/lessons/319"><input type="hidden" name="_method" value="DELETE"/>
                    <input class="btn btn-sm btn-danger" type="submit" value="Delete!"/>
                </form>
            </td>
        </tr>
        <tr>
            <td>
                <a href="/lessons/320">2021-02-18</a>
            </td>
            <td>
                <a href="/lessons/320">16:40</a>
            </td>
            <td>
                <a href="/lessons/320">18:20</a>
            </td>
            <td>
                <a href="/lessons/320">A-4</a>
            </td>
            <td>
                <a href="/lessons/320">History</a>
            </td>
            <td>
                <a href="/lessons/320">Albert Johnson</a>
            </td>
            <td>
                <form method="post" action="/lessons/320"><input type="hidden" name="_method" value="DELETE"/>
                    <input class="btn btn-sm btn-danger" type="submit" value="Delete!"/>
                </form>
            </td>
        </tr>
        <tr>
            <td>
                <a href="/lessons/321">2021-02-18</a>
            </td>
            <td>
                <a href="/lessons/321">09:20</a>
            </td>
            <td>
                <a href="/lessons/321">11:00</a>
            </td>
            <td>
                <a href="/lessons/321">New name</a>
            </td>
            <td>
                <a href="/lessons/321">Chemistry</a>
            </td>
            <td>
                <a href="/lessons/321">Samuel Travis</a>
            </td>
            <td>
                <form method="post" action="/lessons/321"><input type="hidden" name="_method" value="DELETE"/>
                    <input class="btn btn-sm btn-danger" type="submit" value="Delete!"/>
                </form>
            </td>
        </tr>
        <tr>
            <td>
                <a href="/lessons/322">2021-02-18</a>
            </td>
            <td>
                <a href="/lessons/322">11:10</a>
            </td>
            <td>
                <a href="/lessons/322">12:50</a>
            </td>
            <td>
                <a href="/lessons/322">New name</a>
            </td>
            <td>
                <a href="/lessons/322">Chemistry</a>
            </td>
            <td>
                <a href="/lessons/322">Samuel Travis</a>
            </td>
            <td>
                <form method="post" action="/lessons/322"><input type="hidden" name="_method" value="DELETE"/>
                    <input class="btn btn-sm btn-danger" type="submit" value="Delete!"/>
                </form>
            </td>
        </tr>
        <tr>
            <td>
                <a href="/lessons/323">2021-02-18</a>
            </td>
            <td>
                <a href="/lessons/323">13:00</a>
            </td>
            <td>
                <a href="/lessons/323">14:40</a>
            </td>
            <td>
                <a href="/lessons/323">B-1</a>
            </td>
            <td>
                <a href="/lessons/323">Chemistry</a>
            </td>
            <td>
                <a href="/lessons/323">Albert Hill</a>
            </td>
            <td>
                <form method="post" action="/lessons/323"><input type="hidden" name="_method" value="DELETE"/>
                    <input class="btn btn-sm btn-danger" type="submit" value="Delete!"/>
                </form>
            </td>
        </tr>
        <tr>
            <td>
                <a href="/lessons/324">2021-02-18</a>
            </td>
            <td>
                <a href="/lessons/324">14:50</a>
            </td>
            <td>
                <a href="/lessons/324">16:30</a>
            </td>
            <td>
                <a href="/lessons/324">B-2</a>
            </td>
            <td>
                <a href="/lessons/324">Chemistry</a>
            </td>
            <td>
                <a href="/lessons/324">Albert Hill</a>
            </td>
            <td>
                <form method="post" action="/lessons/324"><input type="hidden" name="_method" value="DELETE"/>
                    <input class="btn btn-sm btn-danger" type="submit" value="Delete!"/>
                </form>
            </td>
        </tr>
        <tr>
            <td>
                <a href="/lessons/325">2021-02-18</a>
            </td>
            <td>
                <a href="/lessons/325">16:40</a>
            </td>
            <td>
                <a href="/lessons/325">18:20</a>
            </td>
            <td>
                <a href="/lessons/325">B-5</a>
            </td>
            <td>
                <a href="/lessons/325">Chemistry</a>
            </td>
            <td>
                <a href="/lessons/325">Albert Hill</a>
            </td>
            <td>
                <form method="post" action="/lessons/325"><input type="hidden" name="_method" value="DELETE"/>
                    <input class="btn btn-sm btn-danger" type="submit" value="Delete!"/>
                </form>
            </td>
        </tr>
        <tr>
            <td>
                <a href="/lessons/326">2021-02-18</a>
            </td>
            <td>
                <a href="/lessons/326">09:20</a>
            </td>
            <td>
                <a href="/lessons/326">11:00</a>
            </td>
            <td>
                <a href="/lessons/326">C-4</a>
            </td>
            <td>
                <a href="/lessons/326">Mathematics</a>
            </td>
            <td>
                <a href="/lessons/326">Joshua Eve</a>
            </td>
            <td>
                <form method="post" action="/lessons/326"><input type="hidden" name="_method" value="DELETE"/>
                    <input class="btn btn-sm btn-danger" type="submit" value="Delete!"/>
                </form>
            </td>
        </tr>
        <tr>
            <td>
                <a href="/lessons/327">2021-02-18</a>
            </td>
            <td>
                <a href="/lessons/327">11:10</a>
            </td>
            <td>
                <a href="/lessons/327">12:50</a>
            </td>
            <td>
                <a href="/lessons/327">C-4</a>
            </td>
            <td>
                <a href="/lessons/327">Mathematics</a>
            </td>
            <td>
                <a href="/lessons/327">Joshua Eve</a>
            </td>
            <td>
                <form method="post" action="/lessons/327"><input type="hidden" name="_method" value="DELETE"/>
                    <input class="btn btn-sm btn-danger" type="submit" value="Delete!"/>
                </form>
            </td>
        </tr>
        <tr>
            <td>
                <a href="/lessons/328">2021-02-18</a>
            </td>
            <td>
                <a href="/lessons/328">13:00</a>
            </td>
            <td>
                <a href="/lessons/328">14:40</a>
            </td>
            <td>
                <a href="/lessons/328">C-2</a>
            </td>
            <td>
                <a href="/lessons/328">Physics</a>
            </td>
            <td>
                <a href="/lessons/328">Sophia Roos</a>
            </td>
            <td>
                <form method="post" action="/lessons/328"><input type="hidden" name="_method" value="DELETE"/>
                    <input class="btn btn-sm btn-danger" type="submit" value="Delete!"/>
                </form>
            </td>
        </tr>
        <tr>
            <td>
                <a href="/lessons/329">2021-02-18</a>
            </td>
            <td>
                <a href="/lessons/329">14:50</a>
            </td>
            <td>
                <a href="/lessons/329">16:30</a>
            </td>
            <td>
                <a href="/lessons/329">C-2</a>
            </td>
            <td>
                <a href="/lessons/329">Geometry</a>
            </td>
            <td>
                <a href="/lessons/329">Mia Brown</a>
            </td>
            <td>
                <form method="post" action="/lessons/329"><input type="hidden" name="_method" value="DELETE"/>
                    <input class="btn btn-sm btn-danger" type="submit" value="Delete!"/>
                </form>
            </td>
        </tr>
        <tr>
            <td>
                <a href="/lessons/330">2021-02-18</a>
            </td>
            <td>
                <a href="/lessons/330">16:40</a>
            </td>
            <td>
                <a href="/lessons/330">18:20</a>
            </td>
            <td>
                <a href="/lessons/330">C-5</a>
            </td>
            <td>
                <a href="/lessons/330">Mathematics</a>
            </td>
            <td>
                <a href="/lessons/330">Joshua Eve</a>
            </td>
            <td>
                <form method="post" action="/lessons/330"><input type="hidden" name="_method" value="DELETE"/>
                    <input class="btn btn-sm btn-danger" type="submit" value="Delete!"/>
                </form>
            </td>
        </tr>
        <tr>
            <td>
                <a href="/lessons/331">2021-02-19</a>
            </td>
            <td>
                <a href="/lessons/331">09:20</a>
            </td>
            <td>
                <a href="/lessons/331">11:00</a>
            </td>
            <td>
                <a href="/lessons/331">A-4</a>
            </td>
            <td>
                <a href="/lessons/331">Culture</a>
            </td>
            <td>
                <a href="/lessons/331">Scarlett Nimoy</a>
            </td>
            <td>
                <form method="post" action="/lessons/331"><input type="hidden" name="_method" value="DELETE"/>
                    <input class="btn btn-sm btn-danger" type="submit" value="Delete!"/>
                </form>
            </td>
        </tr>
        <tr>
            <td>
                <a href="/lessons/332">2021-02-19</a>
            </td>
            <td>
                <a href="/lessons/332">11:10</a>
            </td>
            <td>
                <a href="/lessons/332">12:50</a>
            </td>
            <td>
                <a href="/lessons/332">A-1</a>
            </td>
            <td>
                <a href="/lessons/332">Culture</a>
            </td>
            <td>
                <a href="/lessons/332">Scarlett Nimoy</a>
            </td>
            <td>
                <form method="post" action="/lessons/332"><input type="hidden" name="_method" value="DELETE"/>
                    <input class="btn btn-sm btn-danger" type="submit" value="Delete!"/>
                </form>
            </td>
        </tr>
        <tr>
            <td>
                <a href="/lessons/333">2021-02-19</a>
            </td>
            <td>
                <a href="/lessons/333">13:00</a>
            </td>
            <td>
                <a href="/lessons/333">14:40</a>
            </td>
            <td>
                <a href="/lessons/333">A-2</a>
            </td>
            <td>
                <a href="/lessons/333">History</a>
            </td>
            <td>
                <a href="/lessons/333">Albert Johnson</a>
            </td>
            <td>
                <form method="post" action="/lessons/333"><input type="hidden" name="_method" value="DELETE"/>
                    <input class="btn btn-sm btn-danger" type="submit" value="Delete!"/>
                </form>
            </td>
        </tr>
        <tr>
            <td>
                <a href="/lessons/334">2021-02-19</a>
            </td>
            <td>
                <a href="/lessons/334">14:50</a>
            </td>
            <td>
                <a href="/lessons/334">16:30</a>
            </td>
            <td>
                <a href="/lessons/334">B-10</a>
            </td>
            <td>
                <a href="/lessons/334">History</a>
            </td>
            <td>
                <a href="/lessons/334">Albert Johnson</a>
            </td>
            <td>
                <form method="post" action="/lessons/334"><input type="hidden" name="_method" value="DELETE"/>
                    <input class="btn btn-sm btn-danger" type="submit" value="Delete!"/>
                </form>
            </td>
        </tr>
        <tr>
            <td>
                <a href="/lessons/335">2021-02-19</a>
            </td>
            <td>
                <a href="/lessons/335">16:40</a>
            </td>
            <td>
                <a href="/lessons/335">18:20</a>
            </td>
            <td>
                <a href="/lessons/335">A-4</a>
            </td>
            <td>
                <a href="/lessons/335">Philosophy</a>
            </td>
            <td>
                <a href="/lessons/335">Stanley Gruber</a>
            </td>
            <td>
                <form method="post" action="/lessons/335"><input type="hidden" name="_method" value="DELETE"/>
                    <input class="btn btn-sm btn-danger" type="submit" value="Delete!"/>
                </form>
            </td>
        </tr>
        <tr>
            <td>
                <a href="/lessons/336">2021-02-19</a>
            </td>
            <td>
                <a href="/lessons/336">09:20</a>
            </td>
            <td>
                <a href="/lessons/336">11:00</a>
            </td>
            <td>
                <a href="/lessons/336">New name</a>
            </td>
            <td>
                <a href="/lessons/336">Biology</a>
            </td>
            <td>
                <a href="/lessons/336">Ellie Purh</a>
            </td>
            <td>
                <form method="post" action="/lessons/336"><input type="hidden" name="_method" value="DELETE"/>
                    <input class="btn btn-sm btn-danger" type="submit" value="Delete!"/>
                </form>
            </td>
        </tr>
        <tr>
            <td>
                <a href="/lessons/337">2021-02-19</a>
            </td>
            <td>
                <a href="/lessons/337">11:10</a>
            </td>
            <td>
                <a href="/lessons/337">12:50</a>
            </td>
            <td>
                <a href="/lessons/337">New name</a>
            </td>
            <td>
                <a href="/lessons/337">Biology</a>
            </td>
            <td>
                <a href="/lessons/337">Ellie Purh</a>
            </td>
            <td>
                <form method="post" action="/lessons/337"><input type="hidden" name="_method" value="DELETE"/>
                    <input class="btn btn-sm btn-danger" type="submit" value="Delete!"/>
                </form>
            </td>
        </tr>
        <tr>
            <td>
                <a href="/lessons/338">2021-02-19</a>
            </td>
            <td>
                <a href="/lessons/338">13:00</a>
            </td>
            <td>
                <a href="/lessons/338">14:40</a>
            </td>
            <td>
                <a href="/lessons/338">B-1</a>
            </td>
            <td>
                <a href="/lessons/338">Biology</a>
            </td>
            <td>
                <a href="/lessons/338">Charlie Byrne</a>
            </td>
            <td>
                <form method="post" action="/lessons/338"><input type="hidden" name="_method" value="DELETE"/>
                    <input class="btn btn-sm btn-danger" type="submit" value="Delete!"/>
                </form>
            </td>
        </tr>
        <tr>
            <td>
                <a href="/lessons/339">2021-02-19</a>
            </td>
            <td>
                <a href="/lessons/339">14:50</a>
            </td>
            <td>
                <a href="/lessons/339">16:30</a>
            </td>
            <td>
                <a href="/lessons/339">B-2</a>
            </td>
            <td>
                <a href="/lessons/339">Biology</a>
            </td>
            <td>
                <a href="/lessons/339">Charlie Byrne</a>
            </td>
            <td>
                <form method="post" action="/lessons/339"><input type="hidden" name="_method" value="DELETE"/>
                    <input class="btn btn-sm btn-danger" type="submit" value="Delete!"/>
                </form>
            </td>
        </tr>
        <tr>
            <td>
                <a href="/lessons/340">2021-02-19</a>
            </td>
            <td>
                <a href="/lessons/340">16:40</a>
            </td>
            <td>
                <a href="/lessons/340">18:20</a>
            </td>
            <td>
                <a href="/lessons/340">B-5</a>
            </td>
            <td>
                <a href="/lessons/340">Biology</a>
            </td>
            <td>
                <a href="/lessons/340">Charlie Byrne</a>
            </td>
            <td>
                <form method="post" action="/lessons/340"><input type="hidden" name="_method" value="DELETE"/>
                    <input class="btn btn-sm btn-danger" type="submit" value="Delete!"/>
                </form>
            </td>
        </tr>
        <tr>
            <td>
                <a href="/lessons/341">2021-02-19</a>
            </td>
            <td>
                <a href="/lessons/341">09:20</a>
            </td>
            <td>
                <a href="/lessons/341">11:00</a>
            </td>
            <td>
                <a href="/lessons/341">C-4</a>
            </td>
            <td>
                <a href="/lessons/341">Physics</a>
            </td>
            <td>
                <a href="/lessons/341">Sophia Roos</a>
            </td>
            <td>
                <form method="post" action="/lessons/341"><input type="hidden" name="_method" value="DELETE"/>
                    <input class="btn btn-sm btn-danger" type="submit" value="Delete!"/>
                </form>
            </td>
        </tr>
        <tr>
            <td>
                <a href="/lessons/342">2021-02-19</a>
            </td>
            <td>
                <a href="/lessons/342">11:10</a>
            </td>
            <td>
                <a href="/lessons/342">12:50</a>
            </td>
            <td>
                <a href="/lessons/342">C-4</a>
            </td>
            <td>
                <a href="/lessons/342">Geometry</a>
            </td>
            <td>
                <a href="/lessons/342">Mia Brown</a>
            </td>
            <td>
                <form method="post" action="/lessons/342"><input type="hidden" name="_method" value="DELETE"/>
                    <input class="btn btn-sm btn-danger" type="submit" value="Delete!"/>
                </form>
            </td>
        </tr>
        <tr>
            <td>
                <a href="/lessons/343">2021-02-19</a>
            </td>
            <td>
                <a href="/lessons/343">13:00</a>
            </td>
            <td>
                <a href="/lessons/343">14:40</a>
            </td>
            <td>
                <a href="/lessons/343">C-3</a>
            </td>
            <td>
                <a href="/lessons/343">Mathematics</a>
            </td>
            <td>
                <a href="/lessons/343">Joshua Eve</a>
            </td>
            <td>
                <form method="post" action="/lessons/343"><input type="hidden" name="_method" value="DELETE"/>
                    <input class="btn btn-sm btn-danger" type="submit" value="Delete!"/>
                </form>
            </td>
        </tr>
        <tr>
            <td>
                <a href="/lessons/344">2021-02-19</a>
            </td>
            <td>
                <a href="/lessons/344">14:50</a>
            </td>
            <td>
                <a href="/lessons/344">16:30</a>
            </td>
            <td>
                <a href="/lessons/344">C-5</a>
            </td>
            <td>
                <a href="/lessons/344">Physics</a>
            </td>
            <td>
                <a href="/lessons/344">Sophia Roos</a>
            </td>
            <td>
                <form method="post" action="/lessons/344"><input type="hidden" name="_method" value="DELETE"/>
                    <input class="btn btn-sm btn-danger" type="submit" value="Delete!"/>
                </form>
            </td>
        </tr>
        <tr>
            <td>
                <a href="/lessons/345">2021-02-19</a>
            </td>
            <td>
                <a href="/lessons/345">16:40</a>
            </td>
            <td>
                <a href="/lessons/345">18:20</a>
            </td>
            <td>
                <a href="/lessons/345">C-5</a>
            </td>
            <td>
                <a href="/lessons/345">Geometry</a>
            </td>
            <td>
                <a href="/lessons/345">Mia Brown</a>
            </td>
            <td>
                <form method="post" action="/lessons/345"><input type="hidden" name="_method" value="DELETE"/>
                    <input class="btn btn-sm btn-danger" type="submit" value="Delete!"/>
                </form>
            </td>
        </tr>
        <tr>
            <td>
                <a href="/lessons/346">2021-02-22</a>
            </td>
            <td>
                <a href="/lessons/346">09:20</a>
            </td>
            <td>
                <a href="/lessons/346">11:00</a>
            </td>
            <td>
                <a href="/lessons/346">A-4</a>
            </td>
            <td>
                <a href="/lessons/346">History</a>
            </td>
            <td>
                <a href="/lessons/346">Albert Johnson</a>
            </td>
            <td>
                <form method="post" action="/lessons/346"><input type="hidden" name="_method" value="DELETE"/>
                    <input class="btn btn-sm btn-danger" type="submit" value="Delete!"/>
                </form>
            </td>
        </tr>
        <tr>
            <td>
                <a href="/lessons/347">2021-02-22</a>
            </td>
            <td>
                <a href="/lessons/347">11:10</a>
            </td>
            <td>
                <a href="/lessons/347">12:50</a>
            </td>
            <td>
                <a href="/lessons/347">A-1</a>
            </td>
            <td>
                <a href="/lessons/347">History</a>
            </td>
            <td>
                <a href="/lessons/347">Albert Johnson</a>
            </td>
            <td>
                <form method="post" action="/lessons/347"><input type="hidden" name="_method" value="DELETE"/>
                    <input class="btn btn-sm btn-danger" type="submit" value="Delete!"/>
                </form>
            </td>
        </tr>
        <tr>
            <td>
                <a href="/lessons/348">2021-02-22</a>
            </td>
            <td>
                <a href="/lessons/348">13:00</a>
            </td>
            <td>
                <a href="/lessons/348">14:40</a>
            </td>
            <td>
                <a href="/lessons/348">A-2</a>
            </td>
            <td>
                <a href="/lessons/348">Philosophy</a>
            </td>
            <td>
                <a href="/lessons/348">Stanley Gruber</a>
            </td>
            <td>
                <form method="post" action="/lessons/348"><input type="hidden" name="_method" value="DELETE"/>
                    <input class="btn btn-sm btn-danger" type="submit" value="Delete!"/>
                </form>
            </td>
        </tr>
        <tr>
            <td>
                <a href="/lessons/349">2021-02-22</a>
            </td>
            <td>
                <a href="/lessons/349">14:50</a>
            </td>
            <td>
                <a href="/lessons/349">16:30</a>
            </td>
            <td>
                <a href="/lessons/349">B-10</a>
            </td>
            <td>
                <a href="/lessons/349">Philosophy</a>
            </td>
            <td>
                <a href="/lessons/349">Stanley Gruber</a>
            </td>
            <td>
                <form method="post" action="/lessons/349"><input type="hidden" name="_method" value="DELETE"/>
                    <input class="btn btn-sm btn-danger" type="submit" value="Delete!"/>
                </form>
            </td>
        </tr>
        <tr>
            <td>
                <a href="/lessons/350">2021-02-22</a>
            </td>
            <td>
                <a href="/lessons/350">16:40</a>
            </td>
            <td>
                <a href="/lessons/350">18:20</a>
            </td>
            <td>
                <a href="/lessons/350">A-4</a>
            </td>
            <td>
                <a href="/lessons/350">Another course&#39;s name</a>
            </td>
            <td>
                <a href="/lessons/350">Freya Shepp</a>
            </td>
            <td>
                <form method="post" action="/lessons/350"><input type="hidden" name="_method" value="DELETE"/>
                    <input class="btn btn-sm btn-danger" type="submit" value="Delete!"/>
                </form>
            </td>
        </tr>
        <tr>
            <td>
                <a href="/lessons/351">2021-02-22</a>
            </td>
            <td>
                <a href="/lessons/351">09:20</a>
            </td>
            <td>
                <a href="/lessons/351">11:00</a>
            </td>
            <td>
                <a href="/lessons/351">New name</a>
            </td>
            <td>
                <a href="/lessons/351">Biology</a>
            </td>
            <td>
                <a href="/lessons/351">Ellie Purh</a>
            </td>
            <td>
                <form method="post" action="/lessons/351"><input type="hidden" name="_method" value="DELETE"/>
                    <input class="btn btn-sm btn-danger" type="submit" value="Delete!"/>
                </form>
            </td>
        </tr>
        <tr>
            <td>
                <a href="/lessons/352">2021-02-22</a>
            </td>
            <td>
                <a href="/lessons/352">11:10</a>
            </td>
            <td>
                <a href="/lessons/352">12:50</a>
            </td>
            <td>
                <a href="/lessons/352">New name</a>
            </td>
            <td>
                <a href="/lessons/352">Biology</a>
            </td>
            <td>
                <a href="/lessons/352">Ellie Purh</a>
            </td>
            <td>
                <form method="post" action="/lessons/352"><input type="hidden" name="_method" value="DELETE"/>
                    <input class="btn btn-sm btn-danger" type="submit" value="Delete!"/>
                </form>
            </td>
        </tr>
        <tr>
            <td>
                <a href="/lessons/353">2021-02-22</a>
            </td>
            <td>
                <a href="/lessons/353">13:00</a>
            </td>
            <td>
                <a href="/lessons/353">14:40</a>
            </td>
            <td>
                <a href="/lessons/353">B-1</a>
            </td>
            <td>
                <a href="/lessons/353">Biology</a>
            </td>
            <td>
                <a href="/lessons/353">Charlie Byrne</a>
            </td>
            <td>
                <form method="post" action="/lessons/353"><input type="hidden" name="_method" value="DELETE"/>
                    <input class="btn btn-sm btn-danger" type="submit" value="Delete!"/>
                </form>
            </td>
        </tr>
        <tr>
            <td>
                <a href="/lessons/354">2021-02-22</a>
            </td>
            <td>
                <a href="/lessons/354">14:50</a>
            </td>
            <td>
                <a href="/lessons/354">16:30</a>
            </td>
            <td>
                <a href="/lessons/354">B-2</a>
            </td>
            <td>
                <a href="/lessons/354">Biology</a>
            </td>
            <td>
                <a href="/lessons/354">Charlie Byrne</a>
            </td>
            <td>
                <form method="post" action="/lessons/354"><input type="hidden" name="_method" value="DELETE"/>
                    <input class="btn btn-sm btn-danger" type="submit" value="Delete!"/>
                </form>
            </td>
        </tr>
        <tr>
            <td>
                <a href="/lessons/355">2021-02-22</a>
            </td>
            <td>
                <a href="/lessons/355">16:40</a>
            </td>
            <td>
                <a href="/lessons/355">18:20</a>
            </td>
            <td>
                <a href="/lessons/355">B-5</a>
            </td>
            <td>
                <a href="/lessons/355">Biology</a>
            </td>
            <td>
                <a href="/lessons/355">Charlie Byrne</a>
            </td>
            <td>
                <form method="post" action="/lessons/355"><input type="hidden" name="_method" value="DELETE"/>
                    <input class="btn btn-sm btn-danger" type="submit" value="Delete!"/>
                </form>
            </td>
        </tr>
        <tr>
            <td>
                <a href="/lessons/356">2021-02-22</a>
            </td>
            <td>
                <a href="/lessons/356">09:20</a>
            </td>
            <td>
                <a href="/lessons/356">11:00</a>
            </td>
            <td>
                <a href="/lessons/356">C-4</a>
            </td>
            <td>
                <a href="/lessons/356">Mathematics</a>
            </td>
            <td>
                <a href="/lessons/356">Joshua Eve</a>
            </td>
            <td>
                <form method="post" action="/lessons/356"><input type="hidden" name="_method" value="DELETE"/>
                    <input class="btn btn-sm btn-danger" type="submit" value="Delete!"/>
                </form>
            </td>
        </tr>
        <tr>
            <td>
                <a href="/lessons/357">2021-02-22</a>
            </td>
            <td>
                <a href="/lessons/357">11:10</a>
            </td>
            <td>
                <a href="/lessons/357">12:50</a>
            </td>
            <td>
                <a href="/lessons/357">C-4</a>
            </td>
            <td>
                <a href="/lessons/357">Mathematics</a>
            </td>
            <td>
                <a href="/lessons/357">Joshua Eve</a>
            </td>
            <td>
                <form method="post" action="/lessons/357"><input type="hidden" name="_method" value="DELETE"/>
                    <input class="btn btn-sm btn-danger" type="submit" value="Delete!"/>
                </form>
            </td>
        </tr>
        <tr>
            <td>
                <a href="/lessons/358">2021-02-22</a>
            </td>
            <td>
                <a href="/lessons/358">13:00</a>
            </td>
            <td>
                <a href="/lessons/358">14:40</a>
            </td>
            <td>
                <a href="/lessons/358">C-1</a>
            </td>
            <td>
                <a href="/lessons/358">Mathematics</a>
            </td>
            <td>
                <a href="/lessons/358">Joshua Eve</a>
            </td>
            <td>
                <form method="post" action="/lessons/358"><input type="hidden" name="_method" value="DELETE"/>
                    <input class="btn btn-sm btn-danger" type="submit" value="Delete!"/>
                </form>
            </td>
        </tr>
        <tr>
            <td>
                <a href="/lessons/359">2021-02-22</a>
            </td>
            <td>
                <a href="/lessons/359">14:50</a>
            </td>
            <td>
                <a href="/lessons/359">16:30</a>
            </td>
            <td>
                <a href="/lessons/359">C-3</a>
            </td>
            <td>
                <a href="/lessons/359">Mathematics</a>
            </td>
            <td>
                <a href="/lessons/359">Joshua Eve</a>
            </td>
            <td>
                <form method="post" action="/lessons/359"><input type="hidden" name="_method" value="DELETE"/>
                    <input class="btn btn-sm btn-danger" type="submit" value="Delete!"/>
                </form>
            </td>
        </tr>
        <tr>
            <td>
                <a href="/lessons/360">2021-02-22</a>
            </td>
            <td>
                <a href="/lessons/360">16:40</a>
            </td>
            <td>
                <a href="/lessons/360">18:20</a>
            </td>
            <td>
                <a href="/lessons/360">C-5</a>
            </td>
            <td>
                <a href="/lessons/360">Mathematics</a>
            </td>
            <td>
                <a href="/lessons/360">Joshua Eve</a>
            </td>
            <td>
                <form method="post" action="/lessons/360"><input type="hidden" name="_method" value="DELETE"/>
                    <input class="btn btn-sm btn-danger" type="submit" value="Delete!"/>
                </form>
            </td>
        </tr>
        <tr>
            <td>
                <a href="/lessons/361">2021-02-23</a>
            </td>
            <td>
                <a href="/lessons/361">09:20</a>
            </td>
            <td>
                <a href="/lessons/361">11:00</a>
            </td>
            <td>
                <a href="/lessons/361">A-4</a>
            </td>
            <td>
                <a href="/lessons/361">Philosophy</a>
            </td>
            <td>
                <a href="/lessons/361">Stanley Gruber</a>
            </td>
            <td>
                <form method="post" action="/lessons/361"><input type="hidden" name="_method" value="DELETE"/>
                    <input class="btn btn-sm btn-danger" type="submit" value="Delete!"/>
                </form>
            </td>
        </tr>
        <tr>
            <td>
                <a href="/lessons/362">2021-02-23</a>
            </td>
            <td>
                <a href="/lessons/362">11:10</a>
            </td>
            <td>
                <a href="/lessons/362">12:50</a>
            </td>
            <td>
                <a href="/lessons/362">A-1</a>
            </td>
            <td>
                <a href="/lessons/362">Philosophy</a>
            </td>
            <td>
                <a href="/lessons/362">Stanley Gruber</a>
            </td>
            <td>
                <form method="post" action="/lessons/362"><input type="hidden" name="_method" value="DELETE"/>
                    <input class="btn btn-sm btn-danger" type="submit" value="Delete!"/>
                </form>
            </td>
        </tr>
        <tr>
            <td>
                <a href="/lessons/363">2021-02-23</a>
            </td>
            <td>
                <a href="/lessons/363">13:00</a>
            </td>
            <td>
                <a href="/lessons/363">14:40</a>
            </td>
            <td>
                <a href="/lessons/363">A-2</a>
            </td>
            <td>
                <a href="/lessons/363">Another course&#39;s name</a>
            </td>
            <td>
                <a href="/lessons/363">Freya Shepp</a>
            </td>
            <td>
                <form method="post" action="/lessons/363"><input type="hidden" name="_method" value="DELETE"/>
                    <input class="btn btn-sm btn-danger" type="submit" value="Delete!"/>
                </form>
            </td>
        </tr>
        <tr>
            <td>
                <a href="/lessons/364">2021-02-23</a>
            </td>
            <td>
                <a href="/lessons/364">14:50</a>
            </td>
            <td>
                <a href="/lessons/364">16:30</a>
            </td>
            <td>
                <a href="/lessons/364">B-10</a>
            </td>
            <td>
                <a href="/lessons/364">Another course&#39;s name</a>
            </td>
            <td>
                <a href="/lessons/364">Freya Shepp</a>
            </td>
            <td>
                <form method="post" action="/lessons/364"><input type="hidden" name="_method" value="DELETE"/>
                    <input class="btn btn-sm btn-danger" type="submit" value="Delete!"/>
                </form>
            </td>
        </tr>
        <tr>
            <td>
                <a href="/lessons/365">2021-02-23</a>
            </td>
            <td>
                <a href="/lessons/365">16:40</a>
            </td>
            <td>
                <a href="/lessons/365">18:20</a>
            </td>
            <td>
                <a href="/lessons/365">A-4</a>
            </td>
            <td>
                <a href="/lessons/365">Political science</a>
            </td>
            <td>
                <a href="/lessons/365">Olivia Blake</a>
            </td>
            <td>
                <form method="post" action="/lessons/365"><input type="hidden" name="_method" value="DELETE"/>
                    <input class="btn btn-sm btn-danger" type="submit" value="Delete!"/>
                </form>
            </td>
        </tr>
        <tr>
            <td>
                <a href="/lessons/366">2021-02-23</a>
            </td>
            <td>
                <a href="/lessons/366">09:20</a>
            </td>
            <td>
                <a href="/lessons/366">11:00</a>
            </td>
            <td>
                <a href="/lessons/366">New name</a>
            </td>
            <td>
                <a href="/lessons/366">Chemistry</a>
            </td>
            <td>
                <a href="/lessons/366">Samuel Travis</a>
            </td>
            <td>
                <form method="post" action="/lessons/366"><input type="hidden" name="_method" value="DELETE"/>
                    <input class="btn btn-sm btn-danger" type="submit" value="Delete!"/>
                </form>
            </td>
        </tr>
        <tr>
            <td>
                <a href="/lessons/367">2021-02-23</a>
            </td>
            <td>
                <a href="/lessons/367">11:10</a>
            </td>
            <td>
                <a href="/lessons/367">12:50</a>
            </td>
            <td>
                <a href="/lessons/367">New name</a>
            </td>
            <td>
                <a href="/lessons/367">Chemistry</a>
            </td>
            <td>
                <a href="/lessons/367">Samuel Travis</a>
            </td>
            <td>
                <form method="post" action="/lessons/367"><input type="hidden" name="_method" value="DELETE"/>
                    <input class="btn btn-sm btn-danger" type="submit" value="Delete!"/>
                </form>
            </td>
        </tr>
        <tr>
            <td>
                <a href="/lessons/368">2021-02-23</a>
            </td>
            <td>
                <a href="/lessons/368">13:00</a>
            </td>
            <td>
                <a href="/lessons/368">14:40</a>
            </td>
            <td>
                <a href="/lessons/368">B-1</a>
            </td>
            <td>
                <a href="/lessons/368">Chemistry</a>
            </td>
            <td>
                <a href="/lessons/368">Albert Hill</a>
            </td>
            <td>
                <form method="post" action="/lessons/368"><input type="hidden" name="_method" value="DELETE"/>
                    <input class="btn btn-sm btn-danger" type="submit" value="Delete!"/>
                </form>
            </td>
        </tr>
        <tr>
            <td>
                <a href="/lessons/369">2021-02-23</a>
            </td>
            <td>
                <a href="/lessons/369">14:50</a>
            </td>
            <td>
                <a href="/lessons/369">16:30</a>
            </td>
            <td>
                <a href="/lessons/369">B-2</a>
            </td>
            <td>
                <a href="/lessons/369">Chemistry</a>
            </td>
            <td>
                <a href="/lessons/369">Albert Hill</a>
            </td>
            <td>
                <form method="post" action="/lessons/369"><input type="hidden" name="_method" value="DELETE"/>
                    <input class="btn btn-sm btn-danger" type="submit" value="Delete!"/>
                </form>
            </td>
        </tr>
        <tr>
            <td>
                <a href="/lessons/370">2021-02-23</a>
            </td>
            <td>
                <a href="/lessons/370">16:40</a>
            </td>
            <td>
                <a href="/lessons/370">18:20</a>
            </td>
            <td>
                <a href="/lessons/370">B-5</a>
            </td>
            <td>
                <a href="/lessons/370">Chemistry</a>
            </td>
            <td>
                <a href="/lessons/370">Albert Hill</a>
            </td>
            <td>
                <form method="post" action="/lessons/370"><input type="hidden" name="_method" value="DELETE"/>
                    <input class="btn btn-sm btn-danger" type="submit" value="Delete!"/>
                </form>
            </td>
        </tr>
        <tr>
            <td>
                <a href="/lessons/371">2021-02-23</a>
            </td>
            <td>
                <a href="/lessons/371">09:20</a>
            </td>
            <td>
                <a href="/lessons/371">11:00</a>
            </td>
            <td>
                <a href="/lessons/371">C-4</a>
            </td>
            <td>
                <a href="/lessons/371">Physics</a>
            </td>
            <td>
                <a href="/lessons/371">Sophia Roos</a>
            </td>
            <td>
                <form method="post" action="/lessons/371"><input type="hidden" name="_method" value="DELETE"/>
                    <input class="btn btn-sm btn-danger" type="submit" value="Delete!"/>
                </form>
            </td>
        </tr>
        <tr>
            <td>
                <a href="/lessons/372">2021-02-23</a>
            </td>
            <td>
                <a href="/lessons/372">11:10</a>
            </td>
            <td>
                <a href="/lessons/372">12:50</a>
            </td>
            <td>
                <a href="/lessons/372">C-4</a>
            </td>
            <td>
                <a href="/lessons/372">Physics</a>
            </td>
            <td>
                <a href="/lessons/372">Sophia Roos</a>
            </td>
            <td>
                <form method="post" action="/lessons/372"><input type="hidden" name="_method" value="DELETE"/>
                    <input class="btn btn-sm btn-danger" type="submit" value="Delete!"/>
                </form>
            </td>
        </tr>
        <tr>
            <td>
                <a href="/lessons/373">2021-02-23</a>
            </td>
            <td>
                <a href="/lessons/373">13:00</a>
            </td>
            <td>
                <a href="/lessons/373">14:40</a>
            </td>
            <td>
                <a href="/lessons/373">C-1</a>
            </td>
            <td>
                <a href="/lessons/373">Physics</a>
            </td>
            <td>
                <a href="/lessons/373">Sophia Roos</a>
            </td>
            <td>
                <form method="post" action="/lessons/373"><input type="hidden" name="_method" value="DELETE"/>
                    <input class="btn btn-sm btn-danger" type="submit" value="Delete!"/>
                </form>
            </td>
        </tr>
        <tr>
            <td>
                <a href="/lessons/374">2021-02-23</a>
            </td>
            <td>
                <a href="/lessons/374">14:50</a>
            </td>
            <td>
                <a href="/lessons/374">16:30</a>
            </td>
            <td>
                <a href="/lessons/374">C-3</a>
            </td>
            <td>
                <a href="/lessons/374">Physics</a>
            </td>
            <td>
                <a href="/lessons/374">Sophia Roos</a>
            </td>
            <td>
                <form method="post" action="/lessons/374"><input type="hidden" name="_method" value="DELETE"/>
                    <input class="btn btn-sm btn-danger" type="submit" value="Delete!"/>
                </form>
            </td>
        </tr>
        <tr>
            <td>
                <a href="/lessons/375">2021-02-23</a>
            </td>
            <td>
                <a href="/lessons/375">16:40</a>
            </td>
            <td>
                <a href="/lessons/375">18:20</a>
            </td>
            <td>
                <a href="/lessons/375">C-5</a>
            </td>
            <td>
                <a href="/lessons/375">Physics</a>
            </td>
            <td>
                <a href="/lessons/375">Sophia Roos</a>
            </td>
            <td>
                <form method="post" action="/lessons/375"><input type="hidden" name="_method" value="DELETE"/>
                    <input class="btn btn-sm btn-danger" type="submit" value="Delete!"/>
                </form>
            </td>
        </tr>
        <tr>
            <td>
                <a href="/lessons/376">2021-02-24</a>
            </td>
            <td>
                <a href="/lessons/376">09:20</a>
            </td>
            <td>
                <a href="/lessons/376">11:00</a>
            </td>
            <td>
                <a href="/lessons/376">A-4</a>
            </td>
            <td>
                <a href="/lessons/376">Another course&#39;s name</a>
            </td>
            <td>
                <a href="/lessons/376">Freya Shepp</a>
            </td>
            <td>
                <form method="post" action="/lessons/376"><input type="hidden" name="_method" value="DELETE"/>
                    <input class="btn btn-sm btn-danger" type="submit" value="Delete!"/>
                </form>
            </td>
        </tr>
        <tr>
            <td>
                <a href="/lessons/377">2021-02-24</a>
            </td>
            <td>
                <a href="/lessons/377">11:10</a>
            </td>
            <td>
                <a href="/lessons/377">12:50</a>
            </td>
            <td>
                <a href="/lessons/377">A-1</a>
            </td>
            <td>
                <a href="/lessons/377">Another course&#39;s name</a>
            </td>
            <td>
                <a href="/lessons/377">Freya Shepp</a>
            </td>
            <td>
                <form method="post" action="/lessons/377"><input type="hidden" name="_method" value="DELETE"/>
                    <input class="btn btn-sm btn-danger" type="submit" value="Delete!"/>
                </form>
            </td>
        </tr>
        <tr>
            <td>
                <a href="/lessons/378">2021-02-24</a>
            </td>
            <td>
                <a href="/lessons/378">13:00</a>
            </td>
            <td>
                <a href="/lessons/378">14:40</a>
            </td>
            <td>
                <a href="/lessons/378">A-2</a>
            </td>
            <td>
                <a href="/lessons/378">Political science</a>
            </td>
            <td>
                <a href="/lessons/378">Olivia Blake</a>
            </td>
            <td>
                <form method="post" action="/lessons/378"><input type="hidden" name="_method" value="DELETE"/>
                    <input class="btn btn-sm btn-danger" type="submit" value="Delete!"/>
                </form>
            </td>
        </tr>
        <tr>
            <td>
                <a href="/lessons/379">2021-02-24</a>
            </td>
            <td>
                <a href="/lessons/379">14:50</a>
            </td>
            <td>
                <a href="/lessons/379">16:30</a>
            </td>
            <td>
                <a href="/lessons/379">B-10</a>
            </td>
            <td>
                <a href="/lessons/379">Political science</a>
            </td>
            <td>
                <a href="/lessons/379">Olivia Blake</a>
            </td>
            <td>
                <form method="post" action="/lessons/379"><input type="hidden" name="_method" value="DELETE"/>
                    <input class="btn btn-sm btn-danger" type="submit" value="Delete!"/>
                </form>
            </td>
        </tr>
        <tr>
            <td>
                <a href="/lessons/380">2021-02-24</a>
            </td>
            <td>
                <a href="/lessons/380">16:40</a>
            </td>
            <td>
                <a href="/lessons/380">18:20</a>
            </td>
            <td>
                <a href="/lessons/380">A-4</a>
            </td>
            <td>
                <a href="/lessons/380">Culture</a>
            </td>
            <td>
                <a href="/lessons/380">Scarlett Nimoy</a>
            </td>
            <td>
                <form method="post" action="/lessons/380"><input type="hidden" name="_method" value="DELETE"/>
                    <input class="btn btn-sm btn-danger" type="submit" value="Delete!"/>
                </form>
            </td>
        </tr>
        <tr>
            <td>
                <a href="/lessons/381">2021-02-24</a>
            </td>
            <td>
                <a href="/lessons/381">09:20</a>
            </td>
            <td>
                <a href="/lessons/381">11:00</a>
            </td>
            <td>
                <a href="/lessons/381">New name</a>
            </td>
            <td>
                <a href="/lessons/381">Biology</a>
            </td>
            <td>
                <a href="/lessons/381">Ellie Purh</a>
            </td>
            <td>
                <form method="post" action="/lessons/381"><input type="hidden" name="_method" value="DELETE"/>
                    <input class="btn btn-sm btn-danger" type="submit" value="Delete!"/>
                </form>
            </td>
        </tr>
        <tr>
            <td>
                <a href="/lessons/382">2021-02-24</a>
            </td>
            <td>
                <a href="/lessons/382">11:10</a>
            </td>
            <td>
                <a href="/lessons/382">12:50</a>
            </td>
            <td>
                <a href="/lessons/382">New name</a>
            </td>
            <td>
                <a href="/lessons/382">Biology</a>
            </td>
            <td>
                <a href="/lessons/382">Ellie Purh</a>
            </td>
            <td>
                <form method="post" action="/lessons/382"><input type="hidden" name="_method" value="DELETE"/>
                    <input class="btn btn-sm btn-danger" type="submit" value="Delete!"/>
                </form>
            </td>
        </tr>
        <tr>
            <td>
                <a href="/lessons/383">2021-02-24</a>
            </td>
            <td>
                <a href="/lessons/383">13:00</a>
            </td>
            <td>
                <a href="/lessons/383">14:40</a>
            </td>
            <td>
                <a href="/lessons/383">B-1</a>
            </td>
            <td>
                <a href="/lessons/383">Biology</a>
            </td>
            <td>
                <a href="/lessons/383">Charlie Byrne</a>
            </td>
            <td>
                <form method="post" action="/lessons/383"><input type="hidden" name="_method" value="DELETE"/>
                    <input class="btn btn-sm btn-danger" type="submit" value="Delete!"/>
                </form>
            </td>
        </tr>
        <tr>
            <td>
                <a href="/lessons/384">2021-02-24</a>
            </td>
            <td>
                <a href="/lessons/384">14:50</a>
            </td>
            <td>
                <a href="/lessons/384">16:30</a>
            </td>
            <td>
                <a href="/lessons/384">B-2</a>
            </td>
            <td>
                <a href="/lessons/384">Biology</a>
            </td>
            <td>
                <a href="/lessons/384">Charlie Byrne</a>
            </td>
            <td>
                <form method="post" action="/lessons/384"><input type="hidden" name="_method" value="DELETE"/>
                    <input class="btn btn-sm btn-danger" type="submit" value="Delete!"/>
                </form>
            </td>
        </tr>
        <tr>
            <td>
                <a href="/lessons/385">2021-02-24</a>
            </td>
            <td>
                <a href="/lessons/385">16:40</a>
            </td>
            <td>
                <a href="/lessons/385">18:20</a>
            </td>
            <td>
                <a href="/lessons/385">B-5</a>
            </td>
            <td>
                <a href="/lessons/385">Biology</a>
            </td>
            <td>
                <a href="/lessons/385">Charlie Byrne</a>
            </td>
            <td>
                <form method="post" action="/lessons/385"><input type="hidden" name="_method" value="DELETE"/>
                    <input class="btn btn-sm btn-danger" type="submit" value="Delete!"/>
                </form>
            </td>
        </tr>
        <tr>
            <td>
                <a href="/lessons/386">2021-02-24</a>
            </td>
            <td>
                <a href="/lessons/386">09:20</a>
            </td>
            <td>
                <a href="/lessons/386">11:00</a>
            </td>
            <td>
                <a href="/lessons/386">C-4</a>
            </td>
            <td>
                <a href="/lessons/386">Geometry</a>
            </td>
            <td>
                <a href="/lessons/386">Mia Brown</a>
            </td>
            <td>
                <form method="post" action="/lessons/386"><input type="hidden" name="_method" value="DELETE"/>
                    <input class="btn btn-sm btn-danger" type="submit" value="Delete!"/>
                </form>
            </td>
        </tr>
        <tr>
            <td>
                <a href="/lessons/387">2021-02-24</a>
            </td>
            <td>
                <a href="/lessons/387">11:10</a>
            </td>
            <td>
                <a href="/lessons/387">12:50</a>
            </td>
            <td>
                <a href="/lessons/387">C-4</a>
            </td>
            <td>
                <a href="/lessons/387">Geometry</a>
            </td>
            <td>
                <a href="/lessons/387">Mia Brown</a>
            </td>
            <td>
                <form method="post" action="/lessons/387"><input type="hidden" name="_method" value="DELETE"/>
                    <input class="btn btn-sm btn-danger" type="submit" value="Delete!"/>
                </form>
            </td>
        </tr>
        <tr>
            <td>
                <a href="/lessons/388">2021-02-24</a>
            </td>
            <td>
                <a href="/lessons/388">13:00</a>
            </td>
            <td>
                <a href="/lessons/388">14:40</a>
            </td>
            <td>
                <a href="/lessons/388">C-1</a>
            </td>
            <td>
                <a href="/lessons/388">Geometry</a>
            </td>
            <td>
                <a href="/lessons/388">Mia Brown</a>
            </td>
            <td>
                <form method="post" action="/lessons/388"><input type="hidden" name="_method" value="DELETE"/>
                    <input class="btn btn-sm btn-danger" type="submit" value="Delete!"/>
                </form>
            </td>
        </tr>
        <tr>
            <td>
                <a href="/lessons/389">2021-02-24</a>
            </td>
            <td>
                <a href="/lessons/389">14:50</a>
            </td>
            <td>
                <a href="/lessons/389">16:30</a>
            </td>
            <td>
                <a href="/lessons/389">C-3</a>
            </td>
            <td>
                <a href="/lessons/389">Geometry</a>
            </td>
            <td>
                <a href="/lessons/389">Mia Brown</a>
            </td>
            <td>
                <form method="post" action="/lessons/389"><input type="hidden" name="_method" value="DELETE"/>
                    <input class="btn btn-sm btn-danger" type="submit" value="Delete!"/>
                </form>
            </td>
        </tr>
        <tr>
            <td>
                <a href="/lessons/390">2021-02-24</a>
            </td>
            <td>
                <a href="/lessons/390">16:40</a>
            </td>
            <td>
                <a href="/lessons/390">18:20</a>
            </td>
            <td>
                <a href="/lessons/390">C-5</a>
            </td>
            <td>
                <a href="/lessons/390">Geometry</a>
            </td>
            <td>
                <a href="/lessons/390">Mia Brown</a>
            </td>
            <td>
                <form method="post" action="/lessons/390"><input type="hidden" name="_method" value="DELETE"/>
                    <input class="btn btn-sm btn-danger" type="submit" value="Delete!"/>
                </form>
            </td>
        </tr>
        <tr>
            <td>
                <a href="/lessons/391">2021-02-25</a>
            </td>
            <td>
                <a href="/lessons/391">09:20</a>
            </td>
            <td>
                <a href="/lessons/391">11:00</a>
            </td>
            <td>
                <a href="/lessons/391">A-4</a>
            </td>
            <td>
                <a href="/lessons/391">Political science</a>
            </td>
            <td>
                <a href="/lessons/391">Olivia Blake</a>
            </td>
            <td>
                <form method="post" action="/lessons/391"><input type="hidden" name="_method" value="DELETE"/>
                    <input class="btn btn-sm btn-danger" type="submit" value="Delete!"/>
                </form>
            </td>
        </tr>
        <tr>
            <td>
                <a href="/lessons/392">2021-02-25</a>
            </td>
            <td>
                <a href="/lessons/392">11:10</a>
            </td>
            <td>
                <a href="/lessons/392">12:50</a>
            </td>
            <td>
                <a href="/lessons/392">A-1</a>
            </td>
            <td>
                <a href="/lessons/392">Political science</a>
            </td>
            <td>
                <a href="/lessons/392">Olivia Blake</a>
            </td>
            <td>
                <form method="post" action="/lessons/392"><input type="hidden" name="_method" value="DELETE"/>
                    <input class="btn btn-sm btn-danger" type="submit" value="Delete!"/>
                </form>
            </td>
        </tr>
        <tr>
            <td>
                <a href="/lessons/393">2021-02-25</a>
            </td>
            <td>
                <a href="/lessons/393">13:00</a>
            </td>
            <td>
                <a href="/lessons/393">14:40</a>
            </td>
            <td>
                <a href="/lessons/393">A-2</a>
            </td>
            <td>
                <a href="/lessons/393">Culture</a>
            </td>
            <td>
                <a href="/lessons/393">Scarlett Nimoy</a>
            </td>
            <td>
                <form method="post" action="/lessons/393"><input type="hidden" name="_method" value="DELETE"/>
                    <input class="btn btn-sm btn-danger" type="submit" value="Delete!"/>
                </form>
            </td>
        </tr>
        <tr>
            <td>
                <a href="/lessons/394">2021-02-25</a>
            </td>
            <td>
                <a href="/lessons/394">14:50</a>
            </td>
            <td>
                <a href="/lessons/394">16:30</a>
            </td>
            <td>
                <a href="/lessons/394">B-10</a>
            </td>
            <td>
                <a href="/lessons/394">Culture</a>
            </td>
            <td>
                <a href="/lessons/394">Scarlett Nimoy</a>
            </td>
            <td>
                <form method="post" action="/lessons/394"><input type="hidden" name="_method" value="DELETE"/>
                    <input class="btn btn-sm btn-danger" type="submit" value="Delete!"/>
                </form>
            </td>
        </tr>
        <tr>
            <td>
                <a href="/lessons/395">2021-02-25</a>
            </td>
            <td>
                <a href="/lessons/395">16:40</a>
            </td>
            <td>
                <a href="/lessons/395">18:20</a>
            </td>
            <td>
                <a href="/lessons/395">A-4</a>
            </td>
            <td>
                <a href="/lessons/395">History</a>
            </td>
            <td>
                <a href="/lessons/395">Albert Johnson</a>
            </td>
            <td>
                <form method="post" action="/lessons/395"><input type="hidden" name="_method" value="DELETE"/>
                    <input class="btn btn-sm btn-danger" type="submit" value="Delete!"/>
                </form>
            </td>
        </tr>
        <tr>
            <td>
                <a href="/lessons/396">2021-02-25</a>
            </td>
            <td>
                <a href="/lessons/396">09:20</a>
            </td>
            <td>
                <a href="/lessons/396">11:00</a>
            </td>
            <td>
                <a href="/lessons/396">New name</a>
            </td>
            <td>
                <a href="/lessons/396">Chemistry</a>
            </td>
            <td>
                <a href="/lessons/396">Samuel Travis</a>
            </td>
            <td>
                <form method="post" action="/lessons/396"><input type="hidden" name="_method" value="DELETE"/>
                    <input class="btn btn-sm btn-danger" type="submit" value="Delete!"/>
                </form>
            </td>
        </tr>
        <tr>
            <td>
                <a href="/lessons/397">2021-02-25</a>
            </td>
            <td>
                <a href="/lessons/397">11:10</a>
            </td>
            <td>
                <a href="/lessons/397">12:50</a>
            </td>
            <td>
                <a href="/lessons/397">New name</a>
            </td>
            <td>
                <a href="/lessons/397">Chemistry</a>
            </td>
            <td>
                <a href="/lessons/397">Samuel Travis</a>
            </td>
            <td>
                <form method="post" action="/lessons/397"><input type="hidden" name="_method" value="DELETE"/>
                    <input class="btn btn-sm btn-danger" type="submit" value="Delete!"/>
                </form>
            </td>
        </tr>
        <tr>
            <td>
                <a href="/lessons/398">2021-02-25</a>
            </td>
            <td>
                <a href="/lessons/398">13:00</a>
            </td>
            <td>
                <a href="/lessons/398">14:40</a>
            </td>
            <td>
                <a href="/lessons/398">B-1</a>
            </td>
            <td>
                <a href="/lessons/398">Chemistry</a>
            </td>
            <td>
                <a href="/lessons/398">Albert Hill</a>
            </td>
            <td>
                <form method="post" action="/lessons/398"><input type="hidden" name="_method" value="DELETE"/>
                    <input class="btn btn-sm btn-danger" type="submit" value="Delete!"/>
                </form>
            </td>
        </tr>
        <tr>
            <td>
                <a href="/lessons/399">2021-02-25</a>
            </td>
            <td>
                <a href="/lessons/399">14:50</a>
            </td>
            <td>
                <a href="/lessons/399">16:30</a>
            </td>
            <td>
                <a href="/lessons/399">B-2</a>
            </td>
            <td>
                <a href="/lessons/399">Chemistry</a>
            </td>
            <td>
                <a href="/lessons/399">Albert Hill</a>
            </td>
            <td>
                <form method="post" action="/lessons/399"><input type="hidden" name="_method" value="DELETE"/>
                    <input class="btn btn-sm btn-danger" type="submit" value="Delete!"/>
                </form>
            </td>
        </tr>
        <tr>
            <td>
                <a href="/lessons/400">2021-02-25</a>
            </td>
            <td>
                <a href="/lessons/400">16:40</a>
            </td>
            <td>
                <a href="/lessons/400">18:20</a>
            </td>
            <td>
                <a href="/lessons/400">B-5</a>
            </td>
            <td>
                <a href="/lessons/400">Chemistry</a>
            </td>
            <td>
                <a href="/lessons/400">Albert Hill</a>
            </td>
            <td>
                <form method="post" action="/lessons/400"><input type="hidden" name="_method" value="DELETE"/>
                    <input class="btn btn-sm btn-danger" type="submit" value="Delete!"/>
                </form>
            </td>
        </tr>
        <tr>
            <td>
                <a href="/lessons/401">2021-02-25</a>
            </td>
            <td>
                <a href="/lessons/401">09:20</a>
            </td>
            <td>
                <a href="/lessons/401">11:00</a>
            </td>
            <td>
                <a href="/lessons/401">C-4</a>
            </td>
            <td>
                <a href="/lessons/401">Mathematics</a>
            </td>
            <td>
                <a href="/lessons/401">Joshua Eve</a>
            </td>
            <td>
                <form method="post" action="/lessons/401"><input type="hidden" name="_method" value="DELETE"/>
                    <input class="btn btn-sm btn-danger" type="submit" value="Delete!"/>
                </form>
            </td>
        </tr>
        <tr>
            <td>
                <a href="/lessons/402">2021-02-25</a>
            </td>
            <td>
                <a href="/lessons/402">11:10</a>
            </td>
            <td>
                <a href="/lessons/402">12:50</a>
            </td>
            <td>
                <a href="/lessons/402">C-4</a>
            </td>
            <td>
                <a href="/lessons/402">Mathematics</a>
            </td>
            <td>
                <a href="/lessons/402">Joshua Eve</a>
            </td>
            <td>
                <form method="post" action="/lessons/402"><input type="hidden" name="_method" value="DELETE"/>
                    <input class="btn btn-sm btn-danger" type="submit" value="Delete!"/>
                </form>
            </td>
        </tr>
        <tr>
            <td>
                <a href="/lessons/403">2021-02-25</a>
            </td>
            <td>
                <a href="/lessons/403">13:00</a>
            </td>
            <td>
                <a href="/lessons/403">14:40</a>
            </td>
            <td>
                <a href="/lessons/403">C-2</a>
            </td>
            <td>
                <a href="/lessons/403">Physics</a>
            </td>
            <td>
                <a href="/lessons/403">Sophia Roos</a>
            </td>
            <td>
                <form method="post" action="/lessons/403"><input type="hidden" name="_method" value="DELETE"/>
                    <input class="btn btn-sm btn-danger" type="submit" value="Delete!"/>
                </form>
            </td>
        </tr>
        <tr>
            <td>
                <a href="/lessons/404">2021-02-25</a>
            </td>
            <td>
                <a href="/lessons/404">14:50</a>
            </td>
            <td>
                <a href="/lessons/404">16:30</a>
            </td>
            <td>
                <a href="/lessons/404">C-2</a>
            </td>
            <td>
                <a href="/lessons/404">Geometry</a>
            </td>
            <td>
                <a href="/lessons/404">Mia Brown</a>
            </td>
            <td>
                <form method="post" action="/lessons/404"><input type="hidden" name="_method" value="DELETE"/>
                    <input class="btn btn-sm btn-danger" type="submit" value="Delete!"/>
                </form>
            </td>
        </tr>
        <tr>
            <td>
                <a href="/lessons/405">2021-02-25</a>
            </td>
            <td>
                <a href="/lessons/405">16:40</a>
            </td>
            <td>
                <a href="/lessons/405">18:20</a>
            </td>
            <td>
                <a href="/lessons/405">C-5</a>
            </td>
            <td>
                <a href="/lessons/405">Mathematics</a>
            </td>
            <td>
                <a href="/lessons/405">Joshua Eve</a>
            </td>
            <td>
                <form method="post" action="/lessons/405"><input type="hidden" name="_method" value="DELETE"/>
                    <input class="btn btn-sm btn-danger" type="submit" value="Delete!"/>
                </form>
            </td>
        </tr>
        <tr>
            <td>
                <a href="/lessons/406">2021-02-26</a>
            </td>
            <td>
                <a href="/lessons/406">09:20</a>
            </td>
            <td>
                <a href="/lessons/406">11:00</a>
            </td>
            <td>
                <a href="/lessons/406">A-4</a>
            </td>
            <td>
                <a href="/lessons/406">Culture</a>
            </td>
            <td>
                <a href="/lessons/406">Scarlett Nimoy</a>
            </td>
            <td>
                <form method="post" action="/lessons/406"><input type="hidden" name="_method" value="DELETE"/>
                    <input class="btn btn-sm btn-danger" type="submit" value="Delete!"/>
                </form>
            </td>
        </tr>
        <tr>
            <td>
                <a href="/lessons/407">2021-02-26</a>
            </td>
            <td>
                <a href="/lessons/407">11:10</a>
            </td>
            <td>
                <a href="/lessons/407">12:50</a>
            </td>
            <td>
                <a href="/lessons/407">A-1</a>
            </td>
            <td>
                <a href="/lessons/407">Culture</a>
            </td>
            <td>
                <a href="/lessons/407">Scarlett Nimoy</a>
            </td>
            <td>
                <form method="post" action="/lessons/407"><input type="hidden" name="_method" value="DELETE"/>
                    <input class="btn btn-sm btn-danger" type="submit" value="Delete!"/>
                </form>
            </td>
        </tr>
        <tr>
            <td>
                <a href="/lessons/408">2021-02-26</a>
            </td>
            <td>
                <a href="/lessons/408">13:00</a>
            </td>
            <td>
                <a href="/lessons/408">14:40</a>
            </td>
            <td>
                <a href="/lessons/408">A-2</a>
            </td>
            <td>
                <a href="/lessons/408">History</a>
            </td>
            <td>
                <a href="/lessons/408">Albert Johnson</a>
            </td>
            <td>
                <form method="post" action="/lessons/408"><input type="hidden" name="_method" value="DELETE"/>
                    <input class="btn btn-sm btn-danger" type="submit" value="Delete!"/>
                </form>
            </td>
        </tr>
        <tr>
            <td>
                <a href="/lessons/409">2021-02-26</a>
            </td>
            <td>
                <a href="/lessons/409">14:50</a>
            </td>
            <td>
                <a href="/lessons/409">16:30</a>
            </td>
            <td>
                <a href="/lessons/409">B-10</a>
            </td>
            <td>
                <a href="/lessons/409">History</a>
            </td>
            <td>
                <a href="/lessons/409">Albert Johnson</a>
            </td>
            <td>
                <form method="post" action="/lessons/409"><input type="hidden" name="_method" value="DELETE"/>
                    <input class="btn btn-sm btn-danger" type="submit" value="Delete!"/>
                </form>
            </td>
        </tr>
        <tr>
            <td>
                <a href="/lessons/410">2021-02-26</a>
            </td>
            <td>
                <a href="/lessons/410">16:40</a>
            </td>
            <td>
                <a href="/lessons/410">18:20</a>
            </td>
            <td>
                <a href="/lessons/410">A-4</a>
            </td>
            <td>
                <a href="/lessons/410">Philosophy</a>
            </td>
            <td>
                <a href="/lessons/410">Stanley Gruber</a>
            </td>
            <td>
                <form method="post" action="/lessons/410"><input type="hidden" name="_method" value="DELETE"/>
                    <input class="btn btn-sm btn-danger" type="submit" value="Delete!"/>
                </form>
            </td>
        </tr>
        <tr>
            <td>
                <a href="/lessons/411">2021-02-26</a>
            </td>
            <td>
                <a href="/lessons/411">09:20</a>
            </td>
            <td>
                <a href="/lessons/411">11:00</a>
            </td>
            <td>
                <a href="/lessons/411">New name</a>
            </td>
            <td>
                <a href="/lessons/411">Biology</a>
            </td>
            <td>
                <a href="/lessons/411">Ellie Purh</a>
            </td>
            <td>
                <form method="post" action="/lessons/411"><input type="hidden" name="_method" value="DELETE"/>
                    <input class="btn btn-sm btn-danger" type="submit" value="Delete!"/>
                </form>
            </td>
        </tr>
        <tr>
            <td>
                <a href="/lessons/412">2021-02-26</a>
            </td>
            <td>
                <a href="/lessons/412">11:10</a>
            </td>
            <td>
                <a href="/lessons/412">12:50</a>
            </td>
            <td>
                <a href="/lessons/412">New name</a>
            </td>
            <td>
                <a href="/lessons/412">Biology</a>
            </td>
            <td>
                <a href="/lessons/412">Ellie Purh</a>
            </td>
            <td>
                <form method="post" action="/lessons/412"><input type="hidden" name="_method" value="DELETE"/>
                    <input class="btn btn-sm btn-danger" type="submit" value="Delete!"/>
                </form>
            </td>
        </tr>
        <tr>
            <td>
                <a href="/lessons/413">2021-02-26</a>
            </td>
            <td>
                <a href="/lessons/413">13:00</a>
            </td>
            <td>
                <a href="/lessons/413">14:40</a>
            </td>
            <td>
                <a href="/lessons/413">B-1</a>
            </td>
            <td>
                <a href="/lessons/413">Biology</a>
            </td>
            <td>
                <a href="/lessons/413">Charlie Byrne</a>
            </td>
            <td>
                <form method="post" action="/lessons/413"><input type="hidden" name="_method" value="DELETE"/>
                    <input class="btn btn-sm btn-danger" type="submit" value="Delete!"/>
                </form>
            </td>
        </tr>
        <tr>
            <td>
                <a href="/lessons/414">2021-02-26</a>
            </td>
            <td>
                <a href="/lessons/414">14:50</a>
            </td>
            <td>
                <a href="/lessons/414">16:30</a>
            </td>
            <td>
                <a href="/lessons/414">B-2</a>
            </td>
            <td>
                <a href="/lessons/414">Biology</a>
            </td>
            <td>
                <a href="/lessons/414">Charlie Byrne</a>
            </td>
            <td>
                <form method="post" action="/lessons/414"><input type="hidden" name="_method" value="DELETE"/>
                    <input class="btn btn-sm btn-danger" type="submit" value="Delete!"/>
                </form>
            </td>
        </tr>
        <tr>
            <td>
                <a href="/lessons/415">2021-02-26</a>
            </td>
            <td>
                <a href="/lessons/415">16:40</a>
            </td>
            <td>
                <a href="/lessons/415">18:20</a>
            </td>
            <td>
                <a href="/lessons/415">B-5</a>
            </td>
            <td>
                <a href="/lessons/415">Biology</a>
            </td>
            <td>
                <a href="/lessons/415">Charlie Byrne</a>
            </td>
            <td>
                <form method="post" action="/lessons/415"><input type="hidden" name="_method" value="DELETE"/>
                    <input class="btn btn-sm btn-danger" type="submit" value="Delete!"/>
                </form>
            </td>
        </tr>
        <tr>
            <td>
                <a href="/lessons/416">2021-02-26</a>
            </td>
            <td>
                <a href="/lessons/416">09:20</a>
            </td>
            <td>
                <a href="/lessons/416">11:00</a>
            </td>
            <td>
                <a href="/lessons/416">C-4</a>
            </td>
            <td>
                <a href="/lessons/416">Physics</a>
            </td>
            <td>
                <a href="/lessons/416">Sophia Roos</a>
            </td>
            <td>
                <form method="post" action="/lessons/416"><input type="hidden" name="_method" value="DELETE"/>
                    <input class="btn btn-sm btn-danger" type="submit" value="Delete!"/>
                </form>
            </td>
        </tr>
        <tr>
            <td>
                <a href="/lessons/417">2021-02-26</a>
            </td>
            <td>
                <a href="/lessons/417">11:10</a>
            </td>
            <td>
                <a href="/lessons/417">12:50</a>
            </td>
            <td>
                <a href="/lessons/417">C-4</a>
            </td>
            <td>
                <a href="/lessons/417">Geometry</a>
            </td>
            <td>
                <a href="/lessons/417">Mia Brown</a>
            </td>
            <td>
                <form method="post" action="/lessons/417"><input type="hidden" name="_method" value="DELETE"/>
                    <input class="btn btn-sm btn-danger" type="submit" value="Delete!"/>
                </form>
            </td>
        </tr>
        <tr>
            <td>
                <a href="/lessons/418">2021-02-26</a>
            </td>
            <td>
                <a href="/lessons/418">13:00</a>
            </td>
            <td>
                <a href="/lessons/418">14:40</a>
            </td>
            <td>
                <a href="/lessons/418">C-3</a>
            </td>
            <td>
                <a href="/lessons/418">Mathematics</a>
            </td>
            <td>
                <a href="/lessons/418">Joshua Eve</a>
            </td>
            <td>
                <form method="post" action="/lessons/418"><input type="hidden" name="_method" value="DELETE"/>
                    <input class="btn btn-sm btn-danger" type="submit" value="Delete!"/>
                </form>
            </td>
        </tr>
        <tr>
            <td>
                <a href="/lessons/419">2021-02-26</a>
            </td>
            <td>
                <a href="/lessons/419">14:50</a>
            </td>
            <td>
                <a href="/lessons/419">16:30</a>
            </td>
            <td>
                <a href="/lessons/419">C-5</a>
            </td>
            <td>
                <a href="/lessons/419">Physics</a>
            </td>
            <td>
                <a href="/lessons/419">Sophia Roos</a>
            </td>
            <td>
                <form method="post" action="/lessons/419"><input type="hidden" name="_method" value="DELETE"/>
                    <input class="btn btn-sm btn-danger" type="submit" value="Delete!"/>
                </form>
            </td>
        </tr>
        <tr>
            <td>
                <a href="/lessons/420">2021-02-26</a>
            </td>
            <td>
                <a href="/lessons/420">16:40</a>
            </td>
            <td>
                <a href="/lessons/420">18:20</a>
            </td>
            <td>
                <a href="/lessons/420">C-5</a>
            </td>
            <td>
                <a href="/lessons/420">Geometry</a>
            </td>
            <td>
                <a href="/lessons/420">Mia Brown</a>
            </td>
            <td>
                <form method="post" action="/lessons/420"><input type="hidden" name="_method" value="DELETE"/>
                    <input class="btn btn-sm btn-danger" type="submit" value="Delete!"/>
                </form>
            </td>
        </tr>
        <tr>
            <td>
                <a href="/lessons/421">2021-03-01</a>
            </td>
            <td>
                <a href="/lessons/421">09:20</a>
            </td>
            <td>
                <a href="/lessons/421">11:00</a>
            </td>
            <td>
                <a href="/lessons/421">A-4</a>
            </td>
            <td>
                <a href="/lessons/421">History</a>
            </td>
            <td>
                <a href="/lessons/421">Albert Johnson</a>
            </td>
            <td>
                <form method="post" action="/lessons/421"><input type="hidden" name="_method" value="DELETE"/>
                    <input class="btn btn-sm btn-danger" type="submit" value="Delete!"/>
                </form>
            </td>
        </tr>
        <tr>
            <td>
                <a href="/lessons/422">2021-03-01</a>
            </td>
            <td>
                <a href="/lessons/422">11:10</a>
            </td>
            <td>
                <a href="/lessons/422">12:50</a>
            </td>
            <td>
                <a href="/lessons/422">A-1</a>
            </td>
            <td>
                <a href="/lessons/422">History</a>
            </td>
            <td>
                <a href="/lessons/422">Albert Johnson</a>
            </td>
            <td>
                <form method="post" action="/lessons/422"><input type="hidden" name="_method" value="DELETE"/>
                    <input class="btn btn-sm btn-danger" type="submit" value="Delete!"/>
                </form>
            </td>
        </tr>
        <tr>
            <td>
                <a href="/lessons/423">2021-03-01</a>
            </td>
            <td>
                <a href="/lessons/423">13:00</a>
            </td>
            <td>
                <a href="/lessons/423">14:40</a>
            </td>
            <td>
                <a href="/lessons/423">A-2</a>
            </td>
            <td>
                <a href="/lessons/423">Philosophy</a>
            </td>
            <td>
                <a href="/lessons/423">Stanley Gruber</a>
            </td>
            <td>
                <form method="post" action="/lessons/423"><input type="hidden" name="_method" value="DELETE"/>
                    <input class="btn btn-sm btn-danger" type="submit" value="Delete!"/>
                </form>
            </td>
        </tr>
        <tr>
            <td>
                <a href="/lessons/424">2021-03-01</a>
            </td>
            <td>
                <a href="/lessons/424">14:50</a>
            </td>
            <td>
                <a href="/lessons/424">16:30</a>
            </td>
            <td>
                <a href="/lessons/424">B-10</a>
            </td>
            <td>
                <a href="/lessons/424">Philosophy</a>
            </td>
            <td>
                <a href="/lessons/424">Stanley Gruber</a>
            </td>
            <td>
                <form method="post" action="/lessons/424"><input type="hidden" name="_method" value="DELETE"/>
                    <input class="btn btn-sm btn-danger" type="submit" value="Delete!"/>
                </form>
            </td>
        </tr>
        <tr>
            <td>
                <a href="/lessons/425">2021-03-01</a>
            </td>
            <td>
                <a href="/lessons/425">16:40</a>
            </td>
            <td>
                <a href="/lessons/425">18:20</a>
            </td>
            <td>
                <a href="/lessons/425">A-4</a>
            </td>
            <td>
                <a href="/lessons/425">Another course&#39;s name</a>
            </td>
            <td>
                <a href="/lessons/425">Freya Shepp</a>
            </td>
            <td>
                <form method="post" action="/lessons/425"><input type="hidden" name="_method" value="DELETE"/>
                    <input class="btn btn-sm btn-danger" type="submit" value="Delete!"/>
                </form>
            </td>
        </tr>
        <tr>
            <td>
                <a href="/lessons/426">2021-03-01</a>
            </td>
            <td>
                <a href="/lessons/426">09:20</a>
            </td>
            <td>
                <a href="/lessons/426">11:00</a>
            </td>
            <td>
                <a href="/lessons/426">New name</a>
            </td>
            <td>
                <a href="/lessons/426">Biology</a>
            </td>
            <td>
                <a href="/lessons/426">Ellie Purh</a>
            </td>
            <td>
                <form method="post" action="/lessons/426"><input type="hidden" name="_method" value="DELETE"/>
                    <input class="btn btn-sm btn-danger" type="submit" value="Delete!"/>
                </form>
            </td>
        </tr>
        <tr>
            <td>
                <a href="/lessons/427">2021-03-01</a>
            </td>
            <td>
                <a href="/lessons/427">11:10</a>
            </td>
            <td>
                <a href="/lessons/427">12:50</a>
            </td>
            <td>
                <a href="/lessons/427">New name</a>
            </td>
            <td>
                <a href="/lessons/427">Biology</a>
            </td>
            <td>
                <a href="/lessons/427">Ellie Purh</a>
            </td>
            <td>
                <form method="post" action="/lessons/427"><input type="hidden" name="_method" value="DELETE"/>
                    <input class="btn btn-sm btn-danger" type="submit" value="Delete!"/>
                </form>
            </td>
        </tr>
        <tr>
            <td>
                <a href="/lessons/428">2021-03-01</a>
            </td>
            <td>
                <a href="/lessons/428">13:00</a>
            </td>
            <td>
                <a href="/lessons/428">14:40</a>
            </td>
            <td>
                <a href="/lessons/428">B-1</a>
            </td>
            <td>
                <a href="/lessons/428">Biology</a>
            </td>
            <td>
                <a href="/lessons/428">Charlie Byrne</a>
            </td>
            <td>
                <form method="post" action="/lessons/428"><input type="hidden" name="_method" value="DELETE"/>
                    <input class="btn btn-sm btn-danger" type="submit" value="Delete!"/>
                </form>
            </td>
        </tr>
        <tr>
            <td>
                <a href="/lessons/429">2021-03-01</a>
            </td>
            <td>
                <a href="/lessons/429">14:50</a>
            </td>
            <td>
                <a href="/lessons/429">16:30</a>
            </td>
            <td>
                <a href="/lessons/429">B-2</a>
            </td>
            <td>
                <a href="/lessons/429">Biology</a>
            </td>
            <td>
                <a href="/lessons/429">Charlie Byrne</a>
            </td>
            <td>
                <form method="post" action="/lessons/429"><input type="hidden" name="_method" value="DELETE"/>
                    <input class="btn btn-sm btn-danger" type="submit" value="Delete!"/>
                </form>
            </td>
        </tr>
        <tr>
            <td>
                <a href="/lessons/430">2021-03-01</a>
            </td>
            <td>
                <a href="/lessons/430">16:40</a>
            </td>
            <td>
                <a href="/lessons/430">18:20</a>
            </td>
            <td>
                <a href="/lessons/430">B-5</a>
            </td>
            <td>
                <a href="/lessons/430">Biology</a>
            </td>
            <td>
                <a href="/lessons/430">Charlie Byrne</a>
            </td>
            <td>
                <form method="post" action="/lessons/430"><input type="hidden" name="_method" value="DELETE"/>
                    <input class="btn btn-sm btn-danger" type="submit" value="Delete!"/>
                </form>
            </td>
        </tr>
        <tr>
            <td>
                <a href="/lessons/431">2021-03-01</a>
            </td>
            <td>
                <a href="/lessons/431">09:20</a>
            </td>
            <td>
                <a href="/lessons/431">11:00</a>
            </td>
            <td>
                <a href="/lessons/431">C-4</a>
            </td>
            <td>
                <a href="/lessons/431">Mathematics</a>
            </td>
            <td>
                <a href="/lessons/431">Joshua Eve</a>
            </td>
            <td>
                <form method="post" action="/lessons/431"><input type="hidden" name="_method" value="DELETE"/>
                    <input class="btn btn-sm btn-danger" type="submit" value="Delete!"/>
                </form>
            </td>
        </tr>
        <tr>
            <td>
                <a href="/lessons/432">2021-03-01</a>
            </td>
            <td>
                <a href="/lessons/432">11:10</a>
            </td>
            <td>
                <a href="/lessons/432">12:50</a>
            </td>
            <td>
                <a href="/lessons/432">C-4</a>
            </td>
            <td>
                <a href="/lessons/432">Mathematics</a>
            </td>
            <td>
                <a href="/lessons/432">Joshua Eve</a>
            </td>
            <td>
                <form method="post" action="/lessons/432"><input type="hidden" name="_method" value="DELETE"/>
                    <input class="btn btn-sm btn-danger" type="submit" value="Delete!"/>
                </form>
            </td>
        </tr>
        <tr>
            <td>
                <a href="/lessons/433">2021-03-01</a>
            </td>
            <td>
                <a href="/lessons/433">13:00</a>
            </td>
            <td>
                <a href="/lessons/433">14:40</a>
            </td>
            <td>
                <a href="/lessons/433">C-1</a>
            </td>
            <td>
                <a href="/lessons/433">Mathematics</a>
            </td>
            <td>
                <a href="/lessons/433">Joshua Eve</a>
            </td>
            <td>
                <form method="post" action="/lessons/433"><input type="hidden" name="_method" value="DELETE"/>
                    <input class="btn btn-sm btn-danger" type="submit" value="Delete!"/>
                </form>
            </td>
        </tr>
        <tr>
            <td>
                <a href="/lessons/434">2021-03-01</a>
            </td>
            <td>
                <a href="/lessons/434">14:50</a>
            </td>
            <td>
                <a href="/lessons/434">16:30</a>
            </td>
            <td>
                <a href="/lessons/434">C-3</a>
            </td>
            <td>
                <a href="/lessons/434">Mathematics</a>
            </td>
            <td>
                <a href="/lessons/434">Joshua Eve</a>
            </td>
            <td>
                <form method="post" action="/lessons/434"><input type="hidden" name="_method" value="DELETE"/>
                    <input class="btn btn-sm btn-danger" type="submit" value="Delete!"/>
                </form>
            </td>
        </tr>
        <tr>
            <td>
                <a href="/lessons/435">2021-03-01</a>
            </td>
            <td>
                <a href="/lessons/435">16:40</a>
            </td>
            <td>
                <a href="/lessons/435">18:20</a>
            </td>
            <td>
                <a href="/lessons/435">C-5</a>
            </td>
            <td>
                <a href="/lessons/435">Mathematics</a>
            </td>
            <td>
                <a href="/lessons/435">Joshua Eve</a>
            </td>
            <td>
                <form method="post" action="/lessons/435"><input type="hidden" name="_method" value="DELETE"/>
                    <input class="btn btn-sm btn-danger" type="submit" value="Delete!"/>
                </form>
            </td>
        </tr>
        <tr>
            <td>
                <a href="/lessons/436">2021-03-02</a>
            </td>
            <td>
                <a href="/lessons/436">09:20</a>
            </td>
            <td>
                <a href="/lessons/436">11:00</a>
            </td>
            <td>
                <a href="/lessons/436">A-4</a>
            </td>
            <td>
                <a href="/lessons/436">Philosophy</a>
            </td>
            <td>
                <a href="/lessons/436">Stanley Gruber</a>
            </td>
            <td>
                <form method="post" action="/lessons/436"><input type="hidden" name="_method" value="DELETE"/>
                    <input class="btn btn-sm btn-danger" type="submit" value="Delete!"/>
                </form>
            </td>
        </tr>
        <tr>
            <td>
                <a href="/lessons/437">2021-03-02</a>
            </td>
            <td>
                <a href="/lessons/437">11:10</a>
            </td>
            <td>
                <a href="/lessons/437">12:50</a>
            </td>
            <td>
                <a href="/lessons/437">A-1</a>
            </td>
            <td>
                <a href="/lessons/437">Philosophy</a>
            </td>
            <td>
                <a href="/lessons/437">Stanley Gruber</a>
            </td>
            <td>
                <form method="post" action="/lessons/437"><input type="hidden" name="_method" value="DELETE"/>
                    <input class="btn btn-sm btn-danger" type="submit" value="Delete!"/>
                </form>
            </td>
        </tr>
        <tr>
            <td>
                <a href="/lessons/438">2021-03-02</a>
            </td>
            <td>
                <a href="/lessons/438">13:00</a>
            </td>
            <td>
                <a href="/lessons/438">14:40</a>
            </td>
            <td>
                <a href="/lessons/438">A-2</a>
            </td>
            <td>
                <a href="/lessons/438">Another course&#39;s name</a>
            </td>
            <td>
                <a href="/lessons/438">Freya Shepp</a>
            </td>
            <td>
                <form method="post" action="/lessons/438"><input type="hidden" name="_method" value="DELETE"/>
                    <input class="btn btn-sm btn-danger" type="submit" value="Delete!"/>
                </form>
            </td>
        </tr>
        <tr>
            <td>
                <a href="/lessons/439">2021-03-02</a>
            </td>
            <td>
                <a href="/lessons/439">14:50</a>
            </td>
            <td>
                <a href="/lessons/439">16:30</a>
            </td>
            <td>
                <a href="/lessons/439">B-10</a>
            </td>
            <td>
                <a href="/lessons/439">Another course&#39;s name</a>
            </td>
            <td>
                <a href="/lessons/439">Freya Shepp</a>
            </td>
            <td>
                <form method="post" action="/lessons/439"><input type="hidden" name="_method" value="DELETE"/>
                    <input class="btn btn-sm btn-danger" type="submit" value="Delete!"/>
                </form>
            </td>
        </tr>
        <tr>
            <td>
                <a href="/lessons/440">2021-03-02</a>
            </td>
            <td>
                <a href="/lessons/440">16:40</a>
            </td>
            <td>
                <a href="/lessons/440">18:20</a>
            </td>
            <td>
                <a href="/lessons/440">A-4</a>
            </td>
            <td>
                <a href="/lessons/440">Political science</a>
            </td>
            <td>
                <a href="/lessons/440">Olivia Blake</a>
            </td>
            <td>
                <form method="post" action="/lessons/440"><input type="hidden" name="_method" value="DELETE"/>
                    <input class="btn btn-sm btn-danger" type="submit" value="Delete!"/>
                </form>
            </td>
        </tr>
        <tr>
            <td>
                <a href="/lessons/441">2021-03-02</a>
            </td>
            <td>
                <a href="/lessons/441">09:20</a>
            </td>
            <td>
                <a href="/lessons/441">11:00</a>
            </td>
            <td>
                <a href="/lessons/441">New name</a>
            </td>
            <td>
                <a href="/lessons/441">Chemistry</a>
            </td>
            <td>
                <a href="/lessons/441">Samuel Travis</a>
            </td>
            <td>
                <form method="post" action="/lessons/441"><input type="hidden" name="_method" value="DELETE"/>
                    <input class="btn btn-sm btn-danger" type="submit" value="Delete!"/>
                </form>
            </td>
        </tr>
        <tr>
            <td>
                <a href="/lessons/442">2021-03-02</a>
            </td>
            <td>
                <a href="/lessons/442">11:10</a>
            </td>
            <td>
                <a href="/lessons/442">12:50</a>
            </td>
            <td>
                <a href="/lessons/442">New name</a>
            </td>
            <td>
                <a href="/lessons/442">Chemistry</a>
            </td>
            <td>
                <a href="/lessons/442">Samuel Travis</a>
            </td>
            <td>
                <form method="post" action="/lessons/442"><input type="hidden" name="_method" value="DELETE"/>
                    <input class="btn btn-sm btn-danger" type="submit" value="Delete!"/>
                </form>
            </td>
        </tr>
        <tr>
            <td>
                <a href="/lessons/443">2021-03-02</a>
            </td>
            <td>
                <a href="/lessons/443">13:00</a>
            </td>
            <td>
                <a href="/lessons/443">14:40</a>
            </td>
            <td>
                <a href="/lessons/443">B-1</a>
            </td>
            <td>
                <a href="/lessons/443">Chemistry</a>
            </td>
            <td>
                <a href="/lessons/443">Albert Hill</a>
            </td>
            <td>
                <form method="post" action="/lessons/443"><input type="hidden" name="_method" value="DELETE"/>
                    <input class="btn btn-sm btn-danger" type="submit" value="Delete!"/>
                </form>
            </td>
        </tr>
        <tr>
            <td>
                <a href="/lessons/444">2021-03-02</a>
            </td>
            <td>
                <a href="/lessons/444">14:50</a>
            </td>
            <td>
                <a href="/lessons/444">16:30</a>
            </td>
            <td>
                <a href="/lessons/444">B-2</a>
            </td>
            <td>
                <a href="/lessons/444">Chemistry</a>
            </td>
            <td>
                <a href="/lessons/444">Albert Hill</a>
            </td>
            <td>
                <form method="post" action="/lessons/444"><input type="hidden" name="_method" value="DELETE"/>
                    <input class="btn btn-sm btn-danger" type="submit" value="Delete!"/>
                </form>
            </td>
        </tr>
        <tr>
            <td>
                <a href="/lessons/445">2021-03-02</a>
            </td>
            <td>
                <a href="/lessons/445">16:40</a>
            </td>
            <td>
                <a href="/lessons/445">18:20</a>
            </td>
            <td>
                <a href="/lessons/445">B-5</a>
            </td>
            <td>
                <a href="/lessons/445">Chemistry</a>
            </td>
            <td>
                <a href="/lessons/445">Albert Hill</a>
            </td>
            <td>
                <form method="post" action="/lessons/445"><input type="hidden" name="_method" value="DELETE"/>
                    <input class="btn btn-sm btn-danger" type="submit" value="Delete!"/>
                </form>
            </td>
        </tr>
        <tr>
            <td>
                <a href="/lessons/446">2021-03-02</a>
            </td>
            <td>
                <a href="/lessons/446">09:20</a>
            </td>
            <td>
                <a href="/lessons/446">11:00</a>
            </td>
            <td>
                <a href="/lessons/446">C-4</a>
            </td>
            <td>
                <a href="/lessons/446">Physics</a>
            </td>
            <td>
                <a href="/lessons/446">Sophia Roos</a>
            </td>
            <td>
                <form method="post" action="/lessons/446"><input type="hidden" name="_method" value="DELETE"/>
                    <input class="btn btn-sm btn-danger" type="submit" value="Delete!"/>
                </form>
            </td>
        </tr>
        <tr>
            <td>
                <a href="/lessons/447">2021-03-02</a>
            </td>
            <td>
                <a href="/lessons/447">11:10</a>
            </td>
            <td>
                <a href="/lessons/447">12:50</a>
            </td>
            <td>
                <a href="/lessons/447">C-4</a>
            </td>
            <td>
                <a href="/lessons/447">Physics</a>
            </td>
            <td>
                <a href="/lessons/447">Sophia Roos</a>
            </td>
            <td>
                <form method="post" action="/lessons/447"><input type="hidden" name="_method" value="DELETE"/>
                    <input class="btn btn-sm btn-danger" type="submit" value="Delete!"/>
                </form>
            </td>
        </tr>
        <tr>
            <td>
                <a href="/lessons/448">2021-03-02</a>
            </td>
            <td>
                <a href="/lessons/448">13:00</a>
            </td>
            <td>
                <a href="/lessons/448">14:40</a>
            </td>
            <td>
                <a href="/lessons/448">C-1</a>
            </td>
            <td>
                <a href="/lessons/448">Physics</a>
            </td>
            <td>
                <a href="/lessons/448">Sophia Roos</a>
            </td>
            <td>
                <form method="post" action="/lessons/448"><input type="hidden" name="_method" value="DELETE"/>
                    <input class="btn btn-sm btn-danger" type="submit" value="Delete!"/>
                </form>
            </td>
        </tr>
        <tr>
            <td>
                <a href="/lessons/449">2021-03-02</a>
            </td>
            <td>
                <a href="/lessons/449">14:50</a>
            </td>
            <td>
                <a href="/lessons/449">16:30</a>
            </td>
            <td>
                <a href="/lessons/449">C-3</a>
            </td>
            <td>
                <a href="/lessons/449">Physics</a>
            </td>
            <td>
                <a href="/lessons/449">Sophia Roos</a>
            </td>
            <td>
                <form method="post" action="/lessons/449"><input type="hidden" name="_method" value="DELETE"/>
                    <input class="btn btn-sm btn-danger" type="submit" value="Delete!"/>
                </form>
            </td>
        </tr>
        <tr>
            <td>
                <a href="/lessons/450">2021-03-02</a>
            </td>
            <td>
                <a href="/lessons/450">16:40</a>
            </td>
            <td>
                <a href="/lessons/450">18:20</a>
            </td>
            <td>
                <a href="/lessons/450">C-5</a>
            </td>
            <td>
                <a href="/lessons/450">Physics</a>
            </td>
            <td>
                <a href="/lessons/450">Sophia Roos</a>
            </td>
            <td>
                <form method="post" action="/lessons/450"><input type="hidden" name="_method" value="DELETE"/>
                    <input class="btn btn-sm btn-danger" type="submit" value="Delete!"/>
                </form>
            </td>
        </tr>
        <tr>
            <td>
                <a href="/lessons/451">2021-03-03</a>
            </td>
            <td>
                <a href="/lessons/451">09:20</a>
            </td>
            <td>
                <a href="/lessons/451">11:00</a>
            </td>
            <td>
                <a href="/lessons/451">A-4</a>
            </td>
            <td>
                <a href="/lessons/451">Another course&#39;s name</a>
            </td>
            <td>
                <a href="/lessons/451">Freya Shepp</a>
            </td>
            <td>
                <form method="post" action="/lessons/451"><input type="hidden" name="_method" value="DELETE"/>
                    <input class="btn btn-sm btn-danger" type="submit" value="Delete!"/>
                </form>
            </td>
        </tr>
        <tr>
            <td>
                <a href="/lessons/452">2021-03-03</a>
            </td>
            <td>
                <a href="/lessons/452">11:10</a>
            </td>
            <td>
                <a href="/lessons/452">12:50</a>
            </td>
            <td>
                <a href="/lessons/452">A-1</a>
            </td>
            <td>
                <a href="/lessons/452">Another course&#39;s name</a>
            </td>
            <td>
                <a href="/lessons/452">Freya Shepp</a>
            </td>
            <td>
                <form method="post" action="/lessons/452"><input type="hidden" name="_method" value="DELETE"/>
                    <input class="btn btn-sm btn-danger" type="submit" value="Delete!"/>
                </form>
            </td>
        </tr>
        <tr>
            <td>
                <a href="/lessons/453">2021-03-03</a>
            </td>
            <td>
                <a href="/lessons/453">13:00</a>
            </td>
            <td>
                <a href="/lessons/453">14:40</a>
            </td>
            <td>
                <a href="/lessons/453">A-2</a>
            </td>
            <td>
                <a href="/lessons/453">Political science</a>
            </td>
            <td>
                <a href="/lessons/453">Olivia Blake</a>
            </td>
            <td>
                <form method="post" action="/lessons/453"><input type="hidden" name="_method" value="DELETE"/>
                    <input class="btn btn-sm btn-danger" type="submit" value="Delete!"/>
                </form>
            </td>
        </tr>
        <tr>
            <td>
                <a href="/lessons/454">2021-03-03</a>
            </td>
            <td>
                <a href="/lessons/454">14:50</a>
            </td>
            <td>
                <a href="/lessons/454">16:30</a>
            </td>
            <td>
                <a href="/lessons/454">B-10</a>
            </td>
            <td>
                <a href="/lessons/454">Political science</a>
            </td>
            <td>
                <a href="/lessons/454">Olivia Blake</a>
            </td>
            <td>
                <form method="post" action="/lessons/454"><input type="hidden" name="_method" value="DELETE"/>
                    <input class="btn btn-sm btn-danger" type="submit" value="Delete!"/>
                </form>
            </td>
        </tr>
        <tr>
            <td>
                <a href="/lessons/455">2021-03-03</a>
            </td>
            <td>
                <a href="/lessons/455">16:40</a>
            </td>
            <td>
                <a href="/lessons/455">18:20</a>
            </td>
            <td>
                <a href="/lessons/455">A-4</a>
            </td>
            <td>
                <a href="/lessons/455">Culture</a>
            </td>
            <td>
                <a href="/lessons/455">Scarlett Nimoy</a>
            </td>
            <td>
                <form method="post" action="/lessons/455"><input type="hidden" name="_method" value="DELETE"/>
                    <input class="btn btn-sm btn-danger" type="submit" value="Delete!"/>
                </form>
            </td>
        </tr>
        <tr>
            <td>
                <a href="/lessons/456">2021-03-03</a>
            </td>
            <td>
                <a href="/lessons/456">09:20</a>
            </td>
            <td>
                <a href="/lessons/456">11:00</a>
            </td>
            <td>
                <a href="/lessons/456">New name</a>
            </td>
            <td>
                <a href="/lessons/456">Biology</a>
            </td>
            <td>
                <a href="/lessons/456">Ellie Purh</a>
            </td>
            <td>
                <form method="post" action="/lessons/456"><input type="hidden" name="_method" value="DELETE"/>
                    <input class="btn btn-sm btn-danger" type="submit" value="Delete!"/>
                </form>
            </td>
        </tr>
        <tr>
            <td>
                <a href="/lessons/457">2021-03-03</a>
            </td>
            <td>
                <a href="/lessons/457">11:10</a>
            </td>
            <td>
                <a href="/lessons/457">12:50</a>
            </td>
            <td>
                <a href="/lessons/457">New name</a>
            </td>
            <td>
                <a href="/lessons/457">Biology</a>
            </td>
            <td>
                <a href="/lessons/457">Ellie Purh</a>
            </td>
            <td>
                <form method="post" action="/lessons/457"><input type="hidden" name="_method" value="DELETE"/>
                    <input class="btn btn-sm btn-danger" type="submit" value="Delete!"/>
                </form>
            </td>
        </tr>
        <tr>
            <td>
                <a href="/lessons/458">2021-03-03</a>
            </td>
            <td>
                <a href="/lessons/458">13:00</a>
            </td>
            <td>
                <a href="/lessons/458">14:40</a>
            </td>
            <td>
                <a href="/lessons/458">B-1</a>
            </td>
            <td>
                <a href="/lessons/458">Biology</a>
            </td>
            <td>
                <a href="/lessons/458">Charlie Byrne</a>
            </td>
            <td>
                <form method="post" action="/lessons/458"><input type="hidden" name="_method" value="DELETE"/>
                    <input class="btn btn-sm btn-danger" type="submit" value="Delete!"/>
                </form>
            </td>
        </tr>
        <tr>
            <td>
                <a href="/lessons/459">2021-03-03</a>
            </td>
            <td>
                <a href="/lessons/459">14:50</a>
            </td>
            <td>
                <a href="/lessons/459">16:30</a>
            </td>
            <td>
                <a href="/lessons/459">B-2</a>
            </td>
            <td>
                <a href="/lessons/459">Biology</a>
            </td>
            <td>
                <a href="/lessons/459">Charlie Byrne</a>
            </td>
            <td>
                <form method="post" action="/lessons/459"><input type="hidden" name="_method" value="DELETE"/>
                    <input class="btn btn-sm btn-danger" type="submit" value="Delete!"/>
                </form>
            </td>
        </tr>
        <tr>
            <td>
                <a href="/lessons/460">2021-03-03</a>
            </td>
            <td>
                <a href="/lessons/460">16:40</a>
            </td>
            <td>
                <a href="/lessons/460">18:20</a>
            </td>
            <td>
                <a href="/lessons/460">B-5</a>
            </td>
            <td>
                <a href="/lessons/460">Biology</a>
            </td>
            <td>
                <a href="/lessons/460">Charlie Byrne</a>
            </td>
            <td>
                <form method="post" action="/lessons/460"><input type="hidden" name="_method" value="DELETE"/>
                    <input class="btn btn-sm btn-danger" type="submit" value="Delete!"/>
                </form>
            </td>
        </tr>
        <tr>
            <td>
                <a href="/lessons/461">2021-03-03</a>
            </td>
            <td>
                <a href="/lessons/461">09:20</a>
            </td>
            <td>
                <a href="/lessons/461">11:00</a>
            </td>
            <td>
                <a href="/lessons/461">C-4</a>
            </td>
            <td>
                <a href="/lessons/461">Geometry</a>
            </td>
            <td>
                <a href="/lessons/461">Mia Brown</a>
            </td>
            <td>
                <form method="post" action="/lessons/461"><input type="hidden" name="_method" value="DELETE"/>
                    <input class="btn btn-sm btn-danger" type="submit" value="Delete!"/>
                </form>
            </td>
        </tr>
        <tr>
            <td>
                <a href="/lessons/462">2021-03-03</a>
            </td>
            <td>
                <a href="/lessons/462">11:10</a>
            </td>
            <td>
                <a href="/lessons/462">12:50</a>
            </td>
            <td>
                <a href="/lessons/462">C-4</a>
            </td>
            <td>
                <a href="/lessons/462">Geometry</a>
            </td>
            <td>
                <a href="/lessons/462">Mia Brown</a>
            </td>
            <td>
                <form method="post" action="/lessons/462"><input type="hidden" name="_method" value="DELETE"/>
                    <input class="btn btn-sm btn-danger" type="submit" value="Delete!"/>
                </form>
            </td>
        </tr>
        <tr>
            <td>
                <a href="/lessons/463">2021-03-03</a>
            </td>
            <td>
                <a href="/lessons/463">13:00</a>
            </td>
            <td>
                <a href="/lessons/463">14:40</a>
            </td>
            <td>
                <a href="/lessons/463">C-1</a>
            </td>
            <td>
                <a href="/lessons/463">Geometry</a>
            </td>
            <td>
                <a href="/lessons/463">Mia Brown</a>
            </td>
            <td>
                <form method="post" action="/lessons/463"><input type="hidden" name="_method" value="DELETE"/>
                    <input class="btn btn-sm btn-danger" type="submit" value="Delete!"/>
                </form>
            </td>
        </tr>
        <tr>
            <td>
                <a href="/lessons/464">2021-03-03</a>
            </td>
            <td>
                <a href="/lessons/464">14:50</a>
            </td>
            <td>
                <a href="/lessons/464">16:30</a>
            </td>
            <td>
                <a href="/lessons/464">C-3</a>
            </td>
            <td>
                <a href="/lessons/464">Geometry</a>
            </td>
            <td>
                <a href="/lessons/464">Mia Brown</a>
            </td>
            <td>
                <form method="post" action="/lessons/464"><input type="hidden" name="_method" value="DELETE"/>
                    <input class="btn btn-sm btn-danger" type="submit" value="Delete!"/>
                </form>
            </td>
        </tr>
        <tr>
            <td>
                <a href="/lessons/465">2021-03-03</a>
            </td>
            <td>
                <a href="/lessons/465">16:40</a>
            </td>
            <td>
                <a href="/lessons/465">18:20</a>
            </td>
            <td>
                <a href="/lessons/465">C-5</a>
            </td>
            <td>
                <a href="/lessons/465">Geometry</a>
            </td>
            <td>
                <a href="/lessons/465">Mia Brown</a>
            </td>
            <td>
                <form method="post" action="/lessons/465"><input type="hidden" name="_method" value="DELETE"/>
                    <input class="btn btn-sm btn-danger" type="submit" value="Delete!"/>
                </form>
            </td>
        </tr>
        <tr>
            <td>
                <a href="/lessons/466">2021-03-04</a>
            </td>
            <td>
                <a href="/lessons/466">09:20</a>
            </td>
            <td>
                <a href="/lessons/466">11:00</a>
            </td>
            <td>
                <a href="/lessons/466">A-4</a>
            </td>
            <td>
                <a href="/lessons/466">Political science</a>
            </td>
            <td>
                <a href="/lessons/466">Olivia Blake</a>
            </td>
            <td>
                <form method="post" action="/lessons/466"><input type="hidden" name="_method" value="DELETE"/>
                    <input class="btn btn-sm btn-danger" type="submit" value="Delete!"/>
                </form>
            </td>
        </tr>
        <tr>
            <td>
                <a href="/lessons/467">2021-03-04</a>
            </td>
            <td>
                <a href="/lessons/467">11:10</a>
            </td>
            <td>
                <a href="/lessons/467">12:50</a>
            </td>
            <td>
                <a href="/lessons/467">A-1</a>
            </td>
            <td>
                <a href="/lessons/467">Political science</a>
            </td>
            <td>
                <a href="/lessons/467">Olivia Blake</a>
            </td>
            <td>
                <form method="post" action="/lessons/467"><input type="hidden" name="_method" value="DELETE"/>
                    <input class="btn btn-sm btn-danger" type="submit" value="Delete!"/>
                </form>
            </td>
        </tr>
        <tr>
            <td>
                <a href="/lessons/468">2021-03-04</a>
            </td>
            <td>
                <a href="/lessons/468">13:00</a>
            </td>
            <td>
                <a href="/lessons/468">14:40</a>
            </td>
            <td>
                <a href="/lessons/468">A-2</a>
            </td>
            <td>
                <a href="/lessons/468">Culture</a>
            </td>
            <td>
                <a href="/lessons/468">Scarlett Nimoy</a>
            </td>
            <td>
                <form method="post" action="/lessons/468"><input type="hidden" name="_method" value="DELETE"/>
                    <input class="btn btn-sm btn-danger" type="submit" value="Delete!"/>
                </form>
            </td>
        </tr>
        <tr>
            <td>
                <a href="/lessons/469">2021-03-04</a>
            </td>
            <td>
                <a href="/lessons/469">14:50</a>
            </td>
            <td>
                <a href="/lessons/469">16:30</a>
            </td>
            <td>
                <a href="/lessons/469">B-10</a>
            </td>
            <td>
                <a href="/lessons/469">Culture</a>
            </td>
            <td>
                <a href="/lessons/469">Scarlett Nimoy</a>
            </td>
            <td>
                <form method="post" action="/lessons/469"><input type="hidden" name="_method" value="DELETE"/>
                    <input class="btn btn-sm btn-danger" type="submit" value="Delete!"/>
                </form>
            </td>
        </tr>
        <tr>
            <td>
                <a href="/lessons/470">2021-03-04</a>
            </td>
            <td>
                <a href="/lessons/470">16:40</a>
            </td>
            <td>
                <a href="/lessons/470">18:20</a>
            </td>
            <td>
                <a href="/lessons/470">A-4</a>
            </td>
            <td>
                <a href="/lessons/470">History</a>
            </td>
            <td>
                <a href="/lessons/470">Albert Johnson</a>
            </td>
            <td>
                <form method="post" action="/lessons/470"><input type="hidden" name="_method" value="DELETE"/>
                    <input class="btn btn-sm btn-danger" type="submit" value="Delete!"/>
                </form>
            </td>
        </tr>
        <tr>
            <td>
                <a href="/lessons/471">2021-03-04</a>
            </td>
            <td>
                <a href="/lessons/471">09:20</a>
            </td>
            <td>
                <a href="/lessons/471">11:00</a>
            </td>
            <td>
                <a href="/lessons/471">New name</a>
            </td>
            <td>
                <a href="/lessons/471">Chemistry</a>
            </td>
            <td>
                <a href="/lessons/471">Samuel Travis</a>
            </td>
            <td>
                <form method="post" action="/lessons/471"><input type="hidden" name="_method" value="DELETE"/>
                    <input class="btn btn-sm btn-danger" type="submit" value="Delete!"/>
                </form>
            </td>
        </tr>
        <tr>
            <td>
                <a href="/lessons/472">2021-03-04</a>
            </td>
            <td>
                <a href="/lessons/472">11:10</a>
            </td>
            <td>
                <a href="/lessons/472">12:50</a>
            </td>
            <td>
                <a href="/lessons/472">New name</a>
            </td>
            <td>
                <a href="/lessons/472">Chemistry</a>
            </td>
            <td>
                <a href="/lessons/472">Samuel Travis</a>
            </td>
            <td>
                <form method="post" action="/lessons/472"><input type="hidden" name="_method" value="DELETE"/>
                    <input class="btn btn-sm btn-danger" type="submit" value="Delete!"/>
                </form>
            </td>
        </tr>
        <tr>
            <td>
                <a href="/lessons/473">2021-03-04</a>
            </td>
            <td>
                <a href="/lessons/473">13:00</a>
            </td>
            <td>
                <a href="/lessons/473">14:40</a>
            </td>
            <td>
                <a href="/lessons/473">B-1</a>
            </td>
            <td>
                <a href="/lessons/473">Chemistry</a>
            </td>
            <td>
                <a href="/lessons/473">Albert Hill</a>
            </td>
            <td>
                <form method="post" action="/lessons/473"><input type="hidden" name="_method" value="DELETE"/>
                    <input class="btn btn-sm btn-danger" type="submit" value="Delete!"/>
                </form>
            </td>
        </tr>
        <tr>
            <td>
                <a href="/lessons/474">2021-03-04</a>
            </td>
            <td>
                <a href="/lessons/474">14:50</a>
            </td>
            <td>
                <a href="/lessons/474">16:30</a>
            </td>
            <td>
                <a href="/lessons/474">B-2</a>
            </td>
            <td>
                <a href="/lessons/474">Chemistry</a>
            </td>
            <td>
                <a href="/lessons/474">Albert Hill</a>
            </td>
            <td>
                <form method="post" action="/lessons/474"><input type="hidden" name="_method" value="DELETE"/>
                    <input class="btn btn-sm btn-danger" type="submit" value="Delete!"/>
                </form>
            </td>
        </tr>
        <tr>
            <td>
                <a href="/lessons/475">2021-03-04</a>
            </td>
            <td>
                <a href="/lessons/475">16:40</a>
            </td>
            <td>
                <a href="/lessons/475">18:20</a>
            </td>
            <td>
                <a href="/lessons/475">B-5</a>
            </td>
            <td>
                <a href="/lessons/475">Chemistry</a>
            </td>
            <td>
                <a href="/lessons/475">Albert Hill</a>
            </td>
            <td>
                <form method="post" action="/lessons/475"><input type="hidden" name="_method" value="DELETE"/>
                    <input class="btn btn-sm btn-danger" type="submit" value="Delete!"/>
                </form>
            </td>
        </tr>
        <tr>
            <td>
                <a href="/lessons/476">2021-03-04</a>
            </td>
            <td>
                <a href="/lessons/476">09:20</a>
            </td>
            <td>
                <a href="/lessons/476">11:00</a>
            </td>
            <td>
                <a href="/lessons/476">C-4</a>
            </td>
            <td>
                <a href="/lessons/476">Mathematics</a>
            </td>
            <td>
                <a href="/lessons/476">Joshua Eve</a>
            </td>
            <td>
                <form method="post" action="/lessons/476"><input type="hidden" name="_method" value="DELETE"/>
                    <input class="btn btn-sm btn-danger" type="submit" value="Delete!"/>
                </form>
            </td>
        </tr>
        <tr>
            <td>
                <a href="/lessons/477">2021-03-04</a>
            </td>
            <td>
                <a href="/lessons/477">11:10</a>
            </td>
            <td>
                <a href="/lessons/477">12:50</a>
            </td>
            <td>
                <a href="/lessons/477">C-4</a>
            </td>
            <td>
                <a href="/lessons/477">Mathematics</a>
            </td>
            <td>
                <a href="/lessons/477">Joshua Eve</a>
            </td>
            <td>
                <form method="post" action="/lessons/477"><input type="hidden" name="_method" value="DELETE"/>
                    <input class="btn btn-sm btn-danger" type="submit" value="Delete!"/>
                </form>
            </td>
        </tr>
        <tr>
            <td>
                <a href="/lessons/478">2021-03-04</a>
            </td>
            <td>
                <a href="/lessons/478">13:00</a>
            </td>
            <td>
                <a href="/lessons/478">14:40</a>
            </td>
            <td>
                <a href="/lessons/478">C-2</a>
            </td>
            <td>
                <a href="/lessons/478">Physics</a>
            </td>
            <td>
                <a href="/lessons/478">Sophia Roos</a>
            </td>
            <td>
                <form method="post" action="/lessons/478"><input type="hidden" name="_method" value="DELETE"/>
                    <input class="btn btn-sm btn-danger" type="submit" value="Delete!"/>
                </form>
            </td>
        </tr>
        <tr>
            <td>
                <a href="/lessons/479">2021-03-04</a>
            </td>
            <td>
                <a href="/lessons/479">14:50</a>
            </td>
            <td>
                <a href="/lessons/479">16:30</a>
            </td>
            <td>
                <a href="/lessons/479">C-2</a>
            </td>
            <td>
                <a href="/lessons/479">Geometry</a>
            </td>
            <td>
                <a href="/lessons/479">Mia Brown</a>
            </td>
            <td>
                <form method="post" action="/lessons/479"><input type="hidden" name="_method" value="DELETE"/>
                    <input class="btn btn-sm btn-danger" type="submit" value="Delete!"/>
                </form>
            </td>
        </tr>
        <tr>
            <td>
                <a href="/lessons/480">2021-03-04</a>
            </td>
            <td>
                <a href="/lessons/480">16:40</a>
            </td>
            <td>
                <a href="/lessons/480">18:20</a>
            </td>
            <td>
                <a href="/lessons/480">C-5</a>
            </td>
            <td>
                <a href="/lessons/480">Mathematics</a>
            </td>
            <td>
                <a href="/lessons/480">Joshua Eve</a>
            </td>
            <td>
                <form method="post" action="/lessons/480"><input type="hidden" name="_method" value="DELETE"/>
                    <input class="btn btn-sm btn-danger" type="submit" value="Delete!"/>
                </form>
            </td>
        </tr>
        <tr>
            <td>
                <a href="/lessons/481">2021-03-05</a>
            </td>
            <td>
                <a href="/lessons/481">09:20</a>
            </td>
            <td>
                <a href="/lessons/481">11:00</a>
            </td>
            <td>
                <a href="/lessons/481">A-4</a>
            </td>
            <td>
                <a href="/lessons/481">Culture</a>
            </td>
            <td>
                <a href="/lessons/481">Scarlett Nimoy</a>
            </td>
            <td>
                <form method="post" action="/lessons/481"><input type="hidden" name="_method" value="DELETE"/>
                    <input class="btn btn-sm btn-danger" type="submit" value="Delete!"/>
                </form>
            </td>
        </tr>
        <tr>
            <td>
                <a href="/lessons/482">2021-03-05</a>
            </td>
            <td>
                <a href="/lessons/482">11:10</a>
            </td>
            <td>
                <a href="/lessons/482">12:50</a>
            </td>
            <td>
                <a href="/lessons/482">A-1</a>
            </td>
            <td>
                <a href="/lessons/482">Culture</a>
            </td>
            <td>
                <a href="/lessons/482">Scarlett Nimoy</a>
            </td>
            <td>
                <form method="post" action="/lessons/482"><input type="hidden" name="_method" value="DELETE"/>
                    <input class="btn btn-sm btn-danger" type="submit" value="Delete!"/>
                </form>
            </td>
        </tr>
        <tr>
            <td>
                <a href="/lessons/483">2021-03-05</a>
            </td>
            <td>
                <a href="/lessons/483">13:00</a>
            </td>
            <td>
                <a href="/lessons/483">14:40</a>
            </td>
            <td>
                <a href="/lessons/483">A-2</a>
            </td>
            <td>
                <a href="/lessons/483">History</a>
            </td>
            <td>
                <a href="/lessons/483">Albert Johnson</a>
            </td>
            <td>
                <form method="post" action="/lessons/483"><input type="hidden" name="_method" value="DELETE"/>
                    <input class="btn btn-sm btn-danger" type="submit" value="Delete!"/>
                </form>
            </td>
        </tr>
        <tr>
            <td>
                <a href="/lessons/484">2021-03-05</a>
            </td>
            <td>
                <a href="/lessons/484">14:50</a>
            </td>
            <td>
                <a href="/lessons/484">16:30</a>
            </td>
            <td>
                <a href="/lessons/484">B-10</a>
            </td>
            <td>
                <a href="/lessons/484">History</a>
            </td>
            <td>
                <a href="/lessons/484">Albert Johnson</a>
            </td>
            <td>
                <form method="post" action="/lessons/484"><input type="hidden" name="_method" value="DELETE"/>
                    <input class="btn btn-sm btn-danger" type="submit" value="Delete!"/>
                </form>
            </td>
        </tr>
        <tr>
            <td>
                <a href="/lessons/485">2021-03-05</a>
            </td>
            <td>
                <a href="/lessons/485">16:40</a>
            </td>
            <td>
                <a href="/lessons/485">18:20</a>
            </td>
            <td>
                <a href="/lessons/485">A-4</a>
            </td>
            <td>
                <a href="/lessons/485">Philosophy</a>
            </td>
            <td>
                <a href="/lessons/485">Stanley Gruber</a>
            </td>
            <td>
                <form method="post" action="/lessons/485"><input type="hidden" name="_method" value="DELETE"/>
                    <input class="btn btn-sm btn-danger" type="submit" value="Delete!"/>
                </form>
            </td>
        </tr>
        <tr>
            <td>
                <a href="/lessons/486">2021-03-05</a>
            </td>
            <td>
                <a href="/lessons/486">09:20</a>
            </td>
            <td>
                <a href="/lessons/486">11:00</a>
            </td>
            <td>
                <a href="/lessons/486">New name</a>
            </td>
            <td>
                <a href="/lessons/486">Biology</a>
            </td>
            <td>
                <a href="/lessons/486">Ellie Purh</a>
            </td>
            <td>
                <form method="post" action="/lessons/486"><input type="hidden" name="_method" value="DELETE"/>
                    <input class="btn btn-sm btn-danger" type="submit" value="Delete!"/>
                </form>
            </td>
        </tr>
        <tr>
            <td>
                <a href="/lessons/487">2021-03-05</a>
            </td>
            <td>
                <a href="/lessons/487">11:10</a>
            </td>
            <td>
                <a href="/lessons/487">12:50</a>
            </td>
            <td>
                <a href="/lessons/487">New name</a>
            </td>
            <td>
                <a href="/lessons/487">Biology</a>
            </td>
            <td>
                <a href="/lessons/487">Ellie Purh</a>
            </td>
            <td>
                <form method="post" action="/lessons/487"><input type="hidden" name="_method" value="DELETE"/>
                    <input class="btn btn-sm btn-danger" type="submit" value="Delete!"/>
                </form>
            </td>
        </tr>
        <tr>
            <td>
                <a href="/lessons/488">2021-03-05</a>
            </td>
            <td>
                <a href="/lessons/488">13:00</a>
            </td>
            <td>
                <a href="/lessons/488">14:40</a>
            </td>
            <td>
                <a href="/lessons/488">B-1</a>
            </td>
            <td>
                <a href="/lessons/488">Biology</a>
            </td>
            <td>
                <a href="/lessons/488">Charlie Byrne</a>
            </td>
            <td>
                <form method="post" action="/lessons/488"><input type="hidden" name="_method" value="DELETE"/>
                    <input class="btn btn-sm btn-danger" type="submit" value="Delete!"/>
                </form>
            </td>
        </tr>
        <tr>
            <td>
                <a href="/lessons/489">2021-03-05</a>
            </td>
            <td>
                <a href="/lessons/489">14:50</a>
            </td>
            <td>
                <a href="/lessons/489">16:30</a>
            </td>
            <td>
                <a href="/lessons/489">B-2</a>
            </td>
            <td>
                <a href="/lessons/489">Biology</a>
            </td>
            <td>
                <a href="/lessons/489">Charlie Byrne</a>
            </td>
            <td>
                <form method="post" action="/lessons/489"><input type="hidden" name="_method" value="DELETE"/>
                    <input class="btn btn-sm btn-danger" type="submit" value="Delete!"/>
                </form>
            </td>
        </tr>
        <tr>
            <td>
                <a href="/lessons/490">2021-03-05</a>
            </td>
            <td>
                <a href="/lessons/490">16:40</a>
            </td>
            <td>
                <a href="/lessons/490">18:20</a>
            </td>
            <td>
                <a href="/lessons/490">B-5</a>
            </td>
            <td>
                <a href="/lessons/490">Biology</a>
            </td>
            <td>
                <a href="/lessons/490">Charlie Byrne</a>
            </td>
            <td>
                <form method="post" action="/lessons/490"><input type="hidden" name="_method" value="DELETE"/>
                    <input class="btn btn-sm btn-danger" type="submit" value="Delete!"/>
                </form>
            </td>
        </tr>
        <tr>
            <td>
                <a href="/lessons/491">2021-03-05</a>
            </td>
            <td>
                <a href="/lessons/491">09:20</a>
            </td>
            <td>
                <a href="/lessons/491">11:00</a>
            </td>
            <td>
                <a href="/lessons/491">C-4</a>
            </td>
            <td>
                <a href="/lessons/491">Physics</a>
            </td>
            <td>
                <a href="/lessons/491">Sophia Roos</a>
            </td>
            <td>
                <form method="post" action="/lessons/491"><input type="hidden" name="_method" value="DELETE"/>
                    <input class="btn btn-sm btn-danger" type="submit" value="Delete!"/>
                </form>
            </td>
        </tr>
        <tr>
            <td>
                <a href="/lessons/492">2021-03-05</a>
            </td>
            <td>
                <a href="/lessons/492">11:10</a>
            </td>
            <td>
                <a href="/lessons/492">12:50</a>
            </td>
            <td>
                <a href="/lessons/492">C-4</a>
            </td>
            <td>
                <a href="/lessons/492">Geometry</a>
            </td>
            <td>
                <a href="/lessons/492">Mia Brown</a>
            </td>
            <td>
                <form method="post" action="/lessons/492"><input type="hidden" name="_method" value="DELETE"/>
                    <input class="btn btn-sm btn-danger" type="submit" value="Delete!"/>
                </form>
            </td>
        </tr>
        <tr>
            <td>
                <a href="/lessons/493">2021-03-05</a>
            </td>
            <td>
                <a href="/lessons/493">13:00</a>
            </td>
            <td>
                <a href="/lessons/493">14:40</a>
            </td>
            <td>
                <a href="/lessons/493">C-3</a>
            </td>
            <td>
                <a href="/lessons/493">Mathematics</a>
            </td>
            <td>
                <a href="/lessons/493">Joshua Eve</a>
            </td>
            <td>
                <form method="post" action="/lessons/493"><input type="hidden" name="_method" value="DELETE"/>
                    <input class="btn btn-sm btn-danger" type="submit" value="Delete!"/>
                </form>
            </td>
        </tr>
        <tr>
            <td>
                <a href="/lessons/494">2021-03-05</a>
            </td>
            <td>
                <a href="/lessons/494">14:50</a>
            </td>
            <td>
                <a href="/lessons/494">16:30</a>
            </td>
            <td>
                <a href="/lessons/494">C-5</a>
            </td>
            <td>
                <a href="/lessons/494">Physics</a>
            </td>
            <td>
                <a href="/lessons/494">Sophia Roos</a>
            </td>
            <td>
                <form method="post" action="/lessons/494"><input type="hidden" name="_method" value="DELETE"/>
                    <input class="btn btn-sm btn-danger" type="submit" value="Delete!"/>
                </form>
            </td>
        </tr>
        <tr>
            <td>
                <a href="/lessons/496">2021-12-07</a>
            </td>
            <td>
                <a href="/lessons/496">09:20</a>
            </td>
            <td>
                <a href="/lessons/496">10:00</a>
            </td>
            <td>
                <a href="/lessons/496">A-1</a>
            </td>
            <td>
                <a href="/lessons/496">History</a>
            </td>
            <td>
                <a href="/lessons/496">Albert Johnson</a>
            </td>
            <td>
                <form method="post" action="/lessons/496"><input type="hidden" name="_method" value="DELETE"/>
                    <input class="btn btn-sm btn-danger" type="submit" value="Delete!"/>
                </form>
            </td>
        </tr>
        </tbody>
    </table>
</div>
</body>
</html>

    Forwarded URL = null
   Redirected URL = null
          Cookies = []
Hibernate: select lesson0_.id as id1_4_, lesson0_.classroom_id as classroo5_4_, lesson0_.course_id as course_i6_4_, lesson0_.date as date2_4_, lesson0_.end_time as end_time3_4_, lesson0_.start_time as start_ti4_4_, lesson0_.teacher_id as teacher_7_4_ from lessons lesson0_
Hibernate: select classroom0_.id as id1_1_0_, classroom0_.building_id as building5_1_0_, classroom0_.room_capacity as room_cap2_1_0_, classroom0_.room_name as room_nam3_1_0_, classroom0_.room_type as room_typ4_1_0_, building1_.id as id1_0_1_, building1_.building_name as building2_0_1_ from classrooms classroom0_ left outer join buildings building1_ on classroom0_.building_id=building1_.id where classroom0_.id=?
Hibernate: select course0_.id as id1_2_0_, course0_.course_name as course_n2_2_0_, courseteac1_.course_id as course_i2_8_1_, teacher2_.id as teacher_1_8_1_, teacher2_.id as id1_7_2_, teacher2_.faculty_id as faculty_4_7_2_, teacher2_.first_name as first_na2_7_2_, teacher2_.last_name as last_nam3_7_2_, faculty3_.id as id1_3_3_, faculty3_.faculty_name as faculty_2_3_3_ from courses course0_ left outer join teachers_courses courseteac1_ on course0_.id=courseteac1_.course_id left outer join teachers teacher2_ on courseteac1_.teacher_id=teacher2_.id left outer join faculties faculty3_ on teacher2_.faculty_id=faculty3_.id where course0_.id=?
Hibernate: select classroom0_.id as id1_1_0_, classroom0_.building_id as building5_1_0_, classroom0_.room_capacity as room_cap2_1_0_, classroom0_.room_name as room_nam3_1_0_, classroom0_.room_type as room_typ4_1_0_, building1_.id as id1_0_1_, building1_.building_name as building2_0_1_ from classrooms classroom0_ left outer join buildings building1_ on classroom0_.building_id=building1_.id where classroom0_.id=?
Hibernate: select classroom0_.id as id1_1_0_, classroom0_.building_id as building5_1_0_, classroom0_.room_capacity as room_cap2_1_0_, classroom0_.room_name as room_nam3_1_0_, classroom0_.room_type as room_typ4_1_0_, building1_.id as id1_0_1_, building1_.building_name as building2_0_1_ from classrooms classroom0_ left outer join buildings building1_ on classroom0_.building_id=building1_.id where classroom0_.id=?
Hibernate: select course0_.id as id1_2_0_, course0_.course_name as course_n2_2_0_, courseteac1_.course_id as course_i2_8_1_, teacher2_.id as teacher_1_8_1_, teacher2_.id as id1_7_2_, teacher2_.faculty_id as faculty_4_7_2_, teacher2_.first_name as first_na2_7_2_, teacher2_.last_name as last_nam3_7_2_, faculty3_.id as id1_3_3_, faculty3_.faculty_name as faculty_2_3_3_ from courses course0_ left outer join teachers_courses courseteac1_ on course0_.id=courseteac1_.course_id left outer join teachers teacher2_ on courseteac1_.teacher_id=teacher2_.id left outer join faculties faculty3_ on teacher2_.faculty_id=faculty3_.id where course0_.id=?
Hibernate: select classroom0_.id as id1_1_0_, classroom0_.building_id as building5_1_0_, classroom0_.room_capacity as room_cap2_1_0_, classroom0_.room_name as room_nam3_1_0_, classroom0_.room_type as room_typ4_1_0_, building1_.id as id1_0_1_, building1_.building_name as building2_0_1_ from classrooms classroom0_ left outer join buildings building1_ on classroom0_.building_id=building1_.id where classroom0_.id=?
Hibernate: select course0_.id as id1_2_0_, course0_.course_name as course_n2_2_0_, courseteac1_.course_id as course_i2_8_1_, teacher2_.id as teacher_1_8_1_, teacher2_.id as id1_7_2_, teacher2_.faculty_id as faculty_4_7_2_, teacher2_.first_name as first_na2_7_2_, teacher2_.last_name as last_nam3_7_2_, faculty3_.id as id1_3_3_, faculty3_.faculty_name as faculty_2_3_3_ from courses course0_ left outer join teachers_courses courseteac1_ on course0_.id=courseteac1_.course_id left outer join teachers teacher2_ on courseteac1_.teacher_id=teacher2_.id left outer join faculties faculty3_ on teacher2_.faculty_id=faculty3_.id where course0_.id=?
Hibernate: select classroom0_.id as id1_1_0_, classroom0_.building_id as building5_1_0_, classroom0_.room_capacity as room_cap2_1_0_, classroom0_.room_name as room_nam3_1_0_, classroom0_.room_type as room_typ4_1_0_, building1_.id as id1_0_1_, building1_.building_name as building2_0_1_ from classrooms classroom0_ left outer join buildings building1_ on classroom0_.building_id=building1_.id where classroom0_.id=?
Hibernate: select course0_.id as id1_2_0_, course0_.course_name as course_n2_2_0_, courseteac1_.course_id as course_i2_8_1_, teacher2_.id as teacher_1_8_1_, teacher2_.id as id1_7_2_, teacher2_.faculty_id as faculty_4_7_2_, teacher2_.first_name as first_na2_7_2_, teacher2_.last_name as last_nam3_7_2_, faculty3_.id as id1_3_3_, faculty3_.faculty_name as faculty_2_3_3_ from courses course0_ left outer join teachers_courses courseteac1_ on course0_.id=courseteac1_.course_id left outer join teachers teacher2_ on courseteac1_.teacher_id=teacher2_.id left outer join faculties faculty3_ on teacher2_.faculty_id=faculty3_.id where course0_.id=?
Hibernate: select classroom0_.id as id1_1_0_, classroom0_.building_id as building5_1_0_, classroom0_.room_capacity as room_cap2_1_0_, classroom0_.room_name as room_nam3_1_0_, classroom0_.room_type as room_typ4_1_0_, building1_.id as id1_0_1_, building1_.building_name as building2_0_1_ from classrooms classroom0_ left outer join buildings building1_ on classroom0_.building_id=building1_.id where classroom0_.id=?
Hibernate: select classroom0_.id as id1_1_0_, classroom0_.building_id as building5_1_0_, classroom0_.room_capacity as room_cap2_1_0_, classroom0_.room_name as room_nam3_1_0_, classroom0_.room_type as room_typ4_1_0_, building1_.id as id1_0_1_, building1_.building_name as building2_0_1_ from classrooms classroom0_ left outer join buildings building1_ on classroom0_.building_id=building1_.id where classroom0_.id=?
Hibernate: select classroom0_.id as id1_1_0_, classroom0_.building_id as building5_1_0_, classroom0_.room_capacity as room_cap2_1_0_, classroom0_.room_name as room_nam3_1_0_, classroom0_.room_type as room_typ4_1_0_, building1_.id as id1_0_1_, building1_.building_name as building2_0_1_ from classrooms classroom0_ left outer join buildings building1_ on classroom0_.building_id=building1_.id where classroom0_.id=?
Hibernate: select classroom0_.id as id1_1_0_, classroom0_.building_id as building5_1_0_, classroom0_.room_capacity as room_cap2_1_0_, classroom0_.room_name as room_nam3_1_0_, classroom0_.room_type as room_typ4_1_0_, building1_.id as id1_0_1_, building1_.building_name as building2_0_1_ from classrooms classroom0_ left outer join buildings building1_ on classroom0_.building_id=building1_.id where classroom0_.id=?
Hibernate: select course0_.id as id1_2_0_, course0_.course_name as course_n2_2_0_, courseteac1_.course_id as course_i2_8_1_, teacher2_.id as teacher_1_8_1_, teacher2_.id as id1_7_2_, teacher2_.faculty_id as faculty_4_7_2_, teacher2_.first_name as first_na2_7_2_, teacher2_.last_name as last_nam3_7_2_, faculty3_.id as id1_3_3_, faculty3_.faculty_name as faculty_2_3_3_ from courses course0_ left outer join teachers_courses courseteac1_ on course0_.id=courseteac1_.course_id left outer join teachers teacher2_ on courseteac1_.teacher_id=teacher2_.id left outer join faculties faculty3_ on teacher2_.faculty_id=faculty3_.id where course0_.id=?
Hibernate: select classroom0_.id as id1_1_0_, classroom0_.building_id as building5_1_0_, classroom0_.room_capacity as room_cap2_1_0_, classroom0_.room_name as room_nam3_1_0_, classroom0_.room_type as room_typ4_1_0_, building1_.id as id1_0_1_, building1_.building_name as building2_0_1_ from classrooms classroom0_ left outer join buildings building1_ on classroom0_.building_id=building1_.id where classroom0_.id=?
Hibernate: select classroom0_.id as id1_1_0_, classroom0_.building_id as building5_1_0_, classroom0_.room_capacity as room_cap2_1_0_, classroom0_.room_name as room_nam3_1_0_, classroom0_.room_type as room_typ4_1_0_, building1_.id as id1_0_1_, building1_.building_name as building2_0_1_ from classrooms classroom0_ left outer join buildings building1_ on classroom0_.building_id=building1_.id where classroom0_.id=?
Hibernate: select classroom0_.id as id1_1_0_, classroom0_.building_id as building5_1_0_, classroom0_.room_capacity as room_cap2_1_0_, classroom0_.room_name as room_nam3_1_0_, classroom0_.room_type as room_typ4_1_0_, building1_.id as id1_0_1_, building1_.building_name as building2_0_1_ from classrooms classroom0_ left outer join buildings building1_ on classroom0_.building_id=building1_.id where classroom0_.id=?
Hibernate: select course0_.id as id1_2_0_, course0_.course_name as course_n2_2_0_, courseteac1_.course_id as course_i2_8_1_, teacher2_.id as teacher_1_8_1_, teacher2_.id as id1_7_2_, teacher2_.faculty_id as faculty_4_7_2_, teacher2_.first_name as first_na2_7_2_, teacher2_.last_name as last_nam3_7_2_, faculty3_.id as id1_3_3_, faculty3_.faculty_name as faculty_2_3_3_ from courses course0_ left outer join teachers_courses courseteac1_ on course0_.id=courseteac1_.course_id left outer join teachers teacher2_ on courseteac1_.teacher_id=teacher2_.id left outer join faculties faculty3_ on teacher2_.faculty_id=faculty3_.id where course0_.id=?
Hibernate: select course0_.id as id1_2_0_, course0_.course_name as course_n2_2_0_, courseteac1_.course_id as course_i2_8_1_, teacher2_.id as teacher_1_8_1_, teacher2_.id as id1_7_2_, teacher2_.faculty_id as faculty_4_7_2_, teacher2_.first_name as first_na2_7_2_, teacher2_.last_name as last_nam3_7_2_, faculty3_.id as id1_3_3_, faculty3_.faculty_name as faculty_2_3_3_ from courses course0_ left outer join teachers_courses courseteac1_ on course0_.id=courseteac1_.course_id left outer join teachers teacher2_ on courseteac1_.teacher_id=teacher2_.id left outer join faculties faculty3_ on teacher2_.faculty_id=faculty3_.id where course0_.id=?
Hibernate: select course0_.id as id1_2_0_, course0_.course_name as course_n2_2_0_, courseteac1_.course_id as course_i2_8_1_, teacher2_.id as teacher_1_8_1_, teacher2_.id as id1_7_2_, teacher2_.faculty_id as faculty_4_7_2_, teacher2_.first_name as first_na2_7_2_, teacher2_.last_name as last_nam3_7_2_, faculty3_.id as id1_3_3_, faculty3_.faculty_name as faculty_2_3_3_ from courses course0_ left outer join teachers_courses courseteac1_ on course0_.id=courseteac1_.course_id left outer join teachers teacher2_ on courseteac1_.teacher_id=teacher2_.id left outer join faculties faculty3_ on teacher2_.faculty_id=faculty3_.id where course0_.id=?
Hibernate: select classroom0_.id as id1_1_0_, classroom0_.building_id as building5_1_0_, classroom0_.room_capacity as room_cap2_1_0_, classroom0_.room_name as room_nam3_1_0_, classroom0_.room_type as room_typ4_1_0_, building1_.id as id1_0_1_, building1_.building_name as building2_0_1_ from classrooms classroom0_ left outer join buildings building1_ on classroom0_.building_id=building1_.id where classroom0_.id=?
Hibernate: select course0_.id as id1_2_0_, course0_.course_name as course_n2_2_0_, courseteac1_.course_id as course_i2_8_1_, teacher2_.id as teacher_1_8_1_, teacher2_.id as id1_7_2_, teacher2_.faculty_id as faculty_4_7_2_, teacher2_.first_name as first_na2_7_2_, teacher2_.last_name as last_nam3_7_2_, faculty3_.id as id1_3_3_, faculty3_.faculty_name as faculty_2_3_3_ from courses course0_ left outer join teachers_courses courseteac1_ on course0_.id=courseteac1_.course_id left outer join teachers teacher2_ on courseteac1_.teacher_id=teacher2_.id left outer join faculties faculty3_ on teacher2_.faculty_id=faculty3_.id where course0_.id=?
Hibernate: select course0_.id as id1_2_0_, course0_.course_name as course_n2_2_0_, courseteac1_.course_id as course_i2_8_1_, teacher2_.id as teacher_1_8_1_, teacher2_.id as id1_7_2_, teacher2_.faculty_id as faculty_4_7_2_, teacher2_.first_name as first_na2_7_2_, teacher2_.last_name as last_nam3_7_2_, faculty3_.id as id1_3_3_, faculty3_.faculty_name as faculty_2_3_3_ from courses course0_ left outer join teachers_courses courseteac1_ on course0_.id=courseteac1_.course_id left outer join teachers teacher2_ on courseteac1_.teacher_id=teacher2_.id left outer join faculties faculty3_ on teacher2_.faculty_id=faculty3_.id where course0_.id=?
Hibernate: select teachercou0_.teacher_id as teacher_1_8_0_, teachercou0_.course_id as course_i2_8_0_, course1_.id as id1_2_1_, course1_.course_name as course_n2_2_1_ from teachers_courses teachercou0_ inner join courses course1_ on teachercou0_.course_id=course1_.id where teachercou0_.teacher_id=?
Hibernate: select teachercou0_.teacher_id as teacher_1_8_0_, teachercou0_.course_id as course_i2_8_0_, course1_.id as id1_2_1_, course1_.course_name as course_n2_2_1_ from teachers_courses teachercou0_ inner join courses course1_ on teachercou0_.course_id=course1_.id where teachercou0_.teacher_id=?
Hibernate: select teachercou0_.teacher_id as teacher_1_8_0_, teachercou0_.course_id as course_i2_8_0_, course1_.id as id1_2_1_, course1_.course_name as course_n2_2_1_ from teachers_courses teachercou0_ inner join courses course1_ on teachercou0_.course_id=course1_.id where teachercou0_.teacher_id=?
Hibernate: select teachercou0_.teacher_id as teacher_1_8_0_, teachercou0_.course_id as course_i2_8_0_, course1_.id as id1_2_1_, course1_.course_name as course_n2_2_1_ from teachers_courses teachercou0_ inner join courses course1_ on teachercou0_.course_id=course1_.id where teachercou0_.teacher_id=?
Hibernate: select teachercou0_.teacher_id as teacher_1_8_0_, teachercou0_.course_id as course_i2_8_0_, course1_.id as id1_2_1_, course1_.course_name as course_n2_2_1_ from teachers_courses teachercou0_ inner join courses course1_ on teachercou0_.course_id=course1_.id where teachercou0_.teacher_id=?
Hibernate: select teachercou0_.teacher_id as teacher_1_8_0_, teachercou0_.course_id as course_i2_8_0_, course1_.id as id1_2_1_, course1_.course_name as course_n2_2_1_ from teachers_courses teachercou0_ inner join courses course1_ on teachercou0_.course_id=course1_.id where teachercou0_.teacher_id=?
Hibernate: select teachercou0_.teacher_id as teacher_1_8_0_, teachercou0_.course_id as course_i2_8_0_, course1_.id as id1_2_1_, course1_.course_name as course_n2_2_1_ from teachers_courses teachercou0_ inner join courses course1_ on teachercou0_.course_id=course1_.id where teachercou0_.teacher_id=?
Hibernate: select teachercou0_.teacher_id as teacher_1_8_0_, teachercou0_.course_id as course_i2_8_0_, course1_.id as id1_2_1_, course1_.course_name as course_n2_2_1_ from teachers_courses teachercou0_ inner join courses course1_ on teachercou0_.course_id=course1_.id where teachercou0_.teacher_id=?
Hibernate: select teachercou0_.teacher_id as teacher_1_8_0_, teachercou0_.course_id as course_i2_8_0_, course1_.id as id1_2_1_, course1_.course_name as course_n2_2_1_ from teachers_courses teachercou0_ inner join courses course1_ on teachercou0_.course_id=course1_.id where teachercou0_.teacher_id=?
Hibernate: select teachercou0_.teacher_id as teacher_1_8_0_, teachercou0_.course_id as course_i2_8_0_, course1_.id as id1_2_1_, course1_.course_name as course_n2_2_1_ from teachers_courses teachercou0_ inner join courses course1_ on teachercou0_.course_id=course1_.id where teachercou0_.teacher_id=?
Hibernate: select teachercou0_.teacher_id as teacher_1_8_0_, teachercou0_.course_id as course_i2_8_0_, course1_.id as id1_2_1_, course1_.course_name as course_n2_2_1_ from teachers_courses teachercou0_ inner join courses course1_ on teachercou0_.course_id=course1_.id where teachercou0_.teacher_id=?
Hibernate: select teachercou0_.teacher_id as teacher_1_8_0_, teachercou0_.course_id as course_i2_8_0_, course1_.id as id1_2_1_, course1_.course_name as course_n2_2_1_ from teachers_courses teachercou0_ inner join courses course1_ on teachercou0_.course_id=course1_.id where teachercou0_.teacher_id=?
26 Feb;19:05:45.920 [main] INFO  u.c.f.c.service.LessonService - getAll():
 [Lesson{id=1, date=2021-01-20, startTime=09:20, endTime=11:00, classroom=Classroom{id=3, roomName='B-10', roomType='Laboratory', roomCapacity=10, building=Building{id=2, buildingName='E'}}, course=Course{id=3, courseName='Another course's name'}, teacher=Teacher{id=3, firstName='Freya', lastName='Shepp', faculty=Faculty{id=3, facultyName='Faculty of Arts'}}}, Lesson{id=2, date=2021-01-20, startTime=11:10, endTime=12:50, classroom=Classroom{id=1, roomName='A-1', roomType='Class', roomCapacity=30, building=Building{id=1, buildingName='Changed name'}}, course=Course{id=3, courseName='Another course's name'}, teacher=Teacher{id=3, firstName='Freya', lastName='Shepp', faculty=Faculty{id=3, facultyName='Faculty of Arts'}}}, Lesson{id=3, date=2021-01-20, startTime=13:00, endTime=14:40, classroom=Classroom{id=2, roomName='A-2', roomType='Class', roomCapacity=30, building=Building{id=1, buildingName='Changed name'}}, course=Course{id=4, courseName='Political science'}, teacher=Teacher{id=4, firstName='Olivia', lastName='Blake', faculty=Faculty{id=3, facultyName='Faculty of Arts'}}}, Lesson{id=4, date=2021-01-20, startTime=14:50, endTime=16:30, classroom=Classroom{id=3, roomName='B-10', roomType='Laboratory', roomCapacity=10, building=Building{id=2, buildingName='E'}}, course=Course{id=4, courseName='Political science'}, teacher=Teacher{id=4, firstName='Olivia', lastName='Blake', faculty=Faculty{id=3, facultyName='Faculty of Arts'}}}, Lesson{id=5, date=2021-01-20, startTime=16:40, endTime=18:20, classroom=Classroom{id=4, roomName='A-4', roomType='Lecture', roomCapacity=50, building=Building{id=1, buildingName='Changed name'}}, course=Course{id=5, courseName='Culture'}, teacher=Teacher{id=5, firstName='Scarlett', lastName='Nimoy', faculty=Faculty{id=3, facultyName='Faculty of Arts'}}}, Lesson{id=6, date=2021-01-20, startTime=09:20, endTime=11:00, classroom=Classroom{id=9, roomName='New name', roomType='Lecture', roomCapacity=50, building=Building{id=2, buildingName='E'}}, course=Course{id=6, courseName='Biology'}, teacher=Teacher{id=6, firstName='Ellie', lastName='Purh', faculty=Faculty{id=1, facultyName='Changed faculty name'}}}, Lesson{id=7, date=2021-01-20, startTime=11:10, endTime=12:50, classroom=Classroom{id=9, roomName='New name', roomType='Lecture', roomCapacity=50, building=Building{id=2, buildingName='E'}}, course=Course{id=6, courseName='Biology'}, teacher=Teacher{id=6, firstName='Ellie', lastName='Purh', faculty=Faculty{id=1, facultyName='Changed faculty name'}}}, Lesson{id=8, date=2021-01-20, startTime=13:00, endTime=14:40, classroom=Classroom{id=6, roomName='B-1', roomType='Class', roomCapacity=30, building=Building{id=2, buildingName='E'}}, course=Course{id=6, courseName='Biology'}, teacher=Teacher{id=7, firstName='Charlie', lastName='Byrne', faculty=Faculty{id=1, facultyName='Changed faculty name'}}}, Lesson{id=9, date=2021-01-20, startTime=14:50, endTime=16:30, classroom=Classroom{id=7, roomName='B-2', roomType='Class', roomCapacity=30, building=Building{id=2, buildingName='E'}}, course=Course{id=6, courseName='Biology'}, teacher=Teacher{id=7, firstName='Charlie', lastName='Byrne', faculty=Faculty{id=1, facultyName='Changed faculty name'}}}, Lesson{id=10, date=2021-01-20, startTime=16:40, endTime=18:20, classroom=Classroom{id=10, roomName='B-5', roomType='Laboratory', roomCapacity=10, building=Building{id=2, buildingName='E'}}, course=Course{id=6, courseName='Biology'}, teacher=Teacher{id=7, firstName='Charlie', lastName='Byrne', faculty=Faculty{id=1, facultyName='Changed faculty name'}}}, Lesson{id=11, date=2021-01-20, startTime=09:20, endTime=11:00, classroom=Classroom{id=14, roomName='C-4', roomType='Lecture', roomCapacity=50, building=Building{id=3, buildingName='C'}}, course=Course{id=10, courseName='Geometry'}, teacher=Teacher{id=12, firstName='Mia', lastName='Brown', faculty=Faculty{id=2, facultyName='Changed faculty name'}}}, Lesson{id=12, date=2021-01-20, startTime=11:10, endTime=12:50, classroom=Classroom{id=14, roomName='C-4', roomType='Lecture', roomCapacity=50, building=Building{id=3, buildingName='C'}}, course=Course{id=10, courseName='Geometry'}, teacher=Teacher{id=12, firstName='Mia', lastName='Brown', faculty=Faculty{id=2, facultyName='Changed faculty name'}}}, Lesson{id=13, date=2021-01-20, startTime=13:00, endTime=14:40, classroom=Classroom{id=11, roomName='C-1', roomType='Class', roomCapacity=30, building=Building{id=3, buildingName='C'}}, course=Course{id=10, courseName='Geometry'}, teacher=Teacher{id=12, firstName='Mia', lastName='Brown', faculty=Faculty{id=2, facultyName='Changed faculty name'}}}, Lesson{id=14, date=2021-01-20, startTime=14:50, endTime=16:30, classroom=Classroom{id=13, roomName='C-3', roomType='Class', roomCapacity=30, building=Building{id=3, buildingName='C'}}, course=Course{id=10, courseName='Geometry'}, teacher=Teacher{id=12, firstName='Mia', lastName='Brown', faculty=Faculty{id=2, facultyName='Changed faculty name'}}}, Lesson{id=15, date=2021-01-20, startTime=16:40, endTime=18:20, classroom=Classroom{id=15, roomName='C-5', roomType='Laboratory', roomCapacity=10, building=Building{id=3, buildingName='C'}}, course=Course{id=10, courseName='Geometry'}, teacher=Teacher{id=12, firstName='Mia', lastName='Brown', faculty=Faculty{id=2, facultyName='Changed faculty name'}}}, Lesson{id=16, date=2021-01-21, startTime=09:20, endTime=11:00, classroom=Classroom{id=4, roomName='A-4', roomType='Lecture', roomCapacity=50, building=Building{id=1, buildingName='Changed name'}}, course=Course{id=4, courseName='Political science'}, teacher=Teacher{id=4, firstName='Olivia', lastName='Blake', faculty=Faculty{id=3, facultyName='Faculty of Arts'}}}, Lesson{id=17, date=2021-01-21, startTime=11:10, endTime=12:50, classroom=Classroom{id=1, roomName='A-1', roomType='Class', roomCapacity=30, building=Building{id=1, buildingName='Changed name'}}, course=Course{id=4, courseName='Political science'}, teacher=Teacher{id=4, firstName='Olivia', lastName='Blake', faculty=Faculty{id=3, facultyName='Faculty of Arts'}}}, Lesson{id=18, date=2021-01-21, startTime=13:00, endTime=14:40, classroom=Classroom{id=2, roomName='A-2', roomType='Class', roomCapacity=30, building=Building{id=1, buildingName='Changed name'}}, course=Course{id=5, courseName='Culture'}, teacher=Teacher{id=5, firstName='Scarlett', lastName='Nimoy', faculty=Faculty{id=3, facultyName='Faculty of Arts'}}}, Lesson{id=19, date=2021-01-21, startTime=14:50, endTime=16:30, classroom=Classroom{id=3, roomName='B-10', roomType='Laboratory', roomCapacity=10, building=Building{id=2, buildingName='E'}}, course=Course{id=5, courseName='Culture'}, teacher=Teacher{id=5, firstName='Scarlett', lastName='Nimoy', faculty=Faculty{id=3, facultyName='Faculty of Arts'}}}, Lesson{id=20, date=2021-01-21, startTime=16:40, endTime=18:20, classroom=Classroom{id=4, roomName='A-4', roomType='Lecture', roomCapacity=50, building=Building{id=1, buildingName='Changed name'}}, course=Course{id=1, courseName='History'}, teacher=Teacher{id=1, firstName='Albert', lastName='Johnson', faculty=Faculty{id=3, facultyName='Faculty of Arts'}}}, Lesson{id=21, date=2021-01-21, startTime=09:20, endTime=11:00, classroom=Classroom{id=9, roomName='New name', roomType='Lecture', roomCapacity=50, building=Building{id=2, buildingName='E'}}, course=Course{id=7, courseName='Chemistry'}, teacher=Teacher{id=8, firstName='Samuel', lastName='Travis', faculty=Faculty{id=1, facultyName='Changed faculty name'}}}, Lesson{id=22, date=2021-01-21, startTime=11:10, endTime=12:50, classroom=Classroom{id=9, roomName='New name', roomType='Lecture', roomCapacity=50, building=Building{id=2, buildingName='E'}}, course=Course{id=7, courseName='Chemistry'}, teacher=Teacher{id=8, firstName='Samuel', lastName='Travis', faculty=Faculty{id=1, facultyName='Changed faculty name'}}}, Lesson{id=23, date=2021-01-21, startTime=13:00, endTime=14:40, classroom=Classroom{id=6, roomName='B-1', roomType='Class', roomCapacity=30, building=Building{id=2, buildingName='E'}}, course=Course{id=7, courseName='Chemistry'}, teacher=Teacher{id=9, firstName='Albert', lastName='Hill', faculty=Faculty{id=1, facultyName='Changed faculty name'}}}, Lesson{id=24, date=2021-01-21, startTime=14:50, endTime=16:30, classroom=Classroom{id=7, roomName='B-2', roomType='Class', roomCapacity=30, building=Building{id=2, buildingName='E'}}, course=Course{id=7, courseName='Chemistry'}, teacher=Teacher{id=9, firstName='Albert', lastName='Hill', faculty=Faculty{id=1, facultyName='Changed faculty name'}}}, Lesson{id=25, date=2021-01-21, startTime=16:40, endTime=18:20, classroom=Classroom{id=10, roomName='B-5', roomType='Laboratory', roomCapacity=10, building=Building{id=2, buildingName='E'}}, course=Course{id=7, courseName='Chemistry'}, teacher=Teacher{id=9, firstName='Albert', lastName='Hill', faculty=Faculty{id=1, facultyName='Changed faculty name'}}}, Lesson{id=26, date=2021-01-21, startTime=09:20, endTime=11:00, classroom=Classroom{id=14, roomName='C-4', roomType='Lecture', roomCapacity=50, building=Building{id=3, buildingName='C'}}, course=Course{id=8, courseName='Mathematics'}, teacher=Teacher{id=10, firstName='Joshua', lastName='Eve', faculty=Faculty{id=2, facultyName='Changed faculty name'}}}, Lesson{id=27, date=2021-01-21, startTime=11:10, endTime=12:50, classroom=Classroom{id=14, roomName='C-4', roomType='Lecture', roomCapacity=50, building=Building{id=3, buildingName='C'}}, course=Course{id=8, courseName='Mathematics'}, teacher=Teacher{id=10, firstName='Joshua', lastName='Eve', faculty=Faculty{id=2, facultyName='Changed faculty name'}}}, Lesson{id=28, date=2021-01-21, startTime=13:00, endTime=14:40, classroom=Classroom{id=12, roomName='C-2', roomType='Class', roomCapacity=30, building=Building{id=3, buildingName='C'}}, course=Course{id=9, courseName='Physics'}, teacher=Teacher{id=11, firstName='Sophia', lastName='Roos', faculty=Faculty{id=2, facultyName='Changed faculty name'}}}, Lesson{id=29, date=2021-01-21, startTime=14:50, endTime=16:30, classroom=Classroom{id=12, roomName='C-2', roomType='Class', roomCapacity=30, building=Building{id=3, buildingName='C'}}, course=Course{id=10, courseName='Geometry'}, teacher=Teacher{id=12, firstName='Mia', lastName='Brown', faculty=Faculty{id=2, facultyName='Changed faculty name'}}}, Lesson{id=30, date=2021-01-21, startTime=16:40, endTime=18:20, classroom=Classroom{id=15, roomName='C-5', roomType='Laboratory', roomCapacity=10, building=Building{id=3, buildingName='C'}}, course=Course{id=8, courseName='Mathematics'}, teacher=Teacher{id=10, firstName='Joshua', lastName='Eve', faculty=Faculty{id=2, facultyName='Changed faculty name'}}}, Lesson{id=31, date=2021-01-22, startTime=09:20, endTime=11:00, classroom=Classroom{id=4, roomName='A-4', roomType='Lecture', roomCapacity=50, building=Building{id=1, buildingName='Changed name'}}, course=Course{id=5, courseName='Culture'}, teacher=Teacher{id=5, firstName='Scarlett', lastName='Nimoy', faculty=Faculty{id=3, facultyName='Faculty of Arts'}}}, Lesson{id=32, date=2021-01-22, startTime=11:10, endTime=12:50, classroom=Classroom{id=1, roomName='A-1', roomType='Class', roomCapacity=30, building=Building{id=1, buildingName='Changed name'}}, course=Course{id=5, courseName='Culture'}, teacher=Teacher{id=5, firstName='Scarlett', lastName='Nimoy', faculty=Faculty{id=3, facultyName='Faculty of Arts'}}}, Lesson{id=33, date=2021-01-22, startTime=13:00, endTime=14:40, classroom=Classroom{id=2, roomName='A-2', roomType='Class', roomCapacity=30, building=Building{id=1, buildingName='Changed name'}}, course=Course{id=1, courseName='History'}, teacher=Teacher{id=1, firstName='Albert', lastName='Johnson', faculty=Faculty{id=3, facultyName='Faculty of Arts'}}}, Lesson{id=34, date=2021-01-22, startTime=14:50, endTime=16:30, classroom=Classroom{id=3, roomName='B-10', roomType='Laboratory', roomCapacity=10, building=Building{id=2, buildingName='E'}}, course=Course{id=1, courseName='History'}, teacher=Teacher{id=1, firstName='Albert', lastName='Johnson', faculty=Faculty{id=3, facultyName='Faculty of Arts'}}}, Lesson{id=35, date=2021-01-22, startTime=16:40, endTime=18:20, classroom=Classroom{id=4, roomName='A-4', roomType='Lecture', roomCapacity=50, building=Building{id=1, buildingName='Changed name'}}, course=Course{id=2, courseName='Philosophy'}, teacher=Teacher{id=2, firstName='Stanley', lastName='Gruber', faculty=Faculty{id=3, facultyName='Faculty of Arts'}}}, Lesson{id=36, date=2021-01-22, startTime=09:20, endTime=11:00, classroom=Classroom{id=9, roomName='New name', roomType='Lecture', roomCapacity=50, building=Building{id=2, buildingName='E'}}, course=Course{id=6, courseName='Biology'}, teacher=Teacher{id=6, firstName='Ellie', lastName='Purh', faculty=Faculty{id=1, facultyName='Changed faculty name'}}}, Lesson{id=37, date=2021-01-22, startTime=11:10, endTime=12:50, classroom=Classroom{id=9, roomName='New name', roomType='Lecture', roomCapacity=50, building=Building{id=2, buildingName='E'}}, course=Course{id=6, courseName='Biology'}, teacher=Teacher{id=6, firstName='Ellie', lastName='Purh', faculty=Faculty{id=1, facultyName='Changed faculty name'}}}, Lesson{id=38, date=2021-01-22, startTime=13:00, endTime=14:40, classroom=Classroom{id=6, roomName='B-1', roomType='Class', roomCapacity=30, building=Building{id=2, buildingName='E'}}, course=Course{id=6, courseName='Biology'}, teacher=Teacher{id=7, firstName='Charlie', lastName='Byrne', faculty=Faculty{id=1, facultyName='Changed faculty name'}}}, Lesson{id=39, date=2021-01-22, startTime=14:50, endTime=16:30, classroom=Classroom{id=7, roomName='B-2', roomType='Class', roomCapacity=30, building=Building{id=2, buildingName='E'}}, course=Course{id=6, courseName='Biology'}, teacher=Teacher{id=7, firstName='Charlie', lastName='Byrne', faculty=Faculty{id=1, facultyName='Changed faculty name'}}}, Lesson{id=40, date=2021-01-22, startTime=16:40, endTime=18:20, classroom=Classroom{id=10, roomName='B-5', roomType='Laboratory', roomCapacity=10, building=Building{id=2, buildingName='E'}}, course=Course{id=6, courseName='Biology'}, teacher=Teacher{id=7, firstName='Charlie', lastName='Byrne', faculty=Faculty{id=1, facultyName='Changed faculty name'}}}, Lesson{id=41, date=2021-01-22, startTime=09:20, endTime=11:00, classroom=Classroom{id=14, roomName='C-4', roomType='Lecture', roomCapacity=50, building=Building{id=3, buildingName='C'}}, course=Course{id=9, courseName='Physics'}, teacher=Teacher{id=11, firstName='Sophia', lastName='Roos', faculty=Faculty{id=2, facultyName='Changed faculty name'}}}, Lesson{id=42, date=2021-01-22, startTime=11:10, endTime=12:50, classroom=Classroom{id=14, roomName='C-4', roomType='Lecture', roomCapacity=50, building=Building{id=3, buildingName='C'}}, course=Course{id=10, courseName='Geometry'}, teacher=Teacher{id=12, firstName='Mia', lastName='Brown', faculty=Faculty{id=2, facultyName='Changed faculty name'}}}, Lesson{id=43, date=2021-01-22, startTime=13:00, endTime=14:40, classroom=Classroom{id=13, roomName='C-3', roomType='Class', roomCapacity=30, building=Building{id=3, buildingName='C'}}, course=Course{id=8, courseName='Mathematics'}, teacher=Teacher{id=10, firstName='Joshua', lastName='Eve', faculty=Faculty{id=2, facultyName='Changed faculty name'}}}, Lesson{id=44, date=2021-01-22, startTime=14:50, endTime=16:30, classroom=Classroom{id=15, roomName='C-5', roomType='Laboratory', roomCapacity=10, building=Building{id=3, buildingName='C'}}, course=Course{id=9, courseName='Physics'}, teacher=Teacher{id=11, firstName='Sophia', lastName='Roos', faculty=Faculty{id=2, facultyName='Changed faculty name'}}}, Lesson{id=45, date=2021-01-22, startTime=16:40, endTime=18:20, classroom=Classroom{id=15, roomName='C-5', roomType='Laboratory', roomCapacity=10, building=Building{id=3, buildingName='C'}}, course=Course{id=10, courseName='Geometry'}, teacher=Teacher{id=12, firstName='Mia', lastName='Brown', faculty=Faculty{id=2, facultyName='Changed faculty name'}}}, Lesson{id=46, date=2021-01-25, startTime=09:20, endTime=11:00, classroom=Classroom{id=4, roomName='A-4', roomType='Lecture', roomCapacity=50, building=Building{id=1, buildingName='Changed name'}}, course=Course{id=1, courseName='History'}, teacher=Teacher{id=1, firstName='Albert', lastName='Johnson', faculty=Faculty{id=3, facultyName='Faculty of Arts'}}}, Lesson{id=47, date=2021-01-25, startTime=11:10, endTime=12:50, classroom=Classroom{id=1, roomName='A-1', roomType='Class', roomCapacity=30, building=Building{id=1, buildingName='Changed name'}}, course=Course{id=1, courseName='History'}, teacher=Teacher{id=1, firstName='Albert', lastName='Johnson', faculty=Faculty{id=3, facultyName='Faculty of Arts'}}}, Lesson{id=48, date=2021-01-25, startTime=13:00, endTime=14:40, classroom=Classroom{id=2, roomName='A-2', roomType='Class', roomCapacity=30, building=Building{id=1, buildingName='Changed name'}}, course=Course{id=2, courseName='Philosophy'}, teacher=Teacher{id=2, firstName='Stanley', lastName='Gruber', faculty=Faculty{id=3, facultyName='Faculty of Arts'}}}, Lesson{id=49, date=2021-01-25, startTime=14:50, endTime=16:30, classroom=Classroom{id=3, roomName='B-10', roomType='Laboratory', roomCapacity=10, building=Building{id=2, buildingName='E'}}, course=Course{id=2, courseName='Philosophy'}, teacher=Teacher{id=2, firstName='Stanley', lastName='Gruber', faculty=Faculty{id=3, facultyName='Faculty of Arts'}}}, Lesson{id=50, date=2021-01-25, startTime=16:40, endTime=18:20, classroom=Classroom{id=4, roomName='A-4', roomType='Lecture', roomCapacity=50, building=Building{id=1, buildingName='Changed name'}}, course=Course{id=3, courseName='Another course's name'}, teacher=Teacher{id=3, firstName='Freya', lastName='Shepp', faculty=Faculty{id=3, facultyName='Faculty of Arts'}}}, Lesson{id=51, date=2021-01-25, startTime=09:20, endTime=11:00, classroom=Classroom{id=9, roomName='New name', roomType='Lecture', roomCapacity=50, building=Building{id=2, buildingName='E'}}, course=Course{id=6, courseName='Biology'}, teacher=Teacher{id=6, firstName='Ellie', lastName='Purh', faculty=Faculty{id=1, facultyName='Changed faculty name'}}}, Lesson{id=52, date=2021-01-25, startTime=11:10, endTime=12:50, classroom=Classroom{id=9, roomName='New name', roomType='Lecture', roomCapacity=50, building=Building{id=2, buildingName='E'}}, course=Course{id=6, courseName='Biology'}, teacher=Teacher{id=6, firstName='Ellie', lastName='Purh', faculty=Faculty{id=1, facultyName='Changed faculty name'}}}, Lesson{id=53, date=2021-01-25, startTime=13:00, endTime=14:40, classroom=Classroom{id=6, roomName='B-1', roomType='Class', roomCapacity=30, building=Building{id=2, buildingName='E'}}, course=Course{id=6, courseName='Biology'}, teacher=Teacher{id=7, firstName='Charlie', lastName='Byrne', faculty=Faculty{id=1, facultyName='Changed faculty name'}}}, Lesson{id=54, date=2021-01-25, startTime=14:50, endTime=16:30, classroom=Classroom{id=7, roomName='B-2', roomType='Class', roomCapacity=30, building=Building{id=2, buildingName='E'}}, course=Course{id=6, courseName='Biology'}, teacher=Teacher{id=7, firstName='Charlie', lastName='Byrne', faculty=Faculty{id=1, facultyName='Changed faculty name'}}}, Lesson{id=55, date=2021-01-25, startTime=16:40, endTime=18:20, classroom=Classroom{id=10, roomName='B-5', roomType='Laboratory', roomCapacity=10, building=Building{id=2, buildingName='E'}}, course=Course{id=6, courseName='Biology'}, teacher=Teacher{id=7, firstName='Charlie', lastName='Byrne', faculty=Faculty{id=1, facultyName='Changed faculty name'}}}, Lesson{id=56, date=2021-01-25, startTime=09:20, endTime=11:00, classroom=Classroom{id=14, roomName='C-4', roomType='Lecture', roomCapacity=50, building=Building{id=3, buildingName='C'}}, course=Course{id=8, courseName='Mathematics'}, teacher=Teacher{id=10, firstName='Joshua', lastName='Eve', faculty=Faculty{id=2, facultyName='Changed faculty name'}}}, Lesson{id=57, date=2021-01-25, startTime=11:10, endTime=12:50, classroom=Classroom{id=14, roomName='C-4', roomType='Lecture', roomCapacity=50, building=Building{id=3, buildingName='C'}}, course=Course{id=8, courseName='Mathematics'}, teacher=Teacher{id=10, firstName='Joshua', lastName='Eve', faculty=Faculty{id=2, facultyName='Changed faculty name'}}}, Lesson{id=58, date=2021-01-25, startTime=13:00, endTime=14:40, classroom=Classroom{id=11, roomName='C-1', roomType='Class', roomCapacity=30, building=Building{id=3, buildingName='C'}}, course=Course{id=8, courseName='Mathematics'}, teacher=Teacher{id=10, firstName='Joshua', lastName='Eve', faculty=Faculty{id=2, facultyName='Changed faculty name'}}}, Lesson{id=59, date=2021-01-25, startTime=14:50, endTime=16:30, classroom=Classroom{id=13, roomName='C-3', roomType='Class', roomCapacity=30, building=Building{id=3, buildingName='C'}}, course=Course{id=8, courseName='Mathematics'}, teacher=Teacher{id=10, firstName='Joshua', lastName='Eve', faculty=Faculty{id=2, facultyName='Changed faculty name'}}}, Lesson{id=60, date=2021-01-25, startTime=16:40, endTime=18:20, classroom=Classroom{id=15, roomName='C-5', roomType='Laboratory', roomCapacity=10, building=Building{id=3, buildingName='C'}}, course=Course{id=8, courseName='Mathematics'}, teacher=Teacher{id=10, firstName='Joshua', lastName='Eve', faculty=Faculty{id=2, facultyName='Changed faculty name'}}}, Lesson{id=61, date=2021-01-26, startTime=09:20, endTime=11:00, classroom=Classroom{id=4, roomName='A-4', roomType='Lecture', roomCapacity=50, building=Building{id=1, buildingName='Changed name'}}, course=Course{id=2, courseName='Philosophy'}, teacher=Teacher{id=2, firstName='Stanley', lastName='Gruber', faculty=Faculty{id=3, facultyName='Faculty of Arts'}}}, Lesson{id=62, date=2021-01-26, startTime=11:10, endTime=12:50, classroom=Classroom{id=1, roomName='A-1', roomType='Class', roomCapacity=30, building=Building{id=1, buildingName='Changed name'}}, course=Course{id=2, courseName='Philosophy'}, teacher=Teacher{id=2, firstName='Stanley', lastName='Gruber', faculty=Faculty{id=3, facultyName='Faculty of Arts'}}}, Lesson{id=63, date=2021-01-26, startTime=13:00, endTime=14:40, classroom=Classroom{id=2, roomName='A-2', roomType='Class', roomCapacity=30, building=Building{id=1, buildingName='Changed name'}}, course=Course{id=3, courseName='Another course's name'}, teacher=Teacher{id=3, firstName='Freya', lastName='Shepp', faculty=Faculty{id=3, facultyName='Faculty of Arts'}}}, Lesson{id=64, date=2021-01-26, startTime=14:50, endTime=16:30, classroom=Classroom{id=3, roomName='B-10', roomType='Laboratory', roomCapacity=10, building=Building{id=2, buildingName='E'}}, course=Course{id=3, courseName='Another course's name'}, teacher=Teacher{id=3, firstName='Freya', lastName='Shepp', faculty=Faculty{id=3, facultyName='Faculty of Arts'}}}, Lesson{id=65, date=2021-01-26, startTime=16:40, endTime=18:20, classroom=Classroom{id=4, roomName='A-4', roomType='Lecture', roomCapacity=50, building=Building{id=1, buildingName='Changed name'}}, course=Course{id=4, courseName='Political science'}, teacher=Teacher{id=4, firstName='Olivia', lastName='Blake', faculty=Faculty{id=3, facultyName='Faculty of Arts'}}}, Lesson{id=66, date=2021-01-26, startTime=09:20, endTime=11:00, classroom=Classroom{id=9, roomName='New name', roomType='Lecture', roomCapacity=50, building=Building{id=2, buildingName='E'}}, course=Course{id=7, courseName='Chemistry'}, teacher=Teacher{id=8, firstName='Samuel', lastName='Travis', faculty=Faculty{id=1, facultyName='Changed faculty name'}}}, Lesson{id=67, date=2021-01-26, startTime=11:10, endTime=12:50, classroom=Classroom{id=9, roomName='New name', roomType='Lecture', roomCapacity=50, building=Building{id=2, buildingName='E'}}, course=Course{id=7, courseName='Chemistry'}, teacher=Teacher{id=8, firstName='Samuel', lastName='Travis', faculty=Faculty{id=1, facultyName='Changed faculty name'}}}, Lesson{id=68, date=2021-01-26, startTime=13:00, endTime=14:40, classroom=Classroom{id=6, roomName='B-1', roomType='Class', roomCapacity=30, building=Building{id=2, buildingName='E'}}, course=Course{id=7, courseName='Chemistry'}, teacher=Teacher{id=9, firstName='Albert', lastName='Hill', faculty=Faculty{id=1, facultyName='Changed faculty name'}}}, Lesson{id=69, date=2021-01-26, startTime=14:50, endTime=16:30, classroom=Classroom{id=7, roomName='B-2', roomType='Class', roomCapacity=30, building=Building{id=2, buildingName='E'}}, course=Course{id=7, courseName='Chemistry'}, teacher=Teacher{id=9, firstName='Albert', lastName='Hill', faculty=Faculty{id=1, facultyName='Changed faculty name'}}}, Lesson{id=70, date=2021-01-26, startTime=16:40, endTime=18:20, classroom=Classroom{id=10, roomName='B-5', roomType='Laboratory', roomCapacity=10, building=Building{id=2, buildingName='E'}}, course=Course{id=7, courseName='Chemistry'}, teacher=Teacher{id=9, firstName='Albert', lastName='Hill', faculty=Faculty{id=1, facultyName='Changed faculty name'}}}, Lesson{id=71, date=2021-01-26, startTime=09:20, endTime=11:00, classroom=Classroom{id=14, roomName='C-4', roomType='Lecture', roomCapacity=50, building=Building{id=3, buildingName='C'}}, course=Course{id=9, courseName='Physics'}, teacher=Teacher{id=11, firstName='Sophia', lastName='Roos', faculty=Faculty{id=2, facultyName='Changed faculty name'}}}, Lesson{id=72, date=2021-01-26, startTime=11:10, endTime=12:50, classroom=Classroom{id=14, roomName='C-4', roomType='Lecture', roomCapacity=50, building=Building{id=3, buildingName='C'}}, course=Course{id=9, courseName='Physics'}, teacher=Teacher{id=11, firstName='Sophia', lastName='Roos', faculty=Faculty{id=2, facultyName='Changed faculty name'}}}, Lesson{id=73, date=2021-01-26, startTime=13:00, endTime=14:40, classroom=Classroom{id=11, roomName='C-1', roomType='Class', roomCapacity=30, building=Building{id=3, buildingName='C'}}, course=Course{id=9, courseName='Physics'}, teacher=Teacher{id=11, firstName='Sophia', lastName='Roos', faculty=Faculty{id=2, facultyName='Changed faculty name'}}}, Lesson{id=74, date=2021-01-26, startTime=14:50, endTime=16:30, classroom=Classroom{id=13, roomName='C-3', roomType='Class', roomCapacity=30, building=Building{id=3, buildingName='C'}}, course=Course{id=9, courseName='Physics'}, teacher=Teacher{id=11, firstName='Sophia', lastName='Roos', faculty=Faculty{id=2, facultyName='Changed faculty name'}}}, Lesson{id=75, date=2021-01-26, startTime=16:40, endTime=18:20, classroom=Classroom{id=15, roomName='C-5', roomType='Laboratory', roomCapacity=10, building=Building{id=3, buildingName='C'}}, course=Course{id=9, courseName='Physics'}, teacher=Teacher{id=11, firstName='Sophia', lastName='Roos', faculty=Faculty{id=2, facultyName='Changed faculty name'}}}, Lesson{id=76, date=2021-01-27, startTime=09:20, endTime=11:00, classroom=Classroom{id=4, roomName='A-4', roomType='Lecture', roomCapacity=50, building=Building{id=1, buildingName='Changed name'}}, course=Course{id=3, courseName='Another course's name'}, teacher=Teacher{id=3, firstName='Freya', lastName='Shepp', faculty=Faculty{id=3, facultyName='Faculty of Arts'}}}, Lesson{id=77, date=2021-01-27, startTime=11:10, endTime=12:50, classroom=Classroom{id=1, roomName='A-1', roomType='Class', roomCapacity=30, building=Building{id=1, buildingName='Changed name'}}, course=Course{id=3, courseName='Another course's name'}, teacher=Teacher{id=3, firstName='Freya', lastName='Shepp', faculty=Faculty{id=3, facultyName='Faculty of Arts'}}}, Lesson{id=78, date=2021-01-27, startTime=13:00, endTime=14:40, classroom=Classroom{id=2, roomName='A-2', roomType='Class', roomCapacity=30, building=Building{id=1, buildingName='Changed name'}}, course=Course{id=4, courseName='Political science'}, teacher=Teacher{id=4, firstName='Olivia', lastName='Blake', faculty=Faculty{id=3, facultyName='Faculty of Arts'}}}, Lesson{id=79, date=2021-01-27, startTime=14:50, endTime=16:30, classroom=Classroom{id=3, roomName='B-10', roomType='Laboratory', roomCapacity=10, building=Building{id=2, buildingName='E'}}, course=Course{id=4, courseName='Political science'}, teacher=Teacher{id=4, firstName='Olivia', lastName='Blake', faculty=Faculty{id=3, facultyName='Faculty of Arts'}}}, Lesson{id=80, date=2021-01-27, startTime=16:40, endTime=18:20, classroom=Classroom{id=4, roomName='A-4', roomType='Lecture', roomCapacity=50, building=Building{id=1, buildingName='Changed name'}}, course=Course{id=5, courseName='Culture'}, teacher=Teacher{id=5, firstName='Scarlett', lastName='Nimoy', faculty=Faculty{id=3, facultyName='Faculty of Arts'}}}, Lesson{id=81, date=2021-01-27, startTime=09:20, endTime=11:00, classroom=Classroom{id=9, roomName='New name', roomType='Lecture', roomCapacity=50, building=Building{id=2, buildingName='E'}}, course=Course{id=6, courseName='Biology'}, teacher=Teacher{id=6, firstName='Ellie', lastName='Purh', faculty=Faculty{id=1, facultyName='Changed faculty name'}}}, Lesson{id=82, date=2021-01-27, startTime=11:10, endTime=12:50, classroom=Classroom{id=9, roomName='New name', roomType='Lecture', roomCapacity=50, building=Building{id=2, buildingName='E'}}, course=Course{id=6, courseName='Biology'}, teacher=Teacher{id=6, firstName='Ellie', lastName='Purh', faculty=Faculty{id=1, facultyName='Changed faculty name'}}}, Lesson{id=83, date=2021-01-27, startTime=13:00, endTime=14:40, classroom=Classroom{id=6, roomName='B-1', roomType='Class', roomCapacity=30, building=Building{id=2, buildingName='E'}}, course=Course{id=6, courseName='Biology'}, teacher=Teacher{id=7, firstName='Charlie', lastName='Byrne', faculty=Faculty{id=1, facultyName='Changed faculty name'}}}, Lesson{id=84, date=2021-01-27, startTime=14:50, endTime=16:30, classroom=Classroom{id=7, roomName='B-2', roomType='Class', roomCapacity=30, building=Building{id=2, buildingName='E'}}, course=Course{id=6, courseName='Biology'}, teacher=Teacher{id=7, firstName='Charlie', lastName='Byrne', faculty=Faculty{id=1, facultyName='Changed faculty name'}}}, Lesson{id=85, date=2021-01-27, startTime=16:40, endTime=18:20, classroom=Classroom{id=10, roomName='B-5', roomType='Laboratory', roomCapacity=10, building=Building{id=2, buildingName='E'}}, course=Course{id=6, courseName='Biology'}, teacher=Teacher{id=7, firstName='Charlie', lastName='Byrne', faculty=Faculty{id=1, facultyName='Changed faculty name'}}}, Lesson{id=86, date=2021-01-27, startTime=09:20, endTime=11:00, classroom=Classroom{id=14, roomName='C-4', roomType='Lecture', roomCapacity=50, building=Building{id=3, buildingName='C'}}, course=Course{id=10, courseName='Geometry'}, teacher=Teacher{id=12, firstName='Mia', lastName='Brown', faculty=Faculty{id=2, facultyName='Changed faculty name'}}}, Lesson{id=87, date=2021-01-27, startTime=11:10, endTime=12:50, classroom=Classroom{id=14, roomName='C-4', roomType='Lecture', roomCapacity=50, building=Building{id=3, buildingName='C'}}, course=Course{id=10, courseName='Geometry'}, teacher=Teacher{id=12, firstName='Mia', lastName='Brown', faculty=Faculty{id=2, facultyName='Changed faculty name'}}}, Lesson{id=88, date=2021-01-27, startTime=13:00, endTime=14:40, classroom=Classroom{id=11, roomName='C-1', roomType='Class', roomCapacity=30, building=Building{id=3, buildingName='C'}}, course=Course{id=10, courseName='Geometry'}, teacher=Teacher{id=12, firstName='Mia', lastName='Brown', faculty=Faculty{id=2, facultyName='Changed faculty name'}}}, Lesson{id=89, date=2021-01-27, startTime=14:50, endTime=16:30, classroom=Classroom{id=13, roomName='C-3', roomType='Class', roomCapacity=30, building=Building{id=3, buildingName='C'}}, course=Course{id=10, courseName='Geometry'}, teacher=Teacher{id=12, firstName='Mia', lastName='Brown', faculty=Faculty{id=2, facultyName='Changed faculty name'}}}, Lesson{id=90, date=2021-01-27, startTime=16:40, endTime=18:20, classroom=Classroom{id=15, roomName='C-5', roomType='Laboratory', roomCapacity=10, building=Building{id=3, buildingName='C'}}, course=Course{id=10, courseName='Geometry'}, teacher=Teacher{id=12, firstName='Mia', lastName='Brown', faculty=Faculty{id=2, facultyName='Changed faculty name'}}}, Lesson{id=91, date=2021-01-28, startTime=09:20, endTime=11:00, classroom=Classroom{id=4, roomName='A-4', roomType='Lecture', roomCapacity=50, building=Building{id=1, buildingName='Changed name'}}, course=Course{id=4, courseName='Political science'}, teacher=Teacher{id=4, firstName='Olivia', lastName='Blake', faculty=Faculty{id=3, facultyName='Faculty of Arts'}}}, Lesson{id=92, date=2021-01-28, startTime=11:10, endTime=12:50, classroom=Classroom{id=1, roomName='A-1', roomType='Class', roomCapacity=30, building=Building{id=1, buildingName='Changed name'}}, course=Course{id=4, courseName='Political science'}, teacher=Teacher{id=4, firstName='Olivia', lastName='Blake', faculty=Faculty{id=3, facultyName='Faculty of Arts'}}}, Lesson{id=93, date=2021-01-28, startTime=13:00, endTime=14:40, classroom=Classroom{id=2, roomName='A-2', roomType='Class', roomCapacity=30, building=Building{id=1, buildingName='Changed name'}}, course=Course{id=5, courseName='Culture'}, teacher=Teacher{id=5, firstName='Scarlett', lastName='Nimoy', faculty=Faculty{id=3, facultyName='Faculty of Arts'}}}, Lesson{id=94, date=2021-01-28, startTime=14:50, endTime=16:30, classroom=Classroom{id=3, roomName='B-10', roomType='Laboratory', roomCapacity=10, building=Building{id=2, buildingName='E'}}, course=Course{id=5, courseName='Culture'}, teacher=Teacher{id=5, firstName='Scarlett', lastName='Nimoy', faculty=Faculty{id=3, facultyName='Faculty of Arts'}}}, Lesson{id=95, date=2021-01-28, startTime=16:40, endTime=18:20, classroom=Classroom{id=4, roomName='A-4', roomType='Lecture', roomCapacity=50, building=Building{id=1, buildingName='Changed name'}}, course=Course{id=1, courseName='History'}, teacher=Teacher{id=1, firstName='Albert', lastName='Johnson', faculty=Faculty{id=3, facultyName='Faculty of Arts'}}}, Lesson{id=96, date=2021-01-28, startTime=09:20, endTime=11:00, classroom=Classroom{id=9, roomName='New name', roomType='Lecture', roomCapacity=50, building=Building{id=2, buildingName='E'}}, course=Course{id=7, courseName='Chemistry'}, teacher=Teacher{id=8, firstName='Samuel', lastName='Travis', faculty=Faculty{id=1, facultyName='Changed faculty name'}}}, Lesson{id=97, date=2021-01-28, startTime=11:10, endTime=12:50, classroom=Classroom{id=9, roomName='New name', roomType='Lecture', roomCapacity=50, building=Building{id=2, buildingName='E'}}, course=Course{id=7, courseName='Chemistry'}, teacher=Teacher{id=8, firstName='Samuel', lastName='Travis', faculty=Faculty{id=1, facultyName='Changed faculty name'}}}, Lesson{id=98, date=2021-01-28, startTime=13:00, endTime=14:40, classroom=Classroom{id=6, roomName='B-1', roomType='Class', roomCapacity=30, building=Building{id=2, buildingName='E'}}, course=Course{id=7, courseName='Chemistry'}, teacher=Teacher{id=9, firstName='Albert', lastName='Hill', faculty=Faculty{id=1, facultyName='Changed faculty name'}}}, Lesson{id=99, date=2021-01-28, startTime=14:50, endTime=16:30, classroom=Classroom{id=7, roomName='B-2', roomType='Class', roomCapacity=30, building=Building{id=2, buildingName='E'}}, course=Course{id=7, courseName='Chemistry'}, teacher=Teacher{id=9, firstName='Albert', lastName='Hill', faculty=Faculty{id=1, facultyName='Changed faculty name'}}}, Lesson{id=100, date=2021-01-28, startTime=16:40, endTime=18:20, classroom=Classroom{id=10, roomName='B-5', roomType='Laboratory', roomCapacity=10, building=Building{id=2, buildingName='E'}}, course=Course{id=7, courseName='Chemistry'}, teacher=Teacher{id=9, firstName='Albert', lastName='Hill', faculty=Faculty{id=1, facultyName='Changed faculty name'}}}, Lesson{id=101, date=2021-01-28, startTime=09:20, endTime=11:00, classroom=Classroom{id=14, roomName='C-4', roomType='Lecture', roomCapacity=50, building=Building{id=3, buildingName='C'}}, course=Course{id=8, courseName='Mathematics'}, teacher=Teacher{id=10, firstName='Joshua', lastName='Eve', faculty=Faculty{id=2, facultyName='Changed faculty name'}}}, Lesson{id=102, date=2021-01-28, startTime=11:10, endTime=12:50, classroom=Classroom{id=14, roomName='C-4', roomType='Lecture', roomCapacity=50, building=Building{id=3, buildingName='C'}}, course=Course{id=8, courseName='Mathematics'}, teacher=Teacher{id=10, firstName='Joshua', lastName='Eve', faculty=Faculty{id=2, facultyName='Changed faculty name'}}}, Lesson{id=103, date=2021-01-28, startTime=13:00, endTime=14:40, classroom=Classroom{id=12, roomName='C-2', roomType='Class', roomCapacity=30, building=Building{id=3, buildingName='C'}}, course=Course{id=9, courseName='Physics'}, teacher=Teacher{id=11, firstName='Sophia', lastName='Roos', faculty=Faculty{id=2, facultyName='Changed faculty name'}}}, Lesson{id=104, date=2021-01-28, startTime=14:50, endTime=16:30, classroom=Classroom{id=12, roomName='C-2', roomType='Class', roomCapacity=30, building=Building{id=3, buildingName='C'}}, course=Course{id=10, courseName='Geometry'}, teacher=Teacher{id=12, firstName='Mia', lastName='Brown', faculty=Faculty{id=2, facultyName='Changed faculty name'}}}, Lesson{id=105, date=2021-01-28, startTime=16:40, endTime=18:20, classroom=Classroom{id=15, roomName='C-5', roomType='Laboratory', roomCapacity=10, building=Building{id=3, buildingName='C'}}, course=Course{id=8, courseName='Mathematics'}, teacher=Teacher{id=10, firstName='Joshua', lastName='Eve', faculty=Faculty{id=2, facultyName='Changed faculty name'}}}, Lesson{id=106, date=2021-01-29, startTime=09:20, endTime=11:00, classroom=Classroom{id=4, roomName='A-4', roomType='Lecture', roomCapacity=50, building=Building{id=1, buildingName='Changed name'}}, course=Course{id=5, courseName='Culture'}, teacher=Teacher{id=5, firstName='Scarlett', lastName='Nimoy', faculty=Faculty{id=3, facultyName='Faculty of Arts'}}}, Lesson{id=107, date=2021-01-29, startTime=11:10, endTime=12:50, classroom=Classroom{id=1, roomName='A-1', roomType='Class', roomCapacity=30, building=Building{id=1, buildingName='Changed name'}}, course=Course{id=5, courseName='Culture'}, teacher=Teacher{id=5, firstName='Scarlett', lastName='Nimoy', faculty=Faculty{id=3, facultyName='Faculty of Arts'}}}, Lesson{id=108, date=2021-01-29, startTime=13:00, endTime=14:40, classroom=Classroom{id=2, roomName='A-2', roomType='Class', roomCapacity=30, building=Building{id=1, buildingName='Changed name'}}, course=Course{id=1, courseName='History'}, teacher=Teacher{id=1, firstName='Albert', lastName='Johnson', faculty=Faculty{id=3, facultyName='Faculty of Arts'}}}, Lesson{id=109, date=2021-01-29, startTime=14:50, endTime=16:30, classroom=Classroom{id=3, roomName='B-10', roomType='Laboratory', roomCapacity=10, building=Building{id=2, buildingName='E'}}, course=Course{id=1, courseName='History'}, teacher=Teacher{id=1, firstName='Albert', lastName='Johnson', faculty=Faculty{id=3, facultyName='Faculty of Arts'}}}, Lesson{id=110, date=2021-01-29, startTime=16:40, endTime=18:20, classroom=Classroom{id=4, roomName='A-4', roomType='Lecture', roomCapacity=50, building=Building{id=1, buildingName='Changed name'}}, course=Course{id=2, courseName='Philosophy'}, teacher=Teacher{id=2, firstName='Stanley', lastName='Gruber', faculty=Faculty{id=3, facultyName='Faculty of Arts'}}}, Lesson{id=111, date=2021-01-29, startTime=09:20, endTime=11:00, classroom=Classroom{id=9, roomName='New name', roomType='Lecture', roomCapacity=50, building=Building{id=2, buildingName='E'}}, course=Course{id=6, courseName='Biology'}, teacher=Teacher{id=6, firstName='Ellie', lastName='Purh', faculty=Faculty{id=1, facultyName='Changed faculty name'}}}, Lesson{id=112, date=2021-01-29, startTime=11:10, endTime=12:50, classroom=Classroom{id=9, roomName='New name', roomType='Lecture', roomCapacity=50, building=Building{id=2, buildingName='E'}}, course=Course{id=6, courseName='Biology'}, teacher=Teacher{id=6, firstName='Ellie', lastName='Purh', faculty=Faculty{id=1, facultyName='Changed faculty name'}}}, Lesson{id=113, date=2021-01-29, startTime=13:00, endTime=14:40, classroom=Classroom{id=6, roomName='B-1', roomType='Class', roomCapacity=30, building=Building{id=2, buildingName='E'}}, course=Course{id=6, courseName='Biology'}, teacher=Teacher{id=7, firstName='Charlie', lastName='Byrne', faculty=Faculty{id=1, facultyName='Changed faculty name'}}}, Lesson{id=114, date=2021-01-29, startTime=14:50, endTime=16:30, classroom=Classroom{id=7, roomName='B-2', roomType='Class', roomCapacity=30, building=Building{id=2, buildingName='E'}}, course=Course{id=6, courseName='Biology'}, teacher=Teacher{id=7, firstName='Charlie', lastName='Byrne', faculty=Faculty{id=1, facultyName='Changed faculty name'}}}, Lesson{id=115, date=2021-01-29, startTime=16:40, endTime=18:20, classroom=Classroom{id=10, roomName='B-5', roomType='Laboratory', roomCapacity=10, building=Building{id=2, buildingName='E'}}, course=Course{id=6, courseName='Biology'}, teacher=Teacher{id=7, firstName='Charlie', lastName='Byrne', faculty=Faculty{id=1, facultyName='Changed faculty name'}}}, Lesson{id=116, date=2021-01-29, startTime=09:20, endTime=11:00, classroom=Classroom{id=14, roomName='C-4', roomType='Lecture', roomCapacity=50, building=Building{id=3, buildingName='C'}}, course=Course{id=9, courseName='Physics'}, teacher=Teacher{id=11, firstName='Sophia', lastName='Roos', faculty=Faculty{id=2, facultyName='Changed faculty name'}}}, Lesson{id=117, date=2021-01-29, startTime=11:10, endTime=12:50, classroom=Classroom{id=14, roomName='C-4', roomType='Lecture', roomCapacity=50, building=Building{id=3, buildingName='C'}}, course=Course{id=10, courseName='Geometry'}, teacher=Teacher{id=12, firstName='Mia', lastName='Brown', faculty=Faculty{id=2, facultyName='Changed faculty name'}}}, Lesson{id=118, date=2021-01-29, startTime=13:00, endTime=14:40, classroom=Classroom{id=13, roomName='C-3', roomType='Class', roomCapacity=30, building=Building{id=3, buildingName='C'}}, course=Course{id=8, courseName='Mathematics'}, teacher=Teacher{id=10, firstName='Joshua', lastName='Eve', faculty=Faculty{id=2, facultyName='Changed faculty name'}}}, Lesson{id=119, date=2021-01-29, startTime=14:50, endTime=16:30, classroom=Classroom{id=15, roomName='C-5', roomType='Laboratory', roomCapacity=10, building=Building{id=3, buildingName='C'}}, course=Course{id=9, courseName='Physics'}, teacher=Teacher{id=11, firstName='Sophia', lastName='Roos', faculty=Faculty{id=2, facultyName='Changed faculty name'}}}, Lesson{id=120, date=2021-01-29, startTime=16:40, endTime=18:20, classroom=Classroom{id=15, roomName='C-5', roomType='Laboratory', roomCapacity=10, building=Building{id=3, buildingName='C'}}, course=Course{id=10, courseName='Geometry'}, teacher=Teacher{id=12, firstName='Mia', lastName='Brown', faculty=Faculty{id=2, facultyName='Changed faculty name'}}}, Lesson{id=121, date=2021-02-01, startTime=09:20, endTime=11:00, classroom=Classroom{id=4, roomName='A-4', roomType='Lecture', roomCapacity=50, building=Building{id=1, buildingName='Changed name'}}, course=Course{id=1, courseName='History'}, teacher=Teacher{id=1, firstName='Albert', lastName='Johnson', faculty=Faculty{id=3, facultyName='Faculty of Arts'}}}, Lesson{id=122, date=2021-02-01, startTime=11:10, endTime=12:50, classroom=Classroom{id=1, roomName='A-1', roomType='Class', roomCapacity=30, building=Building{id=1, buildingName='Changed name'}}, course=Course{id=1, courseName='History'}, teacher=Teacher{id=1, firstName='Albert', lastName='Johnson', faculty=Faculty{id=3, facultyName='Faculty of Arts'}}}, Lesson{id=123, date=2021-02-01, startTime=13:00, endTime=14:40, classroom=Classroom{id=2, roomName='A-2', roomType='Class', roomCapacity=30, building=Building{id=1, buildingName='Changed name'}}, course=Course{id=2, courseName='Philosophy'}, teacher=Teacher{id=2, firstName='Stanley', lastName='Gruber', faculty=Faculty{id=3, facultyName='Faculty of Arts'}}}, Lesson{id=124, date=2021-02-01, startTime=14:50, endTime=16:30, classroom=Classroom{id=3, roomName='B-10', roomType='Laboratory', roomCapacity=10, building=Building{id=2, buildingName='E'}}, course=Course{id=2, courseName='Philosophy'}, teacher=Teacher{id=2, firstName='Stanley', lastName='Gruber', faculty=Faculty{id=3, facultyName='Faculty of Arts'}}}, Lesson{id=125, date=2021-02-01, startTime=16:40, endTime=18:20, classroom=Classroom{id=4, roomName='A-4', roomType='Lecture', roomCapacity=50, building=Building{id=1, buildingName='Changed name'}}, course=Course{id=3, courseName='Another course's name'}, teacher=Teacher{id=3, firstName='Freya', lastName='Shepp', faculty=Faculty{id=3, facultyName='Faculty of Arts'}}}, Lesson{id=126, date=2021-02-01, startTime=09:20, endTime=11:00, classroom=Classroom{id=9, roomName='New name', roomType='Lecture', roomCapacity=50, building=Building{id=2, buildingName='E'}}, course=Course{id=6, courseName='Biology'}, teacher=Teacher{id=6, firstName='Ellie', lastName='Purh', faculty=Faculty{id=1, facultyName='Changed faculty name'}}}, Lesson{id=127, date=2021-02-01, startTime=11:10, endTime=12:50, classroom=Classroom{id=9, roomName='New name', roomType='Lecture', roomCapacity=50, building=Building{id=2, buildingName='E'}}, course=Course{id=6, courseName='Biology'}, teacher=Teacher{id=6, firstName='Ellie', lastName='Purh', faculty=Faculty{id=1, facultyName='Changed faculty name'}}}, Lesson{id=128, date=2021-02-01, startTime=13:00, endTime=14:40, classroom=Classroom{id=6, roomName='B-1', roomType='Class', roomCapacity=30, building=Building{id=2, buildingName='E'}}, course=Course{id=6, courseName='Biology'}, teacher=Teacher{id=7, firstName='Charlie', lastName='Byrne', faculty=Faculty{id=1, facultyName='Changed faculty name'}}}, Lesson{id=129, date=2021-02-01, startTime=14:50, endTime=16:30, classroom=Classroom{id=7, roomName='B-2', roomType='Class', roomCapacity=30, building=Building{id=2, buildingName='E'}}, course=Course{id=6, courseName='Biology'}, teacher=Teacher{id=7, firstName='Charlie', lastName='Byrne', faculty=Faculty{id=1, facultyName='Changed faculty name'}}}, Lesson{id=130, date=2021-02-01, startTime=16:40, endTime=18:20, classroom=Classroom{id=10, roomName='B-5', roomType='Laboratory', roomCapacity=10, building=Building{id=2, buildingName='E'}}, course=Course{id=6, courseName='Biology'}, teacher=Teacher{id=7, firstName='Charlie', lastName='Byrne', faculty=Faculty{id=1, facultyName='Changed faculty name'}}}, Lesson{id=131, date=2021-02-01, startTime=09:20, endTime=11:00, classroom=Classroom{id=14, roomName='C-4', roomType='Lecture', roomCapacity=50, building=Building{id=3, buildingName='C'}}, course=Course{id=8, courseName='Mathematics'}, teacher=Teacher{id=10, firstName='Joshua', lastName='Eve', faculty=Faculty{id=2, facultyName='Changed faculty name'}}}, Lesson{id=132, date=2021-02-01, startTime=11:10, endTime=12:50, classroom=Classroom{id=14, roomName='C-4', roomType='Lecture', roomCapacity=50, building=Building{id=3, buildingName='C'}}, course=Course{id=8, courseName='Mathematics'}, teacher=Teacher{id=10, firstName='Joshua', lastName='Eve', faculty=Faculty{id=2, facultyName='Changed faculty name'}}}, Lesson{id=133, date=2021-02-01, startTime=13:00, endTime=14:40, classroom=Classroom{id=11, roomName='C-1', roomType='Class', roomCapacity=30, building=Building{id=3, buildingName='C'}}, course=Course{id=8, courseName='Mathematics'}, teacher=Teacher{id=10, firstName='Joshua', lastName='Eve', faculty=Faculty{id=2, facultyName='Changed faculty name'}}}, Lesson{id=134, date=2021-02-01, startTime=14:50, endTime=16:30, classroom=Classroom{id=13, roomName='C-3', roomType='Class', roomCapacity=30, building=Building{id=3, buildingName='C'}}, course=Course{id=8, courseName='Mathematics'}, teacher=Teacher{id=10, firstName='Joshua', lastName='Eve', faculty=Faculty{id=2, facultyName='Changed faculty name'}}}, Lesson{id=135, date=2021-02-01, startTime=16:40, endTime=18:20, classroom=Classroom{id=15, roomName='C-5', roomType='Laboratory', roomCapacity=10, building=Building{id=3, buildingName='C'}}, course=Course{id=8, courseName='Mathematics'}, teacher=Teacher{id=10, firstName='Joshua', lastName='Eve', faculty=Faculty{id=2, facultyName='Changed faculty name'}}}, Lesson{id=136, date=2021-02-02, startTime=09:20, endTime=11:00, classroom=Classroom{id=4, roomName='A-4', roomType='Lecture', roomCapacity=50, building=Building{id=1, buildingName='Changed name'}}, course=Course{id=2, courseName='Philosophy'}, teacher=Teacher{id=2, firstName='Stanley', lastName='Gruber', faculty=Faculty{id=3, facultyName='Faculty of Arts'}}}, Lesson{id=137, date=2021-02-02, startTime=11:10, endTime=12:50, classroom=Classroom{id=1, roomName='A-1', roomType='Class', roomCapacity=30, building=Building{id=1, buildingName='Changed name'}}, course=Course{id=2, courseName='Philosophy'}, teacher=Teacher{id=2, firstName='Stanley', lastName='Gruber', faculty=Faculty{id=3, facultyName='Faculty of Arts'}}}, Lesson{id=138, date=2021-02-02, startTime=13:00, endTime=14:40, classroom=Classroom{id=2, roomName='A-2', roomType='Class', roomCapacity=30, building=Building{id=1, buildingName='Changed name'}}, course=Course{id=3, courseName='Another course's name'}, teacher=Teacher{id=3, firstName='Freya', lastName='Shepp', faculty=Faculty{id=3, facultyName='Faculty of Arts'}}}, Lesson{id=139, date=2021-02-02, startTime=14:50, endTime=16:30, classroom=Classroom{id=3, roomName='B-10', roomType='Laboratory', roomCapacity=10, building=Building{id=2, buildingName='E'}}, course=Course{id=3, courseName='Another course's name'}, teacher=Teacher{id=3, firstName='Freya', lastName='Shepp', faculty=Faculty{id=3, facultyName='Faculty of Arts'}}}, Lesson{id=140, date=2021-02-02, startTime=16:40, endTime=18:20, classroom=Classroom{id=4, roomName='A-4', roomType='Lecture', roomCapacity=50, building=Building{id=1, buildingName='Changed name'}}, course=Course{id=4, courseName='Political science'}, teacher=Teacher{id=4, firstName='Olivia', lastName='Blake', faculty=Faculty{id=3, facultyName='Faculty of Arts'}}}, Lesson{id=141, date=2021-02-02, startTime=09:20, endTime=11:00, classroom=Classroom{id=9, roomName='New name', roomType='Lecture', roomCapacity=50, building=Building{id=2, buildingName='E'}}, course=Course{id=7, courseName='Chemistry'}, teacher=Teacher{id=8, firstName='Samuel', lastName='Travis', faculty=Faculty{id=1, facultyName='Changed faculty name'}}}, Lesson{id=142, date=2021-02-02, startTime=11:10, endTime=12:50, classroom=Classroom{id=9, roomName='New name', roomType='Lecture', roomCapacity=50, building=Building{id=2, buildingName='E'}}, course=Course{id=7, courseName='Chemistry'}, teacher=Teacher{id=8, firstName='Samuel', lastName='Travis', faculty=Faculty{id=1, facultyName='Changed faculty name'}}}, Lesson{id=143, date=2021-02-02, startTime=13:00, endTime=14:40, classroom=Classroom{id=6, roomName='B-1', roomType='Class', roomCapacity=30, building=Building{id=2, buildingName='E'}}, course=Course{id=7, courseName='Chemistry'}, teacher=Teacher{id=9, firstName='Albert', lastName='Hill', faculty=Faculty{id=1, facultyName='Changed faculty name'}}}, Lesson{id=144, date=2021-02-02, startTime=14:50, endTime=16:30, classroom=Classroom{id=7, roomName='B-2', roomType='Class', roomCapacity=30, building=Building{id=2, buildingName='E'}}, course=Course{id=7, courseName='Chemistry'}, teacher=Teacher{id=9, firstName='Albert', lastName='Hill', faculty=Faculty{id=1, facultyName='Changed faculty name'}}}, Lesson{id=145, date=2021-02-02, startTime=16:40, endTime=18:20, classroom=Classroom{id=10, roomName='B-5', roomType='Laboratory', roomCapacity=10, building=Building{id=2, buildingName='E'}}, course=Course{id=7, courseName='Chemistry'}, teacher=Teacher{id=9, firstName='Albert', lastName='Hill', faculty=Faculty{id=1, facultyName='Changed faculty name'}}}, Lesson{id=146, date=2021-02-02, startTime=09:20, endTime=11:00, classroom=Classroom{id=14, roomName='C-4', roomType='Lecture', roomCapacity=50, building=Building{id=3, buildingName='C'}}, course=Course{id=9, courseName='Physics'}, teacher=Teacher{id=11, firstName='Sophia', lastName='Roos', faculty=Faculty{id=2, facultyName='Changed faculty name'}}}, Lesson{id=147, date=2021-02-02, startTime=11:10, endTime=12:50, classroom=Classroom{id=14, roomName='C-4', roomType='Lecture', roomCapacity=50, building=Building{id=3, buildingName='C'}}, course=Course{id=9, courseName='Physics'}, teacher=Teacher{id=11, firstName='Sophia', lastName='Roos', faculty=Faculty{id=2, facultyName='Changed faculty name'}}}, Lesson{id=148, date=2021-02-02, startTime=13:00, endTime=14:40, classroom=Classroom{id=11, roomName='C-1', roomType='Class', roomCapacity=30, building=Building{id=3, buildingName='C'}}, course=Course{id=9, courseName='Physics'}, teacher=Teacher{id=11, firstName='Sophia', lastName='Roos', faculty=Faculty{id=2, facultyName='Changed faculty name'}}}, Lesson{id=149, date=2021-02-02, startTime=14:50, endTime=16:30, classroom=Classroom{id=13, roomName='C-3', roomType='Class', roomCapacity=30, building=Building{id=3, buildingName='C'}}, course=Course{id=9, courseName='Physics'}, teacher=Teacher{id=11, firstName='Sophia', lastName='Roos', faculty=Faculty{id=2, facultyName='Changed faculty name'}}}, Lesson{id=150, date=2021-02-02, startTime=16:40, endTime=18:20, classroom=Classroom{id=15, roomName='C-5', roomType='Laboratory', roomCapacity=10, building=Building{id=3, buildingName='C'}}, course=Course{id=9, courseName='Physics'}, teacher=Teacher{id=11, firstName='Sophia', lastName='Roos', faculty=Faculty{id=2, facultyName='Changed faculty name'}}}, Lesson{id=151, date=2021-02-03, startTime=09:20, endTime=11:00, classroom=Classroom{id=4, roomName='A-4', roomType='Lecture', roomCapacity=50, building=Building{id=1, buildingName='Changed name'}}, course=Course{id=3, courseName='Another course's name'}, teacher=Teacher{id=3, firstName='Freya', lastName='Shepp', faculty=Faculty{id=3, facultyName='Faculty of Arts'}}}, Lesson{id=152, date=2021-02-03, startTime=11:10, endTime=12:50, classroom=Classroom{id=1, roomName='A-1', roomType='Class', roomCapacity=30, building=Building{id=1, buildingName='Changed name'}}, course=Course{id=3, courseName='Another course's name'}, teacher=Teacher{id=3, firstName='Freya', lastName='Shepp', faculty=Faculty{id=3, facultyName='Faculty of Arts'}}}, Lesson{id=153, date=2021-02-03, startTime=13:00, endTime=14:40, classroom=Classroom{id=2, roomName='A-2', roomType='Class', roomCapacity=30, building=Building{id=1, buildingName='Changed name'}}, course=Course{id=4, courseName='Political science'}, teacher=Teacher{id=4, firstName='Olivia', lastName='Blake', faculty=Faculty{id=3, facultyName='Faculty of Arts'}}}, Lesson{id=154, date=2021-02-03, startTime=14:50, endTime=16:30, classroom=Classroom{id=3, roomName='B-10', roomType='Laboratory', roomCapacity=10, building=Building{id=2, buildingName='E'}}, course=Course{id=4, courseName='Political science'}, teacher=Teacher{id=4, firstName='Olivia', lastName='Blake', faculty=Faculty{id=3, facultyName='Faculty of Arts'}}}, Lesson{id=155, date=2021-02-03, startTime=16:40, endTime=18:20, classroom=Classroom{id=4, roomName='A-4', roomType='Lecture', roomCapacity=50, building=Building{id=1, buildingName='Changed name'}}, course=Course{id=5, courseName='Culture'}, teacher=Teacher{id=5, firstName='Scarlett', lastName='Nimoy', faculty=Faculty{id=3, facultyName='Faculty of Arts'}}}, Lesson{id=156, date=2021-02-03, startTime=09:20, endTime=11:00, classroom=Classroom{id=9, roomName='New name', roomType='Lecture', roomCapacity=50, building=Building{id=2, buildingName='E'}}, course=Course{id=6, courseName='Biology'}, teacher=Teacher{id=6, firstName='Ellie', lastName='Purh', faculty=Faculty{id=1, facultyName='Changed faculty name'}}}, Lesson{id=157, date=2021-02-03, startTime=11:10, endTime=12:50, classroom=Classroom{id=9, roomName='New name', roomType='Lecture', roomCapacity=50, building=Building{id=2, buildingName='E'}}, course=Course{id=6, courseName='Biology'}, teacher=Teacher{id=6, firstName='Ellie', lastName='Purh', faculty=Faculty{id=1, facultyName='Changed faculty name'}}}, Lesson{id=158, date=2021-02-03, startTime=13:00, endTime=14:40, classroom=Classroom{id=6, roomName='B-1', roomType='Class', roomCapacity=30, building=Building{id=2, buildingName='E'}}, course=Course{id=6, courseName='Biology'}, teacher=Teacher{id=7, firstName='Charlie', lastName='Byrne', faculty=Faculty{id=1, facultyName='Changed faculty name'}}}, Lesson{id=159, date=2021-02-03, startTime=14:50, endTime=16:30, classroom=Classroom{id=7, roomName='B-2', roomType='Class', roomCapacity=30, building=Building{id=2, buildingName='E'}}, course=Course{id=6, courseName='Biology'}, teacher=Teacher{id=7, firstName='Charlie', lastName='Byrne', faculty=Faculty{id=1, facultyName='Changed faculty name'}}}, Lesson{id=160, date=2021-02-03, startTime=16:40, endTime=18:20, classroom=Classroom{id=10, roomName='B-5', roomType='Laboratory', roomCapacity=10, building=Building{id=2, buildingName='E'}}, course=Course{id=6, courseName='Biology'}, teacher=Teacher{id=7, firstName='Charlie', lastName='Byrne', faculty=Faculty{id=1, facultyName='Changed faculty name'}}}, Lesson{id=161, date=2021-02-03, startTime=09:20, endTime=11:00, classroom=Classroom{id=14, roomName='C-4', roomType='Lecture', roomCapacity=50, building=Building{id=3, buildingName='C'}}, course=Course{id=10, courseName='Geometry'}, teacher=Teacher{id=12, firstName='Mia', lastName='Brown', faculty=Faculty{id=2, facultyName='Changed faculty name'}}}, Lesson{id=162, date=2021-02-03, startTime=11:10, endTime=12:50, classroom=Classroom{id=14, roomName='C-4', roomType='Lecture', roomCapacity=50, building=Building{id=3, buildingName='C'}}, course=Course{id=10, courseName='Geometry'}, teacher=Teacher{id=12, firstName='Mia', lastName='Brown', faculty=Faculty{id=2, facultyName='Changed faculty name'}}}, Lesson{id=163, date=2021-02-03, startTime=13:00, endTime=14:40, classroom=Classroom{id=11, roomName='C-1', roomType='Class', roomCapacity=30, building=Building{id=3, buildingName='C'}}, course=Course{id=10, courseName='Geometry'}, teacher=Teacher{id=12, firstName='Mia', lastName='Brown', faculty=Faculty{id=2, facultyName='Changed faculty name'}}}, Lesson{id=164, date=2021-02-03, startTime=14:50, endTime=16:30, classroom=Classroom{id=13, roomName='C-3', roomType='Class', roomCapacity=30, building=Building{id=3, buildingName='C'}}, course=Course{id=10, courseName='Geometry'}, teacher=Teacher{id=12, firstName='Mia', lastName='Brown', faculty=Faculty{id=2, facultyName='Changed faculty name'}}}, Lesson{id=165, date=2021-02-03, startTime=16:40, endTime=18:20, classroom=Classroom{id=15, roomName='C-5', roomType='Laboratory', roomCapacity=10, building=Building{id=3, buildingName='C'}}, course=Course{id=10, courseName='Geometry'}, teacher=Teacher{id=12, firstName='Mia', lastName='Brown', faculty=Faculty{id=2, facultyName='Changed faculty name'}}}, Lesson{id=166, date=2021-02-04, startTime=09:20, endTime=11:00, classroom=Classroom{id=4, roomName='A-4', roomType='Lecture', roomCapacity=50, building=Building{id=1, buildingName='Changed name'}}, course=Course{id=4, courseName='Political science'}, teacher=Teacher{id=4, firstName='Olivia', lastName='Blake', faculty=Faculty{id=3, facultyName='Faculty of Arts'}}}, Lesson{id=167, date=2021-02-04, startTime=11:10, endTime=12:50, classroom=Classroom{id=1, roomName='A-1', roomType='Class', roomCapacity=30, building=Building{id=1, buildingName='Changed name'}}, course=Course{id=4, courseName='Political science'}, teacher=Teacher{id=4, firstName='Olivia', lastName='Blake', faculty=Faculty{id=3, facultyName='Faculty of Arts'}}}, Lesson{id=168, date=2021-02-04, startTime=13:00, endTime=14:40, classroom=Classroom{id=2, roomName='A-2', roomType='Class', roomCapacity=30, building=Building{id=1, buildingName='Changed name'}}, course=Course{id=5, courseName='Culture'}, teacher=Teacher{id=5, firstName='Scarlett', lastName='Nimoy', faculty=Faculty{id=3, facultyName='Faculty of Arts'}}}, Lesson{id=169, date=2021-02-04, startTime=14:50, endTime=16:30, classroom=Classroom{id=3, roomName='B-10', roomType='Laboratory', roomCapacity=10, building=Building{id=2, buildingName='E'}}, course=Course{id=5, courseName='Culture'}, teacher=Teacher{id=5, firstName='Scarlett', lastName='Nimoy', faculty=Faculty{id=3, facultyName='Faculty of Arts'}}}, Lesson{id=170, date=2021-02-04, startTime=16:40, endTime=18:20, classroom=Classroom{id=4, roomName='A-4', roomType='Lecture', roomCapacity=50, building=Building{id=1, buildingName='Changed name'}}, course=Course{id=1, courseName='History'}, teacher=Teacher{id=1, firstName='Albert', lastName='Johnson', faculty=Faculty{id=3, facultyName='Faculty of Arts'}}}, Lesson{id=171, date=2021-02-04, startTime=09:20, endTime=11:00, classroom=Classroom{id=9, roomName='New name', roomType='Lecture', roomCapacity=50, building=Building{id=2, buildingName='E'}}, course=Course{id=7, courseName='Chemistry'}, teacher=Teacher{id=8, firstName='Samuel', lastName='Travis', faculty=Faculty{id=1, facultyName='Changed faculty name'}}}, Lesson{id=172, date=2021-02-04, startTime=11:10, endTime=12:50, classroom=Classroom{id=9, roomName='New name', roomType='Lecture', roomCapacity=50, building=Building{id=2, buildingName='E'}}, course=Course{id=7, courseName='Chemistry'}, teacher=Teacher{id=8, firstName='Samuel', lastName='Travis', faculty=Faculty{id=1, facultyName='Changed faculty name'}}}, Lesson{id=173, date=2021-02-04, startTime=13:00, endTime=14:40, classroom=Classroom{id=6, roomName='B-1', roomType='Class', roomCapacity=30, building=Building{id=2, buildingName='E'}}, course=Course{id=7, courseName='Chemistry'}, teacher=Teacher{id=9, firstName='Albert', lastName='Hill', faculty=Faculty{id=1, facultyName='Changed faculty name'}}}, Lesson{id=174, date=2021-02-04, startTime=14:50, endTime=16:30, classroom=Classroom{id=7, roomName='B-2', roomType='Class', roomCapacity=30, building=Building{id=2, buildingName='E'}}, course=Course{id=7, courseName='Chemistry'}, teacher=Teacher{id=9, firstName='Albert', lastName='Hill', faculty=Faculty{id=1, facultyName='Changed faculty name'}}}, Lesson{id=175, date=2021-02-04, startTime=16:40, endTime=18:20, classroom=Classroom{id=10, roomName='B-5', roomType='Laboratory', roomCapacity=10, building=Building{id=2, buildingName='E'}}, course=Course{id=7, courseName='Chemistry'}, teacher=Teacher{id=9, firstName='Albert', lastName='Hill', faculty=Faculty{id=1, facultyName='Changed faculty name'}}}, Lesson{id=176, date=2021-02-04, startTime=09:20, endTime=11:00, classroom=Classroom{id=14, roomName='C-4', roomType='Lecture', roomCapacity=50, building=Building{id=3, buildingName='C'}}, course=Course{id=8, courseName='Mathematics'}, teacher=Teacher{id=10, firstName='Joshua', lastName='Eve', faculty=Faculty{id=2, facultyName='Changed faculty name'}}}, Lesson{id=177, date=2021-02-04, startTime=11:10, endTime=12:50, classroom=Classroom{id=14, roomName='C-4', roomType='Lecture', roomCapacity=50, building=Building{id=3, buildingName='C'}}, course=Course{id=8, courseName='Mathematics'}, teacher=Teacher{id=10, firstName='Joshua', lastName='Eve', faculty=Faculty{id=2, facultyName='Changed faculty name'}}}, Lesson{id=178, date=2021-02-04, startTime=13:00, endTime=14:40, classroom=Classroom{id=12, roomName='C-2', roomType='Class', roomCapacity=30, building=Building{id=3, buildingName='C'}}, course=Course{id=9, courseName='Physics'}, teacher=Teacher{id=11, firstName='Sophia', lastName='Roos', faculty=Faculty{id=2, facultyName='Changed faculty name'}}}, Lesson{id=179, date=2021-02-04, startTime=14:50, endTime=16:30, classroom=Classroom{id=12, roomName='C-2', roomType='Class', roomCapacity=30, building=Building{id=3, buildingName='C'}}, course=Course{id=10, courseName='Geometry'}, teacher=Teacher{id=12, firstName='Mia', lastName='Brown', faculty=Faculty{id=2, facultyName='Changed faculty name'}}}, Lesson{id=180, date=2021-02-04, startTime=16:40, endTime=18:20, classroom=Classroom{id=15, roomName='C-5', roomType='Laboratory', roomCapacity=10, building=Building{id=3, buildingName='C'}}, course=Course{id=8, courseName='Mathematics'}, teacher=Teacher{id=10, firstName='Joshua', lastName='Eve', faculty=Faculty{id=2, facultyName='Changed faculty name'}}}, Lesson{id=181, date=2021-02-05, startTime=09:20, endTime=11:00, classroom=Classroom{id=4, roomName='A-4', roomType='Lecture', roomCapacity=50, building=Building{id=1, buildingName='Changed name'}}, course=Course{id=5, courseName='Culture'}, teacher=Teacher{id=5, firstName='Scarlett', lastName='Nimoy', faculty=Faculty{id=3, facultyName='Faculty of Arts'}}}, Lesson{id=182, date=2021-02-05, startTime=11:10, endTime=12:50, classroom=Classroom{id=1, roomName='A-1', roomType='Class', roomCapacity=30, building=Building{id=1, buildingName='Changed name'}}, course=Course{id=5, courseName='Culture'}, teacher=Teacher{id=5, firstName='Scarlett', lastName='Nimoy', faculty=Faculty{id=3, facultyName='Faculty of Arts'}}}, Lesson{id=183, date=2021-02-05, startTime=13:00, endTime=14:40, classroom=Classroom{id=2, roomName='A-2', roomType='Class', roomCapacity=30, building=Building{id=1, buildingName='Changed name'}}, course=Course{id=1, courseName='History'}, teacher=Teacher{id=1, firstName='Albert', lastName='Johnson', faculty=Faculty{id=3, facultyName='Faculty of Arts'}}}, Lesson{id=184, date=2021-02-05, startTime=14:50, endTime=16:30, classroom=Classroom{id=3, roomName='B-10', roomType='Laboratory', roomCapacity=10, building=Building{id=2, buildingName='E'}}, course=Course{id=1, courseName='History'}, teacher=Teacher{id=1, firstName='Albert', lastName='Johnson', faculty=Faculty{id=3, facultyName='Faculty of Arts'}}}, Lesson{id=185, date=2021-02-05, startTime=16:40, endTime=18:20, classroom=Classroom{id=4, roomName='A-4', roomType='Lecture', roomCapacity=50, building=Building{id=1, buildingName='Changed name'}}, course=Course{id=2, courseName='Philosophy'}, teacher=Teacher{id=2, firstName='Stanley', lastName='Gruber', faculty=Faculty{id=3, facultyName='Faculty of Arts'}}}, Lesson{id=186, date=2021-02-05, startTime=09:20, endTime=11:00, classroom=Classroom{id=9, roomName='New name', roomType='Lecture', roomCapacity=50, building=Building{id=2, buildingName='E'}}, course=Course{id=6, courseName='Biology'}, teacher=Teacher{id=6, firstName='Ellie', lastName='Purh', faculty=Faculty{id=1, facultyName='Changed faculty name'}}}, Lesson{id=187, date=2021-02-05, startTime=11:10, endTime=12:50, classroom=Classroom{id=9, roomName='New name', roomType='Lecture', roomCapacity=50, building=Building{id=2, buildingName='E'}}, course=Course{id=6, courseName='Biology'}, teacher=Teacher{id=6, firstName='Ellie', lastName='Purh', faculty=Faculty{id=1, facultyName='Changed faculty name'}}}, Lesson{id=188, date=2021-02-05, startTime=13:00, endTime=14:40, classroom=Classroom{id=6, roomName='B-1', roomType='Class', roomCapacity=30, building=Building{id=2, buildingName='E'}}, course=Course{id=6, courseName='Biology'}, teacher=Teacher{id=7, firstName='Charlie', lastName='Byrne', faculty=Faculty{id=1, facultyName='Changed faculty name'}}}, Lesson{id=189, date=2021-02-05, startTime=14:50, endTime=16:30, classroom=Classroom{id=7, roomName='B-2', roomType='Class', roomCapacity=30, building=Building{id=2, buildingName='E'}}, course=Course{id=6, courseName='Biology'}, teacher=Teacher{id=7, firstName='Charlie', lastName='Byrne', faculty=Faculty{id=1, facultyName='Changed faculty name'}}}, Lesson{id=190, date=2021-02-05, startTime=16:40, endTime=18:20, classroom=Classroom{id=10, roomName='B-5', roomType='Laboratory', roomCapacity=10, building=Building{id=2, buildingName='E'}}, course=Course{id=6, courseName='Biology'}, teacher=Teacher{id=7, firstName='Charlie', lastName='Byrne', faculty=Faculty{id=1, facultyName='Changed faculty name'}}}, Lesson{id=191, date=2021-02-05, startTime=09:20, endTime=11:00, classroom=Classroom{id=14, roomName='C-4', roomType='Lecture', roomCapacity=50, building=Building{id=3, buildingName='C'}}, course=Course{id=9, courseName='Physics'}, teacher=Teacher{id=11, firstName='Sophia', lastName='Roos', faculty=Faculty{id=2, facultyName='Changed faculty name'}}}, Lesson{id=192, date=2021-02-05, startTime=11:10, endTime=12:50, classroom=Classroom{id=14, roomName='C-4', roomType='Lecture', roomCapacity=50, building=Building{id=3, buildingName='C'}}, course=Course{id=10, courseName='Geometry'}, teacher=Teacher{id=12, firstName='Mia', lastName='Brown', faculty=Faculty{id=2, facultyName='Changed faculty name'}}}, Lesson{id=193, date=2021-02-05, startTime=13:00, endTime=14:40, classroom=Classroom{id=13, roomName='C-3', roomType='Class', roomCapacity=30, building=Building{id=3, buildingName='C'}}, course=Course{id=8, courseName='Mathematics'}, teacher=Teacher{id=10, firstName='Joshua', lastName='Eve', faculty=Faculty{id=2, facultyName='Changed faculty name'}}}, Lesson{id=194, date=2021-02-05, startTime=14:50, endTime=16:30, classroom=Classroom{id=15, roomName='C-5', roomType='Laboratory', roomCapacity=10, building=Building{id=3, buildingName='C'}}, course=Course{id=9, courseName='Physics'}, teacher=Teacher{id=11, firstName='Sophia', lastName='Roos', faculty=Faculty{id=2, facultyName='Changed faculty name'}}}, Lesson{id=195, date=2021-02-05, startTime=16:40, endTime=18:20, classroom=Classroom{id=15, roomName='C-5', roomType='Laboratory', roomCapacity=10, building=Building{id=3, buildingName='C'}}, course=Course{id=10, courseName='Geometry'}, teacher=Teacher{id=12, firstName='Mia', lastName='Brown', faculty=Faculty{id=2, facultyName='Changed faculty name'}}}, Lesson{id=196, date=2021-02-08, startTime=09:20, endTime=11:00, classroom=Classroom{id=4, roomName='A-4', roomType='Lecture', roomCapacity=50, building=Building{id=1, buildingName='Changed name'}}, course=Course{id=1, courseName='History'}, teacher=Teacher{id=1, firstName='Albert', lastName='Johnson', faculty=Faculty{id=3, facultyName='Faculty of Arts'}}}, Lesson{id=197, date=2021-02-08, startTime=11:10, endTime=12:50, classroom=Classroom{id=1, roomName='A-1', roomType='Class', roomCapacity=30, building=Building{id=1, buildingName='Changed name'}}, course=Course{id=1, courseName='History'}, teacher=Teacher{id=1, firstName='Albert', lastName='Johnson', faculty=Faculty{id=3, facultyName='Faculty of Arts'}}}, Lesson{id=198, date=2021-02-08, startTime=13:00, endTime=14:40, classroom=Classroom{id=2, roomName='A-2', roomType='Class', roomCapacity=30, building=Building{id=1, buildingName='Changed name'}}, course=Course{id=2, courseName='Philosophy'}, teacher=Teacher{id=2, firstName='Stanley', lastName='Gruber', faculty=Faculty{id=3, facultyName='Faculty of Arts'}}}, Lesson{id=199, date=2021-02-08, startTime=14:50, endTime=16:30, classroom=Classroom{id=3, roomName='B-10', roomType='Laboratory', roomCapacity=10, building=Building{id=2, buildingName='E'}}, course=Course{id=2, courseName='Philosophy'}, teacher=Teacher{id=2, firstName='Stanley', lastName='Gruber', faculty=Faculty{id=3, facultyName='Faculty of Arts'}}}, Lesson{id=200, date=2021-02-08, startTime=16:40, endTime=18:20, classroom=Classroom{id=4, roomName='A-4', roomType='Lecture', roomCapacity=50, building=Building{id=1, buildingName='Changed name'}}, course=Course{id=3, courseName='Another course's name'}, teacher=Teacher{id=3, firstName='Freya', lastName='Shepp', faculty=Faculty{id=3, facultyName='Faculty of Arts'}}}, Lesson{id=201, date=2021-02-08, startTime=09:20, endTime=11:00, classroom=Classroom{id=9, roomName='New name', roomType='Lecture', roomCapacity=50, building=Building{id=2, buildingName='E'}}, course=Course{id=6, courseName='Biology'}, teacher=Teacher{id=6, firstName='Ellie', lastName='Purh', faculty=Faculty{id=1, facultyName='Changed faculty name'}}}, Lesson{id=202, date=2021-02-08, startTime=11:10, endTime=12:50, classroom=Classroom{id=9, roomName='New name', roomType='Lecture', roomCapacity=50, building=Building{id=2, buildingName='E'}}, course=Course{id=6, courseName='Biology'}, teacher=Teacher{id=6, firstName='Ellie', lastName='Purh', faculty=Faculty{id=1, facultyName='Changed faculty name'}}}, Lesson{id=203, date=2021-06-15, startTime=02:00, endTime=03:40, classroom=Classroom{id=15, roomName='C-5', roomType='Laboratory', roomCapacity=10, building=Building{id=3, buildingName='C'}}, course=Course{id=3, courseName='Another course's name'}, teacher=Teacher{id=5, firstName='Scarlett', lastName='Nimoy', faculty=Faculty{id=3, facultyName='Faculty of Arts'}}}, Lesson{id=204, date=2021-02-08, startTime=14:50, endTime=16:30, classroom=Classroom{id=7, roomName='B-2', roomType='Class', roomCapacity=30, building=Building{id=2, buildingName='E'}}, course=Course{id=6, courseName='Biology'}, teacher=Teacher{id=7, firstName='Charlie', lastName='Byrne', faculty=Faculty{id=1, facultyName='Changed faculty name'}}}, Lesson{id=205, date=2021-02-08, startTime=16:40, endTime=18:20, classroom=Classroom{id=10, roomName='B-5', roomType='Laboratory', roomCapacity=10, building=Building{id=2, buildingName='E'}}, course=Course{id=6, courseName='Biology'}, teacher=Teacher{id=7, firstName='Charlie', lastName='Byrne', faculty=Faculty{id=1, facultyName='Changed faculty name'}}}, Lesson{id=206, date=2021-02-08, startTime=09:20, endTime=11:00, classroom=Classroom{id=14, roomName='C-4', roomType='Lecture', roomCapacity=50, building=Building{id=3, buildingName='C'}}, course=Course{id=8, courseName='Mathematics'}, teacher=Teacher{id=10, firstName='Joshua', lastName='Eve', faculty=Faculty{id=2, facultyName='Changed faculty name'}}}, Lesson{id=207, date=2021-02-08, startTime=11:10, endTime=12:50, classroom=Classroom{id=14, roomName='C-4', roomType='Lecture', roomCapacity=50, building=Building{id=3, buildingName='C'}}, course=Course{id=8, courseName='Mathematics'}, teacher=Teacher{id=10, firstName='Joshua', lastName='Eve', faculty=Faculty{id=2, facultyName='Changed faculty name'}}}, Lesson{id=208, date=2021-02-08, startTime=13:00, endTime=14:40, classroom=Classroom{id=11, roomName='C-1', roomType='Class', roomCapacity=30, building=Building{id=3, buildingName='C'}}, course=Course{id=8, courseName='Mathematics'}, teacher=Teacher{id=10, firstName='Joshua', lastName='Eve', faculty=Faculty{id=2, facultyName='Changed faculty name'}}}, Lesson{id=209, date=2021-02-08, startTime=14:50, endTime=16:30, classroom=Classroom{id=13, roomName='C-3', roomType='Class', roomCapacity=30, building=Building{id=3, buildingName='C'}}, course=Course{id=8, courseName='Mathematics'}, teacher=Teacher{id=10, firstName='Joshua', lastName='Eve', faculty=Faculty{id=2, facultyName='Changed faculty name'}}}, Lesson{id=210, date=2021-02-08, startTime=16:40, endTime=18:20, classroom=Classroom{id=15, roomName='C-5', roomType='Laboratory', roomCapacity=10, building=Building{id=3, buildingName='C'}}, course=Course{id=8, courseName='Mathematics'}, teacher=Teacher{id=10, firstName='Joshua', lastName='Eve', faculty=Faculty{id=2, facultyName='Changed faculty name'}}}, Lesson{id=211, date=2021-02-09, startTime=09:20, endTime=11:00, classroom=Classroom{id=4, roomName='A-4', roomType='Lecture', roomCapacity=50, building=Building{id=1, buildingName='Changed name'}}, course=Course{id=2, courseName='Philosophy'}, teacher=Teacher{id=2, firstName='Stanley', lastName='Gruber', faculty=Faculty{id=3, facultyName='Faculty of Arts'}}}, Lesson{id=212, date=2021-02-09, startTime=11:10, endTime=12:50, classroom=Classroom{id=1, roomName='A-1', roomType='Class', roomCapacity=30, building=Building{id=1, buildingName='Changed name'}}, course=Course{id=2, courseName='Philosophy'}, teacher=Teacher{id=2, firstName='Stanley', lastName='Gruber', faculty=Faculty{id=3, facultyName='Faculty of Arts'}}}, Lesson{id=213, date=2021-02-09, startTime=13:00, endTime=14:40, classroom=Classroom{id=2, roomName='A-2', roomType='Class', roomCapacity=30, building=Building{id=1, buildingName='Changed name'}}, course=Course{id=3, courseName='Another course's name'}, teacher=Teacher{id=3, firstName='Freya', lastName='Shepp', faculty=Faculty{id=3, facultyName='Faculty of Arts'}}}, Lesson{id=214, date=2021-02-09, startTime=14:50, endTime=16:30, classroom=Classroom{id=3, roomName='B-10', roomType='Laboratory', roomCapacity=10, building=Building{id=2, buildingName='E'}}, course=Course{id=3, courseName='Another course's name'}, teacher=Teacher{id=3, firstName='Freya', lastName='Shepp', faculty=Faculty{id=3, facultyName='Faculty of Arts'}}}, Lesson{id=215, date=2021-02-09, startTime=16:40, endTime=18:20, classroom=Classroom{id=4, roomName='A-4', roomType='Lecture', roomCapacity=50, building=Building{id=1, buildingName='Changed name'}}, course=Course{id=4, courseName='Political science'}, teacher=Teacher{id=4, firstName='Olivia', lastName='Blake', faculty=Faculty{id=3, facultyName='Faculty of Arts'}}}, Lesson{id=216, date=2021-02-09, startTime=09:20, endTime=11:00, classroom=Classroom{id=9, roomName='New name', roomType='Lecture', roomCapacity=50, building=Building{id=2, buildingName='E'}}, course=Course{id=7, courseName='Chemistry'}, teacher=Teacher{id=8, firstName='Samuel', lastName='Travis', faculty=Faculty{id=1, facultyName='Changed faculty name'}}}, Lesson{id=217, date=2021-02-09, startTime=11:10, endTime=12:50, classroom=Classroom{id=9, roomName='New name', roomType='Lecture', roomCapacity=50, building=Building{id=2, buildingName='E'}}, course=Course{id=7, courseName='Chemistry'}, teacher=Teacher{id=8, firstName='Samuel', lastName='Travis', faculty=Faculty{id=1, facultyName='Changed faculty name'}}}, Lesson{id=218, date=2021-02-09, startTime=13:00, endTime=14:40, classroom=Classroom{id=6, roomName='B-1', roomType='Class', roomCapacity=30, building=Building{id=2, buildingName='E'}}, course=Course{id=7, courseName='Chemistry'}, teacher=Teacher{id=9, firstName='Albert', lastName='Hill', faculty=Faculty{id=1, facultyName='Changed faculty name'}}}, Lesson{id=219, date=2021-02-09, startTime=14:50, endTime=16:30, classroom=Classroom{id=7, roomName='B-2', roomType='Class', roomCapacity=30, building=Building{id=2, buildingName='E'}}, course=Course{id=7, courseName='Chemistry'}, teacher=Teacher{id=9, firstName='Albert', lastName='Hill', faculty=Faculty{id=1, facultyName='Changed faculty name'}}}, Lesson{id=220, date=2021-02-09, startTime=16:40, endTime=18:20, classroom=Classroom{id=10, roomName='B-5', roomType='Laboratory', roomCapacity=10, building=Building{id=2, buildingName='E'}}, course=Course{id=7, courseName='Chemistry'}, teacher=Teacher{id=9, firstName='Albert', lastName='Hill', faculty=Faculty{id=1, facultyName='Changed faculty name'}}}, Lesson{id=221, date=2021-02-09, startTime=09:20, endTime=11:00, classroom=Classroom{id=14, roomName='C-4', roomType='Lecture', roomCapacity=50, building=Building{id=3, buildingName='C'}}, course=Course{id=9, courseName='Physics'}, teacher=Teacher{id=11, firstName='Sophia', lastName='Roos', faculty=Faculty{id=2, facultyName='Changed faculty name'}}}, Lesson{id=222, date=2021-02-09, startTime=11:10, endTime=12:50, classroom=Classroom{id=14, roomName='C-4', roomType='Lecture', roomCapacity=50, building=Building{id=3, buildingName='C'}}, course=Course{id=9, courseName='Physics'}, teacher=Teacher{id=11, firstName='Sophia', lastName='Roos', faculty=Faculty{id=2, facultyName='Changed faculty name'}}}, Lesson{id=223, date=2021-02-09, startTime=13:00, endTime=14:40, classroom=Classroom{id=11, roomName='C-1', roomType='Class', roomCapacity=30, building=Building{id=3, buildingName='C'}}, course=Course{id=9, courseName='Physics'}, teacher=Teacher{id=11, firstName='Sophia', lastName='Roos', faculty=Faculty{id=2, facultyName='Changed faculty name'}}}, Lesson{id=224, date=2021-02-09, startTime=14:50, endTime=16:30, classroom=Classroom{id=13, roomName='C-3', roomType='Class', roomCapacity=30, building=Building{id=3, buildingName='C'}}, course=Course{id=9, courseName='Physics'}, teacher=Teacher{id=11, firstName='Sophia', lastName='Roos', faculty=Faculty{id=2, facultyName='Changed faculty name'}}}, Lesson{id=225, date=2021-02-09, startTime=16:40, endTime=18:20, classroom=Classroom{id=15, roomName='C-5', roomType='Laboratory', roomCapacity=10, building=Building{id=3, buildingName='C'}}, course=Course{id=9, courseName='Physics'}, teacher=Teacher{id=11, firstName='Sophia', lastName='Roos', faculty=Faculty{id=2, facultyName='Changed faculty name'}}}, Lesson{id=226, date=2021-02-10, startTime=09:20, endTime=11:00, classroom=Classroom{id=4, roomName='A-4', roomType='Lecture', roomCapacity=50, building=Building{id=1, buildingName='Changed name'}}, course=Course{id=3, courseName='Another course's name'}, teacher=Teacher{id=3, firstName='Freya', lastName='Shepp', faculty=Faculty{id=3, facultyName='Faculty of Arts'}}}, Lesson{id=227, date=2021-02-10, startTime=11:10, endTime=12:50, classroom=Classroom{id=1, roomName='A-1', roomType='Class', roomCapacity=30, building=Building{id=1, buildingName='Changed name'}}, course=Course{id=3, courseName='Another course's name'}, teacher=Teacher{id=3, firstName='Freya', lastName='Shepp', faculty=Faculty{id=3, facultyName='Faculty of Arts'}}}, Lesson{id=228, date=2021-02-10, startTime=13:00, endTime=14:40, classroom=Classroom{id=2, roomName='A-2', roomType='Class', roomCapacity=30, building=Building{id=1, buildingName='Changed name'}}, course=Course{id=4, courseName='Political science'}, teacher=Teacher{id=4, firstName='Olivia', lastName='Blake', faculty=Faculty{id=3, facultyName='Faculty of Arts'}}}, Lesson{id=229, date=2021-02-10, startTime=14:50, endTime=16:30, classroom=Classroom{id=3, roomName='B-10', roomType='Laboratory', roomCapacity=10, building=Building{id=2, buildingName='E'}}, course=Course{id=4, courseName='Political science'}, teacher=Teacher{id=4, firstName='Olivia', lastName='Blake', faculty=Faculty{id=3, facultyName='Faculty of Arts'}}}, Lesson{id=230, date=2021-02-10, startTime=16:40, endTime=18:20, classroom=Classroom{id=4, roomName='A-4', roomType='Lecture', roomCapacity=50, building=Building{id=1, buildingName='Changed name'}}, course=Course{id=5, courseName='Culture'}, teacher=Teacher{id=5, firstName='Scarlett', lastName='Nimoy', faculty=Faculty{id=3, facultyName='Faculty of Arts'}}}, Lesson{id=231, date=2021-02-10, startTime=09:20, endTime=11:00, classroom=Classroom{id=9, roomName='New name', roomType='Lecture', roomCapacity=50, building=Building{id=2, buildingName='E'}}, course=Course{id=6, courseName='Biology'}, teacher=Teacher{id=6, firstName='Ellie', lastName='Purh', faculty=Faculty{id=1, facultyName='Changed faculty name'}}}, Lesson{id=232, date=2021-02-10, startTime=11:10, endTime=12:50, classroom=Classroom{id=9, roomName='New name', roomType='Lecture', roomCapacity=50, building=Building{id=2, buildingName='E'}}, course=Course{id=6, courseName='Biology'}, teacher=Teacher{id=6, firstName='Ellie', lastName='Purh', faculty=Faculty{id=1, facultyName='Changed faculty name'}}}, Lesson{id=233, date=2021-02-10, startTime=13:00, endTime=14:40, classroom=Classroom{id=6, roomName='B-1', roomType='Class', roomCapacity=30, building=Building{id=2, buildingName='E'}}, course=Course{id=6, courseName='Biology'}, teacher=Teacher{id=7, firstName='Charlie', lastName='Byrne', faculty=Faculty{id=1, facultyName='Changed faculty name'}}}, Lesson{id=234, date=2021-02-10, startTime=14:50, endTime=16:30, classroom=Classroom{id=7, roomName='B-2', roomType='Class', roomCapacity=30, building=Building{id=2, buildingName='E'}}, course=Course{id=6, courseName='Biology'}, teacher=Teacher{id=7, firstName='Charlie', lastName='Byrne', faculty=Faculty{id=1, facultyName='Changed faculty name'}}}, Lesson{id=235, date=2021-02-10, startTime=16:40, endTime=18:20, classroom=Classroom{id=10, roomName='B-5', roomType='Laboratory', roomCapacity=10, building=Building{id=2, buildingName='E'}}, course=Course{id=6, courseName='Biology'}, teacher=Teacher{id=7, firstName='Charlie', lastName='Byrne', faculty=Faculty{id=1, facultyName='Changed faculty name'}}}, Lesson{id=236, date=2021-02-10, startTime=09:20, endTime=11:00, classroom=Classroom{id=14, roomName='C-4', roomType='Lecture', roomCapacity=50, building=Building{id=3, buildingName='C'}}, course=Course{id=10, courseName='Geometry'}, teacher=Teacher{id=12, firstName='Mia', lastName='Brown', faculty=Faculty{id=2, facultyName='Changed faculty name'}}}, Lesson{id=237, date=2021-02-10, startTime=11:10, endTime=12:50, classroom=Classroom{id=14, roomName='C-4', roomType='Lecture', roomCapacity=50, building=Building{id=3, buildingName='C'}}, course=Course{id=10, courseName='Geometry'}, teacher=Teacher{id=12, firstName='Mia', lastName='Brown', faculty=Faculty{id=2, facultyName='Changed faculty name'}}}, Lesson{id=238, date=2021-02-10, startTime=13:00, endTime=14:40, classroom=Classroom{id=11, roomName='C-1', roomType='Class', roomCapacity=30, building=Building{id=3, buildingName='C'}}, course=Course{id=10, courseName='Geometry'}, teacher=Teacher{id=12, firstName='Mia', lastName='Brown', faculty=Faculty{id=2, facultyName='Changed faculty name'}}}, Lesson{id=239, date=2021-02-10, startTime=14:50, endTime=16:30, classroom=Classroom{id=13, roomName='C-3', roomType='Class', roomCapacity=30, building=Building{id=3, buildingName='C'}}, course=Course{id=10, courseName='Geometry'}, teacher=Teacher{id=12, firstName='Mia', lastName='Brown', faculty=Faculty{id=2, facultyName='Changed faculty name'}}}, Lesson{id=240, date=2021-02-10, startTime=16:40, endTime=18:20, classroom=Classroom{id=15, roomName='C-5', roomType='Laboratory', roomCapacity=10, building=Building{id=3, buildingName='C'}}, course=Course{id=10, courseName='Geometry'}, teacher=Teacher{id=12, firstName='Mia', lastName='Brown', faculty=Faculty{id=2, facultyName='Changed faculty name'}}}, Lesson{id=241, date=2021-02-11, startTime=09:20, endTime=11:00, classroom=Classroom{id=4, roomName='A-4', roomType='Lecture', roomCapacity=50, building=Building{id=1, buildingName='Changed name'}}, course=Course{id=4, courseName='Political science'}, teacher=Teacher{id=4, firstName='Olivia', lastName='Blake', faculty=Faculty{id=3, facultyName='Faculty of Arts'}}}, Lesson{id=242, date=2021-02-11, startTime=11:10, endTime=12:50, classroom=Classroom{id=1, roomName='A-1', roomType='Class', roomCapacity=30, building=Building{id=1, buildingName='Changed name'}}, course=Course{id=4, courseName='Political science'}, teacher=Teacher{id=4, firstName='Olivia', lastName='Blake', faculty=Faculty{id=3, facultyName='Faculty of Arts'}}}, Lesson{id=243, date=2021-02-11, startTime=13:00, endTime=14:40, classroom=Classroom{id=2, roomName='A-2', roomType='Class', roomCapacity=30, building=Building{id=1, buildingName='Changed name'}}, course=Course{id=5, courseName='Culture'}, teacher=Teacher{id=5, firstName='Scarlett', lastName='Nimoy', faculty=Faculty{id=3, facultyName='Faculty of Arts'}}}, Lesson{id=244, date=2021-02-11, startTime=14:50, endTime=16:30, classroom=Classroom{id=3, roomName='B-10', roomType='Laboratory', roomCapacity=10, building=Building{id=2, buildingName='E'}}, course=Course{id=5, courseName='Culture'}, teacher=Teacher{id=5, firstName='Scarlett', lastName='Nimoy', faculty=Faculty{id=3, facultyName='Faculty of Arts'}}}, Lesson{id=245, date=2021-02-11, startTime=16:40, endTime=18:20, classroom=Classroom{id=4, roomName='A-4', roomType='Lecture', roomCapacity=50, building=Building{id=1, buildingName='Changed name'}}, course=Course{id=1, courseName='History'}, teacher=Teacher{id=1, firstName='Albert', lastName='Johnson', faculty=Faculty{id=3, facultyName='Faculty of Arts'}}}, Lesson{id=246, date=2021-02-11, startTime=09:20, endTime=11:00, classroom=Classroom{id=9, roomName='New name', roomType='Lecture', roomCapacity=50, building=Building{id=2, buildingName='E'}}, course=Course{id=7, courseName='Chemistry'}, teacher=Teacher{id=8, firstName='Samuel', lastName='Travis', faculty=Faculty{id=1, facultyName='Changed faculty name'}}}, Lesson{id=247, date=2021-02-11, startTime=11:10, endTime=12:50, classroom=Classroom{id=9, roomName='New name', roomType='Lecture', roomCapacity=50, building=Building{id=2, buildingName='E'}}, course=Course{id=7, courseName='Chemistry'}, teacher=Teacher{id=8, firstName='Samuel', lastName='Travis', faculty=Faculty{id=1, facultyName='Changed faculty name'}}}, Lesson{id=248, date=2021-02-11, startTime=13:00, endTime=14:40, classroom=Classroom{id=6, roomName='B-1', roomType='Class', roomCapacity=30, building=Building{id=2, buildingName='E'}}, course=Course{id=7, courseName='Chemistry'}, teacher=Teacher{id=9, firstName='Albert', lastName='Hill', faculty=Faculty{id=1, facultyName='Changed faculty name'}}}, Lesson{id=249, date=2021-02-11, startTime=14:50, endTime=16:30, classroom=Classroom{id=7, roomName='B-2', roomType='Class', roomCapacity=30, building=Building{id=2, buildingName='E'}}, course=Course{id=7, courseName='Chemistry'}, teacher=Teacher{id=9, firstName='Albert', lastName='Hill', faculty=Faculty{id=1, facultyName='Changed faculty name'}}}, Lesson{id=250, date=2021-02-11, startTime=16:40, endTime=18:20, classroom=Classroom{id=10, roomName='B-5', roomType='Laboratory', roomCapacity=10, building=Building{id=2, buildingName='E'}}, course=Course{id=7, courseName='Chemistry'}, teacher=Teacher{id=9, firstName='Albert', lastName='Hill', faculty=Faculty{id=1, facultyName='Changed faculty name'}}}, Lesson{id=251, date=2021-02-11, startTime=09:20, endTime=11:00, classroom=Classroom{id=14, roomName='C-4', roomType='Lecture', roomCapacity=50, building=Building{id=3, buildingName='C'}}, course=Course{id=8, courseName='Mathematics'}, teacher=Teacher{id=10, firstName='Joshua', lastName='Eve', faculty=Faculty{id=2, facultyName='Changed faculty name'}}}, Lesson{id=252, date=2021-02-11, startTime=11:10, endTime=12:50, classroom=Classroom{id=14, roomName='C-4', roomType='Lecture', roomCapacity=50, building=Building{id=3, buildingName='C'}}, course=Course{id=8, courseName='Mathematics'}, teacher=Teacher{id=10, firstName='Joshua', lastName='Eve', faculty=Faculty{id=2, facultyName='Changed faculty name'}}}, Lesson{id=253, date=2021-02-11, startTime=13:00, endTime=14:40, classroom=Classroom{id=12, roomName='C-2', roomType='Class', roomCapacity=30, building=Building{id=3, buildingName='C'}}, course=Course{id=9, courseName='Physics'}, teacher=Teacher{id=11, firstName='Sophia', lastName='Roos', faculty=Faculty{id=2, facultyName='Changed faculty name'}}}, Lesson{id=254, date=2021-02-11, startTime=14:50, endTime=16:30, classroom=Classroom{id=12, roomName='C-2', roomType='Class', roomCapacity=30, building=Building{id=3, buildingName='C'}}, course=Course{id=10, courseName='Geometry'}, teacher=Teacher{id=12, firstName='Mia', lastName='Brown', faculty=Faculty{id=2, facultyName='Changed faculty name'}}}, Lesson{id=255, date=2021-02-11, startTime=16:40, endTime=18:20, classroom=Classroom{id=15, roomName='C-5', roomType='Laboratory', roomCapacity=10, building=Building{id=3, buildingName='C'}}, course=Course{id=8, courseName='Mathematics'}, teacher=Teacher{id=10, firstName='Joshua', lastName='Eve', faculty=Faculty{id=2, facultyName='Changed faculty name'}}}, Lesson{id=256, date=2021-02-12, startTime=09:20, endTime=11:00, classroom=Classroom{id=4, roomName='A-4', roomType='Lecture', roomCapacity=50, building=Building{id=1, buildingName='Changed name'}}, course=Course{id=5, courseName='Culture'}, teacher=Teacher{id=5, firstName='Scarlett', lastName='Nimoy', faculty=Faculty{id=3, facultyName='Faculty of Arts'}}}, Lesson{id=257, date=2021-02-12, startTime=11:10, endTime=12:50, classroom=Classroom{id=1, roomName='A-1', roomType='Class', roomCapacity=30, building=Building{id=1, buildingName='Changed name'}}, course=Course{id=5, courseName='Culture'}, teacher=Teacher{id=5, firstName='Scarlett', lastName='Nimoy', faculty=Faculty{id=3, facultyName='Faculty of Arts'}}}, Lesson{id=258, date=2021-02-12, startTime=13:00, endTime=14:40, classroom=Classroom{id=2, roomName='A-2', roomType='Class', roomCapacity=30, building=Building{id=1, buildingName='Changed name'}}, course=Course{id=1, courseName='History'}, teacher=Teacher{id=1, firstName='Albert', lastName='Johnson', faculty=Faculty{id=3, facultyName='Faculty of Arts'}}}, Lesson{id=259, date=2021-02-12, startTime=14:50, endTime=16:30, classroom=Classroom{id=3, roomName='B-10', roomType='Laboratory', roomCapacity=10, building=Building{id=2, buildingName='E'}}, course=Course{id=1, courseName='History'}, teacher=Teacher{id=1, firstName='Albert', lastName='Johnson', faculty=Faculty{id=3, facultyName='Faculty of Arts'}}}, Lesson{id=260, date=2021-02-12, startTime=16:40, endTime=18:20, classroom=Classroom{id=4, roomName='A-4', roomType='Lecture', roomCapacity=50, building=Building{id=1, buildingName='Changed name'}}, course=Course{id=2, courseName='Philosophy'}, teacher=Teacher{id=2, firstName='Stanley', lastName='Gruber', faculty=Faculty{id=3, facultyName='Faculty of Arts'}}}, Lesson{id=261, date=2021-02-12, startTime=09:20, endTime=11:00, classroom=Classroom{id=9, roomName='New name', roomType='Lecture', roomCapacity=50, building=Building{id=2, buildingName='E'}}, course=Course{id=6, courseName='Biology'}, teacher=Teacher{id=6, firstName='Ellie', lastName='Purh', faculty=Faculty{id=1, facultyName='Changed faculty name'}}}, Lesson{id=262, date=2021-02-12, startTime=11:10, endTime=12:50, classroom=Classroom{id=9, roomName='New name', roomType='Lecture', roomCapacity=50, building=Building{id=2, buildingName='E'}}, course=Course{id=6, courseName='Biology'}, teacher=Teacher{id=6, firstName='Ellie', lastName='Purh', faculty=Faculty{id=1, facultyName='Changed faculty name'}}}, Lesson{id=263, date=2021-02-12, startTime=13:00, endTime=14:40, classroom=Classroom{id=6, roomName='B-1', roomType='Class', roomCapacity=30, building=Building{id=2, buildingName='E'}}, course=Course{id=6, courseName='Biology'}, teacher=Teacher{id=7, firstName='Charlie', lastName='Byrne', faculty=Faculty{id=1, facultyName='Changed faculty name'}}}, Lesson{id=264, date=2021-02-12, startTime=14:50, endTime=16:30, classroom=Classroom{id=7, roomName='B-2', roomType='Class', roomCapacity=30, building=Building{id=2, buildingName='E'}}, course=Course{id=6, courseName='Biology'}, teacher=Teacher{id=7, firstName='Charlie', lastName='Byrne', faculty=Faculty{id=1, facultyName='Changed faculty name'}}}, Lesson{id=265, date=2021-02-12, startTime=16:40, endTime=18:20, classroom=Classroom{id=10, roomName='B-5', roomType='Laboratory', roomCapacity=10, building=Building{id=2, buildingName='E'}}, course=Course{id=6, courseName='Biology'}, teacher=Teacher{id=7, firstName='Charlie', lastName='Byrne', faculty=Faculty{id=1, facultyName='Changed faculty name'}}}, Lesson{id=266, date=2021-02-12, startTime=09:20, endTime=11:00, classroom=Classroom{id=14, roomName='C-4', roomType='Lecture', roomCapacity=50, building=Building{id=3, buildingName='C'}}, course=Course{id=9, courseName='Physics'}, teacher=Teacher{id=11, firstName='Sophia', lastName='Roos', faculty=Faculty{id=2, facultyName='Changed faculty name'}}}, Lesson{id=267, date=2021-02-12, startTime=11:10, endTime=12:50, classroom=Classroom{id=14, roomName='C-4', roomType='Lecture', roomCapacity=50, building=Building{id=3, buildingName='C'}}, course=Course{id=10, courseName='Geometry'}, teacher=Teacher{id=12, firstName='Mia', lastName='Brown', faculty=Faculty{id=2, facultyName='Changed faculty name'}}}, Lesson{id=268, date=2021-02-12, startTime=13:00, endTime=14:40, classroom=Classroom{id=13, roomName='C-3', roomType='Class', roomCapacity=30, building=Building{id=3, buildingName='C'}}, course=Course{id=8, courseName='Mathematics'}, teacher=Teacher{id=10, firstName='Joshua', lastName='Eve', faculty=Faculty{id=2, facultyName='Changed faculty name'}}}, Lesson{id=269, date=2021-02-12, startTime=14:50, endTime=16:30, classroom=Classroom{id=15, roomName='C-5', roomType='Laboratory', roomCapacity=10, building=Building{id=3, buildingName='C'}}, course=Course{id=9, courseName='Physics'}, teacher=Teacher{id=11, firstName='Sophia', lastName='Roos', faculty=Faculty{id=2, facultyName='Changed faculty name'}}}, Lesson{id=270, date=2021-02-12, startTime=16:40, endTime=18:20, classroom=Classroom{id=15, roomName='C-5', roomType='Laboratory', roomCapacity=10, building=Building{id=3, buildingName='C'}}, course=Course{id=10, courseName='Geometry'}, teacher=Teacher{id=12, firstName='Mia', lastName='Brown', faculty=Faculty{id=2, facultyName='Changed faculty name'}}}, Lesson{id=271, date=2021-02-15, startTime=09:20, endTime=11:00, classroom=Classroom{id=4, roomName='A-4', roomType='Lecture', roomCapacity=50, building=Building{id=1, buildingName='Changed name'}}, course=Course{id=1, courseName='History'}, teacher=Teacher{id=1, firstName='Albert', lastName='Johnson', faculty=Faculty{id=3, facultyName='Faculty of Arts'}}}, Lesson{id=272, date=2021-02-15, startTime=11:10, endTime=12:50, classroom=Classroom{id=1, roomName='A-1', roomType='Class', roomCapacity=30, building=Building{id=1, buildingName='Changed name'}}, course=Course{id=1, courseName='History'}, teacher=Teacher{id=1, firstName='Albert', lastName='Johnson', faculty=Faculty{id=3, facultyName='Faculty of Arts'}}}, Lesson{id=273, date=2021-02-15, startTime=13:00, endTime=14:40, classroom=Classroom{id=2, roomName='A-2', roomType='Class', roomCapacity=30, building=Building{id=1, buildingName='Changed name'}}, course=Course{id=2, courseName='Philosophy'}, teacher=Teacher{id=2, firstName='Stanley', lastName='Gruber', faculty=Faculty{id=3, facultyName='Faculty of Arts'}}}, Lesson{id=274, date=2021-02-15, startTime=14:50, endTime=16:30, classroom=Classroom{id=3, roomName='B-10', roomType='Laboratory', roomCapacity=10, building=Building{id=2, buildingName='E'}}, course=Course{id=2, courseName='Philosophy'}, teacher=Teacher{id=2, firstName='Stanley', lastName='Gruber', faculty=Faculty{id=3, facultyName='Faculty of Arts'}}}, Lesson{id=275, date=2021-02-15, startTime=16:40, endTime=18:20, classroom=Classroom{id=4, roomName='A-4', roomType='Lecture', roomCapacity=50, building=Building{id=1, buildingName='Changed name'}}, course=Course{id=3, courseName='Another course's name'}, teacher=Teacher{id=3, firstName='Freya', lastName='Shepp', faculty=Faculty{id=3, facultyName='Faculty of Arts'}}}, Lesson{id=276, date=2021-02-15, startTime=09:20, endTime=11:00, classroom=Classroom{id=9, roomName='New name', roomType='Lecture', roomCapacity=50, building=Building{id=2, buildingName='E'}}, course=Course{id=6, courseName='Biology'}, teacher=Teacher{id=6, firstName='Ellie', lastName='Purh', faculty=Faculty{id=1, facultyName='Changed faculty name'}}}, Lesson{id=277, date=2021-02-15, startTime=11:10, endTime=12:50, classroom=Classroom{id=9, roomName='New name', roomType='Lecture', roomCapacity=50, building=Building{id=2, buildingName='E'}}, course=Course{id=6, courseName='Biology'}, teacher=Teacher{id=6, firstName='Ellie', lastName='Purh', faculty=Faculty{id=1, facultyName='Changed faculty name'}}}, Lesson{id=278, date=2021-02-15, startTime=13:00, endTime=14:40, classroom=Classroom{id=6, roomName='B-1', roomType='Class', roomCapacity=30, building=Building{id=2, buildingName='E'}}, course=Course{id=6, courseName='Biology'}, teacher=Teacher{id=7, firstName='Charlie', lastName='Byrne', faculty=Faculty{id=1, facultyName='Changed faculty name'}}}, Lesson{id=279, date=2021-02-15, startTime=14:50, endTime=16:30, classroom=Classroom{id=7, roomName='B-2', roomType='Class', roomCapacity=30, building=Building{id=2, buildingName='E'}}, course=Course{id=6, courseName='Biology'}, teacher=Teacher{id=7, firstName='Charlie', lastName='Byrne', faculty=Faculty{id=1, facultyName='Changed faculty name'}}}, Lesson{id=280, date=2021-02-15, startTime=16:40, endTime=18:20, classroom=Classroom{id=10, roomName='B-5', roomType='Laboratory', roomCapacity=10, building=Building{id=2, buildingName='E'}}, course=Course{id=6, courseName='Biology'}, teacher=Teacher{id=7, firstName='Charlie', lastName='Byrne', faculty=Faculty{id=1, facultyName='Changed faculty name'}}}, Lesson{id=281, date=2021-02-15, startTime=09:20, endTime=11:00, classroom=Classroom{id=14, roomName='C-4', roomType='Lecture', roomCapacity=50, building=Building{id=3, buildingName='C'}}, course=Course{id=8, courseName='Mathematics'}, teacher=Teacher{id=10, firstName='Joshua', lastName='Eve', faculty=Faculty{id=2, facultyName='Changed faculty name'}}}, Lesson{id=282, date=2021-02-15, startTime=11:10, endTime=12:50, classroom=Classroom{id=14, roomName='C-4', roomType='Lecture', roomCapacity=50, building=Building{id=3, buildingName='C'}}, course=Course{id=8, courseName='Mathematics'}, teacher=Teacher{id=10, firstName='Joshua', lastName='Eve', faculty=Faculty{id=2, facultyName='Changed faculty name'}}}, Lesson{id=283, date=2021-02-15, startTime=13:00, endTime=14:40, classroom=Classroom{id=11, roomName='C-1', roomType='Class', roomCapacity=30, building=Building{id=3, buildingName='C'}}, course=Course{id=8, courseName='Mathematics'}, teacher=Teacher{id=10, firstName='Joshua', lastName='Eve', faculty=Faculty{id=2, facultyName='Changed faculty name'}}}, Lesson{id=284, date=2021-02-15, startTime=14:50, endTime=16:30, classroom=Classroom{id=13, roomName='C-3', roomType='Class', roomCapacity=30, building=Building{id=3, buildingName='C'}}, course=Course{id=8, courseName='Mathematics'}, teacher=Teacher{id=10, firstName='Joshua', lastName='Eve', faculty=Faculty{id=2, facultyName='Changed faculty name'}}}, Lesson{id=285, date=2021-02-15, startTime=16:40, endTime=18:20, classroom=Classroom{id=15, roomName='C-5', roomType='Laboratory', roomCapacity=10, building=Building{id=3, buildingName='C'}}, course=Course{id=8, courseName='Mathematics'}, teacher=Teacher{id=10, firstName='Joshua', lastName='Eve', faculty=Faculty{id=2, facultyName='Changed faculty name'}}}, Lesson{id=286, date=2021-02-16, startTime=09:20, endTime=11:00, classroom=Classroom{id=4, roomName='A-4', roomType='Lecture', roomCapacity=50, building=Building{id=1, buildingName='Changed name'}}, course=Course{id=2, courseName='Philosophy'}, teacher=Teacher{id=2, firstName='Stanley', lastName='Gruber', faculty=Faculty{id=3, facultyName='Faculty of Arts'}}}, Lesson{id=287, date=2021-02-16, startTime=11:10, endTime=12:50, classroom=Classroom{id=1, roomName='A-1', roomType='Class', roomCapacity=30, building=Building{id=1, buildingName='Changed name'}}, course=Course{id=2, courseName='Philosophy'}, teacher=Teacher{id=2, firstName='Stanley', lastName='Gruber', faculty=Faculty{id=3, facultyName='Faculty of Arts'}}}, Lesson{id=288, date=2021-02-16, startTime=13:00, endTime=14:40, classroom=Classroom{id=2, roomName='A-2', roomType='Class', roomCapacity=30, building=Building{id=1, buildingName='Changed name'}}, course=Course{id=3, courseName='Another course's name'}, teacher=Teacher{id=3, firstName='Freya', lastName='Shepp', faculty=Faculty{id=3, facultyName='Faculty of Arts'}}}, Lesson{id=289, date=2021-02-16, startTime=14:50, endTime=16:30, classroom=Classroom{id=3, roomName='B-10', roomType='Laboratory', roomCapacity=10, building=Building{id=2, buildingName='E'}}, course=Course{id=3, courseName='Another course's name'}, teacher=Teacher{id=3, firstName='Freya', lastName='Shepp', faculty=Faculty{id=3, facultyName='Faculty of Arts'}}}, Lesson{id=290, date=2021-02-16, startTime=16:40, endTime=18:20, classroom=Classroom{id=4, roomName='A-4', roomType='Lecture', roomCapacity=50, building=Building{id=1, buildingName='Changed name'}}, course=Course{id=4, courseName='Political science'}, teacher=Teacher{id=4, firstName='Olivia', lastName='Blake', faculty=Faculty{id=3, facultyName='Faculty of Arts'}}}, Lesson{id=291, date=2021-02-16, startTime=09:20, endTime=11:00, classroom=Classroom{id=9, roomName='New name', roomType='Lecture', roomCapacity=50, building=Building{id=2, buildingName='E'}}, course=Course{id=7, courseName='Chemistry'}, teacher=Teacher{id=8, firstName='Samuel', lastName='Travis', faculty=Faculty{id=1, facultyName='Changed faculty name'}}}, Lesson{id=292, date=2021-02-16, startTime=11:10, endTime=12:50, classroom=Classroom{id=9, roomName='New name', roomType='Lecture', roomCapacity=50, building=Building{id=2, buildingName='E'}}, course=Course{id=7, courseName='Chemistry'}, teacher=Teacher{id=8, firstName='Samuel', lastName='Travis', faculty=Faculty{id=1, facultyName='Changed faculty name'}}}, Lesson{id=293, date=2021-02-16, startTime=13:00, endTime=14:40, classroom=Classroom{id=6, roomName='B-1', roomType='Class', roomCapacity=30, building=Building{id=2, buildingName='E'}}, course=Course{id=7, courseName='Chemistry'}, teacher=Teacher{id=9, firstName='Albert', lastName='Hill', faculty=Faculty{id=1, facultyName='Changed faculty name'}}}, Lesson{id=294, date=2021-02-16, startTime=14:50, endTime=16:30, classroom=Classroom{id=7, roomName='B-2', roomType='Class', roomCapacity=30, building=Building{id=2, buildingName='E'}}, course=Course{id=7, courseName='Chemistry'}, teacher=Teacher{id=9, firstName='Albert', lastName='Hill', faculty=Faculty{id=1, facultyName='Changed faculty name'}}}, Lesson{id=295, date=2021-02-16, startTime=16:40, endTime=18:20, classroom=Classroom{id=10, roomName='B-5', roomType='Laboratory', roomCapacity=10, building=Building{id=2, buildingName='E'}}, course=Course{id=7, courseName='Chemistry'}, teacher=Teacher{id=9, firstName='Albert', lastName='Hill', faculty=Faculty{id=1, facultyName='Changed faculty name'}}}, Lesson{id=296, date=2021-02-16, startTime=09:20, endTime=11:00, classroom=Classroom{id=14, roomName='C-4', roomType='Lecture', roomCapacity=50, building=Building{id=3, buildingName='C'}}, course=Course{id=9, courseName='Physics'}, teacher=Teacher{id=11, firstName='Sophia', lastName='Roos', faculty=Faculty{id=2, facultyName='Changed faculty name'}}}, Lesson{id=297, date=2021-02-16, startTime=11:10, endTime=12:50, classroom=Classroom{id=14, roomName='C-4', roomType='Lecture', roomCapacity=50, building=Building{id=3, buildingName='C'}}, course=Course{id=9, courseName='Physics'}, teacher=Teacher{id=11, firstName='Sophia', lastName='Roos', faculty=Faculty{id=2, facultyName='Changed faculty name'}}}, Lesson{id=298, date=2021-02-16, startTime=13:00, endTime=14:40, classroom=Classroom{id=11, roomName='C-1', roomType='Class', roomCapacity=30, building=Building{id=3, buildingName='C'}}, course=Course{id=9, courseName='Physics'}, teacher=Teacher{id=11, firstName='Sophia', lastName='Roos', faculty=Faculty{id=2, facultyName='Changed faculty name'}}}, Lesson{id=299, date=2021-02-16, startTime=14:50, endTime=16:30, classroom=Classroom{id=13, roomName='C-3', roomType='Class', roomCapacity=30, building=Building{id=3, buildingName='C'}}, course=Course{id=9, courseName='Physics'}, teacher=Teacher{id=11, firstName='Sophia', lastName='Roos', faculty=Faculty{id=2, facultyName='Changed faculty name'}}}, Lesson{id=300, date=2021-02-16, startTime=16:40, endTime=18:20, classroom=Classroom{id=15, roomName='C-5', roomType='Laboratory', roomCapacity=10, building=Building{id=3, buildingName='C'}}, course=Course{id=9, courseName='Physics'}, teacher=Teacher{id=11, firstName='Sophia', lastName='Roos', faculty=Faculty{id=2, facultyName='Changed faculty name'}}}, Lesson{id=301, date=2021-02-17, startTime=09:20, endTime=11:00, classroom=Classroom{id=4, roomName='A-4', roomType='Lecture', roomCapacity=50, building=Building{id=1, buildingName='Changed name'}}, course=Course{id=3, courseName='Another course's name'}, teacher=Teacher{id=3, firstName='Freya', lastName='Shepp', faculty=Faculty{id=3, facultyName='Faculty of Arts'}}}, Lesson{id=302, date=2021-02-17, startTime=11:10, endTime=12:50, classroom=Classroom{id=1, roomName='A-1', roomType='Class', roomCapacity=30, building=Building{id=1, buildingName='Changed name'}}, course=Course{id=3, courseName='Another course's name'}, teacher=Teacher{id=3, firstName='Freya', lastName='Shepp', faculty=Faculty{id=3, facultyName='Faculty of Arts'}}}, Lesson{id=303, date=2021-02-17, startTime=13:00, endTime=14:40, classroom=Classroom{id=2, roomName='A-2', roomType='Class', roomCapacity=30, building=Building{id=1, buildingName='Changed name'}}, course=Course{id=4, courseName='Political science'}, teacher=Teacher{id=4, firstName='Olivia', lastName='Blake', faculty=Faculty{id=3, facultyName='Faculty of Arts'}}}, Lesson{id=304, date=2021-02-17, startTime=14:50, endTime=16:30, classroom=Classroom{id=3, roomName='B-10', roomType='Laboratory', roomCapacity=10, building=Building{id=2, buildingName='E'}}, course=Course{id=4, courseName='Political science'}, teacher=Teacher{id=4, firstName='Olivia', lastName='Blake', faculty=Faculty{id=3, facultyName='Faculty of Arts'}}}, Lesson{id=305, date=2021-02-17, startTime=16:40, endTime=18:20, classroom=Classroom{id=4, roomName='A-4', roomType='Lecture', roomCapacity=50, building=Building{id=1, buildingName='Changed name'}}, course=Course{id=5, courseName='Culture'}, teacher=Teacher{id=5, firstName='Scarlett', lastName='Nimoy', faculty=Faculty{id=3, facultyName='Faculty of Arts'}}}, Lesson{id=306, date=2021-02-17, startTime=09:20, endTime=11:00, classroom=Classroom{id=9, roomName='New name', roomType='Lecture', roomCapacity=50, building=Building{id=2, buildingName='E'}}, course=Course{id=6, courseName='Biology'}, teacher=Teacher{id=6, firstName='Ellie', lastName='Purh', faculty=Faculty{id=1, facultyName='Changed faculty name'}}}, Lesson{id=307, date=2021-02-17, startTime=11:10, endTime=12:50, classroom=Classroom{id=9, roomName='New name', roomType='Lecture', roomCapacity=50, building=Building{id=2, buildingName='E'}}, course=Course{id=6, courseName='Biology'}, teacher=Teacher{id=6, firstName='Ellie', lastName='Purh', faculty=Faculty{id=1, facultyName='Changed faculty name'}}}, Lesson{id=308, date=2021-02-17, startTime=13:00, endTime=14:40, classroom=Classroom{id=6, roomName='B-1', roomType='Class', roomCapacity=30, building=Building{id=2, buildingName='E'}}, course=Course{id=6, courseName='Biology'}, teacher=Teacher{id=7, firstName='Charlie', lastName='Byrne', faculty=Faculty{id=1, facultyName='Changed faculty name'}}}, Lesson{id=309, date=2021-02-17, startTime=14:50, endTime=16:30, classroom=Classroom{id=7, roomName='B-2', roomType='Class', roomCapacity=30, building=Building{id=2, buildingName='E'}}, course=Course{id=6, courseName='Biology'}, teacher=Teacher{id=7, firstName='Charlie', lastName='Byrne', faculty=Faculty{id=1, facultyName='Changed faculty name'}}}, Lesson{id=310, date=2021-02-17, startTime=16:40, endTime=18:20, classroom=Classroom{id=10, roomName='B-5', roomType='Laboratory', roomCapacity=10, building=Building{id=2, buildingName='E'}}, course=Course{id=6, courseName='Biology'}, teacher=Teacher{id=7, firstName='Charlie', lastName='Byrne', faculty=Faculty{id=1, facultyName='Changed faculty name'}}}, Lesson{id=311, date=2021-02-17, startTime=09:20, endTime=11:00, classroom=Classroom{id=14, roomName='C-4', roomType='Lecture', roomCapacity=50, building=Building{id=3, buildingName='C'}}, course=Course{id=10, courseName='Geometry'}, teacher=Teacher{id=12, firstName='Mia', lastName='Brown', faculty=Faculty{id=2, facultyName='Changed faculty name'}}}, Lesson{id=312, date=2021-02-17, startTime=11:10, endTime=12:50, classroom=Classroom{id=14, roomName='C-4', roomType='Lecture', roomCapacity=50, building=Building{id=3, buildingName='C'}}, course=Course{id=10, courseName='Geometry'}, teacher=Teacher{id=12, firstName='Mia', lastName='Brown', faculty=Faculty{id=2, facultyName='Changed faculty name'}}}, Lesson{id=313, date=2021-02-17, startTime=13:00, endTime=14:40, classroom=Classroom{id=11, roomName='C-1', roomType='Class', roomCapacity=30, building=Building{id=3, buildingName='C'}}, course=Course{id=10, courseName='Geometry'}, teacher=Teacher{id=12, firstName='Mia', lastName='Brown', faculty=Faculty{id=2, facultyName='Changed faculty name'}}}, Lesson{id=314, date=2021-02-17, startTime=14:50, endTime=16:30, classroom=Classroom{id=13, roomName='C-3', roomType='Class', roomCapacity=30, building=Building{id=3, buildingName='C'}}, course=Course{id=10, courseName='Geometry'}, teacher=Teacher{id=12, firstName='Mia', lastName='Brown', faculty=Faculty{id=2, facultyName='Changed faculty name'}}}, Lesson{id=315, date=2021-02-17, startTime=16:40, endTime=18:20, classroom=Classroom{id=15, roomName='C-5', roomType='Laboratory', roomCapacity=10, building=Building{id=3, buildingName='C'}}, course=Course{id=10, courseName='Geometry'}, teacher=Teacher{id=12, firstName='Mia', lastName='Brown', faculty=Faculty{id=2, facultyName='Changed faculty name'}}}, Lesson{id=316, date=2021-02-18, startTime=09:20, endTime=11:00, classroom=Classroom{id=4, roomName='A-4', roomType='Lecture', roomCapacity=50, building=Building{id=1, buildingName='Changed name'}}, course=Course{id=4, courseName='Political science'}, teacher=Teacher{id=4, firstName='Olivia', lastName='Blake', faculty=Faculty{id=3, facultyName='Faculty of Arts'}}}, Lesson{id=317, date=2021-02-18, startTime=11:10, endTime=12:50, classroom=Classroom{id=1, roomName='A-1', roomType='Class', roomCapacity=30, building=Building{id=1, buildingName='Changed name'}}, course=Course{id=4, courseName='Political science'}, teacher=Teacher{id=4, firstName='Olivia', lastName='Blake', faculty=Faculty{id=3, facultyName='Faculty of Arts'}}}, Lesson{id=318, date=2021-02-18, startTime=13:00, endTime=14:40, classroom=Classroom{id=2, roomName='A-2', roomType='Class', roomCapacity=30, building=Building{id=1, buildingName='Changed name'}}, course=Course{id=5, courseName='Culture'}, teacher=Teacher{id=5, firstName='Scarlett', lastName='Nimoy', faculty=Faculty{id=3, facultyName='Faculty of Arts'}}}, Lesson{id=319, date=2021-02-18, startTime=14:50, endTime=16:30, classroom=Classroom{id=3, roomName='B-10', roomType='Laboratory', roomCapacity=10, building=Building{id=2, buildingName='E'}}, course=Course{id=5, courseName='Culture'}, teacher=Teacher{id=5, firstName='Scarlett', lastName='Nimoy', faculty=Faculty{id=3, facultyName='Faculty of Arts'}}}, Lesson{id=320, date=2021-02-18, startTime=16:40, endTime=18:20, classroom=Classroom{id=4, roomName='A-4', roomType='Lecture', roomCapacity=50, building=Building{id=1, buildingName='Changed name'}}, course=Course{id=1, courseName='History'}, teacher=Teacher{id=1, firstName='Albert', lastName='Johnson', faculty=Faculty{id=3, facultyName='Faculty of Arts'}}}, Lesson{id=321, date=2021-02-18, startTime=09:20, endTime=11:00, classroom=Classroom{id=9, roomName='New name', roomType='Lecture', roomCapacity=50, building=Building{id=2, buildingName='E'}}, course=Course{id=7, courseName='Chemistry'}, teacher=Teacher{id=8, firstName='Samuel', lastName='Travis', faculty=Faculty{id=1, facultyName='Changed faculty name'}}}, Lesson{id=322, date=2021-02-18, startTime=11:10, endTime=12:50, classroom=Classroom{id=9, roomName='New name', roomType='Lecture', roomCapacity=50, building=Building{id=2, buildingName='E'}}, course=Course{id=7, courseName='Chemistry'}, teacher=Teacher{id=8, firstName='Samuel', lastName='Travis', faculty=Faculty{id=1, facultyName='Changed faculty name'}}}, Lesson{id=323, date=2021-02-18, startTime=13:00, endTime=14:40, classroom=Classroom{id=6, roomName='B-1', roomType='Class', roomCapacity=30, building=Building{id=2, buildingName='E'}}, course=Course{id=7, courseName='Chemistry'}, teacher=Teacher{id=9, firstName='Albert', lastName='Hill', faculty=Faculty{id=1, facultyName='Changed faculty name'}}}, Lesson{id=324, date=2021-02-18, startTime=14:50, endTime=16:30, classroom=Classroom{id=7, roomName='B-2', roomType='Class', roomCapacity=30, building=Building{id=2, buildingName='E'}}, course=Course{id=7, courseName='Chemistry'}, teacher=Teacher{id=9, firstName='Albert', lastName='Hill', faculty=Faculty{id=1, facultyName='Changed faculty name'}}}, Lesson{id=325, date=2021-02-18, startTime=16:40, endTime=18:20, classroom=Classroom{id=10, roomName='B-5', roomType='Laboratory', roomCapacity=10, building=Building{id=2, buildingName='E'}}, course=Course{id=7, courseName='Chemistry'}, teacher=Teacher{id=9, firstName='Albert', lastName='Hill', faculty=Faculty{id=1, facultyName='Changed faculty name'}}}, Lesson{id=326, date=2021-02-18, startTime=09:20, endTime=11:00, classroom=Classroom{id=14, roomName='C-4', roomType='Lecture', roomCapacity=50, building=Building{id=3, buildingName='C'}}, course=Course{id=8, courseName='Mathematics'}, teacher=Teacher{id=10, firstName='Joshua', lastName='Eve', faculty=Faculty{id=2, facultyName='Changed faculty name'}}}, Lesson{id=327, date=2021-02-18, startTime=11:10, endTime=12:50, classroom=Classroom{id=14, roomName='C-4', roomType='Lecture', roomCapacity=50, building=Building{id=3, buildingName='C'}}, course=Course{id=8, courseName='Mathematics'}, teacher=Teacher{id=10, firstName='Joshua', lastName='Eve', faculty=Faculty{id=2, facultyName='Changed faculty name'}}}, Lesson{id=328, date=2021-02-18, startTime=13:00, endTime=14:40, classroom=Classroom{id=12, roomName='C-2', roomType='Class', roomCapacity=30, building=Building{id=3, buildingName='C'}}, course=Course{id=9, courseName='Physics'}, teacher=Teacher{id=11, firstName='Sophia', lastName='Roos', faculty=Faculty{id=2, facultyName='Changed faculty name'}}}, Lesson{id=329, date=2021-02-18, startTime=14:50, endTime=16:30, classroom=Classroom{id=12, roomName='C-2', roomType='Class', roomCapacity=30, building=Building{id=3, buildingName='C'}}, course=Course{id=10, courseName='Geometry'}, teacher=Teacher{id=12, firstName='Mia', lastName='Brown', faculty=Faculty{id=2, facultyName='Changed faculty name'}}}, Lesson{id=330, date=2021-02-18, startTime=16:40, endTime=18:20, classroom=Classroom{id=15, roomName='C-5', roomType='Laboratory', roomCapacity=10, building=Building{id=3, buildingName='C'}}, course=Course{id=8, courseName='Mathematics'}, teacher=Teacher{id=10, firstName='Joshua', lastName='Eve', faculty=Faculty{id=2, facultyName='Changed faculty name'}}}, Lesson{id=331, date=2021-02-19, startTime=09:20, endTime=11:00, classroom=Classroom{id=4, roomName='A-4', roomType='Lecture', roomCapacity=50, building=Building{id=1, buildingName='Changed name'}}, course=Course{id=5, courseName='Culture'}, teacher=Teacher{id=5, firstName='Scarlett', lastName='Nimoy', faculty=Faculty{id=3, facultyName='Faculty of Arts'}}}, Lesson{id=332, date=2021-02-19, startTime=11:10, endTime=12:50, classroom=Classroom{id=1, roomName='A-1', roomType='Class', roomCapacity=30, building=Building{id=1, buildingName='Changed name'}}, course=Course{id=5, courseName='Culture'}, teacher=Teacher{id=5, firstName='Scarlett', lastName='Nimoy', faculty=Faculty{id=3, facultyName='Faculty of Arts'}}}, Lesson{id=333, date=2021-02-19, startTime=13:00, endTime=14:40, classroom=Classroom{id=2, roomName='A-2', roomType='Class', roomCapacity=30, building=Building{id=1, buildingName='Changed name'}}, course=Course{id=1, courseName='History'}, teacher=Teacher{id=1, firstName='Albert', lastName='Johnson', faculty=Faculty{id=3, facultyName='Faculty of Arts'}}}, Lesson{id=334, date=2021-02-19, startTime=14:50, endTime=16:30, classroom=Classroom{id=3, roomName='B-10', roomType='Laboratory', roomCapacity=10, building=Building{id=2, buildingName='E'}}, course=Course{id=1, courseName='History'}, teacher=Teacher{id=1, firstName='Albert', lastName='Johnson', faculty=Faculty{id=3, facultyName='Faculty of Arts'}}}, Lesson{id=335, date=2021-02-19, startTime=16:40, endTime=18:20, classroom=Classroom{id=4, roomName='A-4', roomType='Lecture', roomCapacity=50, building=Building{id=1, buildingName='Changed name'}}, course=Course{id=2, courseName='Philosophy'}, teacher=Teacher{id=2, firstName='Stanley', lastName='Gruber', faculty=Faculty{id=3, facultyName='Faculty of Arts'}}}, Lesson{id=336, date=2021-02-19, startTime=09:20, endTime=11:00, classroom=Classroom{id=9, roomName='New name', roomType='Lecture', roomCapacity=50, building=Building{id=2, buildingName='E'}}, course=Course{id=6, courseName='Biology'}, teacher=Teacher{id=6, firstName='Ellie', lastName='Purh', faculty=Faculty{id=1, facultyName='Changed faculty name'}}}, Lesson{id=337, date=2021-02-19, startTime=11:10, endTime=12:50, classroom=Classroom{id=9, roomName='New name', roomType='Lecture', roomCapacity=50, building=Building{id=2, buildingName='E'}}, course=Course{id=6, courseName='Biology'}, teacher=Teacher{id=6, firstName='Ellie', lastName='Purh', faculty=Faculty{id=1, facultyName='Changed faculty name'}}}, Lesson{id=338, date=2021-02-19, startTime=13:00, endTime=14:40, classroom=Classroom{id=6, roomName='B-1', roomType='Class', roomCapacity=30, building=Building{id=2, buildingName='E'}}, course=Course{id=6, courseName='Biology'}, teacher=Teacher{id=7, firstName='Charlie', lastName='Byrne', faculty=Faculty{id=1, facultyName='Changed faculty name'}}}, Lesson{id=339, date=2021-02-19, startTime=14:50, endTime=16:30, classroom=Classroom{id=7, roomName='B-2', roomType='Class', roomCapacity=30, building=Building{id=2, buildingName='E'}}, course=Course{id=6, courseName='Biology'}, teacher=Teacher{id=7, firstName='Charlie', lastName='Byrne', faculty=Faculty{id=1, facultyName='Changed faculty name'}}}, Lesson{id=340, date=2021-02-19, startTime=16:40, endTime=18:20, classroom=Classroom{id=10, roomName='B-5', roomType='Laboratory', roomCapacity=10, building=Building{id=2, buildingName='E'}}, course=Course{id=6, courseName='Biology'}, teacher=Teacher{id=7, firstName='Charlie', lastName='Byrne', faculty=Faculty{id=1, facultyName='Changed faculty name'}}}, Lesson{id=341, date=2021-02-19, startTime=09:20, endTime=11:00, classroom=Classroom{id=14, roomName='C-4', roomType='Lecture', roomCapacity=50, building=Building{id=3, buildingName='C'}}, course=Course{id=9, courseName='Physics'}, teacher=Teacher{id=11, firstName='Sophia', lastName='Roos', faculty=Faculty{id=2, facultyName='Changed faculty name'}}}, Lesson{id=342, date=2021-02-19, startTime=11:10, endTime=12:50, classroom=Classroom{id=14, roomName='C-4', roomType='Lecture', roomCapacity=50, building=Building{id=3, buildingName='C'}}, course=Course{id=10, courseName='Geometry'}, teacher=Teacher{id=12, firstName='Mia', lastName='Brown', faculty=Faculty{id=2, facultyName='Changed faculty name'}}}, Lesson{id=343, date=2021-02-19, startTime=13:00, endTime=14:40, classroom=Classroom{id=13, roomName='C-3', roomType='Class', roomCapacity=30, building=Building{id=3, buildingName='C'}}, course=Course{id=8, courseName='Mathematics'}, teacher=Teacher{id=10, firstName='Joshua', lastName='Eve', faculty=Faculty{id=2, facultyName='Changed faculty name'}}}, Lesson{id=344, date=2021-02-19, startTime=14:50, endTime=16:30, classroom=Classroom{id=15, roomName='C-5', roomType='Laboratory', roomCapacity=10, building=Building{id=3, buildingName='C'}}, course=Course{id=9, courseName='Physics'}, teacher=Teacher{id=11, firstName='Sophia', lastName='Roos', faculty=Faculty{id=2, facultyName='Changed faculty name'}}}, Lesson{id=345, date=2021-02-19, startTime=16:40, endTime=18:20, classroom=Classroom{id=15, roomName='C-5', roomType='Laboratory', roomCapacity=10, building=Building{id=3, buildingName='C'}}, course=Course{id=10, courseName='Geometry'}, teacher=Teacher{id=12, firstName='Mia', lastName='Brown', faculty=Faculty{id=2, facultyName='Changed faculty name'}}}, Lesson{id=346, date=2021-02-22, startTime=09:20, endTime=11:00, classroom=Classroom{id=4, roomName='A-4', roomType='Lecture', roomCapacity=50, building=Building{id=1, buildingName='Changed name'}}, course=Course{id=1, courseName='History'}, teacher=Teacher{id=1, firstName='Albert', lastName='Johnson', faculty=Faculty{id=3, facultyName='Faculty of Arts'}}}, Lesson{id=347, date=2021-02-22, startTime=11:10, endTime=12:50, classroom=Classroom{id=1, roomName='A-1', roomType='Class', roomCapacity=30, building=Building{id=1, buildingName='Changed name'}}, course=Course{id=1, courseName='History'}, teacher=Teacher{id=1, firstName='Albert', lastName='Johnson', faculty=Faculty{id=3, facultyName='Faculty of Arts'}}}, Lesson{id=348, date=2021-02-22, startTime=13:00, endTime=14:40, classroom=Classroom{id=2, roomName='A-2', roomType='Class', roomCapacity=30, building=Building{id=1, buildingName='Changed name'}}, course=Course{id=2, courseName='Philosophy'}, teacher=Teacher{id=2, firstName='Stanley', lastName='Gruber', faculty=Faculty{id=3, facultyName='Faculty of Arts'}}}, Lesson{id=349, date=2021-02-22, startTime=14:50, endTime=16:30, classroom=Classroom{id=3, roomName='B-10', roomType='Laboratory', roomCapacity=10, building=Building{id=2, buildingName='E'}}, course=Course{id=2, courseName='Philosophy'}, teacher=Teacher{id=2, firstName='Stanley', lastName='Gruber', faculty=Faculty{id=3, facultyName='Faculty of Arts'}}}, Lesson{id=350, date=2021-02-22, startTime=16:40, endTime=18:20, classroom=Classroom{id=4, roomName='A-4', roomType='Lecture', roomCapacity=50, building=Building{id=1, buildingName='Changed name'}}, course=Course{id=3, courseName='Another course's name'}, teacher=Teacher{id=3, firstName='Freya', lastName='Shepp', faculty=Faculty{id=3, facultyName='Faculty of Arts'}}}, Lesson{id=351, date=2021-02-22, startTime=09:20, endTime=11:00, classroom=Classroom{id=9, roomName='New name', roomType='Lecture', roomCapacity=50, building=Building{id=2, buildingName='E'}}, course=Course{id=6, courseName='Biology'}, teacher=Teacher{id=6, firstName='Ellie', lastName='Purh', faculty=Faculty{id=1, facultyName='Changed faculty name'}}}, Lesson{id=352, date=2021-02-22, startTime=11:10, endTime=12:50, classroom=Classroom{id=9, roomName='New name', roomType='Lecture', roomCapacity=50, building=Building{id=2, buildingName='E'}}, course=Course{id=6, courseName='Biology'}, teacher=Teacher{id=6, firstName='Ellie', lastName='Purh', faculty=Faculty{id=1, facultyName='Changed faculty name'}}}, Lesson{id=353, date=2021-02-22, startTime=13:00, endTime=14:40, classroom=Classroom{id=6, roomName='B-1', roomType='Class', roomCapacity=30, building=Building{id=2, buildingName='E'}}, course=Course{id=6, courseName='Biology'}, teacher=Teacher{id=7, firstName='Charlie', lastName='Byrne', faculty=Faculty{id=1, facultyName='Changed faculty name'}}}, Lesson{id=354, date=2021-02-22, startTime=14:50, endTime=16:30, classroom=Classroom{id=7, roomName='B-2', roomType='Class', roomCapacity=30, building=Building{id=2, buildingName='E'}}, course=Course{id=6, courseName='Biology'}, teacher=Teacher{id=7, firstName='Charlie', lastName='Byrne', faculty=Faculty{id=1, facultyName='Changed faculty name'}}}, Lesson{id=355, date=2021-02-22, startTime=16:40, endTime=18:20, classroom=Classroom{id=10, roomName='B-5', roomType='Laboratory', roomCapacity=10, building=Building{id=2, buildingName='E'}}, course=Course{id=6, courseName='Biology'}, teacher=Teacher{id=7, firstName='Charlie', lastName='Byrne', faculty=Faculty{id=1, facultyName='Changed faculty name'}}}, Lesson{id=356, date=2021-02-22, startTime=09:20, endTime=11:00, classroom=Classroom{id=14, roomName='C-4', roomType='Lecture', roomCapacity=50, building=Building{id=3, buildingName='C'}}, course=Course{id=8, courseName='Mathematics'}, teacher=Teacher{id=10, firstName='Joshua', lastName='Eve', faculty=Faculty{id=2, facultyName='Changed faculty name'}}}, Lesson{id=357, date=2021-02-22, startTime=11:10, endTime=12:50, classroom=Classroom{id=14, roomName='C-4', roomType='Lecture', roomCapacity=50, building=Building{id=3, buildingName='C'}}, course=Course{id=8, courseName='Mathematics'}, teacher=Teacher{id=10, firstName='Joshua', lastName='Eve', faculty=Faculty{id=2, facultyName='Changed faculty name'}}}, Lesson{id=358, date=2021-02-22, startTime=13:00, endTime=14:40, classroom=Classroom{id=11, roomName='C-1', roomType='Class', roomCapacity=30, building=Building{id=3, buildingName='C'}}, course=Course{id=8, courseName='Mathematics'}, teacher=Teacher{id=10, firstName='Joshua', lastName='Eve', faculty=Faculty{id=2, facultyName='Changed faculty name'}}}, Lesson{id=359, date=2021-02-22, startTime=14:50, endTime=16:30, classroom=Classroom{id=13, roomName='C-3', roomType='Class', roomCapacity=30, building=Building{id=3, buildingName='C'}}, course=Course{id=8, courseName='Mathematics'}, teacher=Teacher{id=10, firstName='Joshua', lastName='Eve', faculty=Faculty{id=2, facultyName='Changed faculty name'}}}, Lesson{id=360, date=2021-02-22, startTime=16:40, endTime=18:20, classroom=Classroom{id=15, roomName='C-5', roomType='Laboratory', roomCapacity=10, building=Building{id=3, buildingName='C'}}, course=Course{id=8, courseName='Mathematics'}, teacher=Teacher{id=10, firstName='Joshua', lastName='Eve', faculty=Faculty{id=2, facultyName='Changed faculty name'}}}, Lesson{id=361, date=2021-02-23, startTime=09:20, endTime=11:00, classroom=Classroom{id=4, roomName='A-4', roomType='Lecture', roomCapacity=50, building=Building{id=1, buildingName='Changed name'}}, course=Course{id=2, courseName='Philosophy'}, teacher=Teacher{id=2, firstName='Stanley', lastName='Gruber', faculty=Faculty{id=3, facultyName='Faculty of Arts'}}}, Lesson{id=362, date=2021-02-23, startTime=11:10, endTime=12:50, classroom=Classroom{id=1, roomName='A-1', roomType='Class', roomCapacity=30, building=Building{id=1, buildingName='Changed name'}}, course=Course{id=2, courseName='Philosophy'}, teacher=Teacher{id=2, firstName='Stanley', lastName='Gruber', faculty=Faculty{id=3, facultyName='Faculty of Arts'}}}, Lesson{id=363, date=2021-02-23, startTime=13:00, endTime=14:40, classroom=Classroom{id=2, roomName='A-2', roomType='Class', roomCapacity=30, building=Building{id=1, buildingName='Changed name'}}, course=Course{id=3, courseName='Another course's name'}, teacher=Teacher{id=3, firstName='Freya', lastName='Shepp', faculty=Faculty{id=3, facultyName='Faculty of Arts'}}}, Lesson{id=364, date=2021-02-23, startTime=14:50, endTime=16:30, classroom=Classroom{id=3, roomName='B-10', roomType='Laboratory', roomCapacity=10, building=Building{id=2, buildingName='E'}}, course=Course{id=3, courseName='Another course's name'}, teacher=Teacher{id=3, firstName='Freya', lastName='Shepp', faculty=Faculty{id=3, facultyName='Faculty of Arts'}}}, Lesson{id=365, date=2021-02-23, startTime=16:40, endTime=18:20, classroom=Classroom{id=4, roomName='A-4', roomType='Lecture', roomCapacity=50, building=Building{id=1, buildingName='Changed name'}}, course=Course{id=4, courseName='Political science'}, teacher=Teacher{id=4, firstName='Olivia', lastName='Blake', faculty=Faculty{id=3, facultyName='Faculty of Arts'}}}, Lesson{id=366, date=2021-02-23, startTime=09:20, endTime=11:00, classroom=Classroom{id=9, roomName='New name', roomType='Lecture', roomCapacity=50, building=Building{id=2, buildingName='E'}}, course=Course{id=7, courseName='Chemistry'}, teacher=Teacher{id=8, firstName='Samuel', lastName='Travis', faculty=Faculty{id=1, facultyName='Changed faculty name'}}}, Lesson{id=367, date=2021-02-23, startTime=11:10, endTime=12:50, classroom=Classroom{id=9, roomName='New name', roomType='Lecture', roomCapacity=50, building=Building{id=2, buildingName='E'}}, course=Course{id=7, courseName='Chemistry'}, teacher=Teacher{id=8, firstName='Samuel', lastName='Travis', faculty=Faculty{id=1, facultyName='Changed faculty name'}}}, Lesson{id=368, date=2021-02-23, startTime=13:00, endTime=14:40, classroom=Classroom{id=6, roomName='B-1', roomType='Class', roomCapacity=30, building=Building{id=2, buildingName='E'}}, course=Course{id=7, courseName='Chemistry'}, teacher=Teacher{id=9, firstName='Albert', lastName='Hill', faculty=Faculty{id=1, facultyName='Changed faculty name'}}}, Lesson{id=369, date=2021-02-23, startTime=14:50, endTime=16:30, classroom=Classroom{id=7, roomName='B-2', roomType='Class', roomCapacity=30, building=Building{id=2, buildingName='E'}}, course=Course{id=7, courseName='Chemistry'}, teacher=Teacher{id=9, firstName='Albert', lastName='Hill', faculty=Faculty{id=1, facultyName='Changed faculty name'}}}, Lesson{id=370, date=2021-02-23, startTime=16:40, endTime=18:20, classroom=Classroom{id=10, roomName='B-5', roomType='Laboratory', roomCapacity=10, building=Building{id=2, buildingName='E'}}, course=Course{id=7, courseName='Chemistry'}, teacher=Teacher{id=9, firstName='Albert', lastName='Hill', faculty=Faculty{id=1, facultyName='Changed faculty name'}}}, Lesson{id=371, date=2021-02-23, startTime=09:20, endTime=11:00, classroom=Classroom{id=14, roomName='C-4', roomType='Lecture', roomCapacity=50, building=Building{id=3, buildingName='C'}}, course=Course{id=9, courseName='Physics'}, teacher=Teacher{id=11, firstName='Sophia', lastName='Roos', faculty=Faculty{id=2, facultyName='Changed faculty name'}}}, Lesson{id=372, date=2021-02-23, startTime=11:10, endTime=12:50, classroom=Classroom{id=14, roomName='C-4', roomType='Lecture', roomCapacity=50, building=Building{id=3, buildingName='C'}}, course=Course{id=9, courseName='Physics'}, teacher=Teacher{id=11, firstName='Sophia', lastName='Roos', faculty=Faculty{id=2, facultyName='Changed faculty name'}}}, Lesson{id=373, date=2021-02-23, startTime=13:00, endTime=14:40, classroom=Classroom{id=11, roomName='C-1', roomType='Class', roomCapacity=30, building=Building{id=3, buildingName='C'}}, course=Course{id=9, courseName='Physics'}, teacher=Teacher{id=11, firstName='Sophia', lastName='Roos', faculty=Faculty{id=2, facultyName='Changed faculty name'}}}, Lesson{id=374, date=2021-02-23, startTime=14:50, endTime=16:30, classroom=Classroom{id=13, roomName='C-3', roomType='Class', roomCapacity=30, building=Building{id=3, buildingName='C'}}, course=Course{id=9, courseName='Physics'}, teacher=Teacher{id=11, firstName='Sophia', lastName='Roos', faculty=Faculty{id=2, facultyName='Changed faculty name'}}}, Lesson{id=375, date=2021-02-23, startTime=16:40, endTime=18:20, classroom=Classroom{id=15, roomName='C-5', roomType='Laboratory', roomCapacity=10, building=Building{id=3, buildingName='C'}}, course=Course{id=9, courseName='Physics'}, teacher=Teacher{id=11, firstName='Sophia', lastName='Roos', faculty=Faculty{id=2, facultyName='Changed faculty name'}}}, Lesson{id=376, date=2021-02-24, startTime=09:20, endTime=11:00, classroom=Classroom{id=4, roomName='A-4', roomType='Lecture', roomCapacity=50, building=Building{id=1, buildingName='Changed name'}}, course=Course{id=3, courseName='Another course's name'}, teacher=Teacher{id=3, firstName='Freya', lastName='Shepp', faculty=Faculty{id=3, facultyName='Faculty of Arts'}}}, Lesson{id=377, date=2021-02-24, startTime=11:10, endTime=12:50, classroom=Classroom{id=1, roomName='A-1', roomType='Class', roomCapacity=30, building=Building{id=1, buildingName='Changed name'}}, course=Course{id=3, courseName='Another course's name'}, teacher=Teacher{id=3, firstName='Freya', lastName='Shepp', faculty=Faculty{id=3, facultyName='Faculty of Arts'}}}, Lesson{id=378, date=2021-02-24, startTime=13:00, endTime=14:40, classroom=Classroom{id=2, roomName='A-2', roomType='Class', roomCapacity=30, building=Building{id=1, buildingName='Changed name'}}, course=Course{id=4, courseName='Political science'}, teacher=Teacher{id=4, firstName='Olivia', lastName='Blake', faculty=Faculty{id=3, facultyName='Faculty of Arts'}}}, Lesson{id=379, date=2021-02-24, startTime=14:50, endTime=16:30, classroom=Classroom{id=3, roomName='B-10', roomType='Laboratory', roomCapacity=10, building=Building{id=2, buildingName='E'}}, course=Course{id=4, courseName='Political science'}, teacher=Teacher{id=4, firstName='Olivia', lastName='Blake', faculty=Faculty{id=3, facultyName='Faculty of Arts'}}}, Lesson{id=380, date=2021-02-24, startTime=16:40, endTime=18:20, classroom=Classroom{id=4, roomName='A-4', roomType='Lecture', roomCapacity=50, building=Building{id=1, buildingName='Changed name'}}, course=Course{id=5, courseName='Culture'}, teacher=Teacher{id=5, firstName='Scarlett', lastName='Nimoy', faculty=Faculty{id=3, facultyName='Faculty of Arts'}}}, Lesson{id=381, date=2021-02-24, startTime=09:20, endTime=11:00, classroom=Classroom{id=9, roomName='New name', roomType='Lecture', roomCapacity=50, building=Building{id=2, buildingName='E'}}, course=Course{id=6, courseName='Biology'}, teacher=Teacher{id=6, firstName='Ellie', lastName='Purh', faculty=Faculty{id=1, facultyName='Changed faculty name'}}}, Lesson{id=382, date=2021-02-24, startTime=11:10, endTime=12:50, classroom=Classroom{id=9, roomName='New name', roomType='Lecture', roomCapacity=50, building=Building{id=2, buildingName='E'}}, course=Course{id=6, courseName='Biology'}, teacher=Teacher{id=6, firstName='Ellie', lastName='Purh', faculty=Faculty{id=1, facultyName='Changed faculty name'}}}, Lesson{id=383, date=2021-02-24, startTime=13:00, endTime=14:40, classroom=Classroom{id=6, roomName='B-1', roomType='Class', roomCapacity=30, building=Building{id=2, buildingName='E'}}, course=Course{id=6, courseName='Biology'}, teacher=Teacher{id=7, firstName='Charlie', lastName='Byrne', faculty=Faculty{id=1, facultyName='Changed faculty name'}}}, Lesson{id=384, date=2021-02-24, startTime=14:50, endTime=16:30, classroom=Classroom{id=7, roomName='B-2', roomType='Class', roomCapacity=30, building=Building{id=2, buildingName='E'}}, course=Course{id=6, courseName='Biology'}, teacher=Teacher{id=7, firstName='Charlie', lastName='Byrne', faculty=Faculty{id=1, facultyName='Changed faculty name'}}}, Lesson{id=385, date=2021-02-24, startTime=16:40, endTime=18:20, classroom=Classroom{id=10, roomName='B-5', roomType='Laboratory', roomCapacity=10, building=Building{id=2, buildingName='E'}}, course=Course{id=6, courseName='Biology'}, teacher=Teacher{id=7, firstName='Charlie', lastName='Byrne', faculty=Faculty{id=1, facultyName='Changed faculty name'}}}, Lesson{id=386, date=2021-02-24, startTime=09:20, endTime=11:00, classroom=Classroom{id=14, roomName='C-4', roomType='Lecture', roomCapacity=50, building=Building{id=3, buildingName='C'}}, course=Course{id=10, courseName='Geometry'}, teacher=Teacher{id=12, firstName='Mia', lastName='Brown', faculty=Faculty{id=2, facultyName='Changed faculty name'}}}, Lesson{id=387, date=2021-02-24, startTime=11:10, endTime=12:50, classroom=Classroom{id=14, roomName='C-4', roomType='Lecture', roomCapacity=50, building=Building{id=3, buildingName='C'}}, course=Course{id=10, courseName='Geometry'}, teacher=Teacher{id=12, firstName='Mia', lastName='Brown', faculty=Faculty{id=2, facultyName='Changed faculty name'}}}, Lesson{id=388, date=2021-02-24, startTime=13:00, endTime=14:40, classroom=Classroom{id=11, roomName='C-1', roomType='Class', roomCapacity=30, building=Building{id=3, buildingName='C'}}, course=Course{id=10, courseName='Geometry'}, teacher=Teacher{id=12, firstName='Mia', lastName='Brown', faculty=Faculty{id=2, facultyName='Changed faculty name'}}}, Lesson{id=389, date=2021-02-24, startTime=14:50, endTime=16:30, classroom=Classroom{id=13, roomName='C-3', roomType='Class', roomCapacity=30, building=Building{id=3, buildingName='C'}}, course=Course{id=10, courseName='Geometry'}, teacher=Teacher{id=12, firstName='Mia', lastName='Brown', faculty=Faculty{id=2, facultyName='Changed faculty name'}}}, Lesson{id=390, date=2021-02-24, startTime=16:40, endTime=18:20, classroom=Classroom{id=15, roomName='C-5', roomType='Laboratory', roomCapacity=10, building=Building{id=3, buildingName='C'}}, course=Course{id=10, courseName='Geometry'}, teacher=Teacher{id=12, firstName='Mia', lastName='Brown', faculty=Faculty{id=2, facultyName='Changed faculty name'}}}, Lesson{id=391, date=2021-02-25, startTime=09:20, endTime=11:00, classroom=Classroom{id=4, roomName='A-4', roomType='Lecture', roomCapacity=50, building=Building{id=1, buildingName='Changed name'}}, course=Course{id=4, courseName='Political science'}, teacher=Teacher{id=4, firstName='Olivia', lastName='Blake', faculty=Faculty{id=3, facultyName='Faculty of Arts'}}}, Lesson{id=392, date=2021-02-25, startTime=11:10, endTime=12:50, classroom=Classroom{id=1, roomName='A-1', roomType='Class', roomCapacity=30, building=Building{id=1, buildingName='Changed name'}}, course=Course{id=4, courseName='Political science'}, teacher=Teacher{id=4, firstName='Olivia', lastName='Blake', faculty=Faculty{id=3, facultyName='Faculty of Arts'}}}, Lesson{id=393, date=2021-02-25, startTime=13:00, endTime=14:40, classroom=Classroom{id=2, roomName='A-2', roomType='Class', roomCapacity=30, building=Building{id=1, buildingName='Changed name'}}, course=Course{id=5, courseName='Culture'}, teacher=Teacher{id=5, firstName='Scarlett', lastName='Nimoy', faculty=Faculty{id=3, facultyName='Faculty of Arts'}}}, Lesson{id=394, date=2021-02-25, startTime=14:50, endTime=16:30, classroom=Classroom{id=3, roomName='B-10', roomType='Laboratory', roomCapacity=10, building=Building{id=2, buildingName='E'}}, course=Course{id=5, courseName='Culture'}, teacher=Teacher{id=5, firstName='Scarlett', lastName='Nimoy', faculty=Faculty{id=3, facultyName='Faculty of Arts'}}}, Lesson{id=395, date=2021-02-25, startTime=16:40, endTime=18:20, classroom=Classroom{id=4, roomName='A-4', roomType='Lecture', roomCapacity=50, building=Building{id=1, buildingName='Changed name'}}, course=Course{id=1, courseName='History'}, teacher=Teacher{id=1, firstName='Albert', lastName='Johnson', faculty=Faculty{id=3, facultyName='Faculty of Arts'}}}, Lesson{id=396, date=2021-02-25, startTime=09:20, endTime=11:00, classroom=Classroom{id=9, roomName='New name', roomType='Lecture', roomCapacity=50, building=Building{id=2, buildingName='E'}}, course=Course{id=7, courseName='Chemistry'}, teacher=Teacher{id=8, firstName='Samuel', lastName='Travis', faculty=Faculty{id=1, facultyName='Changed faculty name'}}}, Lesson{id=397, date=2021-02-25, startTime=11:10, endTime=12:50, classroom=Classroom{id=9, roomName='New name', roomType='Lecture', roomCapacity=50, building=Building{id=2, buildingName='E'}}, course=Course{id=7, courseName='Chemistry'}, teacher=Teacher{id=8, firstName='Samuel', lastName='Travis', faculty=Faculty{id=1, facultyName='Changed faculty name'}}}, Lesson{id=398, date=2021-02-25, startTime=13:00, endTime=14:40, classroom=Classroom{id=6, roomName='B-1', roomType='Class', roomCapacity=30, building=Building{id=2, buildingName='E'}}, course=Course{id=7, courseName='Chemistry'}, teacher=Teacher{id=9, firstName='Albert', lastName='Hill', faculty=Faculty{id=1, facultyName='Changed faculty name'}}}, Lesson{id=399, date=2021-02-25, startTime=14:50, endTime=16:30, classroom=Classroom{id=7, roomName='B-2', roomType='Class', roomCapacity=30, building=Building{id=2, buildingName='E'}}, course=Course{id=7, courseName='Chemistry'}, teacher=Teacher{id=9, firstName='Albert', lastName='Hill', faculty=Faculty{id=1, facultyName='Changed faculty name'}}}, Lesson{id=400, date=2021-02-25, startTime=16:40, endTime=18:20, classroom=Classroom{id=10, roomName='B-5', roomType='Laboratory', roomCapacity=10, building=Building{id=2, buildingName='E'}}, course=Course{id=7, courseName='Chemistry'}, teacher=Teacher{id=9, firstName='Albert', lastName='Hill', faculty=Faculty{id=1, facultyName='Changed faculty name'}}}, Lesson{id=401, date=2021-02-25, startTime=09:20, endTime=11:00, classroom=Classroom{id=14, roomName='C-4', roomType='Lecture', roomCapacity=50, building=Building{id=3, buildingName='C'}}, course=Course{id=8, courseName='Mathematics'}, teacher=Teacher{id=10, firstName='Joshua', lastName='Eve', faculty=Faculty{id=2, facultyName='Changed faculty name'}}}, Lesson{id=402, date=2021-02-25, startTime=11:10, endTime=12:50, classroom=Classroom{id=14, roomName='C-4', roomType='Lecture', roomCapacity=50, building=Building{id=3, buildingName='C'}}, course=Course{id=8, courseName='Mathematics'}, teacher=Teacher{id=10, firstName='Joshua', lastName='Eve', faculty=Faculty{id=2, facultyName='Changed faculty name'}}}, Lesson{id=403, date=2021-02-25, startTime=13:00, endTime=14:40, classroom=Classroom{id=12, roomName='C-2', roomType='Class', roomCapacity=30, building=Building{id=3, buildingName='C'}}, course=Course{id=9, courseName='Physics'}, teacher=Teacher{id=11, firstName='Sophia', lastName='Roos', faculty=Faculty{id=2, facultyName='Changed faculty name'}}}, Lesson{id=404, date=2021-02-25, startTime=14:50, endTime=16:30, classroom=Classroom{id=12, roomName='C-2', roomType='Class', roomCapacity=30, building=Building{id=3, buildingName='C'}}, course=Course{id=10, courseName='Geometry'}, teacher=Teacher{id=12, firstName='Mia', lastName='Brown', faculty=Faculty{id=2, facultyName='Changed faculty name'}}}, Lesson{id=405, date=2021-02-25, startTime=16:40, endTime=18:20, classroom=Classroom{id=15, roomName='C-5', roomType='Laboratory', roomCapacity=10, building=Building{id=3, buildingName='C'}}, course=Course{id=8, courseName='Mathematics'}, teacher=Teacher{id=10, firstName='Joshua', lastName='Eve', faculty=Faculty{id=2, facultyName='Changed faculty name'}}}, Lesson{id=406, date=2021-02-26, startTime=09:20, endTime=11:00, classroom=Classroom{id=4, roomName='A-4', roomType='Lecture', roomCapacity=50, building=Building{id=1, buildingName='Changed name'}}, course=Course{id=5, courseName='Culture'}, teacher=Teacher{id=5, firstName='Scarlett', lastName='Nimoy', faculty=Faculty{id=3, facultyName='Faculty of Arts'}}}, Lesson{id=407, date=2021-02-26, startTime=11:10, endTime=12:50, classroom=Classroom{id=1, roomName='A-1', roomType='Class', roomCapacity=30, building=Building{id=1, buildingName='Changed name'}}, course=Course{id=5, courseName='Culture'}, teacher=Teacher{id=5, firstName='Scarlett', lastName='Nimoy', faculty=Faculty{id=3, facultyName='Faculty of Arts'}}}, Lesson{id=408, date=2021-02-26, startTime=13:00, endTime=14:40, classroom=Classroom{id=2, roomName='A-2', roomType='Class', roomCapacity=30, building=Building{id=1, buildingName='Changed name'}}, course=Course{id=1, courseName='History'}, teacher=Teacher{id=1, firstName='Albert', lastName='Johnson', faculty=Faculty{id=3, facultyName='Faculty of Arts'}}}, Lesson{id=409, date=2021-02-26, startTime=14:50, endTime=16:30, classroom=Classroom{id=3, roomName='B-10', roomType='Laboratory', roomCapacity=10, building=Building{id=2, buildingName='E'}}, course=Course{id=1, courseName='History'}, teacher=Teacher{id=1, firstName='Albert', lastName='Johnson', faculty=Faculty{id=3, facultyName='Faculty of Arts'}}}, Lesson{id=410, date=2021-02-26, startTime=16:40, endTime=18:20, classroom=Classroom{id=4, roomName='A-4', roomType='Lecture', roomCapacity=50, building=Building{id=1, buildingName='Changed name'}}, course=Course{id=2, courseName='Philosophy'}, teacher=Teacher{id=2, firstName='Stanley', lastName='Gruber', faculty=Faculty{id=3, facultyName='Faculty of Arts'}}}, Lesson{id=411, date=2021-02-26, startTime=09:20, endTime=11:00, classroom=Classroom{id=9, roomName='New name', roomType='Lecture', roomCapacity=50, building=Building{id=2, buildingName='E'}}, course=Course{id=6, courseName='Biology'}, teacher=Teacher{id=6, firstName='Ellie', lastName='Purh', faculty=Faculty{id=1, facultyName='Changed faculty name'}}}, Lesson{id=412, date=2021-02-26, startTime=11:10, endTime=12:50, classroom=Classroom{id=9, roomName='New name', roomType='Lecture', roomCapacity=50, building=Building{id=2, buildingName='E'}}, course=Course{id=6, courseName='Biology'}, teacher=Teacher{id=6, firstName='Ellie', lastName='Purh', faculty=Faculty{id=1, facultyName='Changed faculty name'}}}, Lesson{id=413, date=2021-02-26, startTime=13:00, endTime=14:40, classroom=Classroom{id=6, roomName='B-1', roomType='Class', roomCapacity=30, building=Building{id=2, buildingName='E'}}, course=Course{id=6, courseName='Biology'}, teacher=Teacher{id=7, firstName='Charlie', lastName='Byrne', faculty=Faculty{id=1, facultyName='Changed faculty name'}}}, Lesson{id=414, date=2021-02-26, startTime=14:50, endTime=16:30, classroom=Classroom{id=7, roomName='B-2', roomType='Class', roomCapacity=30, building=Building{id=2, buildingName='E'}}, course=Course{id=6, courseName='Biology'}, teacher=Teacher{id=7, firstName='Charlie', lastName='Byrne', faculty=Faculty{id=1, facultyName='Changed faculty name'}}}, Lesson{id=415, date=2021-02-26, startTime=16:40, endTime=18:20, classroom=Classroom{id=10, roomName='B-5', roomType='Laboratory', roomCapacity=10, building=Building{id=2, buildingName='E'}}, course=Course{id=6, courseName='Biology'}, teacher=Teacher{id=7, firstName='Charlie', lastName='Byrne', faculty=Faculty{id=1, facultyName='Changed faculty name'}}}, Lesson{id=416, date=2021-02-26, startTime=09:20, endTime=11:00, classroom=Classroom{id=14, roomName='C-4', roomType='Lecture', roomCapacity=50, building=Building{id=3, buildingName='C'}}, course=Course{id=9, courseName='Physics'}, teacher=Teacher{id=11, firstName='Sophia', lastName='Roos', faculty=Faculty{id=2, facultyName='Changed faculty name'}}}, Lesson{id=417, date=2021-02-26, startTime=11:10, endTime=12:50, classroom=Classroom{id=14, roomName='C-4', roomType='Lecture', roomCapacity=50, building=Building{id=3, buildingName='C'}}, course=Course{id=10, courseName='Geometry'}, teacher=Teacher{id=12, firstName='Mia', lastName='Brown', faculty=Faculty{id=2, facultyName='Changed faculty name'}}}, Lesson{id=418, date=2021-02-26, startTime=13:00, endTime=14:40, classroom=Classroom{id=13, roomName='C-3', roomType='Class', roomCapacity=30, building=Building{id=3, buildingName='C'}}, course=Course{id=8, courseName='Mathematics'}, teacher=Teacher{id=10, firstName='Joshua', lastName='Eve', faculty=Faculty{id=2, facultyName='Changed faculty name'}}}, Lesson{id=419, date=2021-02-26, startTime=14:50, endTime=16:30, classroom=Classroom{id=15, roomName='C-5', roomType='Laboratory', roomCapacity=10, building=Building{id=3, buildingName='C'}}, course=Course{id=9, courseName='Physics'}, teacher=Teacher{id=11, firstName='Sophia', lastName='Roos', faculty=Faculty{id=2, facultyName='Changed faculty name'}}}, Lesson{id=420, date=2021-02-26, startTime=16:40, endTime=18:20, classroom=Classroom{id=15, roomName='C-5', roomType='Laboratory', roomCapacity=10, building=Building{id=3, buildingName='C'}}, course=Course{id=10, courseName='Geometry'}, teacher=Teacher{id=12, firstName='Mia', lastName='Brown', faculty=Faculty{id=2, facultyName='Changed faculty name'}}}, Lesson{id=421, date=2021-03-01, startTime=09:20, endTime=11:00, classroom=Classroom{id=4, roomName='A-4', roomType='Lecture', roomCapacity=50, building=Building{id=1, buildingName='Changed name'}}, course=Course{id=1, courseName='History'}, teacher=Teacher{id=1, firstName='Albert', lastName='Johnson', faculty=Faculty{id=3, facultyName='Faculty of Arts'}}}, Lesson{id=422, date=2021-03-01, startTime=11:10, endTime=12:50, classroom=Classroom{id=1, roomName='A-1', roomType='Class', roomCapacity=30, building=Building{id=1, buildingName='Changed name'}}, course=Course{id=1, courseName='History'}, teacher=Teacher{id=1, firstName='Albert', lastName='Johnson', faculty=Faculty{id=3, facultyName='Faculty of Arts'}}}, Lesson{id=423, date=2021-03-01, startTime=13:00, endTime=14:40, classroom=Classroom{id=2, roomName='A-2', roomType='Class', roomCapacity=30, building=Building{id=1, buildingName='Changed name'}}, course=Course{id=2, courseName='Philosophy'}, teacher=Teacher{id=2, firstName='Stanley', lastName='Gruber', faculty=Faculty{id=3, facultyName='Faculty of Arts'}}}, Lesson{id=424, date=2021-03-01, startTime=14:50, endTime=16:30, classroom=Classroom{id=3, roomName='B-10', roomType='Laboratory', roomCapacity=10, building=Building{id=2, buildingName='E'}}, course=Course{id=2, courseName='Philosophy'}, teacher=Teacher{id=2, firstName='Stanley', lastName='Gruber', faculty=Faculty{id=3, facultyName='Faculty of Arts'}}}, Lesson{id=425, date=2021-03-01, startTime=16:40, endTime=18:20, classroom=Classroom{id=4, roomName='A-4', roomType='Lecture', roomCapacity=50, building=Building{id=1, buildingName='Changed name'}}, course=Course{id=3, courseName='Another course's name'}, teacher=Teacher{id=3, firstName='Freya', lastName='Shepp', faculty=Faculty{id=3, facultyName='Faculty of Arts'}}}, Lesson{id=426, date=2021-03-01, startTime=09:20, endTime=11:00, classroom=Classroom{id=9, roomName='New name', roomType='Lecture', roomCapacity=50, building=Building{id=2, buildingName='E'}}, course=Course{id=6, courseName='Biology'}, teacher=Teacher{id=6, firstName='Ellie', lastName='Purh', faculty=Faculty{id=1, facultyName='Changed faculty name'}}}, Lesson{id=427, date=2021-03-01, startTime=11:10, endTime=12:50, classroom=Classroom{id=9, roomName='New name', roomType='Lecture', roomCapacity=50, building=Building{id=2, buildingName='E'}}, course=Course{id=6, courseName='Biology'}, teacher=Teacher{id=6, firstName='Ellie', lastName='Purh', faculty=Faculty{id=1, facultyName='Changed faculty name'}}}, Lesson{id=428, date=2021-03-01, startTime=13:00, endTime=14:40, classroom=Classroom{id=6, roomName='B-1', roomType='Class', roomCapacity=30, building=Building{id=2, buildingName='E'}}, course=Course{id=6, courseName='Biology'}, teacher=Teacher{id=7, firstName='Charlie', lastName='Byrne', faculty=Faculty{id=1, facultyName='Changed faculty name'}}}, Lesson{id=429, date=2021-03-01, startTime=14:50, endTime=16:30, classroom=Classroom{id=7, roomName='B-2', roomType='Class', roomCapacity=30, building=Building{id=2, buildingName='E'}}, course=Course{id=6, courseName='Biology'}, teacher=Teacher{id=7, firstName='Charlie', lastName='Byrne', faculty=Faculty{id=1, facultyName='Changed faculty name'}}}, Lesson{id=430, date=2021-03-01, startTime=16:40, endTime=18:20, classroom=Classroom{id=10, roomName='B-5', roomType='Laboratory', roomCapacity=10, building=Building{id=2, buildingName='E'}}, course=Course{id=6, courseName='Biology'}, teacher=Teacher{id=7, firstName='Charlie', lastName='Byrne', faculty=Faculty{id=1, facultyName='Changed faculty name'}}}, Lesson{id=431, date=2021-03-01, startTime=09:20, endTime=11:00, classroom=Classroom{id=14, roomName='C-4', roomType='Lecture', roomCapacity=50, building=Building{id=3, buildingName='C'}}, course=Course{id=8, courseName='Mathematics'}, teacher=Teacher{id=10, firstName='Joshua', lastName='Eve', faculty=Faculty{id=2, facultyName='Changed faculty name'}}}, Lesson{id=432, date=2021-03-01, startTime=11:10, endTime=12:50, classroom=Classroom{id=14, roomName='C-4', roomType='Lecture', roomCapacity=50, building=Building{id=3, buildingName='C'}}, course=Course{id=8, courseName='Mathematics'}, teacher=Teacher{id=10, firstName='Joshua', lastName='Eve', faculty=Faculty{id=2, facultyName='Changed faculty name'}}}, Lesson{id=433, date=2021-03-01, startTime=13:00, endTime=14:40, classroom=Classroom{id=11, roomName='C-1', roomType='Class', roomCapacity=30, building=Building{id=3, buildingName='C'}}, course=Course{id=8, courseName='Mathematics'}, teacher=Teacher{id=10, firstName='Joshua', lastName='Eve', faculty=Faculty{id=2, facultyName='Changed faculty name'}}}, Lesson{id=434, date=2021-03-01, startTime=14:50, endTime=16:30, classroom=Classroom{id=13, roomName='C-3', roomType='Class', roomCapacity=30, building=Building{id=3, buildingName='C'}}, course=Course{id=8, courseName='Mathematics'}, teacher=Teacher{id=10, firstName='Joshua', lastName='Eve', faculty=Faculty{id=2, facultyName='Changed faculty name'}}}, Lesson{id=435, date=2021-03-01, startTime=16:40, endTime=18:20, classroom=Classroom{id=15, roomName='C-5', roomType='Laboratory', roomCapacity=10, building=Building{id=3, buildingName='C'}}, course=Course{id=8, courseName='Mathematics'}, teacher=Teacher{id=10, firstName='Joshua', lastName='Eve', faculty=Faculty{id=2, facultyName='Changed faculty name'}}}, Lesson{id=436, date=2021-03-02, startTime=09:20, endTime=11:00, classroom=Classroom{id=4, roomName='A-4', roomType='Lecture', roomCapacity=50, building=Building{id=1, buildingName='Changed name'}}, course=Course{id=2, courseName='Philosophy'}, teacher=Teacher{id=2, firstName='Stanley', lastName='Gruber', faculty=Faculty{id=3, facultyName='Faculty of Arts'}}}, Lesson{id=437, date=2021-03-02, startTime=11:10, endTime=12:50, classroom=Classroom{id=1, roomName='A-1', roomType='Class', roomCapacity=30, building=Building{id=1, buildingName='Changed name'}}, course=Course{id=2, courseName='Philosophy'}, teacher=Teacher{id=2, firstName='Stanley', lastName='Gruber', faculty=Faculty{id=3, facultyName='Faculty of Arts'}}}, Lesson{id=438, date=2021-03-02, startTime=13:00, endTime=14:40, classroom=Classroom{id=2, roomName='A-2', roomType='Class', roomCapacity=30, building=Building{id=1, buildingName='Changed name'}}, course=Course{id=3, courseName='Another course's name'}, teacher=Teacher{id=3, firstName='Freya', lastName='Shepp', faculty=Faculty{id=3, facultyName='Faculty of Arts'}}}, Lesson{id=439, date=2021-03-02, startTime=14:50, endTime=16:30, classroom=Classroom{id=3, roomName='B-10', roomType='Laboratory', roomCapacity=10, building=Building{id=2, buildingName='E'}}, course=Course{id=3, courseName='Another course's name'}, teacher=Teacher{id=3, firstName='Freya', lastName='Shepp', faculty=Faculty{id=3, facultyName='Faculty of Arts'}}}, Lesson{id=440, date=2021-03-02, startTime=16:40, endTime=18:20, classroom=Classroom{id=4, roomName='A-4', roomType='Lecture', roomCapacity=50, building=Building{id=1, buildingName='Changed name'}}, course=Course{id=4, courseName='Political science'}, teacher=Teacher{id=4, firstName='Olivia', lastName='Blake', faculty=Faculty{id=3, facultyName='Faculty of Arts'}}}, Lesson{id=441, date=2021-03-02, startTime=09:20, endTime=11:00, classroom=Classroom{id=9, roomName='New name', roomType='Lecture', roomCapacity=50, building=Building{id=2, buildingName='E'}}, course=Course{id=7, courseName='Chemistry'}, teacher=Teacher{id=8, firstName='Samuel', lastName='Travis', faculty=Faculty{id=1, facultyName='Changed faculty name'}}}, Lesson{id=442, date=2021-03-02, startTime=11:10, endTime=12:50, classroom=Classroom{id=9, roomName='New name', roomType='Lecture', roomCapacity=50, building=Building{id=2, buildingName='E'}}, course=Course{id=7, courseName='Chemistry'}, teacher=Teacher{id=8, firstName='Samuel', lastName='Travis', faculty=Faculty{id=1, facultyName='Changed faculty name'}}}, Lesson{id=443, date=2021-03-02, startTime=13:00, endTime=14:40, classroom=Classroom{id=6, roomName='B-1', roomType='Class', roomCapacity=30, building=Building{id=2, buildingName='E'}}, course=Course{id=7, courseName='Chemistry'}, teacher=Teacher{id=9, firstName='Albert', lastName='Hill', faculty=Faculty{id=1, facultyName='Changed faculty name'}}}, Lesson{id=444, date=2021-03-02, startTime=14:50, endTime=16:30, classroom=Classroom{id=7, roomName='B-2', roomType='Class', roomCapacity=30, building=Building{id=2, buildingName='E'}}, course=Course{id=7, courseName='Chemistry'}, teacher=Teacher{id=9, firstName='Albert', lastName='Hill', faculty=Faculty{id=1, facultyName='Changed faculty name'}}}, Lesson{id=445, date=2021-03-02, startTime=16:40, endTime=18:20, classroom=Classroom{id=10, roomName='B-5', roomType='Laboratory', roomCapacity=10, building=Building{id=2, buildingName='E'}}, course=Course{id=7, courseName='Chemistry'}, teacher=Teacher{id=9, firstName='Albert', lastName='Hill', faculty=Faculty{id=1, facultyName='Changed faculty name'}}}, Lesson{id=446, date=2021-03-02, startTime=09:20, endTime=11:00, classroom=Classroom{id=14, roomName='C-4', roomType='Lecture', roomCapacity=50, building=Building{id=3, buildingName='C'}}, course=Course{id=9, courseName='Physics'}, teacher=Teacher{id=11, firstName='Sophia', lastName='Roos', faculty=Faculty{id=2, facultyName='Changed faculty name'}}}, Lesson{id=447, date=2021-03-02, startTime=11:10, endTime=12:50, classroom=Classroom{id=14, roomName='C-4', roomType='Lecture', roomCapacity=50, building=Building{id=3, buildingName='C'}}, course=Course{id=9, courseName='Physics'}, teacher=Teacher{id=11, firstName='Sophia', lastName='Roos', faculty=Faculty{id=2, facultyName='Changed faculty name'}}}, Lesson{id=448, date=2021-03-02, startTime=13:00, endTime=14:40, classroom=Classroom{id=11, roomName='C-1', roomType='Class', roomCapacity=30, building=Building{id=3, buildingName='C'}}, course=Course{id=9, courseName='Physics'}, teacher=Teacher{id=11, firstName='Sophia', lastName='Roos', faculty=Faculty{id=2, facultyName='Changed faculty name'}}}, Lesson{id=449, date=2021-03-02, startTime=14:50, endTime=16:30, classroom=Classroom{id=13, roomName='C-3', roomType='Class', roomCapacity=30, building=Building{id=3, buildingName='C'}}, course=Course{id=9, courseName='Physics'}, teacher=Teacher{id=11, firstName='Sophia', lastName='Roos', faculty=Faculty{id=2, facultyName='Changed faculty name'}}}, Lesson{id=450, date=2021-03-02, startTime=16:40, endTime=18:20, classroom=Classroom{id=15, roomName='C-5', roomType='Laboratory', roomCapacity=10, building=Building{id=3, buildingName='C'}}, course=Course{id=9, courseName='Physics'}, teacher=Teacher{id=11, firstName='Sophia', lastName='Roos', faculty=Faculty{id=2, facultyName='Changed faculty name'}}}, Lesson{id=451, date=2021-03-03, startTime=09:20, endTime=11:00, classroom=Classroom{id=4, roomName='A-4', roomType='Lecture', roomCapacity=50, building=Building{id=1, buildingName='Changed name'}}, course=Course{id=3, courseName='Another course's name'}, teacher=Teacher{id=3, firstName='Freya', lastName='Shepp', faculty=Faculty{id=3, facultyName='Faculty of Arts'}}}, Lesson{id=452, date=2021-03-03, startTime=11:10, endTime=12:50, classroom=Classroom{id=1, roomName='A-1', roomType='Class', roomCapacity=30, building=Building{id=1, buildingName='Changed name'}}, course=Course{id=3, courseName='Another course's name'}, teacher=Teacher{id=3, firstName='Freya', lastName='Shepp', faculty=Faculty{id=3, facultyName='Faculty of Arts'}}}, Lesson{id=453, date=2021-03-03, startTime=13:00, endTime=14:40, classroom=Classroom{id=2, roomName='A-2', roomType='Class', roomCapacity=30, building=Building{id=1, buildingName='Changed name'}}, course=Course{id=4, courseName='Political science'}, teacher=Teacher{id=4, firstName='Olivia', lastName='Blake', faculty=Faculty{id=3, facultyName='Faculty of Arts'}}}, Lesson{id=454, date=2021-03-03, startTime=14:50, endTime=16:30, classroom=Classroom{id=3, roomName='B-10', roomType='Laboratory', roomCapacity=10, building=Building{id=2, buildingName='E'}}, course=Course{id=4, courseName='Political science'}, teacher=Teacher{id=4, firstName='Olivia', lastName='Blake', faculty=Faculty{id=3, facultyName='Faculty of Arts'}}}, Lesson{id=455, date=2021-03-03, startTime=16:40, endTime=18:20, classroom=Classroom{id=4, roomName='A-4', roomType='Lecture', roomCapacity=50, building=Building{id=1, buildingName='Changed name'}}, course=Course{id=5, courseName='Culture'}, teacher=Teacher{id=5, firstName='Scarlett', lastName='Nimoy', faculty=Faculty{id=3, facultyName='Faculty of Arts'}}}, Lesson{id=456, date=2021-03-03, startTime=09:20, endTime=11:00, classroom=Classroom{id=9, roomName='New name', roomType='Lecture', roomCapacity=50, building=Building{id=2, buildingName='E'}}, course=Course{id=6, courseName='Biology'}, teacher=Teacher{id=6, firstName='Ellie', lastName='Purh', faculty=Faculty{id=1, facultyName='Changed faculty name'}}}, Lesson{id=457, date=2021-03-03, startTime=11:10, endTime=12:50, classroom=Classroom{id=9, roomName='New name', roomType='Lecture', roomCapacity=50, building=Building{id=2, buildingName='E'}}, course=Course{id=6, courseName='Biology'}, teacher=Teacher{id=6, firstName='Ellie', lastName='Purh', faculty=Faculty{id=1, facultyName='Changed faculty name'}}}, Lesson{id=458, date=2021-03-03, startTime=13:00, endTime=14:40, classroom=Classroom{id=6, roomName='B-1', roomType='Class', roomCapacity=30, building=Building{id=2, buildingName='E'}}, course=Course{id=6, courseName='Biology'}, teacher=Teacher{id=7, firstName='Charlie', lastName='Byrne', faculty=Faculty{id=1, facultyName='Changed faculty name'}}}, Lesson{id=459, date=2021-03-03, startTime=14:50, endTime=16:30, classroom=Classroom{id=7, roomName='B-2', roomType='Class', roomCapacity=30, building=Building{id=2, buildingName='E'}}, course=Course{id=6, courseName='Biology'}, teacher=Teacher{id=7, firstName='Charlie', lastName='Byrne', faculty=Faculty{id=1, facultyName='Changed faculty name'}}}, Lesson{id=460, date=2021-03-03, startTime=16:40, endTime=18:20, classroom=Classroom{id=10, roomName='B-5', roomType='Laboratory', roomCapacity=10, building=Building{id=2, buildingName='E'}}, course=Course{id=6, courseName='Biology'}, teacher=Teacher{id=7, firstName='Charlie', lastName='Byrne', faculty=Faculty{id=1, facultyName='Changed faculty name'}}}, Lesson{id=461, date=2021-03-03, startTime=09:20, endTime=11:00, classroom=Classroom{id=14, roomName='C-4', roomType='Lecture', roomCapacity=50, building=Building{id=3, buildingName='C'}}, course=Course{id=10, courseName='Geometry'}, teacher=Teacher{id=12, firstName='Mia', lastName='Brown', faculty=Faculty{id=2, facultyName='Changed faculty name'}}}, Lesson{id=462, date=2021-03-03, startTime=11:10, endTime=12:50, classroom=Classroom{id=14, roomName='C-4', roomType='Lecture', roomCapacity=50, building=Building{id=3, buildingName='C'}}, course=Course{id=10, courseName='Geometry'}, teacher=Teacher{id=12, firstName='Mia', lastName='Brown', faculty=Faculty{id=2, facultyName='Changed faculty name'}}}, Lesson{id=463, date=2021-03-03, startTime=13:00, endTime=14:40, classroom=Classroom{id=11, roomName='C-1', roomType='Class', roomCapacity=30, building=Building{id=3, buildingName='C'}}, course=Course{id=10, courseName='Geometry'}, teacher=Teacher{id=12, firstName='Mia', lastName='Brown', faculty=Faculty{id=2, facultyName='Changed faculty name'}}}, Lesson{id=464, date=2021-03-03, startTime=14:50, endTime=16:30, classroom=Classroom{id=13, roomName='C-3', roomType='Class', roomCapacity=30, building=Building{id=3, buildingName='C'}}, course=Course{id=10, courseName='Geometry'}, teacher=Teacher{id=12, firstName='Mia', lastName='Brown', faculty=Faculty{id=2, facultyName='Changed faculty name'}}}, Lesson{id=465, date=2021-03-03, startTime=16:40, endTime=18:20, classroom=Classroom{id=15, roomName='C-5', roomType='Laboratory', roomCapacity=10, building=Building{id=3, buildingName='C'}}, course=Course{id=10, courseName='Geometry'}, teacher=Teacher{id=12, firstName='Mia', lastName='Brown', faculty=Faculty{id=2, facultyName='Changed faculty name'}}}, Lesson{id=466, date=2021-03-04, startTime=09:20, endTime=11:00, classroom=Classroom{id=4, roomName='A-4', roomType='Lecture', roomCapacity=50, building=Building{id=1, buildingName='Changed name'}}, course=Course{id=4, courseName='Political science'}, teacher=Teacher{id=4, firstName='Olivia', lastName='Blake', faculty=Faculty{id=3, facultyName='Faculty of Arts'}}}, Lesson{id=467, date=2021-03-04, startTime=11:10, endTime=12:50, classroom=Classroom{id=1, roomName='A-1', roomType='Class', roomCapacity=30, building=Building{id=1, buildingName='Changed name'}}, course=Course{id=4, courseName='Political science'}, teacher=Teacher{id=4, firstName='Olivia', lastName='Blake', faculty=Faculty{id=3, facultyName='Faculty of Arts'}}}, Lesson{id=468, date=2021-03-04, startTime=13:00, endTime=14:40, classroom=Classroom{id=2, roomName='A-2', roomType='Class', roomCapacity=30, building=Building{id=1, buildingName='Changed name'}}, course=Course{id=5, courseName='Culture'}, teacher=Teacher{id=5, firstName='Scarlett', lastName='Nimoy', faculty=Faculty{id=3, facultyName='Faculty of Arts'}}}, Lesson{id=469, date=2021-03-04, startTime=14:50, endTime=16:30, classroom=Classroom{id=3, roomName='B-10', roomType='Laboratory', roomCapacity=10, building=Building{id=2, buildingName='E'}}, course=Course{id=5, courseName='Culture'}, teacher=Teacher{id=5, firstName='Scarlett', lastName='Nimoy', faculty=Faculty{id=3, facultyName='Faculty of Arts'}}}, Lesson{id=470, date=2021-03-04, startTime=16:40, endTime=18:20, classroom=Classroom{id=4, roomName='A-4', roomType='Lecture', roomCapacity=50, building=Building{id=1, buildingName='Changed name'}}, course=Course{id=1, courseName='History'}, teacher=Teacher{id=1, firstName='Albert', lastName='Johnson', faculty=Faculty{id=3, facultyName='Faculty of Arts'}}}, Lesson{id=471, date=2021-03-04, startTime=09:20, endTime=11:00, classroom=Classroom{id=9, roomName='New name', roomType='Lecture', roomCapacity=50, building=Building{id=2, buildingName='E'}}, course=Course{id=7, courseName='Chemistry'}, teacher=Teacher{id=8, firstName='Samuel', lastName='Travis', faculty=Faculty{id=1, facultyName='Changed faculty name'}}}, Lesson{id=472, date=2021-03-04, startTime=11:10, endTime=12:50, classroom=Classroom{id=9, roomName='New name', roomType='Lecture', roomCapacity=50, building=Building{id=2, buildingName='E'}}, course=Course{id=7, courseName='Chemistry'}, teacher=Teacher{id=8, firstName='Samuel', lastName='Travis', faculty=Faculty{id=1, facultyName='Changed faculty name'}}}, Lesson{id=473, date=2021-03-04, startTime=13:00, endTime=14:40, classroom=Classroom{id=6, roomName='B-1', roomType='Class', roomCapacity=30, building=Building{id=2, buildingName='E'}}, course=Course{id=7, courseName='Chemistry'}, teacher=Teacher{id=9, firstName='Albert', lastName='Hill', faculty=Faculty{id=1, facultyName='Changed faculty name'}}}, Lesson{id=474, date=2021-03-04, startTime=14:50, endTime=16:30, classroom=Classroom{id=7, roomName='B-2', roomType='Class', roomCapacity=30, building=Building{id=2, buildingName='E'}}, course=Course{id=7, courseName='Chemistry'}, teacher=Teacher{id=9, firstName='Albert', lastName='Hill', faculty=Faculty{id=1, facultyName='Changed faculty name'}}}, Lesson{id=475, date=2021-03-04, startTime=16:40, endTime=18:20, classroom=Classroom{id=10, roomName='B-5', roomType='Laboratory', roomCapacity=10, building=Building{id=2, buildingName='E'}}, course=Course{id=7, courseName='Chemistry'}, teacher=Teacher{id=9, firstName='Albert', lastName='Hill', faculty=Faculty{id=1, facultyName='Changed faculty name'}}}, Lesson{id=476, date=2021-03-04, startTime=09:20, endTime=11:00, classroom=Classroom{id=14, roomName='C-4', roomType='Lecture', roomCapacity=50, building=Building{id=3, buildingName='C'}}, course=Course{id=8, courseName='Mathematics'}, teacher=Teacher{id=10, firstName='Joshua', lastName='Eve', faculty=Faculty{id=2, facultyName='Changed faculty name'}}}, Lesson{id=477, date=2021-03-04, startTime=11:10, endTime=12:50, classroom=Classroom{id=14, roomName='C-4', roomType='Lecture', roomCapacity=50, building=Building{id=3, buildingName='C'}}, course=Course{id=8, courseName='Mathematics'}, teacher=Teacher{id=10, firstName='Joshua', lastName='Eve', faculty=Faculty{id=2, facultyName='Changed faculty name'}}}, Lesson{id=478, date=2021-03-04, startTime=13:00, endTime=14:40, classroom=Classroom{id=12, roomName='C-2', roomType='Class', roomCapacity=30, building=Building{id=3, buildingName='C'}}, course=Course{id=9, courseName='Physics'}, teacher=Teacher{id=11, firstName='Sophia', lastName='Roos', faculty=Faculty{id=2, facultyName='Changed faculty name'}}}, Lesson{id=479, date=2021-03-04, startTime=14:50, endTime=16:30, classroom=Classroom{id=12, roomName='C-2', roomType='Class', roomCapacity=30, building=Building{id=3, buildingName='C'}}, course=Course{id=10, courseName='Geometry'}, teacher=Teacher{id=12, firstName='Mia', lastName='Brown', faculty=Faculty{id=2, facultyName='Changed faculty name'}}}, Lesson{id=480, date=2021-03-04, startTime=16:40, endTime=18:20, classroom=Classroom{id=15, roomName='C-5', roomType='Laboratory', roomCapacity=10, building=Building{id=3, buildingName='C'}}, course=Course{id=8, courseName='Mathematics'}, teacher=Teacher{id=10, firstName='Joshua', lastName='Eve', faculty=Faculty{id=2, facultyName='Changed faculty name'}}}, Lesson{id=481, date=2021-03-05, startTime=09:20, endTime=11:00, classroom=Classroom{id=4, roomName='A-4', roomType='Lecture', roomCapacity=50, building=Building{id=1, buildingName='Changed name'}}, course=Course{id=5, courseName='Culture'}, teacher=Teacher{id=5, firstName='Scarlett', lastName='Nimoy', faculty=Faculty{id=3, facultyName='Faculty of Arts'}}}, Lesson{id=482, date=2021-03-05, startTime=11:10, endTime=12:50, classroom=Classroom{id=1, roomName='A-1', roomType='Class', roomCapacity=30, building=Building{id=1, buildingName='Changed name'}}, course=Course{id=5, courseName='Culture'}, teacher=Teacher{id=5, firstName='Scarlett', lastName='Nimoy', faculty=Faculty{id=3, facultyName='Faculty of Arts'}}}, Lesson{id=483, date=2021-03-05, startTime=13:00, endTime=14:40, classroom=Classroom{id=2, roomName='A-2', roomType='Class', roomCapacity=30, building=Building{id=1, buildingName='Changed name'}}, course=Course{id=1, courseName='History'}, teacher=Teacher{id=1, firstName='Albert', lastName='Johnson', faculty=Faculty{id=3, facultyName='Faculty of Arts'}}}, Lesson{id=484, date=2021-03-05, startTime=14:50, endTime=16:30, classroom=Classroom{id=3, roomName='B-10', roomType='Laboratory', roomCapacity=10, building=Building{id=2, buildingName='E'}}, course=Course{id=1, courseName='History'}, teacher=Teacher{id=1, firstName='Albert', lastName='Johnson', faculty=Faculty{id=3, facultyName='Faculty of Arts'}}}, Lesson{id=485, date=2021-03-05, startTime=16:40, endTime=18:20, classroom=Classroom{id=4, roomName='A-4', roomType='Lecture', roomCapacity=50, building=Building{id=1, buildingName='Changed name'}}, course=Course{id=2, courseName='Philosophy'}, teacher=Teacher{id=2, firstName='Stanley', lastName='Gruber', faculty=Faculty{id=3, facultyName='Faculty of Arts'}}}, Lesson{id=486, date=2021-03-05, startTime=09:20, endTime=11:00, classroom=Classroom{id=9, roomName='New name', roomType='Lecture', roomCapacity=50, building=Building{id=2, buildingName='E'}}, course=Course{id=6, courseName='Biology'}, teacher=Teacher{id=6, firstName='Ellie', lastName='Purh', faculty=Faculty{id=1, facultyName='Changed faculty name'}}}, Lesson{id=487, date=2021-03-05, startTime=11:10, endTime=12:50, classroom=Classroom{id=9, roomName='New name', roomType='Lecture', roomCapacity=50, building=Building{id=2, buildingName='E'}}, course=Course{id=6, courseName='Biology'}, teacher=Teacher{id=6, firstName='Ellie', lastName='Purh', faculty=Faculty{id=1, facultyName='Changed faculty name'}}}, Lesson{id=488, date=2021-03-05, startTime=13:00, endTime=14:40, classroom=Classroom{id=6, roomName='B-1', roomType='Class', roomCapacity=30, building=Building{id=2, buildingName='E'}}, course=Course{id=6, courseName='Biology'}, teacher=Teacher{id=7, firstName='Charlie', lastName='Byrne', faculty=Faculty{id=1, facultyName='Changed faculty name'}}}, Lesson{id=489, date=2021-03-05, startTime=14:50, endTime=16:30, classroom=Classroom{id=7, roomName='B-2', roomType='Class', roomCapacity=30, building=Building{id=2, buildingName='E'}}, course=Course{id=6, courseName='Biology'}, teacher=Teacher{id=7, firstName='Charlie', lastName='Byrne', faculty=Faculty{id=1, facultyName='Changed faculty name'}}}, Lesson{id=490, date=2021-03-05, startTime=16:40, endTime=18:20, classroom=Classroom{id=10, roomName='B-5', roomType='Laboratory', roomCapacity=10, building=Building{id=2, buildingName='E'}}, course=Course{id=6, courseName='Biology'}, teacher=Teacher{id=7, firstName='Charlie', lastName='Byrne', faculty=Faculty{id=1, facultyName='Changed faculty name'}}}, Lesson{id=491, date=2021-03-05, startTime=09:20, endTime=11:00, classroom=Classroom{id=14, roomName='C-4', roomType='Lecture', roomCapacity=50, building=Building{id=3, buildingName='C'}}, course=Course{id=9, courseName='Physics'}, teacher=Teacher{id=11, firstName='Sophia', lastName='Roos', faculty=Faculty{id=2, facultyName='Changed faculty name'}}}, Lesson{id=492, date=2021-03-05, startTime=11:10, endTime=12:50, classroom=Classroom{id=14, roomName='C-4', roomType='Lecture', roomCapacity=50, building=Building{id=3, buildingName='C'}}, course=Course{id=10, courseName='Geometry'}, teacher=Teacher{id=12, firstName='Mia', lastName='Brown', faculty=Faculty{id=2, facultyName='Changed faculty name'}}}, Lesson{id=493, date=2021-03-05, startTime=13:00, endTime=14:40, classroom=Classroom{id=13, roomName='C-3', roomType='Class', roomCapacity=30, building=Building{id=3, buildingName='C'}}, course=Course{id=8, courseName='Mathematics'}, teacher=Teacher{id=10, firstName='Joshua', lastName='Eve', faculty=Faculty{id=2, facultyName='Changed faculty name'}}}, Lesson{id=494, date=2021-03-05, startTime=14:50, endTime=16:30, classroom=Classroom{id=15, roomName='C-5', roomType='Laboratory', roomCapacity=10, building=Building{id=3, buildingName='C'}}, course=Course{id=9, courseName='Physics'}, teacher=Teacher{id=11, firstName='Sophia', lastName='Roos', faculty=Faculty{id=2, facultyName='Changed faculty name'}}}, Lesson{id=496, date=2021-12-07, startTime=09:20, endTime=10:00, classroom=Classroom{id=1, roomName='A-1', roomType='Class', roomCapacity=30, building=Building{id=1, buildingName='Changed name'}}, course=Course{id=1, courseName='History'}, teacher=Teacher{id=1, firstName='Albert', lastName='Johnson', faculty=Faculty{id=3, facultyName='Faculty of Arts'}}}]
]]></system-out>
  </testcase>
  <testcase name="should_showCreationView_when_controllerCallsCreateMethod" classname="ua.com.foxminded.classtimetable.controllers.ui.LessonControllerTest" time="0.054">
    <system-out><![CDATA[26 Feb;19:05:45.936 [main] INFO  o.s.b.t.m.w.SpringBootMockServletContext - Initializing Spring TestDispatcherServlet ''
26 Feb;19:05:45.936 [main] INFO  o.s.t.w.s.TestDispatcherServlet - Initializing Servlet ''
26 Feb;19:05:45.937 [main] INFO  o.s.t.w.s.TestDispatcherServlet - Completed initialization in 1 ms
Hibernate: select classroom0_.id as id1_1_, classroom0_.building_id as building5_1_, classroom0_.room_capacity as room_cap2_1_, classroom0_.room_name as room_nam3_1_, classroom0_.room_type as room_typ4_1_ from classrooms classroom0_
Hibernate: select building0_.id as id1_0_0_, building0_.building_name as building2_0_0_ from buildings building0_ where building0_.id=?
Hibernate: select building0_.id as id1_0_0_, building0_.building_name as building2_0_0_ from buildings building0_ where building0_.id=?
Hibernate: select building0_.id as id1_0_0_, building0_.building_name as building2_0_0_ from buildings building0_ where building0_.id=?
26 Feb;19:05:45.941 [main] INFO  u.c.f.c.service.ClassroomService - getAll():
 [Classroom{id=1, roomName='A-1', roomType='Class', roomCapacity=30, building=Building{id=1, buildingName='Changed name'}}, Classroom{id=2, roomName='A-2', roomType='Class', roomCapacity=30, building=Building{id=1, buildingName='Changed name'}}, Classroom{id=3, roomName='B-10', roomType='Laboratory', roomCapacity=10, building=Building{id=2, buildingName='E'}}, Classroom{id=4, roomName='A-4', roomType='Lecture', roomCapacity=50, building=Building{id=1, buildingName='Changed name'}}, Classroom{id=5, roomName='A-5', roomType='Laboratory', roomCapacity=10, building=Building{id=1, buildingName='Changed name'}}, Classroom{id=6, roomName='B-1', roomType='Class', roomCapacity=30, building=Building{id=2, buildingName='E'}}, Classroom{id=7, roomName='B-2', roomType='Class', roomCapacity=30, building=Building{id=2, buildingName='E'}}, Classroom{id=8, roomName='B-3', roomType='Class', roomCapacity=30, building=Building{id=2, buildingName='E'}}, Classroom{id=9, roomName='New name', roomType='Lecture', roomCapacity=50, building=Building{id=2, buildingName='E'}}, Classroom{id=10, roomName='B-5', roomType='Laboratory', roomCapacity=10, building=Building{id=2, buildingName='E'}}, Classroom{id=11, roomName='C-1', roomType='Class', roomCapacity=30, building=Building{id=3, buildingName='C'}}, Classroom{id=12, roomName='C-2', roomType='Class', roomCapacity=30, building=Building{id=3, buildingName='C'}}, Classroom{id=13, roomName='C-3', roomType='Class', roomCapacity=30, building=Building{id=3, buildingName='C'}}, Classroom{id=14, roomName='C-4', roomType='Lecture', roomCapacity=50, building=Building{id=3, buildingName='C'}}, Classroom{id=15, roomName='C-5', roomType='Laboratory', roomCapacity=10, building=Building{id=3, buildingName='C'}}, Classroom{id=17, roomName='A-3', roomType='Lecture', roomCapacity=25, building=Building{id=1, buildingName='Changed name'}}, Classroom{id=18, roomName='R-1', roomType='Special room', roomCapacity=3, building=Building{id=1, buildingName='Changed name'}}, Classroom{id=19, roomName='A-6', roomType='Lecture', roomCapacity=100, building=Building{id=1, buildingName='Changed name'}}]
Hibernate: select course0_.id as id1_2_, course0_.course_name as course_n2_2_ from courses course0_
Hibernate: select courseteac0_.course_id as course_i2_8_0_, courseteac0_.teacher_id as teacher_1_8_0_, teacher1_.id as id1_7_1_, teacher1_.faculty_id as faculty_4_7_1_, teacher1_.first_name as first_na2_7_1_, teacher1_.last_name as last_nam3_7_1_, faculty2_.id as id1_3_2_, faculty2_.faculty_name as faculty_2_3_2_ from teachers_courses courseteac0_ inner join teachers teacher1_ on courseteac0_.teacher_id=teacher1_.id left outer join faculties faculty2_ on teacher1_.faculty_id=faculty2_.id where courseteac0_.course_id=?
Hibernate: select courseteac0_.course_id as course_i2_8_0_, courseteac0_.teacher_id as teacher_1_8_0_, teacher1_.id as id1_7_1_, teacher1_.faculty_id as faculty_4_7_1_, teacher1_.first_name as first_na2_7_1_, teacher1_.last_name as last_nam3_7_1_, faculty2_.id as id1_3_2_, faculty2_.faculty_name as faculty_2_3_2_ from teachers_courses courseteac0_ inner join teachers teacher1_ on courseteac0_.teacher_id=teacher1_.id left outer join faculties faculty2_ on teacher1_.faculty_id=faculty2_.id where courseteac0_.course_id=?
Hibernate: select teachercou0_.teacher_id as teacher_1_8_0_, teachercou0_.course_id as course_i2_8_0_, course1_.id as id1_2_1_, course1_.course_name as course_n2_2_1_ from teachers_courses teachercou0_ inner join courses course1_ on teachercou0_.course_id=course1_.id where teachercou0_.teacher_id=?
Hibernate: select courseteac0_.course_id as course_i2_8_0_, courseteac0_.teacher_id as teacher_1_8_0_, teacher1_.id as id1_7_1_, teacher1_.faculty_id as faculty_4_7_1_, teacher1_.first_name as first_na2_7_1_, teacher1_.last_name as last_nam3_7_1_, faculty2_.id as id1_3_2_, faculty2_.faculty_name as faculty_2_3_2_ from teachers_courses courseteac0_ inner join teachers teacher1_ on courseteac0_.teacher_id=teacher1_.id left outer join faculties faculty2_ on teacher1_.faculty_id=faculty2_.id where courseteac0_.course_id=?
Hibernate: select teachercou0_.teacher_id as teacher_1_8_0_, teachercou0_.course_id as course_i2_8_0_, course1_.id as id1_2_1_, course1_.course_name as course_n2_2_1_ from teachers_courses teachercou0_ inner join courses course1_ on teachercou0_.course_id=course1_.id where teachercou0_.teacher_id=?
Hibernate: select courseteac0_.course_id as course_i2_8_0_, courseteac0_.teacher_id as teacher_1_8_0_, teacher1_.id as id1_7_1_, teacher1_.faculty_id as faculty_4_7_1_, teacher1_.first_name as first_na2_7_1_, teacher1_.last_name as last_nam3_7_1_, faculty2_.id as id1_3_2_, faculty2_.faculty_name as faculty_2_3_2_ from teachers_courses courseteac0_ inner join teachers teacher1_ on courseteac0_.teacher_id=teacher1_.id left outer join faculties faculty2_ on teacher1_.faculty_id=faculty2_.id where courseteac0_.course_id=?
Hibernate: select teachercou0_.teacher_id as teacher_1_8_0_, teachercou0_.course_id as course_i2_8_0_, course1_.id as id1_2_1_, course1_.course_name as course_n2_2_1_ from teachers_courses teachercou0_ inner join courses course1_ on teachercou0_.course_id=course1_.id where teachercou0_.teacher_id=?
Hibernate: select courseteac0_.course_id as course_i2_8_0_, courseteac0_.teacher_id as teacher_1_8_0_, teacher1_.id as id1_7_1_, teacher1_.faculty_id as faculty_4_7_1_, teacher1_.first_name as first_na2_7_1_, teacher1_.last_name as last_nam3_7_1_, faculty2_.id as id1_3_2_, faculty2_.faculty_name as faculty_2_3_2_ from teachers_courses courseteac0_ inner join teachers teacher1_ on courseteac0_.teacher_id=teacher1_.id left outer join faculties faculty2_ on teacher1_.faculty_id=faculty2_.id where courseteac0_.course_id=?
Hibernate: select teachercou0_.teacher_id as teacher_1_8_0_, teachercou0_.course_id as course_i2_8_0_, course1_.id as id1_2_1_, course1_.course_name as course_n2_2_1_ from teachers_courses teachercou0_ inner join courses course1_ on teachercou0_.course_id=course1_.id where teachercou0_.teacher_id=?
Hibernate: select teachercou0_.teacher_id as teacher_1_8_0_, teachercou0_.course_id as course_i2_8_0_, course1_.id as id1_2_1_, course1_.course_name as course_n2_2_1_ from teachers_courses teachercou0_ inner join courses course1_ on teachercou0_.course_id=course1_.id where teachercou0_.teacher_id=?
Hibernate: select courseteac0_.course_id as course_i2_8_0_, courseteac0_.teacher_id as teacher_1_8_0_, teacher1_.id as id1_7_1_, teacher1_.faculty_id as faculty_4_7_1_, teacher1_.first_name as first_na2_7_1_, teacher1_.last_name as last_nam3_7_1_, faculty2_.id as id1_3_2_, faculty2_.faculty_name as faculty_2_3_2_ from teachers_courses courseteac0_ inner join teachers teacher1_ on courseteac0_.teacher_id=teacher1_.id left outer join faculties faculty2_ on teacher1_.faculty_id=faculty2_.id where courseteac0_.course_id=?
Hibernate: select teachercou0_.teacher_id as teacher_1_8_0_, teachercou0_.course_id as course_i2_8_0_, course1_.id as id1_2_1_, course1_.course_name as course_n2_2_1_ from teachers_courses teachercou0_ inner join courses course1_ on teachercou0_.course_id=course1_.id where teachercou0_.teacher_id=?
Hibernate: select teachercou0_.teacher_id as teacher_1_8_0_, teachercou0_.course_id as course_i2_8_0_, course1_.id as id1_2_1_, course1_.course_name as course_n2_2_1_ from teachers_courses teachercou0_ inner join courses course1_ on teachercou0_.course_id=course1_.id where teachercou0_.teacher_id=?
Hibernate: select courseteac0_.course_id as course_i2_8_0_, courseteac0_.teacher_id as teacher_1_8_0_, teacher1_.id as id1_7_1_, teacher1_.faculty_id as faculty_4_7_1_, teacher1_.first_name as first_na2_7_1_, teacher1_.last_name as last_nam3_7_1_, faculty2_.id as id1_3_2_, faculty2_.faculty_name as faculty_2_3_2_ from teachers_courses courseteac0_ inner join teachers teacher1_ on courseteac0_.teacher_id=teacher1_.id left outer join faculties faculty2_ on teacher1_.faculty_id=faculty2_.id where courseteac0_.course_id=?
Hibernate: select teachercou0_.teacher_id as teacher_1_8_0_, teachercou0_.course_id as course_i2_8_0_, course1_.id as id1_2_1_, course1_.course_name as course_n2_2_1_ from teachers_courses teachercou0_ inner join courses course1_ on teachercou0_.course_id=course1_.id where teachercou0_.teacher_id=?
Hibernate: select courseteac0_.course_id as course_i2_8_0_, courseteac0_.teacher_id as teacher_1_8_0_, teacher1_.id as id1_7_1_, teacher1_.faculty_id as faculty_4_7_1_, teacher1_.first_name as first_na2_7_1_, teacher1_.last_name as last_nam3_7_1_, faculty2_.id as id1_3_2_, faculty2_.faculty_name as faculty_2_3_2_ from teachers_courses courseteac0_ inner join teachers teacher1_ on courseteac0_.teacher_id=teacher1_.id left outer join faculties faculty2_ on teacher1_.faculty_id=faculty2_.id where courseteac0_.course_id=?
Hibernate: select teachercou0_.teacher_id as teacher_1_8_0_, teachercou0_.course_id as course_i2_8_0_, course1_.id as id1_2_1_, course1_.course_name as course_n2_2_1_ from teachers_courses teachercou0_ inner join courses course1_ on teachercou0_.course_id=course1_.id where teachercou0_.teacher_id=?
Hibernate: select courseteac0_.course_id as course_i2_8_0_, courseteac0_.teacher_id as teacher_1_8_0_, teacher1_.id as id1_7_1_, teacher1_.faculty_id as faculty_4_7_1_, teacher1_.first_name as first_na2_7_1_, teacher1_.last_name as last_nam3_7_1_, faculty2_.id as id1_3_2_, faculty2_.faculty_name as faculty_2_3_2_ from teachers_courses courseteac0_ inner join teachers teacher1_ on courseteac0_.teacher_id=teacher1_.id left outer join faculties faculty2_ on teacher1_.faculty_id=faculty2_.id where courseteac0_.course_id=?
Hibernate: select teachercou0_.teacher_id as teacher_1_8_0_, teachercou0_.course_id as course_i2_8_0_, course1_.id as id1_2_1_, course1_.course_name as course_n2_2_1_ from teachers_courses teachercou0_ inner join courses course1_ on teachercou0_.course_id=course1_.id where teachercou0_.teacher_id=?
Hibernate: select courseteac0_.course_id as course_i2_8_0_, courseteac0_.teacher_id as teacher_1_8_0_, teacher1_.id as id1_7_1_, teacher1_.faculty_id as faculty_4_7_1_, teacher1_.first_name as first_na2_7_1_, teacher1_.last_name as last_nam3_7_1_, faculty2_.id as id1_3_2_, faculty2_.faculty_name as faculty_2_3_2_ from teachers_courses courseteac0_ inner join teachers teacher1_ on courseteac0_.teacher_id=teacher1_.id left outer join faculties faculty2_ on teacher1_.faculty_id=faculty2_.id where courseteac0_.course_id=?
Hibernate: select teachercou0_.teacher_id as teacher_1_8_0_, teachercou0_.course_id as course_i2_8_0_, course1_.id as id1_2_1_, course1_.course_name as course_n2_2_1_ from teachers_courses teachercou0_ inner join courses course1_ on teachercou0_.course_id=course1_.id where teachercou0_.teacher_id=?
Hibernate: select courseteac0_.course_id as course_i2_8_0_, courseteac0_.teacher_id as teacher_1_8_0_, teacher1_.id as id1_7_1_, teacher1_.faculty_id as faculty_4_7_1_, teacher1_.first_name as first_na2_7_1_, teacher1_.last_name as last_nam3_7_1_, faculty2_.id as id1_3_2_, faculty2_.faculty_name as faculty_2_3_2_ from teachers_courses courseteac0_ inner join teachers teacher1_ on courseteac0_.teacher_id=teacher1_.id left outer join faculties faculty2_ on teacher1_.faculty_id=faculty2_.id where courseteac0_.course_id=?
Hibernate: select teachercou0_.teacher_id as teacher_1_8_0_, teachercou0_.course_id as course_i2_8_0_, course1_.id as id1_2_1_, course1_.course_name as course_n2_2_1_ from teachers_courses teachercou0_ inner join courses course1_ on teachercou0_.course_id=course1_.id where teachercou0_.teacher_id=?
26 Feb;19:05:45.946 [main] INFO  u.c.f.c.service.CourseService - getAll():
 [Course{id=1, courseName='History'}, Course{id=2, courseName='Philosophy'}, Course{id=3, courseName='Another course's name'}, Course{id=4, courseName='Political science'}, Course{id=5, courseName='Culture'}, Course{id=6, courseName='Biology'}, Course{id=7, courseName='Chemistry'}, Course{id=8, courseName='Mathematics'}, Course{id=9, courseName='Physics'}, Course{id=10, courseName='Geometry'}, Course{id=13, courseName='Course's name'}]
Hibernate: select teacher0_.id as id1_7_, teacher0_.faculty_id as faculty_4_7_, teacher0_.first_name as first_na2_7_, teacher0_.last_name as last_nam3_7_ from teachers teacher0_
26 Feb;19:05:45.947 [main] INFO  u.c.f.c.service.TeacherService - getAll():
 [Teacher{id=1, firstName='Albert', lastName='Johnson', faculty=Faculty{id=3, facultyName='Faculty of Arts'}}, Teacher{id=2, firstName='Stanley', lastName='Gruber', faculty=Faculty{id=3, facultyName='Faculty of Arts'}}, Teacher{id=3, firstName='Freya', lastName='Shepp', faculty=Faculty{id=3, facultyName='Faculty of Arts'}}, Teacher{id=4, firstName='Olivia', lastName='Blake', faculty=Faculty{id=3, facultyName='Faculty of Arts'}}, Teacher{id=5, firstName='Scarlett', lastName='Nimoy', faculty=Faculty{id=3, facultyName='Faculty of Arts'}}, Teacher{id=6, firstName='Ellie', lastName='Purh', faculty=Faculty{id=1, facultyName='Changed faculty name'}}, Teacher{id=7, firstName='Charlie', lastName='Byrne', faculty=Faculty{id=1, facultyName='Changed faculty name'}}, Teacher{id=8, firstName='Samuel', lastName='Travis', faculty=Faculty{id=1, facultyName='Changed faculty name'}}, Teacher{id=9, firstName='Albert', lastName='Hill', faculty=Faculty{id=1, facultyName='Changed faculty name'}}, Teacher{id=10, firstName='Joshua', lastName='Eve', faculty=Faculty{id=2, facultyName='Changed faculty name'}}, Teacher{id=11, firstName='Sophia', lastName='Roos', faculty=Faculty{id=2, facultyName='Changed faculty name'}}, Teacher{id=12, firstName='Mia', lastName='Brown', faculty=Faculty{id=2, facultyName='Changed faculty name'}}]

MockHttpServletRequest:
      HTTP Method = GET
      Request URI = /lessons/new
       Parameters = {}
          Headers = []
             Body = <no character encoding set>
    Session Attrs = {}

Handler:
             Type = ua.com.foxminded.classtimetable.controllers.ui.LessonController
           Method = ua.com.foxminded.classtimetable.controllers.ui.LessonController#create(LessonDto, ModelMap)

Async:
    Async started = false
     Async result = null

Resolved Exception:
             Type = null

ModelAndView:
        View name = lessons/create
             View = null
        Attribute = lesson
            value = LessonDto{id=0, date=null, startTime=null, endTime=null, classroomId=0, courseId=0, teacherId=0}
           errors = []
        Attribute = classrooms
            value = [ClassroomDto{id=1, roomName='A-1', roomType='Class', roomCapacity=30, buildingId=1}, ClassroomDto{id=2, roomName='A-2', roomType='Class', roomCapacity=30, buildingId=1}, ClassroomDto{id=3, roomName='B-10', roomType='Laboratory', roomCapacity=10, buildingId=2}, ClassroomDto{id=4, roomName='A-4', roomType='Lecture', roomCapacity=50, buildingId=1}, ClassroomDto{id=5, roomName='A-5', roomType='Laboratory', roomCapacity=10, buildingId=1}, ClassroomDto{id=6, roomName='B-1', roomType='Class', roomCapacity=30, buildingId=2}, ClassroomDto{id=7, roomName='B-2', roomType='Class', roomCapacity=30, buildingId=2}, ClassroomDto{id=8, roomName='B-3', roomType='Class', roomCapacity=30, buildingId=2}, ClassroomDto{id=9, roomName='New name', roomType='Lecture', roomCapacity=50, buildingId=2}, ClassroomDto{id=10, roomName='B-5', roomType='Laboratory', roomCapacity=10, buildingId=2}, ClassroomDto{id=11, roomName='C-1', roomType='Class', roomCapacity=30, buildingId=3}, ClassroomDto{id=12, roomName='C-2', roomType='Class', roomCapacity=30, buildingId=3}, ClassroomDto{id=13, roomName='C-3', roomType='Class', roomCapacity=30, buildingId=3}, ClassroomDto{id=14, roomName='C-4', roomType='Lecture', roomCapacity=50, buildingId=3}, ClassroomDto{id=15, roomName='C-5', roomType='Laboratory', roomCapacity=10, buildingId=3}, ClassroomDto{id=17, roomName='A-3', roomType='Lecture', roomCapacity=25, buildingId=1}, ClassroomDto{id=18, roomName='R-1', roomType='Special room', roomCapacity=3, buildingId=1}, ClassroomDto{id=19, roomName='A-6', roomType='Lecture', roomCapacity=100, buildingId=1}]
        Attribute = courses
            value = [Course{id=1, courseName='History'}, Course{id=2, courseName='Philosophy'}, Course{id=3, courseName='Another course's name'}, Course{id=4, courseName='Political science'}, Course{id=5, courseName='Culture'}, Course{id=6, courseName='Biology'}, Course{id=7, courseName='Chemistry'}, Course{id=8, courseName='Mathematics'}, Course{id=9, courseName='Physics'}, Course{id=10, courseName='Geometry'}, Course{id=13, courseName='Course's name'}]
        Attribute = teachers
            value = [TeacherDto{id=1, firstName='Albert', lastName='Johnson', facultyId=3, coursesId=[1]}, TeacherDto{id=2, firstName='Stanley', lastName='Gruber', facultyId=3, coursesId=[2]}, TeacherDto{id=3, firstName='Freya', lastName='Shepp', facultyId=3, coursesId=[3]}, TeacherDto{id=4, firstName='Olivia', lastName='Blake', facultyId=3, coursesId=[4]}, TeacherDto{id=5, firstName='Scarlett', lastName='Nimoy', facultyId=3, coursesId=[5]}, TeacherDto{id=6, firstName='Ellie', lastName='Purh', facultyId=1, coursesId=[6]}, TeacherDto{id=7, firstName='Charlie', lastName='Byrne', facultyId=1, coursesId=[6]}, TeacherDto{id=8, firstName='Samuel', lastName='Travis', facultyId=1, coursesId=[7]}, TeacherDto{id=9, firstName='Albert', lastName='Hill', facultyId=1, coursesId=[7]}, TeacherDto{id=10, firstName='Joshua', lastName='Eve', facultyId=2, coursesId=[8]}, TeacherDto{id=11, firstName='Sophia', lastName='Roos', facultyId=2, coursesId=[9]}, TeacherDto{id=12, firstName='Mia', lastName='Brown', facultyId=2, coursesId=[10]}]

FlashMap:
       Attributes = null

MockHttpServletResponse:
           Status = 200
    Error message = null
          Headers = [Content-Language:"en", Content-Type:"text/html;charset=UTF-8"]
     Content type = text/html;charset=UTF-8
             Body = <!DOCTYPE html>
<html lang="en">
<head>
    <title>Lesson-creation</title>
    <meta charset="UTF-8">
    <meta name="viewport" content="width=device-width, initial-scale=1">
    <link rel="stylesheet" href="https://maxcdn.bootstrapcdn.com/bootstrap/4.0.0/css/bootstrap.min.css">
    <script src="https://code.jquery.com/jquery-3.2.1.slim.min.js"></script>
    <script src="https://cdnjs.cloudflare.com/ajax/libs/popper.js/1.12.9/umd/popper.min.js"></script>
    <script src="https://maxcdn.bootstrapcdn.com/bootstrap/4.0.0/js/bootstrap.min.js"></script>
</head>

<body>
<nav class="navbar navbar-expand-sm bg-dark navbar-dark sticky-top">
    <a class="navbar-brand" href="/">Class Timetable</a>
    <ul class="navbar-nav">
        <li class="nav-item">
            <a class="nav-link" href="/">Home</a>
        </li>
        <li class="nav-item dropdown">
            <a class="nav-link dropdown-toggle" data-toggle="dropdown" href="/">University structure</a>
            <div class="dropdown-menu">
                <a class="dropdown-item" href="/buildings">Buildings</a>
                <a class="dropdown-item" href="/classrooms">Study rooms</a>
                <a class="dropdown-item" href="/faculties">Faculties</a>
                <a class="dropdown-item" href="/courses">Courses</a>
            </div>
        </li>
        <li class="nav-item dropdown">
            <a class="nav-link dropdown-toggle" data-toggle="dropdown" href="/">Personalities</a>
            <div class="dropdown-menu">
                <a class="dropdown-item" href="/students">Students</a>
                <a class="dropdown-item" href="/teachers">Teachers</a>
            </div>
        </li>
        <li class="nav-item">
            <a class="nav-link" href="/lessons">Current lessons</a>
        </li>
        <li class="nav-item">
            <a class="nav-link" href="/schedule">Show the personal schedule</a>
        </li>
    </ul>
</nav>

<div class="container">
    <br/>
    <h2>New lesson creation page</h2>
    <p style="color:red">
        <a></a>
    </p>
    <a class="btn btn-sm btn-secondary" href="/lessons">Back to table</a>
    <br/>
    <br/>
    <div class="input-group">
        <form method="POST" action="/lessons">
            <label>Enter date:</label>
            <input class="form-control form-control-sm" type="date" id="date" name="date" value=""/>

            <label>Enter time of beginning:</label>
            <input class="form-control form-control-sm" type="time" id="startTime" name="startTime" value=""/>

            <label>Enter time of end:</label>
            <input class="form-control form-control-sm" type="time" id="endTime" name="endTime" value=""/>

            <label>Select classroom:</label>
            <select class="form-control form-control-sm" id="classroomId" name="classroomId">
                <option value="1">A-1</option>
                <option value="2">A-2</option>
                <option value="3">B-10</option>
                <option value="4">A-4</option>
                <option value="5">A-5</option>
                <option value="6">B-1</option>
                <option value="7">B-2</option>
                <option value="8">B-3</option>
                <option value="9">New name</option>
                <option value="10">B-5</option>
                <option value="11">C-1</option>
                <option value="12">C-2</option>
                <option value="13">C-3</option>
                <option value="14">C-4</option>
                <option value="15">C-5</option>
                <option value="17">A-3</option>
                <option value="18">R-1</option>
                <option value="19">A-6</option>
            </select>

            <label>Select course:</label>
            <select class="form-control form-control-sm" id="courseId" name="courseId">
                <option value="1">History</option>
                <option value="2">Philosophy</option>
                <option value="3">Another course&#39;s name</option>
                <option value="4">Political science</option>
                <option value="5">Culture</option>
                <option value="6">Biology</option>
                <option value="7">Chemistry</option>
                <option value="8">Mathematics</option>
                <option value="9">Physics</option>
                <option value="10">Geometry</option>
                <option value="13">Course&#39;s name</option>
            </select>

            <label>Select teacher:</label>
            <select class="form-control form-control-sm" id="teacherId" name="teacherId">
                <option value="1">Albert Johnson</option>
                <option value="2">Stanley Gruber</option>
                <option value="3">Freya Shepp</option>
                <option value="4">Olivia Blake</option>
                <option value="5">Scarlett Nimoy</option>
                <option value="6">Ellie Purh</option>
                <option value="7">Charlie Byrne</option>
                <option value="8">Samuel Travis</option>
                <option value="9">Albert Hill</option>
                <option value="10">Joshua Eve</option>
                <option value="11">Sophia Roos</option>
                <option value="12">Mia Brown</option>
            </select>
            <br/>
            <input class="btn btn-sm btn-success" type="submit" value="Create!">
        </form>
    </div>
</div>
</body>
</html>

    Forwarded URL = null
   Redirected URL = null
          Cookies = []
Hibernate: select classroom0_.id as id1_1_, classroom0_.building_id as building5_1_, classroom0_.room_capacity as room_cap2_1_, classroom0_.room_name as room_nam3_1_, classroom0_.room_type as room_typ4_1_ from classrooms classroom0_
Hibernate: select building0_.id as id1_0_0_, building0_.building_name as building2_0_0_ from buildings building0_ where building0_.id=?
Hibernate: select building0_.id as id1_0_0_, building0_.building_name as building2_0_0_ from buildings building0_ where building0_.id=?
Hibernate: select building0_.id as id1_0_0_, building0_.building_name as building2_0_0_ from buildings building0_ where building0_.id=?
26 Feb;19:05:45.974 [main] INFO  u.c.f.c.service.ClassroomService - getAll():
 [Classroom{id=1, roomName='A-1', roomType='Class', roomCapacity=30, building=Building{id=1, buildingName='Changed name'}}, Classroom{id=2, roomName='A-2', roomType='Class', roomCapacity=30, building=Building{id=1, buildingName='Changed name'}}, Classroom{id=3, roomName='B-10', roomType='Laboratory', roomCapacity=10, building=Building{id=2, buildingName='E'}}, Classroom{id=4, roomName='A-4', roomType='Lecture', roomCapacity=50, building=Building{id=1, buildingName='Changed name'}}, Classroom{id=5, roomName='A-5', roomType='Laboratory', roomCapacity=10, building=Building{id=1, buildingName='Changed name'}}, Classroom{id=6, roomName='B-1', roomType='Class', roomCapacity=30, building=Building{id=2, buildingName='E'}}, Classroom{id=7, roomName='B-2', roomType='Class', roomCapacity=30, building=Building{id=2, buildingName='E'}}, Classroom{id=8, roomName='B-3', roomType='Class', roomCapacity=30, building=Building{id=2, buildingName='E'}}, Classroom{id=9, roomName='New name', roomType='Lecture', roomCapacity=50, building=Building{id=2, buildingName='E'}}, Classroom{id=10, roomName='B-5', roomType='Laboratory', roomCapacity=10, building=Building{id=2, buildingName='E'}}, Classroom{id=11, roomName='C-1', roomType='Class', roomCapacity=30, building=Building{id=3, buildingName='C'}}, Classroom{id=12, roomName='C-2', roomType='Class', roomCapacity=30, building=Building{id=3, buildingName='C'}}, Classroom{id=13, roomName='C-3', roomType='Class', roomCapacity=30, building=Building{id=3, buildingName='C'}}, Classroom{id=14, roomName='C-4', roomType='Lecture', roomCapacity=50, building=Building{id=3, buildingName='C'}}, Classroom{id=15, roomName='C-5', roomType='Laboratory', roomCapacity=10, building=Building{id=3, buildingName='C'}}, Classroom{id=17, roomName='A-3', roomType='Lecture', roomCapacity=25, building=Building{id=1, buildingName='Changed name'}}, Classroom{id=18, roomName='R-1', roomType='Special room', roomCapacity=3, building=Building{id=1, buildingName='Changed name'}}, Classroom{id=19, roomName='A-6', roomType='Lecture', roomCapacity=100, building=Building{id=1, buildingName='Changed name'}}]
Hibernate: select course0_.id as id1_2_, course0_.course_name as course_n2_2_ from courses course0_
Hibernate: select courseteac0_.course_id as course_i2_8_0_, courseteac0_.teacher_id as teacher_1_8_0_, teacher1_.id as id1_7_1_, teacher1_.faculty_id as faculty_4_7_1_, teacher1_.first_name as first_na2_7_1_, teacher1_.last_name as last_nam3_7_1_, faculty2_.id as id1_3_2_, faculty2_.faculty_name as faculty_2_3_2_ from teachers_courses courseteac0_ inner join teachers teacher1_ on courseteac0_.teacher_id=teacher1_.id left outer join faculties faculty2_ on teacher1_.faculty_id=faculty2_.id where courseteac0_.course_id=?
Hibernate: select courseteac0_.course_id as course_i2_8_0_, courseteac0_.teacher_id as teacher_1_8_0_, teacher1_.id as id1_7_1_, teacher1_.faculty_id as faculty_4_7_1_, teacher1_.first_name as first_na2_7_1_, teacher1_.last_name as last_nam3_7_1_, faculty2_.id as id1_3_2_, faculty2_.faculty_name as faculty_2_3_2_ from teachers_courses courseteac0_ inner join teachers teacher1_ on courseteac0_.teacher_id=teacher1_.id left outer join faculties faculty2_ on teacher1_.faculty_id=faculty2_.id where courseteac0_.course_id=?
Hibernate: select teachercou0_.teacher_id as teacher_1_8_0_, teachercou0_.course_id as course_i2_8_0_, course1_.id as id1_2_1_, course1_.course_name as course_n2_2_1_ from teachers_courses teachercou0_ inner join courses course1_ on teachercou0_.course_id=course1_.id where teachercou0_.teacher_id=?
Hibernate: select courseteac0_.course_id as course_i2_8_0_, courseteac0_.teacher_id as teacher_1_8_0_, teacher1_.id as id1_7_1_, teacher1_.faculty_id as faculty_4_7_1_, teacher1_.first_name as first_na2_7_1_, teacher1_.last_name as last_nam3_7_1_, faculty2_.id as id1_3_2_, faculty2_.faculty_name as faculty_2_3_2_ from teachers_courses courseteac0_ inner join teachers teacher1_ on courseteac0_.teacher_id=teacher1_.id left outer join faculties faculty2_ on teacher1_.faculty_id=faculty2_.id where courseteac0_.course_id=?
Hibernate: select teachercou0_.teacher_id as teacher_1_8_0_, teachercou0_.course_id as course_i2_8_0_, course1_.id as id1_2_1_, course1_.course_name as course_n2_2_1_ from teachers_courses teachercou0_ inner join courses course1_ on teachercou0_.course_id=course1_.id where teachercou0_.teacher_id=?
Hibernate: select courseteac0_.course_id as course_i2_8_0_, courseteac0_.teacher_id as teacher_1_8_0_, teacher1_.id as id1_7_1_, teacher1_.faculty_id as faculty_4_7_1_, teacher1_.first_name as first_na2_7_1_, teacher1_.last_name as last_nam3_7_1_, faculty2_.id as id1_3_2_, faculty2_.faculty_name as faculty_2_3_2_ from teachers_courses courseteac0_ inner join teachers teacher1_ on courseteac0_.teacher_id=teacher1_.id left outer join faculties faculty2_ on teacher1_.faculty_id=faculty2_.id where courseteac0_.course_id=?
Hibernate: select teachercou0_.teacher_id as teacher_1_8_0_, teachercou0_.course_id as course_i2_8_0_, course1_.id as id1_2_1_, course1_.course_name as course_n2_2_1_ from teachers_courses teachercou0_ inner join courses course1_ on teachercou0_.course_id=course1_.id where teachercou0_.teacher_id=?
Hibernate: select courseteac0_.course_id as course_i2_8_0_, courseteac0_.teacher_id as teacher_1_8_0_, teacher1_.id as id1_7_1_, teacher1_.faculty_id as faculty_4_7_1_, teacher1_.first_name as first_na2_7_1_, teacher1_.last_name as last_nam3_7_1_, faculty2_.id as id1_3_2_, faculty2_.faculty_name as faculty_2_3_2_ from teachers_courses courseteac0_ inner join teachers teacher1_ on courseteac0_.teacher_id=teacher1_.id left outer join faculties faculty2_ on teacher1_.faculty_id=faculty2_.id where courseteac0_.course_id=?
Hibernate: select teachercou0_.teacher_id as teacher_1_8_0_, teachercou0_.course_id as course_i2_8_0_, course1_.id as id1_2_1_, course1_.course_name as course_n2_2_1_ from teachers_courses teachercou0_ inner join courses course1_ on teachercou0_.course_id=course1_.id where teachercou0_.teacher_id=?
Hibernate: select teachercou0_.teacher_id as teacher_1_8_0_, teachercou0_.course_id as course_i2_8_0_, course1_.id as id1_2_1_, course1_.course_name as course_n2_2_1_ from teachers_courses teachercou0_ inner join courses course1_ on teachercou0_.course_id=course1_.id where teachercou0_.teacher_id=?
Hibernate: select courseteac0_.course_id as course_i2_8_0_, courseteac0_.teacher_id as teacher_1_8_0_, teacher1_.id as id1_7_1_, teacher1_.faculty_id as faculty_4_7_1_, teacher1_.first_name as first_na2_7_1_, teacher1_.last_name as last_nam3_7_1_, faculty2_.id as id1_3_2_, faculty2_.faculty_name as faculty_2_3_2_ from teachers_courses courseteac0_ inner join teachers teacher1_ on courseteac0_.teacher_id=teacher1_.id left outer join faculties faculty2_ on teacher1_.faculty_id=faculty2_.id where courseteac0_.course_id=?
Hibernate: select teachercou0_.teacher_id as teacher_1_8_0_, teachercou0_.course_id as course_i2_8_0_, course1_.id as id1_2_1_, course1_.course_name as course_n2_2_1_ from teachers_courses teachercou0_ inner join courses course1_ on teachercou0_.course_id=course1_.id where teachercou0_.teacher_id=?
Hibernate: select teachercou0_.teacher_id as teacher_1_8_0_, teachercou0_.course_id as course_i2_8_0_, course1_.id as id1_2_1_, course1_.course_name as course_n2_2_1_ from teachers_courses teachercou0_ inner join courses course1_ on teachercou0_.course_id=course1_.id where teachercou0_.teacher_id=?
Hibernate: select courseteac0_.course_id as course_i2_8_0_, courseteac0_.teacher_id as teacher_1_8_0_, teacher1_.id as id1_7_1_, teacher1_.faculty_id as faculty_4_7_1_, teacher1_.first_name as first_na2_7_1_, teacher1_.last_name as last_nam3_7_1_, faculty2_.id as id1_3_2_, faculty2_.faculty_name as faculty_2_3_2_ from teachers_courses courseteac0_ inner join teachers teacher1_ on courseteac0_.teacher_id=teacher1_.id left outer join faculties faculty2_ on teacher1_.faculty_id=faculty2_.id where courseteac0_.course_id=?
Hibernate: select teachercou0_.teacher_id as teacher_1_8_0_, teachercou0_.course_id as course_i2_8_0_, course1_.id as id1_2_1_, course1_.course_name as course_n2_2_1_ from teachers_courses teachercou0_ inner join courses course1_ on teachercou0_.course_id=course1_.id where teachercou0_.teacher_id=?
Hibernate: select courseteac0_.course_id as course_i2_8_0_, courseteac0_.teacher_id as teacher_1_8_0_, teacher1_.id as id1_7_1_, teacher1_.faculty_id as faculty_4_7_1_, teacher1_.first_name as first_na2_7_1_, teacher1_.last_name as last_nam3_7_1_, faculty2_.id as id1_3_2_, faculty2_.faculty_name as faculty_2_3_2_ from teachers_courses courseteac0_ inner join teachers teacher1_ on courseteac0_.teacher_id=teacher1_.id left outer join faculties faculty2_ on teacher1_.faculty_id=faculty2_.id where courseteac0_.course_id=?
Hibernate: select teachercou0_.teacher_id as teacher_1_8_0_, teachercou0_.course_id as course_i2_8_0_, course1_.id as id1_2_1_, course1_.course_name as course_n2_2_1_ from teachers_courses teachercou0_ inner join courses course1_ on teachercou0_.course_id=course1_.id where teachercou0_.teacher_id=?
Hibernate: select courseteac0_.course_id as course_i2_8_0_, courseteac0_.teacher_id as teacher_1_8_0_, teacher1_.id as id1_7_1_, teacher1_.faculty_id as faculty_4_7_1_, teacher1_.first_name as first_na2_7_1_, teacher1_.last_name as last_nam3_7_1_, faculty2_.id as id1_3_2_, faculty2_.faculty_name as faculty_2_3_2_ from teachers_courses courseteac0_ inner join teachers teacher1_ on courseteac0_.teacher_id=teacher1_.id left outer join faculties faculty2_ on teacher1_.faculty_id=faculty2_.id where courseteac0_.course_id=?
Hibernate: select teachercou0_.teacher_id as teacher_1_8_0_, teachercou0_.course_id as course_i2_8_0_, course1_.id as id1_2_1_, course1_.course_name as course_n2_2_1_ from teachers_courses teachercou0_ inner join courses course1_ on teachercou0_.course_id=course1_.id where teachercou0_.teacher_id=?
Hibernate: select courseteac0_.course_id as course_i2_8_0_, courseteac0_.teacher_id as teacher_1_8_0_, teacher1_.id as id1_7_1_, teacher1_.faculty_id as faculty_4_7_1_, teacher1_.first_name as first_na2_7_1_, teacher1_.last_name as last_nam3_7_1_, faculty2_.id as id1_3_2_, faculty2_.faculty_name as faculty_2_3_2_ from teachers_courses courseteac0_ inner join teachers teacher1_ on courseteac0_.teacher_id=teacher1_.id left outer join faculties faculty2_ on teacher1_.faculty_id=faculty2_.id where courseteac0_.course_id=?
Hibernate: select teachercou0_.teacher_id as teacher_1_8_0_, teachercou0_.course_id as course_i2_8_0_, course1_.id as id1_2_1_, course1_.course_name as course_n2_2_1_ from teachers_courses teachercou0_ inner join courses course1_ on teachercou0_.course_id=course1_.id where teachercou0_.teacher_id=?
Hibernate: select courseteac0_.course_id as course_i2_8_0_, courseteac0_.teacher_id as teacher_1_8_0_, teacher1_.id as id1_7_1_, teacher1_.faculty_id as faculty_4_7_1_, teacher1_.first_name as first_na2_7_1_, teacher1_.last_name as last_nam3_7_1_, faculty2_.id as id1_3_2_, faculty2_.faculty_name as faculty_2_3_2_ from teachers_courses courseteac0_ inner join teachers teacher1_ on courseteac0_.teacher_id=teacher1_.id left outer join faculties faculty2_ on teacher1_.faculty_id=faculty2_.id where courseteac0_.course_id=?
Hibernate: select teachercou0_.teacher_id as teacher_1_8_0_, teachercou0_.course_id as course_i2_8_0_, course1_.id as id1_2_1_, course1_.course_name as course_n2_2_1_ from teachers_courses teachercou0_ inner join courses course1_ on teachercou0_.course_id=course1_.id where teachercou0_.teacher_id=?
26 Feb;19:05:45.980 [main] INFO  u.c.f.c.service.CourseService - getAll():
 [Course{id=1, courseName='History'}, Course{id=2, courseName='Philosophy'}, Course{id=3, courseName='Another course's name'}, Course{id=4, courseName='Political science'}, Course{id=5, courseName='Culture'}, Course{id=6, courseName='Biology'}, Course{id=7, courseName='Chemistry'}, Course{id=8, courseName='Mathematics'}, Course{id=9, courseName='Physics'}, Course{id=10, courseName='Geometry'}, Course{id=13, courseName='Course's name'}]
Hibernate: select teacher0_.id as id1_7_, teacher0_.faculty_id as faculty_4_7_, teacher0_.first_name as first_na2_7_, teacher0_.last_name as last_nam3_7_ from teachers teacher0_
Hibernate: select faculty0_.id as id1_3_0_, faculty0_.faculty_name as faculty_2_3_0_ from faculties faculty0_ where faculty0_.id=?
Hibernate: select faculty0_.id as id1_3_0_, faculty0_.faculty_name as faculty_2_3_0_ from faculties faculty0_ where faculty0_.id=?
Hibernate: select faculty0_.id as id1_3_0_, faculty0_.faculty_name as faculty_2_3_0_ from faculties faculty0_ where faculty0_.id=?
Hibernate: select teachercou0_.teacher_id as teacher_1_8_0_, teachercou0_.course_id as course_i2_8_0_, course1_.id as id1_2_1_, course1_.course_name as course_n2_2_1_ from teachers_courses teachercou0_ inner join courses course1_ on teachercou0_.course_id=course1_.id where teachercou0_.teacher_id=?
Hibernate: select courseteac0_.course_id as course_i2_8_0_, courseteac0_.teacher_id as teacher_1_8_0_, teacher1_.id as id1_7_1_, teacher1_.faculty_id as faculty_4_7_1_, teacher1_.first_name as first_na2_7_1_, teacher1_.last_name as last_nam3_7_1_, faculty2_.id as id1_3_2_, faculty2_.faculty_name as faculty_2_3_2_ from teachers_courses courseteac0_ inner join teachers teacher1_ on courseteac0_.teacher_id=teacher1_.id left outer join faculties faculty2_ on teacher1_.faculty_id=faculty2_.id where courseteac0_.course_id=?
Hibernate: select teachercou0_.teacher_id as teacher_1_8_0_, teachercou0_.course_id as course_i2_8_0_, course1_.id as id1_2_1_, course1_.course_name as course_n2_2_1_ from teachers_courses teachercou0_ inner join courses course1_ on teachercou0_.course_id=course1_.id where teachercou0_.teacher_id=?
Hibernate: select courseteac0_.course_id as course_i2_8_0_, courseteac0_.teacher_id as teacher_1_8_0_, teacher1_.id as id1_7_1_, teacher1_.faculty_id as faculty_4_7_1_, teacher1_.first_name as first_na2_7_1_, teacher1_.last_name as last_nam3_7_1_, faculty2_.id as id1_3_2_, faculty2_.faculty_name as faculty_2_3_2_ from teachers_courses courseteac0_ inner join teachers teacher1_ on courseteac0_.teacher_id=teacher1_.id left outer join faculties faculty2_ on teacher1_.faculty_id=faculty2_.id where courseteac0_.course_id=?
Hibernate: select teachercou0_.teacher_id as teacher_1_8_0_, teachercou0_.course_id as course_i2_8_0_, course1_.id as id1_2_1_, course1_.course_name as course_n2_2_1_ from teachers_courses teachercou0_ inner join courses course1_ on teachercou0_.course_id=course1_.id where teachercou0_.teacher_id=?
Hibernate: select courseteac0_.course_id as course_i2_8_0_, courseteac0_.teacher_id as teacher_1_8_0_, teacher1_.id as id1_7_1_, teacher1_.faculty_id as faculty_4_7_1_, teacher1_.first_name as first_na2_7_1_, teacher1_.last_name as last_nam3_7_1_, faculty2_.id as id1_3_2_, faculty2_.faculty_name as faculty_2_3_2_ from teachers_courses courseteac0_ inner join teachers teacher1_ on courseteac0_.teacher_id=teacher1_.id left outer join faculties faculty2_ on teacher1_.faculty_id=faculty2_.id where courseteac0_.course_id=?
Hibernate: select teachercou0_.teacher_id as teacher_1_8_0_, teachercou0_.course_id as course_i2_8_0_, course1_.id as id1_2_1_, course1_.course_name as course_n2_2_1_ from teachers_courses teachercou0_ inner join courses course1_ on teachercou0_.course_id=course1_.id where teachercou0_.teacher_id=?
Hibernate: select courseteac0_.course_id as course_i2_8_0_, courseteac0_.teacher_id as teacher_1_8_0_, teacher1_.id as id1_7_1_, teacher1_.faculty_id as faculty_4_7_1_, teacher1_.first_name as first_na2_7_1_, teacher1_.last_name as last_nam3_7_1_, faculty2_.id as id1_3_2_, faculty2_.faculty_name as faculty_2_3_2_ from teachers_courses courseteac0_ inner join teachers teacher1_ on courseteac0_.teacher_id=teacher1_.id left outer join faculties faculty2_ on teacher1_.faculty_id=faculty2_.id where courseteac0_.course_id=?
Hibernate: select teachercou0_.teacher_id as teacher_1_8_0_, teachercou0_.course_id as course_i2_8_0_, course1_.id as id1_2_1_, course1_.course_name as course_n2_2_1_ from teachers_courses teachercou0_ inner join courses course1_ on teachercou0_.course_id=course1_.id where teachercou0_.teacher_id=?
Hibernate: select teachercou0_.teacher_id as teacher_1_8_0_, teachercou0_.course_id as course_i2_8_0_, course1_.id as id1_2_1_, course1_.course_name as course_n2_2_1_ from teachers_courses teachercou0_ inner join courses course1_ on teachercou0_.course_id=course1_.id where teachercou0_.teacher_id=?
Hibernate: select courseteac0_.course_id as course_i2_8_0_, courseteac0_.teacher_id as teacher_1_8_0_, teacher1_.id as id1_7_1_, teacher1_.faculty_id as faculty_4_7_1_, teacher1_.first_name as first_na2_7_1_, teacher1_.last_name as last_nam3_7_1_, faculty2_.id as id1_3_2_, faculty2_.faculty_name as faculty_2_3_2_ from teachers_courses courseteac0_ inner join teachers teacher1_ on courseteac0_.teacher_id=teacher1_.id left outer join faculties faculty2_ on teacher1_.faculty_id=faculty2_.id where courseteac0_.course_id=?
Hibernate: select teachercou0_.teacher_id as teacher_1_8_0_, teachercou0_.course_id as course_i2_8_0_, course1_.id as id1_2_1_, course1_.course_name as course_n2_2_1_ from teachers_courses teachercou0_ inner join courses course1_ on teachercou0_.course_id=course1_.id where teachercou0_.teacher_id=?
Hibernate: select teachercou0_.teacher_id as teacher_1_8_0_, teachercou0_.course_id as course_i2_8_0_, course1_.id as id1_2_1_, course1_.course_name as course_n2_2_1_ from teachers_courses teachercou0_ inner join courses course1_ on teachercou0_.course_id=course1_.id where teachercou0_.teacher_id=?
Hibernate: select courseteac0_.course_id as course_i2_8_0_, courseteac0_.teacher_id as teacher_1_8_0_, teacher1_.id as id1_7_1_, teacher1_.faculty_id as faculty_4_7_1_, teacher1_.first_name as first_na2_7_1_, teacher1_.last_name as last_nam3_7_1_, faculty2_.id as id1_3_2_, faculty2_.faculty_name as faculty_2_3_2_ from teachers_courses courseteac0_ inner join teachers teacher1_ on courseteac0_.teacher_id=teacher1_.id left outer join faculties faculty2_ on teacher1_.faculty_id=faculty2_.id where courseteac0_.course_id=?
Hibernate: select teachercou0_.teacher_id as teacher_1_8_0_, teachercou0_.course_id as course_i2_8_0_, course1_.id as id1_2_1_, course1_.course_name as course_n2_2_1_ from teachers_courses teachercou0_ inner join courses course1_ on teachercou0_.course_id=course1_.id where teachercou0_.teacher_id=?
Hibernate: select courseteac0_.course_id as course_i2_8_0_, courseteac0_.teacher_id as teacher_1_8_0_, teacher1_.id as id1_7_1_, teacher1_.faculty_id as faculty_4_7_1_, teacher1_.first_name as first_na2_7_1_, teacher1_.last_name as last_nam3_7_1_, faculty2_.id as id1_3_2_, faculty2_.faculty_name as faculty_2_3_2_ from teachers_courses courseteac0_ inner join teachers teacher1_ on courseteac0_.teacher_id=teacher1_.id left outer join faculties faculty2_ on teacher1_.faculty_id=faculty2_.id where courseteac0_.course_id=?
Hibernate: select teachercou0_.teacher_id as teacher_1_8_0_, teachercou0_.course_id as course_i2_8_0_, course1_.id as id1_2_1_, course1_.course_name as course_n2_2_1_ from teachers_courses teachercou0_ inner join courses course1_ on teachercou0_.course_id=course1_.id where teachercou0_.teacher_id=?
Hibernate: select courseteac0_.course_id as course_i2_8_0_, courseteac0_.teacher_id as teacher_1_8_0_, teacher1_.id as id1_7_1_, teacher1_.faculty_id as faculty_4_7_1_, teacher1_.first_name as first_na2_7_1_, teacher1_.last_name as last_nam3_7_1_, faculty2_.id as id1_3_2_, faculty2_.faculty_name as faculty_2_3_2_ from teachers_courses courseteac0_ inner join teachers teacher1_ on courseteac0_.teacher_id=teacher1_.id left outer join faculties faculty2_ on teacher1_.faculty_id=faculty2_.id where courseteac0_.course_id=?
Hibernate: select teachercou0_.teacher_id as teacher_1_8_0_, teachercou0_.course_id as course_i2_8_0_, course1_.id as id1_2_1_, course1_.course_name as course_n2_2_1_ from teachers_courses teachercou0_ inner join courses course1_ on teachercou0_.course_id=course1_.id where teachercou0_.teacher_id=?
Hibernate: select courseteac0_.course_id as course_i2_8_0_, courseteac0_.teacher_id as teacher_1_8_0_, teacher1_.id as id1_7_1_, teacher1_.faculty_id as faculty_4_7_1_, teacher1_.first_name as first_na2_7_1_, teacher1_.last_name as last_nam3_7_1_, faculty2_.id as id1_3_2_, faculty2_.faculty_name as faculty_2_3_2_ from teachers_courses courseteac0_ inner join teachers teacher1_ on courseteac0_.teacher_id=teacher1_.id left outer join faculties faculty2_ on teacher1_.faculty_id=faculty2_.id where courseteac0_.course_id=?
Hibernate: select teachercou0_.teacher_id as teacher_1_8_0_, teachercou0_.course_id as course_i2_8_0_, course1_.id as id1_2_1_, course1_.course_name as course_n2_2_1_ from teachers_courses teachercou0_ inner join courses course1_ on teachercou0_.course_id=course1_.id where teachercou0_.teacher_id=?
Hibernate: select courseteac0_.course_id as course_i2_8_0_, courseteac0_.teacher_id as teacher_1_8_0_, teacher1_.id as id1_7_1_, teacher1_.faculty_id as faculty_4_7_1_, teacher1_.first_name as first_na2_7_1_, teacher1_.last_name as last_nam3_7_1_, faculty2_.id as id1_3_2_, faculty2_.faculty_name as faculty_2_3_2_ from teachers_courses courseteac0_ inner join teachers teacher1_ on courseteac0_.teacher_id=teacher1_.id left outer join faculties faculty2_ on teacher1_.faculty_id=faculty2_.id where courseteac0_.course_id=?
26 Feb;19:05:45.985 [main] INFO  u.c.f.c.service.TeacherService - getAll():
 [Teacher{id=1, firstName='Albert', lastName='Johnson', faculty=Faculty{id=3, facultyName='Faculty of Arts'}}, Teacher{id=2, firstName='Stanley', lastName='Gruber', faculty=Faculty{id=3, facultyName='Faculty of Arts'}}, Teacher{id=3, firstName='Freya', lastName='Shepp', faculty=Faculty{id=3, facultyName='Faculty of Arts'}}, Teacher{id=4, firstName='Olivia', lastName='Blake', faculty=Faculty{id=3, facultyName='Faculty of Arts'}}, Teacher{id=5, firstName='Scarlett', lastName='Nimoy', faculty=Faculty{id=3, facultyName='Faculty of Arts'}}, Teacher{id=6, firstName='Ellie', lastName='Purh', faculty=Faculty{id=1, facultyName='Changed faculty name'}}, Teacher{id=7, firstName='Charlie', lastName='Byrne', faculty=Faculty{id=1, facultyName='Changed faculty name'}}, Teacher{id=8, firstName='Samuel', lastName='Travis', faculty=Faculty{id=1, facultyName='Changed faculty name'}}, Teacher{id=9, firstName='Albert', lastName='Hill', faculty=Faculty{id=1, facultyName='Changed faculty name'}}, Teacher{id=10, firstName='Joshua', lastName='Eve', faculty=Faculty{id=2, facultyName='Changed faculty name'}}, Teacher{id=11, firstName='Sophia', lastName='Roos', faculty=Faculty{id=2, facultyName='Changed faculty name'}}, Teacher{id=12, firstName='Mia', lastName='Brown', faculty=Faculty{id=2, facultyName='Changed faculty name'}}]
]]></system-out>
  </testcase>
  <testcase name="should_addNewLessonToDatabase_when_controllerCallsAddToDBMethod" classname="ua.com.foxminded.classtimetable.controllers.ui.LessonControllerTest" time="0.017">
    <system-out><![CDATA[26 Feb;19:05:45.990 [main] INFO  o.s.b.t.m.w.SpringBootMockServletContext - Initializing Spring TestDispatcherServlet ''
26 Feb;19:05:45.990 [main] INFO  o.s.t.w.s.TestDispatcherServlet - Initializing Servlet ''
26 Feb;19:05:45.991 [main] INFO  o.s.t.w.s.TestDispatcherServlet - Completed initialization in 1 ms
Hibernate: SELECT lessons.id, date, start_time, end_time, classroom_id, course_id, teacher_id FROM lessons WHERE date = ? AND (start_time BETWEEN ? AND ? OR end_time BETWEEN ? AND ?)
26 Feb;19:05:45.996 [main] INFO  u.c.f.c.service.LessonService - getLessonsByTemporalConditions: date = 2021-07-01, beginningOfRange = 09:19, endOfRange = 10:01, lessonsByTemporalConditions = []
Hibernate: SELECT * FROM students_courses WHERE course_id = ?
26 Feb;19:05:45.998 [main] INFO  u.c.f.c.service.StudentService - receiveStudentsIdsWithCertainCourse: course id = 1, courses ids = [41, 42, 44, 46, 47, 49, 51, 52, 54, 56, 57, 59, 62]
Hibernate: select classroom0_.id as id1_1_0_, classroom0_.building_id as building5_1_0_, classroom0_.room_capacity as room_cap2_1_0_, classroom0_.room_name as room_nam3_1_0_, classroom0_.room_type as room_typ4_1_0_, building1_.id as id1_0_1_, building1_.building_name as building2_0_1_ from classrooms classroom0_ left outer join buildings building1_ on classroom0_.building_id=building1_.id where classroom0_.id=?
26 Feb;19:05:45.999 [main] INFO  u.c.f.c.service.ClassroomService - getById: classroom = Classroom{id=4, roomName='A-4', roomType='Lecture', roomCapacity=50, building=Building{id=1, buildingName='Changed name'}}
Hibernate: select course0_.id as id1_2_0_, course0_.course_name as course_n2_2_0_, courseteac1_.course_id as course_i2_8_1_, teacher2_.id as teacher_1_8_1_, teacher2_.id as id1_7_2_, teacher2_.faculty_id as faculty_4_7_2_, teacher2_.first_name as first_na2_7_2_, teacher2_.last_name as last_nam3_7_2_, faculty3_.id as id1_3_3_, faculty3_.faculty_name as faculty_2_3_3_ from courses course0_ left outer join teachers_courses courseteac1_ on course0_.id=courseteac1_.course_id left outer join teachers teacher2_ on courseteac1_.teacher_id=teacher2_.id left outer join faculties faculty3_ on teacher2_.faculty_id=faculty3_.id where course0_.id=?
Hibernate: select teachercou0_.teacher_id as teacher_1_8_0_, teachercou0_.course_id as course_i2_8_0_, course1_.id as id1_2_1_, course1_.course_name as course_n2_2_1_ from teachers_courses teachercou0_ inner join courses course1_ on teachercou0_.course_id=course1_.id where teachercou0_.teacher_id=?
26 Feb;19:05:46.001 [main] INFO  u.c.f.c.service.LessonService - create: lesson = Lesson{id=0, date=2021-07-01, startTime=09:20, endTime=10:00, classroom=Classroom{id=4, roomName='A-4', roomType='Lecture', roomCapacity=50, building=Building{id=1, buildingName='Changed name'}}, course=Course{id=1, courseName='History'}, teacher=Teacher{id=1, firstName='Albert', lastName='Johnson', faculty=Faculty{id=3, facultyName='Faculty of Arts'}}}
Hibernate: insert into lessons (classroom_id, course_id, date, end_time, start_time, teacher_id) values (?, ?, ?, ?, ?, ?)
]]></system-out>
  </testcase>
  <testcase name="should_deleteLessonFromDatabase_when_controllerCallsDeleteMethodForDeletableEntity" classname="ua.com.foxminded.classtimetable.controllers.ui.LessonControllerTest" time="0.017">
    <system-out><![CDATA[26 Feb;19:05:46.008 [main] INFO  o.s.b.t.m.w.SpringBootMockServletContext - Initializing Spring TestDispatcherServlet ''
26 Feb;19:05:46.008 [main] INFO  o.s.t.w.s.TestDispatcherServlet - Initializing Servlet ''
26 Feb;19:05:46.010 [main] INFO  o.s.t.w.s.TestDispatcherServlet - Completed initialization in 2 ms
Hibernate: select classroom0_.id as id1_1_0_, classroom0_.building_id as building5_1_0_, classroom0_.room_capacity as room_cap2_1_0_, classroom0_.room_name as room_nam3_1_0_, classroom0_.room_type as room_typ4_1_0_, building1_.id as id1_0_1_, building1_.building_name as building2_0_1_ from classrooms classroom0_ left outer join buildings building1_ on classroom0_.building_id=building1_.id where classroom0_.id=?
Hibernate: select course0_.id as id1_2_0_, course0_.course_name as course_n2_2_0_, courseteac1_.course_id as course_i2_8_1_, teacher2_.id as teacher_1_8_1_, teacher2_.id as id1_7_2_, teacher2_.faculty_id as faculty_4_7_2_, teacher2_.first_name as first_na2_7_2_, teacher2_.last_name as last_nam3_7_2_, faculty3_.id as id1_3_3_, faculty3_.faculty_name as faculty_2_3_3_ from courses course0_ left outer join teachers_courses courseteac1_ on course0_.id=courseteac1_.course_id left outer join teachers teacher2_ on courseteac1_.teacher_id=teacher2_.id left outer join faculties faculty3_ on teacher2_.faculty_id=faculty3_.id where course0_.id=?
Hibernate: select teachercou0_.teacher_id as teacher_1_8_0_, teachercou0_.course_id as course_i2_8_0_, course1_.id as id1_2_1_, course1_.course_name as course_n2_2_1_ from teachers_courses teachercou0_ inner join courses course1_ on teachercou0_.course_id=course1_.id where teachercou0_.teacher_id=?
Hibernate: select teacher0_.id as id1_7_0_, teacher0_.faculty_id as faculty_4_7_0_, teacher0_.first_name as first_na2_7_0_, teacher0_.last_name as last_nam3_7_0_, faculty1_.id as id1_3_1_, faculty1_.faculty_name as faculty_2_3_1_, teachercou2_.teacher_id as teacher_1_8_2_, course3_.id as course_i2_8_2_, course3_.id as id1_2_3_, course3_.course_name as course_n2_2_3_ from teachers teacher0_ left outer join faculties faculty1_ on teacher0_.faculty_id=faculty1_.id left outer join teachers_courses teachercou2_ on teacher0_.id=teachercou2_.teacher_id left outer join courses course3_ on teachercou2_.course_id=course3_.id where teacher0_.id=?
Hibernate: select courseteac0_.course_id as course_i2_8_0_, courseteac0_.teacher_id as teacher_1_8_0_, teacher1_.id as id1_7_1_, teacher1_.faculty_id as faculty_4_7_1_, teacher1_.first_name as first_na2_7_1_, teacher1_.last_name as last_nam3_7_1_, faculty2_.id as id1_3_2_, faculty2_.faculty_name as faculty_2_3_2_ from teachers_courses courseteac0_ inner join teachers teacher1_ on courseteac0_.teacher_id=teacher1_.id left outer join faculties faculty2_ on teacher1_.faculty_id=faculty2_.id where courseteac0_.course_id=?
26 Feb;19:05:46.014 [main] INFO  u.c.f.c.service.LessonService - create: lesson = Lesson{id=0, date=2021-08-02, startTime=14:00, endTime=15:40, classroom=Classroom{id=9, roomName='New name', roomType='Lecture', roomCapacity=50, building=Building{id=2, buildingName='E'}}, course=Course{id=2, courseName='Philosophy'}, teacher=Teacher{id=2, firstName='Stanley', lastName='Gruber', faculty=Faculty{id=3, facultyName='Faculty of Arts'}}}
Hibernate: insert into lessons (classroom_id, course_id, date, end_time, start_time, teacher_id) values (?, ?, ?, ?, ?, ?)
Hibernate: select classroom0_.id as id1_1_0_, classroom0_.building_id as building5_1_0_, classroom0_.room_capacity as room_cap2_1_0_, classroom0_.room_name as room_nam3_1_0_, classroom0_.room_type as room_typ4_1_0_, building1_.id as id1_0_1_, building1_.building_name as building2_0_1_ from classrooms classroom0_ left outer join buildings building1_ on classroom0_.building_id=building1_.id where classroom0_.id=?
Hibernate: select course0_.id as id1_2_0_, course0_.course_name as course_n2_2_0_, courseteac1_.course_id as course_i2_8_1_, teacher2_.id as teacher_1_8_1_, teacher2_.id as id1_7_2_, teacher2_.faculty_id as faculty_4_7_2_, teacher2_.first_name as first_na2_7_2_, teacher2_.last_name as last_nam3_7_2_, faculty3_.id as id1_3_3_, faculty3_.faculty_name as faculty_2_3_3_ from courses course0_ left outer join teachers_courses courseteac1_ on course0_.id=courseteac1_.course_id left outer join teachers teacher2_ on courseteac1_.teacher_id=teacher2_.id left outer join faculties faculty3_ on teacher2_.faculty_id=faculty3_.id where course0_.id=?
Hibernate: select teachercou0_.teacher_id as teacher_1_8_0_, teachercou0_.course_id as course_i2_8_0_, course1_.id as id1_2_1_, course1_.course_name as course_n2_2_1_ from teachers_courses teachercou0_ inner join courses course1_ on teachercou0_.course_id=course1_.id where teachercou0_.teacher_id=?
26 Feb;19:05:46.020 [main] INFO  u.c.f.c.service.LessonService - delete: lesson = Lesson{id=0, date=2021-08-02, startTime=02:00, endTime=03:40, classroom=Classroom{id=9, roomName='New name', roomType='Lecture', roomCapacity=50, building=Building{id=2, buildingName='E'}}, course=Course{id=2, courseName='Philosophy'}, teacher=Teacher{id=2, firstName='Stanley', lastName='Gruber', faculty=Faculty{id=3, facultyName='Faculty of Arts'}}}
]]></system-out>
  </testcase>
</testsuite>