<?xml version="1.0" encoding="UTF-8"?>
<testsuite xmlns:xsi="http://www.w3.org/2001/XMLSchema-instance" xsi:noNamespaceSchemaLocation="https://maven.apache.org/surefire/maven-surefire-plugin/xsd/surefire-test-report-3.0.xsd" version="3.0" name="ua.com.foxminded.classtimetable.controllers.rest.FacultyRestControllerIntegrationTest" time="0.073" tests="3" errors="0" skipped="0" failures="0">
  <properties>
    <property name="sun.desktop" value="windows"/>
    <property name="awt.toolkit" value="sun.awt.windows.WToolkit"/>
    <property name="file.encoding.pkg" value="sun.io"/>
    <property name="java.specification.version" value="1.8"/>
    <property name="sun.cpu.isalist" value="amd64"/>
    <property name="sun.jnu.encoding" value="Cp1251"/>
    <property name="java.class.path" value="E:\1_Java_Work\IDEA_Workspace_22_02_2023\Classtimetable\target\test-classes;E:\1_Java_Work\IDEA_Workspace_22_02_2023\Classtimetable\target\classes;C:\Users\Admin\.m2\repository\org\springframework\boot\spring-boot-starter\2.3.10.RELEASE\spring-boot-starter-2.3.10.RELEASE.jar;C:\Users\Admin\.m2\repository\org\springframework\boot\spring-boot\2.3.10.RELEASE\spring-boot-2.3.10.RELEASE.jar;C:\Users\Admin\.m2\repository\org\springframework\spring-context\5.2.14.RELEASE\spring-context-5.2.14.RELEASE.jar;C:\Users\Admin\.m2\repository\org\springframework\boot\spring-boot-autoconfigure\2.3.10.RELEASE\spring-boot-autoconfigure-2.3.10.RELEASE.jar;C:\Users\Admin\.m2\repository\org\springframework\boot\spring-boot-starter-logging\2.3.10.RELEASE\spring-boot-starter-logging-2.3.10.RELEASE.jar;C:\Users\Admin\.m2\repository\org\apache\logging\log4j\log4j-to-slf4j\2.13.3\log4j-to-slf4j-2.13.3.jar;C:\Users\Admin\.m2\repository\org\apache\logging\log4j\log4j-api\2.13.3\log4j-api-2.13.3.jar;C:\Users\Admin\.m2\repository\org\slf4j\jul-to-slf4j\1.7.30\jul-to-slf4j-1.7.30.jar;C:\Users\Admin\.m2\repository\jakarta\annotation\jakarta.annotation-api\1.3.5\jakarta.annotation-api-1.3.5.jar;C:\Users\Admin\.m2\repository\org\springframework\spring-core\5.2.14.RELEASE\spring-core-5.2.14.RELEASE.jar;C:\Users\Admin\.m2\repository\org\springframework\spring-jcl\5.2.14.RELEASE\spring-jcl-5.2.14.RELEASE.jar;C:\Users\Admin\.m2\repository\org\yaml\snakeyaml\1.26\snakeyaml-1.26.jar;C:\Users\Admin\.m2\repository\org\springframework\boot\spring-boot-starter-web\2.3.10.RELEASE\spring-boot-starter-web-2.3.10.RELEASE.jar;C:\Users\Admin\.m2\repository\org\springframework\boot\spring-boot-starter-json\2.3.10.RELEASE\spring-boot-starter-json-2.3.10.RELEASE.jar;C:\Users\Admin\.m2\repository\com\fasterxml\jackson\core\jackson-databind\2.11.4\jackson-databind-2.11.4.jar;C:\Users\Admin\.m2\repository\com\fasterxml\jackson\core\jackson-annotations\2.11.4\jackson-annotations-2.11.4.jar;C:\Users\Admin\.m2\repository\com\fasterxml\jackson\datatype\jackson-datatype-jdk8\2.11.4\jackson-datatype-jdk8-2.11.4.jar;C:\Users\Admin\.m2\repository\com\fasterxml\jackson\datatype\jackson-datatype-jsr310\2.11.4\jackson-datatype-jsr310-2.11.4.jar;C:\Users\Admin\.m2\repository\com\fasterxml\jackson\module\jackson-module-parameter-names\2.11.4\jackson-module-parameter-names-2.11.4.jar;C:\Users\Admin\.m2\repository\org\springframework\boot\spring-boot-starter-tomcat\2.3.10.RELEASE\spring-boot-starter-tomcat-2.3.10.RELEASE.jar;C:\Users\Admin\.m2\repository\org\apache\tomcat\embed\tomcat-embed-core\9.0.45\tomcat-embed-core-9.0.45.jar;C:\Users\Admin\.m2\repository\org\apache\tomcat\embed\tomcat-embed-websocket\9.0.45\tomcat-embed-websocket-9.0.45.jar;C:\Users\Admin\.m2\repository\org\springframework\spring-web\5.2.14.RELEASE\spring-web-5.2.14.RELEASE.jar;C:\Users\Admin\.m2\repository\org\springframework\spring-beans\5.2.14.RELEASE\spring-beans-5.2.14.RELEASE.jar;C:\Users\Admin\.m2\repository\org\springframework\spring-webmvc\5.2.14.RELEASE\spring-webmvc-5.2.14.RELEASE.jar;C:\Users\Admin\.m2\repository\org\springframework\spring-aop\5.2.14.RELEASE\spring-aop-5.2.14.RELEASE.jar;C:\Users\Admin\.m2\repository\org\springframework\spring-expression\5.2.14.RELEASE\spring-expression-5.2.14.RELEASE.jar;C:\Users\Admin\.m2\repository\org\springframework\boot\spring-boot-starter-thymeleaf\2.3.10.RELEASE\spring-boot-starter-thymeleaf-2.3.10.RELEASE.jar;C:\Users\Admin\.m2\repository\org\thymeleaf\thymeleaf-spring5\3.0.12.RELEASE\thymeleaf-spring5-3.0.12.RELEASE.jar;C:\Users\Admin\.m2\repository\org\thymeleaf\thymeleaf\3.0.12.RELEASE\thymeleaf-3.0.12.RELEASE.jar;C:\Users\Admin\.m2\repository\org\attoparser\attoparser\2.0.5.RELEASE\attoparser-2.0.5.RELEASE.jar;C:\Users\Admin\.m2\repository\org\unbescape\unbescape\1.1.6.RELEASE\unbescape-1.1.6.RELEASE.jar;C:\Users\Admin\.m2\repository\org\thymeleaf\extras\thymeleaf-extras-java8time\3.0.4.RELEASE\thymeleaf-extras-java8time-3.0.4.RELEASE.jar;C:\Users\Admin\.m2\repository\org\springframework\boot\spring-boot-starter-data-jpa\2.3.10.RELEASE\spring-boot-starter-data-jpa-2.3.10.RELEASE.jar;C:\Users\Admin\.m2\repository\org\springframework\boot\spring-boot-starter-aop\2.3.10.RELEASE\spring-boot-starter-aop-2.3.10.RELEASE.jar;C:\Users\Admin\.m2\repository\org\aspectj\aspectjweaver\1.9.6\aspectjweaver-1.9.6.jar;C:\Users\Admin\.m2\repository\org\springframework\boot\spring-boot-starter-jdbc\2.3.10.RELEASE\spring-boot-starter-jdbc-2.3.10.RELEASE.jar;C:\Users\Admin\.m2\repository\com\zaxxer\HikariCP\3.4.5\HikariCP-3.4.5.jar;C:\Users\Admin\.m2\repository\org\springframework\spring-jdbc\5.2.14.RELEASE\spring-jdbc-5.2.14.RELEASE.jar;C:\Users\Admin\.m2\repository\jakarta\transaction\jakarta.transaction-api\1.3.3\jakarta.transaction-api-1.3.3.jar;C:\Users\Admin\.m2\repository\jakarta\persistence\jakarta.persistence-api\2.2.3\jakarta.persistence-api-2.2.3.jar;C:\Users\Admin\.m2\repository\org\springframework\data\spring-data-jpa\2.3.9.RELEASE\spring-data-jpa-2.3.9.RELEASE.jar;C:\Users\Admin\.m2\repository\org\springframework\data\spring-data-commons\2.3.9.RELEASE\spring-data-commons-2.3.9.RELEASE.jar;C:\Users\Admin\.m2\repository\org\springframework\spring-orm\5.2.14.RELEASE\spring-orm-5.2.14.RELEASE.jar;C:\Users\Admin\.m2\repository\org\springframework\spring-tx\5.2.14.RELEASE\spring-tx-5.2.14.RELEASE.jar;C:\Users\Admin\.m2\repository\org\springframework\spring-aspects\5.2.14.RELEASE\spring-aspects-5.2.14.RELEASE.jar;C:\Users\Admin\.m2\repository\org\springframework\boot\spring-boot-starter-validation\2.3.10.RELEASE\spring-boot-starter-validation-2.3.10.RELEASE.jar;C:\Users\Admin\.m2\repository\org\glassfish\jakarta.el\3.0.3\jakarta.el-3.0.3.jar;C:\Users\Admin\.m2\repository\org\springframework\boot\spring-boot-starter-test\2.3.10.RELEASE\spring-boot-starter-test-2.3.10.RELEASE.jar;C:\Users\Admin\.m2\repository\org\springframework\boot\spring-boot-test\2.3.10.RELEASE\spring-boot-test-2.3.10.RELEASE.jar;C:\Users\Admin\.m2\repository\org\springframework\boot\spring-boot-test-autoconfigure\2.3.10.RELEASE\spring-boot-test-autoconfigure-2.3.10.RELEASE.jar;C:\Users\Admin\.m2\repository\com\jayway\jsonpath\json-path\2.4.0\json-path-2.4.0.jar;C:\Users\Admin\.m2\repository\net\minidev\json-smart\2.3\json-smart-2.3.jar;C:\Users\Admin\.m2\repository\net\minidev\accessors-smart\1.2\accessors-smart-1.2.jar;C:\Users\Admin\.m2\repository\org\ow2\asm\asm\5.0.4\asm-5.0.4.jar;C:\Users\Admin\.m2\repository\jakarta\xml\bind\jakarta.xml.bind-api\2.3.3\jakarta.xml.bind-api-2.3.3.jar;C:\Users\Admin\.m2\repository\jakarta\activation\jakarta.activation-api\1.2.2\jakarta.activation-api-1.2.2.jar;C:\Users\Admin\.m2\repository\org\assertj\assertj-core\3.16.1\assertj-core-3.16.1.jar;C:\Users\Admin\.m2\repository\org\hamcrest\hamcrest\2.2\hamcrest-2.2.jar;C:\Users\Admin\.m2\repository\org\junit\jupiter\junit-jupiter\5.6.3\junit-jupiter-5.6.3.jar;C:\Users\Admin\.m2\repository\org\junit\jupiter\junit-jupiter-api\5.6.3\junit-jupiter-api-5.6.3.jar;C:\Users\Admin\.m2\repository\org\opentest4j\opentest4j\1.2.0\opentest4j-1.2.0.jar;C:\Users\Admin\.m2\repository\org\junit\platform\junit-platform-commons\1.6.3\junit-platform-commons-1.6.3.jar;C:\Users\Admin\.m2\repository\org\junit\jupiter\junit-jupiter-params\5.6.3\junit-jupiter-params-5.6.3.jar;C:\Users\Admin\.m2\repository\org\junit\jupiter\junit-jupiter-engine\5.6.3\junit-jupiter-engine-5.6.3.jar;C:\Users\Admin\.m2\repository\org\junit\vintage\junit-vintage-engine\5.6.3\junit-vintage-engine-5.6.3.jar;C:\Users\Admin\.m2\repository\org\apiguardian\apiguardian-api\1.1.0\apiguardian-api-1.1.0.jar;C:\Users\Admin\.m2\repository\org\junit\platform\junit-platform-engine\1.6.3\junit-platform-engine-1.6.3.jar;C:\Users\Admin\.m2\repository\junit\junit\4.13.2\junit-4.13.2.jar;C:\Users\Admin\.m2\repository\org\mockito\mockito-junit-jupiter\3.3.3\mockito-junit-jupiter-3.3.3.jar;C:\Users\Admin\.m2\repository\org\skyscreamer\jsonassert\1.5.0\jsonassert-1.5.0.jar;C:\Users\Admin\.m2\repository\com\vaadin\external\google\android-json\0.0.20131108.vaadin1\android-json-0.0.20131108.vaadin1.jar;C:\Users\Admin\.m2\repository\org\springframework\spring-test\5.2.14.RELEASE\spring-test-5.2.14.RELEASE.jar;C:\Users\Admin\.m2\repository\org\xmlunit\xmlunit-core\2.7.0\xmlunit-core-2.7.0.jar;C:\Users\Admin\.m2\repository\org\hibernate\hibernate-core\5.4.30.Final\hibernate-core-5.4.30.Final.jar;C:\Users\Admin\.m2\repository\org\jboss\logging\jboss-logging\3.4.1.Final\jboss-logging-3.4.1.Final.jar;C:\Users\Admin\.m2\repository\javax\persistence\javax.persistence-api\2.2\javax.persistence-api-2.2.jar;C:\Users\Admin\.m2\repository\org\javassist\javassist\3.27.0-GA\javassist-3.27.0-GA.jar;C:\Users\Admin\.m2\repository\net\bytebuddy\byte-buddy\1.10.22\byte-buddy-1.10.22.jar;C:\Users\Admin\.m2\repository\antlr\antlr\2.7.7\antlr-2.7.7.jar;C:\Users\Admin\.m2\repository\org\jboss\spec\javax\transaction\jboss-transaction-api_1.2_spec\1.1.1.Final\jboss-transaction-api_1.2_spec-1.1.1.Final.jar;C:\Users\Admin\.m2\repository\org\jboss\jandex\2.2.3.Final\jandex-2.2.3.Final.jar;C:\Users\Admin\.m2\repository\com\fasterxml\classmate\1.5.1\classmate-1.5.1.jar;C:\Users\Admin\.m2\repository\javax\activation\javax.activation-api\1.2.0\javax.activation-api-1.2.0.jar;C:\Users\Admin\.m2\repository\org\dom4j\dom4j\2.1.3\dom4j-2.1.3.jar;C:\Users\Admin\.m2\repository\javax\xml\bind\jaxb-api\2.3.1\jaxb-api-2.3.1.jar;C:\Users\Admin\.m2\repository\org\glassfish\jaxb\jaxb-runtime\2.3.4\jaxb-runtime-2.3.4.jar;C:\Users\Admin\.m2\repository\org\glassfish\jaxb\txw2\2.3.4\txw2-2.3.4.jar;C:\Users\Admin\.m2\repository\com\sun\istack\istack-commons-runtime\3.0.12\istack-commons-runtime-3.0.12.jar;C:\Users\Admin\.m2\repository\com\sun\activation\jakarta.activation\1.2.2\jakarta.activation-1.2.2.jar;C:\Users\Admin\.m2\repository\org\hibernate\common\hibernate-commons-annotations\5.1.2.Final\hibernate-commons-annotations-5.1.2.Final.jar;C:\Users\Admin\.m2\repository\org\hibernate\validator\hibernate-validator\7.0.1.Final\hibernate-validator-7.0.1.Final.jar;C:\Users\Admin\.m2\repository\jakarta\validation\jakarta.validation-api\2.0.2\jakarta.validation-api-2.0.2.jar;C:\Users\Admin\.m2\repository\org\apache\commons\commons-lang3\3.11\commons-lang3-3.11.jar;C:\Users\Admin\.m2\repository\org\slf4j\slf4j-api\1.7.30\slf4j-api-1.7.30.jar;C:\Users\Admin\.m2\repository\ch\qos\logback\logback-classic\1.2.3\logback-classic-1.2.3.jar;C:\Users\Admin\.m2\repository\ch\qos\logback\logback-core\1.2.3\logback-core-1.2.3.jar;C:\Users\Admin\.m2\repository\javax\annotation\javax.annotation-api\1.3.2\javax.annotation-api-1.3.2.jar;C:\Users\Admin\.m2\repository\javax\servlet\javax.servlet-api\4.0.1\javax.servlet-api-4.0.1.jar;C:\Users\Admin\.m2\repository\org\postgresql\postgresql\42.2.18\postgresql-42.2.18.jar;C:\Users\Admin\.m2\repository\org\checkerframework\checker-qual\3.5.0\checker-qual-3.5.0.jar;C:\Users\Admin\.m2\repository\org\springdoc\springdoc-openapi-ui\1.6.1\springdoc-openapi-ui-1.6.1.jar;C:\Users\Admin\.m2\repository\org\springdoc\springdoc-openapi-webmvc-core\1.6.1\springdoc-openapi-webmvc-core-1.6.1.jar;C:\Users\Admin\.m2\repository\org\springdoc\springdoc-openapi-common\1.6.1\springdoc-openapi-common-1.6.1.jar;C:\Users\Admin\.m2\repository\io\swagger\core\v3\swagger-models\2.1.11\swagger-models-2.1.11.jar;C:\Users\Admin\.m2\repository\io\swagger\core\v3\swagger-annotations\2.1.11\swagger-annotations-2.1.11.jar;C:\Users\Admin\.m2\repository\io\swagger\core\v3\swagger-integration\2.1.11\swagger-integration-2.1.11.jar;C:\Users\Admin\.m2\repository\io\swagger\core\v3\swagger-core\2.1.11\swagger-core-2.1.11.jar;C:\Users\Admin\.m2\repository\com\fasterxml\jackson\dataformat\jackson-dataformat-yaml\2.11.4\jackson-dataformat-yaml-2.11.4.jar;C:\Users\Admin\.m2\repository\io\github\classgraph\classgraph\4.8.116\classgraph-4.8.116.jar;C:\Users\Admin\.m2\repository\org\webjars\swagger-ui\4.1.3\swagger-ui-4.1.3.jar;C:\Users\Admin\.m2\repository\org\webjars\webjars-locator-core\0.45\webjars-locator-core-0.45.jar;C:\Users\Admin\.m2\repository\com\fasterxml\jackson\core\jackson-core\2.11.4\jackson-core-2.11.4.jar;C:\Users\Admin\.m2\repository\org\mockito\mockito-core\3.7.7\mockito-core-3.7.7.jar;C:\Users\Admin\.m2\repository\net\bytebuddy\byte-buddy-agent\1.10.22\byte-buddy-agent-1.10.22.jar;C:\Users\Admin\.m2\repository\org\objenesis\objenesis\3.1\objenesis-3.1.jar;C:\Users\Admin\.m2\repository\com\h2database\h2\2.0.202\h2-2.0.202.jar;"/>
    <property name="java.vm.vendor" value="Temurin"/>
    <property name="sun.arch.data.model" value="64"/>
    <property name="user.variant" value=""/>
    <property name="java.vendor.url" value="https://adoptium.net/"/>
    <property name="user.timezone" value="Europe/Helsinki"/>
    <property name="user.country.format" value="GB"/>
    <property name="java.vm.specification.version" value="1.8"/>
    <property name="os.name" value="Windows 10"/>
    <property name="user.country" value="RU"/>
    <property name="sun.java.launcher" value="SUN_STANDARD"/>
    <property name="sun.boot.library.path" value="C:\Program Files\JAVA\jdk1.8.0_352\jre\bin"/>
    <property name="sun.java.command" value="C:\Users\Admin\AppData\Local\Temp\surefire4451887401512395404\surefirebooter4980853108217087325.jar C:\Users\Admin\AppData\Local\Temp\surefire4451887401512395404 2023-02-26T19-05-25_929-jvmRun1 surefire5098778781691221322tmp surefire_02154898216159521232tmp"/>
    <property name="surefire.test.class.path" value="E:\1_Java_Work\IDEA_Workspace_22_02_2023\Classtimetable\target\test-classes;E:\1_Java_Work\IDEA_Workspace_22_02_2023\Classtimetable\target\classes;C:\Users\Admin\.m2\repository\org\springframework\boot\spring-boot-starter\2.3.10.RELEASE\spring-boot-starter-2.3.10.RELEASE.jar;C:\Users\Admin\.m2\repository\org\springframework\boot\spring-boot\2.3.10.RELEASE\spring-boot-2.3.10.RELEASE.jar;C:\Users\Admin\.m2\repository\org\springframework\spring-context\5.2.14.RELEASE\spring-context-5.2.14.RELEASE.jar;C:\Users\Admin\.m2\repository\org\springframework\boot\spring-boot-autoconfigure\2.3.10.RELEASE\spring-boot-autoconfigure-2.3.10.RELEASE.jar;C:\Users\Admin\.m2\repository\org\springframework\boot\spring-boot-starter-logging\2.3.10.RELEASE\spring-boot-starter-logging-2.3.10.RELEASE.jar;C:\Users\Admin\.m2\repository\org\apache\logging\log4j\log4j-to-slf4j\2.13.3\log4j-to-slf4j-2.13.3.jar;C:\Users\Admin\.m2\repository\org\apache\logging\log4j\log4j-api\2.13.3\log4j-api-2.13.3.jar;C:\Users\Admin\.m2\repository\org\slf4j\jul-to-slf4j\1.7.30\jul-to-slf4j-1.7.30.jar;C:\Users\Admin\.m2\repository\jakarta\annotation\jakarta.annotation-api\1.3.5\jakarta.annotation-api-1.3.5.jar;C:\Users\Admin\.m2\repository\org\springframework\spring-core\5.2.14.RELEASE\spring-core-5.2.14.RELEASE.jar;C:\Users\Admin\.m2\repository\org\springframework\spring-jcl\5.2.14.RELEASE\spring-jcl-5.2.14.RELEASE.jar;C:\Users\Admin\.m2\repository\org\yaml\snakeyaml\1.26\snakeyaml-1.26.jar;C:\Users\Admin\.m2\repository\org\springframework\boot\spring-boot-starter-web\2.3.10.RELEASE\spring-boot-starter-web-2.3.10.RELEASE.jar;C:\Users\Admin\.m2\repository\org\springframework\boot\spring-boot-starter-json\2.3.10.RELEASE\spring-boot-starter-json-2.3.10.RELEASE.jar;C:\Users\Admin\.m2\repository\com\fasterxml\jackson\core\jackson-databind\2.11.4\jackson-databind-2.11.4.jar;C:\Users\Admin\.m2\repository\com\fasterxml\jackson\core\jackson-annotations\2.11.4\jackson-annotations-2.11.4.jar;C:\Users\Admin\.m2\repository\com\fasterxml\jackson\datatype\jackson-datatype-jdk8\2.11.4\jackson-datatype-jdk8-2.11.4.jar;C:\Users\Admin\.m2\repository\com\fasterxml\jackson\datatype\jackson-datatype-jsr310\2.11.4\jackson-datatype-jsr310-2.11.4.jar;C:\Users\Admin\.m2\repository\com\fasterxml\jackson\module\jackson-module-parameter-names\2.11.4\jackson-module-parameter-names-2.11.4.jar;C:\Users\Admin\.m2\repository\org\springframework\boot\spring-boot-starter-tomcat\2.3.10.RELEASE\spring-boot-starter-tomcat-2.3.10.RELEASE.jar;C:\Users\Admin\.m2\repository\org\apache\tomcat\embed\tomcat-embed-core\9.0.45\tomcat-embed-core-9.0.45.jar;C:\Users\Admin\.m2\repository\org\apache\tomcat\embed\tomcat-embed-websocket\9.0.45\tomcat-embed-websocket-9.0.45.jar;C:\Users\Admin\.m2\repository\org\springframework\spring-web\5.2.14.RELEASE\spring-web-5.2.14.RELEASE.jar;C:\Users\Admin\.m2\repository\org\springframework\spring-beans\5.2.14.RELEASE\spring-beans-5.2.14.RELEASE.jar;C:\Users\Admin\.m2\repository\org\springframework\spring-webmvc\5.2.14.RELEASE\spring-webmvc-5.2.14.RELEASE.jar;C:\Users\Admin\.m2\repository\org\springframework\spring-aop\5.2.14.RELEASE\spring-aop-5.2.14.RELEASE.jar;C:\Users\Admin\.m2\repository\org\springframework\spring-expression\5.2.14.RELEASE\spring-expression-5.2.14.RELEASE.jar;C:\Users\Admin\.m2\repository\org\springframework\boot\spring-boot-starter-thymeleaf\2.3.10.RELEASE\spring-boot-starter-thymeleaf-2.3.10.RELEASE.jar;C:\Users\Admin\.m2\repository\org\thymeleaf\thymeleaf-spring5\3.0.12.RELEASE\thymeleaf-spring5-3.0.12.RELEASE.jar;C:\Users\Admin\.m2\repository\org\thymeleaf\thymeleaf\3.0.12.RELEASE\thymeleaf-3.0.12.RELEASE.jar;C:\Users\Admin\.m2\repository\org\attoparser\attoparser\2.0.5.RELEASE\attoparser-2.0.5.RELEASE.jar;C:\Users\Admin\.m2\repository\org\unbescape\unbescape\1.1.6.RELEASE\unbescape-1.1.6.RELEASE.jar;C:\Users\Admin\.m2\repository\org\thymeleaf\extras\thymeleaf-extras-java8time\3.0.4.RELEASE\thymeleaf-extras-java8time-3.0.4.RELEASE.jar;C:\Users\Admin\.m2\repository\org\springframework\boot\spring-boot-starter-data-jpa\2.3.10.RELEASE\spring-boot-starter-data-jpa-2.3.10.RELEASE.jar;C:\Users\Admin\.m2\repository\org\springframework\boot\spring-boot-starter-aop\2.3.10.RELEASE\spring-boot-starter-aop-2.3.10.RELEASE.jar;C:\Users\Admin\.m2\repository\org\aspectj\aspectjweaver\1.9.6\aspectjweaver-1.9.6.jar;C:\Users\Admin\.m2\repository\org\springframework\boot\spring-boot-starter-jdbc\2.3.10.RELEASE\spring-boot-starter-jdbc-2.3.10.RELEASE.jar;C:\Users\Admin\.m2\repository\com\zaxxer\HikariCP\3.4.5\HikariCP-3.4.5.jar;C:\Users\Admin\.m2\repository\org\springframework\spring-jdbc\5.2.14.RELEASE\spring-jdbc-5.2.14.RELEASE.jar;C:\Users\Admin\.m2\repository\jakarta\transaction\jakarta.transaction-api\1.3.3\jakarta.transaction-api-1.3.3.jar;C:\Users\Admin\.m2\repository\jakarta\persistence\jakarta.persistence-api\2.2.3\jakarta.persistence-api-2.2.3.jar;C:\Users\Admin\.m2\repository\org\springframework\data\spring-data-jpa\2.3.9.RELEASE\spring-data-jpa-2.3.9.RELEASE.jar;C:\Users\Admin\.m2\repository\org\springframework\data\spring-data-commons\2.3.9.RELEASE\spring-data-commons-2.3.9.RELEASE.jar;C:\Users\Admin\.m2\repository\org\springframework\spring-orm\5.2.14.RELEASE\spring-orm-5.2.14.RELEASE.jar;C:\Users\Admin\.m2\repository\org\springframework\spring-tx\5.2.14.RELEASE\spring-tx-5.2.14.RELEASE.jar;C:\Users\Admin\.m2\repository\org\springframework\spring-aspects\5.2.14.RELEASE\spring-aspects-5.2.14.RELEASE.jar;C:\Users\Admin\.m2\repository\org\springframework\boot\spring-boot-starter-validation\2.3.10.RELEASE\spring-boot-starter-validation-2.3.10.RELEASE.jar;C:\Users\Admin\.m2\repository\org\glassfish\jakarta.el\3.0.3\jakarta.el-3.0.3.jar;C:\Users\Admin\.m2\repository\org\springframework\boot\spring-boot-starter-test\2.3.10.RELEASE\spring-boot-starter-test-2.3.10.RELEASE.jar;C:\Users\Admin\.m2\repository\org\springframework\boot\spring-boot-test\2.3.10.RELEASE\spring-boot-test-2.3.10.RELEASE.jar;C:\Users\Admin\.m2\repository\org\springframework\boot\spring-boot-test-autoconfigure\2.3.10.RELEASE\spring-boot-test-autoconfigure-2.3.10.RELEASE.jar;C:\Users\Admin\.m2\repository\com\jayway\jsonpath\json-path\2.4.0\json-path-2.4.0.jar;C:\Users\Admin\.m2\repository\net\minidev\json-smart\2.3\json-smart-2.3.jar;C:\Users\Admin\.m2\repository\net\minidev\accessors-smart\1.2\accessors-smart-1.2.jar;C:\Users\Admin\.m2\repository\org\ow2\asm\asm\5.0.4\asm-5.0.4.jar;C:\Users\Admin\.m2\repository\jakarta\xml\bind\jakarta.xml.bind-api\2.3.3\jakarta.xml.bind-api-2.3.3.jar;C:\Users\Admin\.m2\repository\jakarta\activation\jakarta.activation-api\1.2.2\jakarta.activation-api-1.2.2.jar;C:\Users\Admin\.m2\repository\org\assertj\assertj-core\3.16.1\assertj-core-3.16.1.jar;C:\Users\Admin\.m2\repository\org\hamcrest\hamcrest\2.2\hamcrest-2.2.jar;C:\Users\Admin\.m2\repository\org\junit\jupiter\junit-jupiter\5.6.3\junit-jupiter-5.6.3.jar;C:\Users\Admin\.m2\repository\org\junit\jupiter\junit-jupiter-api\5.6.3\junit-jupiter-api-5.6.3.jar;C:\Users\Admin\.m2\repository\org\opentest4j\opentest4j\1.2.0\opentest4j-1.2.0.jar;C:\Users\Admin\.m2\repository\org\junit\platform\junit-platform-commons\1.6.3\junit-platform-commons-1.6.3.jar;C:\Users\Admin\.m2\repository\org\junit\jupiter\junit-jupiter-params\5.6.3\junit-jupiter-params-5.6.3.jar;C:\Users\Admin\.m2\repository\org\junit\jupiter\junit-jupiter-engine\5.6.3\junit-jupiter-engine-5.6.3.jar;C:\Users\Admin\.m2\repository\org\junit\vintage\junit-vintage-engine\5.6.3\junit-vintage-engine-5.6.3.jar;C:\Users\Admin\.m2\repository\org\apiguardian\apiguardian-api\1.1.0\apiguardian-api-1.1.0.jar;C:\Users\Admin\.m2\repository\org\junit\platform\junit-platform-engine\1.6.3\junit-platform-engine-1.6.3.jar;C:\Users\Admin\.m2\repository\junit\junit\4.13.2\junit-4.13.2.jar;C:\Users\Admin\.m2\repository\org\mockito\mockito-junit-jupiter\3.3.3\mockito-junit-jupiter-3.3.3.jar;C:\Users\Admin\.m2\repository\org\skyscreamer\jsonassert\1.5.0\jsonassert-1.5.0.jar;C:\Users\Admin\.m2\repository\com\vaadin\external\google\android-json\0.0.20131108.vaadin1\android-json-0.0.20131108.vaadin1.jar;C:\Users\Admin\.m2\repository\org\springframework\spring-test\5.2.14.RELEASE\spring-test-5.2.14.RELEASE.jar;C:\Users\Admin\.m2\repository\org\xmlunit\xmlunit-core\2.7.0\xmlunit-core-2.7.0.jar;C:\Users\Admin\.m2\repository\org\hibernate\hibernate-core\5.4.30.Final\hibernate-core-5.4.30.Final.jar;C:\Users\Admin\.m2\repository\org\jboss\logging\jboss-logging\3.4.1.Final\jboss-logging-3.4.1.Final.jar;C:\Users\Admin\.m2\repository\javax\persistence\javax.persistence-api\2.2\javax.persistence-api-2.2.jar;C:\Users\Admin\.m2\repository\org\javassist\javassist\3.27.0-GA\javassist-3.27.0-GA.jar;C:\Users\Admin\.m2\repository\net\bytebuddy\byte-buddy\1.10.22\byte-buddy-1.10.22.jar;C:\Users\Admin\.m2\repository\antlr\antlr\2.7.7\antlr-2.7.7.jar;C:\Users\Admin\.m2\repository\org\jboss\spec\javax\transaction\jboss-transaction-api_1.2_spec\1.1.1.Final\jboss-transaction-api_1.2_spec-1.1.1.Final.jar;C:\Users\Admin\.m2\repository\org\jboss\jandex\2.2.3.Final\jandex-2.2.3.Final.jar;C:\Users\Admin\.m2\repository\com\fasterxml\classmate\1.5.1\classmate-1.5.1.jar;C:\Users\Admin\.m2\repository\javax\activation\javax.activation-api\1.2.0\javax.activation-api-1.2.0.jar;C:\Users\Admin\.m2\repository\org\dom4j\dom4j\2.1.3\dom4j-2.1.3.jar;C:\Users\Admin\.m2\repository\javax\xml\bind\jaxb-api\2.3.1\jaxb-api-2.3.1.jar;C:\Users\Admin\.m2\repository\org\glassfish\jaxb\jaxb-runtime\2.3.4\jaxb-runtime-2.3.4.jar;C:\Users\Admin\.m2\repository\org\glassfish\jaxb\txw2\2.3.4\txw2-2.3.4.jar;C:\Users\Admin\.m2\repository\com\sun\istack\istack-commons-runtime\3.0.12\istack-commons-runtime-3.0.12.jar;C:\Users\Admin\.m2\repository\com\sun\activation\jakarta.activation\1.2.2\jakarta.activation-1.2.2.jar;C:\Users\Admin\.m2\repository\org\hibernate\common\hibernate-commons-annotations\5.1.2.Final\hibernate-commons-annotations-5.1.2.Final.jar;C:\Users\Admin\.m2\repository\org\hibernate\validator\hibernate-validator\7.0.1.Final\hibernate-validator-7.0.1.Final.jar;C:\Users\Admin\.m2\repository\jakarta\validation\jakarta.validation-api\2.0.2\jakarta.validation-api-2.0.2.jar;C:\Users\Admin\.m2\repository\org\apache\commons\commons-lang3\3.11\commons-lang3-3.11.jar;C:\Users\Admin\.m2\repository\org\slf4j\slf4j-api\1.7.30\slf4j-api-1.7.30.jar;C:\Users\Admin\.m2\repository\ch\qos\logback\logback-classic\1.2.3\logback-classic-1.2.3.jar;C:\Users\Admin\.m2\repository\ch\qos\logback\logback-core\1.2.3\logback-core-1.2.3.jar;C:\Users\Admin\.m2\repository\javax\annotation\javax.annotation-api\1.3.2\javax.annotation-api-1.3.2.jar;C:\Users\Admin\.m2\repository\javax\servlet\javax.servlet-api\4.0.1\javax.servlet-api-4.0.1.jar;C:\Users\Admin\.m2\repository\org\postgresql\postgresql\42.2.18\postgresql-42.2.18.jar;C:\Users\Admin\.m2\repository\org\checkerframework\checker-qual\3.5.0\checker-qual-3.5.0.jar;C:\Users\Admin\.m2\repository\org\springdoc\springdoc-openapi-ui\1.6.1\springdoc-openapi-ui-1.6.1.jar;C:\Users\Admin\.m2\repository\org\springdoc\springdoc-openapi-webmvc-core\1.6.1\springdoc-openapi-webmvc-core-1.6.1.jar;C:\Users\Admin\.m2\repository\org\springdoc\springdoc-openapi-common\1.6.1\springdoc-openapi-common-1.6.1.jar;C:\Users\Admin\.m2\repository\io\swagger\core\v3\swagger-models\2.1.11\swagger-models-2.1.11.jar;C:\Users\Admin\.m2\repository\io\swagger\core\v3\swagger-annotations\2.1.11\swagger-annotations-2.1.11.jar;C:\Users\Admin\.m2\repository\io\swagger\core\v3\swagger-integration\2.1.11\swagger-integration-2.1.11.jar;C:\Users\Admin\.m2\repository\io\swagger\core\v3\swagger-core\2.1.11\swagger-core-2.1.11.jar;C:\Users\Admin\.m2\repository\com\fasterxml\jackson\dataformat\jackson-dataformat-yaml\2.11.4\jackson-dataformat-yaml-2.11.4.jar;C:\Users\Admin\.m2\repository\io\github\classgraph\classgraph\4.8.116\classgraph-4.8.116.jar;C:\Users\Admin\.m2\repository\org\webjars\swagger-ui\4.1.3\swagger-ui-4.1.3.jar;C:\Users\Admin\.m2\repository\org\webjars\webjars-locator-core\0.45\webjars-locator-core-0.45.jar;C:\Users\Admin\.m2\repository\com\fasterxml\jackson\core\jackson-core\2.11.4\jackson-core-2.11.4.jar;C:\Users\Admin\.m2\repository\org\mockito\mockito-core\3.7.7\mockito-core-3.7.7.jar;C:\Users\Admin\.m2\repository\net\bytebuddy\byte-buddy-agent\1.10.22\byte-buddy-agent-1.10.22.jar;C:\Users\Admin\.m2\repository\org\objenesis\objenesis\3.1\objenesis-3.1.jar;C:\Users\Admin\.m2\repository\com\h2database\h2\2.0.202\h2-2.0.202.jar;"/>
    <property name="sun.cpu.endian" value="little"/>
    <property name="user.home" value="C:\Users\Admin"/>
    <property name="user.language" value="ru"/>
    <property name="java.specification.vendor" value="Oracle Corporation"/>
    <property name="java.home" value="C:\Program Files\JAVA\jdk1.8.0_352\jre"/>
    <property name="basedir" value="E:\1_Java_Work\IDEA_Workspace_22_02_2023\Classtimetable"/>
    <property name="file.separator" value="\"/>
    <property name="line.separator" value="&#10;"/>
    <property name="java.vm.specification.vendor" value="Oracle Corporation"/>
    <property name="java.specification.name" value="Java Platform API Specification"/>
    <property name="java.awt.graphicsenv" value="sun.awt.Win32GraphicsEnvironment"/>
    <property name="java.awt.headless" value="true"/>
    <property name="surefire.real.class.path" value="C:\Users\Admin\AppData\Local\Temp\surefire4451887401512395404\surefirebooter4980853108217087325.jar;C:\\Users\\Admin\\.m2\\repository\\org\\jacoco\\org.jacoco.agent\\0.8.6\\org.jacoco.agent-0.8.6-runtime.jar"/>
    <property name="sun.boot.class.path" value="C:\Program Files\JAVA\jdk1.8.0_352\jre\lib\resources.jar;C:\Program Files\JAVA\jdk1.8.0_352\jre\lib\rt.jar;C:\Program Files\JAVA\jdk1.8.0_352\jre\lib\sunrsasign.jar;C:\Program Files\JAVA\jdk1.8.0_352\jre\lib\jsse.jar;C:\Program Files\JAVA\jdk1.8.0_352\jre\lib\jce.jar;C:\Program Files\JAVA\jdk1.8.0_352\jre\lib\charsets.jar;C:\Program Files\JAVA\jdk1.8.0_352\jre\lib\jfr.jar;C:\Program Files\JAVA\jdk1.8.0_352\jre\classes"/>
    <property name="user.script" value=""/>
    <property name="sun.management.compiler" value="HotSpot 64-Bit Tiered Compilers"/>
    <property name="java.runtime.version" value="1.8.0_352-b08"/>
    <property name="user.name" value="Admin"/>
    <property name="path.separator" value=";"/>
    <property name="os.version" value="10.0"/>
    <property name="java.endorsed.dirs" value="C:\Program Files\JAVA\jdk1.8.0_352\jre\lib\endorsed"/>
    <property name="java.runtime.name" value="OpenJDK Runtime Environment"/>
    <property name="file.encoding" value="Cp1251"/>
    <property name="spring.beaninfo.ignore" value="true"/>
    <property name="java.vm.name" value="OpenJDK 64-Bit Server VM"/>
    <property name="localRepository" value="C:\Users\Admin\.m2\repository"/>
    <property name="java.vendor.url.bug" value="https://github.com/adoptium/adoptium-support/issues"/>
    <property name="java.io.tmpdir" value="C:\Users\Admin\AppData\Local\Temp\"/>
    <property name="idea.version" value="2022.2.1"/>
    <property name="com.zaxxer.hikari.pool_number" value="1"/>
    <property name="java.version" value="1.8.0_352"/>
    <property name="user.dir" value="E:\1_Java_Work\IDEA_Workspace_22_02_2023\Classtimetable"/>
    <property name="os.arch" value="amd64"/>
    <property name="java.vm.specification.name" value="Java Virtual Machine Specification"/>
    <property name="PID" value="2332"/>
    <property name="java.awt.printerjob" value="sun.awt.windows.WPrinterJob"/>
    <property name="user.language.format" value="en"/>
    <property name="sun.os.patch.level" value=""/>
    <property name="java.library.path" value="C:\Program Files\JAVA\jdk1.8.0_352\jre\bin;C:\Windows\Sun\Java\bin;C:\Windows\system32;C:\Windows;C:\Program Files\Python2_7_13\;C:\Program Files\Python3_10\Scripts\;C:\Program Files\Python3_10\;C:\Program Files\Python3_9\Scripts\;C:\Program Files\Python3_9\;C:\Program Files\Python3_11\Scripts\;C:\Program Files\Python3_11\;C:\Program Files\Python38\Scripts\;C:\Program Files\Python38\;C:\Windows\system32;C:\Windows;C:\Windows\System32\Wbem;C:\Windows\System32\WindowsPowerShell\v1.0\;C:\Windows\System32\OpenSSH\;C:\Program Files\dotnet\;C:\Program Files\JAVA\jdk1.8.0_352\bin;C:\Program Files\MAVEN\apache-maven-3.8.6\bin;C:\ProgramData\chocolatey\bin;C:\Program Files (x86)\Yarn\bin\;C:\Program Files\nodejs\;C:\Program Files\Docker\Docker\resources\bin;C:\Program Files\Git\cmd;C:\Users\Admin\AppData\Local\Microsoft\WindowsApps;E:\1WORK_ProgramFiles\VS_Code_1,73\VSCode_2022\Microsoft VS Code\bin;E:\IntelliJ_IDEA_Community_2022.3\bin;;;C:\Users\Admin\AppData\Local\Programs\Microsoft VS Code\bin;E:\1WORK_ProgramFiles\PYTHON_3_WORK\PyCHARM_PROF_2022.2.1\bin;;C:\Users\Admin\AppData\Local\Yarn\bin;C:\Users\Admin\AppData\Roaming\npm;E:\1WORK_ProgramFiles\IDEA_Ultimate_2022.2.1\IntelliJ IDEA 2022.2.1\bin;;."/>
    <property name="java.vm.info" value="mixed mode"/>
    <property name="java.vendor" value="Temurin"/>
    <property name="java.vm.version" value="25.352-b08"/>
    <property name="java.specification.maintenance.version" value="4"/>
    <property name="java.ext.dirs" value="C:\Program Files\JAVA\jdk1.8.0_352\jre\lib\ext;C:\Windows\Sun\Java\lib\ext"/>
    <property name="sun.io.unicode.encoding" value="UnicodeLittle"/>
    <property name="java.class.version" value="52.0"/>
  </properties>
  <testcase name="should_deleteFaculty_when_controllerCallsDeleteMethod" classname="ua.com.foxminded.classtimetable.controllers.rest.FacultyRestControllerIntegrationTest" time="0.056">
    <system-out><![CDATA[26 Feb;19:05:40.194 [main] INFO  u.c.f.c.service.FacultyService - create: faculty = Faculty{id=4, facultyName='The best faculty'}
Hibernate: select faculty0_.id as id1_3_0_, faculty0_.faculty_name as faculty_2_3_0_ from faculties faculty0_ where faculty0_.id=?
Hibernate: insert into faculties (faculty_name) values (?)
Hibernate: select faculty0_.id as id1_3_, faculty0_.faculty_name as faculty_2_3_ from faculties faculty0_
26 Feb;19:05:40.201 [main] INFO  u.c.f.c.service.FacultyService - getAll():
 [Faculty{id=1, facultyName='Faculty of Sciences'}, Faculty{id=2, facultyName='Technical Sciences Faculty'}, Faculty{id=3, facultyName='Faculty of Arts'}, Faculty{id=4, facultyName='The best faculty'}]
Hibernate: select faculty0_.id as id1_3_0_, faculty0_.faculty_name as faculty_2_3_0_ from faculties faculty0_ where faculty0_.id=?
26 Feb;19:05:40.202 [main] INFO  u.c.f.c.service.FacultyService - getById: faculty = Faculty{id=4, facultyName='The best faculty'}
Hibernate: select teacher0_.id as id1_7_, teacher0_.faculty_id as faculty_4_7_, teacher0_.first_name as first_na2_7_, teacher0_.last_name as last_nam3_7_ from teachers teacher0_
Hibernate: select faculty0_.id as id1_3_0_, faculty0_.faculty_name as faculty_2_3_0_ from faculties faculty0_ where faculty0_.id=?
Hibernate: select faculty0_.id as id1_3_0_, faculty0_.faculty_name as faculty_2_3_0_ from faculties faculty0_ where faculty0_.id=?
Hibernate: select faculty0_.id as id1_3_0_, faculty0_.faculty_name as faculty_2_3_0_ from faculties faculty0_ where faculty0_.id=?
Hibernate: select teachercou0_.teacher_id as teacher_1_8_0_, teachercou0_.course_id as course_i2_8_0_, course1_.id as id1_2_1_, course1_.course_name as course_n2_2_1_ from teachers_courses teachercou0_ inner join courses course1_ on teachercou0_.course_id=course1_.id where teachercou0_.teacher_id=?
Hibernate: select courseteac0_.course_id as course_i2_8_0_, courseteac0_.teacher_id as teacher_1_8_0_, teacher1_.id as id1_7_1_, teacher1_.faculty_id as faculty_4_7_1_, teacher1_.first_name as first_na2_7_1_, teacher1_.last_name as last_nam3_7_1_, faculty2_.id as id1_3_2_, faculty2_.faculty_name as faculty_2_3_2_ from teachers_courses courseteac0_ inner join teachers teacher1_ on courseteac0_.teacher_id=teacher1_.id left outer join faculties faculty2_ on teacher1_.faculty_id=faculty2_.id where courseteac0_.course_id=?
Hibernate: select teachercou0_.teacher_id as teacher_1_8_0_, teachercou0_.course_id as course_i2_8_0_, course1_.id as id1_2_1_, course1_.course_name as course_n2_2_1_ from teachers_courses teachercou0_ inner join courses course1_ on teachercou0_.course_id=course1_.id where teachercou0_.teacher_id=?
Hibernate: select courseteac0_.course_id as course_i2_8_0_, courseteac0_.teacher_id as teacher_1_8_0_, teacher1_.id as id1_7_1_, teacher1_.faculty_id as faculty_4_7_1_, teacher1_.first_name as first_na2_7_1_, teacher1_.last_name as last_nam3_7_1_, faculty2_.id as id1_3_2_, faculty2_.faculty_name as faculty_2_3_2_ from teachers_courses courseteac0_ inner join teachers teacher1_ on courseteac0_.teacher_id=teacher1_.id left outer join faculties faculty2_ on teacher1_.faculty_id=faculty2_.id where courseteac0_.course_id=?
Hibernate: select teachercou0_.teacher_id as teacher_1_8_0_, teachercou0_.course_id as course_i2_8_0_, course1_.id as id1_2_1_, course1_.course_name as course_n2_2_1_ from teachers_courses teachercou0_ inner join courses course1_ on teachercou0_.course_id=course1_.id where teachercou0_.teacher_id=?
Hibernate: select courseteac0_.course_id as course_i2_8_0_, courseteac0_.teacher_id as teacher_1_8_0_, teacher1_.id as id1_7_1_, teacher1_.faculty_id as faculty_4_7_1_, teacher1_.first_name as first_na2_7_1_, teacher1_.last_name as last_nam3_7_1_, faculty2_.id as id1_3_2_, faculty2_.faculty_name as faculty_2_3_2_ from teachers_courses courseteac0_ inner join teachers teacher1_ on courseteac0_.teacher_id=teacher1_.id left outer join faculties faculty2_ on teacher1_.faculty_id=faculty2_.id where courseteac0_.course_id=?
Hibernate: select teachercou0_.teacher_id as teacher_1_8_0_, teachercou0_.course_id as course_i2_8_0_, course1_.id as id1_2_1_, course1_.course_name as course_n2_2_1_ from teachers_courses teachercou0_ inner join courses course1_ on teachercou0_.course_id=course1_.id where teachercou0_.teacher_id=?
Hibernate: select courseteac0_.course_id as course_i2_8_0_, courseteac0_.teacher_id as teacher_1_8_0_, teacher1_.id as id1_7_1_, teacher1_.faculty_id as faculty_4_7_1_, teacher1_.first_name as first_na2_7_1_, teacher1_.last_name as last_nam3_7_1_, faculty2_.id as id1_3_2_, faculty2_.faculty_name as faculty_2_3_2_ from teachers_courses courseteac0_ inner join teachers teacher1_ on courseteac0_.teacher_id=teacher1_.id left outer join faculties faculty2_ on teacher1_.faculty_id=faculty2_.id where courseteac0_.course_id=?
Hibernate: select teachercou0_.teacher_id as teacher_1_8_0_, teachercou0_.course_id as course_i2_8_0_, course1_.id as id1_2_1_, course1_.course_name as course_n2_2_1_ from teachers_courses teachercou0_ inner join courses course1_ on teachercou0_.course_id=course1_.id where teachercou0_.teacher_id=?
Hibernate: select teachercou0_.teacher_id as teacher_1_8_0_, teachercou0_.course_id as course_i2_8_0_, course1_.id as id1_2_1_, course1_.course_name as course_n2_2_1_ from teachers_courses teachercou0_ inner join courses course1_ on teachercou0_.course_id=course1_.id where teachercou0_.teacher_id=?
Hibernate: select courseteac0_.course_id as course_i2_8_0_, courseteac0_.teacher_id as teacher_1_8_0_, teacher1_.id as id1_7_1_, teacher1_.faculty_id as faculty_4_7_1_, teacher1_.first_name as first_na2_7_1_, teacher1_.last_name as last_nam3_7_1_, faculty2_.id as id1_3_2_, faculty2_.faculty_name as faculty_2_3_2_ from teachers_courses courseteac0_ inner join teachers teacher1_ on courseteac0_.teacher_id=teacher1_.id left outer join faculties faculty2_ on teacher1_.faculty_id=faculty2_.id where courseteac0_.course_id=?
Hibernate: select teachercou0_.teacher_id as teacher_1_8_0_, teachercou0_.course_id as course_i2_8_0_, course1_.id as id1_2_1_, course1_.course_name as course_n2_2_1_ from teachers_courses teachercou0_ inner join courses course1_ on teachercou0_.course_id=course1_.id where teachercou0_.teacher_id=?
Hibernate: select teachercou0_.teacher_id as teacher_1_8_0_, teachercou0_.course_id as course_i2_8_0_, course1_.id as id1_2_1_, course1_.course_name as course_n2_2_1_ from teachers_courses teachercou0_ inner join courses course1_ on teachercou0_.course_id=course1_.id where teachercou0_.teacher_id=?
Hibernate: select courseteac0_.course_id as course_i2_8_0_, courseteac0_.teacher_id as teacher_1_8_0_, teacher1_.id as id1_7_1_, teacher1_.faculty_id as faculty_4_7_1_, teacher1_.first_name as first_na2_7_1_, teacher1_.last_name as last_nam3_7_1_, faculty2_.id as id1_3_2_, faculty2_.faculty_name as faculty_2_3_2_ from teachers_courses courseteac0_ inner join teachers teacher1_ on courseteac0_.teacher_id=teacher1_.id left outer join faculties faculty2_ on teacher1_.faculty_id=faculty2_.id where courseteac0_.course_id=?
Hibernate: select teachercou0_.teacher_id as teacher_1_8_0_, teachercou0_.course_id as course_i2_8_0_, course1_.id as id1_2_1_, course1_.course_name as course_n2_2_1_ from teachers_courses teachercou0_ inner join courses course1_ on teachercou0_.course_id=course1_.id where teachercou0_.teacher_id=?
Hibernate: select courseteac0_.course_id as course_i2_8_0_, courseteac0_.teacher_id as teacher_1_8_0_, teacher1_.id as id1_7_1_, teacher1_.faculty_id as faculty_4_7_1_, teacher1_.first_name as first_na2_7_1_, teacher1_.last_name as last_nam3_7_1_, faculty2_.id as id1_3_2_, faculty2_.faculty_name as faculty_2_3_2_ from teachers_courses courseteac0_ inner join teachers teacher1_ on courseteac0_.teacher_id=teacher1_.id left outer join faculties faculty2_ on teacher1_.faculty_id=faculty2_.id where courseteac0_.course_id=?
Hibernate: select teachercou0_.teacher_id as teacher_1_8_0_, teachercou0_.course_id as course_i2_8_0_, course1_.id as id1_2_1_, course1_.course_name as course_n2_2_1_ from teachers_courses teachercou0_ inner join courses course1_ on teachercou0_.course_id=course1_.id where teachercou0_.teacher_id=?
Hibernate: select courseteac0_.course_id as course_i2_8_0_, courseteac0_.teacher_id as teacher_1_8_0_, teacher1_.id as id1_7_1_, teacher1_.faculty_id as faculty_4_7_1_, teacher1_.first_name as first_na2_7_1_, teacher1_.last_name as last_nam3_7_1_, faculty2_.id as id1_3_2_, faculty2_.faculty_name as faculty_2_3_2_ from teachers_courses courseteac0_ inner join teachers teacher1_ on courseteac0_.teacher_id=teacher1_.id left outer join faculties faculty2_ on teacher1_.faculty_id=faculty2_.id where courseteac0_.course_id=?
Hibernate: select teachercou0_.teacher_id as teacher_1_8_0_, teachercou0_.course_id as course_i2_8_0_, course1_.id as id1_2_1_, course1_.course_name as course_n2_2_1_ from teachers_courses teachercou0_ inner join courses course1_ on teachercou0_.course_id=course1_.id where teachercou0_.teacher_id=?
Hibernate: select courseteac0_.course_id as course_i2_8_0_, courseteac0_.teacher_id as teacher_1_8_0_, teacher1_.id as id1_7_1_, teacher1_.faculty_id as faculty_4_7_1_, teacher1_.first_name as first_na2_7_1_, teacher1_.last_name as last_nam3_7_1_, faculty2_.id as id1_3_2_, faculty2_.faculty_name as faculty_2_3_2_ from teachers_courses courseteac0_ inner join teachers teacher1_ on courseteac0_.teacher_id=teacher1_.id left outer join faculties faculty2_ on teacher1_.faculty_id=faculty2_.id where courseteac0_.course_id=?
Hibernate: select teachercou0_.teacher_id as teacher_1_8_0_, teachercou0_.course_id as course_i2_8_0_, course1_.id as id1_2_1_, course1_.course_name as course_n2_2_1_ from teachers_courses teachercou0_ inner join courses course1_ on teachercou0_.course_id=course1_.id where teachercou0_.teacher_id=?
Hibernate: select courseteac0_.course_id as course_i2_8_0_, courseteac0_.teacher_id as teacher_1_8_0_, teacher1_.id as id1_7_1_, teacher1_.faculty_id as faculty_4_7_1_, teacher1_.first_name as first_na2_7_1_, teacher1_.last_name as last_nam3_7_1_, faculty2_.id as id1_3_2_, faculty2_.faculty_name as faculty_2_3_2_ from teachers_courses courseteac0_ inner join teachers teacher1_ on courseteac0_.teacher_id=teacher1_.id left outer join faculties faculty2_ on teacher1_.faculty_id=faculty2_.id where courseteac0_.course_id=?
26 Feb;19:05:40.210 [main] INFO  u.c.f.c.service.TeacherService - getAll():
 [Teacher{id=1, firstName='Albert', lastName='Sykes', faculty=Faculty{id=3, facultyName='Faculty of Arts'}}, Teacher{id=2, firstName='Stanley', lastName='Gruber', faculty=Faculty{id=3, facultyName='Faculty of Arts'}}, Teacher{id=3, firstName='Freya', lastName='Shepp', faculty=Faculty{id=3, facultyName='Faculty of Arts'}}, Teacher{id=4, firstName='Olivia', lastName='Blake', faculty=Faculty{id=3, facultyName='Faculty of Arts'}}, Teacher{id=5, firstName='Scarlett', lastName='Nimoy', faculty=Faculty{id=3, facultyName='Faculty of Arts'}}, Teacher{id=6, firstName='Ellie', lastName='Purh', faculty=Faculty{id=1, facultyName='Faculty of Sciences'}}, Teacher{id=7, firstName='Charlie', lastName='Byrne', faculty=Faculty{id=1, facultyName='Faculty of Sciences'}}, Teacher{id=8, firstName='Samuel', lastName='Travis', faculty=Faculty{id=1, facultyName='Faculty of Sciences'}}, Teacher{id=9, firstName='Albert', lastName='Hill', faculty=Faculty{id=1, facultyName='Faculty of Sciences'}}, Teacher{id=10, firstName='Joshua', lastName='Eve', faculty=Faculty{id=2, facultyName='Technical Sciences Faculty'}}, Teacher{id=11, firstName='Sophia', lastName='Roos', faculty=Faculty{id=2, facultyName='Technical Sciences Faculty'}}, Teacher{id=12, firstName='Mia', lastName='Brown', faculty=Faculty{id=2, facultyName='Technical Sciences Faculty'}}]
Hibernate: select student0_.id as id1_5_, student0_.faculty_id as faculty_4_5_, student0_.first_name as first_na2_5_, student0_.last_name as last_nam3_5_ from students student0_
Hibernate: select faculty0_.id as id1_3_0_, faculty0_.faculty_name as faculty_2_3_0_ from faculties faculty0_ where faculty0_.id=?
Hibernate: select faculty0_.id as id1_3_0_, faculty0_.faculty_name as faculty_2_3_0_ from faculties faculty0_ where faculty0_.id=?
Hibernate: select faculty0_.id as id1_3_0_, faculty0_.faculty_name as faculty_2_3_0_ from faculties faculty0_ where faculty0_.id=?
Hibernate: select studentcou0_.student_id as student_1_6_0_, studentcou0_.course_id as course_i2_6_0_, course1_.id as id1_2_1_, course1_.course_name as course_n2_2_1_ from students_courses studentcou0_ inner join courses course1_ on studentcou0_.course_id=course1_.id where studentcou0_.student_id=?
Hibernate: select courseteac0_.course_id as course_i2_8_0_, courseteac0_.teacher_id as teacher_1_8_0_, teacher1_.id as id1_7_1_, teacher1_.faculty_id as faculty_4_7_1_, teacher1_.first_name as first_na2_7_1_, teacher1_.last_name as last_nam3_7_1_, faculty2_.id as id1_3_2_, faculty2_.faculty_name as faculty_2_3_2_ from teachers_courses courseteac0_ inner join teachers teacher1_ on courseteac0_.teacher_id=teacher1_.id left outer join faculties faculty2_ on teacher1_.faculty_id=faculty2_.id where courseteac0_.course_id=?
Hibernate: select teachercou0_.teacher_id as teacher_1_8_0_, teachercou0_.course_id as course_i2_8_0_, course1_.id as id1_2_1_, course1_.course_name as course_n2_2_1_ from teachers_courses teachercou0_ inner join courses course1_ on teachercou0_.course_id=course1_.id where teachercou0_.teacher_id=?
Hibernate: select courseteac0_.course_id as course_i2_8_0_, courseteac0_.teacher_id as teacher_1_8_0_, teacher1_.id as id1_7_1_, teacher1_.faculty_id as faculty_4_7_1_, teacher1_.first_name as first_na2_7_1_, teacher1_.last_name as last_nam3_7_1_, faculty2_.id as id1_3_2_, faculty2_.faculty_name as faculty_2_3_2_ from teachers_courses courseteac0_ inner join teachers teacher1_ on courseteac0_.teacher_id=teacher1_.id left outer join faculties faculty2_ on teacher1_.faculty_id=faculty2_.id where courseteac0_.course_id=?
Hibernate: select teachercou0_.teacher_id as teacher_1_8_0_, teachercou0_.course_id as course_i2_8_0_, course1_.id as id1_2_1_, course1_.course_name as course_n2_2_1_ from teachers_courses teachercou0_ inner join courses course1_ on teachercou0_.course_id=course1_.id where teachercou0_.teacher_id=?
Hibernate: select courseteac0_.course_id as course_i2_8_0_, courseteac0_.teacher_id as teacher_1_8_0_, teacher1_.id as id1_7_1_, teacher1_.faculty_id as faculty_4_7_1_, teacher1_.first_name as first_na2_7_1_, teacher1_.last_name as last_nam3_7_1_, faculty2_.id as id1_3_2_, faculty2_.faculty_name as faculty_2_3_2_ from teachers_courses courseteac0_ inner join teachers teacher1_ on courseteac0_.teacher_id=teacher1_.id left outer join faculties faculty2_ on teacher1_.faculty_id=faculty2_.id where courseteac0_.course_id=?
Hibernate: select teachercou0_.teacher_id as teacher_1_8_0_, teachercou0_.course_id as course_i2_8_0_, course1_.id as id1_2_1_, course1_.course_name as course_n2_2_1_ from teachers_courses teachercou0_ inner join courses course1_ on teachercou0_.course_id=course1_.id where teachercou0_.teacher_id=?
Hibernate: select studentcou0_.student_id as student_1_6_0_, studentcou0_.course_id as course_i2_6_0_, course1_.id as id1_2_1_, course1_.course_name as course_n2_2_1_ from students_courses studentcou0_ inner join courses course1_ on studentcou0_.course_id=course1_.id where studentcou0_.student_id=?
Hibernate: select courseteac0_.course_id as course_i2_8_0_, courseteac0_.teacher_id as teacher_1_8_0_, teacher1_.id as id1_7_1_, teacher1_.faculty_id as faculty_4_7_1_, teacher1_.first_name as first_na2_7_1_, teacher1_.last_name as last_nam3_7_1_, faculty2_.id as id1_3_2_, faculty2_.faculty_name as faculty_2_3_2_ from teachers_courses courseteac0_ inner join teachers teacher1_ on courseteac0_.teacher_id=teacher1_.id left outer join faculties faculty2_ on teacher1_.faculty_id=faculty2_.id where courseteac0_.course_id=?
Hibernate: select teachercou0_.teacher_id as teacher_1_8_0_, teachercou0_.course_id as course_i2_8_0_, course1_.id as id1_2_1_, course1_.course_name as course_n2_2_1_ from teachers_courses teachercou0_ inner join courses course1_ on teachercou0_.course_id=course1_.id where teachercou0_.teacher_id=?
Hibernate: select courseteac0_.course_id as course_i2_8_0_, courseteac0_.teacher_id as teacher_1_8_0_, teacher1_.id as id1_7_1_, teacher1_.faculty_id as faculty_4_7_1_, teacher1_.first_name as first_na2_7_1_, teacher1_.last_name as last_nam3_7_1_, faculty2_.id as id1_3_2_, faculty2_.faculty_name as faculty_2_3_2_ from teachers_courses courseteac0_ inner join teachers teacher1_ on courseteac0_.teacher_id=teacher1_.id left outer join faculties faculty2_ on teacher1_.faculty_id=faculty2_.id where courseteac0_.course_id=?
Hibernate: select teachercou0_.teacher_id as teacher_1_8_0_, teachercou0_.course_id as course_i2_8_0_, course1_.id as id1_2_1_, course1_.course_name as course_n2_2_1_ from teachers_courses teachercou0_ inner join courses course1_ on teachercou0_.course_id=course1_.id where teachercou0_.teacher_id=?
Hibernate: select studentcou0_.student_id as student_1_6_0_, studentcou0_.course_id as course_i2_6_0_, course1_.id as id1_2_1_, course1_.course_name as course_n2_2_1_ from students_courses studentcou0_ inner join courses course1_ on studentcou0_.course_id=course1_.id where studentcou0_.student_id=?
Hibernate: select studentcou0_.student_id as student_1_6_0_, studentcou0_.course_id as course_i2_6_0_, course1_.id as id1_2_1_, course1_.course_name as course_n2_2_1_ from students_courses studentcou0_ inner join courses course1_ on studentcou0_.course_id=course1_.id where studentcou0_.student_id=?
Hibernate: select studentcou0_.student_id as student_1_6_0_, studentcou0_.course_id as course_i2_6_0_, course1_.id as id1_2_1_, course1_.course_name as course_n2_2_1_ from students_courses studentcou0_ inner join courses course1_ on studentcou0_.course_id=course1_.id where studentcou0_.student_id=?
Hibernate: select studentcou0_.student_id as student_1_6_0_, studentcou0_.course_id as course_i2_6_0_, course1_.id as id1_2_1_, course1_.course_name as course_n2_2_1_ from students_courses studentcou0_ inner join courses course1_ on studentcou0_.course_id=course1_.id where studentcou0_.student_id=?
Hibernate: select studentcou0_.student_id as student_1_6_0_, studentcou0_.course_id as course_i2_6_0_, course1_.id as id1_2_1_, course1_.course_name as course_n2_2_1_ from students_courses studentcou0_ inner join courses course1_ on studentcou0_.course_id=course1_.id where studentcou0_.student_id=?
Hibernate: select studentcou0_.student_id as student_1_6_0_, studentcou0_.course_id as course_i2_6_0_, course1_.id as id1_2_1_, course1_.course_name as course_n2_2_1_ from students_courses studentcou0_ inner join courses course1_ on studentcou0_.course_id=course1_.id where studentcou0_.student_id=?
Hibernate: select studentcou0_.student_id as student_1_6_0_, studentcou0_.course_id as course_i2_6_0_, course1_.id as id1_2_1_, course1_.course_name as course_n2_2_1_ from students_courses studentcou0_ inner join courses course1_ on studentcou0_.course_id=course1_.id where studentcou0_.student_id=?
Hibernate: select studentcou0_.student_id as student_1_6_0_, studentcou0_.course_id as course_i2_6_0_, course1_.id as id1_2_1_, course1_.course_name as course_n2_2_1_ from students_courses studentcou0_ inner join courses course1_ on studentcou0_.course_id=course1_.id where studentcou0_.student_id=?
Hibernate: select studentcou0_.student_id as student_1_6_0_, studentcou0_.course_id as course_i2_6_0_, course1_.id as id1_2_1_, course1_.course_name as course_n2_2_1_ from students_courses studentcou0_ inner join courses course1_ on studentcou0_.course_id=course1_.id where studentcou0_.student_id=?
Hibernate: select studentcou0_.student_id as student_1_6_0_, studentcou0_.course_id as course_i2_6_0_, course1_.id as id1_2_1_, course1_.course_name as course_n2_2_1_ from students_courses studentcou0_ inner join courses course1_ on studentcou0_.course_id=course1_.id where studentcou0_.student_id=?
Hibernate: select studentcou0_.student_id as student_1_6_0_, studentcou0_.course_id as course_i2_6_0_, course1_.id as id1_2_1_, course1_.course_name as course_n2_2_1_ from students_courses studentcou0_ inner join courses course1_ on studentcou0_.course_id=course1_.id where studentcou0_.student_id=?
Hibernate: select studentcou0_.student_id as student_1_6_0_, studentcou0_.course_id as course_i2_6_0_, course1_.id as id1_2_1_, course1_.course_name as course_n2_2_1_ from students_courses studentcou0_ inner join courses course1_ on studentcou0_.course_id=course1_.id where studentcou0_.student_id=?
Hibernate: select studentcou0_.student_id as student_1_6_0_, studentcou0_.course_id as course_i2_6_0_, course1_.id as id1_2_1_, course1_.course_name as course_n2_2_1_ from students_courses studentcou0_ inner join courses course1_ on studentcou0_.course_id=course1_.id where studentcou0_.student_id=?
Hibernate: select studentcou0_.student_id as student_1_6_0_, studentcou0_.course_id as course_i2_6_0_, course1_.id as id1_2_1_, course1_.course_name as course_n2_2_1_ from students_courses studentcou0_ inner join courses course1_ on studentcou0_.course_id=course1_.id where studentcou0_.student_id=?
Hibernate: select studentcou0_.student_id as student_1_6_0_, studentcou0_.course_id as course_i2_6_0_, course1_.id as id1_2_1_, course1_.course_name as course_n2_2_1_ from students_courses studentcou0_ inner join courses course1_ on studentcou0_.course_id=course1_.id where studentcou0_.student_id=?
Hibernate: select studentcou0_.student_id as student_1_6_0_, studentcou0_.course_id as course_i2_6_0_, course1_.id as id1_2_1_, course1_.course_name as course_n2_2_1_ from students_courses studentcou0_ inner join courses course1_ on studentcou0_.course_id=course1_.id where studentcou0_.student_id=?
Hibernate: select studentcou0_.student_id as student_1_6_0_, studentcou0_.course_id as course_i2_6_0_, course1_.id as id1_2_1_, course1_.course_name as course_n2_2_1_ from students_courses studentcou0_ inner join courses course1_ on studentcou0_.course_id=course1_.id where studentcou0_.student_id=?
Hibernate: select studentcou0_.student_id as student_1_6_0_, studentcou0_.course_id as course_i2_6_0_, course1_.id as id1_2_1_, course1_.course_name as course_n2_2_1_ from students_courses studentcou0_ inner join courses course1_ on studentcou0_.course_id=course1_.id where studentcou0_.student_id=?
Hibernate: select studentcou0_.student_id as student_1_6_0_, studentcou0_.course_id as course_i2_6_0_, course1_.id as id1_2_1_, course1_.course_name as course_n2_2_1_ from students_courses studentcou0_ inner join courses course1_ on studentcou0_.course_id=course1_.id where studentcou0_.student_id=?
Hibernate: select courseteac0_.course_id as course_i2_8_0_, courseteac0_.teacher_id as teacher_1_8_0_, teacher1_.id as id1_7_1_, teacher1_.faculty_id as faculty_4_7_1_, teacher1_.first_name as first_na2_7_1_, teacher1_.last_name as last_nam3_7_1_, faculty2_.id as id1_3_2_, faculty2_.faculty_name as faculty_2_3_2_ from teachers_courses courseteac0_ inner join teachers teacher1_ on courseteac0_.teacher_id=teacher1_.id left outer join faculties faculty2_ on teacher1_.faculty_id=faculty2_.id where courseteac0_.course_id=?
Hibernate: select teachercou0_.teacher_id as teacher_1_8_0_, teachercou0_.course_id as course_i2_8_0_, course1_.id as id1_2_1_, course1_.course_name as course_n2_2_1_ from teachers_courses teachercou0_ inner join courses course1_ on teachercou0_.course_id=course1_.id where teachercou0_.teacher_id=?
Hibernate: select courseteac0_.course_id as course_i2_8_0_, courseteac0_.teacher_id as teacher_1_8_0_, teacher1_.id as id1_7_1_, teacher1_.faculty_id as faculty_4_7_1_, teacher1_.first_name as first_na2_7_1_, teacher1_.last_name as last_nam3_7_1_, faculty2_.id as id1_3_2_, faculty2_.faculty_name as faculty_2_3_2_ from teachers_courses courseteac0_ inner join teachers teacher1_ on courseteac0_.teacher_id=teacher1_.id left outer join faculties faculty2_ on teacher1_.faculty_id=faculty2_.id where courseteac0_.course_id=?
Hibernate: select teachercou0_.teacher_id as teacher_1_8_0_, teachercou0_.course_id as course_i2_8_0_, course1_.id as id1_2_1_, course1_.course_name as course_n2_2_1_ from teachers_courses teachercou0_ inner join courses course1_ on teachercou0_.course_id=course1_.id where teachercou0_.teacher_id=?
Hibernate: select studentcou0_.student_id as student_1_6_0_, studentcou0_.course_id as course_i2_6_0_, course1_.id as id1_2_1_, course1_.course_name as course_n2_2_1_ from students_courses studentcou0_ inner join courses course1_ on studentcou0_.course_id=course1_.id where studentcou0_.student_id=?
Hibernate: select courseteac0_.course_id as course_i2_8_0_, courseteac0_.teacher_id as teacher_1_8_0_, teacher1_.id as id1_7_1_, teacher1_.faculty_id as faculty_4_7_1_, teacher1_.first_name as first_na2_7_1_, teacher1_.last_name as last_nam3_7_1_, faculty2_.id as id1_3_2_, faculty2_.faculty_name as faculty_2_3_2_ from teachers_courses courseteac0_ inner join teachers teacher1_ on courseteac0_.teacher_id=teacher1_.id left outer join faculties faculty2_ on teacher1_.faculty_id=faculty2_.id where courseteac0_.course_id=?
Hibernate: select teachercou0_.teacher_id as teacher_1_8_0_, teachercou0_.course_id as course_i2_8_0_, course1_.id as id1_2_1_, course1_.course_name as course_n2_2_1_ from teachers_courses teachercou0_ inner join courses course1_ on teachercou0_.course_id=course1_.id where teachercou0_.teacher_id=?
Hibernate: select studentcou0_.student_id as student_1_6_0_, studentcou0_.course_id as course_i2_6_0_, course1_.id as id1_2_1_, course1_.course_name as course_n2_2_1_ from students_courses studentcou0_ inner join courses course1_ on studentcou0_.course_id=course1_.id where studentcou0_.student_id=?
Hibernate: select studentcou0_.student_id as student_1_6_0_, studentcou0_.course_id as course_i2_6_0_, course1_.id as id1_2_1_, course1_.course_name as course_n2_2_1_ from students_courses studentcou0_ inner join courses course1_ on studentcou0_.course_id=course1_.id where studentcou0_.student_id=?
Hibernate: select studentcou0_.student_id as student_1_6_0_, studentcou0_.course_id as course_i2_6_0_, course1_.id as id1_2_1_, course1_.course_name as course_n2_2_1_ from students_courses studentcou0_ inner join courses course1_ on studentcou0_.course_id=course1_.id where studentcou0_.student_id=?
Hibernate: select studentcou0_.student_id as student_1_6_0_, studentcou0_.course_id as course_i2_6_0_, course1_.id as id1_2_1_, course1_.course_name as course_n2_2_1_ from students_courses studentcou0_ inner join courses course1_ on studentcou0_.course_id=course1_.id where studentcou0_.student_id=?
Hibernate: select studentcou0_.student_id as student_1_6_0_, studentcou0_.course_id as course_i2_6_0_, course1_.id as id1_2_1_, course1_.course_name as course_n2_2_1_ from students_courses studentcou0_ inner join courses course1_ on studentcou0_.course_id=course1_.id where studentcou0_.student_id=?
Hibernate: select studentcou0_.student_id as student_1_6_0_, studentcou0_.course_id as course_i2_6_0_, course1_.id as id1_2_1_, course1_.course_name as course_n2_2_1_ from students_courses studentcou0_ inner join courses course1_ on studentcou0_.course_id=course1_.id where studentcou0_.student_id=?
Hibernate: select studentcou0_.student_id as student_1_6_0_, studentcou0_.course_id as course_i2_6_0_, course1_.id as id1_2_1_, course1_.course_name as course_n2_2_1_ from students_courses studentcou0_ inner join courses course1_ on studentcou0_.course_id=course1_.id where studentcou0_.student_id=?
Hibernate: select studentcou0_.student_id as student_1_6_0_, studentcou0_.course_id as course_i2_6_0_, course1_.id as id1_2_1_, course1_.course_name as course_n2_2_1_ from students_courses studentcou0_ inner join courses course1_ on studentcou0_.course_id=course1_.id where studentcou0_.student_id=?
Hibernate: select studentcou0_.student_id as student_1_6_0_, studentcou0_.course_id as course_i2_6_0_, course1_.id as id1_2_1_, course1_.course_name as course_n2_2_1_ from students_courses studentcou0_ inner join courses course1_ on studentcou0_.course_id=course1_.id where studentcou0_.student_id=?
Hibernate: select studentcou0_.student_id as student_1_6_0_, studentcou0_.course_id as course_i2_6_0_, course1_.id as id1_2_1_, course1_.course_name as course_n2_2_1_ from students_courses studentcou0_ inner join courses course1_ on studentcou0_.course_id=course1_.id where studentcou0_.student_id=?
Hibernate: select studentcou0_.student_id as student_1_6_0_, studentcou0_.course_id as course_i2_6_0_, course1_.id as id1_2_1_, course1_.course_name as course_n2_2_1_ from students_courses studentcou0_ inner join courses course1_ on studentcou0_.course_id=course1_.id where studentcou0_.student_id=?
Hibernate: select studentcou0_.student_id as student_1_6_0_, studentcou0_.course_id as course_i2_6_0_, course1_.id as id1_2_1_, course1_.course_name as course_n2_2_1_ from students_courses studentcou0_ inner join courses course1_ on studentcou0_.course_id=course1_.id where studentcou0_.student_id=?
Hibernate: select studentcou0_.student_id as student_1_6_0_, studentcou0_.course_id as course_i2_6_0_, course1_.id as id1_2_1_, course1_.course_name as course_n2_2_1_ from students_courses studentcou0_ inner join courses course1_ on studentcou0_.course_id=course1_.id where studentcou0_.student_id=?
Hibernate: select studentcou0_.student_id as student_1_6_0_, studentcou0_.course_id as course_i2_6_0_, course1_.id as id1_2_1_, course1_.course_name as course_n2_2_1_ from students_courses studentcou0_ inner join courses course1_ on studentcou0_.course_id=course1_.id where studentcou0_.student_id=?
Hibernate: select studentcou0_.student_id as student_1_6_0_, studentcou0_.course_id as course_i2_6_0_, course1_.id as id1_2_1_, course1_.course_name as course_n2_2_1_ from students_courses studentcou0_ inner join courses course1_ on studentcou0_.course_id=course1_.id where studentcou0_.student_id=?
Hibernate: select studentcou0_.student_id as student_1_6_0_, studentcou0_.course_id as course_i2_6_0_, course1_.id as id1_2_1_, course1_.course_name as course_n2_2_1_ from students_courses studentcou0_ inner join courses course1_ on studentcou0_.course_id=course1_.id where studentcou0_.student_id=?
Hibernate: select studentcou0_.student_id as student_1_6_0_, studentcou0_.course_id as course_i2_6_0_, course1_.id as id1_2_1_, course1_.course_name as course_n2_2_1_ from students_courses studentcou0_ inner join courses course1_ on studentcou0_.course_id=course1_.id where studentcou0_.student_id=?
Hibernate: select studentcou0_.student_id as student_1_6_0_, studentcou0_.course_id as course_i2_6_0_, course1_.id as id1_2_1_, course1_.course_name as course_n2_2_1_ from students_courses studentcou0_ inner join courses course1_ on studentcou0_.course_id=course1_.id where studentcou0_.student_id=?
Hibernate: select studentcou0_.student_id as student_1_6_0_, studentcou0_.course_id as course_i2_6_0_, course1_.id as id1_2_1_, course1_.course_name as course_n2_2_1_ from students_courses studentcou0_ inner join courses course1_ on studentcou0_.course_id=course1_.id where studentcou0_.student_id=?
Hibernate: select courseteac0_.course_id as course_i2_8_0_, courseteac0_.teacher_id as teacher_1_8_0_, teacher1_.id as id1_7_1_, teacher1_.faculty_id as faculty_4_7_1_, teacher1_.first_name as first_na2_7_1_, teacher1_.last_name as last_nam3_7_1_, faculty2_.id as id1_3_2_, faculty2_.faculty_name as faculty_2_3_2_ from teachers_courses courseteac0_ inner join teachers teacher1_ on courseteac0_.teacher_id=teacher1_.id left outer join faculties faculty2_ on teacher1_.faculty_id=faculty2_.id where courseteac0_.course_id=?
Hibernate: select teachercou0_.teacher_id as teacher_1_8_0_, teachercou0_.course_id as course_i2_8_0_, course1_.id as id1_2_1_, course1_.course_name as course_n2_2_1_ from teachers_courses teachercou0_ inner join courses course1_ on teachercou0_.course_id=course1_.id where teachercou0_.teacher_id=?
Hibernate: select teachercou0_.teacher_id as teacher_1_8_0_, teachercou0_.course_id as course_i2_8_0_, course1_.id as id1_2_1_, course1_.course_name as course_n2_2_1_ from teachers_courses teachercou0_ inner join courses course1_ on teachercou0_.course_id=course1_.id where teachercou0_.teacher_id=?
Hibernate: select studentcou0_.student_id as student_1_6_0_, studentcou0_.course_id as course_i2_6_0_, course1_.id as id1_2_1_, course1_.course_name as course_n2_2_1_ from students_courses studentcou0_ inner join courses course1_ on studentcou0_.course_id=course1_.id where studentcou0_.student_id=?
Hibernate: select courseteac0_.course_id as course_i2_8_0_, courseteac0_.teacher_id as teacher_1_8_0_, teacher1_.id as id1_7_1_, teacher1_.faculty_id as faculty_4_7_1_, teacher1_.first_name as first_na2_7_1_, teacher1_.last_name as last_nam3_7_1_, faculty2_.id as id1_3_2_, faculty2_.faculty_name as faculty_2_3_2_ from teachers_courses courseteac0_ inner join teachers teacher1_ on courseteac0_.teacher_id=teacher1_.id left outer join faculties faculty2_ on teacher1_.faculty_id=faculty2_.id where courseteac0_.course_id=?
Hibernate: select teachercou0_.teacher_id as teacher_1_8_0_, teachercou0_.course_id as course_i2_8_0_, course1_.id as id1_2_1_, course1_.course_name as course_n2_2_1_ from teachers_courses teachercou0_ inner join courses course1_ on teachercou0_.course_id=course1_.id where teachercou0_.teacher_id=?
Hibernate: select teachercou0_.teacher_id as teacher_1_8_0_, teachercou0_.course_id as course_i2_8_0_, course1_.id as id1_2_1_, course1_.course_name as course_n2_2_1_ from teachers_courses teachercou0_ inner join courses course1_ on teachercou0_.course_id=course1_.id where teachercou0_.teacher_id=?
Hibernate: select studentcou0_.student_id as student_1_6_0_, studentcou0_.course_id as course_i2_6_0_, course1_.id as id1_2_1_, course1_.course_name as course_n2_2_1_ from students_courses studentcou0_ inner join courses course1_ on studentcou0_.course_id=course1_.id where studentcou0_.student_id=?
Hibernate: select studentcou0_.student_id as student_1_6_0_, studentcou0_.course_id as course_i2_6_0_, course1_.id as id1_2_1_, course1_.course_name as course_n2_2_1_ from students_courses studentcou0_ inner join courses course1_ on studentcou0_.course_id=course1_.id where studentcou0_.student_id=?
Hibernate: select studentcou0_.student_id as student_1_6_0_, studentcou0_.course_id as course_i2_6_0_, course1_.id as id1_2_1_, course1_.course_name as course_n2_2_1_ from students_courses studentcou0_ inner join courses course1_ on studentcou0_.course_id=course1_.id where studentcou0_.student_id=?
Hibernate: select studentcou0_.student_id as student_1_6_0_, studentcou0_.course_id as course_i2_6_0_, course1_.id as id1_2_1_, course1_.course_name as course_n2_2_1_ from students_courses studentcou0_ inner join courses course1_ on studentcou0_.course_id=course1_.id where studentcou0_.student_id=?
Hibernate: select studentcou0_.student_id as student_1_6_0_, studentcou0_.course_id as course_i2_6_0_, course1_.id as id1_2_1_, course1_.course_name as course_n2_2_1_ from students_courses studentcou0_ inner join courses course1_ on studentcou0_.course_id=course1_.id where studentcou0_.student_id=?
Hibernate: select studentcou0_.student_id as student_1_6_0_, studentcou0_.course_id as course_i2_6_0_, course1_.id as id1_2_1_, course1_.course_name as course_n2_2_1_ from students_courses studentcou0_ inner join courses course1_ on studentcou0_.course_id=course1_.id where studentcou0_.student_id=?
Hibernate: select studentcou0_.student_id as student_1_6_0_, studentcou0_.course_id as course_i2_6_0_, course1_.id as id1_2_1_, course1_.course_name as course_n2_2_1_ from students_courses studentcou0_ inner join courses course1_ on studentcou0_.course_id=course1_.id where studentcou0_.student_id=?
Hibernate: select studentcou0_.student_id as student_1_6_0_, studentcou0_.course_id as course_i2_6_0_, course1_.id as id1_2_1_, course1_.course_name as course_n2_2_1_ from students_courses studentcou0_ inner join courses course1_ on studentcou0_.course_id=course1_.id where studentcou0_.student_id=?
Hibernate: select studentcou0_.student_id as student_1_6_0_, studentcou0_.course_id as course_i2_6_0_, course1_.id as id1_2_1_, course1_.course_name as course_n2_2_1_ from students_courses studentcou0_ inner join courses course1_ on studentcou0_.course_id=course1_.id where studentcou0_.student_id=?
Hibernate: select studentcou0_.student_id as student_1_6_0_, studentcou0_.course_id as course_i2_6_0_, course1_.id as id1_2_1_, course1_.course_name as course_n2_2_1_ from students_courses studentcou0_ inner join courses course1_ on studentcou0_.course_id=course1_.id where studentcou0_.student_id=?
Hibernate: select studentcou0_.student_id as student_1_6_0_, studentcou0_.course_id as course_i2_6_0_, course1_.id as id1_2_1_, course1_.course_name as course_n2_2_1_ from students_courses studentcou0_ inner join courses course1_ on studentcou0_.course_id=course1_.id where studentcou0_.student_id=?
Hibernate: select studentcou0_.student_id as student_1_6_0_, studentcou0_.course_id as course_i2_6_0_, course1_.id as id1_2_1_, course1_.course_name as course_n2_2_1_ from students_courses studentcou0_ inner join courses course1_ on studentcou0_.course_id=course1_.id where studentcou0_.student_id=?
Hibernate: select studentcou0_.student_id as student_1_6_0_, studentcou0_.course_id as course_i2_6_0_, course1_.id as id1_2_1_, course1_.course_name as course_n2_2_1_ from students_courses studentcou0_ inner join courses course1_ on studentcou0_.course_id=course1_.id where studentcou0_.student_id=?
Hibernate: select studentcou0_.student_id as student_1_6_0_, studentcou0_.course_id as course_i2_6_0_, course1_.id as id1_2_1_, course1_.course_name as course_n2_2_1_ from students_courses studentcou0_ inner join courses course1_ on studentcou0_.course_id=course1_.id where studentcou0_.student_id=?
Hibernate: select studentcou0_.student_id as student_1_6_0_, studentcou0_.course_id as course_i2_6_0_, course1_.id as id1_2_1_, course1_.course_name as course_n2_2_1_ from students_courses studentcou0_ inner join courses course1_ on studentcou0_.course_id=course1_.id where studentcou0_.student_id=?
Hibernate: select studentcou0_.student_id as student_1_6_0_, studentcou0_.course_id as course_i2_6_0_, course1_.id as id1_2_1_, course1_.course_name as course_n2_2_1_ from students_courses studentcou0_ inner join courses course1_ on studentcou0_.course_id=course1_.id where studentcou0_.student_id=?
Hibernate: select studentcou0_.student_id as student_1_6_0_, studentcou0_.course_id as course_i2_6_0_, course1_.id as id1_2_1_, course1_.course_name as course_n2_2_1_ from students_courses studentcou0_ inner join courses course1_ on studentcou0_.course_id=course1_.id where studentcou0_.student_id=?
Hibernate: select studentcou0_.student_id as student_1_6_0_, studentcou0_.course_id as course_i2_6_0_, course1_.id as id1_2_1_, course1_.course_name as course_n2_2_1_ from students_courses studentcou0_ inner join courses course1_ on studentcou0_.course_id=course1_.id where studentcou0_.student_id=?
26 Feb;19:05:40.241 [main] INFO  u.c.f.c.service.StudentService - getAll():
 [Student{id=1, firstName='Jacob', lastName='Rose', faculty=Faculty{id=1, facultyName='Faculty of Sciences'}}, Student{id=2, firstName='Jacob', lastName='Sykes', faculty=Faculty{id=1, facultyName='Faculty of Sciences'}}, Student{id=3, firstName='Jacob', lastName='Eve', faculty=Faculty{id=1, facultyName='Faculty of Sciences'}}, Student{id=4, firstName='Jacob', lastName='King', faculty=Faculty{id=1, facultyName='Faculty of Sciences'}}, Student{id=5, firstName='Jacob', lastName='Tucci', faculty=Faculty{id=1, facultyName='Faculty of Sciences'}}, Student{id=6, firstName='Oliver', lastName='Rose', faculty=Faculty{id=1, facultyName='Faculty of Sciences'}}, Student{id=7, firstName='Oliver', lastName='Sykes', faculty=Faculty{id=1, facultyName='Faculty of Sciences'}}, Student{id=8, firstName='Oliver', lastName='Eve', faculty=Faculty{id=1, facultyName='Faculty of Sciences'}}, Student{id=9, firstName='Oliver', lastName='King', faculty=Faculty{id=1, facultyName='Faculty of Sciences'}}, Student{id=10, firstName='Oliver', lastName='Tucci', faculty=Faculty{id=1, facultyName='Faculty of Sciences'}}, Student{id=11, firstName='Ellie', lastName='Rose', faculty=Faculty{id=1, facultyName='Faculty of Sciences'}}, Student{id=12, firstName='Ellie', lastName='Sykes', faculty=Faculty{id=1, facultyName='Faculty of Sciences'}}, Student{id=13, firstName='Ellie', lastName='Eve', faculty=Faculty{id=1, facultyName='Faculty of Sciences'}}, Student{id=14, firstName='Ellie', lastName='King', faculty=Faculty{id=1, facultyName='Faculty of Sciences'}}, Student{id=15, firstName='Ellie', lastName='Tucci', faculty=Faculty{id=1, facultyName='Faculty of Sciences'}}, Student{id=16, firstName='Ruby', lastName='Rose', faculty=Faculty{id=1, facultyName='Faculty of Sciences'}}, Student{id=17, firstName='Ruby', lastName='Sykes', faculty=Faculty{id=1, facultyName='Faculty of Sciences'}}, Student{id=18, firstName='Ruby', lastName='Eve', faculty=Faculty{id=1, facultyName='Faculty of Sciences'}}, Student{id=19, firstName='Ruby', lastName='King', faculty=Faculty{id=1, facultyName='Faculty of Sciences'}}, Student{id=20, firstName='Ruby', lastName='Tucci', faculty=Faculty{id=1, facultyName='Faculty of Sciences'}}, Student{id=21, firstName='Mary', lastName='Rose', faculty=Faculty{id=2, facultyName='Technical Sciences Faculty'}}, Student{id=22, firstName='Mary', lastName='Sykes', faculty=Faculty{id=2, facultyName='Technical Sciences Faculty'}}, Student{id=23, firstName='Mary', lastName='Eve', faculty=Faculty{id=2, facultyName='Technical Sciences Faculty'}}, Student{id=24, firstName='Mary', lastName='King', faculty=Faculty{id=2, facultyName='Technical Sciences Faculty'}}, Student{id=25, firstName='Mary', lastName='Tucci', faculty=Faculty{id=2, facultyName='Technical Sciences Faculty'}}, Student{id=26, firstName='Albert', lastName='Rose', faculty=Faculty{id=2, facultyName='Technical Sciences Faculty'}}, Student{id=27, firstName='Albert', lastName='Sykes', faculty=Faculty{id=2, facultyName='Technical Sciences Faculty'}}, Student{id=28, firstName='Albert', lastName='Eve', faculty=Faculty{id=2, facultyName='Technical Sciences Faculty'}}, Student{id=29, firstName='Albert', lastName='King', faculty=Faculty{id=2, facultyName='Technical Sciences Faculty'}}, Student{id=30, firstName='Albert', lastName='Tucci', faculty=Faculty{id=2, facultyName='Technical Sciences Faculty'}}, Student{id=31, firstName='Charlie', lastName='Rose', faculty=Faculty{id=2, facultyName='Technical Sciences Faculty'}}, Student{id=32, firstName='Charlie', lastName='Sykes', faculty=Faculty{id=2, facultyName='Technical Sciences Faculty'}}, Student{id=33, firstName='Charlie', lastName='Eve', faculty=Faculty{id=2, facultyName='Technical Sciences Faculty'}}, Student{id=34, firstName='Charlie', lastName='King', faculty=Faculty{id=2, facultyName='Technical Sciences Faculty'}}, Student{id=35, firstName='Charlie', lastName='Tucci', faculty=Faculty{id=2, facultyName='Technical Sciences Faculty'}}, Student{id=36, firstName='Samuel', lastName='Rose', faculty=Faculty{id=2, facultyName='Technical Sciences Faculty'}}, Student{id=37, firstName='Samuel', lastName='Sykes', faculty=Faculty{id=2, facultyName='Technical Sciences Faculty'}}, Student{id=38, firstName='Samuel', lastName='Eve', faculty=Faculty{id=2, facultyName='Technical Sciences Faculty'}}, Student{id=39, firstName='Samuel', lastName='King', faculty=Faculty{id=2, facultyName='Technical Sciences Faculty'}}, Student{id=40, firstName='Samuel', lastName='Tucci', faculty=Faculty{id=2, facultyName='Technical Sciences Faculty'}}, Student{id=41, firstName='Thomas', lastName='Rose', faculty=Faculty{id=3, facultyName='Faculty of Arts'}}, Student{id=42, firstName='Thomas', lastName='Sykes', faculty=Faculty{id=3, facultyName='Faculty of Arts'}}, Student{id=43, firstName='Thomas', lastName='Eve', faculty=Faculty{id=3, facultyName='Faculty of Arts'}}, Student{id=44, firstName='Thomas', lastName='King', faculty=Faculty{id=3, facultyName='Faculty of Arts'}}, Student{id=45, firstName='Thomas', lastName='Tucci', faculty=Faculty{id=3, facultyName='Faculty of Arts'}}, Student{id=46, firstName='Leonard', lastName='Rose', faculty=Faculty{id=3, facultyName='Faculty of Arts'}}, Student{id=47, firstName='Leonard', lastName='Sykes', faculty=Faculty{id=3, facultyName='Faculty of Arts'}}, Student{id=48, firstName='Leonard', lastName='Eve', faculty=Faculty{id=3, facultyName='Faculty of Arts'}}, Student{id=49, firstName='Leonard', lastName='King', faculty=Faculty{id=3, facultyName='Faculty of Arts'}}, Student{id=50, firstName='Leonard', lastName='Tucci', faculty=Faculty{id=3, facultyName='Faculty of Arts'}}, Student{id=51, firstName='Joshua', lastName='Rose', faculty=Faculty{id=3, facultyName='Faculty of Arts'}}, Student{id=52, firstName='Joshua', lastName='Sykes', faculty=Faculty{id=3, facultyName='Faculty of Arts'}}, Student{id=53, firstName='Joshua', lastName='Eve', faculty=Faculty{id=3, facultyName='Faculty of Arts'}}, Student{id=54, firstName='Joshua', lastName='King', faculty=Faculty{id=3, facultyName='Faculty of Arts'}}, Student{id=55, firstName='Joshua', lastName='Tucci', faculty=Faculty{id=3, facultyName='Faculty of Arts'}}, Student{id=56, firstName='Jack', lastName='Rose', faculty=Faculty{id=3, facultyName='Faculty of Arts'}}, Student{id=57, firstName='Jack', lastName='Sykes', faculty=Faculty{id=3, facultyName='Faculty of Arts'}}, Student{id=58, firstName='Jack', lastName='Eve', faculty=Faculty{id=3, facultyName='Faculty of Arts'}}, Student{id=59, firstName='Jack', lastName='King', faculty=Faculty{id=3, facultyName='Faculty of Arts'}}, Student{id=60, firstName='Jack', lastName='Tucci', faculty=Faculty{id=3, facultyName='Faculty of Arts'}}]
26 Feb;19:05:40.242 [main] INFO  u.c.f.c.service.FacultyService - delete: faculty with ID = 4
Hibernate: select faculty0_.id as id1_3_0_, faculty0_.faculty_name as faculty_2_3_0_ from faculties faculty0_ where faculty0_.id=?
Hibernate: delete from faculties where id=?
Hibernate: select faculty0_.id as id1_3_, faculty0_.faculty_name as faculty_2_3_ from faculties faculty0_
26 Feb;19:05:40.246 [main] INFO  u.c.f.c.service.FacultyService - getAll():
 [Faculty{id=1, facultyName='Faculty of Sciences'}, Faculty{id=2, facultyName='Technical Sciences Faculty'}, Faculty{id=3, facultyName='Faculty of Arts'}]
]]></system-out>
  </testcase>
  <testcase name="should_updateFaculty_when_controllerCallsUpdateMethod" classname="ua.com.foxminded.classtimetable.controllers.rest.FacultyRestControllerIntegrationTest" time="0.008">
    <system-out><![CDATA[Hibernate: select faculty0_.id as id1_3_0_, faculty0_.faculty_name as faculty_2_3_0_ from faculties faculty0_ where faculty0_.id=?
26 Feb;19:05:40.252 [main] INFO  u.c.f.c.service.FacultyService - getById: faculty = Faculty{id=1, facultyName='Faculty of Sciences'}
26 Feb;19:05:40.252 [main] INFO  u.c.f.c.service.FacultyService - update: faculty = Faculty{id=1, facultyName='Changed faculty name'}
Hibernate: select faculty0_.id as id1_3_0_, faculty0_.faculty_name as faculty_2_3_0_ from faculties faculty0_ where faculty0_.id=?
Hibernate: update faculties set faculty_name=? where id=?
Hibernate: select faculty0_.id as id1_3_0_, faculty0_.faculty_name as faculty_2_3_0_ from faculties faculty0_ where faculty0_.id=?
26 Feb;19:05:40.255 [main] INFO  u.c.f.c.service.FacultyService - getById: faculty = Faculty{id=1, facultyName='Changed faculty name'}
]]></system-out>
  </testcase>
  <testcase name="should_createNewFaculty_when_controllerCallsAddToDBMethod" classname="ua.com.foxminded.classtimetable.controllers.rest.FacultyRestControllerIntegrationTest" time="0.008">
    <system-out><![CDATA[Hibernate: select faculty0_.id as id1_3_, faculty0_.faculty_name as faculty_2_3_ from faculties faculty0_
26 Feb;19:05:40.260 [main] INFO  u.c.f.c.service.FacultyService - getAll():
 [Faculty{id=1, facultyName='Changed faculty name'}, Faculty{id=2, facultyName='Technical Sciences Faculty'}, Faculty{id=3, facultyName='Faculty of Arts'}]
26 Feb;19:05:40.260 [main] INFO  u.c.f.c.service.FacultyService - create: faculty = Faculty{id=4, facultyName='Faculty name'}
Hibernate: select faculty0_.id as id1_3_0_, faculty0_.faculty_name as faculty_2_3_0_ from faculties faculty0_ where faculty0_.id=?
Hibernate: insert into faculties (faculty_name) values (?)
Hibernate: select faculty0_.id as id1_3_, faculty0_.faculty_name as faculty_2_3_ from faculties faculty0_
26 Feb;19:05:40.263 [main] INFO  u.c.f.c.service.FacultyService - getAll():
 [Faculty{id=1, facultyName='Changed faculty name'}, Faculty{id=2, facultyName='Technical Sciences Faculty'}, Faculty{id=3, facultyName='Faculty of Arts'}, Faculty{id=5, facultyName='Faculty name'}]
]]></system-out>
  </testcase>
</testsuite>