<?xml version="1.0" encoding="UTF-8"?>
<testsuite xmlns:xsi="http://www.w3.org/2001/XMLSchema-instance" xsi:noNamespaceSchemaLocation="https://maven.apache.org/surefire/maven-surefire-plugin/xsd/surefire-test-report-3.0.xsd" version="3.0" name="ua.com.foxminded.classtimetable.controllers.rest.BuildingRestControllerIntegrationTest" time="8.047" tests="3" errors="0" skipped="0" failures="0">
  <properties>
    <property name="sun.desktop" value="windows"/>
    <property name="awt.toolkit" value="sun.awt.windows.WToolkit"/>
    <property name="file.encoding.pkg" value="sun.io"/>
    <property name="java.specification.version" value="1.8"/>
    <property name="sun.cpu.isalist" value="amd64"/>
    <property name="sun.jnu.encoding" value="Cp1251"/>
    <property name="java.class.path" value="E:\1_Java_Work\IDEA_Workspace_22_02_2023\Classtimetable\target\test-classes;E:\1_Java_Work\IDEA_Workspace_22_02_2023\Classtimetable\target\classes;C:\Users\Admin\.m2\repository\org\springframework\boot\spring-boot-starter\2.3.10.RELEASE\spring-boot-starter-2.3.10.RELEASE.jar;C:\Users\Admin\.m2\repository\org\springframework\boot\spring-boot\2.3.10.RELEASE\spring-boot-2.3.10.RELEASE.jar;C:\Users\Admin\.m2\repository\org\springframework\spring-context\5.2.14.RELEASE\spring-context-5.2.14.RELEASE.jar;C:\Users\Admin\.m2\repository\org\springframework\boot\spring-boot-autoconfigure\2.3.10.RELEASE\spring-boot-autoconfigure-2.3.10.RELEASE.jar;C:\Users\Admin\.m2\repository\org\springframework\boot\spring-boot-starter-logging\2.3.10.RELEASE\spring-boot-starter-logging-2.3.10.RELEASE.jar;C:\Users\Admin\.m2\repository\org\apache\logging\log4j\log4j-to-slf4j\2.13.3\log4j-to-slf4j-2.13.3.jar;C:\Users\Admin\.m2\repository\org\apache\logging\log4j\log4j-api\2.13.3\log4j-api-2.13.3.jar;C:\Users\Admin\.m2\repository\org\slf4j\jul-to-slf4j\1.7.30\jul-to-slf4j-1.7.30.jar;C:\Users\Admin\.m2\repository\jakarta\annotation\jakarta.annotation-api\1.3.5\jakarta.annotation-api-1.3.5.jar;C:\Users\Admin\.m2\repository\org\springframework\spring-core\5.2.14.RELEASE\spring-core-5.2.14.RELEASE.jar;C:\Users\Admin\.m2\repository\org\springframework\spring-jcl\5.2.14.RELEASE\spring-jcl-5.2.14.RELEASE.jar;C:\Users\Admin\.m2\repository\org\yaml\snakeyaml\1.26\snakeyaml-1.26.jar;C:\Users\Admin\.m2\repository\org\springframework\boot\spring-boot-starter-web\2.3.10.RELEASE\spring-boot-starter-web-2.3.10.RELEASE.jar;C:\Users\Admin\.m2\repository\org\springframework\boot\spring-boot-starter-json\2.3.10.RELEASE\spring-boot-starter-json-2.3.10.RELEASE.jar;C:\Users\Admin\.m2\repository\com\fasterxml\jackson\core\jackson-databind\2.11.4\jackson-databind-2.11.4.jar;C:\Users\Admin\.m2\repository\com\fasterxml\jackson\core\jackson-annotations\2.11.4\jackson-annotations-2.11.4.jar;C:\Users\Admin\.m2\repository\com\fasterxml\jackson\datatype\jackson-datatype-jdk8\2.11.4\jackson-datatype-jdk8-2.11.4.jar;C:\Users\Admin\.m2\repository\com\fasterxml\jackson\datatype\jackson-datatype-jsr310\2.11.4\jackson-datatype-jsr310-2.11.4.jar;C:\Users\Admin\.m2\repository\com\fasterxml\jackson\module\jackson-module-parameter-names\2.11.4\jackson-module-parameter-names-2.11.4.jar;C:\Users\Admin\.m2\repository\org\springframework\boot\spring-boot-starter-tomcat\2.3.10.RELEASE\spring-boot-starter-tomcat-2.3.10.RELEASE.jar;C:\Users\Admin\.m2\repository\org\apache\tomcat\embed\tomcat-embed-core\9.0.45\tomcat-embed-core-9.0.45.jar;C:\Users\Admin\.m2\repository\org\apache\tomcat\embed\tomcat-embed-websocket\9.0.45\tomcat-embed-websocket-9.0.45.jar;C:\Users\Admin\.m2\repository\org\springframework\spring-web\5.2.14.RELEASE\spring-web-5.2.14.RELEASE.jar;C:\Users\Admin\.m2\repository\org\springframework\spring-beans\5.2.14.RELEASE\spring-beans-5.2.14.RELEASE.jar;C:\Users\Admin\.m2\repository\org\springframework\spring-webmvc\5.2.14.RELEASE\spring-webmvc-5.2.14.RELEASE.jar;C:\Users\Admin\.m2\repository\org\springframework\spring-aop\5.2.14.RELEASE\spring-aop-5.2.14.RELEASE.jar;C:\Users\Admin\.m2\repository\org\springframework\spring-expression\5.2.14.RELEASE\spring-expression-5.2.14.RELEASE.jar;C:\Users\Admin\.m2\repository\org\springframework\boot\spring-boot-starter-thymeleaf\2.3.10.RELEASE\spring-boot-starter-thymeleaf-2.3.10.RELEASE.jar;C:\Users\Admin\.m2\repository\org\thymeleaf\thymeleaf-spring5\3.0.12.RELEASE\thymeleaf-spring5-3.0.12.RELEASE.jar;C:\Users\Admin\.m2\repository\org\thymeleaf\thymeleaf\3.0.12.RELEASE\thymeleaf-3.0.12.RELEASE.jar;C:\Users\Admin\.m2\repository\org\attoparser\attoparser\2.0.5.RELEASE\attoparser-2.0.5.RELEASE.jar;C:\Users\Admin\.m2\repository\org\unbescape\unbescape\1.1.6.RELEASE\unbescape-1.1.6.RELEASE.jar;C:\Users\Admin\.m2\repository\org\thymeleaf\extras\thymeleaf-extras-java8time\3.0.4.RELEASE\thymeleaf-extras-java8time-3.0.4.RELEASE.jar;C:\Users\Admin\.m2\repository\org\springframework\boot\spring-boot-starter-data-jpa\2.3.10.RELEASE\spring-boot-starter-data-jpa-2.3.10.RELEASE.jar;C:\Users\Admin\.m2\repository\org\springframework\boot\spring-boot-starter-aop\2.3.10.RELEASE\spring-boot-starter-aop-2.3.10.RELEASE.jar;C:\Users\Admin\.m2\repository\org\aspectj\aspectjweaver\1.9.6\aspectjweaver-1.9.6.jar;C:\Users\Admin\.m2\repository\org\springframework\boot\spring-boot-starter-jdbc\2.3.10.RELEASE\spring-boot-starter-jdbc-2.3.10.RELEASE.jar;C:\Users\Admin\.m2\repository\com\zaxxer\HikariCP\3.4.5\HikariCP-3.4.5.jar;C:\Users\Admin\.m2\repository\org\springframework\spring-jdbc\5.2.14.RELEASE\spring-jdbc-5.2.14.RELEASE.jar;C:\Users\Admin\.m2\repository\jakarta\transaction\jakarta.transaction-api\1.3.3\jakarta.transaction-api-1.3.3.jar;C:\Users\Admin\.m2\repository\jakarta\persistence\jakarta.persistence-api\2.2.3\jakarta.persistence-api-2.2.3.jar;C:\Users\Admin\.m2\repository\org\springframework\data\spring-data-jpa\2.3.9.RELEASE\spring-data-jpa-2.3.9.RELEASE.jar;C:\Users\Admin\.m2\repository\org\springframework\data\spring-data-commons\2.3.9.RELEASE\spring-data-commons-2.3.9.RELEASE.jar;C:\Users\Admin\.m2\repository\org\springframework\spring-orm\5.2.14.RELEASE\spring-orm-5.2.14.RELEASE.jar;C:\Users\Admin\.m2\repository\org\springframework\spring-tx\5.2.14.RELEASE\spring-tx-5.2.14.RELEASE.jar;C:\Users\Admin\.m2\repository\org\springframework\spring-aspects\5.2.14.RELEASE\spring-aspects-5.2.14.RELEASE.jar;C:\Users\Admin\.m2\repository\org\springframework\boot\spring-boot-starter-validation\2.3.10.RELEASE\spring-boot-starter-validation-2.3.10.RELEASE.jar;C:\Users\Admin\.m2\repository\org\glassfish\jakarta.el\3.0.3\jakarta.el-3.0.3.jar;C:\Users\Admin\.m2\repository\org\springframework\boot\spring-boot-starter-test\2.3.10.RELEASE\spring-boot-starter-test-2.3.10.RELEASE.jar;C:\Users\Admin\.m2\repository\org\springframework\boot\spring-boot-test\2.3.10.RELEASE\spring-boot-test-2.3.10.RELEASE.jar;C:\Users\Admin\.m2\repository\org\springframework\boot\spring-boot-test-autoconfigure\2.3.10.RELEASE\spring-boot-test-autoconfigure-2.3.10.RELEASE.jar;C:\Users\Admin\.m2\repository\com\jayway\jsonpath\json-path\2.4.0\json-path-2.4.0.jar;C:\Users\Admin\.m2\repository\net\minidev\json-smart\2.3\json-smart-2.3.jar;C:\Users\Admin\.m2\repository\net\minidev\accessors-smart\1.2\accessors-smart-1.2.jar;C:\Users\Admin\.m2\repository\org\ow2\asm\asm\5.0.4\asm-5.0.4.jar;C:\Users\Admin\.m2\repository\jakarta\xml\bind\jakarta.xml.bind-api\2.3.3\jakarta.xml.bind-api-2.3.3.jar;C:\Users\Admin\.m2\repository\jakarta\activation\jakarta.activation-api\1.2.2\jakarta.activation-api-1.2.2.jar;C:\Users\Admin\.m2\repository\org\assertj\assertj-core\3.16.1\assertj-core-3.16.1.jar;C:\Users\Admin\.m2\repository\org\hamcrest\hamcrest\2.2\hamcrest-2.2.jar;C:\Users\Admin\.m2\repository\org\junit\jupiter\junit-jupiter\5.6.3\junit-jupiter-5.6.3.jar;C:\Users\Admin\.m2\repository\org\junit\jupiter\junit-jupiter-api\5.6.3\junit-jupiter-api-5.6.3.jar;C:\Users\Admin\.m2\repository\org\opentest4j\opentest4j\1.2.0\opentest4j-1.2.0.jar;C:\Users\Admin\.m2\repository\org\junit\platform\junit-platform-commons\1.6.3\junit-platform-commons-1.6.3.jar;C:\Users\Admin\.m2\repository\org\junit\jupiter\junit-jupiter-params\5.6.3\junit-jupiter-params-5.6.3.jar;C:\Users\Admin\.m2\repository\org\junit\jupiter\junit-jupiter-engine\5.6.3\junit-jupiter-engine-5.6.3.jar;C:\Users\Admin\.m2\repository\org\junit\vintage\junit-vintage-engine\5.6.3\junit-vintage-engine-5.6.3.jar;C:\Users\Admin\.m2\repository\org\apiguardian\apiguardian-api\1.1.0\apiguardian-api-1.1.0.jar;C:\Users\Admin\.m2\repository\org\junit\platform\junit-platform-engine\1.6.3\junit-platform-engine-1.6.3.jar;C:\Users\Admin\.m2\repository\junit\junit\4.13.2\junit-4.13.2.jar;C:\Users\Admin\.m2\repository\org\mockito\mockito-junit-jupiter\3.3.3\mockito-junit-jupiter-3.3.3.jar;C:\Users\Admin\.m2\repository\org\skyscreamer\jsonassert\1.5.0\jsonassert-1.5.0.jar;C:\Users\Admin\.m2\repository\com\vaadin\external\google\android-json\0.0.20131108.vaadin1\android-json-0.0.20131108.vaadin1.jar;C:\Users\Admin\.m2\repository\org\springframework\spring-test\5.2.14.RELEASE\spring-test-5.2.14.RELEASE.jar;C:\Users\Admin\.m2\repository\org\xmlunit\xmlunit-core\2.7.0\xmlunit-core-2.7.0.jar;C:\Users\Admin\.m2\repository\org\hibernate\hibernate-core\5.4.30.Final\hibernate-core-5.4.30.Final.jar;C:\Users\Admin\.m2\repository\org\jboss\logging\jboss-logging\3.4.1.Final\jboss-logging-3.4.1.Final.jar;C:\Users\Admin\.m2\repository\javax\persistence\javax.persistence-api\2.2\javax.persistence-api-2.2.jar;C:\Users\Admin\.m2\repository\org\javassist\javassist\3.27.0-GA\javassist-3.27.0-GA.jar;C:\Users\Admin\.m2\repository\net\bytebuddy\byte-buddy\1.10.22\byte-buddy-1.10.22.jar;C:\Users\Admin\.m2\repository\antlr\antlr\2.7.7\antlr-2.7.7.jar;C:\Users\Admin\.m2\repository\org\jboss\spec\javax\transaction\jboss-transaction-api_1.2_spec\1.1.1.Final\jboss-transaction-api_1.2_spec-1.1.1.Final.jar;C:\Users\Admin\.m2\repository\org\jboss\jandex\2.2.3.Final\jandex-2.2.3.Final.jar;C:\Users\Admin\.m2\repository\com\fasterxml\classmate\1.5.1\classmate-1.5.1.jar;C:\Users\Admin\.m2\repository\javax\activation\javax.activation-api\1.2.0\javax.activation-api-1.2.0.jar;C:\Users\Admin\.m2\repository\org\dom4j\dom4j\2.1.3\dom4j-2.1.3.jar;C:\Users\Admin\.m2\repository\javax\xml\bind\jaxb-api\2.3.1\jaxb-api-2.3.1.jar;C:\Users\Admin\.m2\repository\org\glassfish\jaxb\jaxb-runtime\2.3.4\jaxb-runtime-2.3.4.jar;C:\Users\Admin\.m2\repository\org\glassfish\jaxb\txw2\2.3.4\txw2-2.3.4.jar;C:\Users\Admin\.m2\repository\com\sun\istack\istack-commons-runtime\3.0.12\istack-commons-runtime-3.0.12.jar;C:\Users\Admin\.m2\repository\com\sun\activation\jakarta.activation\1.2.2\jakarta.activation-1.2.2.jar;C:\Users\Admin\.m2\repository\org\hibernate\common\hibernate-commons-annotations\5.1.2.Final\hibernate-commons-annotations-5.1.2.Final.jar;C:\Users\Admin\.m2\repository\org\hibernate\validator\hibernate-validator\7.0.1.Final\hibernate-validator-7.0.1.Final.jar;C:\Users\Admin\.m2\repository\jakarta\validation\jakarta.validation-api\2.0.2\jakarta.validation-api-2.0.2.jar;C:\Users\Admin\.m2\repository\org\apache\commons\commons-lang3\3.11\commons-lang3-3.11.jar;C:\Users\Admin\.m2\repository\org\slf4j\slf4j-api\1.7.30\slf4j-api-1.7.30.jar;C:\Users\Admin\.m2\repository\ch\qos\logback\logback-classic\1.2.3\logback-classic-1.2.3.jar;C:\Users\Admin\.m2\repository\ch\qos\logback\logback-core\1.2.3\logback-core-1.2.3.jar;C:\Users\Admin\.m2\repository\javax\annotation\javax.annotation-api\1.3.2\javax.annotation-api-1.3.2.jar;C:\Users\Admin\.m2\repository\javax\servlet\javax.servlet-api\4.0.1\javax.servlet-api-4.0.1.jar;C:\Users\Admin\.m2\repository\org\postgresql\postgresql\42.2.18\postgresql-42.2.18.jar;C:\Users\Admin\.m2\repository\org\checkerframework\checker-qual\3.5.0\checker-qual-3.5.0.jar;C:\Users\Admin\.m2\repository\org\springdoc\springdoc-openapi-ui\1.6.1\springdoc-openapi-ui-1.6.1.jar;C:\Users\Admin\.m2\repository\org\springdoc\springdoc-openapi-webmvc-core\1.6.1\springdoc-openapi-webmvc-core-1.6.1.jar;C:\Users\Admin\.m2\repository\org\springdoc\springdoc-openapi-common\1.6.1\springdoc-openapi-common-1.6.1.jar;C:\Users\Admin\.m2\repository\io\swagger\core\v3\swagger-models\2.1.11\swagger-models-2.1.11.jar;C:\Users\Admin\.m2\repository\io\swagger\core\v3\swagger-annotations\2.1.11\swagger-annotations-2.1.11.jar;C:\Users\Admin\.m2\repository\io\swagger\core\v3\swagger-integration\2.1.11\swagger-integration-2.1.11.jar;C:\Users\Admin\.m2\repository\io\swagger\core\v3\swagger-core\2.1.11\swagger-core-2.1.11.jar;C:\Users\Admin\.m2\repository\com\fasterxml\jackson\dataformat\jackson-dataformat-yaml\2.11.4\jackson-dataformat-yaml-2.11.4.jar;C:\Users\Admin\.m2\repository\io\github\classgraph\classgraph\4.8.116\classgraph-4.8.116.jar;C:\Users\Admin\.m2\repository\org\webjars\swagger-ui\4.1.3\swagger-ui-4.1.3.jar;C:\Users\Admin\.m2\repository\org\webjars\webjars-locator-core\0.45\webjars-locator-core-0.45.jar;C:\Users\Admin\.m2\repository\com\fasterxml\jackson\core\jackson-core\2.11.4\jackson-core-2.11.4.jar;C:\Users\Admin\.m2\repository\org\mockito\mockito-core\3.7.7\mockito-core-3.7.7.jar;C:\Users\Admin\.m2\repository\net\bytebuddy\byte-buddy-agent\1.10.22\byte-buddy-agent-1.10.22.jar;C:\Users\Admin\.m2\repository\org\objenesis\objenesis\3.1\objenesis-3.1.jar;C:\Users\Admin\.m2\repository\com\h2database\h2\2.0.202\h2-2.0.202.jar;"/>
    <property name="java.vm.vendor" value="Temurin"/>
    <property name="sun.arch.data.model" value="64"/>
    <property name="user.variant" value=""/>
    <property name="java.vendor.url" value="https://adoptium.net/"/>
    <property name="user.timezone" value="Europe/Helsinki"/>
    <property name="user.country.format" value="GB"/>
    <property name="java.vm.specification.version" value="1.8"/>
    <property name="os.name" value="Windows 10"/>
    <property name="user.country" value="RU"/>
    <property name="sun.java.launcher" value="SUN_STANDARD"/>
    <property name="sun.boot.library.path" value="C:\Program Files\JAVA\jdk1.8.0_352\jre\bin"/>
    <property name="sun.java.command" value="C:\Users\Admin\AppData\Local\Temp\surefire4451887401512395404\surefirebooter4980853108217087325.jar C:\Users\Admin\AppData\Local\Temp\surefire4451887401512395404 2023-02-26T19-05-25_929-jvmRun1 surefire5098778781691221322tmp surefire_02154898216159521232tmp"/>
    <property name="surefire.test.class.path" value="E:\1_Java_Work\IDEA_Workspace_22_02_2023\Classtimetable\target\test-classes;E:\1_Java_Work\IDEA_Workspace_22_02_2023\Classtimetable\target\classes;C:\Users\Admin\.m2\repository\org\springframework\boot\spring-boot-starter\2.3.10.RELEASE\spring-boot-starter-2.3.10.RELEASE.jar;C:\Users\Admin\.m2\repository\org\springframework\boot\spring-boot\2.3.10.RELEASE\spring-boot-2.3.10.RELEASE.jar;C:\Users\Admin\.m2\repository\org\springframework\spring-context\5.2.14.RELEASE\spring-context-5.2.14.RELEASE.jar;C:\Users\Admin\.m2\repository\org\springframework\boot\spring-boot-autoconfigure\2.3.10.RELEASE\spring-boot-autoconfigure-2.3.10.RELEASE.jar;C:\Users\Admin\.m2\repository\org\springframework\boot\spring-boot-starter-logging\2.3.10.RELEASE\spring-boot-starter-logging-2.3.10.RELEASE.jar;C:\Users\Admin\.m2\repository\org\apache\logging\log4j\log4j-to-slf4j\2.13.3\log4j-to-slf4j-2.13.3.jar;C:\Users\Admin\.m2\repository\org\apache\logging\log4j\log4j-api\2.13.3\log4j-api-2.13.3.jar;C:\Users\Admin\.m2\repository\org\slf4j\jul-to-slf4j\1.7.30\jul-to-slf4j-1.7.30.jar;C:\Users\Admin\.m2\repository\jakarta\annotation\jakarta.annotation-api\1.3.5\jakarta.annotation-api-1.3.5.jar;C:\Users\Admin\.m2\repository\org\springframework\spring-core\5.2.14.RELEASE\spring-core-5.2.14.RELEASE.jar;C:\Users\Admin\.m2\repository\org\springframework\spring-jcl\5.2.14.RELEASE\spring-jcl-5.2.14.RELEASE.jar;C:\Users\Admin\.m2\repository\org\yaml\snakeyaml\1.26\snakeyaml-1.26.jar;C:\Users\Admin\.m2\repository\org\springframework\boot\spring-boot-starter-web\2.3.10.RELEASE\spring-boot-starter-web-2.3.10.RELEASE.jar;C:\Users\Admin\.m2\repository\org\springframework\boot\spring-boot-starter-json\2.3.10.RELEASE\spring-boot-starter-json-2.3.10.RELEASE.jar;C:\Users\Admin\.m2\repository\com\fasterxml\jackson\core\jackson-databind\2.11.4\jackson-databind-2.11.4.jar;C:\Users\Admin\.m2\repository\com\fasterxml\jackson\core\jackson-annotations\2.11.4\jackson-annotations-2.11.4.jar;C:\Users\Admin\.m2\repository\com\fasterxml\jackson\datatype\jackson-datatype-jdk8\2.11.4\jackson-datatype-jdk8-2.11.4.jar;C:\Users\Admin\.m2\repository\com\fasterxml\jackson\datatype\jackson-datatype-jsr310\2.11.4\jackson-datatype-jsr310-2.11.4.jar;C:\Users\Admin\.m2\repository\com\fasterxml\jackson\module\jackson-module-parameter-names\2.11.4\jackson-module-parameter-names-2.11.4.jar;C:\Users\Admin\.m2\repository\org\springframework\boot\spring-boot-starter-tomcat\2.3.10.RELEASE\spring-boot-starter-tomcat-2.3.10.RELEASE.jar;C:\Users\Admin\.m2\repository\org\apache\tomcat\embed\tomcat-embed-core\9.0.45\tomcat-embed-core-9.0.45.jar;C:\Users\Admin\.m2\repository\org\apache\tomcat\embed\tomcat-embed-websocket\9.0.45\tomcat-embed-websocket-9.0.45.jar;C:\Users\Admin\.m2\repository\org\springframework\spring-web\5.2.14.RELEASE\spring-web-5.2.14.RELEASE.jar;C:\Users\Admin\.m2\repository\org\springframework\spring-beans\5.2.14.RELEASE\spring-beans-5.2.14.RELEASE.jar;C:\Users\Admin\.m2\repository\org\springframework\spring-webmvc\5.2.14.RELEASE\spring-webmvc-5.2.14.RELEASE.jar;C:\Users\Admin\.m2\repository\org\springframework\spring-aop\5.2.14.RELEASE\spring-aop-5.2.14.RELEASE.jar;C:\Users\Admin\.m2\repository\org\springframework\spring-expression\5.2.14.RELEASE\spring-expression-5.2.14.RELEASE.jar;C:\Users\Admin\.m2\repository\org\springframework\boot\spring-boot-starter-thymeleaf\2.3.10.RELEASE\spring-boot-starter-thymeleaf-2.3.10.RELEASE.jar;C:\Users\Admin\.m2\repository\org\thymeleaf\thymeleaf-spring5\3.0.12.RELEASE\thymeleaf-spring5-3.0.12.RELEASE.jar;C:\Users\Admin\.m2\repository\org\thymeleaf\thymeleaf\3.0.12.RELEASE\thymeleaf-3.0.12.RELEASE.jar;C:\Users\Admin\.m2\repository\org\attoparser\attoparser\2.0.5.RELEASE\attoparser-2.0.5.RELEASE.jar;C:\Users\Admin\.m2\repository\org\unbescape\unbescape\1.1.6.RELEASE\unbescape-1.1.6.RELEASE.jar;C:\Users\Admin\.m2\repository\org\thymeleaf\extras\thymeleaf-extras-java8time\3.0.4.RELEASE\thymeleaf-extras-java8time-3.0.4.RELEASE.jar;C:\Users\Admin\.m2\repository\org\springframework\boot\spring-boot-starter-data-jpa\2.3.10.RELEASE\spring-boot-starter-data-jpa-2.3.10.RELEASE.jar;C:\Users\Admin\.m2\repository\org\springframework\boot\spring-boot-starter-aop\2.3.10.RELEASE\spring-boot-starter-aop-2.3.10.RELEASE.jar;C:\Users\Admin\.m2\repository\org\aspectj\aspectjweaver\1.9.6\aspectjweaver-1.9.6.jar;C:\Users\Admin\.m2\repository\org\springframework\boot\spring-boot-starter-jdbc\2.3.10.RELEASE\spring-boot-starter-jdbc-2.3.10.RELEASE.jar;C:\Users\Admin\.m2\repository\com\zaxxer\HikariCP\3.4.5\HikariCP-3.4.5.jar;C:\Users\Admin\.m2\repository\org\springframework\spring-jdbc\5.2.14.RELEASE\spring-jdbc-5.2.14.RELEASE.jar;C:\Users\Admin\.m2\repository\jakarta\transaction\jakarta.transaction-api\1.3.3\jakarta.transaction-api-1.3.3.jar;C:\Users\Admin\.m2\repository\jakarta\persistence\jakarta.persistence-api\2.2.3\jakarta.persistence-api-2.2.3.jar;C:\Users\Admin\.m2\repository\org\springframework\data\spring-data-jpa\2.3.9.RELEASE\spring-data-jpa-2.3.9.RELEASE.jar;C:\Users\Admin\.m2\repository\org\springframework\data\spring-data-commons\2.3.9.RELEASE\spring-data-commons-2.3.9.RELEASE.jar;C:\Users\Admin\.m2\repository\org\springframework\spring-orm\5.2.14.RELEASE\spring-orm-5.2.14.RELEASE.jar;C:\Users\Admin\.m2\repository\org\springframework\spring-tx\5.2.14.RELEASE\spring-tx-5.2.14.RELEASE.jar;C:\Users\Admin\.m2\repository\org\springframework\spring-aspects\5.2.14.RELEASE\spring-aspects-5.2.14.RELEASE.jar;C:\Users\Admin\.m2\repository\org\springframework\boot\spring-boot-starter-validation\2.3.10.RELEASE\spring-boot-starter-validation-2.3.10.RELEASE.jar;C:\Users\Admin\.m2\repository\org\glassfish\jakarta.el\3.0.3\jakarta.el-3.0.3.jar;C:\Users\Admin\.m2\repository\org\springframework\boot\spring-boot-starter-test\2.3.10.RELEASE\spring-boot-starter-test-2.3.10.RELEASE.jar;C:\Users\Admin\.m2\repository\org\springframework\boot\spring-boot-test\2.3.10.RELEASE\spring-boot-test-2.3.10.RELEASE.jar;C:\Users\Admin\.m2\repository\org\springframework\boot\spring-boot-test-autoconfigure\2.3.10.RELEASE\spring-boot-test-autoconfigure-2.3.10.RELEASE.jar;C:\Users\Admin\.m2\repository\com\jayway\jsonpath\json-path\2.4.0\json-path-2.4.0.jar;C:\Users\Admin\.m2\repository\net\minidev\json-smart\2.3\json-smart-2.3.jar;C:\Users\Admin\.m2\repository\net\minidev\accessors-smart\1.2\accessors-smart-1.2.jar;C:\Users\Admin\.m2\repository\org\ow2\asm\asm\5.0.4\asm-5.0.4.jar;C:\Users\Admin\.m2\repository\jakarta\xml\bind\jakarta.xml.bind-api\2.3.3\jakarta.xml.bind-api-2.3.3.jar;C:\Users\Admin\.m2\repository\jakarta\activation\jakarta.activation-api\1.2.2\jakarta.activation-api-1.2.2.jar;C:\Users\Admin\.m2\repository\org\assertj\assertj-core\3.16.1\assertj-core-3.16.1.jar;C:\Users\Admin\.m2\repository\org\hamcrest\hamcrest\2.2\hamcrest-2.2.jar;C:\Users\Admin\.m2\repository\org\junit\jupiter\junit-jupiter\5.6.3\junit-jupiter-5.6.3.jar;C:\Users\Admin\.m2\repository\org\junit\jupiter\junit-jupiter-api\5.6.3\junit-jupiter-api-5.6.3.jar;C:\Users\Admin\.m2\repository\org\opentest4j\opentest4j\1.2.0\opentest4j-1.2.0.jar;C:\Users\Admin\.m2\repository\org\junit\platform\junit-platform-commons\1.6.3\junit-platform-commons-1.6.3.jar;C:\Users\Admin\.m2\repository\org\junit\jupiter\junit-jupiter-params\5.6.3\junit-jupiter-params-5.6.3.jar;C:\Users\Admin\.m2\repository\org\junit\jupiter\junit-jupiter-engine\5.6.3\junit-jupiter-engine-5.6.3.jar;C:\Users\Admin\.m2\repository\org\junit\vintage\junit-vintage-engine\5.6.3\junit-vintage-engine-5.6.3.jar;C:\Users\Admin\.m2\repository\org\apiguardian\apiguardian-api\1.1.0\apiguardian-api-1.1.0.jar;C:\Users\Admin\.m2\repository\org\junit\platform\junit-platform-engine\1.6.3\junit-platform-engine-1.6.3.jar;C:\Users\Admin\.m2\repository\junit\junit\4.13.2\junit-4.13.2.jar;C:\Users\Admin\.m2\repository\org\mockito\mockito-junit-jupiter\3.3.3\mockito-junit-jupiter-3.3.3.jar;C:\Users\Admin\.m2\repository\org\skyscreamer\jsonassert\1.5.0\jsonassert-1.5.0.jar;C:\Users\Admin\.m2\repository\com\vaadin\external\google\android-json\0.0.20131108.vaadin1\android-json-0.0.20131108.vaadin1.jar;C:\Users\Admin\.m2\repository\org\springframework\spring-test\5.2.14.RELEASE\spring-test-5.2.14.RELEASE.jar;C:\Users\Admin\.m2\repository\org\xmlunit\xmlunit-core\2.7.0\xmlunit-core-2.7.0.jar;C:\Users\Admin\.m2\repository\org\hibernate\hibernate-core\5.4.30.Final\hibernate-core-5.4.30.Final.jar;C:\Users\Admin\.m2\repository\org\jboss\logging\jboss-logging\3.4.1.Final\jboss-logging-3.4.1.Final.jar;C:\Users\Admin\.m2\repository\javax\persistence\javax.persistence-api\2.2\javax.persistence-api-2.2.jar;C:\Users\Admin\.m2\repository\org\javassist\javassist\3.27.0-GA\javassist-3.27.0-GA.jar;C:\Users\Admin\.m2\repository\net\bytebuddy\byte-buddy\1.10.22\byte-buddy-1.10.22.jar;C:\Users\Admin\.m2\repository\antlr\antlr\2.7.7\antlr-2.7.7.jar;C:\Users\Admin\.m2\repository\org\jboss\spec\javax\transaction\jboss-transaction-api_1.2_spec\1.1.1.Final\jboss-transaction-api_1.2_spec-1.1.1.Final.jar;C:\Users\Admin\.m2\repository\org\jboss\jandex\2.2.3.Final\jandex-2.2.3.Final.jar;C:\Users\Admin\.m2\repository\com\fasterxml\classmate\1.5.1\classmate-1.5.1.jar;C:\Users\Admin\.m2\repository\javax\activation\javax.activation-api\1.2.0\javax.activation-api-1.2.0.jar;C:\Users\Admin\.m2\repository\org\dom4j\dom4j\2.1.3\dom4j-2.1.3.jar;C:\Users\Admin\.m2\repository\javax\xml\bind\jaxb-api\2.3.1\jaxb-api-2.3.1.jar;C:\Users\Admin\.m2\repository\org\glassfish\jaxb\jaxb-runtime\2.3.4\jaxb-runtime-2.3.4.jar;C:\Users\Admin\.m2\repository\org\glassfish\jaxb\txw2\2.3.4\txw2-2.3.4.jar;C:\Users\Admin\.m2\repository\com\sun\istack\istack-commons-runtime\3.0.12\istack-commons-runtime-3.0.12.jar;C:\Users\Admin\.m2\repository\com\sun\activation\jakarta.activation\1.2.2\jakarta.activation-1.2.2.jar;C:\Users\Admin\.m2\repository\org\hibernate\common\hibernate-commons-annotations\5.1.2.Final\hibernate-commons-annotations-5.1.2.Final.jar;C:\Users\Admin\.m2\repository\org\hibernate\validator\hibernate-validator\7.0.1.Final\hibernate-validator-7.0.1.Final.jar;C:\Users\Admin\.m2\repository\jakarta\validation\jakarta.validation-api\2.0.2\jakarta.validation-api-2.0.2.jar;C:\Users\Admin\.m2\repository\org\apache\commons\commons-lang3\3.11\commons-lang3-3.11.jar;C:\Users\Admin\.m2\repository\org\slf4j\slf4j-api\1.7.30\slf4j-api-1.7.30.jar;C:\Users\Admin\.m2\repository\ch\qos\logback\logback-classic\1.2.3\logback-classic-1.2.3.jar;C:\Users\Admin\.m2\repository\ch\qos\logback\logback-core\1.2.3\logback-core-1.2.3.jar;C:\Users\Admin\.m2\repository\javax\annotation\javax.annotation-api\1.3.2\javax.annotation-api-1.3.2.jar;C:\Users\Admin\.m2\repository\javax\servlet\javax.servlet-api\4.0.1\javax.servlet-api-4.0.1.jar;C:\Users\Admin\.m2\repository\org\postgresql\postgresql\42.2.18\postgresql-42.2.18.jar;C:\Users\Admin\.m2\repository\org\checkerframework\checker-qual\3.5.0\checker-qual-3.5.0.jar;C:\Users\Admin\.m2\repository\org\springdoc\springdoc-openapi-ui\1.6.1\springdoc-openapi-ui-1.6.1.jar;C:\Users\Admin\.m2\repository\org\springdoc\springdoc-openapi-webmvc-core\1.6.1\springdoc-openapi-webmvc-core-1.6.1.jar;C:\Users\Admin\.m2\repository\org\springdoc\springdoc-openapi-common\1.6.1\springdoc-openapi-common-1.6.1.jar;C:\Users\Admin\.m2\repository\io\swagger\core\v3\swagger-models\2.1.11\swagger-models-2.1.11.jar;C:\Users\Admin\.m2\repository\io\swagger\core\v3\swagger-annotations\2.1.11\swagger-annotations-2.1.11.jar;C:\Users\Admin\.m2\repository\io\swagger\core\v3\swagger-integration\2.1.11\swagger-integration-2.1.11.jar;C:\Users\Admin\.m2\repository\io\swagger\core\v3\swagger-core\2.1.11\swagger-core-2.1.11.jar;C:\Users\Admin\.m2\repository\com\fasterxml\jackson\dataformat\jackson-dataformat-yaml\2.11.4\jackson-dataformat-yaml-2.11.4.jar;C:\Users\Admin\.m2\repository\io\github\classgraph\classgraph\4.8.116\classgraph-4.8.116.jar;C:\Users\Admin\.m2\repository\org\webjars\swagger-ui\4.1.3\swagger-ui-4.1.3.jar;C:\Users\Admin\.m2\repository\org\webjars\webjars-locator-core\0.45\webjars-locator-core-0.45.jar;C:\Users\Admin\.m2\repository\com\fasterxml\jackson\core\jackson-core\2.11.4\jackson-core-2.11.4.jar;C:\Users\Admin\.m2\repository\org\mockito\mockito-core\3.7.7\mockito-core-3.7.7.jar;C:\Users\Admin\.m2\repository\net\bytebuddy\byte-buddy-agent\1.10.22\byte-buddy-agent-1.10.22.jar;C:\Users\Admin\.m2\repository\org\objenesis\objenesis\3.1\objenesis-3.1.jar;C:\Users\Admin\.m2\repository\com\h2database\h2\2.0.202\h2-2.0.202.jar;"/>
    <property name="sun.cpu.endian" value="little"/>
    <property name="user.home" value="C:\Users\Admin"/>
    <property name="user.language" value="ru"/>
    <property name="java.specification.vendor" value="Oracle Corporation"/>
    <property name="java.home" value="C:\Program Files\JAVA\jdk1.8.0_352\jre"/>
    <property name="basedir" value="E:\1_Java_Work\IDEA_Workspace_22_02_2023\Classtimetable"/>
    <property name="file.separator" value="\"/>
    <property name="line.separator" value="&#10;"/>
    <property name="java.vm.specification.vendor" value="Oracle Corporation"/>
    <property name="java.specification.name" value="Java Platform API Specification"/>
    <property name="java.awt.graphicsenv" value="sun.awt.Win32GraphicsEnvironment"/>
    <property name="java.awt.headless" value="true"/>
    <property name="surefire.real.class.path" value="C:\Users\Admin\AppData\Local\Temp\surefire4451887401512395404\surefirebooter4980853108217087325.jar;C:\\Users\\Admin\\.m2\\repository\\org\\jacoco\\org.jacoco.agent\\0.8.6\\org.jacoco.agent-0.8.6-runtime.jar"/>
    <property name="sun.boot.class.path" value="C:\Program Files\JAVA\jdk1.8.0_352\jre\lib\resources.jar;C:\Program Files\JAVA\jdk1.8.0_352\jre\lib\rt.jar;C:\Program Files\JAVA\jdk1.8.0_352\jre\lib\sunrsasign.jar;C:\Program Files\JAVA\jdk1.8.0_352\jre\lib\jsse.jar;C:\Program Files\JAVA\jdk1.8.0_352\jre\lib\jce.jar;C:\Program Files\JAVA\jdk1.8.0_352\jre\lib\charsets.jar;C:\Program Files\JAVA\jdk1.8.0_352\jre\lib\jfr.jar;C:\Program Files\JAVA\jdk1.8.0_352\jre\classes"/>
    <property name="user.script" value=""/>
    <property name="sun.management.compiler" value="HotSpot 64-Bit Tiered Compilers"/>
    <property name="java.runtime.version" value="1.8.0_352-b08"/>
    <property name="user.name" value="Admin"/>
    <property name="path.separator" value=";"/>
    <property name="os.version" value="10.0"/>
    <property name="java.endorsed.dirs" value="C:\Program Files\JAVA\jdk1.8.0_352\jre\lib\endorsed"/>
    <property name="java.runtime.name" value="OpenJDK Runtime Environment"/>
    <property name="file.encoding" value="Cp1251"/>
    <property name="spring.beaninfo.ignore" value="true"/>
    <property name="java.vm.name" value="OpenJDK 64-Bit Server VM"/>
    <property name="localRepository" value="C:\Users\Admin\.m2\repository"/>
    <property name="java.vendor.url.bug" value="https://github.com/adoptium/adoptium-support/issues"/>
    <property name="java.io.tmpdir" value="C:\Users\Admin\AppData\Local\Temp\"/>
    <property name="idea.version" value="2022.2.1"/>
    <property name="com.zaxxer.hikari.pool_number" value="1"/>
    <property name="java.version" value="1.8.0_352"/>
    <property name="user.dir" value="E:\1_Java_Work\IDEA_Workspace_22_02_2023\Classtimetable"/>
    <property name="os.arch" value="amd64"/>
    <property name="java.vm.specification.name" value="Java Virtual Machine Specification"/>
    <property name="PID" value="2332"/>
    <property name="java.awt.printerjob" value="sun.awt.windows.WPrinterJob"/>
    <property name="user.language.format" value="en"/>
    <property name="sun.os.patch.level" value=""/>
    <property name="java.library.path" value="C:\Program Files\JAVA\jdk1.8.0_352\jre\bin;C:\Windows\Sun\Java\bin;C:\Windows\system32;C:\Windows;C:\Program Files\Python2_7_13\;C:\Program Files\Python3_10\Scripts\;C:\Program Files\Python3_10\;C:\Program Files\Python3_9\Scripts\;C:\Program Files\Python3_9\;C:\Program Files\Python3_11\Scripts\;C:\Program Files\Python3_11\;C:\Program Files\Python38\Scripts\;C:\Program Files\Python38\;C:\Windows\system32;C:\Windows;C:\Windows\System32\Wbem;C:\Windows\System32\WindowsPowerShell\v1.0\;C:\Windows\System32\OpenSSH\;C:\Program Files\dotnet\;C:\Program Files\JAVA\jdk1.8.0_352\bin;C:\Program Files\MAVEN\apache-maven-3.8.6\bin;C:\ProgramData\chocolatey\bin;C:\Program Files (x86)\Yarn\bin\;C:\Program Files\nodejs\;C:\Program Files\Docker\Docker\resources\bin;C:\Program Files\Git\cmd;C:\Users\Admin\AppData\Local\Microsoft\WindowsApps;E:\1WORK_ProgramFiles\VS_Code_1,73\VSCode_2022\Microsoft VS Code\bin;E:\IntelliJ_IDEA_Community_2022.3\bin;;;C:\Users\Admin\AppData\Local\Programs\Microsoft VS Code\bin;E:\1WORK_ProgramFiles\PYTHON_3_WORK\PyCHARM_PROF_2022.2.1\bin;;C:\Users\Admin\AppData\Local\Yarn\bin;C:\Users\Admin\AppData\Roaming\npm;E:\1WORK_ProgramFiles\IDEA_Ultimate_2022.2.1\IntelliJ IDEA 2022.2.1\bin;;."/>
    <property name="java.vm.info" value="mixed mode"/>
    <property name="java.vendor" value="Temurin"/>
    <property name="java.vm.version" value="25.352-b08"/>
    <property name="java.specification.maintenance.version" value="4"/>
    <property name="java.ext.dirs" value="C:\Program Files\JAVA\jdk1.8.0_352\jre\lib\ext;C:\Windows\Sun\Java\lib\ext"/>
    <property name="sun.io.unicode.encoding" value="UnicodeLittle"/>
    <property name="java.class.version" value="52.0"/>
  </properties>
  <testcase name="should_createNewBuilding_when_controllerCallsAddToDBMethod" classname="ua.com.foxminded.classtimetable.controllers.rest.BuildingRestControllerIntegrationTest" time="0.431">
    <system-out><![CDATA[26 Feb;19:05:27.583 [main] INFO  o.s.b.t.c.SpringBootTestContextBootstrapper - Neither @ContextConfiguration nor @ContextHierarchy found for test class [ua.com.foxminded.classtimetable.controllers.rest.BuildingRestControllerIntegrationTest], using SpringBootContextLoader
26 Feb;19:05:27.596 [main] INFO  o.s.t.c.s.AbstractContextLoader - Could not detect default resource locations for test class [ua.com.foxminded.classtimetable.controllers.rest.BuildingRestControllerIntegrationTest]: no resource found for suffixes {-context.xml, Context.groovy}.
26 Feb;19:05:27.598 [main] INFO  o.s.t.c.s.AnnotationConfigContextLoaderUtils - Could not detect default configuration classes for test class [ua.com.foxminded.classtimetable.controllers.rest.BuildingRestControllerIntegrationTest]: BuildingRestControllerIntegrationTest does not declare any static, non-private, non-final, nested classes annotated with @Configuration.
26 Feb;19:05:27.841 [main] INFO  o.s.b.t.c.SpringBootTestContextBootstrapper - Found @SpringBootConfiguration ua.com.foxminded.classtimetable.Application for test class ua.com.foxminded.classtimetable.controllers.rest.BuildingRestControllerIntegrationTest
26 Feb;19:05:27.996 [main] INFO  o.s.b.t.c.SpringBootTestContextBootstrapper - Loaded default TestExecutionListener class names from location [META-INF/spring.factories]: [org.springframework.boot.test.mock.mockito.MockitoTestExecutionListener, org.springframework.boot.test.mock.mockito.ResetMocksTestExecutionListener, org.springframework.boot.test.autoconfigure.restdocs.RestDocsTestExecutionListener, org.springframework.boot.test.autoconfigure.web.client.MockRestServiceServerResetTestExecutionListener, org.springframework.boot.test.autoconfigure.web.servlet.MockMvcPrintOnlyOnFailureTestExecutionListener, org.springframework.boot.test.autoconfigure.web.servlet.WebDriverTestExecutionListener, org.springframework.boot.test.autoconfigure.webservices.client.MockWebServiceServerTestExecutionListener, org.springframework.test.context.web.ServletTestExecutionListener, org.springframework.test.context.support.DirtiesContextBeforeModesTestExecutionListener, org.springframework.test.context.support.DependencyInjectionTestExecutionListener, org.springframework.test.context.support.DirtiesContextTestExecutionListener, org.springframework.test.context.transaction.TransactionalTestExecutionListener, org.springframework.test.context.jdbc.SqlScriptsTestExecutionListener, org.springframework.test.context.event.EventPublishingTestExecutionListener]
26 Feb;19:05:28.036 [main] INFO  o.s.b.t.c.SpringBootTestContextBootstrapper - Using TestExecutionListeners: [org.springframework.test.context.web.ServletTestExecutionListener@12532e37, org.springframework.test.context.support.DirtiesContextBeforeModesTestExecutionListener@401b67a9, org.springframework.boot.test.mock.mockito.MockitoTestExecutionListener@4e3ee457, org.springframework.boot.test.autoconfigure.SpringBootDependencyInjectionTestExecutionListener@41b66d1, org.springframework.test.context.support.DirtiesContextTestExecutionListener@fb2c2f3, org.springframework.test.context.transaction.TransactionalTestExecutionListener@148fca83, org.springframework.test.context.jdbc.SqlScriptsTestExecutionListener@2d2a8819, org.springframework.test.context.event.EventPublishingTestExecutionListener@72585e83, org.springframework.boot.test.mock.mockito.ResetMocksTestExecutionListener@6b64bf61, org.springframework.boot.test.autoconfigure.restdocs.RestDocsTestExecutionListener@1d5bb5c, org.springframework.boot.test.autoconfigure.web.client.MockRestServiceServerResetTestExecutionListener@7846913f, org.springframework.boot.test.autoconfigure.web.servlet.MockMvcPrintOnlyOnFailureTestExecutionListener@48da64f2, org.springframework.boot.test.autoconfigure.web.servlet.WebDriverTestExecutionListener@60b553f, org.springframework.boot.test.autoconfigure.webservices.client.MockWebServiceServerTestExecutionListener@2aa811f9]
26 Feb;19:05:28.093 [main] INFO  o.s.b.t.a.w.s.WebMvcTestContextBootstrapper - Neither @ContextConfiguration nor @ContextHierarchy found for test class [ua.com.foxminded.classtimetable.controllers.rest.BuildingRestControllerTest], using SpringBootContextLoader
26 Feb;19:05:28.093 [main] INFO  o.s.t.c.s.AbstractContextLoader - Could not detect default resource locations for test class [ua.com.foxminded.classtimetable.controllers.rest.BuildingRestControllerTest]: no resource found for suffixes {-context.xml, Context.groovy}.
26 Feb;19:05:28.094 [main] INFO  o.s.t.c.s.AnnotationConfigContextLoaderUtils - Could not detect default configuration classes for test class [ua.com.foxminded.classtimetable.controllers.rest.BuildingRestControllerTest]: BuildingRestControllerTest does not declare any static, non-private, non-final, nested classes annotated with @Configuration.
26 Feb;19:05:28.117 [main] INFO  o.s.b.t.c.SpringBootTestContextBootstrapper - Found @SpringBootConfiguration ua.com.foxminded.classtimetable.Application for test class ua.com.foxminded.classtimetable.controllers.rest.BuildingRestControllerTest
26 Feb;19:05:28.118 [main] INFO  o.s.b.t.a.w.s.WebMvcTestContextBootstrapper - Loaded default TestExecutionListener class names from location [META-INF/spring.factories]: [org.springframework.boot.test.mock.mockito.MockitoTestExecutionListener, org.springframework.boot.test.mock.mockito.ResetMocksTestExecutionListener, org.springframework.boot.test.autoconfigure.restdocs.RestDocsTestExecutionListener, org.springframework.boot.test.autoconfigure.web.client.MockRestServiceServerResetTestExecutionListener, org.springframework.boot.test.autoconfigure.web.servlet.MockMvcPrintOnlyOnFailureTestExecutionListener, org.springframework.boot.test.autoconfigure.web.servlet.WebDriverTestExecutionListener, org.springframework.boot.test.autoconfigure.webservices.client.MockWebServiceServerTestExecutionListener, org.springframework.test.context.web.ServletTestExecutionListener, org.springframework.test.context.support.DirtiesContextBeforeModesTestExecutionListener, org.springframework.test.context.support.DependencyInjectionTestExecutionListener, org.springframework.test.context.support.DirtiesContextTestExecutionListener, org.springframework.test.context.transaction.TransactionalTestExecutionListener, org.springframework.test.context.jdbc.SqlScriptsTestExecutionListener, org.springframework.test.context.event.EventPublishingTestExecutionListener]
26 Feb;19:05:28.119 [main] INFO  o.s.b.t.a.w.s.WebMvcTestContextBootstrapper - Using TestExecutionListeners: [org.springframework.test.context.web.ServletTestExecutionListener@b68932b, org.springframework.test.context.support.DirtiesContextBeforeModesTestExecutionListener@77b27b57, org.springframework.boot.test.mock.mockito.MockitoTestExecutionListener@7adff6cb, org.springframework.boot.test.autoconfigure.SpringBootDependencyInjectionTestExecutionListener@13ebccd, org.springframework.test.context.support.DirtiesContextTestExecutionListener@4e80960a, org.springframework.test.context.transaction.TransactionalTestExecutionListener@2a0c244e, org.springframework.test.context.jdbc.SqlScriptsTestExecutionListener@2f60e66a, org.springframework.test.context.event.EventPublishingTestExecutionListener@5bccef9f, org.springframework.boot.test.mock.mockito.ResetMocksTestExecutionListener@1136122a, org.springframework.boot.test.autoconfigure.restdocs.RestDocsTestExecutionListener@5a537a16, org.springframework.boot.test.autoconfigure.web.client.MockRestServiceServerResetTestExecutionListener@72288480, org.springframework.boot.test.autoconfigure.web.servlet.MockMvcPrintOnlyOnFailureTestExecutionListener@4ea43d4d, org.springframework.boot.test.autoconfigure.web.servlet.WebDriverTestExecutionListener@6f22c1f1, org.springframework.boot.test.autoconfigure.webservices.client.MockWebServiceServerTestExecutionListener@2ee095c9]
26 Feb;19:05:28.126 [main] INFO  o.s.b.t.c.SpringBootTestContextBootstrapper - Neither @ContextConfiguration nor @ContextHierarchy found for test class [ua.com.foxminded.classtimetable.controllers.rest.ClassroomRestControllerIntegrationTest], using SpringBootContextLoader
26 Feb;19:05:28.127 [main] INFO  o.s.t.c.s.AbstractContextLoader - Could not detect default resource locations for test class [ua.com.foxminded.classtimetable.controllers.rest.ClassroomRestControllerIntegrationTest]: no resource found for suffixes {-context.xml, Context.groovy}.
26 Feb;19:05:28.127 [main] INFO  o.s.t.c.s.AnnotationConfigContextLoaderUtils - Could not detect default configuration classes for test class [ua.com.foxminded.classtimetable.controllers.rest.ClassroomRestControllerIntegrationTest]: ClassroomRestControllerIntegrationTest does not declare any static, non-private, non-final, nested classes annotated with @Configuration.
26 Feb;19:05:28.130 [main] INFO  o.s.b.t.c.SpringBootTestContextBootstrapper - Found @SpringBootConfiguration ua.com.foxminded.classtimetable.Application for test class ua.com.foxminded.classtimetable.controllers.rest.ClassroomRestControllerIntegrationTest
26 Feb;19:05:28.133 [main] INFO  o.s.b.t.c.SpringBootTestContextBootstrapper - Loaded default TestExecutionListener class names from location [META-INF/spring.factories]: [org.springframework.boot.test.mock.mockito.MockitoTestExecutionListener, org.springframework.boot.test.mock.mockito.ResetMocksTestExecutionListener, org.springframework.boot.test.autoconfigure.restdocs.RestDocsTestExecutionListener, org.springframework.boot.test.autoconfigure.web.client.MockRestServiceServerResetTestExecutionListener, org.springframework.boot.test.autoconfigure.web.servlet.MockMvcPrintOnlyOnFailureTestExecutionListener, org.springframework.boot.test.autoconfigure.web.servlet.WebDriverTestExecutionListener, org.springframework.boot.test.autoconfigure.webservices.client.MockWebServiceServerTestExecutionListener, org.springframework.test.context.web.ServletTestExecutionListener, org.springframework.test.context.support.DirtiesContextBeforeModesTestExecutionListener, org.springframework.test.context.support.DependencyInjectionTestExecutionListener, org.springframework.test.context.support.DirtiesContextTestExecutionListener, org.springframework.test.context.transaction.TransactionalTestExecutionListener, org.springframework.test.context.jdbc.SqlScriptsTestExecutionListener, org.springframework.test.context.event.EventPublishingTestExecutionListener]
26 Feb;19:05:28.134 [main] INFO  o.s.b.t.c.SpringBootTestContextBootstrapper - Using TestExecutionListeners: [org.springframework.test.context.web.ServletTestExecutionListener@5a6af2c4, org.springframework.test.context.support.DirtiesContextBeforeModesTestExecutionListener@123c48d0, org.springframework.boot.test.mock.mockito.MockitoTestExecutionListener@14fff5e7, org.springframework.boot.test.autoconfigure.SpringBootDependencyInjectionTestExecutionListener@1203d787, org.springframework.test.context.support.DirtiesContextTestExecutionListener@1f72fbd1, org.springframework.test.context.transaction.TransactionalTestExecutionListener@6f785a27, org.springframework.test.context.jdbc.SqlScriptsTestExecutionListener@443dae2, org.springframework.test.context.event.EventPublishingTestExecutionListener@8f09a02, org.springframework.boot.test.mock.mockito.ResetMocksTestExecutionListener@5454be, org.springframework.boot.test.autoconfigure.restdocs.RestDocsTestExecutionListener@2dd08ff1, org.springframework.boot.test.autoconfigure.web.client.MockRestServiceServerResetTestExecutionListener@37dec463, org.springframework.boot.test.autoconfigure.web.servlet.MockMvcPrintOnlyOnFailureTestExecutionListener@3bf26810, org.springframework.boot.test.autoconfigure.web.servlet.WebDriverTestExecutionListener@19213a74, org.springframework.boot.test.autoconfigure.webservices.client.MockWebServiceServerTestExecutionListener@30a791a6]
26 Feb;19:05:28.144 [main] INFO  o.s.b.t.a.w.s.WebMvcTestContextBootstrapper - Neither @ContextConfiguration nor @ContextHierarchy found for test class [ua.com.foxminded.classtimetable.controllers.rest.ClassroomRestControllerTest], using SpringBootContextLoader
26 Feb;19:05:28.145 [main] INFO  o.s.t.c.s.AbstractContextLoader - Could not detect default resource locations for test class [ua.com.foxminded.classtimetable.controllers.rest.ClassroomRestControllerTest]: no resource found for suffixes {-context.xml, Context.groovy}.
26 Feb;19:05:28.146 [main] INFO  o.s.t.c.s.AnnotationConfigContextLoaderUtils - Could not detect default configuration classes for test class [ua.com.foxminded.classtimetable.controllers.rest.ClassroomRestControllerTest]: ClassroomRestControllerTest does not declare any static, non-private, non-final, nested classes annotated with @Configuration.
26 Feb;19:05:28.154 [main] INFO  o.s.b.t.c.SpringBootTestContextBootstrapper - Found @SpringBootConfiguration ua.com.foxminded.classtimetable.Application for test class ua.com.foxminded.classtimetable.controllers.rest.ClassroomRestControllerTest
26 Feb;19:05:28.155 [main] INFO  o.s.b.t.a.w.s.WebMvcTestContextBootstrapper - Loaded default TestExecutionListener class names from location [META-INF/spring.factories]: [org.springframework.boot.test.mock.mockito.MockitoTestExecutionListener, org.springframework.boot.test.mock.mockito.ResetMocksTestExecutionListener, org.springframework.boot.test.autoconfigure.restdocs.RestDocsTestExecutionListener, org.springframework.boot.test.autoconfigure.web.client.MockRestServiceServerResetTestExecutionListener, org.springframework.boot.test.autoconfigure.web.servlet.MockMvcPrintOnlyOnFailureTestExecutionListener, org.springframework.boot.test.autoconfigure.web.servlet.WebDriverTestExecutionListener, org.springframework.boot.test.autoconfigure.webservices.client.MockWebServiceServerTestExecutionListener, org.springframework.test.context.web.ServletTestExecutionListener, org.springframework.test.context.support.DirtiesContextBeforeModesTestExecutionListener, org.springframework.test.context.support.DependencyInjectionTestExecutionListener, org.springframework.test.context.support.DirtiesContextTestExecutionListener, org.springframework.test.context.transaction.TransactionalTestExecutionListener, org.springframework.test.context.jdbc.SqlScriptsTestExecutionListener, org.springframework.test.context.event.EventPublishingTestExecutionListener]
26 Feb;19:05:28.156 [main] INFO  o.s.b.t.a.w.s.WebMvcTestContextBootstrapper - Using TestExecutionListeners: [org.springframework.test.context.web.ServletTestExecutionListener@7a34505a, org.springframework.test.context.support.DirtiesContextBeforeModesTestExecutionListener@b787274, org.springframework.boot.test.mock.mockito.MockitoTestExecutionListener@4ec616d6, org.springframework.boot.test.autoconfigure.SpringBootDependencyInjectionTestExecutionListener@55b45ea1, org.springframework.test.context.support.DirtiesContextTestExecutionListener@d5a72cd, org.springframework.test.context.transaction.TransactionalTestExecutionListener@45f95ac0, org.springframework.test.context.jdbc.SqlScriptsTestExecutionListener@3b77940f, org.springframework.test.context.event.EventPublishingTestExecutionListener@4c418496, org.springframework.boot.test.mock.mockito.ResetMocksTestExecutionListener@12d35bc9, org.springframework.boot.test.autoconfigure.restdocs.RestDocsTestExecutionListener@1df32c09, org.springframework.boot.test.autoconfigure.web.client.MockRestServiceServerResetTestExecutionListener@1aa31454, org.springframework.boot.test.autoconfigure.web.servlet.MockMvcPrintOnlyOnFailureTestExecutionListener@5a8656a2, org.springframework.boot.test.autoconfigure.web.servlet.WebDriverTestExecutionListener@52035328, org.springframework.boot.test.autoconfigure.webservices.client.MockWebServiceServerTestExecutionListener@5614ae05]
26 Feb;19:05:28.165 [main] INFO  o.s.b.t.c.SpringBootTestContextBootstrapper - Neither @ContextConfiguration nor @ContextHierarchy found for test class [ua.com.foxminded.classtimetable.controllers.rest.CourseRestControllerIntegrationTest], using SpringBootContextLoader
26 Feb;19:05:28.167 [main] INFO  o.s.t.c.s.AbstractContextLoader - Could not detect default resource locations for test class [ua.com.foxminded.classtimetable.controllers.rest.CourseRestControllerIntegrationTest]: no resource found for suffixes {-context.xml, Context.groovy}.
26 Feb;19:05:28.167 [main] INFO  o.s.t.c.s.AnnotationConfigContextLoaderUtils - Could not detect default configuration classes for test class [ua.com.foxminded.classtimetable.controllers.rest.CourseRestControllerIntegrationTest]: CourseRestControllerIntegrationTest does not declare any static, non-private, non-final, nested classes annotated with @Configuration.
26 Feb;19:05:28.170 [main] INFO  o.s.b.t.c.SpringBootTestContextBootstrapper - Found @SpringBootConfiguration ua.com.foxminded.classtimetable.Application for test class ua.com.foxminded.classtimetable.controllers.rest.CourseRestControllerIntegrationTest
26 Feb;19:05:28.173 [main] INFO  o.s.b.t.c.SpringBootTestContextBootstrapper - Loaded default TestExecutionListener class names from location [META-INF/spring.factories]: [org.springframework.boot.test.mock.mockito.MockitoTestExecutionListener, org.springframework.boot.test.mock.mockito.ResetMocksTestExecutionListener, org.springframework.boot.test.autoconfigure.restdocs.RestDocsTestExecutionListener, org.springframework.boot.test.autoconfigure.web.client.MockRestServiceServerResetTestExecutionListener, org.springframework.boot.test.autoconfigure.web.servlet.MockMvcPrintOnlyOnFailureTestExecutionListener, org.springframework.boot.test.autoconfigure.web.servlet.WebDriverTestExecutionListener, org.springframework.boot.test.autoconfigure.webservices.client.MockWebServiceServerTestExecutionListener, org.springframework.test.context.web.ServletTestExecutionListener, org.springframework.test.context.support.DirtiesContextBeforeModesTestExecutionListener, org.springframework.test.context.support.DependencyInjectionTestExecutionListener, org.springframework.test.context.support.DirtiesContextTestExecutionListener, org.springframework.test.context.transaction.TransactionalTestExecutionListener, org.springframework.test.context.jdbc.SqlScriptsTestExecutionListener, org.springframework.test.context.event.EventPublishingTestExecutionListener]
26 Feb;19:05:28.174 [main] INFO  o.s.b.t.c.SpringBootTestContextBootstrapper - Using TestExecutionListeners: [org.springframework.test.context.web.ServletTestExecutionListener@2ccecae2, org.springframework.test.context.support.DirtiesContextBeforeModesTestExecutionListener@37ade216, org.springframework.boot.test.mock.mockito.MockitoTestExecutionListener@118e2487, org.springframework.boot.test.autoconfigure.SpringBootDependencyInjectionTestExecutionListener@6032622, org.springframework.test.context.support.DirtiesContextTestExecutionListener@5cc075da, org.springframework.test.context.transaction.TransactionalTestExecutionListener@4258106, org.springframework.test.context.jdbc.SqlScriptsTestExecutionListener@64ef2719, org.springframework.test.context.event.EventPublishingTestExecutionListener@7b423f90, org.springframework.boot.test.mock.mockito.ResetMocksTestExecutionListener@24f3fb87, org.springframework.boot.test.autoconfigure.restdocs.RestDocsTestExecutionListener@c7673ae, org.springframework.boot.test.autoconfigure.web.client.MockRestServiceServerResetTestExecutionListener@113c4ad6, org.springframework.boot.test.autoconfigure.web.servlet.MockMvcPrintOnlyOnFailureTestExecutionListener@7be859de, org.springframework.boot.test.autoconfigure.web.servlet.WebDriverTestExecutionListener@40fcaae7, org.springframework.boot.test.autoconfigure.webservices.client.MockWebServiceServerTestExecutionListener@7fa85a55]
26 Feb;19:05:28.184 [main] INFO  o.s.b.t.a.w.s.WebMvcTestContextBootstrapper - Neither @ContextConfiguration nor @ContextHierarchy found for test class [ua.com.foxminded.classtimetable.controllers.rest.CourseRestControllerTest], using SpringBootContextLoader
26 Feb;19:05:28.185 [main] INFO  o.s.t.c.s.AbstractContextLoader - Could not detect default resource locations for test class [ua.com.foxminded.classtimetable.controllers.rest.CourseRestControllerTest]: no resource found for suffixes {-context.xml, Context.groovy}.
26 Feb;19:05:28.185 [main] INFO  o.s.t.c.s.AnnotationConfigContextLoaderUtils - Could not detect default configuration classes for test class [ua.com.foxminded.classtimetable.controllers.rest.CourseRestControllerTest]: CourseRestControllerTest does not declare any static, non-private, non-final, nested classes annotated with @Configuration.
26 Feb;19:05:28.193 [main] INFO  o.s.b.t.c.SpringBootTestContextBootstrapper - Found @SpringBootConfiguration ua.com.foxminded.classtimetable.Application for test class ua.com.foxminded.classtimetable.controllers.rest.CourseRestControllerTest
26 Feb;19:05:28.194 [main] INFO  o.s.b.t.a.w.s.WebMvcTestContextBootstrapper - Loaded default TestExecutionListener class names from location [META-INF/spring.factories]: [org.springframework.boot.test.mock.mockito.MockitoTestExecutionListener, org.springframework.boot.test.mock.mockito.ResetMocksTestExecutionListener, org.springframework.boot.test.autoconfigure.restdocs.RestDocsTestExecutionListener, org.springframework.boot.test.autoconfigure.web.client.MockRestServiceServerResetTestExecutionListener, org.springframework.boot.test.autoconfigure.web.servlet.MockMvcPrintOnlyOnFailureTestExecutionListener, org.springframework.boot.test.autoconfigure.web.servlet.WebDriverTestExecutionListener, org.springframework.boot.test.autoconfigure.webservices.client.MockWebServiceServerTestExecutionListener, org.springframework.test.context.web.ServletTestExecutionListener, org.springframework.test.context.support.DirtiesContextBeforeModesTestExecutionListener, org.springframework.test.context.support.DependencyInjectionTestExecutionListener, org.springframework.test.context.support.DirtiesContextTestExecutionListener, org.springframework.test.context.transaction.TransactionalTestExecutionListener, org.springframework.test.context.jdbc.SqlScriptsTestExecutionListener, org.springframework.test.context.event.EventPublishingTestExecutionListener]
26 Feb;19:05:28.195 [main] INFO  o.s.b.t.a.w.s.WebMvcTestContextBootstrapper - Using TestExecutionListeners: [org.springframework.test.context.web.ServletTestExecutionListener@36eb8e07, org.springframework.test.context.support.DirtiesContextBeforeModesTestExecutionListener@3df6494f, org.springframework.boot.test.mock.mockito.MockitoTestExecutionListener@1b5f960a, org.springframework.boot.test.autoconfigure.SpringBootDependencyInjectionTestExecutionListener@53ddabc6, org.springframework.test.context.support.DirtiesContextTestExecutionListener@39ac8c0c, org.springframework.test.context.transaction.TransactionalTestExecutionListener@361f1647, org.springframework.test.context.jdbc.SqlScriptsTestExecutionListener@51172948, org.springframework.test.context.event.EventPublishingTestExecutionListener@6f2a3b37, org.springframework.boot.test.mock.mockito.ResetMocksTestExecutionListener@323b0632, org.springframework.boot.test.autoconfigure.restdocs.RestDocsTestExecutionListener@7cd8831c, org.springframework.boot.test.autoconfigure.web.client.MockRestServiceServerResetTestExecutionListener@146db8a6, org.springframework.boot.test.autoconfigure.web.servlet.MockMvcPrintOnlyOnFailureTestExecutionListener@2a20da9f, org.springframework.boot.test.autoconfigure.web.servlet.WebDriverTestExecutionListener@40c0437f, org.springframework.boot.test.autoconfigure.webservices.client.MockWebServiceServerTestExecutionListener@78b8f818]
26 Feb;19:05:28.203 [main] INFO  o.s.b.t.c.SpringBootTestContextBootstrapper - Neither @ContextConfiguration nor @ContextHierarchy found for test class [ua.com.foxminded.classtimetable.controllers.rest.FacultyRestControllerIntegrationTest], using SpringBootContextLoader
26 Feb;19:05:28.204 [main] INFO  o.s.t.c.s.AbstractContextLoader - Could not detect default resource locations for test class [ua.com.foxminded.classtimetable.controllers.rest.FacultyRestControllerIntegrationTest]: no resource found for suffixes {-context.xml, Context.groovy}.
26 Feb;19:05:28.204 [main] INFO  o.s.t.c.s.AnnotationConfigContextLoaderUtils - Could not detect default configuration classes for test class [ua.com.foxminded.classtimetable.controllers.rest.FacultyRestControllerIntegrationTest]: FacultyRestControllerIntegrationTest does not declare any static, non-private, non-final, nested classes annotated with @Configuration.
26 Feb;19:05:28.206 [main] INFO  o.s.b.t.c.SpringBootTestContextBootstrapper - Found @SpringBootConfiguration ua.com.foxminded.classtimetable.Application for test class ua.com.foxminded.classtimetable.controllers.rest.FacultyRestControllerIntegrationTest
26 Feb;19:05:28.209 [main] INFO  o.s.b.t.c.SpringBootTestContextBootstrapper - Loaded default TestExecutionListener class names from location [META-INF/spring.factories]: [org.springframework.boot.test.mock.mockito.MockitoTestExecutionListener, org.springframework.boot.test.mock.mockito.ResetMocksTestExecutionListener, org.springframework.boot.test.autoconfigure.restdocs.RestDocsTestExecutionListener, org.springframework.boot.test.autoconfigure.web.client.MockRestServiceServerResetTestExecutionListener, org.springframework.boot.test.autoconfigure.web.servlet.MockMvcPrintOnlyOnFailureTestExecutionListener, org.springframework.boot.test.autoconfigure.web.servlet.WebDriverTestExecutionListener, org.springframework.boot.test.autoconfigure.webservices.client.MockWebServiceServerTestExecutionListener, org.springframework.test.context.web.ServletTestExecutionListener, org.springframework.test.context.support.DirtiesContextBeforeModesTestExecutionListener, org.springframework.test.context.support.DependencyInjectionTestExecutionListener, org.springframework.test.context.support.DirtiesContextTestExecutionListener, org.springframework.test.context.transaction.TransactionalTestExecutionListener, org.springframework.test.context.jdbc.SqlScriptsTestExecutionListener, org.springframework.test.context.event.EventPublishingTestExecutionListener]
26 Feb;19:05:28.210 [main] INFO  o.s.b.t.c.SpringBootTestContextBootstrapper - Using TestExecutionListeners: [org.springframework.test.context.web.ServletTestExecutionListener@58ac0823, org.springframework.test.context.support.DirtiesContextBeforeModesTestExecutionListener@2d705998, org.springframework.boot.test.mock.mockito.MockitoTestExecutionListener@28a3fc34, org.springframework.boot.test.autoconfigure.SpringBootDependencyInjectionTestExecutionListener@7582a16b, org.springframework.test.context.support.DirtiesContextTestExecutionListener@4dd752e8, org.springframework.test.context.transaction.TransactionalTestExecutionListener@62c46e53, org.springframework.test.context.jdbc.SqlScriptsTestExecutionListener@55317c63, org.springframework.test.context.event.EventPublishingTestExecutionListener@35d81657, org.springframework.boot.test.mock.mockito.ResetMocksTestExecutionListener@42ef5216, org.springframework.boot.test.autoconfigure.restdocs.RestDocsTestExecutionListener@3180aee, org.springframework.boot.test.autoconfigure.web.client.MockRestServiceServerResetTestExecutionListener@5d94ac8a, org.springframework.boot.test.autoconfigure.web.servlet.MockMvcPrintOnlyOnFailureTestExecutionListener@288b73c1, org.springframework.boot.test.autoconfigure.web.servlet.WebDriverTestExecutionListener@104cfb24, org.springframework.boot.test.autoconfigure.webservices.client.MockWebServiceServerTestExecutionListener@5340ccb9]
26 Feb;19:05:28.218 [main] INFO  o.s.b.t.a.w.s.WebMvcTestContextBootstrapper - Neither @ContextConfiguration nor @ContextHierarchy found for test class [ua.com.foxminded.classtimetable.controllers.rest.FacultyRestControllerTest], using SpringBootContextLoader
26 Feb;19:05:28.219 [main] INFO  o.s.t.c.s.AbstractContextLoader - Could not detect default resource locations for test class [ua.com.foxminded.classtimetable.controllers.rest.FacultyRestControllerTest]: no resource found for suffixes {-context.xml, Context.groovy}.
26 Feb;19:05:28.219 [main] INFO  o.s.t.c.s.AnnotationConfigContextLoaderUtils - Could not detect default configuration classes for test class [ua.com.foxminded.classtimetable.controllers.rest.FacultyRestControllerTest]: FacultyRestControllerTest does not declare any static, non-private, non-final, nested classes annotated with @Configuration.
26 Feb;19:05:28.222 [main] INFO  o.s.b.t.c.SpringBootTestContextBootstrapper - Found @SpringBootConfiguration ua.com.foxminded.classtimetable.Application for test class ua.com.foxminded.classtimetable.controllers.rest.FacultyRestControllerTest
26 Feb;19:05:28.223 [main] INFO  o.s.b.t.a.w.s.WebMvcTestContextBootstrapper - Loaded default TestExecutionListener class names from location [META-INF/spring.factories]: [org.springframework.boot.test.mock.mockito.MockitoTestExecutionListener, org.springframework.boot.test.mock.mockito.ResetMocksTestExecutionListener, org.springframework.boot.test.autoconfigure.restdocs.RestDocsTestExecutionListener, org.springframework.boot.test.autoconfigure.web.client.MockRestServiceServerResetTestExecutionListener, org.springframework.boot.test.autoconfigure.web.servlet.MockMvcPrintOnlyOnFailureTestExecutionListener, org.springframework.boot.test.autoconfigure.web.servlet.WebDriverTestExecutionListener, org.springframework.boot.test.autoconfigure.webservices.client.MockWebServiceServerTestExecutionListener, org.springframework.test.context.web.ServletTestExecutionListener, org.springframework.test.context.support.DirtiesContextBeforeModesTestExecutionListener, org.springframework.test.context.support.DependencyInjectionTestExecutionListener, org.springframework.test.context.support.DirtiesContextTestExecutionListener, org.springframework.test.context.transaction.TransactionalTestExecutionListener, org.springframework.test.context.jdbc.SqlScriptsTestExecutionListener, org.springframework.test.context.event.EventPublishingTestExecutionListener]
26 Feb;19:05:28.223 [main] INFO  o.s.b.t.a.w.s.WebMvcTestContextBootstrapper - Using TestExecutionListeners: [org.springframework.test.context.web.ServletTestExecutionListener@73852720, org.springframework.test.context.support.DirtiesContextBeforeModesTestExecutionListener@22854f2b, org.springframework.boot.test.mock.mockito.MockitoTestExecutionListener@7ae0a26, org.springframework.boot.test.autoconfigure.SpringBootDependencyInjectionTestExecutionListener@5ddf5118, org.springframework.test.context.support.DirtiesContextTestExecutionListener@7b9d1a4, org.springframework.test.context.transaction.TransactionalTestExecutionListener@fcd3a6f, org.springframework.test.context.jdbc.SqlScriptsTestExecutionListener@7845ee8a, org.springframework.test.context.event.EventPublishingTestExecutionListener@5f35370b, org.springframework.boot.test.mock.mockito.ResetMocksTestExecutionListener@16c8e9b8, org.springframework.boot.test.autoconfigure.restdocs.RestDocsTestExecutionListener@7030b74c, org.springframework.boot.test.autoconfigure.web.client.MockRestServiceServerResetTestExecutionListener@27d6267e, org.springframework.boot.test.autoconfigure.web.servlet.MockMvcPrintOnlyOnFailureTestExecutionListener@512dc0e0, org.springframework.boot.test.autoconfigure.web.servlet.WebDriverTestExecutionListener@f96654, org.springframework.boot.test.autoconfigure.webservices.client.MockWebServiceServerTestExecutionListener@75063bd0]
26 Feb;19:05:28.229 [main] INFO  o.s.b.t.c.SpringBootTestContextBootstrapper - Neither @ContextConfiguration nor @ContextHierarchy found for test class [ua.com.foxminded.classtimetable.controllers.rest.LessonRestControllerIntegrationTest], using SpringBootContextLoader
26 Feb;19:05:28.230 [main] INFO  o.s.t.c.s.AbstractContextLoader - Could not detect default resource locations for test class [ua.com.foxminded.classtimetable.controllers.rest.LessonRestControllerIntegrationTest]: no resource found for suffixes {-context.xml, Context.groovy}.
26 Feb;19:05:28.230 [main] INFO  o.s.t.c.s.AnnotationConfigContextLoaderUtils - Could not detect default configuration classes for test class [ua.com.foxminded.classtimetable.controllers.rest.LessonRestControllerIntegrationTest]: LessonRestControllerIntegrationTest does not declare any static, non-private, non-final, nested classes annotated with @Configuration.
26 Feb;19:05:28.232 [main] INFO  o.s.b.t.c.SpringBootTestContextBootstrapper - Found @SpringBootConfiguration ua.com.foxminded.classtimetable.Application for test class ua.com.foxminded.classtimetable.controllers.rest.LessonRestControllerIntegrationTest
26 Feb;19:05:28.233 [main] INFO  o.s.b.t.c.SpringBootTestContextBootstrapper - Loaded default TestExecutionListener class names from location [META-INF/spring.factories]: [org.springframework.boot.test.mock.mockito.MockitoTestExecutionListener, org.springframework.boot.test.mock.mockito.ResetMocksTestExecutionListener, org.springframework.boot.test.autoconfigure.restdocs.RestDocsTestExecutionListener, org.springframework.boot.test.autoconfigure.web.client.MockRestServiceServerResetTestExecutionListener, org.springframework.boot.test.autoconfigure.web.servlet.MockMvcPrintOnlyOnFailureTestExecutionListener, org.springframework.boot.test.autoconfigure.web.servlet.WebDriverTestExecutionListener, org.springframework.boot.test.autoconfigure.webservices.client.MockWebServiceServerTestExecutionListener, org.springframework.test.context.web.ServletTestExecutionListener, org.springframework.test.context.support.DirtiesContextBeforeModesTestExecutionListener, org.springframework.test.context.support.DependencyInjectionTestExecutionListener, org.springframework.test.context.support.DirtiesContextTestExecutionListener, org.springframework.test.context.transaction.TransactionalTestExecutionListener, org.springframework.test.context.jdbc.SqlScriptsTestExecutionListener, org.springframework.test.context.event.EventPublishingTestExecutionListener]
26 Feb;19:05:28.233 [main] INFO  o.s.b.t.c.SpringBootTestContextBootstrapper - Using TestExecutionListeners: [org.springframework.test.context.web.ServletTestExecutionListener@96075c0, org.springframework.test.context.support.DirtiesContextBeforeModesTestExecutionListener@2337bf27, org.springframework.boot.test.mock.mockito.MockitoTestExecutionListener@4679554d, org.springframework.boot.test.autoconfigure.SpringBootDependencyInjectionTestExecutionListener@43719e98, org.springframework.test.context.support.DirtiesContextTestExecutionListener@49353d43, org.springframework.test.context.transaction.TransactionalTestExecutionListener@57e57dc5, org.springframework.test.context.jdbc.SqlScriptsTestExecutionListener@5bba9949, org.springframework.test.context.event.EventPublishingTestExecutionListener@147059f8, org.springframework.boot.test.mock.mockito.ResetMocksTestExecutionListener@744fb110, org.springframework.boot.test.autoconfigure.restdocs.RestDocsTestExecutionListener@838e109, org.springframework.boot.test.autoconfigure.web.client.MockRestServiceServerResetTestExecutionListener@7474196, org.springframework.boot.test.autoconfigure.web.servlet.MockMvcPrintOnlyOnFailureTestExecutionListener@11ee671f, org.springframework.boot.test.autoconfigure.web.servlet.WebDriverTestExecutionListener@18209303, org.springframework.boot.test.autoconfigure.webservices.client.MockWebServiceServerTestExecutionListener@57df09a7]
26 Feb;19:05:28.244 [main] INFO  o.s.b.t.a.w.s.WebMvcTestContextBootstrapper - Neither @ContextConfiguration nor @ContextHierarchy found for test class [ua.com.foxminded.classtimetable.controllers.rest.LessonRestControllerTest], using SpringBootContextLoader
26 Feb;19:05:28.244 [main] INFO  o.s.t.c.s.AbstractContextLoader - Could not detect default resource locations for test class [ua.com.foxminded.classtimetable.controllers.rest.LessonRestControllerTest]: no resource found for suffixes {-context.xml, Context.groovy}.
26 Feb;19:05:28.244 [main] INFO  o.s.t.c.s.AnnotationConfigContextLoaderUtils - Could not detect default configuration classes for test class [ua.com.foxminded.classtimetable.controllers.rest.LessonRestControllerTest]: LessonRestControllerTest does not declare any static, non-private, non-final, nested classes annotated with @Configuration.
26 Feb;19:05:28.247 [main] INFO  o.s.b.t.c.SpringBootTestContextBootstrapper - Found @SpringBootConfiguration ua.com.foxminded.classtimetable.Application for test class ua.com.foxminded.classtimetable.controllers.rest.LessonRestControllerTest
26 Feb;19:05:28.248 [main] INFO  o.s.b.t.a.w.s.WebMvcTestContextBootstrapper - Loaded default TestExecutionListener class names from location [META-INF/spring.factories]: [org.springframework.boot.test.mock.mockito.MockitoTestExecutionListener, org.springframework.boot.test.mock.mockito.ResetMocksTestExecutionListener, org.springframework.boot.test.autoconfigure.restdocs.RestDocsTestExecutionListener, org.springframework.boot.test.autoconfigure.web.client.MockRestServiceServerResetTestExecutionListener, org.springframework.boot.test.autoconfigure.web.servlet.MockMvcPrintOnlyOnFailureTestExecutionListener, org.springframework.boot.test.autoconfigure.web.servlet.WebDriverTestExecutionListener, org.springframework.boot.test.autoconfigure.webservices.client.MockWebServiceServerTestExecutionListener, org.springframework.test.context.web.ServletTestExecutionListener, org.springframework.test.context.support.DirtiesContextBeforeModesTestExecutionListener, org.springframework.test.context.support.DependencyInjectionTestExecutionListener, org.springframework.test.context.support.DirtiesContextTestExecutionListener, org.springframework.test.context.transaction.TransactionalTestExecutionListener, org.springframework.test.context.jdbc.SqlScriptsTestExecutionListener, org.springframework.test.context.event.EventPublishingTestExecutionListener]
26 Feb;19:05:28.248 [main] INFO  o.s.b.t.a.w.s.WebMvcTestContextBootstrapper - Using TestExecutionListeners: [org.springframework.test.context.web.ServletTestExecutionListener@8d7718e, org.springframework.test.context.support.DirtiesContextBeforeModesTestExecutionListener@1bbb48dd, org.springframework.boot.test.mock.mockito.MockitoTestExecutionListener@f9de1fd, org.springframework.boot.test.autoconfigure.SpringBootDependencyInjectionTestExecutionListener@4fef4f96, org.springframework.test.context.support.DirtiesContextTestExecutionListener@7c871ce4, org.springframework.test.context.transaction.TransactionalTestExecutionListener@3d3b4e09, org.springframework.test.context.jdbc.SqlScriptsTestExecutionListener@5dc9d25a, org.springframework.test.context.event.EventPublishingTestExecutionListener@686fb58a, org.springframework.boot.test.mock.mockito.ResetMocksTestExecutionListener@2c4be45f, org.springframework.boot.test.autoconfigure.restdocs.RestDocsTestExecutionListener@4be7acd9, org.springframework.boot.test.autoconfigure.web.client.MockRestServiceServerResetTestExecutionListener@58afecfd, org.springframework.boot.test.autoconfigure.web.servlet.MockMvcPrintOnlyOnFailureTestExecutionListener@4d79d187, org.springframework.boot.test.autoconfigure.web.servlet.WebDriverTestExecutionListener@3e63bd6b, org.springframework.boot.test.autoconfigure.webservices.client.MockWebServiceServerTestExecutionListener@48144f1a]
26 Feb;19:05:28.254 [main] INFO  o.s.b.t.c.SpringBootTestContextBootstrapper - Neither @ContextConfiguration nor @ContextHierarchy found for test class [ua.com.foxminded.classtimetable.controllers.rest.StudentRestControllerIntegrationTest], using SpringBootContextLoader
26 Feb;19:05:28.255 [main] INFO  o.s.t.c.s.AbstractContextLoader - Could not detect default resource locations for test class [ua.com.foxminded.classtimetable.controllers.rest.StudentRestControllerIntegrationTest]: no resource found for suffixes {-context.xml, Context.groovy}.
26 Feb;19:05:28.255 [main] INFO  o.s.t.c.s.AnnotationConfigContextLoaderUtils - Could not detect default configuration classes for test class [ua.com.foxminded.classtimetable.controllers.rest.StudentRestControllerIntegrationTest]: StudentRestControllerIntegrationTest does not declare any static, non-private, non-final, nested classes annotated with @Configuration.
26 Feb;19:05:28.256 [main] INFO  o.s.b.t.c.SpringBootTestContextBootstrapper - Found @SpringBootConfiguration ua.com.foxminded.classtimetable.Application for test class ua.com.foxminded.classtimetable.controllers.rest.StudentRestControllerIntegrationTest
26 Feb;19:05:28.258 [main] INFO  o.s.b.t.c.SpringBootTestContextBootstrapper - Loaded default TestExecutionListener class names from location [META-INF/spring.factories]: [org.springframework.boot.test.mock.mockito.MockitoTestExecutionListener, org.springframework.boot.test.mock.mockito.ResetMocksTestExecutionListener, org.springframework.boot.test.autoconfigure.restdocs.RestDocsTestExecutionListener, org.springframework.boot.test.autoconfigure.web.client.MockRestServiceServerResetTestExecutionListener, org.springframework.boot.test.autoconfigure.web.servlet.MockMvcPrintOnlyOnFailureTestExecutionListener, org.springframework.boot.test.autoconfigure.web.servlet.WebDriverTestExecutionListener, org.springframework.boot.test.autoconfigure.webservices.client.MockWebServiceServerTestExecutionListener, org.springframework.test.context.web.ServletTestExecutionListener, org.springframework.test.context.support.DirtiesContextBeforeModesTestExecutionListener, org.springframework.test.context.support.DependencyInjectionTestExecutionListener, org.springframework.test.context.support.DirtiesContextTestExecutionListener, org.springframework.test.context.transaction.TransactionalTestExecutionListener, org.springframework.test.context.jdbc.SqlScriptsTestExecutionListener, org.springframework.test.context.event.EventPublishingTestExecutionListener]
26 Feb;19:05:28.258 [main] INFO  o.s.b.t.c.SpringBootTestContextBootstrapper - Using TestExecutionListeners: [org.springframework.test.context.web.ServletTestExecutionListener@24a7d3d3, org.springframework.test.context.support.DirtiesContextBeforeModesTestExecutionListener@43fbc2bf, org.springframework.boot.test.mock.mockito.MockitoTestExecutionListener@2c978637, org.springframework.boot.test.autoconfigure.SpringBootDependencyInjectionTestExecutionListener@5e2718b3, org.springframework.test.context.support.DirtiesContextTestExecutionListener@440461ef, org.springframework.test.context.transaction.TransactionalTestExecutionListener@5977bdea, org.springframework.test.context.jdbc.SqlScriptsTestExecutionListener@49c13ecd, org.springframework.test.context.event.EventPublishingTestExecutionListener@2f4545c6, org.springframework.boot.test.mock.mockito.ResetMocksTestExecutionListener@482942d8, org.springframework.boot.test.autoconfigure.restdocs.RestDocsTestExecutionListener@2cd52eda, org.springframework.boot.test.autoconfigure.web.client.MockRestServiceServerResetTestExecutionListener@6c225adb, org.springframework.boot.test.autoconfigure.web.servlet.MockMvcPrintOnlyOnFailureTestExecutionListener@69cc49ec, org.springframework.boot.test.autoconfigure.web.servlet.WebDriverTestExecutionListener@6b71e98f, org.springframework.boot.test.autoconfigure.webservices.client.MockWebServiceServerTestExecutionListener@6ed7b9c5]
26 Feb;19:05:28.262 [main] INFO  o.s.b.t.a.w.s.WebMvcTestContextBootstrapper - Neither @ContextConfiguration nor @ContextHierarchy found for test class [ua.com.foxminded.classtimetable.controllers.rest.StudentRestControllerTest], using SpringBootContextLoader
26 Feb;19:05:28.263 [main] INFO  o.s.t.c.s.AbstractContextLoader - Could not detect default resource locations for test class [ua.com.foxminded.classtimetable.controllers.rest.StudentRestControllerTest]: no resource found for suffixes {-context.xml, Context.groovy}.
26 Feb;19:05:28.263 [main] INFO  o.s.t.c.s.AnnotationConfigContextLoaderUtils - Could not detect default configuration classes for test class [ua.com.foxminded.classtimetable.controllers.rest.StudentRestControllerTest]: StudentRestControllerTest does not declare any static, non-private, non-final, nested classes annotated with @Configuration.
26 Feb;19:05:28.266 [main] INFO  o.s.b.t.c.SpringBootTestContextBootstrapper - Found @SpringBootConfiguration ua.com.foxminded.classtimetable.Application for test class ua.com.foxminded.classtimetable.controllers.rest.StudentRestControllerTest
26 Feb;19:05:28.267 [main] INFO  o.s.b.t.a.w.s.WebMvcTestContextBootstrapper - Loaded default TestExecutionListener class names from location [META-INF/spring.factories]: [org.springframework.boot.test.mock.mockito.MockitoTestExecutionListener, org.springframework.boot.test.mock.mockito.ResetMocksTestExecutionListener, org.springframework.boot.test.autoconfigure.restdocs.RestDocsTestExecutionListener, org.springframework.boot.test.autoconfigure.web.client.MockRestServiceServerResetTestExecutionListener, org.springframework.boot.test.autoconfigure.web.servlet.MockMvcPrintOnlyOnFailureTestExecutionListener, org.springframework.boot.test.autoconfigure.web.servlet.WebDriverTestExecutionListener, org.springframework.boot.test.autoconfigure.webservices.client.MockWebServiceServerTestExecutionListener, org.springframework.test.context.web.ServletTestExecutionListener, org.springframework.test.context.support.DirtiesContextBeforeModesTestExecutionListener, org.springframework.test.context.support.DependencyInjectionTestExecutionListener, org.springframework.test.context.support.DirtiesContextTestExecutionListener, org.springframework.test.context.transaction.TransactionalTestExecutionListener, org.springframework.test.context.jdbc.SqlScriptsTestExecutionListener, org.springframework.test.context.event.EventPublishingTestExecutionListener]
26 Feb;19:05:28.267 [main] INFO  o.s.b.t.a.w.s.WebMvcTestContextBootstrapper - Using TestExecutionListeners: [org.springframework.test.context.web.ServletTestExecutionListener@66226ab, org.springframework.test.context.support.DirtiesContextBeforeModesTestExecutionListener@38093ffe, org.springframework.boot.test.mock.mockito.MockitoTestExecutionListener@4713b631, org.springframework.boot.test.autoconfigure.SpringBootDependencyInjectionTestExecutionListener@7a0d2c80, org.springframework.test.context.support.DirtiesContextTestExecutionListener@6d4d0a14, org.springframework.test.context.transaction.TransactionalTestExecutionListener@1cca3e8c, org.springframework.test.context.jdbc.SqlScriptsTestExecutionListener@46b2a11a, org.springframework.test.context.event.EventPublishingTestExecutionListener@55c8fc60, org.springframework.boot.test.mock.mockito.ResetMocksTestExecutionListener@50d05167, org.springframework.boot.test.autoconfigure.restdocs.RestDocsTestExecutionListener@1da32baf, org.springframework.boot.test.autoconfigure.web.client.MockRestServiceServerResetTestExecutionListener@4e4af370, org.springframework.boot.test.autoconfigure.web.servlet.MockMvcPrintOnlyOnFailureTestExecutionListener@5cf33d25, org.springframework.boot.test.autoconfigure.web.servlet.WebDriverTestExecutionListener@efa04b5, org.springframework.boot.test.autoconfigure.webservices.client.MockWebServiceServerTestExecutionListener@a80a896]
26 Feb;19:05:28.274 [main] INFO  o.s.b.t.c.SpringBootTestContextBootstrapper - Neither @ContextConfiguration nor @ContextHierarchy found for test class [ua.com.foxminded.classtimetable.controllers.rest.TeacherRestControllerIntegrationTest], using SpringBootContextLoader
26 Feb;19:05:28.275 [main] INFO  o.s.t.c.s.AbstractContextLoader - Could not detect default resource locations for test class [ua.com.foxminded.classtimetable.controllers.rest.TeacherRestControllerIntegrationTest]: no resource found for suffixes {-context.xml, Context.groovy}.
26 Feb;19:05:28.275 [main] INFO  o.s.t.c.s.AnnotationConfigContextLoaderUtils - Could not detect default configuration classes for test class [ua.com.foxminded.classtimetable.controllers.rest.TeacherRestControllerIntegrationTest]: TeacherRestControllerIntegrationTest does not declare any static, non-private, non-final, nested classes annotated with @Configuration.
26 Feb;19:05:28.277 [main] INFO  o.s.b.t.c.SpringBootTestContextBootstrapper - Found @SpringBootConfiguration ua.com.foxminded.classtimetable.Application for test class ua.com.foxminded.classtimetable.controllers.rest.TeacherRestControllerIntegrationTest
26 Feb;19:05:28.279 [main] INFO  o.s.b.t.c.SpringBootTestContextBootstrapper - Loaded default TestExecutionListener class names from location [META-INF/spring.factories]: [org.springframework.boot.test.mock.mockito.MockitoTestExecutionListener, org.springframework.boot.test.mock.mockito.ResetMocksTestExecutionListener, org.springframework.boot.test.autoconfigure.restdocs.RestDocsTestExecutionListener, org.springframework.boot.test.autoconfigure.web.client.MockRestServiceServerResetTestExecutionListener, org.springframework.boot.test.autoconfigure.web.servlet.MockMvcPrintOnlyOnFailureTestExecutionListener, org.springframework.boot.test.autoconfigure.web.servlet.WebDriverTestExecutionListener, org.springframework.boot.test.autoconfigure.webservices.client.MockWebServiceServerTestExecutionListener, org.springframework.test.context.web.ServletTestExecutionListener, org.springframework.test.context.support.DirtiesContextBeforeModesTestExecutionListener, org.springframework.test.context.support.DependencyInjectionTestExecutionListener, org.springframework.test.context.support.DirtiesContextTestExecutionListener, org.springframework.test.context.transaction.TransactionalTestExecutionListener, org.springframework.test.context.jdbc.SqlScriptsTestExecutionListener, org.springframework.test.context.event.EventPublishingTestExecutionListener]
26 Feb;19:05:28.279 [main] INFO  o.s.b.t.c.SpringBootTestContextBootstrapper - Using TestExecutionListeners: [org.springframework.test.context.web.ServletTestExecutionListener@664254b6, org.springframework.test.context.support.DirtiesContextBeforeModesTestExecutionListener@714b6999, org.springframework.boot.test.mock.mockito.MockitoTestExecutionListener@2e4d2232, org.springframework.boot.test.autoconfigure.SpringBootDependencyInjectionTestExecutionListener@24f5e9e8, org.springframework.test.context.support.DirtiesContextTestExecutionListener@50e6ee24, org.springframework.test.context.transaction.TransactionalTestExecutionListener@7acb5200, org.springframework.test.context.jdbc.SqlScriptsTestExecutionListener@3d50a3d9, org.springframework.test.context.event.EventPublishingTestExecutionListener@3661b732, org.springframework.boot.test.mock.mockito.ResetMocksTestExecutionListener@5111f814, org.springframework.boot.test.autoconfigure.restdocs.RestDocsTestExecutionListener@71eafb64, org.springframework.boot.test.autoconfigure.web.client.MockRestServiceServerResetTestExecutionListener@491cc0eb, org.springframework.boot.test.autoconfigure.web.servlet.MockMvcPrintOnlyOnFailureTestExecutionListener@727f36dd, org.springframework.boot.test.autoconfigure.web.servlet.WebDriverTestExecutionListener@2c70a1de, org.springframework.boot.test.autoconfigure.webservices.client.MockWebServiceServerTestExecutionListener@ae74eef]
26 Feb;19:05:28.287 [main] INFO  o.s.b.t.a.w.s.WebMvcTestContextBootstrapper - Neither @ContextConfiguration nor @ContextHierarchy found for test class [ua.com.foxminded.classtimetable.controllers.rest.TeacherRestControllerTest], using SpringBootContextLoader
26 Feb;19:05:28.288 [main] INFO  o.s.t.c.s.AbstractContextLoader - Could not detect default resource locations for test class [ua.com.foxminded.classtimetable.controllers.rest.TeacherRestControllerTest]: no resource found for suffixes {-context.xml, Context.groovy}.
26 Feb;19:05:28.288 [main] INFO  o.s.t.c.s.AnnotationConfigContextLoaderUtils - Could not detect default configuration classes for test class [ua.com.foxminded.classtimetable.controllers.rest.TeacherRestControllerTest]: TeacherRestControllerTest does not declare any static, non-private, non-final, nested classes annotated with @Configuration.
26 Feb;19:05:28.293 [main] INFO  o.s.b.t.c.SpringBootTestContextBootstrapper - Found @SpringBootConfiguration ua.com.foxminded.classtimetable.Application for test class ua.com.foxminded.classtimetable.controllers.rest.TeacherRestControllerTest
26 Feb;19:05:28.294 [main] INFO  o.s.b.t.a.w.s.WebMvcTestContextBootstrapper - Loaded default TestExecutionListener class names from location [META-INF/spring.factories]: [org.springframework.boot.test.mock.mockito.MockitoTestExecutionListener, org.springframework.boot.test.mock.mockito.ResetMocksTestExecutionListener, org.springframework.boot.test.autoconfigure.restdocs.RestDocsTestExecutionListener, org.springframework.boot.test.autoconfigure.web.client.MockRestServiceServerResetTestExecutionListener, org.springframework.boot.test.autoconfigure.web.servlet.MockMvcPrintOnlyOnFailureTestExecutionListener, org.springframework.boot.test.autoconfigure.web.servlet.WebDriverTestExecutionListener, org.springframework.boot.test.autoconfigure.webservices.client.MockWebServiceServerTestExecutionListener, org.springframework.test.context.web.ServletTestExecutionListener, org.springframework.test.context.support.DirtiesContextBeforeModesTestExecutionListener, org.springframework.test.context.support.DependencyInjectionTestExecutionListener, org.springframework.test.context.support.DirtiesContextTestExecutionListener, org.springframework.test.context.transaction.TransactionalTestExecutionListener, org.springframework.test.context.jdbc.SqlScriptsTestExecutionListener, org.springframework.test.context.event.EventPublishingTestExecutionListener]
26 Feb;19:05:28.295 [main] INFO  o.s.b.t.a.w.s.WebMvcTestContextBootstrapper - Using TestExecutionListeners: [org.springframework.test.context.web.ServletTestExecutionListener@20518250, org.springframework.test.context.support.DirtiesContextBeforeModesTestExecutionListener@7836c79, org.springframework.boot.test.mock.mockito.MockitoTestExecutionListener@5ccc971e, org.springframework.boot.test.autoconfigure.SpringBootDependencyInjectionTestExecutionListener@28269c65, org.springframework.test.context.support.DirtiesContextTestExecutionListener@4c9d833, org.springframework.test.context.transaction.TransactionalTestExecutionListener@18b58c77, org.springframework.test.context.jdbc.SqlScriptsTestExecutionListener@20f99c18, org.springframework.test.context.event.EventPublishingTestExecutionListener@3c20e9d6, org.springframework.boot.test.mock.mockito.ResetMocksTestExecutionListener@76e2a621, org.springframework.boot.test.autoconfigure.restdocs.RestDocsTestExecutionListener@42805abe, org.springframework.boot.test.autoconfigure.web.client.MockRestServiceServerResetTestExecutionListener@2e7517aa, org.springframework.boot.test.autoconfigure.web.servlet.MockMvcPrintOnlyOnFailureTestExecutionListener@152035eb, org.springframework.boot.test.autoconfigure.web.servlet.WebDriverTestExecutionListener@76105ac0, org.springframework.boot.test.autoconfigure.webservices.client.MockWebServiceServerTestExecutionListener@3605ab16]
26 Feb;19:05:28.303 [main] INFO  o.s.b.t.c.SpringBootTestContextBootstrapper - Neither @ContextConfiguration nor @ContextHierarchy found for test class [ua.com.foxminded.classtimetable.controllers.ui.BuildingControllerTest], using SpringBootContextLoader
26 Feb;19:05:28.304 [main] INFO  o.s.t.c.s.AbstractContextLoader - Could not detect default resource locations for test class [ua.com.foxminded.classtimetable.controllers.ui.BuildingControllerTest]: no resource found for suffixes {-context.xml, Context.groovy}.
26 Feb;19:05:28.304 [main] INFO  o.s.t.c.s.AnnotationConfigContextLoaderUtils - Could not detect default configuration classes for test class [ua.com.foxminded.classtimetable.controllers.ui.BuildingControllerTest]: BuildingControllerTest does not declare any static, non-private, non-final, nested classes annotated with @Configuration.
26 Feb;19:05:28.329 [main] INFO  o.s.b.t.c.SpringBootTestContextBootstrapper - Found @SpringBootConfiguration ua.com.foxminded.classtimetable.Application for test class ua.com.foxminded.classtimetable.controllers.ui.BuildingControllerTest
26 Feb;19:05:28.331 [main] INFO  o.s.b.t.c.SpringBootTestContextBootstrapper - Loaded default TestExecutionListener class names from location [META-INF/spring.factories]: [org.springframework.boot.test.mock.mockito.MockitoTestExecutionListener, org.springframework.boot.test.mock.mockito.ResetMocksTestExecutionListener, org.springframework.boot.test.autoconfigure.restdocs.RestDocsTestExecutionListener, org.springframework.boot.test.autoconfigure.web.client.MockRestServiceServerResetTestExecutionListener, org.springframework.boot.test.autoconfigure.web.servlet.MockMvcPrintOnlyOnFailureTestExecutionListener, org.springframework.boot.test.autoconfigure.web.servlet.WebDriverTestExecutionListener, org.springframework.boot.test.autoconfigure.webservices.client.MockWebServiceServerTestExecutionListener, org.springframework.test.context.web.ServletTestExecutionListener, org.springframework.test.context.support.DirtiesContextBeforeModesTestExecutionListener, org.springframework.test.context.support.DependencyInjectionTestExecutionListener, org.springframework.test.context.support.DirtiesContextTestExecutionListener, org.springframework.test.context.transaction.TransactionalTestExecutionListener, org.springframework.test.context.jdbc.SqlScriptsTestExecutionListener, org.springframework.test.context.event.EventPublishingTestExecutionListener]
26 Feb;19:05:28.332 [main] INFO  o.s.b.t.c.SpringBootTestContextBootstrapper - Using TestExecutionListeners: [org.springframework.test.context.web.ServletTestExecutionListener@37b80ec7, org.springframework.test.context.support.DirtiesContextBeforeModesTestExecutionListener@4cb58e8b, org.springframework.boot.test.mock.mockito.MockitoTestExecutionListener@6f4f2cc0, org.springframework.boot.test.autoconfigure.SpringBootDependencyInjectionTestExecutionListener@5308e79d, org.springframework.test.context.support.DirtiesContextTestExecutionListener@2431050d, org.springframework.test.context.transaction.TransactionalTestExecutionListener@441016d6, org.springframework.test.context.jdbc.SqlScriptsTestExecutionListener@522f0bb8, org.springframework.test.context.event.EventPublishingTestExecutionListener@468f2a6f, org.springframework.boot.test.mock.mockito.ResetMocksTestExecutionListener@6a3a56de, org.springframework.boot.test.autoconfigure.restdocs.RestDocsTestExecutionListener@2ed84be9, org.springframework.boot.test.autoconfigure.web.client.MockRestServiceServerResetTestExecutionListener@400e741, org.springframework.boot.test.autoconfigure.web.servlet.MockMvcPrintOnlyOnFailureTestExecutionListener@3be369fc, org.springframework.boot.test.autoconfigure.web.servlet.WebDriverTestExecutionListener@35744f8, org.springframework.boot.test.autoconfigure.webservices.client.MockWebServiceServerTestExecutionListener@6fbcc078]
26 Feb;19:05:28.343 [main] INFO  o.s.b.t.c.SpringBootTestContextBootstrapper - Neither @ContextConfiguration nor @ContextHierarchy found for test class [ua.com.foxminded.classtimetable.controllers.ui.ClassroomControllerTest], using SpringBootContextLoader
26 Feb;19:05:28.344 [main] INFO  o.s.t.c.s.AbstractContextLoader - Could not detect default resource locations for test class [ua.com.foxminded.classtimetable.controllers.ui.ClassroomControllerTest]: no resource found for suffixes {-context.xml, Context.groovy}.
26 Feb;19:05:28.344 [main] INFO  o.s.t.c.s.AnnotationConfigContextLoaderUtils - Could not detect default configuration classes for test class [ua.com.foxminded.classtimetable.controllers.ui.ClassroomControllerTest]: ClassroomControllerTest does not declare any static, non-private, non-final, nested classes annotated with @Configuration.
26 Feb;19:05:28.349 [main] INFO  o.s.b.t.c.SpringBootTestContextBootstrapper - Found @SpringBootConfiguration ua.com.foxminded.classtimetable.Application for test class ua.com.foxminded.classtimetable.controllers.ui.ClassroomControllerTest
26 Feb;19:05:28.351 [main] INFO  o.s.b.t.c.SpringBootTestContextBootstrapper - Loaded default TestExecutionListener class names from location [META-INF/spring.factories]: [org.springframework.boot.test.mock.mockito.MockitoTestExecutionListener, org.springframework.boot.test.mock.mockito.ResetMocksTestExecutionListener, org.springframework.boot.test.autoconfigure.restdocs.RestDocsTestExecutionListener, org.springframework.boot.test.autoconfigure.web.client.MockRestServiceServerResetTestExecutionListener, org.springframework.boot.test.autoconfigure.web.servlet.MockMvcPrintOnlyOnFailureTestExecutionListener, org.springframework.boot.test.autoconfigure.web.servlet.WebDriverTestExecutionListener, org.springframework.boot.test.autoconfigure.webservices.client.MockWebServiceServerTestExecutionListener, org.springframework.test.context.web.ServletTestExecutionListener, org.springframework.test.context.support.DirtiesContextBeforeModesTestExecutionListener, org.springframework.test.context.support.DependencyInjectionTestExecutionListener, org.springframework.test.context.support.DirtiesContextTestExecutionListener, org.springframework.test.context.transaction.TransactionalTestExecutionListener, org.springframework.test.context.jdbc.SqlScriptsTestExecutionListener, org.springframework.test.context.event.EventPublishingTestExecutionListener]
26 Feb;19:05:28.355 [main] INFO  o.s.b.t.c.SpringBootTestContextBootstrapper - Using TestExecutionListeners: [org.springframework.test.context.web.ServletTestExecutionListener@7b58d678, org.springframework.test.context.support.DirtiesContextBeforeModesTestExecutionListener@535a6697, org.springframework.boot.test.mock.mockito.MockitoTestExecutionListener@641bc9a8, org.springframework.boot.test.autoconfigure.SpringBootDependencyInjectionTestExecutionListener@1d40f597, org.springframework.test.context.support.DirtiesContextTestExecutionListener@20960b51, org.springframework.test.context.transaction.TransactionalTestExecutionListener@2078bf0a, org.springframework.test.context.jdbc.SqlScriptsTestExecutionListener@1a947424, org.springframework.test.context.event.EventPublishingTestExecutionListener@62d6ac, org.springframework.boot.test.mock.mockito.ResetMocksTestExecutionListener@103e9972, org.springframework.boot.test.autoconfigure.restdocs.RestDocsTestExecutionListener@75dbe490, org.springframework.boot.test.autoconfigure.web.client.MockRestServiceServerResetTestExecutionListener@4c579b5b, org.springframework.boot.test.autoconfigure.web.servlet.MockMvcPrintOnlyOnFailureTestExecutionListener@5a96f3cb, org.springframework.boot.test.autoconfigure.web.servlet.WebDriverTestExecutionListener@3e0704e2, org.springframework.boot.test.autoconfigure.webservices.client.MockWebServiceServerTestExecutionListener@14d298d6]
26 Feb;19:05:28.361 [main] INFO  o.s.b.t.c.SpringBootTestContextBootstrapper - Neither @ContextConfiguration nor @ContextHierarchy found for test class [ua.com.foxminded.classtimetable.controllers.ui.CourseControllerTest], using SpringBootContextLoader
26 Feb;19:05:28.362 [main] INFO  o.s.t.c.s.AbstractContextLoader - Could not detect default resource locations for test class [ua.com.foxminded.classtimetable.controllers.ui.CourseControllerTest]: no resource found for suffixes {-context.xml, Context.groovy}.
26 Feb;19:05:28.362 [main] INFO  o.s.t.c.s.AnnotationConfigContextLoaderUtils - Could not detect default configuration classes for test class [ua.com.foxminded.classtimetable.controllers.ui.CourseControllerTest]: CourseControllerTest does not declare any static, non-private, non-final, nested classes annotated with @Configuration.
26 Feb;19:05:28.364 [main] INFO  o.s.b.t.c.SpringBootTestContextBootstrapper - Found @SpringBootConfiguration ua.com.foxminded.classtimetable.Application for test class ua.com.foxminded.classtimetable.controllers.ui.CourseControllerTest
26 Feb;19:05:28.365 [main] INFO  o.s.b.t.c.SpringBootTestContextBootstrapper - Loaded default TestExecutionListener class names from location [META-INF/spring.factories]: [org.springframework.boot.test.mock.mockito.MockitoTestExecutionListener, org.springframework.boot.test.mock.mockito.ResetMocksTestExecutionListener, org.springframework.boot.test.autoconfigure.restdocs.RestDocsTestExecutionListener, org.springframework.boot.test.autoconfigure.web.client.MockRestServiceServerResetTestExecutionListener, org.springframework.boot.test.autoconfigure.web.servlet.MockMvcPrintOnlyOnFailureTestExecutionListener, org.springframework.boot.test.autoconfigure.web.servlet.WebDriverTestExecutionListener, org.springframework.boot.test.autoconfigure.webservices.client.MockWebServiceServerTestExecutionListener, org.springframework.test.context.web.ServletTestExecutionListener, org.springframework.test.context.support.DirtiesContextBeforeModesTestExecutionListener, org.springframework.test.context.support.DependencyInjectionTestExecutionListener, org.springframework.test.context.support.DirtiesContextTestExecutionListener, org.springframework.test.context.transaction.TransactionalTestExecutionListener, org.springframework.test.context.jdbc.SqlScriptsTestExecutionListener, org.springframework.test.context.event.EventPublishingTestExecutionListener]
26 Feb;19:05:28.365 [main] INFO  o.s.b.t.c.SpringBootTestContextBootstrapper - Using TestExecutionListeners: [org.springframework.test.context.web.ServletTestExecutionListener@259aec72, org.springframework.test.context.support.DirtiesContextBeforeModesTestExecutionListener@36d39655, org.springframework.boot.test.mock.mockito.MockitoTestExecutionListener@26be0d23, org.springframework.boot.test.autoconfigure.SpringBootDependencyInjectionTestExecutionListener@576b385d, org.springframework.test.context.support.DirtiesContextTestExecutionListener@2560a7be, org.springframework.test.context.transaction.TransactionalTestExecutionListener@fabfc79, org.springframework.test.context.jdbc.SqlScriptsTestExecutionListener@59aa2fba, org.springframework.test.context.event.EventPublishingTestExecutionListener@578d5d02, org.springframework.boot.test.mock.mockito.ResetMocksTestExecutionListener@77f04d1a, org.springframework.boot.test.autoconfigure.restdocs.RestDocsTestExecutionListener@27682fa9, org.springframework.boot.test.autoconfigure.web.client.MockRestServiceServerResetTestExecutionListener@2fb70301, org.springframework.boot.test.autoconfigure.web.servlet.MockMvcPrintOnlyOnFailureTestExecutionListener@126f2eb8, org.springframework.boot.test.autoconfigure.web.servlet.WebDriverTestExecutionListener@67823972, org.springframework.boot.test.autoconfigure.webservices.client.MockWebServiceServerTestExecutionListener@1f1574c]
26 Feb;19:05:28.372 [main] INFO  o.s.b.t.c.SpringBootTestContextBootstrapper - Neither @ContextConfiguration nor @ContextHierarchy found for test class [ua.com.foxminded.classtimetable.controllers.ui.FacultyControllerTest], using SpringBootContextLoader
26 Feb;19:05:28.373 [main] INFO  o.s.t.c.s.AbstractContextLoader - Could not detect default resource locations for test class [ua.com.foxminded.classtimetable.controllers.ui.FacultyControllerTest]: no resource found for suffixes {-context.xml, Context.groovy}.
26 Feb;19:05:28.373 [main] INFO  o.s.t.c.s.AnnotationConfigContextLoaderUtils - Could not detect default configuration classes for test class [ua.com.foxminded.classtimetable.controllers.ui.FacultyControllerTest]: FacultyControllerTest does not declare any static, non-private, non-final, nested classes annotated with @Configuration.
26 Feb;19:05:28.375 [main] INFO  o.s.b.t.c.SpringBootTestContextBootstrapper - Found @SpringBootConfiguration ua.com.foxminded.classtimetable.Application for test class ua.com.foxminded.classtimetable.controllers.ui.FacultyControllerTest
26 Feb;19:05:28.376 [main] INFO  o.s.b.t.c.SpringBootTestContextBootstrapper - Loaded default TestExecutionListener class names from location [META-INF/spring.factories]: [org.springframework.boot.test.mock.mockito.MockitoTestExecutionListener, org.springframework.boot.test.mock.mockito.ResetMocksTestExecutionListener, org.springframework.boot.test.autoconfigure.restdocs.RestDocsTestExecutionListener, org.springframework.boot.test.autoconfigure.web.client.MockRestServiceServerResetTestExecutionListener, org.springframework.boot.test.autoconfigure.web.servlet.MockMvcPrintOnlyOnFailureTestExecutionListener, org.springframework.boot.test.autoconfigure.web.servlet.WebDriverTestExecutionListener, org.springframework.boot.test.autoconfigure.webservices.client.MockWebServiceServerTestExecutionListener, org.springframework.test.context.web.ServletTestExecutionListener, org.springframework.test.context.support.DirtiesContextBeforeModesTestExecutionListener, org.springframework.test.context.support.DependencyInjectionTestExecutionListener, org.springframework.test.context.support.DirtiesContextTestExecutionListener, org.springframework.test.context.transaction.TransactionalTestExecutionListener, org.springframework.test.context.jdbc.SqlScriptsTestExecutionListener, org.springframework.test.context.event.EventPublishingTestExecutionListener]
26 Feb;19:05:28.377 [main] INFO  o.s.b.t.c.SpringBootTestContextBootstrapper - Using TestExecutionListeners: [org.springframework.test.context.web.ServletTestExecutionListener@2d34866a, org.springframework.test.context.support.DirtiesContextBeforeModesTestExecutionListener@26291192, org.springframework.boot.test.mock.mockito.MockitoTestExecutionListener@27d5eb00, org.springframework.boot.test.autoconfigure.SpringBootDependencyInjectionTestExecutionListener@2b540131, org.springframework.test.context.support.DirtiesContextTestExecutionListener@225ac5e7, org.springframework.test.context.transaction.TransactionalTestExecutionListener@4c91f5bf, org.springframework.test.context.jdbc.SqlScriptsTestExecutionListener@44948ac6, org.springframework.test.context.event.EventPublishingTestExecutionListener@4fc256ec, org.springframework.boot.test.mock.mockito.ResetMocksTestExecutionListener@3bc3d70e, org.springframework.boot.test.autoconfigure.restdocs.RestDocsTestExecutionListener@78bce1c4, org.springframework.boot.test.autoconfigure.web.client.MockRestServiceServerResetTestExecutionListener@189e96af, org.springframework.boot.test.autoconfigure.web.servlet.MockMvcPrintOnlyOnFailureTestExecutionListener@45b6c666, org.springframework.boot.test.autoconfigure.web.servlet.WebDriverTestExecutionListener@60e80279, org.springframework.boot.test.autoconfigure.webservices.client.MockWebServiceServerTestExecutionListener@7fc56d61]
26 Feb;19:05:28.380 [main] INFO  o.s.b.t.c.SpringBootTestContextBootstrapper - Neither @ContextConfiguration nor @ContextHierarchy found for test class [ua.com.foxminded.classtimetable.controllers.ui.LessonControllerTest], using SpringBootContextLoader
26 Feb;19:05:28.381 [main] INFO  o.s.t.c.s.AbstractContextLoader - Could not detect default resource locations for test class [ua.com.foxminded.classtimetable.controllers.ui.LessonControllerTest]: no resource found for suffixes {-context.xml, Context.groovy}.
26 Feb;19:05:28.381 [main] INFO  o.s.t.c.s.AnnotationConfigContextLoaderUtils - Could not detect default configuration classes for test class [ua.com.foxminded.classtimetable.controllers.ui.LessonControllerTest]: LessonControllerTest does not declare any static, non-private, non-final, nested classes annotated with @Configuration.
26 Feb;19:05:28.382 [main] INFO  o.s.b.t.c.SpringBootTestContextBootstrapper - Found @SpringBootConfiguration ua.com.foxminded.classtimetable.Application for test class ua.com.foxminded.classtimetable.controllers.ui.LessonControllerTest
26 Feb;19:05:28.383 [main] INFO  o.s.b.t.c.SpringBootTestContextBootstrapper - Loaded default TestExecutionListener class names from location [META-INF/spring.factories]: [org.springframework.boot.test.mock.mockito.MockitoTestExecutionListener, org.springframework.boot.test.mock.mockito.ResetMocksTestExecutionListener, org.springframework.boot.test.autoconfigure.restdocs.RestDocsTestExecutionListener, org.springframework.boot.test.autoconfigure.web.client.MockRestServiceServerResetTestExecutionListener, org.springframework.boot.test.autoconfigure.web.servlet.MockMvcPrintOnlyOnFailureTestExecutionListener, org.springframework.boot.test.autoconfigure.web.servlet.WebDriverTestExecutionListener, org.springframework.boot.test.autoconfigure.webservices.client.MockWebServiceServerTestExecutionListener, org.springframework.test.context.web.ServletTestExecutionListener, org.springframework.test.context.support.DirtiesContextBeforeModesTestExecutionListener, org.springframework.test.context.support.DependencyInjectionTestExecutionListener, org.springframework.test.context.support.DirtiesContextTestExecutionListener, org.springframework.test.context.transaction.TransactionalTestExecutionListener, org.springframework.test.context.jdbc.SqlScriptsTestExecutionListener, org.springframework.test.context.event.EventPublishingTestExecutionListener]
26 Feb;19:05:28.383 [main] INFO  o.s.b.t.c.SpringBootTestContextBootstrapper - Using TestExecutionListeners: [org.springframework.test.context.web.ServletTestExecutionListener@34d11c92, org.springframework.test.context.support.DirtiesContextBeforeModesTestExecutionListener@31b289da, org.springframework.boot.test.mock.mockito.MockitoTestExecutionListener@58486deb, org.springframework.boot.test.autoconfigure.SpringBootDependencyInjectionTestExecutionListener@4e933cf1, org.springframework.test.context.support.DirtiesContextTestExecutionListener@729a9c3d, org.springframework.test.context.transaction.TransactionalTestExecutionListener@574327ed, org.springframework.test.context.jdbc.SqlScriptsTestExecutionListener@4c7f2fdb, org.springframework.test.context.event.EventPublishingTestExecutionListener@1b5cf611, org.springframework.boot.test.mock.mockito.ResetMocksTestExecutionListener@3d01ea33, org.springframework.boot.test.autoconfigure.restdocs.RestDocsTestExecutionListener@73b3ce31, org.springframework.boot.test.autoconfigure.web.client.MockRestServiceServerResetTestExecutionListener@4687366b, org.springframework.boot.test.autoconfigure.web.servlet.MockMvcPrintOnlyOnFailureTestExecutionListener@3a17acd4, org.springframework.boot.test.autoconfigure.web.servlet.WebDriverTestExecutionListener@8f589d7, org.springframework.boot.test.autoconfigure.webservices.client.MockWebServiceServerTestExecutionListener@65da1cbe]
26 Feb;19:05:28.390 [main] INFO  o.s.t.c.s.DefaultTestContextBootstrapper - Neither @ContextConfiguration nor @ContextHierarchy found for test class [ua.com.foxminded.classtimetable.controllers.ui.MenuControllerTest], using DelegatingSmartContextLoader
26 Feb;19:05:28.391 [main] INFO  o.s.t.c.s.AbstractContextLoader - Could not detect default resource locations for test class [ua.com.foxminded.classtimetable.controllers.ui.MenuControllerTest]: no resource found for suffixes {-context.xml}.
26 Feb;19:05:28.391 [main] INFO  o.s.t.c.s.AnnotationConfigContextLoaderUtils - Could not detect default configuration classes for test class [ua.com.foxminded.classtimetable.controllers.ui.MenuControllerTest]: MenuControllerTest does not declare any static, non-private, non-final, nested classes annotated with @Configuration.
26 Feb;19:05:28.392 [main] INFO  o.s.t.c.s.DefaultTestContextBootstrapper - Loaded default TestExecutionListener class names from location [META-INF/spring.factories]: [org.springframework.boot.test.mock.mockito.MockitoTestExecutionListener, org.springframework.boot.test.mock.mockito.ResetMocksTestExecutionListener, org.springframework.boot.test.autoconfigure.restdocs.RestDocsTestExecutionListener, org.springframework.boot.test.autoconfigure.web.client.MockRestServiceServerResetTestExecutionListener, org.springframework.boot.test.autoconfigure.web.servlet.MockMvcPrintOnlyOnFailureTestExecutionListener, org.springframework.boot.test.autoconfigure.web.servlet.WebDriverTestExecutionListener, org.springframework.boot.test.autoconfigure.webservices.client.MockWebServiceServerTestExecutionListener, org.springframework.test.context.web.ServletTestExecutionListener, org.springframework.test.context.support.DirtiesContextBeforeModesTestExecutionListener, org.springframework.test.context.support.DependencyInjectionTestExecutionListener, org.springframework.test.context.support.DirtiesContextTestExecutionListener, org.springframework.test.context.transaction.TransactionalTestExecutionListener, org.springframework.test.context.jdbc.SqlScriptsTestExecutionListener, org.springframework.test.context.event.EventPublishingTestExecutionListener]
26 Feb;19:05:28.393 [main] INFO  o.s.t.c.s.DefaultTestContextBootstrapper - Using TestExecutionListeners: [org.springframework.test.context.web.ServletTestExecutionListener@141229f6, org.springframework.test.context.support.DirtiesContextBeforeModesTestExecutionListener@723b8eff, org.springframework.boot.test.mock.mockito.MockitoTestExecutionListener@3987a1e8, org.springframework.test.context.support.DependencyInjectionTestExecutionListener@20d65767, org.springframework.test.context.support.DirtiesContextTestExecutionListener@250e8712, org.springframework.test.context.transaction.TransactionalTestExecutionListener@becb93a, org.springframework.test.context.jdbc.SqlScriptsTestExecutionListener@f60c14e, org.springframework.test.context.event.EventPublishingTestExecutionListener@1d1fd2aa, org.springframework.boot.test.mock.mockito.ResetMocksTestExecutionListener@4c78e00c, org.springframework.boot.test.autoconfigure.restdocs.RestDocsTestExecutionListener@22b3b5d0, org.springframework.boot.test.autoconfigure.web.client.MockRestServiceServerResetTestExecutionListener@2b506a79, org.springframework.boot.test.autoconfigure.web.servlet.MockMvcPrintOnlyOnFailureTestExecutionListener@48b9773b, org.springframework.boot.test.autoconfigure.web.servlet.WebDriverTestExecutionListener@43ca96a0, org.springframework.boot.test.autoconfigure.webservices.client.MockWebServiceServerTestExecutionListener@7c68a63c]
26 Feb;19:05:28.396 [main] INFO  o.s.b.t.c.SpringBootTestContextBootstrapper - Neither @ContextConfiguration nor @ContextHierarchy found for test class [ua.com.foxminded.classtimetable.controllers.ui.ScheduleControllerTest], using SpringBootContextLoader
26 Feb;19:05:28.397 [main] INFO  o.s.t.c.s.AbstractContextLoader - Could not detect default resource locations for test class [ua.com.foxminded.classtimetable.controllers.ui.ScheduleControllerTest]: no resource found for suffixes {-context.xml, Context.groovy}.
26 Feb;19:05:28.397 [main] INFO  o.s.t.c.s.AnnotationConfigContextLoaderUtils - Could not detect default configuration classes for test class [ua.com.foxminded.classtimetable.controllers.ui.ScheduleControllerTest]: ScheduleControllerTest does not declare any static, non-private, non-final, nested classes annotated with @Configuration.
26 Feb;19:05:28.398 [main] INFO  o.s.b.t.c.SpringBootTestContextBootstrapper - Found @SpringBootConfiguration ua.com.foxminded.classtimetable.Application for test class ua.com.foxminded.classtimetable.controllers.ui.ScheduleControllerTest
26 Feb;19:05:28.399 [main] INFO  o.s.b.t.c.SpringBootTestContextBootstrapper - Loaded default TestExecutionListener class names from location [META-INF/spring.factories]: [org.springframework.boot.test.mock.mockito.MockitoTestExecutionListener, org.springframework.boot.test.mock.mockito.ResetMocksTestExecutionListener, org.springframework.boot.test.autoconfigure.restdocs.RestDocsTestExecutionListener, org.springframework.boot.test.autoconfigure.web.client.MockRestServiceServerResetTestExecutionListener, org.springframework.boot.test.autoconfigure.web.servlet.MockMvcPrintOnlyOnFailureTestExecutionListener, org.springframework.boot.test.autoconfigure.web.servlet.WebDriverTestExecutionListener, org.springframework.boot.test.autoconfigure.webservices.client.MockWebServiceServerTestExecutionListener, org.springframework.test.context.web.ServletTestExecutionListener, org.springframework.test.context.support.DirtiesContextBeforeModesTestExecutionListener, org.springframework.test.context.support.DependencyInjectionTestExecutionListener, org.springframework.test.context.support.DirtiesContextTestExecutionListener, org.springframework.test.context.transaction.TransactionalTestExecutionListener, org.springframework.test.context.jdbc.SqlScriptsTestExecutionListener, org.springframework.test.context.event.EventPublishingTestExecutionListener]
26 Feb;19:05:28.399 [main] INFO  o.s.b.t.c.SpringBootTestContextBootstrapper - Using TestExecutionListeners: [org.springframework.test.context.web.ServletTestExecutionListener@66abc325, org.springframework.test.context.support.DirtiesContextBeforeModesTestExecutionListener@39403943, org.springframework.boot.test.mock.mockito.MockitoTestExecutionListener@1c5fd813, org.springframework.boot.test.autoconfigure.SpringBootDependencyInjectionTestExecutionListener@49338f3, org.springframework.test.context.support.DirtiesContextTestExecutionListener@3c9971af, org.springframework.test.context.transaction.TransactionalTestExecutionListener@4abdd5e, org.springframework.test.context.jdbc.SqlScriptsTestExecutionListener@66d61298, org.springframework.test.context.event.EventPublishingTestExecutionListener@7b9fea11, org.springframework.boot.test.mock.mockito.ResetMocksTestExecutionListener@c7cf8c4, org.springframework.boot.test.autoconfigure.restdocs.RestDocsTestExecutionListener@56e78538, org.springframework.boot.test.autoconfigure.web.client.MockRestServiceServerResetTestExecutionListener@731fae, org.springframework.boot.test.autoconfigure.web.servlet.MockMvcPrintOnlyOnFailureTestExecutionListener@438a2d3, org.springframework.boot.test.autoconfigure.web.servlet.WebDriverTestExecutionListener@6fe9c048, org.springframework.boot.test.autoconfigure.webservices.client.MockWebServiceServerTestExecutionListener@54d46c8]
26 Feb;19:05:28.402 [main] INFO  o.s.b.t.c.SpringBootTestContextBootstrapper - Neither @ContextConfiguration nor @ContextHierarchy found for test class [ua.com.foxminded.classtimetable.controllers.ui.StudentControllerTest], using SpringBootContextLoader
26 Feb;19:05:28.403 [main] INFO  o.s.t.c.s.AbstractContextLoader - Could not detect default resource locations for test class [ua.com.foxminded.classtimetable.controllers.ui.StudentControllerTest]: no resource found for suffixes {-context.xml, Context.groovy}.
26 Feb;19:05:28.403 [main] INFO  o.s.t.c.s.AnnotationConfigContextLoaderUtils - Could not detect default configuration classes for test class [ua.com.foxminded.classtimetable.controllers.ui.StudentControllerTest]: StudentControllerTest does not declare any static, non-private, non-final, nested classes annotated with @Configuration.
26 Feb;19:05:28.405 [main] INFO  o.s.b.t.c.SpringBootTestContextBootstrapper - Found @SpringBootConfiguration ua.com.foxminded.classtimetable.Application for test class ua.com.foxminded.classtimetable.controllers.ui.StudentControllerTest
26 Feb;19:05:28.406 [main] INFO  o.s.b.t.c.SpringBootTestContextBootstrapper - Loaded default TestExecutionListener class names from location [META-INF/spring.factories]: [org.springframework.boot.test.mock.mockito.MockitoTestExecutionListener, org.springframework.boot.test.mock.mockito.ResetMocksTestExecutionListener, org.springframework.boot.test.autoconfigure.restdocs.RestDocsTestExecutionListener, org.springframework.boot.test.autoconfigure.web.client.MockRestServiceServerResetTestExecutionListener, org.springframework.boot.test.autoconfigure.web.servlet.MockMvcPrintOnlyOnFailureTestExecutionListener, org.springframework.boot.test.autoconfigure.web.servlet.WebDriverTestExecutionListener, org.springframework.boot.test.autoconfigure.webservices.client.MockWebServiceServerTestExecutionListener, org.springframework.test.context.web.ServletTestExecutionListener, org.springframework.test.context.support.DirtiesContextBeforeModesTestExecutionListener, org.springframework.test.context.support.DependencyInjectionTestExecutionListener, org.springframework.test.context.support.DirtiesContextTestExecutionListener, org.springframework.test.context.transaction.TransactionalTestExecutionListener, org.springframework.test.context.jdbc.SqlScriptsTestExecutionListener, org.springframework.test.context.event.EventPublishingTestExecutionListener]
26 Feb;19:05:28.406 [main] INFO  o.s.b.t.c.SpringBootTestContextBootstrapper - Using TestExecutionListeners: [org.springframework.test.context.web.ServletTestExecutionListener@1c66cd02, org.springframework.test.context.support.DirtiesContextBeforeModesTestExecutionListener@1d535b78, org.springframework.boot.test.mock.mockito.MockitoTestExecutionListener@35cf91df, org.springframework.boot.test.autoconfigure.SpringBootDependencyInjectionTestExecutionListener@55a66bbf, org.springframework.test.context.support.DirtiesContextTestExecutionListener@7f02b2d4, org.springframework.test.context.transaction.TransactionalTestExecutionListener@780dbed7, org.springframework.test.context.jdbc.SqlScriptsTestExecutionListener@31859960, org.springframework.test.context.event.EventPublishingTestExecutionListener@5718e77c, org.springframework.boot.test.mock.mockito.ResetMocksTestExecutionListener@3d667b59, org.springframework.boot.test.autoconfigure.restdocs.RestDocsTestExecutionListener@28888124, org.springframework.boot.test.autoconfigure.web.client.MockRestServiceServerResetTestExecutionListener@355b53cc, org.springframework.boot.test.autoconfigure.web.servlet.MockMvcPrintOnlyOnFailureTestExecutionListener@2568611c, org.springframework.boot.test.autoconfigure.web.servlet.WebDriverTestExecutionListener@2bda7a5b, org.springframework.boot.test.autoconfigure.webservices.client.MockWebServiceServerTestExecutionListener@47374fa5]
26 Feb;19:05:28.410 [main] INFO  o.s.b.t.c.SpringBootTestContextBootstrapper - Neither @ContextConfiguration nor @ContextHierarchy found for test class [ua.com.foxminded.classtimetable.controllers.ui.TeacherControllerTest], using SpringBootContextLoader
26 Feb;19:05:28.411 [main] INFO  o.s.t.c.s.AbstractContextLoader - Could not detect default resource locations for test class [ua.com.foxminded.classtimetable.controllers.ui.TeacherControllerTest]: no resource found for suffixes {-context.xml, Context.groovy}.
26 Feb;19:05:28.411 [main] INFO  o.s.t.c.s.AnnotationConfigContextLoaderUtils - Could not detect default configuration classes for test class [ua.com.foxminded.classtimetable.controllers.ui.TeacherControllerTest]: TeacherControllerTest does not declare any static, non-private, non-final, nested classes annotated with @Configuration.
26 Feb;19:05:28.412 [main] INFO  o.s.b.t.c.SpringBootTestContextBootstrapper - Found @SpringBootConfiguration ua.com.foxminded.classtimetable.Application for test class ua.com.foxminded.classtimetable.controllers.ui.TeacherControllerTest
26 Feb;19:05:28.413 [main] INFO  o.s.b.t.c.SpringBootTestContextBootstrapper - Loaded default TestExecutionListener class names from location [META-INF/spring.factories]: [org.springframework.boot.test.mock.mockito.MockitoTestExecutionListener, org.springframework.boot.test.mock.mockito.ResetMocksTestExecutionListener, org.springframework.boot.test.autoconfigure.restdocs.RestDocsTestExecutionListener, org.springframework.boot.test.autoconfigure.web.client.MockRestServiceServerResetTestExecutionListener, org.springframework.boot.test.autoconfigure.web.servlet.MockMvcPrintOnlyOnFailureTestExecutionListener, org.springframework.boot.test.autoconfigure.web.servlet.WebDriverTestExecutionListener, org.springframework.boot.test.autoconfigure.webservices.client.MockWebServiceServerTestExecutionListener, org.springframework.test.context.web.ServletTestExecutionListener, org.springframework.test.context.support.DirtiesContextBeforeModesTestExecutionListener, org.springframework.test.context.support.DependencyInjectionTestExecutionListener, org.springframework.test.context.support.DirtiesContextTestExecutionListener, org.springframework.test.context.transaction.TransactionalTestExecutionListener, org.springframework.test.context.jdbc.SqlScriptsTestExecutionListener, org.springframework.test.context.event.EventPublishingTestExecutionListener]
26 Feb;19:05:28.413 [main] INFO  o.s.b.t.c.SpringBootTestContextBootstrapper - Using TestExecutionListeners: [org.springframework.test.context.web.ServletTestExecutionListener@7c200e57, org.springframework.test.context.support.DirtiesContextBeforeModesTestExecutionListener@1d0f7bcf, org.springframework.boot.test.mock.mockito.MockitoTestExecutionListener@d0e4972, org.springframework.boot.test.autoconfigure.SpringBootDependencyInjectionTestExecutionListener@1978b0d5, org.springframework.test.context.support.DirtiesContextTestExecutionListener@6556471b, org.springframework.test.context.transaction.TransactionalTestExecutionListener@3e1897d, org.springframework.test.context.jdbc.SqlScriptsTestExecutionListener@7cdb05aa, org.springframework.test.context.event.EventPublishingTestExecutionListener@2079fcfc, org.springframework.boot.test.mock.mockito.ResetMocksTestExecutionListener@77401977, org.springframework.boot.test.autoconfigure.restdocs.RestDocsTestExecutionListener@7865cc83, org.springframework.boot.test.autoconfigure.web.client.MockRestServiceServerResetTestExecutionListener@5cb76070, org.springframework.boot.test.autoconfigure.web.servlet.MockMvcPrintOnlyOnFailureTestExecutionListener@3346e906, org.springframework.boot.test.autoconfigure.web.servlet.WebDriverTestExecutionListener@443ac5b8, org.springframework.boot.test.autoconfigure.webservices.client.MockWebServiceServerTestExecutionListener@126d0868]
26 Feb;19:05:28.471 [main] INFO  o.s.b.t.c.SpringBootTestContextBootstrapper - Neither @ContextConfiguration nor @ContextHierarchy found for test class [ua.com.foxminded.classtimetable.controllers.rest.BuildingRestControllerIntegrationTest], using SpringBootContextLoader
26 Feb;19:05:28.472 [main] INFO  o.s.t.c.s.AbstractContextLoader - Could not detect default resource locations for test class [ua.com.foxminded.classtimetable.controllers.rest.BuildingRestControllerIntegrationTest]: no resource found for suffixes {-context.xml, Context.groovy}.
26 Feb;19:05:28.472 [main] INFO  o.s.t.c.s.AnnotationConfigContextLoaderUtils - Could not detect default configuration classes for test class [ua.com.foxminded.classtimetable.controllers.rest.BuildingRestControllerIntegrationTest]: BuildingRestControllerIntegrationTest does not declare any static, non-private, non-final, nested classes annotated with @Configuration.
26 Feb;19:05:28.473 [main] INFO  o.s.b.t.c.SpringBootTestContextBootstrapper - Found @SpringBootConfiguration ua.com.foxminded.classtimetable.Application for test class ua.com.foxminded.classtimetable.controllers.rest.BuildingRestControllerIntegrationTest
26 Feb;19:05:28.474 [main] INFO  o.s.b.t.c.SpringBootTestContextBootstrapper - Loaded default TestExecutionListener class names from location [META-INF/spring.factories]: [org.springframework.boot.test.mock.mockito.MockitoTestExecutionListener, org.springframework.boot.test.mock.mockito.ResetMocksTestExecutionListener, org.springframework.boot.test.autoconfigure.restdocs.RestDocsTestExecutionListener, org.springframework.boot.test.autoconfigure.web.client.MockRestServiceServerResetTestExecutionListener, org.springframework.boot.test.autoconfigure.web.servlet.MockMvcPrintOnlyOnFailureTestExecutionListener, org.springframework.boot.test.autoconfigure.web.servlet.WebDriverTestExecutionListener, org.springframework.boot.test.autoconfigure.webservices.client.MockWebServiceServerTestExecutionListener, org.springframework.test.context.web.ServletTestExecutionListener, org.springframework.test.context.support.DirtiesContextBeforeModesTestExecutionListener, org.springframework.test.context.support.DependencyInjectionTestExecutionListener, org.springframework.test.context.support.DirtiesContextTestExecutionListener, org.springframework.test.context.transaction.TransactionalTestExecutionListener, org.springframework.test.context.jdbc.SqlScriptsTestExecutionListener, org.springframework.test.context.event.EventPublishingTestExecutionListener]
26 Feb;19:05:28.474 [main] INFO  o.s.b.t.c.SpringBootTestContextBootstrapper - Using TestExecutionListeners: [org.springframework.test.context.web.ServletTestExecutionListener@52fec840, org.springframework.test.context.support.DirtiesContextBeforeModesTestExecutionListener@7fd4b9ec, org.springframework.boot.test.mock.mockito.MockitoTestExecutionListener@10553a61, org.springframework.boot.test.autoconfigure.SpringBootDependencyInjectionTestExecutionListener@3c8e4a82, org.springframework.test.context.support.DirtiesContextTestExecutionListener@1896299b, org.springframework.test.context.transaction.TransactionalTestExecutionListener@42d7e8bc, org.springframework.test.context.jdbc.SqlScriptsTestExecutionListener@7b6854b5, org.springframework.test.context.event.EventPublishingTestExecutionListener@357cdb00, org.springframework.boot.test.mock.mockito.ResetMocksTestExecutionListener@1c0fe6c5, org.springframework.boot.test.autoconfigure.restdocs.RestDocsTestExecutionListener@61607ff0, org.springframework.boot.test.autoconfigure.web.client.MockRestServiceServerResetTestExecutionListener@58945295, org.springframework.boot.test.autoconfigure.web.servlet.MockMvcPrintOnlyOnFailureTestExecutionListener@b63365c, org.springframework.boot.test.autoconfigure.web.servlet.WebDriverTestExecutionListener@6839d03b, org.springframework.boot.test.autoconfigure.webservices.client.MockWebServiceServerTestExecutionListener@a44ad33]
26 Feb;19:05:28.475 [main] INFO  o.s.b.t.a.w.s.WebMvcTestContextBootstrapper - Neither @ContextConfiguration nor @ContextHierarchy found for test class [ua.com.foxminded.classtimetable.controllers.rest.BuildingRestControllerTest], using SpringBootContextLoader
26 Feb;19:05:28.476 [main] INFO  o.s.t.c.s.AbstractContextLoader - Could not detect default resource locations for test class [ua.com.foxminded.classtimetable.controllers.rest.BuildingRestControllerTest]: no resource found for suffixes {-context.xml, Context.groovy}.
26 Feb;19:05:28.476 [main] INFO  o.s.t.c.s.AnnotationConfigContextLoaderUtils - Could not detect default configuration classes for test class [ua.com.foxminded.classtimetable.controllers.rest.BuildingRestControllerTest]: BuildingRestControllerTest does not declare any static, non-private, non-final, nested classes annotated with @Configuration.
26 Feb;19:05:28.479 [main] INFO  o.s.b.t.c.SpringBootTestContextBootstrapper - Found @SpringBootConfiguration ua.com.foxminded.classtimetable.Application for test class ua.com.foxminded.classtimetable.controllers.rest.BuildingRestControllerTest
26 Feb;19:05:28.480 [main] INFO  o.s.b.t.a.w.s.WebMvcTestContextBootstrapper - Loaded default TestExecutionListener class names from location [META-INF/spring.factories]: [org.springframework.boot.test.mock.mockito.MockitoTestExecutionListener, org.springframework.boot.test.mock.mockito.ResetMocksTestExecutionListener, org.springframework.boot.test.autoconfigure.restdocs.RestDocsTestExecutionListener, org.springframework.boot.test.autoconfigure.web.client.MockRestServiceServerResetTestExecutionListener, org.springframework.boot.test.autoconfigure.web.servlet.MockMvcPrintOnlyOnFailureTestExecutionListener, org.springframework.boot.test.autoconfigure.web.servlet.WebDriverTestExecutionListener, org.springframework.boot.test.autoconfigure.webservices.client.MockWebServiceServerTestExecutionListener, org.springframework.test.context.web.ServletTestExecutionListener, org.springframework.test.context.support.DirtiesContextBeforeModesTestExecutionListener, org.springframework.test.context.support.DependencyInjectionTestExecutionListener, org.springframework.test.context.support.DirtiesContextTestExecutionListener, org.springframework.test.context.transaction.TransactionalTestExecutionListener, org.springframework.test.context.jdbc.SqlScriptsTestExecutionListener, org.springframework.test.context.event.EventPublishingTestExecutionListener]
26 Feb;19:05:28.480 [main] INFO  o.s.b.t.a.w.s.WebMvcTestContextBootstrapper - Using TestExecutionListeners: [org.springframework.test.context.web.ServletTestExecutionListener@3ac326c0, org.springframework.test.context.support.DirtiesContextBeforeModesTestExecutionListener@5e5d40ec, org.springframework.boot.test.mock.mockito.MockitoTestExecutionListener@5b028f58, org.springframework.boot.test.autoconfigure.SpringBootDependencyInjectionTestExecutionListener@1e4d93f7, org.springframework.test.context.support.DirtiesContextTestExecutionListener@3d1b43d8, org.springframework.test.context.transaction.TransactionalTestExecutionListener@9f52eb7, org.springframework.test.context.jdbc.SqlScriptsTestExecutionListener@46c2189e, org.springframework.test.context.event.EventPublishingTestExecutionListener@3462e99a, org.springframework.boot.test.mock.mockito.ResetMocksTestExecutionListener@5300694d, org.springframework.boot.test.autoconfigure.restdocs.RestDocsTestExecutionListener@7320750c, org.springframework.boot.test.autoconfigure.web.client.MockRestServiceServerResetTestExecutionListener@2570851e, org.springframework.boot.test.autoconfigure.web.servlet.MockMvcPrintOnlyOnFailureTestExecutionListener@67d8613, org.springframework.boot.test.autoconfigure.web.servlet.WebDriverTestExecutionListener@5667dd90, org.springframework.boot.test.autoconfigure.webservices.client.MockWebServiceServerTestExecutionListener@261f5a45]
26 Feb;19:05:28.482 [main] INFO  o.s.b.t.c.SpringBootTestContextBootstrapper - Neither @ContextConfiguration nor @ContextHierarchy found for test class [ua.com.foxminded.classtimetable.controllers.rest.ClassroomRestControllerIntegrationTest], using SpringBootContextLoader
26 Feb;19:05:28.484 [main] INFO  o.s.t.c.s.AbstractContextLoader - Could not detect default resource locations for test class [ua.com.foxminded.classtimetable.controllers.rest.ClassroomRestControllerIntegrationTest]: no resource found for suffixes {-context.xml, Context.groovy}.
26 Feb;19:05:28.484 [main] INFO  o.s.t.c.s.AnnotationConfigContextLoaderUtils - Could not detect default configuration classes for test class [ua.com.foxminded.classtimetable.controllers.rest.ClassroomRestControllerIntegrationTest]: ClassroomRestControllerIntegrationTest does not declare any static, non-private, non-final, nested classes annotated with @Configuration.
26 Feb;19:05:28.486 [main] INFO  o.s.b.t.c.SpringBootTestContextBootstrapper - Found @SpringBootConfiguration ua.com.foxminded.classtimetable.Application for test class ua.com.foxminded.classtimetable.controllers.rest.ClassroomRestControllerIntegrationTest
26 Feb;19:05:28.488 [main] INFO  o.s.b.t.c.SpringBootTestContextBootstrapper - Loaded default TestExecutionListener class names from location [META-INF/spring.factories]: [org.springframework.boot.test.mock.mockito.MockitoTestExecutionListener, org.springframework.boot.test.mock.mockito.ResetMocksTestExecutionListener, org.springframework.boot.test.autoconfigure.restdocs.RestDocsTestExecutionListener, org.springframework.boot.test.autoconfigure.web.client.MockRestServiceServerResetTestExecutionListener, org.springframework.boot.test.autoconfigure.web.servlet.MockMvcPrintOnlyOnFailureTestExecutionListener, org.springframework.boot.test.autoconfigure.web.servlet.WebDriverTestExecutionListener, org.springframework.boot.test.autoconfigure.webservices.client.MockWebServiceServerTestExecutionListener, org.springframework.test.context.web.ServletTestExecutionListener, org.springframework.test.context.support.DirtiesContextBeforeModesTestExecutionListener, org.springframework.test.context.support.DependencyInjectionTestExecutionListener, org.springframework.test.context.support.DirtiesContextTestExecutionListener, org.springframework.test.context.transaction.TransactionalTestExecutionListener, org.springframework.test.context.jdbc.SqlScriptsTestExecutionListener, org.springframework.test.context.event.EventPublishingTestExecutionListener]
26 Feb;19:05:28.488 [main] INFO  o.s.b.t.c.SpringBootTestContextBootstrapper - Using TestExecutionListeners: [org.springframework.test.context.web.ServletTestExecutionListener@6d41200c, org.springframework.test.context.support.DirtiesContextBeforeModesTestExecutionListener@522fb69, org.springframework.boot.test.mock.mockito.MockitoTestExecutionListener@593354fa, org.springframework.boot.test.autoconfigure.SpringBootDependencyInjectionTestExecutionListener@6dfebd2a, org.springframework.test.context.support.DirtiesContextTestExecutionListener@9dbb1d9, org.springframework.test.context.transaction.TransactionalTestExecutionListener@1bb0fa38, org.springframework.test.context.jdbc.SqlScriptsTestExecutionListener@58e7f930, org.springframework.test.context.event.EventPublishingTestExecutionListener@406808eb, org.springframework.boot.test.mock.mockito.ResetMocksTestExecutionListener@14e93c46, org.springframework.boot.test.autoconfigure.restdocs.RestDocsTestExecutionListener@89465d9, org.springframework.boot.test.autoconfigure.web.client.MockRestServiceServerResetTestExecutionListener@6fdd3382, org.springframework.boot.test.autoconfigure.web.servlet.MockMvcPrintOnlyOnFailureTestExecutionListener@6f7241c2, org.springframework.boot.test.autoconfigure.web.servlet.WebDriverTestExecutionListener@32245b66, org.springframework.boot.test.autoconfigure.webservices.client.MockWebServiceServerTestExecutionListener@19355a56]
26 Feb;19:05:28.489 [main] INFO  o.s.b.t.a.w.s.WebMvcTestContextBootstrapper - Neither @ContextConfiguration nor @ContextHierarchy found for test class [ua.com.foxminded.classtimetable.controllers.rest.ClassroomRestControllerTest], using SpringBootContextLoader
26 Feb;19:05:28.490 [main] INFO  o.s.t.c.s.AbstractContextLoader - Could not detect default resource locations for test class [ua.com.foxminded.classtimetable.controllers.rest.ClassroomRestControllerTest]: no resource found for suffixes {-context.xml, Context.groovy}.
26 Feb;19:05:28.490 [main] INFO  o.s.t.c.s.AnnotationConfigContextLoaderUtils - Could not detect default configuration classes for test class [ua.com.foxminded.classtimetable.controllers.rest.ClassroomRestControllerTest]: ClassroomRestControllerTest does not declare any static, non-private, non-final, nested classes annotated with @Configuration.
26 Feb;19:05:28.492 [main] INFO  o.s.b.t.c.SpringBootTestContextBootstrapper - Found @SpringBootConfiguration ua.com.foxminded.classtimetable.Application for test class ua.com.foxminded.classtimetable.controllers.rest.ClassroomRestControllerTest
26 Feb;19:05:28.493 [main] INFO  o.s.b.t.a.w.s.WebMvcTestContextBootstrapper - Loaded default TestExecutionListener class names from location [META-INF/spring.factories]: [org.springframework.boot.test.mock.mockito.MockitoTestExecutionListener, org.springframework.boot.test.mock.mockito.ResetMocksTestExecutionListener, org.springframework.boot.test.autoconfigure.restdocs.RestDocsTestExecutionListener, org.springframework.boot.test.autoconfigure.web.client.MockRestServiceServerResetTestExecutionListener, org.springframework.boot.test.autoconfigure.web.servlet.MockMvcPrintOnlyOnFailureTestExecutionListener, org.springframework.boot.test.autoconfigure.web.servlet.WebDriverTestExecutionListener, org.springframework.boot.test.autoconfigure.webservices.client.MockWebServiceServerTestExecutionListener, org.springframework.test.context.web.ServletTestExecutionListener, org.springframework.test.context.support.DirtiesContextBeforeModesTestExecutionListener, org.springframework.test.context.support.DependencyInjectionTestExecutionListener, org.springframework.test.context.support.DirtiesContextTestExecutionListener, org.springframework.test.context.transaction.TransactionalTestExecutionListener, org.springframework.test.context.jdbc.SqlScriptsTestExecutionListener, org.springframework.test.context.event.EventPublishingTestExecutionListener]
26 Feb;19:05:28.493 [main] INFO  o.s.b.t.a.w.s.WebMvcTestContextBootstrapper - Using TestExecutionListeners: [org.springframework.test.context.web.ServletTestExecutionListener@4fea095b, org.springframework.test.context.support.DirtiesContextBeforeModesTestExecutionListener@354e2bff, org.springframework.boot.test.mock.mockito.MockitoTestExecutionListener@232b3b4c, org.springframework.boot.test.autoconfigure.SpringBootDependencyInjectionTestExecutionListener@261609a7, org.springframework.test.context.support.DirtiesContextTestExecutionListener@39296cef, org.springframework.test.context.transaction.TransactionalTestExecutionListener@7dfca9e6, org.springframework.test.context.jdbc.SqlScriptsTestExecutionListener@7771c4e, org.springframework.test.context.event.EventPublishingTestExecutionListener@113a6636, org.springframework.boot.test.mock.mockito.ResetMocksTestExecutionListener@63062eea, org.springframework.boot.test.autoconfigure.restdocs.RestDocsTestExecutionListener@7bad18f5, org.springframework.boot.test.autoconfigure.web.client.MockRestServiceServerResetTestExecutionListener@4407fea2, org.springframework.boot.test.autoconfigure.web.servlet.MockMvcPrintOnlyOnFailureTestExecutionListener@64e3bc2, org.springframework.boot.test.autoconfigure.web.servlet.WebDriverTestExecutionListener@54ed249f, org.springframework.boot.test.autoconfigure.webservices.client.MockWebServiceServerTestExecutionListener@4714f447]
26 Feb;19:05:28.494 [main] INFO  o.s.b.t.c.SpringBootTestContextBootstrapper - Neither @ContextConfiguration nor @ContextHierarchy found for test class [ua.com.foxminded.classtimetable.controllers.rest.CourseRestControllerIntegrationTest], using SpringBootContextLoader
26 Feb;19:05:28.494 [main] INFO  o.s.t.c.s.AbstractContextLoader - Could not detect default resource locations for test class [ua.com.foxminded.classtimetable.controllers.rest.CourseRestControllerIntegrationTest]: no resource found for suffixes {-context.xml, Context.groovy}.
26 Feb;19:05:28.494 [main] INFO  o.s.t.c.s.AnnotationConfigContextLoaderUtils - Could not detect default configuration classes for test class [ua.com.foxminded.classtimetable.controllers.rest.CourseRestControllerIntegrationTest]: CourseRestControllerIntegrationTest does not declare any static, non-private, non-final, nested classes annotated with @Configuration.
26 Feb;19:05:28.495 [main] INFO  o.s.b.t.c.SpringBootTestContextBootstrapper - Found @SpringBootConfiguration ua.com.foxminded.classtimetable.Application for test class ua.com.foxminded.classtimetable.controllers.rest.CourseRestControllerIntegrationTest
26 Feb;19:05:28.496 [main] INFO  o.s.b.t.c.SpringBootTestContextBootstrapper - Loaded default TestExecutionListener class names from location [META-INF/spring.factories]: [org.springframework.boot.test.mock.mockito.MockitoTestExecutionListener, org.springframework.boot.test.mock.mockito.ResetMocksTestExecutionListener, org.springframework.boot.test.autoconfigure.restdocs.RestDocsTestExecutionListener, org.springframework.boot.test.autoconfigure.web.client.MockRestServiceServerResetTestExecutionListener, org.springframework.boot.test.autoconfigure.web.servlet.MockMvcPrintOnlyOnFailureTestExecutionListener, org.springframework.boot.test.autoconfigure.web.servlet.WebDriverTestExecutionListener, org.springframework.boot.test.autoconfigure.webservices.client.MockWebServiceServerTestExecutionListener, org.springframework.test.context.web.ServletTestExecutionListener, org.springframework.test.context.support.DirtiesContextBeforeModesTestExecutionListener, org.springframework.test.context.support.DependencyInjectionTestExecutionListener, org.springframework.test.context.support.DirtiesContextTestExecutionListener, org.springframework.test.context.transaction.TransactionalTestExecutionListener, org.springframework.test.context.jdbc.SqlScriptsTestExecutionListener, org.springframework.test.context.event.EventPublishingTestExecutionListener]
26 Feb;19:05:28.497 [main] INFO  o.s.b.t.c.SpringBootTestContextBootstrapper - Using TestExecutionListeners: [org.springframework.test.context.web.ServletTestExecutionListener@4b7a4c83, org.springframework.test.context.support.DirtiesContextBeforeModesTestExecutionListener@768e40af, org.springframework.boot.test.mock.mockito.MockitoTestExecutionListener@165824f5, org.springframework.boot.test.autoconfigure.SpringBootDependencyInjectionTestExecutionListener@4511146f, org.springframework.test.context.support.DirtiesContextTestExecutionListener@5c16561a, org.springframework.test.context.transaction.TransactionalTestExecutionListener@5819ee0f, org.springframework.test.context.jdbc.SqlScriptsTestExecutionListener@f310675, org.springframework.test.context.event.EventPublishingTestExecutionListener@424ec990, org.springframework.boot.test.mock.mockito.ResetMocksTestExecutionListener@2c06e145, org.springframework.boot.test.autoconfigure.restdocs.RestDocsTestExecutionListener@3b780b5c, org.springframework.boot.test.autoconfigure.web.client.MockRestServiceServerResetTestExecutionListener@3c7db0e8, org.springframework.boot.test.autoconfigure.web.servlet.MockMvcPrintOnlyOnFailureTestExecutionListener@84becbe, org.springframework.boot.test.autoconfigure.web.servlet.WebDriverTestExecutionListener@13dc383b, org.springframework.boot.test.autoconfigure.webservices.client.MockWebServiceServerTestExecutionListener@6885f3f7]
26 Feb;19:05:28.499 [main] INFO  o.s.b.t.a.w.s.WebMvcTestContextBootstrapper - Neither @ContextConfiguration nor @ContextHierarchy found for test class [ua.com.foxminded.classtimetable.controllers.rest.CourseRestControllerTest], using SpringBootContextLoader
26 Feb;19:05:28.500 [main] INFO  o.s.t.c.s.AbstractContextLoader - Could not detect default resource locations for test class [ua.com.foxminded.classtimetable.controllers.rest.CourseRestControllerTest]: no resource found for suffixes {-context.xml, Context.groovy}.
26 Feb;19:05:28.500 [main] INFO  o.s.t.c.s.AnnotationConfigContextLoaderUtils - Could not detect default configuration classes for test class [ua.com.foxminded.classtimetable.controllers.rest.CourseRestControllerTest]: CourseRestControllerTest does not declare any static, non-private, non-final, nested classes annotated with @Configuration.
26 Feb;19:05:28.504 [main] INFO  o.s.b.t.c.SpringBootTestContextBootstrapper - Found @SpringBootConfiguration ua.com.foxminded.classtimetable.Application for test class ua.com.foxminded.classtimetable.controllers.rest.CourseRestControllerTest
26 Feb;19:05:28.505 [main] INFO  o.s.b.t.a.w.s.WebMvcTestContextBootstrapper - Loaded default TestExecutionListener class names from location [META-INF/spring.factories]: [org.springframework.boot.test.mock.mockito.MockitoTestExecutionListener, org.springframework.boot.test.mock.mockito.ResetMocksTestExecutionListener, org.springframework.boot.test.autoconfigure.restdocs.RestDocsTestExecutionListener, org.springframework.boot.test.autoconfigure.web.client.MockRestServiceServerResetTestExecutionListener, org.springframework.boot.test.autoconfigure.web.servlet.MockMvcPrintOnlyOnFailureTestExecutionListener, org.springframework.boot.test.autoconfigure.web.servlet.WebDriverTestExecutionListener, org.springframework.boot.test.autoconfigure.webservices.client.MockWebServiceServerTestExecutionListener, org.springframework.test.context.web.ServletTestExecutionListener, org.springframework.test.context.support.DirtiesContextBeforeModesTestExecutionListener, org.springframework.test.context.support.DependencyInjectionTestExecutionListener, org.springframework.test.context.support.DirtiesContextTestExecutionListener, org.springframework.test.context.transaction.TransactionalTestExecutionListener, org.springframework.test.context.jdbc.SqlScriptsTestExecutionListener, org.springframework.test.context.event.EventPublishingTestExecutionListener]
26 Feb;19:05:28.506 [main] INFO  o.s.b.t.a.w.s.WebMvcTestContextBootstrapper - Using TestExecutionListeners: [org.springframework.test.context.web.ServletTestExecutionListener@5b657342, org.springframework.test.context.support.DirtiesContextBeforeModesTestExecutionListener@15a2fddd, org.springframework.boot.test.mock.mockito.MockitoTestExecutionListener@452e2210, org.springframework.boot.test.autoconfigure.SpringBootDependencyInjectionTestExecutionListener@18c0f025, org.springframework.test.context.support.DirtiesContextTestExecutionListener@684f7f1c, org.springframework.test.context.transaction.TransactionalTestExecutionListener@6a013bdd, org.springframework.test.context.jdbc.SqlScriptsTestExecutionListener@5e0bba2f, org.springframework.test.context.event.EventPublishingTestExecutionListener@41d53813, org.springframework.boot.test.mock.mockito.ResetMocksTestExecutionListener@52f118aa, org.springframework.boot.test.autoconfigure.restdocs.RestDocsTestExecutionListener@31cd0efa, org.springframework.boot.test.autoconfigure.web.client.MockRestServiceServerResetTestExecutionListener@3294102e, org.springframework.boot.test.autoconfigure.web.servlet.MockMvcPrintOnlyOnFailureTestExecutionListener@5a69b3cf, org.springframework.boot.test.autoconfigure.web.servlet.WebDriverTestExecutionListener@7c460, org.springframework.boot.test.autoconfigure.webservices.client.MockWebServiceServerTestExecutionListener@59e4a044]
26 Feb;19:05:28.507 [main] INFO  o.s.b.t.c.SpringBootTestContextBootstrapper - Neither @ContextConfiguration nor @ContextHierarchy found for test class [ua.com.foxminded.classtimetable.controllers.rest.FacultyRestControllerIntegrationTest], using SpringBootContextLoader
26 Feb;19:05:28.508 [main] INFO  o.s.t.c.s.AbstractContextLoader - Could not detect default resource locations for test class [ua.com.foxminded.classtimetable.controllers.rest.FacultyRestControllerIntegrationTest]: no resource found for suffixes {-context.xml, Context.groovy}.
26 Feb;19:05:28.508 [main] INFO  o.s.t.c.s.AnnotationConfigContextLoaderUtils - Could not detect default configuration classes for test class [ua.com.foxminded.classtimetable.controllers.rest.FacultyRestControllerIntegrationTest]: FacultyRestControllerIntegrationTest does not declare any static, non-private, non-final, nested classes annotated with @Configuration.
26 Feb;19:05:28.510 [main] INFO  o.s.b.t.c.SpringBootTestContextBootstrapper - Found @SpringBootConfiguration ua.com.foxminded.classtimetable.Application for test class ua.com.foxminded.classtimetable.controllers.rest.FacultyRestControllerIntegrationTest
26 Feb;19:05:28.512 [main] INFO  o.s.b.t.c.SpringBootTestContextBootstrapper - Loaded default TestExecutionListener class names from location [META-INF/spring.factories]: [org.springframework.boot.test.mock.mockito.MockitoTestExecutionListener, org.springframework.boot.test.mock.mockito.ResetMocksTestExecutionListener, org.springframework.boot.test.autoconfigure.restdocs.RestDocsTestExecutionListener, org.springframework.boot.test.autoconfigure.web.client.MockRestServiceServerResetTestExecutionListener, org.springframework.boot.test.autoconfigure.web.servlet.MockMvcPrintOnlyOnFailureTestExecutionListener, org.springframework.boot.test.autoconfigure.web.servlet.WebDriverTestExecutionListener, org.springframework.boot.test.autoconfigure.webservices.client.MockWebServiceServerTestExecutionListener, org.springframework.test.context.web.ServletTestExecutionListener, org.springframework.test.context.support.DirtiesContextBeforeModesTestExecutionListener, org.springframework.test.context.support.DependencyInjectionTestExecutionListener, org.springframework.test.context.support.DirtiesContextTestExecutionListener, org.springframework.test.context.transaction.TransactionalTestExecutionListener, org.springframework.test.context.jdbc.SqlScriptsTestExecutionListener, org.springframework.test.context.event.EventPublishingTestExecutionListener]
26 Feb;19:05:28.512 [main] INFO  o.s.b.t.c.SpringBootTestContextBootstrapper - Using TestExecutionListeners: [org.springframework.test.context.web.ServletTestExecutionListener@5c03eb4e, org.springframework.test.context.support.DirtiesContextBeforeModesTestExecutionListener@6219006a, org.springframework.boot.test.mock.mockito.MockitoTestExecutionListener@1e836aed, org.springframework.boot.test.autoconfigure.SpringBootDependencyInjectionTestExecutionListener@4bc41565, org.springframework.test.context.support.DirtiesContextTestExecutionListener@8dedec8, org.springframework.test.context.transaction.TransactionalTestExecutionListener@226e95e9, org.springframework.test.context.jdbc.SqlScriptsTestExecutionListener@27bf574b, org.springframework.test.context.event.EventPublishingTestExecutionListener@4cbb11e4, org.springframework.boot.test.mock.mockito.ResetMocksTestExecutionListener@326dbe25, org.springframework.boot.test.autoconfigure.restdocs.RestDocsTestExecutionListener@647aa45c, org.springframework.boot.test.autoconfigure.web.client.MockRestServiceServerResetTestExecutionListener@3922b297, org.springframework.boot.test.autoconfigure.web.servlet.MockMvcPrintOnlyOnFailureTestExecutionListener@2d02a066, org.springframework.boot.test.autoconfigure.web.servlet.WebDriverTestExecutionListener@72c1bf75, org.springframework.boot.test.autoconfigure.webservices.client.MockWebServiceServerTestExecutionListener@43a8bd35]
26 Feb;19:05:28.514 [main] INFO  o.s.b.t.a.w.s.WebMvcTestContextBootstrapper - Neither @ContextConfiguration nor @ContextHierarchy found for test class [ua.com.foxminded.classtimetable.controllers.rest.FacultyRestControllerTest], using SpringBootContextLoader
26 Feb;19:05:28.515 [main] INFO  o.s.t.c.s.AbstractContextLoader - Could not detect default resource locations for test class [ua.com.foxminded.classtimetable.controllers.rest.FacultyRestControllerTest]: no resource found for suffixes {-context.xml, Context.groovy}.
26 Feb;19:05:28.515 [main] INFO  o.s.t.c.s.AnnotationConfigContextLoaderUtils - Could not detect default configuration classes for test class [ua.com.foxminded.classtimetable.controllers.rest.FacultyRestControllerTest]: FacultyRestControllerTest does not declare any static, non-private, non-final, nested classes annotated with @Configuration.
26 Feb;19:05:28.519 [main] INFO  o.s.b.t.c.SpringBootTestContextBootstrapper - Found @SpringBootConfiguration ua.com.foxminded.classtimetable.Application for test class ua.com.foxminded.classtimetable.controllers.rest.FacultyRestControllerTest
26 Feb;19:05:28.520 [main] INFO  o.s.b.t.a.w.s.WebMvcTestContextBootstrapper - Loaded default TestExecutionListener class names from location [META-INF/spring.factories]: [org.springframework.boot.test.mock.mockito.MockitoTestExecutionListener, org.springframework.boot.test.mock.mockito.ResetMocksTestExecutionListener, org.springframework.boot.test.autoconfigure.restdocs.RestDocsTestExecutionListener, org.springframework.boot.test.autoconfigure.web.client.MockRestServiceServerResetTestExecutionListener, org.springframework.boot.test.autoconfigure.web.servlet.MockMvcPrintOnlyOnFailureTestExecutionListener, org.springframework.boot.test.autoconfigure.web.servlet.WebDriverTestExecutionListener, org.springframework.boot.test.autoconfigure.webservices.client.MockWebServiceServerTestExecutionListener, org.springframework.test.context.web.ServletTestExecutionListener, org.springframework.test.context.support.DirtiesContextBeforeModesTestExecutionListener, org.springframework.test.context.support.DependencyInjectionTestExecutionListener, org.springframework.test.context.support.DirtiesContextTestExecutionListener, org.springframework.test.context.transaction.TransactionalTestExecutionListener, org.springframework.test.context.jdbc.SqlScriptsTestExecutionListener, org.springframework.test.context.event.EventPublishingTestExecutionListener]
26 Feb;19:05:28.521 [main] INFO  o.s.b.t.a.w.s.WebMvcTestContextBootstrapper - Using TestExecutionListeners: [org.springframework.test.context.web.ServletTestExecutionListener@2e09e367, org.springframework.test.context.support.DirtiesContextBeforeModesTestExecutionListener@518a7b8a, org.springframework.boot.test.mock.mockito.MockitoTestExecutionListener@5a24390b, org.springframework.boot.test.autoconfigure.SpringBootDependencyInjectionTestExecutionListener@7253c53, org.springframework.test.context.support.DirtiesContextTestExecutionListener@66d6e50b, org.springframework.test.context.transaction.TransactionalTestExecutionListener@64829470, org.springframework.test.context.jdbc.SqlScriptsTestExecutionListener@1f95158a, org.springframework.test.context.event.EventPublishingTestExecutionListener@31fc658f, org.springframework.boot.test.mock.mockito.ResetMocksTestExecutionListener@60d32006, org.springframework.boot.test.autoconfigure.restdocs.RestDocsTestExecutionListener@10820978, org.springframework.boot.test.autoconfigure.web.client.MockRestServiceServerResetTestExecutionListener@278c67a7, org.springframework.boot.test.autoconfigure.web.servlet.MockMvcPrintOnlyOnFailureTestExecutionListener@758ebec4, org.springframework.boot.test.autoconfigure.web.servlet.WebDriverTestExecutionListener@c247363, org.springframework.boot.test.autoconfigure.webservices.client.MockWebServiceServerTestExecutionListener@c6d7256]
26 Feb;19:05:28.522 [main] INFO  o.s.b.t.c.SpringBootTestContextBootstrapper - Neither @ContextConfiguration nor @ContextHierarchy found for test class [ua.com.foxminded.classtimetable.controllers.rest.LessonRestControllerIntegrationTest], using SpringBootContextLoader
26 Feb;19:05:28.523 [main] INFO  o.s.t.c.s.AbstractContextLoader - Could not detect default resource locations for test class [ua.com.foxminded.classtimetable.controllers.rest.LessonRestControllerIntegrationTest]: no resource found for suffixes {-context.xml, Context.groovy}.
26 Feb;19:05:28.523 [main] INFO  o.s.t.c.s.AnnotationConfigContextLoaderUtils - Could not detect default configuration classes for test class [ua.com.foxminded.classtimetable.controllers.rest.LessonRestControllerIntegrationTest]: LessonRestControllerIntegrationTest does not declare any static, non-private, non-final, nested classes annotated with @Configuration.
26 Feb;19:05:28.524 [main] INFO  o.s.b.t.c.SpringBootTestContextBootstrapper - Found @SpringBootConfiguration ua.com.foxminded.classtimetable.Application for test class ua.com.foxminded.classtimetable.controllers.rest.LessonRestControllerIntegrationTest
26 Feb;19:05:28.525 [main] INFO  o.s.b.t.c.SpringBootTestContextBootstrapper - Loaded default TestExecutionListener class names from location [META-INF/spring.factories]: [org.springframework.boot.test.mock.mockito.MockitoTestExecutionListener, org.springframework.boot.test.mock.mockito.ResetMocksTestExecutionListener, org.springframework.boot.test.autoconfigure.restdocs.RestDocsTestExecutionListener, org.springframework.boot.test.autoconfigure.web.client.MockRestServiceServerResetTestExecutionListener, org.springframework.boot.test.autoconfigure.web.servlet.MockMvcPrintOnlyOnFailureTestExecutionListener, org.springframework.boot.test.autoconfigure.web.servlet.WebDriverTestExecutionListener, org.springframework.boot.test.autoconfigure.webservices.client.MockWebServiceServerTestExecutionListener, org.springframework.test.context.web.ServletTestExecutionListener, org.springframework.test.context.support.DirtiesContextBeforeModesTestExecutionListener, org.springframework.test.context.support.DependencyInjectionTestExecutionListener, org.springframework.test.context.support.DirtiesContextTestExecutionListener, org.springframework.test.context.transaction.TransactionalTestExecutionListener, org.springframework.test.context.jdbc.SqlScriptsTestExecutionListener, org.springframework.test.context.event.EventPublishingTestExecutionListener]
26 Feb;19:05:28.525 [main] INFO  o.s.b.t.c.SpringBootTestContextBootstrapper - Using TestExecutionListeners: [org.springframework.test.context.web.ServletTestExecutionListener@4860627a, org.springframework.test.context.support.DirtiesContextBeforeModesTestExecutionListener@67f0bf7e, org.springframework.boot.test.mock.mockito.MockitoTestExecutionListener@e88e14, org.springframework.boot.test.autoconfigure.SpringBootDependencyInjectionTestExecutionListener@c157abf, org.springframework.test.context.support.DirtiesContextTestExecutionListener@472dbaf5, org.springframework.test.context.transaction.TransactionalTestExecutionListener@25c4f621, org.springframework.test.context.jdbc.SqlScriptsTestExecutionListener@619854a3, org.springframework.test.context.event.EventPublishingTestExecutionListener@46ff1aad, org.springframework.boot.test.mock.mockito.ResetMocksTestExecutionListener@6c2fea95, org.springframework.boot.test.autoconfigure.restdocs.RestDocsTestExecutionListener@6ed87ccf, org.springframework.boot.test.autoconfigure.web.client.MockRestServiceServerResetTestExecutionListener@4d4600fb, org.springframework.boot.test.autoconfigure.web.servlet.MockMvcPrintOnlyOnFailureTestExecutionListener@7352418c, org.springframework.boot.test.autoconfigure.web.servlet.WebDriverTestExecutionListener@60ba6631, org.springframework.boot.test.autoconfigure.webservices.client.MockWebServiceServerTestExecutionListener@4d2950ed]
26 Feb;19:05:28.526 [main] INFO  o.s.b.t.a.w.s.WebMvcTestContextBootstrapper - Neither @ContextConfiguration nor @ContextHierarchy found for test class [ua.com.foxminded.classtimetable.controllers.rest.LessonRestControllerTest], using SpringBootContextLoader
26 Feb;19:05:28.527 [main] INFO  o.s.t.c.s.AbstractContextLoader - Could not detect default resource locations for test class [ua.com.foxminded.classtimetable.controllers.rest.LessonRestControllerTest]: no resource found for suffixes {-context.xml, Context.groovy}.
26 Feb;19:05:28.527 [main] INFO  o.s.t.c.s.AnnotationConfigContextLoaderUtils - Could not detect default configuration classes for test class [ua.com.foxminded.classtimetable.controllers.rest.LessonRestControllerTest]: LessonRestControllerTest does not declare any static, non-private, non-final, nested classes annotated with @Configuration.
26 Feb;19:05:28.529 [main] INFO  o.s.b.t.c.SpringBootTestContextBootstrapper - Found @SpringBootConfiguration ua.com.foxminded.classtimetable.Application for test class ua.com.foxminded.classtimetable.controllers.rest.LessonRestControllerTest
26 Feb;19:05:28.530 [main] INFO  o.s.b.t.a.w.s.WebMvcTestContextBootstrapper - Loaded default TestExecutionListener class names from location [META-INF/spring.factories]: [org.springframework.boot.test.mock.mockito.MockitoTestExecutionListener, org.springframework.boot.test.mock.mockito.ResetMocksTestExecutionListener, org.springframework.boot.test.autoconfigure.restdocs.RestDocsTestExecutionListener, org.springframework.boot.test.autoconfigure.web.client.MockRestServiceServerResetTestExecutionListener, org.springframework.boot.test.autoconfigure.web.servlet.MockMvcPrintOnlyOnFailureTestExecutionListener, org.springframework.boot.test.autoconfigure.web.servlet.WebDriverTestExecutionListener, org.springframework.boot.test.autoconfigure.webservices.client.MockWebServiceServerTestExecutionListener, org.springframework.test.context.web.ServletTestExecutionListener, org.springframework.test.context.support.DirtiesContextBeforeModesTestExecutionListener, org.springframework.test.context.support.DependencyInjectionTestExecutionListener, org.springframework.test.context.support.DirtiesContextTestExecutionListener, org.springframework.test.context.transaction.TransactionalTestExecutionListener, org.springframework.test.context.jdbc.SqlScriptsTestExecutionListener, org.springframework.test.context.event.EventPublishingTestExecutionListener]
26 Feb;19:05:28.530 [main] INFO  o.s.b.t.a.w.s.WebMvcTestContextBootstrapper - Using TestExecutionListeners: [org.springframework.test.context.web.ServletTestExecutionListener@7fd32c56, org.springframework.test.context.support.DirtiesContextBeforeModesTestExecutionListener@b04a6a4, org.springframework.boot.test.mock.mockito.MockitoTestExecutionListener@3465edf9, org.springframework.boot.test.autoconfigure.SpringBootDependencyInjectionTestExecutionListener@51c4992e, org.springframework.test.context.support.DirtiesContextTestExecutionListener@3713bedc, org.springframework.test.context.transaction.TransactionalTestExecutionListener@198c0f1c, org.springframework.test.context.jdbc.SqlScriptsTestExecutionListener@29d33f1, org.springframework.test.context.event.EventPublishingTestExecutionListener@77e5c765, org.springframework.boot.test.mock.mockito.ResetMocksTestExecutionListener@5daa621b, org.springframework.boot.test.autoconfigure.restdocs.RestDocsTestExecutionListener@24a7725d, org.springframework.boot.test.autoconfigure.web.client.MockRestServiceServerResetTestExecutionListener@4fcedf83, org.springframework.boot.test.autoconfigure.web.servlet.MockMvcPrintOnlyOnFailureTestExecutionListener@16c9f7f0, org.springframework.boot.test.autoconfigure.web.servlet.WebDriverTestExecutionListener@187df588, org.springframework.boot.test.autoconfigure.webservices.client.MockWebServiceServerTestExecutionListener@7d75940]
26 Feb;19:05:28.531 [main] INFO  o.s.b.t.c.SpringBootTestContextBootstrapper - Neither @ContextConfiguration nor @ContextHierarchy found for test class [ua.com.foxminded.classtimetable.controllers.rest.StudentRestControllerIntegrationTest], using SpringBootContextLoader
26 Feb;19:05:28.532 [main] INFO  o.s.t.c.s.AbstractContextLoader - Could not detect default resource locations for test class [ua.com.foxminded.classtimetable.controllers.rest.StudentRestControllerIntegrationTest]: no resource found for suffixes {-context.xml, Context.groovy}.
26 Feb;19:05:28.532 [main] INFO  o.s.t.c.s.AnnotationConfigContextLoaderUtils - Could not detect default configuration classes for test class [ua.com.foxminded.classtimetable.controllers.rest.StudentRestControllerIntegrationTest]: StudentRestControllerIntegrationTest does not declare any static, non-private, non-final, nested classes annotated with @Configuration.
26 Feb;19:05:28.533 [main] INFO  o.s.b.t.c.SpringBootTestContextBootstrapper - Found @SpringBootConfiguration ua.com.foxminded.classtimetable.Application for test class ua.com.foxminded.classtimetable.controllers.rest.StudentRestControllerIntegrationTest
26 Feb;19:05:28.534 [main] INFO  o.s.b.t.c.SpringBootTestContextBootstrapper - Loaded default TestExecutionListener class names from location [META-INF/spring.factories]: [org.springframework.boot.test.mock.mockito.MockitoTestExecutionListener, org.springframework.boot.test.mock.mockito.ResetMocksTestExecutionListener, org.springframework.boot.test.autoconfigure.restdocs.RestDocsTestExecutionListener, org.springframework.boot.test.autoconfigure.web.client.MockRestServiceServerResetTestExecutionListener, org.springframework.boot.test.autoconfigure.web.servlet.MockMvcPrintOnlyOnFailureTestExecutionListener, org.springframework.boot.test.autoconfigure.web.servlet.WebDriverTestExecutionListener, org.springframework.boot.test.autoconfigure.webservices.client.MockWebServiceServerTestExecutionListener, org.springframework.test.context.web.ServletTestExecutionListener, org.springframework.test.context.support.DirtiesContextBeforeModesTestExecutionListener, org.springframework.test.context.support.DependencyInjectionTestExecutionListener, org.springframework.test.context.support.DirtiesContextTestExecutionListener, org.springframework.test.context.transaction.TransactionalTestExecutionListener, org.springframework.test.context.jdbc.SqlScriptsTestExecutionListener, org.springframework.test.context.event.EventPublishingTestExecutionListener]
26 Feb;19:05:28.535 [main] INFO  o.s.b.t.c.SpringBootTestContextBootstrapper - Using TestExecutionListeners: [org.springframework.test.context.web.ServletTestExecutionListener@6773bab2, org.springframework.test.context.support.DirtiesContextBeforeModesTestExecutionListener@1055d261, org.springframework.boot.test.mock.mockito.MockitoTestExecutionListener@2d758472, org.springframework.boot.test.autoconfigure.SpringBootDependencyInjectionTestExecutionListener@7615666e, org.springframework.test.context.support.DirtiesContextTestExecutionListener@c49e434, org.springframework.test.context.transaction.TransactionalTestExecutionListener@32b1e906, org.springframework.test.context.jdbc.SqlScriptsTestExecutionListener@33e6bd36, org.springframework.test.context.event.EventPublishingTestExecutionListener@6e1d9b32, org.springframework.boot.test.mock.mockito.ResetMocksTestExecutionListener@2db6ba81, org.springframework.boot.test.autoconfigure.restdocs.RestDocsTestExecutionListener@10728fe8, org.springframework.boot.test.autoconfigure.web.client.MockRestServiceServerResetTestExecutionListener@16fb9fdd, org.springframework.boot.test.autoconfigure.web.servlet.MockMvcPrintOnlyOnFailureTestExecutionListener@14bd523b, org.springframework.boot.test.autoconfigure.web.servlet.WebDriverTestExecutionListener@cc7909f, org.springframework.boot.test.autoconfigure.webservices.client.MockWebServiceServerTestExecutionListener@8ce4320]
26 Feb;19:05:28.535 [main] INFO  o.s.b.t.a.w.s.WebMvcTestContextBootstrapper - Neither @ContextConfiguration nor @ContextHierarchy found for test class [ua.com.foxminded.classtimetable.controllers.rest.StudentRestControllerTest], using SpringBootContextLoader
26 Feb;19:05:28.536 [main] INFO  o.s.t.c.s.AbstractContextLoader - Could not detect default resource locations for test class [ua.com.foxminded.classtimetable.controllers.rest.StudentRestControllerTest]: no resource found for suffixes {-context.xml, Context.groovy}.
26 Feb;19:05:28.536 [main] INFO  o.s.t.c.s.AnnotationConfigContextLoaderUtils - Could not detect default configuration classes for test class [ua.com.foxminded.classtimetable.controllers.rest.StudentRestControllerTest]: StudentRestControllerTest does not declare any static, non-private, non-final, nested classes annotated with @Configuration.
26 Feb;19:05:28.538 [main] INFO  o.s.b.t.c.SpringBootTestContextBootstrapper - Found @SpringBootConfiguration ua.com.foxminded.classtimetable.Application for test class ua.com.foxminded.classtimetable.controllers.rest.StudentRestControllerTest
26 Feb;19:05:28.539 [main] INFO  o.s.b.t.a.w.s.WebMvcTestContextBootstrapper - Loaded default TestExecutionListener class names from location [META-INF/spring.factories]: [org.springframework.boot.test.mock.mockito.MockitoTestExecutionListener, org.springframework.boot.test.mock.mockito.ResetMocksTestExecutionListener, org.springframework.boot.test.autoconfigure.restdocs.RestDocsTestExecutionListener, org.springframework.boot.test.autoconfigure.web.client.MockRestServiceServerResetTestExecutionListener, org.springframework.boot.test.autoconfigure.web.servlet.MockMvcPrintOnlyOnFailureTestExecutionListener, org.springframework.boot.test.autoconfigure.web.servlet.WebDriverTestExecutionListener, org.springframework.boot.test.autoconfigure.webservices.client.MockWebServiceServerTestExecutionListener, org.springframework.test.context.web.ServletTestExecutionListener, org.springframework.test.context.support.DirtiesContextBeforeModesTestExecutionListener, org.springframework.test.context.support.DependencyInjectionTestExecutionListener, org.springframework.test.context.support.DirtiesContextTestExecutionListener, org.springframework.test.context.transaction.TransactionalTestExecutionListener, org.springframework.test.context.jdbc.SqlScriptsTestExecutionListener, org.springframework.test.context.event.EventPublishingTestExecutionListener]
26 Feb;19:05:28.539 [main] INFO  o.s.b.t.a.w.s.WebMvcTestContextBootstrapper - Using TestExecutionListeners: [org.springframework.test.context.web.ServletTestExecutionListener@ca0a21f, org.springframework.test.context.support.DirtiesContextBeforeModesTestExecutionListener@768d27e8, org.springframework.boot.test.mock.mockito.MockitoTestExecutionListener@3dc39412, org.springframework.boot.test.autoconfigure.SpringBootDependencyInjectionTestExecutionListener@1d432d56, org.springframework.test.context.support.DirtiesContextTestExecutionListener@147ad4bb, org.springframework.test.context.transaction.TransactionalTestExecutionListener@bd703bb, org.springframework.test.context.jdbc.SqlScriptsTestExecutionListener@2a9565d7, org.springframework.test.context.event.EventPublishingTestExecutionListener@2e38d44e, org.springframework.boot.test.mock.mockito.ResetMocksTestExecutionListener@6c25123e, org.springframework.boot.test.autoconfigure.restdocs.RestDocsTestExecutionListener@5f5c0eda, org.springframework.boot.test.autoconfigure.web.client.MockRestServiceServerResetTestExecutionListener@5e66733b, org.springframework.boot.test.autoconfigure.web.servlet.MockMvcPrintOnlyOnFailureTestExecutionListener@3694461d, org.springframework.boot.test.autoconfigure.web.servlet.WebDriverTestExecutionListener@72641613, org.springframework.boot.test.autoconfigure.webservices.client.MockWebServiceServerTestExecutionListener@4d71ec5b]
26 Feb;19:05:28.540 [main] INFO  o.s.b.t.c.SpringBootTestContextBootstrapper - Neither @ContextConfiguration nor @ContextHierarchy found for test class [ua.com.foxminded.classtimetable.controllers.rest.TeacherRestControllerIntegrationTest], using SpringBootContextLoader
26 Feb;19:05:28.540 [main] INFO  o.s.t.c.s.AbstractContextLoader - Could not detect default resource locations for test class [ua.com.foxminded.classtimetable.controllers.rest.TeacherRestControllerIntegrationTest]: no resource found for suffixes {-context.xml, Context.groovy}.
26 Feb;19:05:28.540 [main] INFO  o.s.t.c.s.AnnotationConfigContextLoaderUtils - Could not detect default configuration classes for test class [ua.com.foxminded.classtimetable.controllers.rest.TeacherRestControllerIntegrationTest]: TeacherRestControllerIntegrationTest does not declare any static, non-private, non-final, nested classes annotated with @Configuration.
26 Feb;19:05:28.542 [main] INFO  o.s.b.t.c.SpringBootTestContextBootstrapper - Found @SpringBootConfiguration ua.com.foxminded.classtimetable.Application for test class ua.com.foxminded.classtimetable.controllers.rest.TeacherRestControllerIntegrationTest
26 Feb;19:05:28.544 [main] INFO  o.s.b.t.c.SpringBootTestContextBootstrapper - Loaded default TestExecutionListener class names from location [META-INF/spring.factories]: [org.springframework.boot.test.mock.mockito.MockitoTestExecutionListener, org.springframework.boot.test.mock.mockito.ResetMocksTestExecutionListener, org.springframework.boot.test.autoconfigure.restdocs.RestDocsTestExecutionListener, org.springframework.boot.test.autoconfigure.web.client.MockRestServiceServerResetTestExecutionListener, org.springframework.boot.test.autoconfigure.web.servlet.MockMvcPrintOnlyOnFailureTestExecutionListener, org.springframework.boot.test.autoconfigure.web.servlet.WebDriverTestExecutionListener, org.springframework.boot.test.autoconfigure.webservices.client.MockWebServiceServerTestExecutionListener, org.springframework.test.context.web.ServletTestExecutionListener, org.springframework.test.context.support.DirtiesContextBeforeModesTestExecutionListener, org.springframework.test.context.support.DependencyInjectionTestExecutionListener, org.springframework.test.context.support.DirtiesContextTestExecutionListener, org.springframework.test.context.transaction.TransactionalTestExecutionListener, org.springframework.test.context.jdbc.SqlScriptsTestExecutionListener, org.springframework.test.context.event.EventPublishingTestExecutionListener]
26 Feb;19:05:28.544 [main] INFO  o.s.b.t.c.SpringBootTestContextBootstrapper - Using TestExecutionListeners: [org.springframework.test.context.web.ServletTestExecutionListener@34d3bfca, org.springframework.test.context.support.DirtiesContextBeforeModesTestExecutionListener@6655f3cd, org.springframework.boot.test.mock.mockito.MockitoTestExecutionListener@2484c868, org.springframework.boot.test.autoconfigure.SpringBootDependencyInjectionTestExecutionListener@19d13d04, org.springframework.test.context.support.DirtiesContextTestExecutionListener@30d5fc1b, org.springframework.test.context.transaction.TransactionalTestExecutionListener@7957aa57, org.springframework.test.context.jdbc.SqlScriptsTestExecutionListener@7b92ea9d, org.springframework.test.context.event.EventPublishingTestExecutionListener@6b3bc1f6, org.springframework.boot.test.mock.mockito.ResetMocksTestExecutionListener@7491cdae, org.springframework.boot.test.autoconfigure.restdocs.RestDocsTestExecutionListener@3050d479, org.springframework.boot.test.autoconfigure.web.client.MockRestServiceServerResetTestExecutionListener@5c7a06ec, org.springframework.boot.test.autoconfigure.web.servlet.MockMvcPrintOnlyOnFailureTestExecutionListener@697b48e4, org.springframework.boot.test.autoconfigure.web.servlet.WebDriverTestExecutionListener@137d04d8, org.springframework.boot.test.autoconfigure.webservices.client.MockWebServiceServerTestExecutionListener@25b8f9d2]
26 Feb;19:05:28.545 [main] INFO  o.s.b.t.a.w.s.WebMvcTestContextBootstrapper - Neither @ContextConfiguration nor @ContextHierarchy found for test class [ua.com.foxminded.classtimetable.controllers.rest.TeacherRestControllerTest], using SpringBootContextLoader
26 Feb;19:05:28.546 [main] INFO  o.s.t.c.s.AbstractContextLoader - Could not detect default resource locations for test class [ua.com.foxminded.classtimetable.controllers.rest.TeacherRestControllerTest]: no resource found for suffixes {-context.xml, Context.groovy}.
26 Feb;19:05:28.546 [main] INFO  o.s.t.c.s.AnnotationConfigContextLoaderUtils - Could not detect default configuration classes for test class [ua.com.foxminded.classtimetable.controllers.rest.TeacherRestControllerTest]: TeacherRestControllerTest does not declare any static, non-private, non-final, nested classes annotated with @Configuration.
26 Feb;19:05:28.548 [main] INFO  o.s.b.t.c.SpringBootTestContextBootstrapper - Found @SpringBootConfiguration ua.com.foxminded.classtimetable.Application for test class ua.com.foxminded.classtimetable.controllers.rest.TeacherRestControllerTest
26 Feb;19:05:28.548 [main] INFO  o.s.b.t.a.w.s.WebMvcTestContextBootstrapper - Loaded default TestExecutionListener class names from location [META-INF/spring.factories]: [org.springframework.boot.test.mock.mockito.MockitoTestExecutionListener, org.springframework.boot.test.mock.mockito.ResetMocksTestExecutionListener, org.springframework.boot.test.autoconfigure.restdocs.RestDocsTestExecutionListener, org.springframework.boot.test.autoconfigure.web.client.MockRestServiceServerResetTestExecutionListener, org.springframework.boot.test.autoconfigure.web.servlet.MockMvcPrintOnlyOnFailureTestExecutionListener, org.springframework.boot.test.autoconfigure.web.servlet.WebDriverTestExecutionListener, org.springframework.boot.test.autoconfigure.webservices.client.MockWebServiceServerTestExecutionListener, org.springframework.test.context.web.ServletTestExecutionListener, org.springframework.test.context.support.DirtiesContextBeforeModesTestExecutionListener, org.springframework.test.context.support.DependencyInjectionTestExecutionListener, org.springframework.test.context.support.DirtiesContextTestExecutionListener, org.springframework.test.context.transaction.TransactionalTestExecutionListener, org.springframework.test.context.jdbc.SqlScriptsTestExecutionListener, org.springframework.test.context.event.EventPublishingTestExecutionListener]
26 Feb;19:05:28.549 [main] INFO  o.s.b.t.a.w.s.WebMvcTestContextBootstrapper - Using TestExecutionListeners: [org.springframework.test.context.web.ServletTestExecutionListener@3c2188f, org.springframework.test.context.support.DirtiesContextBeforeModesTestExecutionListener@646bf8a6, org.springframework.boot.test.mock.mockito.MockitoTestExecutionListener@4a094f90, org.springframework.boot.test.autoconfigure.SpringBootDependencyInjectionTestExecutionListener@1b5623b4, org.springframework.test.context.support.DirtiesContextTestExecutionListener@8c34631, org.springframework.test.context.transaction.TransactionalTestExecutionListener@33563147, org.springframework.test.context.jdbc.SqlScriptsTestExecutionListener@33239d72, org.springframework.test.context.event.EventPublishingTestExecutionListener@19c24321, org.springframework.boot.test.mock.mockito.ResetMocksTestExecutionListener@ba27ce6, org.springframework.boot.test.autoconfigure.restdocs.RestDocsTestExecutionListener@97cb8dc, org.springframework.boot.test.autoconfigure.web.client.MockRestServiceServerResetTestExecutionListener@261b6c8c, org.springframework.boot.test.autoconfigure.web.servlet.MockMvcPrintOnlyOnFailureTestExecutionListener@2dcbf825, org.springframework.boot.test.autoconfigure.web.servlet.WebDriverTestExecutionListener@3516f436, org.springframework.boot.test.autoconfigure.webservices.client.MockWebServiceServerTestExecutionListener@59c00010]
26 Feb;19:05:28.549 [main] INFO  o.s.b.t.c.SpringBootTestContextBootstrapper - Neither @ContextConfiguration nor @ContextHierarchy found for test class [ua.com.foxminded.classtimetable.controllers.ui.BuildingControllerTest], using SpringBootContextLoader
26 Feb;19:05:28.550 [main] INFO  o.s.t.c.s.AbstractContextLoader - Could not detect default resource locations for test class [ua.com.foxminded.classtimetable.controllers.ui.BuildingControllerTest]: no resource found for suffixes {-context.xml, Context.groovy}.
26 Feb;19:05:28.550 [main] INFO  o.s.t.c.s.AnnotationConfigContextLoaderUtils - Could not detect default configuration classes for test class [ua.com.foxminded.classtimetable.controllers.ui.BuildingControllerTest]: BuildingControllerTest does not declare any static, non-private, non-final, nested classes annotated with @Configuration.
26 Feb;19:05:28.551 [main] INFO  o.s.b.t.c.SpringBootTestContextBootstrapper - Found @SpringBootConfiguration ua.com.foxminded.classtimetable.Application for test class ua.com.foxminded.classtimetable.controllers.ui.BuildingControllerTest
26 Feb;19:05:28.552 [main] INFO  o.s.b.t.c.SpringBootTestContextBootstrapper - Loaded default TestExecutionListener class names from location [META-INF/spring.factories]: [org.springframework.boot.test.mock.mockito.MockitoTestExecutionListener, org.springframework.boot.test.mock.mockito.ResetMocksTestExecutionListener, org.springframework.boot.test.autoconfigure.restdocs.RestDocsTestExecutionListener, org.springframework.boot.test.autoconfigure.web.client.MockRestServiceServerResetTestExecutionListener, org.springframework.boot.test.autoconfigure.web.servlet.MockMvcPrintOnlyOnFailureTestExecutionListener, org.springframework.boot.test.autoconfigure.web.servlet.WebDriverTestExecutionListener, org.springframework.boot.test.autoconfigure.webservices.client.MockWebServiceServerTestExecutionListener, org.springframework.test.context.web.ServletTestExecutionListener, org.springframework.test.context.support.DirtiesContextBeforeModesTestExecutionListener, org.springframework.test.context.support.DependencyInjectionTestExecutionListener, org.springframework.test.context.support.DirtiesContextTestExecutionListener, org.springframework.test.context.transaction.TransactionalTestExecutionListener, org.springframework.test.context.jdbc.SqlScriptsTestExecutionListener, org.springframework.test.context.event.EventPublishingTestExecutionListener]
26 Feb;19:05:28.552 [main] INFO  o.s.b.t.c.SpringBootTestContextBootstrapper - Using TestExecutionListeners: [org.springframework.test.context.web.ServletTestExecutionListener@d960561, org.springframework.test.context.support.DirtiesContextBeforeModesTestExecutionListener@3aa63b53, org.springframework.boot.test.mock.mockito.MockitoTestExecutionListener@39a9becc, org.springframework.boot.test.autoconfigure.SpringBootDependencyInjectionTestExecutionListener@177302d6, org.springframework.test.context.support.DirtiesContextTestExecutionListener@2af3b054, org.springframework.test.context.transaction.TransactionalTestExecutionListener@21046afa, org.springframework.test.context.jdbc.SqlScriptsTestExecutionListener@552fffc8, org.springframework.test.context.event.EventPublishingTestExecutionListener@5ac53209, org.springframework.boot.test.mock.mockito.ResetMocksTestExecutionListener@6d035815, org.springframework.boot.test.autoconfigure.restdocs.RestDocsTestExecutionListener@6fd2acf5, org.springframework.boot.test.autoconfigure.web.client.MockRestServiceServerResetTestExecutionListener@45a9cf78, org.springframework.boot.test.autoconfigure.web.servlet.MockMvcPrintOnlyOnFailureTestExecutionListener@368ff8be, org.springframework.boot.test.autoconfigure.web.servlet.WebDriverTestExecutionListener@41bbdd8a, org.springframework.boot.test.autoconfigure.webservices.client.MockWebServiceServerTestExecutionListener@3bf4644c]
26 Feb;19:05:28.553 [main] INFO  o.s.b.t.c.SpringBootTestContextBootstrapper - Neither @ContextConfiguration nor @ContextHierarchy found for test class [ua.com.foxminded.classtimetable.controllers.ui.ClassroomControllerTest], using SpringBootContextLoader
26 Feb;19:05:28.554 [main] INFO  o.s.t.c.s.AbstractContextLoader - Could not detect default resource locations for test class [ua.com.foxminded.classtimetable.controllers.ui.ClassroomControllerTest]: no resource found for suffixes {-context.xml, Context.groovy}.
26 Feb;19:05:28.554 [main] INFO  o.s.t.c.s.AnnotationConfigContextLoaderUtils - Could not detect default configuration classes for test class [ua.com.foxminded.classtimetable.controllers.ui.ClassroomControllerTest]: ClassroomControllerTest does not declare any static, non-private, non-final, nested classes annotated with @Configuration.
26 Feb;19:05:28.555 [main] INFO  o.s.b.t.c.SpringBootTestContextBootstrapper - Found @SpringBootConfiguration ua.com.foxminded.classtimetable.Application for test class ua.com.foxminded.classtimetable.controllers.ui.ClassroomControllerTest
26 Feb;19:05:28.557 [main] INFO  o.s.b.t.c.SpringBootTestContextBootstrapper - Loaded default TestExecutionListener class names from location [META-INF/spring.factories]: [org.springframework.boot.test.mock.mockito.MockitoTestExecutionListener, org.springframework.boot.test.mock.mockito.ResetMocksTestExecutionListener, org.springframework.boot.test.autoconfigure.restdocs.RestDocsTestExecutionListener, org.springframework.boot.test.autoconfigure.web.client.MockRestServiceServerResetTestExecutionListener, org.springframework.boot.test.autoconfigure.web.servlet.MockMvcPrintOnlyOnFailureTestExecutionListener, org.springframework.boot.test.autoconfigure.web.servlet.WebDriverTestExecutionListener, org.springframework.boot.test.autoconfigure.webservices.client.MockWebServiceServerTestExecutionListener, org.springframework.test.context.web.ServletTestExecutionListener, org.springframework.test.context.support.DirtiesContextBeforeModesTestExecutionListener, org.springframework.test.context.support.DependencyInjectionTestExecutionListener, org.springframework.test.context.support.DirtiesContextTestExecutionListener, org.springframework.test.context.transaction.TransactionalTestExecutionListener, org.springframework.test.context.jdbc.SqlScriptsTestExecutionListener, org.springframework.test.context.event.EventPublishingTestExecutionListener]
26 Feb;19:05:28.558 [main] INFO  o.s.b.t.c.SpringBootTestContextBootstrapper - Using TestExecutionListeners: [org.springframework.test.context.web.ServletTestExecutionListener@7e28f150, org.springframework.test.context.support.DirtiesContextBeforeModesTestExecutionListener@23aaa756, org.springframework.boot.test.mock.mockito.MockitoTestExecutionListener@2d5d001f, org.springframework.boot.test.autoconfigure.SpringBootDependencyInjectionTestExecutionListener@7a92827f, org.springframework.test.context.support.DirtiesContextTestExecutionListener@43094e0c, org.springframework.test.context.transaction.TransactionalTestExecutionListener@35efd12c, org.springframework.test.context.jdbc.SqlScriptsTestExecutionListener@70f76276, org.springframework.test.context.event.EventPublishingTestExecutionListener@1e18876d, org.springframework.boot.test.mock.mockito.ResetMocksTestExecutionListener@17e8c38c, org.springframework.boot.test.autoconfigure.restdocs.RestDocsTestExecutionListener@5c4516ec, org.springframework.boot.test.autoconfigure.web.client.MockRestServiceServerResetTestExecutionListener@17ea3bc0, org.springframework.boot.test.autoconfigure.web.servlet.MockMvcPrintOnlyOnFailureTestExecutionListener@4d93e5bf, org.springframework.boot.test.autoconfigure.web.servlet.WebDriverTestExecutionListener@1c36ab22, org.springframework.boot.test.autoconfigure.webservices.client.MockWebServiceServerTestExecutionListener@68303c3e]
26 Feb;19:05:28.559 [main] INFO  o.s.b.t.c.SpringBootTestContextBootstrapper - Neither @ContextConfiguration nor @ContextHierarchy found for test class [ua.com.foxminded.classtimetable.controllers.ui.CourseControllerTest], using SpringBootContextLoader
26 Feb;19:05:28.560 [main] INFO  o.s.t.c.s.AbstractContextLoader - Could not detect default resource locations for test class [ua.com.foxminded.classtimetable.controllers.ui.CourseControllerTest]: no resource found for suffixes {-context.xml, Context.groovy}.
26 Feb;19:05:28.560 [main] INFO  o.s.t.c.s.AnnotationConfigContextLoaderUtils - Could not detect default configuration classes for test class [ua.com.foxminded.classtimetable.controllers.ui.CourseControllerTest]: CourseControllerTest does not declare any static, non-private, non-final, nested classes annotated with @Configuration.
26 Feb;19:05:28.562 [main] INFO  o.s.b.t.c.SpringBootTestContextBootstrapper - Found @SpringBootConfiguration ua.com.foxminded.classtimetable.Application for test class ua.com.foxminded.classtimetable.controllers.ui.CourseControllerTest
26 Feb;19:05:28.564 [main] INFO  o.s.b.t.c.SpringBootTestContextBootstrapper - Loaded default TestExecutionListener class names from location [META-INF/spring.factories]: [org.springframework.boot.test.mock.mockito.MockitoTestExecutionListener, org.springframework.boot.test.mock.mockito.ResetMocksTestExecutionListener, org.springframework.boot.test.autoconfigure.restdocs.RestDocsTestExecutionListener, org.springframework.boot.test.autoconfigure.web.client.MockRestServiceServerResetTestExecutionListener, org.springframework.boot.test.autoconfigure.web.servlet.MockMvcPrintOnlyOnFailureTestExecutionListener, org.springframework.boot.test.autoconfigure.web.servlet.WebDriverTestExecutionListener, org.springframework.boot.test.autoconfigure.webservices.client.MockWebServiceServerTestExecutionListener, org.springframework.test.context.web.ServletTestExecutionListener, org.springframework.test.context.support.DirtiesContextBeforeModesTestExecutionListener, org.springframework.test.context.support.DependencyInjectionTestExecutionListener, org.springframework.test.context.support.DirtiesContextTestExecutionListener, org.springframework.test.context.transaction.TransactionalTestExecutionListener, org.springframework.test.context.jdbc.SqlScriptsTestExecutionListener, org.springframework.test.context.event.EventPublishingTestExecutionListener]
26 Feb;19:05:28.564 [main] INFO  o.s.b.t.c.SpringBootTestContextBootstrapper - Using TestExecutionListeners: [org.springframework.test.context.web.ServletTestExecutionListener@556843a5, org.springframework.test.context.support.DirtiesContextBeforeModesTestExecutionListener@3c5044fa, org.springframework.boot.test.mock.mockito.MockitoTestExecutionListener@3db5195, org.springframework.boot.test.autoconfigure.SpringBootDependencyInjectionTestExecutionListener@b386a17, org.springframework.test.context.support.DirtiesContextTestExecutionListener@1cda75be, org.springframework.test.context.transaction.TransactionalTestExecutionListener@2213854b, org.springframework.test.context.jdbc.SqlScriptsTestExecutionListener@7b1d2f65, org.springframework.test.context.event.EventPublishingTestExecutionListener@33bd9ac3, org.springframework.boot.test.mock.mockito.ResetMocksTestExecutionListener@7c857e8f, org.springframework.boot.test.autoconfigure.restdocs.RestDocsTestExecutionListener@42028589, org.springframework.boot.test.autoconfigure.web.client.MockRestServiceServerResetTestExecutionListener@50f6ecab, org.springframework.boot.test.autoconfigure.web.servlet.MockMvcPrintOnlyOnFailureTestExecutionListener@fc21ff4, org.springframework.boot.test.autoconfigure.web.servlet.WebDriverTestExecutionListener@58647985, org.springframework.boot.test.autoconfigure.webservices.client.MockWebServiceServerTestExecutionListener@e1c91cd]
26 Feb;19:05:28.565 [main] INFO  o.s.b.t.c.SpringBootTestContextBootstrapper - Neither @ContextConfiguration nor @ContextHierarchy found for test class [ua.com.foxminded.classtimetable.controllers.ui.FacultyControllerTest], using SpringBootContextLoader
26 Feb;19:05:28.566 [main] INFO  o.s.t.c.s.AbstractContextLoader - Could not detect default resource locations for test class [ua.com.foxminded.classtimetable.controllers.ui.FacultyControllerTest]: no resource found for suffixes {-context.xml, Context.groovy}.
26 Feb;19:05:28.566 [main] INFO  o.s.t.c.s.AnnotationConfigContextLoaderUtils - Could not detect default configuration classes for test class [ua.com.foxminded.classtimetable.controllers.ui.FacultyControllerTest]: FacultyControllerTest does not declare any static, non-private, non-final, nested classes annotated with @Configuration.
26 Feb;19:05:28.568 [main] INFO  o.s.b.t.c.SpringBootTestContextBootstrapper - Found @SpringBootConfiguration ua.com.foxminded.classtimetable.Application for test class ua.com.foxminded.classtimetable.controllers.ui.FacultyControllerTest
26 Feb;19:05:28.570 [main] INFO  o.s.b.t.c.SpringBootTestContextBootstrapper - Loaded default TestExecutionListener class names from location [META-INF/spring.factories]: [org.springframework.boot.test.mock.mockito.MockitoTestExecutionListener, org.springframework.boot.test.mock.mockito.ResetMocksTestExecutionListener, org.springframework.boot.test.autoconfigure.restdocs.RestDocsTestExecutionListener, org.springframework.boot.test.autoconfigure.web.client.MockRestServiceServerResetTestExecutionListener, org.springframework.boot.test.autoconfigure.web.servlet.MockMvcPrintOnlyOnFailureTestExecutionListener, org.springframework.boot.test.autoconfigure.web.servlet.WebDriverTestExecutionListener, org.springframework.boot.test.autoconfigure.webservices.client.MockWebServiceServerTestExecutionListener, org.springframework.test.context.web.ServletTestExecutionListener, org.springframework.test.context.support.DirtiesContextBeforeModesTestExecutionListener, org.springframework.test.context.support.DependencyInjectionTestExecutionListener, org.springframework.test.context.support.DirtiesContextTestExecutionListener, org.springframework.test.context.transaction.TransactionalTestExecutionListener, org.springframework.test.context.jdbc.SqlScriptsTestExecutionListener, org.springframework.test.context.event.EventPublishingTestExecutionListener]
26 Feb;19:05:28.571 [main] INFO  o.s.b.t.c.SpringBootTestContextBootstrapper - Using TestExecutionListeners: [org.springframework.test.context.web.ServletTestExecutionListener@d99df7a, org.springframework.test.context.support.DirtiesContextBeforeModesTestExecutionListener@67e1a5fd, org.springframework.boot.test.mock.mockito.MockitoTestExecutionListener@4b9dc62f, org.springframework.boot.test.autoconfigure.SpringBootDependencyInjectionTestExecutionListener@6cb3463b, org.springframework.test.context.support.DirtiesContextTestExecutionListener@2f9236d8, org.springframework.test.context.transaction.TransactionalTestExecutionListener@4536a09a, org.springframework.test.context.jdbc.SqlScriptsTestExecutionListener@603faaad, org.springframework.test.context.event.EventPublishingTestExecutionListener@16cbba0f, org.springframework.boot.test.mock.mockito.ResetMocksTestExecutionListener@28d16af8, org.springframework.boot.test.autoconfigure.restdocs.RestDocsTestExecutionListener@58932d08, org.springframework.boot.test.autoconfigure.web.client.MockRestServiceServerResetTestExecutionListener@45648e75, org.springframework.boot.test.autoconfigure.web.servlet.MockMvcPrintOnlyOnFailureTestExecutionListener@e344f14, org.springframework.boot.test.autoconfigure.web.servlet.WebDriverTestExecutionListener@2d117280, org.springframework.boot.test.autoconfigure.webservices.client.MockWebServiceServerTestExecutionListener@6c2be147]
26 Feb;19:05:28.572 [main] INFO  o.s.b.t.c.SpringBootTestContextBootstrapper - Neither @ContextConfiguration nor @ContextHierarchy found for test class [ua.com.foxminded.classtimetable.controllers.ui.LessonControllerTest], using SpringBootContextLoader
26 Feb;19:05:28.572 [main] INFO  o.s.t.c.s.AbstractContextLoader - Could not detect default resource locations for test class [ua.com.foxminded.classtimetable.controllers.ui.LessonControllerTest]: no resource found for suffixes {-context.xml, Context.groovy}.
26 Feb;19:05:28.573 [main] INFO  o.s.t.c.s.AnnotationConfigContextLoaderUtils - Could not detect default configuration classes for test class [ua.com.foxminded.classtimetable.controllers.ui.LessonControllerTest]: LessonControllerTest does not declare any static, non-private, non-final, nested classes annotated with @Configuration.
26 Feb;19:05:28.574 [main] INFO  o.s.b.t.c.SpringBootTestContextBootstrapper - Found @SpringBootConfiguration ua.com.foxminded.classtimetable.Application for test class ua.com.foxminded.classtimetable.controllers.ui.LessonControllerTest
26 Feb;19:05:28.575 [main] INFO  o.s.b.t.c.SpringBootTestContextBootstrapper - Loaded default TestExecutionListener class names from location [META-INF/spring.factories]: [org.springframework.boot.test.mock.mockito.MockitoTestExecutionListener, org.springframework.boot.test.mock.mockito.ResetMocksTestExecutionListener, org.springframework.boot.test.autoconfigure.restdocs.RestDocsTestExecutionListener, org.springframework.boot.test.autoconfigure.web.client.MockRestServiceServerResetTestExecutionListener, org.springframework.boot.test.autoconfigure.web.servlet.MockMvcPrintOnlyOnFailureTestExecutionListener, org.springframework.boot.test.autoconfigure.web.servlet.WebDriverTestExecutionListener, org.springframework.boot.test.autoconfigure.webservices.client.MockWebServiceServerTestExecutionListener, org.springframework.test.context.web.ServletTestExecutionListener, org.springframework.test.context.support.DirtiesContextBeforeModesTestExecutionListener, org.springframework.test.context.support.DependencyInjectionTestExecutionListener, org.springframework.test.context.support.DirtiesContextTestExecutionListener, org.springframework.test.context.transaction.TransactionalTestExecutionListener, org.springframework.test.context.jdbc.SqlScriptsTestExecutionListener, org.springframework.test.context.event.EventPublishingTestExecutionListener]
26 Feb;19:05:28.575 [main] INFO  o.s.b.t.c.SpringBootTestContextBootstrapper - Using TestExecutionListeners: [org.springframework.test.context.web.ServletTestExecutionListener@1d57b8f1, org.springframework.test.context.support.DirtiesContextBeforeModesTestExecutionListener@6e5af973, org.springframework.boot.test.mock.mockito.MockitoTestExecutionListener@39a2e77d, org.springframework.boot.test.autoconfigure.SpringBootDependencyInjectionTestExecutionListener@1aee6983, org.springframework.test.context.support.DirtiesContextTestExecutionListener@3adeca1f, org.springframework.test.context.transaction.TransactionalTestExecutionListener@3f62d56, org.springframework.test.context.jdbc.SqlScriptsTestExecutionListener@2d41bb5a, org.springframework.test.context.event.EventPublishingTestExecutionListener@448a6d00, org.springframework.boot.test.mock.mockito.ResetMocksTestExecutionListener@848d9bc, org.springframework.boot.test.autoconfigure.restdocs.RestDocsTestExecutionListener@3a66d97e, org.springframework.boot.test.autoconfigure.web.client.MockRestServiceServerResetTestExecutionListener@1add3e03, org.springframework.boot.test.autoconfigure.web.servlet.MockMvcPrintOnlyOnFailureTestExecutionListener@d28a235, org.springframework.boot.test.autoconfigure.web.servlet.WebDriverTestExecutionListener@43e30f15, org.springframework.boot.test.autoconfigure.webservices.client.MockWebServiceServerTestExecutionListener@4fc2933e]
26 Feb;19:05:28.575 [main] INFO  o.s.t.c.s.DefaultTestContextBootstrapper - Neither @ContextConfiguration nor @ContextHierarchy found for test class [ua.com.foxminded.classtimetable.controllers.ui.MenuControllerTest], using DelegatingSmartContextLoader
26 Feb;19:05:28.576 [main] INFO  o.s.t.c.s.AbstractContextLoader - Could not detect default resource locations for test class [ua.com.foxminded.classtimetable.controllers.ui.MenuControllerTest]: no resource found for suffixes {-context.xml}.
26 Feb;19:05:28.576 [main] INFO  o.s.t.c.s.AnnotationConfigContextLoaderUtils - Could not detect default configuration classes for test class [ua.com.foxminded.classtimetable.controllers.ui.MenuControllerTest]: MenuControllerTest does not declare any static, non-private, non-final, nested classes annotated with @Configuration.
26 Feb;19:05:28.576 [main] INFO  o.s.t.c.s.DefaultTestContextBootstrapper - Loaded default TestExecutionListener class names from location [META-INF/spring.factories]: [org.springframework.boot.test.mock.mockito.MockitoTestExecutionListener, org.springframework.boot.test.mock.mockito.ResetMocksTestExecutionListener, org.springframework.boot.test.autoconfigure.restdocs.RestDocsTestExecutionListener, org.springframework.boot.test.autoconfigure.web.client.MockRestServiceServerResetTestExecutionListener, org.springframework.boot.test.autoconfigure.web.servlet.MockMvcPrintOnlyOnFailureTestExecutionListener, org.springframework.boot.test.autoconfigure.web.servlet.WebDriverTestExecutionListener, org.springframework.boot.test.autoconfigure.webservices.client.MockWebServiceServerTestExecutionListener, org.springframework.test.context.web.ServletTestExecutionListener, org.springframework.test.context.support.DirtiesContextBeforeModesTestExecutionListener, org.springframework.test.context.support.DependencyInjectionTestExecutionListener, org.springframework.test.context.support.DirtiesContextTestExecutionListener, org.springframework.test.context.transaction.TransactionalTestExecutionListener, org.springframework.test.context.jdbc.SqlScriptsTestExecutionListener, org.springframework.test.context.event.EventPublishingTestExecutionListener]
26 Feb;19:05:28.577 [main] INFO  o.s.t.c.s.DefaultTestContextBootstrapper - Using TestExecutionListeners: [org.springframework.test.context.web.ServletTestExecutionListener@3c9c91e3, org.springframework.test.context.support.DirtiesContextBeforeModesTestExecutionListener@746da54f, org.springframework.boot.test.mock.mockito.MockitoTestExecutionListener@2f2d8770, org.springframework.test.context.support.DependencyInjectionTestExecutionListener@742dbac8, org.springframework.test.context.support.DirtiesContextTestExecutionListener@2ce62e27, org.springframework.test.context.transaction.TransactionalTestExecutionListener@3538a129, org.springframework.test.context.jdbc.SqlScriptsTestExecutionListener@766db6f9, org.springframework.test.context.event.EventPublishingTestExecutionListener@6f8fb906, org.springframework.boot.test.mock.mockito.ResetMocksTestExecutionListener@728535c6, org.springframework.boot.test.autoconfigure.restdocs.RestDocsTestExecutionListener@244f356, org.springframework.boot.test.autoconfigure.web.client.MockRestServiceServerResetTestExecutionListener@19855799, org.springframework.boot.test.autoconfigure.web.servlet.MockMvcPrintOnlyOnFailureTestExecutionListener@bd09a26, org.springframework.boot.test.autoconfigure.web.servlet.WebDriverTestExecutionListener@5020b59f, org.springframework.boot.test.autoconfigure.webservices.client.MockWebServiceServerTestExecutionListener@75db328e]
26 Feb;19:05:28.577 [main] INFO  o.s.b.t.c.SpringBootTestContextBootstrapper - Neither @ContextConfiguration nor @ContextHierarchy found for test class [ua.com.foxminded.classtimetable.controllers.ui.ScheduleControllerTest], using SpringBootContextLoader
26 Feb;19:05:28.578 [main] INFO  o.s.t.c.s.AbstractContextLoader - Could not detect default resource locations for test class [ua.com.foxminded.classtimetable.controllers.ui.ScheduleControllerTest]: no resource found for suffixes {-context.xml, Context.groovy}.
26 Feb;19:05:28.578 [main] INFO  o.s.t.c.s.AnnotationConfigContextLoaderUtils - Could not detect default configuration classes for test class [ua.com.foxminded.classtimetable.controllers.ui.ScheduleControllerTest]: ScheduleControllerTest does not declare any static, non-private, non-final, nested classes annotated with @Configuration.
26 Feb;19:05:28.579 [main] INFO  o.s.b.t.c.SpringBootTestContextBootstrapper - Found @SpringBootConfiguration ua.com.foxminded.classtimetable.Application for test class ua.com.foxminded.classtimetable.controllers.ui.ScheduleControllerTest
26 Feb;19:05:28.580 [main] INFO  o.s.b.t.c.SpringBootTestContextBootstrapper - Loaded default TestExecutionListener class names from location [META-INF/spring.factories]: [org.springframework.boot.test.mock.mockito.MockitoTestExecutionListener, org.springframework.boot.test.mock.mockito.ResetMocksTestExecutionListener, org.springframework.boot.test.autoconfigure.restdocs.RestDocsTestExecutionListener, org.springframework.boot.test.autoconfigure.web.client.MockRestServiceServerResetTestExecutionListener, org.springframework.boot.test.autoconfigure.web.servlet.MockMvcPrintOnlyOnFailureTestExecutionListener, org.springframework.boot.test.autoconfigure.web.servlet.WebDriverTestExecutionListener, org.springframework.boot.test.autoconfigure.webservices.client.MockWebServiceServerTestExecutionListener, org.springframework.test.context.web.ServletTestExecutionListener, org.springframework.test.context.support.DirtiesContextBeforeModesTestExecutionListener, org.springframework.test.context.support.DependencyInjectionTestExecutionListener, org.springframework.test.context.support.DirtiesContextTestExecutionListener, org.springframework.test.context.transaction.TransactionalTestExecutionListener, org.springframework.test.context.jdbc.SqlScriptsTestExecutionListener, org.springframework.test.context.event.EventPublishingTestExecutionListener]
26 Feb;19:05:28.580 [main] INFO  o.s.b.t.c.SpringBootTestContextBootstrapper - Using TestExecutionListeners: [org.springframework.test.context.web.ServletTestExecutionListener@4a8bf1dc, org.springframework.test.context.support.DirtiesContextBeforeModesTestExecutionListener@61aa6300, org.springframework.boot.test.mock.mockito.MockitoTestExecutionListener@7e2e0b8a, org.springframework.boot.test.autoconfigure.SpringBootDependencyInjectionTestExecutionListener@7f5f7731, org.springframework.test.context.support.DirtiesContextTestExecutionListener@6a4f7c17, org.springframework.test.context.transaction.TransactionalTestExecutionListener@584fb03d, org.springframework.test.context.jdbc.SqlScriptsTestExecutionListener@563392e5, org.springframework.test.context.event.EventPublishingTestExecutionListener@52d181ed, org.springframework.boot.test.mock.mockito.ResetMocksTestExecutionListener@43efe064, org.springframework.boot.test.autoconfigure.restdocs.RestDocsTestExecutionListener@66046e7c, org.springframework.boot.test.autoconfigure.web.client.MockRestServiceServerResetTestExecutionListener@2c6a6ce3, org.springframework.boot.test.autoconfigure.web.servlet.MockMvcPrintOnlyOnFailureTestExecutionListener@726a5e6a, org.springframework.boot.test.autoconfigure.web.servlet.WebDriverTestExecutionListener@4e3a6c83, org.springframework.boot.test.autoconfigure.webservices.client.MockWebServiceServerTestExecutionListener@b889cb6]
26 Feb;19:05:28.581 [main] INFO  o.s.b.t.c.SpringBootTestContextBootstrapper - Neither @ContextConfiguration nor @ContextHierarchy found for test class [ua.com.foxminded.classtimetable.controllers.ui.StudentControllerTest], using SpringBootContextLoader
26 Feb;19:05:28.581 [main] INFO  o.s.t.c.s.AbstractContextLoader - Could not detect default resource locations for test class [ua.com.foxminded.classtimetable.controllers.ui.StudentControllerTest]: no resource found for suffixes {-context.xml, Context.groovy}.
26 Feb;19:05:28.581 [main] INFO  o.s.t.c.s.AnnotationConfigContextLoaderUtils - Could not detect default configuration classes for test class [ua.com.foxminded.classtimetable.controllers.ui.StudentControllerTest]: StudentControllerTest does not declare any static, non-private, non-final, nested classes annotated with @Configuration.
26 Feb;19:05:28.582 [main] INFO  o.s.b.t.c.SpringBootTestContextBootstrapper - Found @SpringBootConfiguration ua.com.foxminded.classtimetable.Application for test class ua.com.foxminded.classtimetable.controllers.ui.StudentControllerTest
26 Feb;19:05:28.583 [main] INFO  o.s.b.t.c.SpringBootTestContextBootstrapper - Loaded default TestExecutionListener class names from location [META-INF/spring.factories]: [org.springframework.boot.test.mock.mockito.MockitoTestExecutionListener, org.springframework.boot.test.mock.mockito.ResetMocksTestExecutionListener, org.springframework.boot.test.autoconfigure.restdocs.RestDocsTestExecutionListener, org.springframework.boot.test.autoconfigure.web.client.MockRestServiceServerResetTestExecutionListener, org.springframework.boot.test.autoconfigure.web.servlet.MockMvcPrintOnlyOnFailureTestExecutionListener, org.springframework.boot.test.autoconfigure.web.servlet.WebDriverTestExecutionListener, org.springframework.boot.test.autoconfigure.webservices.client.MockWebServiceServerTestExecutionListener, org.springframework.test.context.web.ServletTestExecutionListener, org.springframework.test.context.support.DirtiesContextBeforeModesTestExecutionListener, org.springframework.test.context.support.DependencyInjectionTestExecutionListener, org.springframework.test.context.support.DirtiesContextTestExecutionListener, org.springframework.test.context.transaction.TransactionalTestExecutionListener, org.springframework.test.context.jdbc.SqlScriptsTestExecutionListener, org.springframework.test.context.event.EventPublishingTestExecutionListener]
26 Feb;19:05:28.583 [main] INFO  o.s.b.t.c.SpringBootTestContextBootstrapper - Using TestExecutionListeners: [org.springframework.test.context.web.ServletTestExecutionListener@6ab826bb, org.springframework.test.context.support.DirtiesContextBeforeModesTestExecutionListener@219db855, org.springframework.boot.test.mock.mockito.MockitoTestExecutionListener@3702d0ed, org.springframework.boot.test.autoconfigure.SpringBootDependencyInjectionTestExecutionListener@5b7b0ada, org.springframework.test.context.support.DirtiesContextTestExecutionListener@705d72f0, org.springframework.test.context.transaction.TransactionalTestExecutionListener@3c4e23be, org.springframework.test.context.jdbc.SqlScriptsTestExecutionListener@1d6a0962, org.springframework.test.context.event.EventPublishingTestExecutionListener@1ec4fdcf, org.springframework.boot.test.mock.mockito.ResetMocksTestExecutionListener@515d615, org.springframework.boot.test.autoconfigure.restdocs.RestDocsTestExecutionListener@488b46da, org.springframework.boot.test.autoconfigure.web.client.MockRestServiceServerResetTestExecutionListener@5e777b0, org.springframework.boot.test.autoconfigure.web.servlet.MockMvcPrintOnlyOnFailureTestExecutionListener@3c74d846, org.springframework.boot.test.autoconfigure.web.servlet.WebDriverTestExecutionListener@17fa14a3, org.springframework.boot.test.autoconfigure.webservices.client.MockWebServiceServerTestExecutionListener@5552d10]
26 Feb;19:05:28.584 [main] INFO  o.s.b.t.c.SpringBootTestContextBootstrapper - Neither @ContextConfiguration nor @ContextHierarchy found for test class [ua.com.foxminded.classtimetable.controllers.ui.TeacherControllerTest], using SpringBootContextLoader
26 Feb;19:05:28.584 [main] INFO  o.s.t.c.s.AbstractContextLoader - Could not detect default resource locations for test class [ua.com.foxminded.classtimetable.controllers.ui.TeacherControllerTest]: no resource found for suffixes {-context.xml, Context.groovy}.
26 Feb;19:05:28.584 [main] INFO  o.s.t.c.s.AnnotationConfigContextLoaderUtils - Could not detect default configuration classes for test class [ua.com.foxminded.classtimetable.controllers.ui.TeacherControllerTest]: TeacherControllerTest does not declare any static, non-private, non-final, nested classes annotated with @Configuration.
26 Feb;19:05:28.585 [main] INFO  o.s.b.t.c.SpringBootTestContextBootstrapper - Found @SpringBootConfiguration ua.com.foxminded.classtimetable.Application for test class ua.com.foxminded.classtimetable.controllers.ui.TeacherControllerTest
26 Feb;19:05:28.587 [main] INFO  o.s.b.t.c.SpringBootTestContextBootstrapper - Loaded default TestExecutionListener class names from location [META-INF/spring.factories]: [org.springframework.boot.test.mock.mockito.MockitoTestExecutionListener, org.springframework.boot.test.mock.mockito.ResetMocksTestExecutionListener, org.springframework.boot.test.autoconfigure.restdocs.RestDocsTestExecutionListener, org.springframework.boot.test.autoconfigure.web.client.MockRestServiceServerResetTestExecutionListener, org.springframework.boot.test.autoconfigure.web.servlet.MockMvcPrintOnlyOnFailureTestExecutionListener, org.springframework.boot.test.autoconfigure.web.servlet.WebDriverTestExecutionListener, org.springframework.boot.test.autoconfigure.webservices.client.MockWebServiceServerTestExecutionListener, org.springframework.test.context.web.ServletTestExecutionListener, org.springframework.test.context.support.DirtiesContextBeforeModesTestExecutionListener, org.springframework.test.context.support.DependencyInjectionTestExecutionListener, org.springframework.test.context.support.DirtiesContextTestExecutionListener, org.springframework.test.context.transaction.TransactionalTestExecutionListener, org.springframework.test.context.jdbc.SqlScriptsTestExecutionListener, org.springframework.test.context.event.EventPublishingTestExecutionListener]
26 Feb;19:05:28.587 [main] INFO  o.s.b.t.c.SpringBootTestContextBootstrapper - Using TestExecutionListeners: [org.springframework.test.context.web.ServletTestExecutionListener@7d15c513, org.springframework.test.context.support.DirtiesContextBeforeModesTestExecutionListener@320efff5, org.springframework.boot.test.mock.mockito.MockitoTestExecutionListener@78b44fcb, org.springframework.boot.test.autoconfigure.SpringBootDependencyInjectionTestExecutionListener@12dc702b, org.springframework.test.context.support.DirtiesContextTestExecutionListener@41b2123e, org.springframework.test.context.transaction.TransactionalTestExecutionListener@486bcaa, org.springframework.test.context.jdbc.SqlScriptsTestExecutionListener@5e9671e6, org.springframework.test.context.event.EventPublishingTestExecutionListener@2f3a0f37, org.springframework.boot.test.mock.mockito.ResetMocksTestExecutionListener@7ec8db0c, org.springframework.boot.test.autoconfigure.restdocs.RestDocsTestExecutionListener@4f1a5b93, org.springframework.boot.test.autoconfigure.web.client.MockRestServiceServerResetTestExecutionListener@22ee1ad7, org.springframework.boot.test.autoconfigure.web.servlet.MockMvcPrintOnlyOnFailureTestExecutionListener@5dd2ea0a, org.springframework.boot.test.autoconfigure.web.servlet.WebDriverTestExecutionListener@65fa4a07, org.springframework.boot.test.autoconfigure.webservices.client.MockWebServiceServerTestExecutionListener@782143e8]

  .   ____          _            __ _ _
 /\\ / ___'_ __ _ _(_)_ __  __ _ \ \ \ \
( ( )\___ | '_ | '_| | '_ \/ _` | \ \ \ \
 \\/  ___)| |_)| | | | | || (_| |  ) ) ) )
  '  |____| .__|_| |_|_| |_\__, | / / / /
 =========|_|==============|___/=/_/_/_/
 :: Spring Boot ::       (v2.3.10.RELEASE)

26 Feb;19:05:28.889 [main] INFO  u.c.f.c.c.r.BuildingRestControllerIntegrationTest - Starting BuildingRestControllerIntegrationTest on DESKTOP-FI81JLR with PID 2332 (started by Admin in E:\1_Java_Work\IDEA_Workspace_22_02_2023\Classtimetable)
26 Feb;19:05:28.889 [main] INFO  u.c.f.c.c.r.BuildingRestControllerIntegrationTest - No active profile set, falling back to default profiles: default
26 Feb;19:05:29.795 [main] INFO  o.s.d.r.c.RepositoryConfigurationDelegate - Bootstrapping Spring Data JPA repositories in DEFAULT mode.
26 Feb;19:05:29.886 [main] INFO  o.s.d.r.c.RepositoryConfigurationDelegate - Finished Spring Data repository scanning in 81ms. Found 7 JPA repository interfaces.
26 Feb;19:05:30.726 [main] INFO  o.h.jpa.internal.util.LogHelper - HHH000204: Processing PersistenceUnitInfo [name: default]
26 Feb;19:05:30.816 [main] INFO  org.hibernate.Version - HHH000412: Hibernate ORM core version 5.4.30.Final
26 Feb;19:05:30.956 [main] INFO  o.h.annotations.common.Version - HCANN000001: Hibernate Commons Annotations {5.1.2.Final}
26 Feb;19:05:31.263 [main] INFO  com.zaxxer.hikari.HikariDataSource - HikariPool-1 - Starting...
26 Feb;19:05:31.575 [main] INFO  com.zaxxer.hikari.HikariDataSource - HikariPool-1 - Start completed.
26 Feb;19:05:31.596 [main] INFO  org.hibernate.dialect.Dialect - HHH000400: Using dialect: org.hibernate.dialect.PostgreSQL10Dialect
Hibernate: alter table if exists classrooms drop constraint if exists FKp169e84csib3wbj8ipuh3omkg
Hibernate: alter table if exists lessons drop constraint if exists FKbffxqtymudjwdb39m7dnjn4ey
Hibernate: alter table if exists lessons drop constraint if exists FK17ucc7gjfjddsyi0gvstkqeat
Hibernate: alter table if exists lessons drop constraint if exists FKbr76cuebuufbbltujpfq04tto
Hibernate: alter table if exists students drop constraint if exists FKjy3uttpwfpb0s83e2pvpatg9j
Hibernate: alter table if exists students_courses drop constraint if exists FKcc42107lsifo5rjyjlhdu6i6u
Hibernate: alter table if exists students_courses drop constraint if exists FKr16q8s9m6kr7xupi4fw9iqpgl
Hibernate: alter table if exists teachers drop constraint if exists FKt9rth51e1sfx7dox4m60qnjh6
Hibernate: alter table if exists teachers_courses drop constraint if exists FKqg010sa3dl97s28no2xgr4kf2
Hibernate: alter table if exists teachers_courses drop constraint if exists FKgy6pqaopr15itcdokkbb3jgxv
Hibernate: drop table if exists buildings cascade
Hibernate: drop table if exists classrooms cascade
Hibernate: drop table if exists courses cascade
Hibernate: drop table if exists faculties cascade
Hibernate: drop table if exists lessons cascade
Hibernate: drop table if exists students cascade
Hibernate: drop table if exists students_courses cascade
Hibernate: drop table if exists teachers cascade
Hibernate: drop table if exists teachers_courses cascade
Hibernate: create table buildings (id int4 generated by default as identity, building_name varchar(255), primary key (id))
Hibernate: create table classrooms (id int4 generated by default as identity, room_capacity int4, room_name varchar(255), room_type varchar(255), building_id int4, primary key (id))
Hibernate: create table courses (id int4 generated by default as identity, course_name varchar(255), primary key (id))
Hibernate: create table faculties (id int4 generated by default as identity, faculty_name varchar(255), primary key (id))
Hibernate: create table lessons (id int4 generated by default as identity, date date, end_time time, start_time time, classroom_id int4, course_id int4, teacher_id int4, primary key (id))
Hibernate: create table students (id int4 generated by default as identity, first_name varchar(255), last_name varchar(255), faculty_id int4, primary key (id))
Hibernate: create table students_courses (student_id int4 not null, course_id int4 not null, primary key (student_id, course_id))
Hibernate: create table teachers (id int4 generated by default as identity, first_name varchar(255), last_name varchar(255), faculty_id int4, primary key (id))
Hibernate: create table teachers_courses (teacher_id int4 not null, course_id int4 not null, primary key (teacher_id, course_id))
Hibernate: alter table if exists classrooms add constraint FKp169e84csib3wbj8ipuh3omkg foreign key (building_id) references buildings
Hibernate: alter table if exists lessons add constraint FKbffxqtymudjwdb39m7dnjn4ey foreign key (classroom_id) references classrooms
Hibernate: alter table if exists lessons add constraint FK17ucc7gjfjddsyi0gvstkqeat foreign key (course_id) references courses
Hibernate: alter table if exists lessons add constraint FKbr76cuebuufbbltujpfq04tto foreign key (teacher_id) references teachers
Hibernate: alter table if exists students add constraint FKjy3uttpwfpb0s83e2pvpatg9j foreign key (faculty_id) references faculties
Hibernate: alter table if exists students_courses add constraint FKcc42107lsifo5rjyjlhdu6i6u foreign key (course_id) references courses
Hibernate: alter table if exists students_courses add constraint FKr16q8s9m6kr7xupi4fw9iqpgl foreign key (student_id) references students
Hibernate: alter table if exists teachers add constraint FKt9rth51e1sfx7dox4m60qnjh6 foreign key (faculty_id) references faculties
Hibernate: alter table if exists teachers_courses add constraint FKqg010sa3dl97s28no2xgr4kf2 foreign key (course_id) references courses
Hibernate: alter table if exists teachers_courses add constraint FKgy6pqaopr15itcdokkbb3jgxv foreign key (teacher_id) references teachers
26 Feb;19:05:32.499 [main] INFO  o.h.t.s.internal.SchemaCreatorImpl - HHH000476: Executing import script 'file:/E:/1_Java_Work/IDEA_Workspace_22_02_2023/Classtimetable/target/test-classes/db_scripts/buildingsFilling.sql'
Hibernate: INSERT INTO buildings (building_name) VALUES ('A')
Hibernate: INSERT INTO buildings (building_name) VALUES ('B')
Hibernate: INSERT INTO buildings (building_name) VALUES ('C')
Hibernate: COMMIT
26 Feb;19:05:32.502 [main] INFO  o.h.t.s.internal.SchemaCreatorImpl - HHH000476: Executing import script 'file:/E:/1_Java_Work/IDEA_Workspace_22_02_2023/Classtimetable/target/test-classes/db_scripts/classroomsFilling.sql'
Hibernate: INSERT INTO classrooms (room_name, room_type, room_capacity, building_id) VALUES ('A-1', 'Class', 30, 1)
Hibernate: INSERT INTO classrooms (room_name, room_type, room_capacity, building_id) VALUES ('A-2', 'Class', 30, 1)
Hibernate: INSERT INTO classrooms (room_name, room_type, room_capacity, building_id) VALUES ('A-3', 'Class', 30, 1)
Hibernate: INSERT INTO classrooms (room_name, room_type, room_capacity, building_id) VALUES ('A-4', 'Lecture', 50, 1)
Hibernate: INSERT INTO classrooms (room_name, room_type, room_capacity, building_id) VALUES ('A-5', 'Laboratory', 10, 1)
Hibernate: INSERT INTO classrooms (room_name, room_type, room_capacity, building_id) VALUES ('B-1', 'Class', 30, 2)
Hibernate: INSERT INTO classrooms (room_name, room_type, room_capacity, building_id) VALUES ('B-2', 'Class', 30, 2)
Hibernate: INSERT INTO classrooms (room_name, room_type, room_capacity, building_id) VALUES ('B-3', 'Class', 30, 2)
Hibernate: INSERT INTO classrooms (room_name, room_type, room_capacity, building_id) VALUES ('B-4', 'Lecture', 50, 2)
Hibernate: INSERT INTO classrooms (room_name, room_type, room_capacity, building_id) VALUES ('B-5', 'Laboratory', 10, 2)
Hibernate: INSERT INTO classrooms (room_name, room_type, room_capacity, building_id) VALUES ('C-1', 'Class', 30, 3)
Hibernate: INSERT INTO classrooms (room_name, room_type, room_capacity, building_id) VALUES ('C-2', 'Class', 30, 3)
Hibernate: INSERT INTO classrooms (room_name, room_type, room_capacity, building_id) VALUES ('C-3', 'Class', 30, 3)
Hibernate: INSERT INTO classrooms (room_name, room_type, room_capacity, building_id) VALUES ('C-4', 'Lecture', 50, 3)
Hibernate: INSERT INTO classrooms (room_name, room_type, room_capacity, building_id) VALUES ('C-5', 'Laboratory', 10, 3)
Hibernate: COMMIT
26 Feb;19:05:32.507 [main] INFO  o.h.t.s.internal.SchemaCreatorImpl - HHH000476: Executing import script 'file:/E:/1_Java_Work/IDEA_Workspace_22_02_2023/Classtimetable/target/test-classes/db_scripts/coursesFilling.sql'
Hibernate: INSERT INTO courses (course_name) VALUES ('History')
Hibernate: INSERT INTO courses (course_name) VALUES ('Philosophy')
Hibernate: INSERT INTO courses (course_name) VALUES ('Sociology')
Hibernate: INSERT INTO courses (course_name) VALUES ('Political science')
Hibernate: INSERT INTO courses (course_name) VALUES ('Culture')
Hibernate: INSERT INTO courses (course_name) VALUES ('Biology')
Hibernate: INSERT INTO courses (course_name) VALUES ('Chemistry')
Hibernate: INSERT INTO courses (course_name) VALUES ('Mathematics')
Hibernate: INSERT INTO courses (course_name) VALUES ('Physics')
Hibernate: INSERT INTO courses (course_name) VALUES ('Geometry')
Hibernate: COMMIT
26 Feb;19:05:32.510 [main] INFO  o.h.t.s.internal.SchemaCreatorImpl - HHH000476: Executing import script 'file:/E:/1_Java_Work/IDEA_Workspace_22_02_2023/Classtimetable/target/test-classes/db_scripts/facultiesFilling.sql'
Hibernate: INSERT INTO faculties (faculty_name) VALUES ('Faculty of Sciences')
Hibernate: INSERT INTO faculties (faculty_name) VALUES ('Technical Sciences Faculty')
Hibernate: INSERT INTO faculties (faculty_name) VALUES ('Faculty of Arts')
Hibernate: COMMIT
26 Feb;19:05:32.511 [main] INFO  o.h.t.s.internal.SchemaCreatorImpl - HHH000476: Executing import script 'file:/E:/1_Java_Work/IDEA_Workspace_22_02_2023/Classtimetable/target/test-classes/db_scripts/studentsFilling.sql'
Hibernate: INSERT INTO students (first_name, last_name, faculty_id) VALUES ('Jacob', 'Rose', 1)
Hibernate: INSERT INTO students (first_name, last_name, faculty_id) VALUES ('Jacob', 'Sykes', 1)
Hibernate: INSERT INTO students (first_name, last_name, faculty_id) VALUES ('Jacob', 'Eve', 1)
Hibernate: INSERT INTO students (first_name, last_name, faculty_id) VALUES ('Jacob', 'King', 1)
Hibernate: INSERT INTO students (first_name, last_name, faculty_id) VALUES ('Jacob', 'Tucci', 1)
Hibernate: INSERT INTO students (first_name, last_name, faculty_id) VALUES ('Oliver', 'Rose', 1)
Hibernate: INSERT INTO students (first_name, last_name, faculty_id) VALUES ('Oliver', 'Sykes', 1)
Hibernate: INSERT INTO students (first_name, last_name, faculty_id) VALUES ('Oliver', 'Eve', 1)
Hibernate: INSERT INTO students (first_name, last_name, faculty_id) VALUES ('Oliver', 'King', 1)
Hibernate: INSERT INTO students (first_name, last_name, faculty_id) VALUES ('Oliver', 'Tucci', 1)
Hibernate: INSERT INTO students (first_name, last_name, faculty_id) VALUES ('Ellie', 'Rose', 1)
Hibernate: INSERT INTO students (first_name, last_name, faculty_id) VALUES ('Ellie', 'Sykes', 1)
Hibernate: INSERT INTO students (first_name, last_name, faculty_id) VALUES ('Ellie', 'Eve', 1)
Hibernate: INSERT INTO students (first_name, last_name, faculty_id) VALUES ('Ellie', 'King', 1)
Hibernate: INSERT INTO students (first_name, last_name, faculty_id) VALUES ('Ellie', 'Tucci', 1)
Hibernate: INSERT INTO students (first_name, last_name, faculty_id) VALUES ('Ruby', 'Rose', 1)
Hibernate: INSERT INTO students (first_name, last_name, faculty_id) VALUES ('Ruby', 'Sykes', 1)
Hibernate: INSERT INTO students (first_name, last_name, faculty_id) VALUES ('Ruby', 'Eve', 1)
Hibernate: INSERT INTO students (first_name, last_name, faculty_id) VALUES ('Ruby', 'King', 1)
Hibernate: INSERT INTO students (first_name, last_name, faculty_id) VALUES ('Ruby', 'Tucci', 1)
Hibernate: INSERT INTO students (first_name, last_name, faculty_id) VALUES ('Mary', 'Rose', 2)
Hibernate: INSERT INTO students (first_name, last_name, faculty_id) VALUES ('Mary', 'Sykes', 2)
Hibernate: INSERT INTO students (first_name, last_name, faculty_id) VALUES ('Mary', 'Eve', 2)
Hibernate: INSERT INTO students (first_name, last_name, faculty_id) VALUES ('Mary', 'King', 2)
Hibernate: INSERT INTO students (first_name, last_name, faculty_id) VALUES ('Mary', 'Tucci', 2)
Hibernate: INSERT INTO students (first_name, last_name, faculty_id) VALUES ('Albert', 'Rose', 2)
Hibernate: INSERT INTO students (first_name, last_name, faculty_id) VALUES ('Albert', 'Sykes', 2)
Hibernate: INSERT INTO students (first_name, last_name, faculty_id) VALUES ('Albert', 'Eve', 2)
Hibernate: INSERT INTO students (first_name, last_name, faculty_id) VALUES ('Albert', 'King', 2)
Hibernate: INSERT INTO students (first_name, last_name, faculty_id) VALUES ('Albert', 'Tucci', 2)
Hibernate: INSERT INTO students (first_name, last_name, faculty_id) VALUES ('Charlie', 'Rose', 2)
Hibernate: INSERT INTO students (first_name, last_name, faculty_id) VALUES ('Charlie', 'Sykes', 2)
Hibernate: INSERT INTO students (first_name, last_name, faculty_id) VALUES ('Charlie', 'Eve', 2)
Hibernate: INSERT INTO students (first_name, last_name, faculty_id) VALUES ('Charlie', 'King', 2)
Hibernate: INSERT INTO students (first_name, last_name, faculty_id) VALUES ('Charlie', 'Tucci', 2)
Hibernate: INSERT INTO students (first_name, last_name, faculty_id) VALUES ('Samuel', 'Rose', 2)
Hibernate: INSERT INTO students (first_name, last_name, faculty_id) VALUES ('Samuel', 'Sykes', 2)
Hibernate: INSERT INTO students (first_name, last_name, faculty_id) VALUES ('Samuel', 'Eve', 2)
Hibernate: INSERT INTO students (first_name, last_name, faculty_id) VALUES ('Samuel', 'King', 2)
Hibernate: INSERT INTO students (first_name, last_name, faculty_id) VALUES ('Samuel', 'Tucci', 2)
Hibernate: INSERT INTO students (first_name, last_name, faculty_id) VALUES ('Thomas', 'Rose', 3)
Hibernate: INSERT INTO students (first_name, last_name, faculty_id) VALUES ('Thomas', 'Sykes', 3)
Hibernate: INSERT INTO students (first_name, last_name, faculty_id) VALUES ('Thomas', 'Eve', 3)
Hibernate: INSERT INTO students (first_name, last_name, faculty_id) VALUES ('Thomas', 'King', 3)
Hibernate: INSERT INTO students (first_name, last_name, faculty_id) VALUES ('Thomas', 'Tucci', 3)
Hibernate: INSERT INTO students (first_name, last_name, faculty_id) VALUES ('Leonard', 'Rose', 3)
Hibernate: INSERT INTO students (first_name, last_name, faculty_id) VALUES ('Leonard', 'Sykes', 3)
Hibernate: INSERT INTO students (first_name, last_name, faculty_id) VALUES ('Leonard', 'Eve', 3)
Hibernate: INSERT INTO students (first_name, last_name, faculty_id) VALUES ('Leonard', 'King', 3)
Hibernate: INSERT INTO students (first_name, last_name, faculty_id) VALUES ('Leonard', 'Tucci', 3)
Hibernate: INSERT INTO students (first_name, last_name, faculty_id) VALUES ('Joshua', 'Rose', 3)
Hibernate: INSERT INTO students (first_name, last_name, faculty_id) VALUES ('Joshua', 'Sykes', 3)
Hibernate: INSERT INTO students (first_name, last_name, faculty_id) VALUES ('Joshua', 'Eve', 3)
Hibernate: INSERT INTO students (first_name, last_name, faculty_id) VALUES ('Joshua', 'King', 3)
Hibernate: INSERT INTO students (first_name, last_name, faculty_id) VALUES ('Joshua', 'Tucci', 3)
Hibernate: INSERT INTO students (first_name, last_name, faculty_id) VALUES ('Jack', 'Rose', 3)
Hibernate: INSERT INTO students (first_name, last_name, faculty_id) VALUES ('Jack', 'Sykes', 3)
Hibernate: INSERT INTO students (first_name, last_name, faculty_id) VALUES ('Jack', 'Eve', 3)
Hibernate: INSERT INTO students (first_name, last_name, faculty_id) VALUES ('Jack', 'King', 3)
Hibernate: INSERT INTO students (first_name, last_name, faculty_id) VALUES ('Jack', 'Tucci', 3)
Hibernate: COMMIT
26 Feb;19:05:32.525 [main] INFO  o.h.t.s.internal.SchemaCreatorImpl - HHH000476: Executing import script 'file:/E:/1_Java_Work/IDEA_Workspace_22_02_2023/Classtimetable/target/test-classes/db_scripts/studentsCoursesFilling.sql'
Hibernate: INSERT INTO students_courses (student_id, course_id) VALUES (1, 6)
Hibernate: INSERT INTO students_courses (student_id, course_id) VALUES (2, 7)
Hibernate: INSERT INTO students_courses (student_id, course_id) VALUES (3, 6)
Hibernate: INSERT INTO students_courses (student_id, course_id) VALUES (4, 7)
Hibernate: INSERT INTO students_courses (student_id, course_id) VALUES (5, 6)
Hibernate: INSERT INTO students_courses (student_id, course_id) VALUES (6, 7)
Hibernate: INSERT INTO students_courses (student_id, course_id) VALUES (7, 6)
Hibernate: INSERT INTO students_courses (student_id, course_id) VALUES (8, 7)
Hibernate: INSERT INTO students_courses (student_id, course_id) VALUES (9, 6)
Hibernate: INSERT INTO students_courses (student_id, course_id) VALUES (10, 7)
Hibernate: INSERT INTO students_courses (student_id, course_id) VALUES (11, 6)
Hibernate: INSERT INTO students_courses (student_id, course_id) VALUES (12, 7)
Hibernate: INSERT INTO students_courses (student_id, course_id) VALUES (13, 6)
Hibernate: INSERT INTO students_courses (student_id, course_id) VALUES (14, 7)
Hibernate: INSERT INTO students_courses (student_id, course_id) VALUES (15, 6)
Hibernate: INSERT INTO students_courses (student_id, course_id) VALUES (16, 7)
Hibernate: INSERT INTO students_courses (student_id, course_id) VALUES (17, 6)
Hibernate: INSERT INTO students_courses (student_id, course_id) VALUES (18, 7)
Hibernate: INSERT INTO students_courses (student_id, course_id) VALUES (19, 6)
Hibernate: INSERT INTO students_courses (student_id, course_id) VALUES (20, 7)
Hibernate: INSERT INTO students_courses (student_id, course_id) VALUES (21, 8)
Hibernate: INSERT INTO students_courses (student_id, course_id) VALUES (21, 9)
Hibernate: INSERT INTO students_courses (student_id, course_id) VALUES (22, 10)
Hibernate: INSERT INTO students_courses (student_id, course_id) VALUES (22, 8)
Hibernate: INSERT INTO students_courses (student_id, course_id) VALUES (23, 9)
Hibernate: INSERT INTO students_courses (student_id, course_id) VALUES (23, 10)
Hibernate: INSERT INTO students_courses (student_id, course_id) VALUES (24, 8)
Hibernate: INSERT INTO students_courses (student_id, course_id) VALUES (24, 9)
Hibernate: INSERT INTO students_courses (student_id, course_id) VALUES (25, 10)
Hibernate: INSERT INTO students_courses (student_id, course_id) VALUES (25, 8)
Hibernate: INSERT INTO students_courses (student_id, course_id) VALUES (26, 9)
Hibernate: INSERT INTO students_courses (student_id, course_id) VALUES (26, 10)
Hibernate: INSERT INTO students_courses (student_id, course_id) VALUES (27, 8)
Hibernate: INSERT INTO students_courses (student_id, course_id) VALUES (27, 9)
Hibernate: INSERT INTO students_courses (student_id, course_id) VALUES (28, 10)
Hibernate: INSERT INTO students_courses (student_id, course_id) VALUES (28, 8)
Hibernate: INSERT INTO students_courses (student_id, course_id) VALUES (29, 9)
Hibernate: INSERT INTO students_courses (student_id, course_id) VALUES (29, 10)
Hibernate: INSERT INTO students_courses (student_id, course_id) VALUES (30, 8)
Hibernate: INSERT INTO students_courses (student_id, course_id) VALUES (30, 9)
Hibernate: INSERT INTO students_courses (student_id, course_id) VALUES (31, 10)
Hibernate: INSERT INTO students_courses (student_id, course_id) VALUES (31, 8)
Hibernate: INSERT INTO students_courses (student_id, course_id) VALUES (32, 9)
Hibernate: INSERT INTO students_courses (student_id, course_id) VALUES (32, 10)
Hibernate: INSERT INTO students_courses (student_id, course_id) VALUES (33, 8)
Hibernate: INSERT INTO students_courses (student_id, course_id) VALUES (33, 9)
Hibernate: INSERT INTO students_courses (student_id, course_id) VALUES (34, 10)
Hibernate: INSERT INTO students_courses (student_id, course_id) VALUES (34, 8)
Hibernate: INSERT INTO students_courses (student_id, course_id) VALUES (35, 9)
Hibernate: INSERT INTO students_courses (student_id, course_id) VALUES (35, 10)
Hibernate: INSERT INTO students_courses (student_id, course_id) VALUES (36, 8)
Hibernate: INSERT INTO students_courses (student_id, course_id) VALUES (36, 9)
Hibernate: INSERT INTO students_courses (student_id, course_id) VALUES (37, 10)
Hibernate: INSERT INTO students_courses (student_id, course_id) VALUES (37, 8)
Hibernate: INSERT INTO students_courses (student_id, course_id) VALUES (38, 9)
Hibernate: INSERT INTO students_courses (student_id, course_id) VALUES (38, 10)
Hibernate: INSERT INTO students_courses (student_id, course_id) VALUES (39, 8)
Hibernate: INSERT INTO students_courses (student_id, course_id) VALUES (39, 9)
Hibernate: INSERT INTO students_courses (student_id, course_id) VALUES (40, 10)
Hibernate: INSERT INTO students_courses (student_id, course_id) VALUES (40, 8)
Hibernate: INSERT INTO students_courses (student_id, course_id) VALUES (41, 1)
Hibernate: INSERT INTO students_courses (student_id, course_id) VALUES (41, 2)
Hibernate: INSERT INTO students_courses (student_id, course_id) VALUES (41, 3)
Hibernate: INSERT INTO students_courses (student_id, course_id) VALUES (42, 4)
Hibernate: INSERT INTO students_courses (student_id, course_id) VALUES (42, 5)
Hibernate: INSERT INTO students_courses (student_id, course_id) VALUES (42, 1)
Hibernate: INSERT INTO students_courses (student_id, course_id) VALUES (43, 2)
Hibernate: INSERT INTO students_courses (student_id, course_id) VALUES (43, 3)
Hibernate: INSERT INTO students_courses (student_id, course_id) VALUES (43, 4)
Hibernate: INSERT INTO students_courses (student_id, course_id) VALUES (44, 5)
Hibernate: INSERT INTO students_courses (student_id, course_id) VALUES (44, 1)
Hibernate: INSERT INTO students_courses (student_id, course_id) VALUES (44, 2)
Hibernate: INSERT INTO students_courses (student_id, course_id) VALUES (45, 3)
Hibernate: INSERT INTO students_courses (student_id, course_id) VALUES (45, 4)
Hibernate: INSERT INTO students_courses (student_id, course_id) VALUES (45, 5)
Hibernate: INSERT INTO students_courses (student_id, course_id) VALUES (46, 1)
Hibernate: INSERT INTO students_courses (student_id, course_id) VALUES (46, 2)
Hibernate: INSERT INTO students_courses (student_id, course_id) VALUES (46, 3)
Hibernate: INSERT INTO students_courses (student_id, course_id) VALUES (47, 4)
Hibernate: INSERT INTO students_courses (student_id, course_id) VALUES (47, 5)
Hibernate: INSERT INTO students_courses (student_id, course_id) VALUES (47, 1)
Hibernate: INSERT INTO students_courses (student_id, course_id) VALUES (48, 2)
Hibernate: INSERT INTO students_courses (student_id, course_id) VALUES (48, 3)
Hibernate: INSERT INTO students_courses (student_id, course_id) VALUES (48, 4)
Hibernate: INSERT INTO students_courses (student_id, course_id) VALUES (49, 5)
Hibernate: INSERT INTO students_courses (student_id, course_id) VALUES (49, 1)
Hibernate: INSERT INTO students_courses (student_id, course_id) VALUES (49, 2)
Hibernate: INSERT INTO students_courses (student_id, course_id) VALUES (50, 3)
Hibernate: INSERT INTO students_courses (student_id, course_id) VALUES (50, 4)
Hibernate: INSERT INTO students_courses (student_id, course_id) VALUES (50, 5)
Hibernate: INSERT INTO students_courses (student_id, course_id) VALUES (51, 1)
Hibernate: INSERT INTO students_courses (student_id, course_id) VALUES (51, 2)
Hibernate: INSERT INTO students_courses (student_id, course_id) VALUES (51, 3)
Hibernate: INSERT INTO students_courses (student_id, course_id) VALUES (52, 4)
Hibernate: INSERT INTO students_courses (student_id, course_id) VALUES (52, 5)
Hibernate: INSERT INTO students_courses (student_id, course_id) VALUES (52, 1)
Hibernate: INSERT INTO students_courses (student_id, course_id) VALUES (53, 2)
Hibernate: INSERT INTO students_courses (student_id, course_id) VALUES (53, 3)
Hibernate: INSERT INTO students_courses (student_id, course_id) VALUES (53, 4)
Hibernate: INSERT INTO students_courses (student_id, course_id) VALUES (54, 5)
Hibernate: INSERT INTO students_courses (student_id, course_id) VALUES (54, 1)
Hibernate: INSERT INTO students_courses (student_id, course_id) VALUES (54, 2)
Hibernate: INSERT INTO students_courses (student_id, course_id) VALUES (55, 3)
Hibernate: INSERT INTO students_courses (student_id, course_id) VALUES (55, 4)
Hibernate: INSERT INTO students_courses (student_id, course_id) VALUES (55, 5)
Hibernate: INSERT INTO students_courses (student_id, course_id) VALUES (56, 1)
Hibernate: INSERT INTO students_courses (student_id, course_id) VALUES (56, 2)
Hibernate: INSERT INTO students_courses (student_id, course_id) VALUES (56, 3)
Hibernate: INSERT INTO students_courses (student_id, course_id) VALUES (57, 4)
Hibernate: INSERT INTO students_courses (student_id, course_id) VALUES (57, 5)
Hibernate: INSERT INTO students_courses (student_id, course_id) VALUES (57, 1)
Hibernate: INSERT INTO students_courses (student_id, course_id) VALUES (58, 2)
Hibernate: INSERT INTO students_courses (student_id, course_id) VALUES (58, 3)
Hibernate: INSERT INTO students_courses (student_id, course_id) VALUES (58, 4)
Hibernate: INSERT INTO students_courses (student_id, course_id) VALUES (59, 5)
Hibernate: INSERT INTO students_courses (student_id, course_id) VALUES (59, 1)
Hibernate: INSERT INTO students_courses (student_id, course_id) VALUES (59, 2)
Hibernate: INSERT INTO students_courses (student_id, course_id) VALUES (60, 3)
Hibernate: INSERT INTO students_courses (student_id, course_id) VALUES (60, 4)
Hibernate: INSERT INTO students_courses (student_id, course_id) VALUES (60, 5)
Hibernate: COMMIT
26 Feb;19:05:32.558 [main] INFO  o.h.t.s.internal.SchemaCreatorImpl - HHH000476: Executing import script 'file:/E:/1_Java_Work/IDEA_Workspace_22_02_2023/Classtimetable/target/test-classes/db_scripts/teachersFilling.sql'
Hibernate: INSERT INTO teachers (first_name, last_name, faculty_id) VALUES ('Albert', 'Sykes', 3)
Hibernate: INSERT INTO teachers (first_name, last_name, faculty_id) VALUES ('Stanley', 'Gruber', 3)
Hibernate: INSERT INTO teachers (first_name, last_name, faculty_id) VALUES ('Freya', 'Shepp', 3)
Hibernate: INSERT INTO teachers (first_name, last_name, faculty_id) VALUES ('Olivia', 'Blake', 3)
Hibernate: INSERT INTO teachers (first_name, last_name, faculty_id) VALUES ('Scarlett', 'Nimoy', 3)
Hibernate: INSERT INTO teachers (first_name, last_name, faculty_id) VALUES ('Ellie', 'Purh', 1)
Hibernate: INSERT INTO teachers (first_name, last_name, faculty_id) VALUES ('Charlie', 'Byrne', 1)
Hibernate: INSERT INTO teachers (first_name, last_name, faculty_id) VALUES ('Samuel', 'Travis', 1)
Hibernate: INSERT INTO teachers (first_name, last_name, faculty_id) VALUES ('Albert', 'Hill', 1)
Hibernate: INSERT INTO teachers (first_name, last_name, faculty_id) VALUES ('Joshua', 'Eve', 2)
Hibernate: INSERT INTO teachers (first_name, last_name, faculty_id) VALUES ('Sophia', 'Roos', 2)
Hibernate: INSERT INTO teachers (first_name, last_name, faculty_id) VALUES ('Mia', 'Brown', 2)
Hibernate: COMMIT
26 Feb;19:05:32.560 [main] INFO  o.h.t.s.internal.SchemaCreatorImpl - HHH000476: Executing import script 'file:/E:/1_Java_Work/IDEA_Workspace_22_02_2023/Classtimetable/target/test-classes/db_scripts/teachersCoursesFilling.sql'
Hibernate: INSERT INTO teachers_courses (teacher_id, course_id) VALUES (1, 1)
Hibernate: INSERT INTO teachers_courses (teacher_id, course_id) VALUES (2, 2)
Hibernate: INSERT INTO teachers_courses (teacher_id, course_id) VALUES (3, 3)
Hibernate: INSERT INTO teachers_courses (teacher_id, course_id) VALUES (4, 4)
Hibernate: INSERT INTO teachers_courses (teacher_id, course_id) VALUES (5, 5)
Hibernate: INSERT INTO teachers_courses (teacher_id, course_id) VALUES (6, 6)
Hibernate: INSERT INTO teachers_courses (teacher_id, course_id) VALUES (7, 6)
Hibernate: INSERT INTO teachers_courses (teacher_id, course_id) VALUES (8, 7)
Hibernate: INSERT INTO teachers_courses (teacher_id, course_id) VALUES (9, 7)
Hibernate: INSERT INTO teachers_courses (teacher_id, course_id) VALUES (10, 8)
Hibernate: INSERT INTO teachers_courses (teacher_id, course_id) VALUES (11, 9)
Hibernate: INSERT INTO teachers_courses (teacher_id, course_id) VALUES (12, 10)
Hibernate: COMMIT
26 Feb;19:05:32.563 [main] INFO  o.h.t.s.internal.SchemaCreatorImpl - HHH000476: Executing import script 'file:/E:/1_Java_Work/IDEA_Workspace_22_02_2023/Classtimetable/target/test-classes/db_scripts/lessonsFilling.sql'
Hibernate: INSERT INTO lessons (date, start_time, end_time, classroom_id, course_id, teacher_id) VALUES ('2021-01-20', '09:20:00', '11:00:00', 4, 3, 3)
Hibernate: INSERT INTO lessons (date, start_time, end_time, classroom_id, course_id, teacher_id) VALUES ('2021-01-20', '11:10:00', '12:50:00', 1, 3, 3)
Hibernate: INSERT INTO lessons (date, start_time, end_time, classroom_id, course_id, teacher_id) VALUES ('2021-01-20', '13:00:00', '14:40:00', 2, 4, 4)
Hibernate: INSERT INTO lessons (date, start_time, end_time, classroom_id, course_id, teacher_id) VALUES ('2021-01-20', '14:50:00', '16:30:00', 3, 4, 4)
Hibernate: INSERT INTO lessons (date, start_time, end_time, classroom_id, course_id, teacher_id) VALUES ('2021-01-20', '16:40:00', '18:20:00', 4, 5, 5)
Hibernate: INSERT INTO lessons (date, start_time, end_time, classroom_id, course_id, teacher_id) VALUES ('2021-01-20', '09:20:00', '11:00:00', 9, 6, 6)
Hibernate: INSERT INTO lessons (date, start_time, end_time, classroom_id, course_id, teacher_id) VALUES ('2021-01-20', '11:10:00', '12:50:00', 9, 6, 6)
Hibernate: INSERT INTO lessons (date, start_time, end_time, classroom_id, course_id, teacher_id) VALUES ('2021-01-20', '13:00:00', '14:40:00', 6, 6, 7)
Hibernate: INSERT INTO lessons (date, start_time, end_time, classroom_id, course_id, teacher_id) VALUES ('2021-01-20', '14:50:00', '16:30:00', 7, 6, 7)
Hibernate: INSERT INTO lessons (date, start_time, end_time, classroom_id, course_id, teacher_id) VALUES ('2021-01-20', '16:40:00', '18:20:00', 10, 6, 7)
Hibernate: INSERT INTO lessons (date, start_time, end_time, classroom_id, course_id, teacher_id) VALUES ('2021-01-20', '09:20:00', '11:00:00', 14, 10, 12)
Hibernate: INSERT INTO lessons (date, start_time, end_time, classroom_id, course_id, teacher_id) VALUES ('2021-01-20', '11:10:00', '12:50:00', 14, 10, 12)
Hibernate: INSERT INTO lessons (date, start_time, end_time, classroom_id, course_id, teacher_id) VALUES ('2021-01-20', '13:00:00', '14:40:00', 11, 10, 12)
Hibernate: INSERT INTO lessons (date, start_time, end_time, classroom_id, course_id, teacher_id) VALUES ('2021-01-20', '14:50:00', '16:30:00', 13, 10, 12)
Hibernate: INSERT INTO lessons (date, start_time, end_time, classroom_id, course_id, teacher_id) VALUES ('2021-01-20', '16:40:00', '18:20:00', 15, 10, 12)
Hibernate: INSERT INTO lessons (date, start_time, end_time, classroom_id, course_id, teacher_id) VALUES ('2021-01-21', '09:20:00', '11:00:00', 4, 4, 4)
Hibernate: INSERT INTO lessons (date, start_time, end_time, classroom_id, course_id, teacher_id) VALUES ('2021-01-21', '11:10:00', '12:50:00', 1, 4, 4)
Hibernate: INSERT INTO lessons (date, start_time, end_time, classroom_id, course_id, teacher_id) VALUES ('2021-01-21', '13:00:00', '14:40:00', 2, 5, 5)
Hibernate: INSERT INTO lessons (date, start_time, end_time, classroom_id, course_id, teacher_id) VALUES ('2021-01-21', '14:50:00', '16:30:00', 3, 5, 5)
Hibernate: INSERT INTO lessons (date, start_time, end_time, classroom_id, course_id, teacher_id) VALUES ('2021-01-21', '16:40:00', '18:20:00', 4, 1, 1)
Hibernate: INSERT INTO lessons (date, start_time, end_time, classroom_id, course_id, teacher_id) VALUES ('2021-01-21', '09:20:00', '11:00:00', 9, 7, 8)
Hibernate: INSERT INTO lessons (date, start_time, end_time, classroom_id, course_id, teacher_id) VALUES ('2021-01-21', '11:10:00', '12:50:00', 9, 7, 8)
Hibernate: INSERT INTO lessons (date, start_time, end_time, classroom_id, course_id, teacher_id) VALUES ('2021-01-21', '13:00:00', '14:40:00', 6, 7, 9)
Hibernate: INSERT INTO lessons (date, start_time, end_time, classroom_id, course_id, teacher_id) VALUES ('2021-01-21', '14:50:00', '16:30:00', 7, 7, 9)
Hibernate: INSERT INTO lessons (date, start_time, end_time, classroom_id, course_id, teacher_id) VALUES ('2021-01-21', '16:40:00', '18:20:00', 10, 7, 9)
Hibernate: INSERT INTO lessons (date, start_time, end_time, classroom_id, course_id, teacher_id) VALUES ('2021-01-21', '09:20:00', '11:00:00', 14, 8, 10)
Hibernate: INSERT INTO lessons (date, start_time, end_time, classroom_id, course_id, teacher_id) VALUES ('2021-01-21', '11:10:00', '12:50:00', 14, 8, 10)
Hibernate: INSERT INTO lessons (date, start_time, end_time, classroom_id, course_id, teacher_id) VALUES ('2021-01-21', '13:00:00', '14:40:00', 12, 9, 11)
Hibernate: INSERT INTO lessons (date, start_time, end_time, classroom_id, course_id, teacher_id) VALUES ('2021-01-21', '14:50:00', '16:30:00', 12, 10, 12)
Hibernate: INSERT INTO lessons (date, start_time, end_time, classroom_id, course_id, teacher_id) VALUES ('2021-01-21', '16:40:00', '18:20:00', 15, 8, 10)
Hibernate: INSERT INTO lessons (date, start_time, end_time, classroom_id, course_id, teacher_id) VALUES ('2021-01-22', '09:20:00', '11:00:00', 4, 5, 5)
Hibernate: INSERT INTO lessons (date, start_time, end_time, classroom_id, course_id, teacher_id) VALUES ('2021-01-22', '11:10:00', '12:50:00', 1, 5, 5)
Hibernate: INSERT INTO lessons (date, start_time, end_time, classroom_id, course_id, teacher_id) VALUES ('2021-01-22', '13:00:00', '14:40:00', 2, 1, 1)
Hibernate: INSERT INTO lessons (date, start_time, end_time, classroom_id, course_id, teacher_id) VALUES ('2021-01-22', '14:50:00', '16:30:00', 3, 1, 1)
Hibernate: INSERT INTO lessons (date, start_time, end_time, classroom_id, course_id, teacher_id) VALUES ('2021-01-22', '16:40:00', '18:20:00', 4, 2, 2)
Hibernate: INSERT INTO lessons (date, start_time, end_time, classroom_id, course_id, teacher_id) VALUES ('2021-01-22', '09:20:00', '11:00:00', 9, 6, 6)
Hibernate: INSERT INTO lessons (date, start_time, end_time, classroom_id, course_id, teacher_id) VALUES ('2021-01-22', '11:10:00', '12:50:00', 9, 6, 6)
Hibernate: INSERT INTO lessons (date, start_time, end_time, classroom_id, course_id, teacher_id) VALUES ('2021-01-22', '13:00:00', '14:40:00', 6, 6, 7)
Hibernate: INSERT INTO lessons (date, start_time, end_time, classroom_id, course_id, teacher_id) VALUES ('2021-01-22', '14:50:00', '16:30:00', 7, 6, 7)
Hibernate: INSERT INTO lessons (date, start_time, end_time, classroom_id, course_id, teacher_id) VALUES ('2021-01-22', '16:40:00', '18:20:00', 10, 6, 7)
Hibernate: INSERT INTO lessons (date, start_time, end_time, classroom_id, course_id, teacher_id) VALUES ('2021-01-22', '09:20:00', '11:00:00', 14, 9, 11)
Hibernate: INSERT INTO lessons (date, start_time, end_time, classroom_id, course_id, teacher_id) VALUES ('2021-01-22', '11:10:00', '12:50:00', 14, 10, 12)
Hibernate: INSERT INTO lessons (date, start_time, end_time, classroom_id, course_id, teacher_id) VALUES ('2021-01-22', '13:00:00', '14:40:00', 13, 8, 10)
Hibernate: INSERT INTO lessons (date, start_time, end_time, classroom_id, course_id, teacher_id) VALUES ('2021-01-22', '14:50:00', '16:30:00', 15, 9, 11)
Hibernate: INSERT INTO lessons (date, start_time, end_time, classroom_id, course_id, teacher_id) VALUES ('2021-01-22', '16:40:00', '18:20:00', 15, 10, 12)
Hibernate: INSERT INTO lessons (date, start_time, end_time, classroom_id, course_id, teacher_id) VALUES ('2021-01-25', '09:20:00', '11:00:00', 4, 1, 1)
Hibernate: INSERT INTO lessons (date, start_time, end_time, classroom_id, course_id, teacher_id) VALUES ('2021-01-25', '11:10:00', '12:50:00', 1, 1, 1)
Hibernate: INSERT INTO lessons (date, start_time, end_time, classroom_id, course_id, teacher_id) VALUES ('2021-01-25', '13:00:00', '14:40:00', 2, 2, 2)
Hibernate: INSERT INTO lessons (date, start_time, end_time, classroom_id, course_id, teacher_id) VALUES ('2021-01-25', '14:50:00', '16:30:00', 3, 2, 2)
Hibernate: INSERT INTO lessons (date, start_time, end_time, classroom_id, course_id, teacher_id) VALUES ('2021-01-25', '16:40:00', '18:20:00', 4, 3, 3)
Hibernate: INSERT INTO lessons (date, start_time, end_time, classroom_id, course_id, teacher_id) VALUES ('2021-01-25', '09:20:00', '11:00:00', 9, 6, 6)
Hibernate: INSERT INTO lessons (date, start_time, end_time, classroom_id, course_id, teacher_id) VALUES ('2021-01-25', '11:10:00', '12:50:00', 9, 6, 6)
Hibernate: INSERT INTO lessons (date, start_time, end_time, classroom_id, course_id, teacher_id) VALUES ('2021-01-25', '13:00:00', '14:40:00', 6, 6, 7)
Hibernate: INSERT INTO lessons (date, start_time, end_time, classroom_id, course_id, teacher_id) VALUES ('2021-01-25', '14:50:00', '16:30:00', 7, 6, 7)
Hibernate: INSERT INTO lessons (date, start_time, end_time, classroom_id, course_id, teacher_id) VALUES ('2021-01-25', '16:40:00', '18:20:00', 10, 6, 7)
Hibernate: INSERT INTO lessons (date, start_time, end_time, classroom_id, course_id, teacher_id) VALUES ('2021-01-25', '09:20:00', '11:00:00', 14, 8, 10)
Hibernate: INSERT INTO lessons (date, start_time, end_time, classroom_id, course_id, teacher_id) VALUES ('2021-01-25', '11:10:00', '12:50:00', 14, 8, 10)
Hibernate: INSERT INTO lessons (date, start_time, end_time, classroom_id, course_id, teacher_id) VALUES ('2021-01-25', '13:00:00', '14:40:00', 11, 8, 10)
Hibernate: INSERT INTO lessons (date, start_time, end_time, classroom_id, course_id, teacher_id) VALUES ('2021-01-25', '14:50:00', '16:30:00', 13, 8, 10)
Hibernate: INSERT INTO lessons (date, start_time, end_time, classroom_id, course_id, teacher_id) VALUES ('2021-01-25', '16:40:00', '18:20:00', 15, 8, 10)
Hibernate: INSERT INTO lessons (date, start_time, end_time, classroom_id, course_id, teacher_id) VALUES ('2021-01-26', '09:20:00', '11:00:00', 4, 2, 2)
Hibernate: INSERT INTO lessons (date, start_time, end_time, classroom_id, course_id, teacher_id) VALUES ('2021-01-26', '11:10:00', '12:50:00', 1, 2, 2)
Hibernate: INSERT INTO lessons (date, start_time, end_time, classroom_id, course_id, teacher_id) VALUES ('2021-01-26', '13:00:00', '14:40:00', 2, 3, 3)
Hibernate: INSERT INTO lessons (date, start_time, end_time, classroom_id, course_id, teacher_id) VALUES ('2021-01-26', '14:50:00', '16:30:00', 3, 3, 3)
Hibernate: INSERT INTO lessons (date, start_time, end_time, classroom_id, course_id, teacher_id) VALUES ('2021-01-26', '16:40:00', '18:20:00', 4, 4, 4)
Hibernate: INSERT INTO lessons (date, start_time, end_time, classroom_id, course_id, teacher_id) VALUES ('2021-01-26', '09:20:00', '11:00:00', 9, 7, 8)
Hibernate: INSERT INTO lessons (date, start_time, end_time, classroom_id, course_id, teacher_id) VALUES ('2021-01-26', '11:10:00', '12:50:00', 9, 7, 8)
Hibernate: INSERT INTO lessons (date, start_time, end_time, classroom_id, course_id, teacher_id) VALUES ('2021-01-26', '13:00:00', '14:40:00', 6, 7, 9)
Hibernate: INSERT INTO lessons (date, start_time, end_time, classroom_id, course_id, teacher_id) VALUES ('2021-01-26', '14:50:00', '16:30:00', 7, 7, 9)
Hibernate: INSERT INTO lessons (date, start_time, end_time, classroom_id, course_id, teacher_id) VALUES ('2021-01-26', '16:40:00', '18:20:00', 10, 7, 9)
Hibernate: INSERT INTO lessons (date, start_time, end_time, classroom_id, course_id, teacher_id) VALUES ('2021-01-26', '09:20:00', '11:00:00', 14, 9, 11)
Hibernate: INSERT INTO lessons (date, start_time, end_time, classroom_id, course_id, teacher_id) VALUES ('2021-01-26', '11:10:00', '12:50:00', 14, 9, 11)
Hibernate: INSERT INTO lessons (date, start_time, end_time, classroom_id, course_id, teacher_id) VALUES ('2021-01-26', '13:00:00', '14:40:00', 11, 9, 11)
Hibernate: INSERT INTO lessons (date, start_time, end_time, classroom_id, course_id, teacher_id) VALUES ('2021-01-26', '14:50:00', '16:30:00', 13, 9, 11)
Hibernate: INSERT INTO lessons (date, start_time, end_time, classroom_id, course_id, teacher_id) VALUES ('2021-01-26', '16:40:00', '18:20:00', 15, 9, 11)
Hibernate: INSERT INTO lessons (date, start_time, end_time, classroom_id, course_id, teacher_id) VALUES ('2021-01-27', '09:20:00', '11:00:00', 4, 3, 3)
Hibernate: INSERT INTO lessons (date, start_time, end_time, classroom_id, course_id, teacher_id) VALUES ('2021-01-27', '11:10:00', '12:50:00', 1, 3, 3)
Hibernate: INSERT INTO lessons (date, start_time, end_time, classroom_id, course_id, teacher_id) VALUES ('2021-01-27', '13:00:00', '14:40:00', 2, 4, 4)
Hibernate: INSERT INTO lessons (date, start_time, end_time, classroom_id, course_id, teacher_id) VALUES ('2021-01-27', '14:50:00', '16:30:00', 3, 4, 4)
Hibernate: INSERT INTO lessons (date, start_time, end_time, classroom_id, course_id, teacher_id) VALUES ('2021-01-27', '16:40:00', '18:20:00', 4, 5, 5)
Hibernate: INSERT INTO lessons (date, start_time, end_time, classroom_id, course_id, teacher_id) VALUES ('2021-01-27', '09:20:00', '11:00:00', 9, 6, 6)
Hibernate: INSERT INTO lessons (date, start_time, end_time, classroom_id, course_id, teacher_id) VALUES ('2021-01-27', '11:10:00', '12:50:00', 9, 6, 6)
Hibernate: INSERT INTO lessons (date, start_time, end_time, classroom_id, course_id, teacher_id) VALUES ('2021-01-27', '13:00:00', '14:40:00', 6, 6, 7)
Hibernate: INSERT INTO lessons (date, start_time, end_time, classroom_id, course_id, teacher_id) VALUES ('2021-01-27', '14:50:00', '16:30:00', 7, 6, 7)
Hibernate: INSERT INTO lessons (date, start_time, end_time, classroom_id, course_id, teacher_id) VALUES ('2021-01-27', '16:40:00', '18:20:00', 10, 6, 7)
Hibernate: INSERT INTO lessons (date, start_time, end_time, classroom_id, course_id, teacher_id) VALUES ('2021-01-27', '09:20:00', '11:00:00', 14, 10, 12)
Hibernate: INSERT INTO lessons (date, start_time, end_time, classroom_id, course_id, teacher_id) VALUES ('2021-01-27', '11:10:00', '12:50:00', 14, 10, 12)
Hibernate: INSERT INTO lessons (date, start_time, end_time, classroom_id, course_id, teacher_id) VALUES ('2021-01-27', '13:00:00', '14:40:00', 11, 10, 12)
Hibernate: INSERT INTO lessons (date, start_time, end_time, classroom_id, course_id, teacher_id) VALUES ('2021-01-27', '14:50:00', '16:30:00', 13, 10, 12)
Hibernate: INSERT INTO lessons (date, start_time, end_time, classroom_id, course_id, teacher_id) VALUES ('2021-01-27', '16:40:00', '18:20:00', 15, 10, 12)
Hibernate: INSERT INTO lessons (date, start_time, end_time, classroom_id, course_id, teacher_id) VALUES ('2021-01-28', '09:20:00', '11:00:00', 4, 4, 4)
Hibernate: INSERT INTO lessons (date, start_time, end_time, classroom_id, course_id, teacher_id) VALUES ('2021-01-28', '11:10:00', '12:50:00', 1, 4, 4)
Hibernate: INSERT INTO lessons (date, start_time, end_time, classroom_id, course_id, teacher_id) VALUES ('2021-01-28', '13:00:00', '14:40:00', 2, 5, 5)
Hibernate: INSERT INTO lessons (date, start_time, end_time, classroom_id, course_id, teacher_id) VALUES ('2021-01-28', '14:50:00', '16:30:00', 3, 5, 5)
Hibernate: INSERT INTO lessons (date, start_time, end_time, classroom_id, course_id, teacher_id) VALUES ('2021-01-28', '16:40:00', '18:20:00', 4, 1, 1)
Hibernate: INSERT INTO lessons (date, start_time, end_time, classroom_id, course_id, teacher_id) VALUES ('2021-01-28', '09:20:00', '11:00:00', 9, 7, 8)
Hibernate: INSERT INTO lessons (date, start_time, end_time, classroom_id, course_id, teacher_id) VALUES ('2021-01-28', '11:10:00', '12:50:00', 9, 7, 8)
Hibernate: INSERT INTO lessons (date, start_time, end_time, classroom_id, course_id, teacher_id) VALUES ('2021-01-28', '13:00:00', '14:40:00', 6, 7, 9)
Hibernate: INSERT INTO lessons (date, start_time, end_time, classroom_id, course_id, teacher_id) VALUES ('2021-01-28', '14:50:00', '16:30:00', 7, 7, 9)
Hibernate: INSERT INTO lessons (date, start_time, end_time, classroom_id, course_id, teacher_id) VALUES ('2021-01-28', '16:40:00', '18:20:00', 10, 7, 9)
Hibernate: INSERT INTO lessons (date, start_time, end_time, classroom_id, course_id, teacher_id) VALUES ('2021-01-28', '09:20:00', '11:00:00', 14, 8, 10)
Hibernate: INSERT INTO lessons (date, start_time, end_time, classroom_id, course_id, teacher_id) VALUES ('2021-01-28', '11:10:00', '12:50:00', 14, 8, 10)
Hibernate: INSERT INTO lessons (date, start_time, end_time, classroom_id, course_id, teacher_id) VALUES ('2021-01-28', '13:00:00', '14:40:00', 12, 9, 11)
Hibernate: INSERT INTO lessons (date, start_time, end_time, classroom_id, course_id, teacher_id) VALUES ('2021-01-28', '14:50:00', '16:30:00', 12, 10, 12)
Hibernate: INSERT INTO lessons (date, start_time, end_time, classroom_id, course_id, teacher_id) VALUES ('2021-01-28', '16:40:00', '18:20:00', 15, 8, 10)
Hibernate: INSERT INTO lessons (date, start_time, end_time, classroom_id, course_id, teacher_id) VALUES ('2021-01-29', '09:20:00', '11:00:00', 4, 5, 5)
Hibernate: INSERT INTO lessons (date, start_time, end_time, classroom_id, course_id, teacher_id) VALUES ('2021-01-29', '11:10:00', '12:50:00', 1, 5, 5)
Hibernate: INSERT INTO lessons (date, start_time, end_time, classroom_id, course_id, teacher_id) VALUES ('2021-01-29', '13:00:00', '14:40:00', 2, 1, 1)
Hibernate: INSERT INTO lessons (date, start_time, end_time, classroom_id, course_id, teacher_id) VALUES ('2021-01-29', '14:50:00', '16:30:00', 3, 1, 1)
Hibernate: INSERT INTO lessons (date, start_time, end_time, classroom_id, course_id, teacher_id) VALUES ('2021-01-29', '16:40:00', '18:20:00', 4, 2, 2)
Hibernate: INSERT INTO lessons (date, start_time, end_time, classroom_id, course_id, teacher_id) VALUES ('2021-01-29', '09:20:00', '11:00:00', 9, 6, 6)
Hibernate: INSERT INTO lessons (date, start_time, end_time, classroom_id, course_id, teacher_id) VALUES ('2021-01-29', '11:10:00', '12:50:00', 9, 6, 6)
Hibernate: INSERT INTO lessons (date, start_time, end_time, classroom_id, course_id, teacher_id) VALUES ('2021-01-29', '13:00:00', '14:40:00', 6, 6, 7)
Hibernate: INSERT INTO lessons (date, start_time, end_time, classroom_id, course_id, teacher_id) VALUES ('2021-01-29', '14:50:00', '16:30:00', 7, 6, 7)
Hibernate: INSERT INTO lessons (date, start_time, end_time, classroom_id, course_id, teacher_id) VALUES ('2021-01-29', '16:40:00', '18:20:00', 10, 6, 7)
Hibernate: INSERT INTO lessons (date, start_time, end_time, classroom_id, course_id, teacher_id) VALUES ('2021-01-29', '09:20:00', '11:00:00', 14, 9, 11)
Hibernate: INSERT INTO lessons (date, start_time, end_time, classroom_id, course_id, teacher_id) VALUES ('2021-01-29', '11:10:00', '12:50:00', 14, 10, 12)
Hibernate: INSERT INTO lessons (date, start_time, end_time, classroom_id, course_id, teacher_id) VALUES ('2021-01-29', '13:00:00', '14:40:00', 13, 8, 10)
Hibernate: INSERT INTO lessons (date, start_time, end_time, classroom_id, course_id, teacher_id) VALUES ('2021-01-29', '14:50:00', '16:30:00', 15, 9, 11)
Hibernate: INSERT INTO lessons (date, start_time, end_time, classroom_id, course_id, teacher_id) VALUES ('2021-01-29', '16:40:00', '18:20:00', 15, 10, 12)
Hibernate: INSERT INTO lessons (date, start_time, end_time, classroom_id, course_id, teacher_id) VALUES ('2021-02-01', '09:20:00', '11:00:00', 4, 1, 1)
Hibernate: INSERT INTO lessons (date, start_time, end_time, classroom_id, course_id, teacher_id) VALUES ('2021-02-01', '11:10:00', '12:50:00', 1, 1, 1)
Hibernate: INSERT INTO lessons (date, start_time, end_time, classroom_id, course_id, teacher_id) VALUES ('2021-02-01', '13:00:00', '14:40:00', 2, 2, 2)
Hibernate: INSERT INTO lessons (date, start_time, end_time, classroom_id, course_id, teacher_id) VALUES ('2021-02-01', '14:50:00', '16:30:00', 3, 2, 2)
Hibernate: INSERT INTO lessons (date, start_time, end_time, classroom_id, course_id, teacher_id) VALUES ('2021-02-01', '16:40:00', '18:20:00', 4, 3, 3)
Hibernate: INSERT INTO lessons (date, start_time, end_time, classroom_id, course_id, teacher_id) VALUES ('2021-02-01', '09:20:00', '11:00:00', 9, 6, 6)
Hibernate: INSERT INTO lessons (date, start_time, end_time, classroom_id, course_id, teacher_id) VALUES ('2021-02-01', '11:10:00', '12:50:00', 9, 6, 6)
Hibernate: INSERT INTO lessons (date, start_time, end_time, classroom_id, course_id, teacher_id) VALUES ('2021-02-01', '13:00:00', '14:40:00', 6, 6, 7)
Hibernate: INSERT INTO lessons (date, start_time, end_time, classroom_id, course_id, teacher_id) VALUES ('2021-02-01', '14:50:00', '16:30:00', 7, 6, 7)
Hibernate: INSERT INTO lessons (date, start_time, end_time, classroom_id, course_id, teacher_id) VALUES ('2021-02-01', '16:40:00', '18:20:00', 10, 6, 7)
Hibernate: INSERT INTO lessons (date, start_time, end_time, classroom_id, course_id, teacher_id) VALUES ('2021-02-01', '09:20:00', '11:00:00', 14, 8, 10)
Hibernate: INSERT INTO lessons (date, start_time, end_time, classroom_id, course_id, teacher_id) VALUES ('2021-02-01', '11:10:00', '12:50:00', 14, 8, 10)
Hibernate: INSERT INTO lessons (date, start_time, end_time, classroom_id, course_id, teacher_id) VALUES ('2021-02-01', '13:00:00', '14:40:00', 11, 8, 10)
Hibernate: INSERT INTO lessons (date, start_time, end_time, classroom_id, course_id, teacher_id) VALUES ('2021-02-01', '14:50:00', '16:30:00', 13, 8, 10)
Hibernate: INSERT INTO lessons (date, start_time, end_time, classroom_id, course_id, teacher_id) VALUES ('2021-02-01', '16:40:00', '18:20:00', 15, 8, 10)
Hibernate: INSERT INTO lessons (date, start_time, end_time, classroom_id, course_id, teacher_id) VALUES ('2021-02-02', '09:20:00', '11:00:00', 4, 2, 2)
Hibernate: INSERT INTO lessons (date, start_time, end_time, classroom_id, course_id, teacher_id) VALUES ('2021-02-02', '11:10:00', '12:50:00', 1, 2, 2)
Hibernate: INSERT INTO lessons (date, start_time, end_time, classroom_id, course_id, teacher_id) VALUES ('2021-02-02', '13:00:00', '14:40:00', 2, 3, 3)
Hibernate: INSERT INTO lessons (date, start_time, end_time, classroom_id, course_id, teacher_id) VALUES ('2021-02-02', '14:50:00', '16:30:00', 3, 3, 3)
Hibernate: INSERT INTO lessons (date, start_time, end_time, classroom_id, course_id, teacher_id) VALUES ('2021-02-02', '16:40:00', '18:20:00', 4, 4, 4)
Hibernate: INSERT INTO lessons (date, start_time, end_time, classroom_id, course_id, teacher_id) VALUES ('2021-02-02', '09:20:00', '11:00:00', 9, 7, 8)
Hibernate: INSERT INTO lessons (date, start_time, end_time, classroom_id, course_id, teacher_id) VALUES ('2021-02-02', '11:10:00', '12:50:00', 9, 7, 8)
Hibernate: INSERT INTO lessons (date, start_time, end_time, classroom_id, course_id, teacher_id) VALUES ('2021-02-02', '13:00:00', '14:40:00', 6, 7, 9)
Hibernate: INSERT INTO lessons (date, start_time, end_time, classroom_id, course_id, teacher_id) VALUES ('2021-02-02', '14:50:00', '16:30:00', 7, 7, 9)
Hibernate: INSERT INTO lessons (date, start_time, end_time, classroom_id, course_id, teacher_id) VALUES ('2021-02-02', '16:40:00', '18:20:00', 10, 7, 9)
Hibernate: INSERT INTO lessons (date, start_time, end_time, classroom_id, course_id, teacher_id) VALUES ('2021-02-02', '09:20:00', '11:00:00', 14, 9, 11)
Hibernate: INSERT INTO lessons (date, start_time, end_time, classroom_id, course_id, teacher_id) VALUES ('2021-02-02', '11:10:00', '12:50:00', 14, 9, 11)
Hibernate: INSERT INTO lessons (date, start_time, end_time, classroom_id, course_id, teacher_id) VALUES ('2021-02-02', '13:00:00', '14:40:00', 11, 9, 11)
Hibernate: INSERT INTO lessons (date, start_time, end_time, classroom_id, course_id, teacher_id) VALUES ('2021-02-02', '14:50:00', '16:30:00', 13, 9, 11)
Hibernate: INSERT INTO lessons (date, start_time, end_time, classroom_id, course_id, teacher_id) VALUES ('2021-02-02', '16:40:00', '18:20:00', 15, 9, 11)
Hibernate: INSERT INTO lessons (date, start_time, end_time, classroom_id, course_id, teacher_id) VALUES ('2021-02-03', '09:20:00', '11:00:00', 4, 3, 3)
Hibernate: INSERT INTO lessons (date, start_time, end_time, classroom_id, course_id, teacher_id) VALUES ('2021-02-03', '11:10:00', '12:50:00', 1, 3, 3)
Hibernate: INSERT INTO lessons (date, start_time, end_time, classroom_id, course_id, teacher_id) VALUES ('2021-02-03', '13:00:00', '14:40:00', 2, 4, 4)
Hibernate: INSERT INTO lessons (date, start_time, end_time, classroom_id, course_id, teacher_id) VALUES ('2021-02-03', '14:50:00', '16:30:00', 3, 4, 4)
Hibernate: INSERT INTO lessons (date, start_time, end_time, classroom_id, course_id, teacher_id) VALUES ('2021-02-03', '16:40:00', '18:20:00', 4, 5, 5)
Hibernate: INSERT INTO lessons (date, start_time, end_time, classroom_id, course_id, teacher_id) VALUES ('2021-02-03', '09:20:00', '11:00:00', 9, 6, 6)
Hibernate: INSERT INTO lessons (date, start_time, end_time, classroom_id, course_id, teacher_id) VALUES ('2021-02-03', '11:10:00', '12:50:00', 9, 6, 6)
Hibernate: INSERT INTO lessons (date, start_time, end_time, classroom_id, course_id, teacher_id) VALUES ('2021-02-03', '13:00:00', '14:40:00', 6, 6, 7)
Hibernate: INSERT INTO lessons (date, start_time, end_time, classroom_id, course_id, teacher_id) VALUES ('2021-02-03', '14:50:00', '16:30:00', 7, 6, 7)
Hibernate: INSERT INTO lessons (date, start_time, end_time, classroom_id, course_id, teacher_id) VALUES ('2021-02-03', '16:40:00', '18:20:00', 10, 6, 7)
Hibernate: INSERT INTO lessons (date, start_time, end_time, classroom_id, course_id, teacher_id) VALUES ('2021-02-03', '09:20:00', '11:00:00', 14, 10, 12)
Hibernate: INSERT INTO lessons (date, start_time, end_time, classroom_id, course_id, teacher_id) VALUES ('2021-02-03', '11:10:00', '12:50:00', 14, 10, 12)
Hibernate: INSERT INTO lessons (date, start_time, end_time, classroom_id, course_id, teacher_id) VALUES ('2021-02-03', '13:00:00', '14:40:00', 11, 10, 12)
Hibernate: INSERT INTO lessons (date, start_time, end_time, classroom_id, course_id, teacher_id) VALUES ('2021-02-03', '14:50:00', '16:30:00', 13, 10, 12)
Hibernate: INSERT INTO lessons (date, start_time, end_time, classroom_id, course_id, teacher_id) VALUES ('2021-02-03', '16:40:00', '18:20:00', 15, 10, 12)
Hibernate: INSERT INTO lessons (date, start_time, end_time, classroom_id, course_id, teacher_id) VALUES ('2021-02-04', '09:20:00', '11:00:00', 4, 4, 4)
Hibernate: INSERT INTO lessons (date, start_time, end_time, classroom_id, course_id, teacher_id) VALUES ('2021-02-04', '11:10:00', '12:50:00', 1, 4, 4)
Hibernate: INSERT INTO lessons (date, start_time, end_time, classroom_id, course_id, teacher_id) VALUES ('2021-02-04', '13:00:00', '14:40:00', 2, 5, 5)
Hibernate: INSERT INTO lessons (date, start_time, end_time, classroom_id, course_id, teacher_id) VALUES ('2021-02-04', '14:50:00', '16:30:00', 3, 5, 5)
Hibernate: INSERT INTO lessons (date, start_time, end_time, classroom_id, course_id, teacher_id) VALUES ('2021-02-04', '16:40:00', '18:20:00', 4, 1, 1)
Hibernate: INSERT INTO lessons (date, start_time, end_time, classroom_id, course_id, teacher_id) VALUES ('2021-02-04', '09:20:00', '11:00:00', 9, 7, 8)
Hibernate: INSERT INTO lessons (date, start_time, end_time, classroom_id, course_id, teacher_id) VALUES ('2021-02-04', '11:10:00', '12:50:00', 9, 7, 8)
Hibernate: INSERT INTO lessons (date, start_time, end_time, classroom_id, course_id, teacher_id) VALUES ('2021-02-04', '13:00:00', '14:40:00', 6, 7, 9)
Hibernate: INSERT INTO lessons (date, start_time, end_time, classroom_id, course_id, teacher_id) VALUES ('2021-02-04', '14:50:00', '16:30:00', 7, 7, 9)
Hibernate: INSERT INTO lessons (date, start_time, end_time, classroom_id, course_id, teacher_id) VALUES ('2021-02-04', '16:40:00', '18:20:00', 10, 7, 9)
Hibernate: INSERT INTO lessons (date, start_time, end_time, classroom_id, course_id, teacher_id) VALUES ('2021-02-04', '09:20:00', '11:00:00', 14, 8, 10)
Hibernate: INSERT INTO lessons (date, start_time, end_time, classroom_id, course_id, teacher_id) VALUES ('2021-02-04', '11:10:00', '12:50:00', 14, 8, 10)
Hibernate: INSERT INTO lessons (date, start_time, end_time, classroom_id, course_id, teacher_id) VALUES ('2021-02-04', '13:00:00', '14:40:00', 12, 9, 11)
Hibernate: INSERT INTO lessons (date, start_time, end_time, classroom_id, course_id, teacher_id) VALUES ('2021-02-04', '14:50:00', '16:30:00', 12, 10, 12)
Hibernate: INSERT INTO lessons (date, start_time, end_time, classroom_id, course_id, teacher_id) VALUES ('2021-02-04', '16:40:00', '18:20:00', 15, 8, 10)
Hibernate: INSERT INTO lessons (date, start_time, end_time, classroom_id, course_id, teacher_id) VALUES ('2021-02-05', '09:20:00', '11:00:00', 4, 5, 5)
Hibernate: INSERT INTO lessons (date, start_time, end_time, classroom_id, course_id, teacher_id) VALUES ('2021-02-05', '11:10:00', '12:50:00', 1, 5, 5)
Hibernate: INSERT INTO lessons (date, start_time, end_time, classroom_id, course_id, teacher_id) VALUES ('2021-02-05', '13:00:00', '14:40:00', 2, 1, 1)
Hibernate: INSERT INTO lessons (date, start_time, end_time, classroom_id, course_id, teacher_id) VALUES ('2021-02-05', '14:50:00', '16:30:00', 3, 1, 1)
Hibernate: INSERT INTO lessons (date, start_time, end_time, classroom_id, course_id, teacher_id) VALUES ('2021-02-05', '16:40:00', '18:20:00', 4, 2, 2)
Hibernate: INSERT INTO lessons (date, start_time, end_time, classroom_id, course_id, teacher_id) VALUES ('2021-02-05', '09:20:00', '11:00:00', 9, 6, 6)
Hibernate: INSERT INTO lessons (date, start_time, end_time, classroom_id, course_id, teacher_id) VALUES ('2021-02-05', '11:10:00', '12:50:00', 9, 6, 6)
Hibernate: INSERT INTO lessons (date, start_time, end_time, classroom_id, course_id, teacher_id) VALUES ('2021-02-05', '13:00:00', '14:40:00', 6, 6, 7)
Hibernate: INSERT INTO lessons (date, start_time, end_time, classroom_id, course_id, teacher_id) VALUES ('2021-02-05', '14:50:00', '16:30:00', 7, 6, 7)
Hibernate: INSERT INTO lessons (date, start_time, end_time, classroom_id, course_id, teacher_id) VALUES ('2021-02-05', '16:40:00', '18:20:00', 10, 6, 7)
Hibernate: INSERT INTO lessons (date, start_time, end_time, classroom_id, course_id, teacher_id) VALUES ('2021-02-05', '09:20:00', '11:00:00', 14, 9, 11)
Hibernate: INSERT INTO lessons (date, start_time, end_time, classroom_id, course_id, teacher_id) VALUES ('2021-02-05', '11:10:00', '12:50:00', 14, 10, 12)
Hibernate: INSERT INTO lessons (date, start_time, end_time, classroom_id, course_id, teacher_id) VALUES ('2021-02-05', '13:00:00', '14:40:00', 13, 8, 10)
Hibernate: INSERT INTO lessons (date, start_time, end_time, classroom_id, course_id, teacher_id) VALUES ('2021-02-05', '14:50:00', '16:30:00', 15, 9, 11)
Hibernate: INSERT INTO lessons (date, start_time, end_time, classroom_id, course_id, teacher_id) VALUES ('2021-02-05', '16:40:00', '18:20:00', 15, 10, 12)
Hibernate: INSERT INTO lessons (date, start_time, end_time, classroom_id, course_id, teacher_id) VALUES ('2021-02-08', '09:20:00', '11:00:00', 4, 1, 1)
Hibernate: INSERT INTO lessons (date, start_time, end_time, classroom_id, course_id, teacher_id) VALUES ('2021-02-08', '11:10:00', '12:50:00', 1, 1, 1)
Hibernate: INSERT INTO lessons (date, start_time, end_time, classroom_id, course_id, teacher_id) VALUES ('2021-02-08', '13:00:00', '14:40:00', 2, 2, 2)
Hibernate: INSERT INTO lessons (date, start_time, end_time, classroom_id, course_id, teacher_id) VALUES ('2021-02-08', '14:50:00', '16:30:00', 3, 2, 2)
Hibernate: INSERT INTO lessons (date, start_time, end_time, classroom_id, course_id, teacher_id) VALUES ('2021-02-08', '16:40:00', '18:20:00', 4, 3, 3)
Hibernate: INSERT INTO lessons (date, start_time, end_time, classroom_id, course_id, teacher_id) VALUES ('2021-02-08', '09:20:00', '11:00:00', 9, 6, 6)
Hibernate: INSERT INTO lessons (date, start_time, end_time, classroom_id, course_id, teacher_id) VALUES ('2021-02-08', '11:10:00', '12:50:00', 9, 6, 6)
Hibernate: INSERT INTO lessons (date, start_time, end_time, classroom_id, course_id, teacher_id) VALUES ('2021-02-08', '13:00:00', '14:40:00', 6, 6, 7)
Hibernate: INSERT INTO lessons (date, start_time, end_time, classroom_id, course_id, teacher_id) VALUES ('2021-02-08', '14:50:00', '16:30:00', 7, 6, 7)
Hibernate: INSERT INTO lessons (date, start_time, end_time, classroom_id, course_id, teacher_id) VALUES ('2021-02-08', '16:40:00', '18:20:00', 10, 6, 7)
Hibernate: INSERT INTO lessons (date, start_time, end_time, classroom_id, course_id, teacher_id) VALUES ('2021-02-08', '09:20:00', '11:00:00', 14, 8, 10)
Hibernate: INSERT INTO lessons (date, start_time, end_time, classroom_id, course_id, teacher_id) VALUES ('2021-02-08', '11:10:00', '12:50:00', 14, 8, 10)
Hibernate: INSERT INTO lessons (date, start_time, end_time, classroom_id, course_id, teacher_id) VALUES ('2021-02-08', '13:00:00', '14:40:00', 11, 8, 10)
Hibernate: INSERT INTO lessons (date, start_time, end_time, classroom_id, course_id, teacher_id) VALUES ('2021-02-08', '14:50:00', '16:30:00', 13, 8, 10)
Hibernate: INSERT INTO lessons (date, start_time, end_time, classroom_id, course_id, teacher_id) VALUES ('2021-02-08', '16:40:00', '18:20:00', 15, 8, 10)
Hibernate: INSERT INTO lessons (date, start_time, end_time, classroom_id, course_id, teacher_id) VALUES ('2021-02-09', '09:20:00', '11:00:00', 4, 2, 2)
Hibernate: INSERT INTO lessons (date, start_time, end_time, classroom_id, course_id, teacher_id) VALUES ('2021-02-09', '11:10:00', '12:50:00', 1, 2, 2)
Hibernate: INSERT INTO lessons (date, start_time, end_time, classroom_id, course_id, teacher_id) VALUES ('2021-02-09', '13:00:00', '14:40:00', 2, 3, 3)
Hibernate: INSERT INTO lessons (date, start_time, end_time, classroom_id, course_id, teacher_id) VALUES ('2021-02-09', '14:50:00', '16:30:00', 3, 3, 3)
Hibernate: INSERT INTO lessons (date, start_time, end_time, classroom_id, course_id, teacher_id) VALUES ('2021-02-09', '16:40:00', '18:20:00', 4, 4, 4)
Hibernate: INSERT INTO lessons (date, start_time, end_time, classroom_id, course_id, teacher_id) VALUES ('2021-02-09', '09:20:00', '11:00:00', 9, 7, 8)
Hibernate: INSERT INTO lessons (date, start_time, end_time, classroom_id, course_id, teacher_id) VALUES ('2021-02-09', '11:10:00', '12:50:00', 9, 7, 8)
Hibernate: INSERT INTO lessons (date, start_time, end_time, classroom_id, course_id, teacher_id) VALUES ('2021-02-09', '13:00:00', '14:40:00', 6, 7, 9)
Hibernate: INSERT INTO lessons (date, start_time, end_time, classroom_id, course_id, teacher_id) VALUES ('2021-02-09', '14:50:00', '16:30:00', 7, 7, 9)
Hibernate: INSERT INTO lessons (date, start_time, end_time, classroom_id, course_id, teacher_id) VALUES ('2021-02-09', '16:40:00', '18:20:00', 10, 7, 9)
Hibernate: INSERT INTO lessons (date, start_time, end_time, classroom_id, course_id, teacher_id) VALUES ('2021-02-09', '09:20:00', '11:00:00', 14, 9, 11)
Hibernate: INSERT INTO lessons (date, start_time, end_time, classroom_id, course_id, teacher_id) VALUES ('2021-02-09', '11:10:00', '12:50:00', 14, 9, 11)
Hibernate: INSERT INTO lessons (date, start_time, end_time, classroom_id, course_id, teacher_id) VALUES ('2021-02-09', '13:00:00', '14:40:00', 11, 9, 11)
Hibernate: INSERT INTO lessons (date, start_time, end_time, classroom_id, course_id, teacher_id) VALUES ('2021-02-09', '14:50:00', '16:30:00', 13, 9, 11)
Hibernate: INSERT INTO lessons (date, start_time, end_time, classroom_id, course_id, teacher_id) VALUES ('2021-02-09', '16:40:00', '18:20:00', 15, 9, 11)
Hibernate: INSERT INTO lessons (date, start_time, end_time, classroom_id, course_id, teacher_id) VALUES ('2021-02-10', '09:20:00', '11:00:00', 4, 3, 3)
Hibernate: INSERT INTO lessons (date, start_time, end_time, classroom_id, course_id, teacher_id) VALUES ('2021-02-10', '11:10:00', '12:50:00', 1, 3, 3)
Hibernate: INSERT INTO lessons (date, start_time, end_time, classroom_id, course_id, teacher_id) VALUES ('2021-02-10', '13:00:00', '14:40:00', 2, 4, 4)
Hibernate: INSERT INTO lessons (date, start_time, end_time, classroom_id, course_id, teacher_id) VALUES ('2021-02-10', '14:50:00', '16:30:00', 3, 4, 4)
Hibernate: INSERT INTO lessons (date, start_time, end_time, classroom_id, course_id, teacher_id) VALUES ('2021-02-10', '16:40:00', '18:20:00', 4, 5, 5)
Hibernate: INSERT INTO lessons (date, start_time, end_time, classroom_id, course_id, teacher_id) VALUES ('2021-02-10', '09:20:00', '11:00:00', 9, 6, 6)
Hibernate: INSERT INTO lessons (date, start_time, end_time, classroom_id, course_id, teacher_id) VALUES ('2021-02-10', '11:10:00', '12:50:00', 9, 6, 6)
Hibernate: INSERT INTO lessons (date, start_time, end_time, classroom_id, course_id, teacher_id) VALUES ('2021-02-10', '13:00:00', '14:40:00', 6, 6, 7)
Hibernate: INSERT INTO lessons (date, start_time, end_time, classroom_id, course_id, teacher_id) VALUES ('2021-02-10', '14:50:00', '16:30:00', 7, 6, 7)
Hibernate: INSERT INTO lessons (date, start_time, end_time, classroom_id, course_id, teacher_id) VALUES ('2021-02-10', '16:40:00', '18:20:00', 10, 6, 7)
Hibernate: INSERT INTO lessons (date, start_time, end_time, classroom_id, course_id, teacher_id) VALUES ('2021-02-10', '09:20:00', '11:00:00', 14, 10, 12)
Hibernate: INSERT INTO lessons (date, start_time, end_time, classroom_id, course_id, teacher_id) VALUES ('2021-02-10', '11:10:00', '12:50:00', 14, 10, 12)
Hibernate: INSERT INTO lessons (date, start_time, end_time, classroom_id, course_id, teacher_id) VALUES ('2021-02-10', '13:00:00', '14:40:00', 11, 10, 12)
Hibernate: INSERT INTO lessons (date, start_time, end_time, classroom_id, course_id, teacher_id) VALUES ('2021-02-10', '14:50:00', '16:30:00', 13, 10, 12)
Hibernate: INSERT INTO lessons (date, start_time, end_time, classroom_id, course_id, teacher_id) VALUES ('2021-02-10', '16:40:00', '18:20:00', 15, 10, 12)
Hibernate: INSERT INTO lessons (date, start_time, end_time, classroom_id, course_id, teacher_id) VALUES ('2021-02-11', '09:20:00', '11:00:00', 4, 4, 4)
Hibernate: INSERT INTO lessons (date, start_time, end_time, classroom_id, course_id, teacher_id) VALUES ('2021-02-11', '11:10:00', '12:50:00', 1, 4, 4)
Hibernate: INSERT INTO lessons (date, start_time, end_time, classroom_id, course_id, teacher_id) VALUES ('2021-02-11', '13:00:00', '14:40:00', 2, 5, 5)
Hibernate: INSERT INTO lessons (date, start_time, end_time, classroom_id, course_id, teacher_id) VALUES ('2021-02-11', '14:50:00', '16:30:00', 3, 5, 5)
Hibernate: INSERT INTO lessons (date, start_time, end_time, classroom_id, course_id, teacher_id) VALUES ('2021-02-11', '16:40:00', '18:20:00', 4, 1, 1)
Hibernate: INSERT INTO lessons (date, start_time, end_time, classroom_id, course_id, teacher_id) VALUES ('2021-02-11', '09:20:00', '11:00:00', 9, 7, 8)
Hibernate: INSERT INTO lessons (date, start_time, end_time, classroom_id, course_id, teacher_id) VALUES ('2021-02-11', '11:10:00', '12:50:00', 9, 7, 8)
Hibernate: INSERT INTO lessons (date, start_time, end_time, classroom_id, course_id, teacher_id) VALUES ('2021-02-11', '13:00:00', '14:40:00', 6, 7, 9)
Hibernate: INSERT INTO lessons (date, start_time, end_time, classroom_id, course_id, teacher_id) VALUES ('2021-02-11', '14:50:00', '16:30:00', 7, 7, 9)
Hibernate: INSERT INTO lessons (date, start_time, end_time, classroom_id, course_id, teacher_id) VALUES ('2021-02-11', '16:40:00', '18:20:00', 10, 7, 9)
Hibernate: INSERT INTO lessons (date, start_time, end_time, classroom_id, course_id, teacher_id) VALUES ('2021-02-11', '09:20:00', '11:00:00', 14, 8, 10)
Hibernate: INSERT INTO lessons (date, start_time, end_time, classroom_id, course_id, teacher_id) VALUES ('2021-02-11', '11:10:00', '12:50:00', 14, 8, 10)
Hibernate: INSERT INTO lessons (date, start_time, end_time, classroom_id, course_id, teacher_id) VALUES ('2021-02-11', '13:00:00', '14:40:00', 12, 9, 11)
Hibernate: INSERT INTO lessons (date, start_time, end_time, classroom_id, course_id, teacher_id) VALUES ('2021-02-11', '14:50:00', '16:30:00', 12, 10, 12)
Hibernate: INSERT INTO lessons (date, start_time, end_time, classroom_id, course_id, teacher_id) VALUES ('2021-02-11', '16:40:00', '18:20:00', 15, 8, 10)
Hibernate: INSERT INTO lessons (date, start_time, end_time, classroom_id, course_id, teacher_id) VALUES ('2021-02-12', '09:20:00', '11:00:00', 4, 5, 5)
Hibernate: INSERT INTO lessons (date, start_time, end_time, classroom_id, course_id, teacher_id) VALUES ('2021-02-12', '11:10:00', '12:50:00', 1, 5, 5)
Hibernate: INSERT INTO lessons (date, start_time, end_time, classroom_id, course_id, teacher_id) VALUES ('2021-02-12', '13:00:00', '14:40:00', 2, 1, 1)
Hibernate: INSERT INTO lessons (date, start_time, end_time, classroom_id, course_id, teacher_id) VALUES ('2021-02-12', '14:50:00', '16:30:00', 3, 1, 1)
Hibernate: INSERT INTO lessons (date, start_time, end_time, classroom_id, course_id, teacher_id) VALUES ('2021-02-12', '16:40:00', '18:20:00', 4, 2, 2)
Hibernate: INSERT INTO lessons (date, start_time, end_time, classroom_id, course_id, teacher_id) VALUES ('2021-02-12', '09:20:00', '11:00:00', 9, 6, 6)
Hibernate: INSERT INTO lessons (date, start_time, end_time, classroom_id, course_id, teacher_id) VALUES ('2021-02-12', '11:10:00', '12:50:00', 9, 6, 6)
Hibernate: INSERT INTO lessons (date, start_time, end_time, classroom_id, course_id, teacher_id) VALUES ('2021-02-12', '13:00:00', '14:40:00', 6, 6, 7)
Hibernate: INSERT INTO lessons (date, start_time, end_time, classroom_id, course_id, teacher_id) VALUES ('2021-02-12', '14:50:00', '16:30:00', 7, 6, 7)
Hibernate: INSERT INTO lessons (date, start_time, end_time, classroom_id, course_id, teacher_id) VALUES ('2021-02-12', '16:40:00', '18:20:00', 10, 6, 7)
Hibernate: INSERT INTO lessons (date, start_time, end_time, classroom_id, course_id, teacher_id) VALUES ('2021-02-12', '09:20:00', '11:00:00', 14, 9, 11)
Hibernate: INSERT INTO lessons (date, start_time, end_time, classroom_id, course_id, teacher_id) VALUES ('2021-02-12', '11:10:00', '12:50:00', 14, 10, 12)
Hibernate: INSERT INTO lessons (date, start_time, end_time, classroom_id, course_id, teacher_id) VALUES ('2021-02-12', '13:00:00', '14:40:00', 13, 8, 10)
Hibernate: INSERT INTO lessons (date, start_time, end_time, classroom_id, course_id, teacher_id) VALUES ('2021-02-12', '14:50:00', '16:30:00', 15, 9, 11)
Hibernate: INSERT INTO lessons (date, start_time, end_time, classroom_id, course_id, teacher_id) VALUES ('2021-02-12', '16:40:00', '18:20:00', 15, 10, 12)
Hibernate: INSERT INTO lessons (date, start_time, end_time, classroom_id, course_id, teacher_id) VALUES ('2021-02-15', '09:20:00', '11:00:00', 4, 1, 1)
Hibernate: INSERT INTO lessons (date, start_time, end_time, classroom_id, course_id, teacher_id) VALUES ('2021-02-15', '11:10:00', '12:50:00', 1, 1, 1)
Hibernate: INSERT INTO lessons (date, start_time, end_time, classroom_id, course_id, teacher_id) VALUES ('2021-02-15', '13:00:00', '14:40:00', 2, 2, 2)
Hibernate: INSERT INTO lessons (date, start_time, end_time, classroom_id, course_id, teacher_id) VALUES ('2021-02-15', '14:50:00', '16:30:00', 3, 2, 2)
Hibernate: INSERT INTO lessons (date, start_time, end_time, classroom_id, course_id, teacher_id) VALUES ('2021-02-15', '16:40:00', '18:20:00', 4, 3, 3)
Hibernate: INSERT INTO lessons (date, start_time, end_time, classroom_id, course_id, teacher_id) VALUES ('2021-02-15', '09:20:00', '11:00:00', 9, 6, 6)
Hibernate: INSERT INTO lessons (date, start_time, end_time, classroom_id, course_id, teacher_id) VALUES ('2021-02-15', '11:10:00', '12:50:00', 9, 6, 6)
Hibernate: INSERT INTO lessons (date, start_time, end_time, classroom_id, course_id, teacher_id) VALUES ('2021-02-15', '13:00:00', '14:40:00', 6, 6, 7)
Hibernate: INSERT INTO lessons (date, start_time, end_time, classroom_id, course_id, teacher_id) VALUES ('2021-02-15', '14:50:00', '16:30:00', 7, 6, 7)
Hibernate: INSERT INTO lessons (date, start_time, end_time, classroom_id, course_id, teacher_id) VALUES ('2021-02-15', '16:40:00', '18:20:00', 10, 6, 7)
Hibernate: INSERT INTO lessons (date, start_time, end_time, classroom_id, course_id, teacher_id) VALUES ('2021-02-15', '09:20:00', '11:00:00', 14, 8, 10)
Hibernate: INSERT INTO lessons (date, start_time, end_time, classroom_id, course_id, teacher_id) VALUES ('2021-02-15', '11:10:00', '12:50:00', 14, 8, 10)
Hibernate: INSERT INTO lessons (date, start_time, end_time, classroom_id, course_id, teacher_id) VALUES ('2021-02-15', '13:00:00', '14:40:00', 11, 8, 10)
Hibernate: INSERT INTO lessons (date, start_time, end_time, classroom_id, course_id, teacher_id) VALUES ('2021-02-15', '14:50:00', '16:30:00', 13, 8, 10)
Hibernate: INSERT INTO lessons (date, start_time, end_time, classroom_id, course_id, teacher_id) VALUES ('2021-02-15', '16:40:00', '18:20:00', 15, 8, 10)
Hibernate: INSERT INTO lessons (date, start_time, end_time, classroom_id, course_id, teacher_id) VALUES ('2021-02-16', '09:20:00', '11:00:00', 4, 2, 2)
Hibernate: INSERT INTO lessons (date, start_time, end_time, classroom_id, course_id, teacher_id) VALUES ('2021-02-16', '11:10:00', '12:50:00', 1, 2, 2)
Hibernate: INSERT INTO lessons (date, start_time, end_time, classroom_id, course_id, teacher_id) VALUES ('2021-02-16', '13:00:00', '14:40:00', 2, 3, 3)
Hibernate: INSERT INTO lessons (date, start_time, end_time, classroom_id, course_id, teacher_id) VALUES ('2021-02-16', '14:50:00', '16:30:00', 3, 3, 3)
Hibernate: INSERT INTO lessons (date, start_time, end_time, classroom_id, course_id, teacher_id) VALUES ('2021-02-16', '16:40:00', '18:20:00', 4, 4, 4)
Hibernate: INSERT INTO lessons (date, start_time, end_time, classroom_id, course_id, teacher_id) VALUES ('2021-02-16', '09:20:00', '11:00:00', 9, 7, 8)
Hibernate: INSERT INTO lessons (date, start_time, end_time, classroom_id, course_id, teacher_id) VALUES ('2021-02-16', '11:10:00', '12:50:00', 9, 7, 8)
Hibernate: INSERT INTO lessons (date, start_time, end_time, classroom_id, course_id, teacher_id) VALUES ('2021-02-16', '13:00:00', '14:40:00', 6, 7, 9)
Hibernate: INSERT INTO lessons (date, start_time, end_time, classroom_id, course_id, teacher_id) VALUES ('2021-02-16', '14:50:00', '16:30:00', 7, 7, 9)
Hibernate: INSERT INTO lessons (date, start_time, end_time, classroom_id, course_id, teacher_id) VALUES ('2021-02-16', '16:40:00', '18:20:00', 10, 7, 9)
Hibernate: INSERT INTO lessons (date, start_time, end_time, classroom_id, course_id, teacher_id) VALUES ('2021-02-16', '09:20:00', '11:00:00', 14, 9, 11)
Hibernate: INSERT INTO lessons (date, start_time, end_time, classroom_id, course_id, teacher_id) VALUES ('2021-02-16', '11:10:00', '12:50:00', 14, 9, 11)
Hibernate: INSERT INTO lessons (date, start_time, end_time, classroom_id, course_id, teacher_id) VALUES ('2021-02-16', '13:00:00', '14:40:00', 11, 9, 11)
Hibernate: INSERT INTO lessons (date, start_time, end_time, classroom_id, course_id, teacher_id) VALUES ('2021-02-16', '14:50:00', '16:30:00', 13, 9, 11)
Hibernate: INSERT INTO lessons (date, start_time, end_time, classroom_id, course_id, teacher_id) VALUES ('2021-02-16', '16:40:00', '18:20:00', 15, 9, 11)
Hibernate: INSERT INTO lessons (date, start_time, end_time, classroom_id, course_id, teacher_id) VALUES ('2021-02-17', '09:20:00', '11:00:00', 4, 3, 3)
Hibernate: INSERT INTO lessons (date, start_time, end_time, classroom_id, course_id, teacher_id) VALUES ('2021-02-17', '11:10:00', '12:50:00', 1, 3, 3)
Hibernate: INSERT INTO lessons (date, start_time, end_time, classroom_id, course_id, teacher_id) VALUES ('2021-02-17', '13:00:00', '14:40:00', 2, 4, 4)
Hibernate: INSERT INTO lessons (date, start_time, end_time, classroom_id, course_id, teacher_id) VALUES ('2021-02-17', '14:50:00', '16:30:00', 3, 4, 4)
Hibernate: INSERT INTO lessons (date, start_time, end_time, classroom_id, course_id, teacher_id) VALUES ('2021-02-17', '16:40:00', '18:20:00', 4, 5, 5)
Hibernate: INSERT INTO lessons (date, start_time, end_time, classroom_id, course_id, teacher_id) VALUES ('2021-02-17', '09:20:00', '11:00:00', 9, 6, 6)
Hibernate: INSERT INTO lessons (date, start_time, end_time, classroom_id, course_id, teacher_id) VALUES ('2021-02-17', '11:10:00', '12:50:00', 9, 6, 6)
Hibernate: INSERT INTO lessons (date, start_time, end_time, classroom_id, course_id, teacher_id) VALUES ('2021-02-17', '13:00:00', '14:40:00', 6, 6, 7)
Hibernate: INSERT INTO lessons (date, start_time, end_time, classroom_id, course_id, teacher_id) VALUES ('2021-02-17', '14:50:00', '16:30:00', 7, 6, 7)
Hibernate: INSERT INTO lessons (date, start_time, end_time, classroom_id, course_id, teacher_id) VALUES ('2021-02-17', '16:40:00', '18:20:00', 10, 6, 7)
Hibernate: INSERT INTO lessons (date, start_time, end_time, classroom_id, course_id, teacher_id) VALUES ('2021-02-17', '09:20:00', '11:00:00', 14, 10, 12)
Hibernate: INSERT INTO lessons (date, start_time, end_time, classroom_id, course_id, teacher_id) VALUES ('2021-02-17', '11:10:00', '12:50:00', 14, 10, 12)
Hibernate: INSERT INTO lessons (date, start_time, end_time, classroom_id, course_id, teacher_id) VALUES ('2021-02-17', '13:00:00', '14:40:00', 11, 10, 12)
Hibernate: INSERT INTO lessons (date, start_time, end_time, classroom_id, course_id, teacher_id) VALUES ('2021-02-17', '14:50:00', '16:30:00', 13, 10, 12)
Hibernate: INSERT INTO lessons (date, start_time, end_time, classroom_id, course_id, teacher_id) VALUES ('2021-02-17', '16:40:00', '18:20:00', 15, 10, 12)
Hibernate: INSERT INTO lessons (date, start_time, end_time, classroom_id, course_id, teacher_id) VALUES ('2021-02-18', '09:20:00', '11:00:00', 4, 4, 4)
Hibernate: INSERT INTO lessons (date, start_time, end_time, classroom_id, course_id, teacher_id) VALUES ('2021-02-18', '11:10:00', '12:50:00', 1, 4, 4)
Hibernate: INSERT INTO lessons (date, start_time, end_time, classroom_id, course_id, teacher_id) VALUES ('2021-02-18', '13:00:00', '14:40:00', 2, 5, 5)
Hibernate: INSERT INTO lessons (date, start_time, end_time, classroom_id, course_id, teacher_id) VALUES ('2021-02-18', '14:50:00', '16:30:00', 3, 5, 5)
Hibernate: INSERT INTO lessons (date, start_time, end_time, classroom_id, course_id, teacher_id) VALUES ('2021-02-18', '16:40:00', '18:20:00', 4, 1, 1)
Hibernate: INSERT INTO lessons (date, start_time, end_time, classroom_id, course_id, teacher_id) VALUES ('2021-02-18', '09:20:00', '11:00:00', 9, 7, 8)
Hibernate: INSERT INTO lessons (date, start_time, end_time, classroom_id, course_id, teacher_id) VALUES ('2021-02-18', '11:10:00', '12:50:00', 9, 7, 8)
Hibernate: INSERT INTO lessons (date, start_time, end_time, classroom_id, course_id, teacher_id) VALUES ('2021-02-18', '13:00:00', '14:40:00', 6, 7, 9)
Hibernate: INSERT INTO lessons (date, start_time, end_time, classroom_id, course_id, teacher_id) VALUES ('2021-02-18', '14:50:00', '16:30:00', 7, 7, 9)
Hibernate: INSERT INTO lessons (date, start_time, end_time, classroom_id, course_id, teacher_id) VALUES ('2021-02-18', '16:40:00', '18:20:00', 10, 7, 9)
Hibernate: INSERT INTO lessons (date, start_time, end_time, classroom_id, course_id, teacher_id) VALUES ('2021-02-18', '09:20:00', '11:00:00', 14, 8, 10)
Hibernate: INSERT INTO lessons (date, start_time, end_time, classroom_id, course_id, teacher_id) VALUES ('2021-02-18', '11:10:00', '12:50:00', 14, 8, 10)
Hibernate: INSERT INTO lessons (date, start_time, end_time, classroom_id, course_id, teacher_id) VALUES ('2021-02-18', '13:00:00', '14:40:00', 12, 9, 11)
Hibernate: INSERT INTO lessons (date, start_time, end_time, classroom_id, course_id, teacher_id) VALUES ('2021-02-18', '14:50:00', '16:30:00', 12, 10, 12)
Hibernate: INSERT INTO lessons (date, start_time, end_time, classroom_id, course_id, teacher_id) VALUES ('2021-02-18', '16:40:00', '18:20:00', 15, 8, 10)
Hibernate: INSERT INTO lessons (date, start_time, end_time, classroom_id, course_id, teacher_id) VALUES ('2021-02-19', '09:20:00', '11:00:00', 4, 5, 5)
Hibernate: INSERT INTO lessons (date, start_time, end_time, classroom_id, course_id, teacher_id) VALUES ('2021-02-19', '11:10:00', '12:50:00', 1, 5, 5)
Hibernate: INSERT INTO lessons (date, start_time, end_time, classroom_id, course_id, teacher_id) VALUES ('2021-02-19', '13:00:00', '14:40:00', 2, 1, 1)
Hibernate: INSERT INTO lessons (date, start_time, end_time, classroom_id, course_id, teacher_id) VALUES ('2021-02-19', '14:50:00', '16:30:00', 3, 1, 1)
Hibernate: INSERT INTO lessons (date, start_time, end_time, classroom_id, course_id, teacher_id) VALUES ('2021-02-19', '16:40:00', '18:20:00', 4, 2, 2)
Hibernate: INSERT INTO lessons (date, start_time, end_time, classroom_id, course_id, teacher_id) VALUES ('2021-02-19', '09:20:00', '11:00:00', 9, 6, 6)
Hibernate: INSERT INTO lessons (date, start_time, end_time, classroom_id, course_id, teacher_id) VALUES ('2021-02-19', '11:10:00', '12:50:00', 9, 6, 6)
Hibernate: INSERT INTO lessons (date, start_time, end_time, classroom_id, course_id, teacher_id) VALUES ('2021-02-19', '13:00:00', '14:40:00', 6, 6, 7)
Hibernate: INSERT INTO lessons (date, start_time, end_time, classroom_id, course_id, teacher_id) VALUES ('2021-02-19', '14:50:00', '16:30:00', 7, 6, 7)
Hibernate: INSERT INTO lessons (date, start_time, end_time, classroom_id, course_id, teacher_id) VALUES ('2021-02-19', '16:40:00', '18:20:00', 10, 6, 7)
Hibernate: INSERT INTO lessons (date, start_time, end_time, classroom_id, course_id, teacher_id) VALUES ('2021-02-19', '09:20:00', '11:00:00', 14, 9, 11)
Hibernate: INSERT INTO lessons (date, start_time, end_time, classroom_id, course_id, teacher_id) VALUES ('2021-02-19', '11:10:00', '12:50:00', 14, 10, 12)
Hibernate: INSERT INTO lessons (date, start_time, end_time, classroom_id, course_id, teacher_id) VALUES ('2021-02-19', '13:00:00', '14:40:00', 13, 8, 10)
Hibernate: INSERT INTO lessons (date, start_time, end_time, classroom_id, course_id, teacher_id) VALUES ('2021-02-19', '14:50:00', '16:30:00', 15, 9, 11)
Hibernate: INSERT INTO lessons (date, start_time, end_time, classroom_id, course_id, teacher_id) VALUES ('2021-02-19', '16:40:00', '18:20:00', 15, 10, 12)
Hibernate: INSERT INTO lessons (date, start_time, end_time, classroom_id, course_id, teacher_id) VALUES ('2021-02-22', '09:20:00', '11:00:00', 4, 1, 1)
Hibernate: INSERT INTO lessons (date, start_time, end_time, classroom_id, course_id, teacher_id) VALUES ('2021-02-22', '11:10:00', '12:50:00', 1, 1, 1)
Hibernate: INSERT INTO lessons (date, start_time, end_time, classroom_id, course_id, teacher_id) VALUES ('2021-02-22', '13:00:00', '14:40:00', 2, 2, 2)
Hibernate: INSERT INTO lessons (date, start_time, end_time, classroom_id, course_id, teacher_id) VALUES ('2021-02-22', '14:50:00', '16:30:00', 3, 2, 2)
Hibernate: INSERT INTO lessons (date, start_time, end_time, classroom_id, course_id, teacher_id) VALUES ('2021-02-22', '16:40:00', '18:20:00', 4, 3, 3)
Hibernate: INSERT INTO lessons (date, start_time, end_time, classroom_id, course_id, teacher_id) VALUES ('2021-02-22', '09:20:00', '11:00:00', 9, 6, 6)
Hibernate: INSERT INTO lessons (date, start_time, end_time, classroom_id, course_id, teacher_id) VALUES ('2021-02-22', '11:10:00', '12:50:00', 9, 6, 6)
Hibernate: INSERT INTO lessons (date, start_time, end_time, classroom_id, course_id, teacher_id) VALUES ('2021-02-22', '13:00:00', '14:40:00', 6, 6, 7)
Hibernate: INSERT INTO lessons (date, start_time, end_time, classroom_id, course_id, teacher_id) VALUES ('2021-02-22', '14:50:00', '16:30:00', 7, 6, 7)
Hibernate: INSERT INTO lessons (date, start_time, end_time, classroom_id, course_id, teacher_id) VALUES ('2021-02-22', '16:40:00', '18:20:00', 10, 6, 7)
Hibernate: INSERT INTO lessons (date, start_time, end_time, classroom_id, course_id, teacher_id) VALUES ('2021-02-22', '09:20:00', '11:00:00', 14, 8, 10)
Hibernate: INSERT INTO lessons (date, start_time, end_time, classroom_id, course_id, teacher_id) VALUES ('2021-02-22', '11:10:00', '12:50:00', 14, 8, 10)
Hibernate: INSERT INTO lessons (date, start_time, end_time, classroom_id, course_id, teacher_id) VALUES ('2021-02-22', '13:00:00', '14:40:00', 11, 8, 10)
Hibernate: INSERT INTO lessons (date, start_time, end_time, classroom_id, course_id, teacher_id) VALUES ('2021-02-22', '14:50:00', '16:30:00', 13, 8, 10)
Hibernate: INSERT INTO lessons (date, start_time, end_time, classroom_id, course_id, teacher_id) VALUES ('2021-02-22', '16:40:00', '18:20:00', 15, 8, 10)
Hibernate: INSERT INTO lessons (date, start_time, end_time, classroom_id, course_id, teacher_id) VALUES ('2021-02-23', '09:20:00', '11:00:00', 4, 2, 2)
Hibernate: INSERT INTO lessons (date, start_time, end_time, classroom_id, course_id, teacher_id) VALUES ('2021-02-23', '11:10:00', '12:50:00', 1, 2, 2)
Hibernate: INSERT INTO lessons (date, start_time, end_time, classroom_id, course_id, teacher_id) VALUES ('2021-02-23', '13:00:00', '14:40:00', 2, 3, 3)
Hibernate: INSERT INTO lessons (date, start_time, end_time, classroom_id, course_id, teacher_id) VALUES ('2021-02-23', '14:50:00', '16:30:00', 3, 3, 3)
Hibernate: INSERT INTO lessons (date, start_time, end_time, classroom_id, course_id, teacher_id) VALUES ('2021-02-23', '16:40:00', '18:20:00', 4, 4, 4)
Hibernate: INSERT INTO lessons (date, start_time, end_time, classroom_id, course_id, teacher_id) VALUES ('2021-02-23', '09:20:00', '11:00:00', 9, 7, 8)
Hibernate: INSERT INTO lessons (date, start_time, end_time, classroom_id, course_id, teacher_id) VALUES ('2021-02-23', '11:10:00', '12:50:00', 9, 7, 8)
Hibernate: INSERT INTO lessons (date, start_time, end_time, classroom_id, course_id, teacher_id) VALUES ('2021-02-23', '13:00:00', '14:40:00', 6, 7, 9)
Hibernate: INSERT INTO lessons (date, start_time, end_time, classroom_id, course_id, teacher_id) VALUES ('2021-02-23', '14:50:00', '16:30:00', 7, 7, 9)
Hibernate: INSERT INTO lessons (date, start_time, end_time, classroom_id, course_id, teacher_id) VALUES ('2021-02-23', '16:40:00', '18:20:00', 10, 7, 9)
Hibernate: INSERT INTO lessons (date, start_time, end_time, classroom_id, course_id, teacher_id) VALUES ('2021-02-23', '09:20:00', '11:00:00', 14, 9, 11)
Hibernate: INSERT INTO lessons (date, start_time, end_time, classroom_id, course_id, teacher_id) VALUES ('2021-02-23', '11:10:00', '12:50:00', 14, 9, 11)
Hibernate: INSERT INTO lessons (date, start_time, end_time, classroom_id, course_id, teacher_id) VALUES ('2021-02-23', '13:00:00', '14:40:00', 11, 9, 11)
Hibernate: INSERT INTO lessons (date, start_time, end_time, classroom_id, course_id, teacher_id) VALUES ('2021-02-23', '14:50:00', '16:30:00', 13, 9, 11)
Hibernate: INSERT INTO lessons (date, start_time, end_time, classroom_id, course_id, teacher_id) VALUES ('2021-02-23', '16:40:00', '18:20:00', 15, 9, 11)
Hibernate: INSERT INTO lessons (date, start_time, end_time, classroom_id, course_id, teacher_id) VALUES ('2021-02-24', '09:20:00', '11:00:00', 4, 3, 3)
Hibernate: INSERT INTO lessons (date, start_time, end_time, classroom_id, course_id, teacher_id) VALUES ('2021-02-24', '11:10:00', '12:50:00', 1, 3, 3)
Hibernate: INSERT INTO lessons (date, start_time, end_time, classroom_id, course_id, teacher_id) VALUES ('2021-02-24', '13:00:00', '14:40:00', 2, 4, 4)
Hibernate: INSERT INTO lessons (date, start_time, end_time, classroom_id, course_id, teacher_id) VALUES ('2021-02-24', '14:50:00', '16:30:00', 3, 4, 4)
Hibernate: INSERT INTO lessons (date, start_time, end_time, classroom_id, course_id, teacher_id) VALUES ('2021-02-24', '16:40:00', '18:20:00', 4, 5, 5)
Hibernate: INSERT INTO lessons (date, start_time, end_time, classroom_id, course_id, teacher_id) VALUES ('2021-02-24', '09:20:00', '11:00:00', 9, 6, 6)
Hibernate: INSERT INTO lessons (date, start_time, end_time, classroom_id, course_id, teacher_id) VALUES ('2021-02-24', '11:10:00', '12:50:00', 9, 6, 6)
Hibernate: INSERT INTO lessons (date, start_time, end_time, classroom_id, course_id, teacher_id) VALUES ('2021-02-24', '13:00:00', '14:40:00', 6, 6, 7)
Hibernate: INSERT INTO lessons (date, start_time, end_time, classroom_id, course_id, teacher_id) VALUES ('2021-02-24', '14:50:00', '16:30:00', 7, 6, 7)
Hibernate: INSERT INTO lessons (date, start_time, end_time, classroom_id, course_id, teacher_id) VALUES ('2021-02-24', '16:40:00', '18:20:00', 10, 6, 7)
Hibernate: INSERT INTO lessons (date, start_time, end_time, classroom_id, course_id, teacher_id) VALUES ('2021-02-24', '09:20:00', '11:00:00', 14, 10, 12)
Hibernate: INSERT INTO lessons (date, start_time, end_time, classroom_id, course_id, teacher_id) VALUES ('2021-02-24', '11:10:00', '12:50:00', 14, 10, 12)
Hibernate: INSERT INTO lessons (date, start_time, end_time, classroom_id, course_id, teacher_id) VALUES ('2021-02-24', '13:00:00', '14:40:00', 11, 10, 12)
Hibernate: INSERT INTO lessons (date, start_time, end_time, classroom_id, course_id, teacher_id) VALUES ('2021-02-24', '14:50:00', '16:30:00', 13, 10, 12)
Hibernate: INSERT INTO lessons (date, start_time, end_time, classroom_id, course_id, teacher_id) VALUES ('2021-02-24', '16:40:00', '18:20:00', 15, 10, 12)
Hibernate: INSERT INTO lessons (date, start_time, end_time, classroom_id, course_id, teacher_id) VALUES ('2021-02-25', '09:20:00', '11:00:00', 4, 4, 4)
Hibernate: INSERT INTO lessons (date, start_time, end_time, classroom_id, course_id, teacher_id) VALUES ('2021-02-25', '11:10:00', '12:50:00', 1, 4, 4)
Hibernate: INSERT INTO lessons (date, start_time, end_time, classroom_id, course_id, teacher_id) VALUES ('2021-02-25', '13:00:00', '14:40:00', 2, 5, 5)
Hibernate: INSERT INTO lessons (date, start_time, end_time, classroom_id, course_id, teacher_id) VALUES ('2021-02-25', '14:50:00', '16:30:00', 3, 5, 5)
Hibernate: INSERT INTO lessons (date, start_time, end_time, classroom_id, course_id, teacher_id) VALUES ('2021-02-25', '16:40:00', '18:20:00', 4, 1, 1)
Hibernate: INSERT INTO lessons (date, start_time, end_time, classroom_id, course_id, teacher_id) VALUES ('2021-02-25', '09:20:00', '11:00:00', 9, 7, 8)
Hibernate: INSERT INTO lessons (date, start_time, end_time, classroom_id, course_id, teacher_id) VALUES ('2021-02-25', '11:10:00', '12:50:00', 9, 7, 8)
Hibernate: INSERT INTO lessons (date, start_time, end_time, classroom_id, course_id, teacher_id) VALUES ('2021-02-25', '13:00:00', '14:40:00', 6, 7, 9)
Hibernate: INSERT INTO lessons (date, start_time, end_time, classroom_id, course_id, teacher_id) VALUES ('2021-02-25', '14:50:00', '16:30:00', 7, 7, 9)
Hibernate: INSERT INTO lessons (date, start_time, end_time, classroom_id, course_id, teacher_id) VALUES ('2021-02-25', '16:40:00', '18:20:00', 10, 7, 9)
Hibernate: INSERT INTO lessons (date, start_time, end_time, classroom_id, course_id, teacher_id) VALUES ('2021-02-25', '09:20:00', '11:00:00', 14, 8, 10)
Hibernate: INSERT INTO lessons (date, start_time, end_time, classroom_id, course_id, teacher_id) VALUES ('2021-02-25', '11:10:00', '12:50:00', 14, 8, 10)
Hibernate: INSERT INTO lessons (date, start_time, end_time, classroom_id, course_id, teacher_id) VALUES ('2021-02-25', '13:00:00', '14:40:00', 12, 9, 11)
Hibernate: INSERT INTO lessons (date, start_time, end_time, classroom_id, course_id, teacher_id) VALUES ('2021-02-25', '14:50:00', '16:30:00', 12, 10, 12)
Hibernate: INSERT INTO lessons (date, start_time, end_time, classroom_id, course_id, teacher_id) VALUES ('2021-02-25', '16:40:00', '18:20:00', 15, 8, 10)
Hibernate: INSERT INTO lessons (date, start_time, end_time, classroom_id, course_id, teacher_id) VALUES ('2021-02-26', '09:20:00', '11:00:00', 4, 5, 5)
Hibernate: INSERT INTO lessons (date, start_time, end_time, classroom_id, course_id, teacher_id) VALUES ('2021-02-26', '11:10:00', '12:50:00', 1, 5, 5)
Hibernate: INSERT INTO lessons (date, start_time, end_time, classroom_id, course_id, teacher_id) VALUES ('2021-02-26', '13:00:00', '14:40:00', 2, 1, 1)
Hibernate: INSERT INTO lessons (date, start_time, end_time, classroom_id, course_id, teacher_id) VALUES ('2021-02-26', '14:50:00', '16:30:00', 3, 1, 1)
Hibernate: INSERT INTO lessons (date, start_time, end_time, classroom_id, course_id, teacher_id) VALUES ('2021-02-26', '16:40:00', '18:20:00', 4, 2, 2)
Hibernate: INSERT INTO lessons (date, start_time, end_time, classroom_id, course_id, teacher_id) VALUES ('2021-02-26', '09:20:00', '11:00:00', 9, 6, 6)
Hibernate: INSERT INTO lessons (date, start_time, end_time, classroom_id, course_id, teacher_id) VALUES ('2021-02-26', '11:10:00', '12:50:00', 9, 6, 6)
Hibernate: INSERT INTO lessons (date, start_time, end_time, classroom_id, course_id, teacher_id) VALUES ('2021-02-26', '13:00:00', '14:40:00', 6, 6, 7)
Hibernate: INSERT INTO lessons (date, start_time, end_time, classroom_id, course_id, teacher_id) VALUES ('2021-02-26', '14:50:00', '16:30:00', 7, 6, 7)
Hibernate: INSERT INTO lessons (date, start_time, end_time, classroom_id, course_id, teacher_id) VALUES ('2021-02-26', '16:40:00', '18:20:00', 10, 6, 7)
Hibernate: INSERT INTO lessons (date, start_time, end_time, classroom_id, course_id, teacher_id) VALUES ('2021-02-26', '09:20:00', '11:00:00', 14, 9, 11)
Hibernate: INSERT INTO lessons (date, start_time, end_time, classroom_id, course_id, teacher_id) VALUES ('2021-02-26', '11:10:00', '12:50:00', 14, 10, 12)
Hibernate: INSERT INTO lessons (date, start_time, end_time, classroom_id, course_id, teacher_id) VALUES ('2021-02-26', '13:00:00', '14:40:00', 13, 8, 10)
Hibernate: INSERT INTO lessons (date, start_time, end_time, classroom_id, course_id, teacher_id) VALUES ('2021-02-26', '14:50:00', '16:30:00', 15, 9, 11)
Hibernate: INSERT INTO lessons (date, start_time, end_time, classroom_id, course_id, teacher_id) VALUES ('2021-02-26', '16:40:00', '18:20:00', 15, 10, 12)
Hibernate: INSERT INTO lessons (date, start_time, end_time, classroom_id, course_id, teacher_id) VALUES ('2021-03-01', '09:20:00', '11:00:00', 4, 1, 1)
Hibernate: INSERT INTO lessons (date, start_time, end_time, classroom_id, course_id, teacher_id) VALUES ('2021-03-01', '11:10:00', '12:50:00', 1, 1, 1)
Hibernate: INSERT INTO lessons (date, start_time, end_time, classroom_id, course_id, teacher_id) VALUES ('2021-03-01', '13:00:00', '14:40:00', 2, 2, 2)
Hibernate: INSERT INTO lessons (date, start_time, end_time, classroom_id, course_id, teacher_id) VALUES ('2021-03-01', '14:50:00', '16:30:00', 3, 2, 2)
Hibernate: INSERT INTO lessons (date, start_time, end_time, classroom_id, course_id, teacher_id) VALUES ('2021-03-01', '16:40:00', '18:20:00', 4, 3, 3)
Hibernate: INSERT INTO lessons (date, start_time, end_time, classroom_id, course_id, teacher_id) VALUES ('2021-03-01', '09:20:00', '11:00:00', 9, 6, 6)
Hibernate: INSERT INTO lessons (date, start_time, end_time, classroom_id, course_id, teacher_id) VALUES ('2021-03-01', '11:10:00', '12:50:00', 9, 6, 6)
Hibernate: INSERT INTO lessons (date, start_time, end_time, classroom_id, course_id, teacher_id) VALUES ('2021-03-01', '13:00:00', '14:40:00', 6, 6, 7)
Hibernate: INSERT INTO lessons (date, start_time, end_time, classroom_id, course_id, teacher_id) VALUES ('2021-03-01', '14:50:00', '16:30:00', 7, 6, 7)
Hibernate: INSERT INTO lessons (date, start_time, end_time, classroom_id, course_id, teacher_id) VALUES ('2021-03-01', '16:40:00', '18:20:00', 10, 6, 7)
Hibernate: INSERT INTO lessons (date, start_time, end_time, classroom_id, course_id, teacher_id) VALUES ('2021-03-01', '09:20:00', '11:00:00', 14, 8, 10)
Hibernate: INSERT INTO lessons (date, start_time, end_time, classroom_id, course_id, teacher_id) VALUES ('2021-03-01', '11:10:00', '12:50:00', 14, 8, 10)
Hibernate: INSERT INTO lessons (date, start_time, end_time, classroom_id, course_id, teacher_id) VALUES ('2021-03-01', '13:00:00', '14:40:00', 11, 8, 10)
Hibernate: INSERT INTO lessons (date, start_time, end_time, classroom_id, course_id, teacher_id) VALUES ('2021-03-01', '14:50:00', '16:30:00', 13, 8, 10)
Hibernate: INSERT INTO lessons (date, start_time, end_time, classroom_id, course_id, teacher_id) VALUES ('2021-03-01', '16:40:00', '18:20:00', 15, 8, 10)
Hibernate: INSERT INTO lessons (date, start_time, end_time, classroom_id, course_id, teacher_id) VALUES ('2021-03-02', '09:20:00', '11:00:00', 4, 2, 2)
Hibernate: INSERT INTO lessons (date, start_time, end_time, classroom_id, course_id, teacher_id) VALUES ('2021-03-02', '11:10:00', '12:50:00', 1, 2, 2)
Hibernate: INSERT INTO lessons (date, start_time, end_time, classroom_id, course_id, teacher_id) VALUES ('2021-03-02', '13:00:00', '14:40:00', 2, 3, 3)
Hibernate: INSERT INTO lessons (date, start_time, end_time, classroom_id, course_id, teacher_id) VALUES ('2021-03-02', '14:50:00', '16:30:00', 3, 3, 3)
Hibernate: INSERT INTO lessons (date, start_time, end_time, classroom_id, course_id, teacher_id) VALUES ('2021-03-02', '16:40:00', '18:20:00', 4, 4, 4)
Hibernate: INSERT INTO lessons (date, start_time, end_time, classroom_id, course_id, teacher_id) VALUES ('2021-03-02', '09:20:00', '11:00:00', 9, 7, 8)
Hibernate: INSERT INTO lessons (date, start_time, end_time, classroom_id, course_id, teacher_id) VALUES ('2021-03-02', '11:10:00', '12:50:00', 9, 7, 8)
Hibernate: INSERT INTO lessons (date, start_time, end_time, classroom_id, course_id, teacher_id) VALUES ('2021-03-02', '13:00:00', '14:40:00', 6, 7, 9)
Hibernate: INSERT INTO lessons (date, start_time, end_time, classroom_id, course_id, teacher_id) VALUES ('2021-03-02', '14:50:00', '16:30:00', 7, 7, 9)
Hibernate: INSERT INTO lessons (date, start_time, end_time, classroom_id, course_id, teacher_id) VALUES ('2021-03-02', '16:40:00', '18:20:00', 10, 7, 9)
Hibernate: INSERT INTO lessons (date, start_time, end_time, classroom_id, course_id, teacher_id) VALUES ('2021-03-02', '09:20:00', '11:00:00', 14, 9, 11)
Hibernate: INSERT INTO lessons (date, start_time, end_time, classroom_id, course_id, teacher_id) VALUES ('2021-03-02', '11:10:00', '12:50:00', 14, 9, 11)
Hibernate: INSERT INTO lessons (date, start_time, end_time, classroom_id, course_id, teacher_id) VALUES ('2021-03-02', '13:00:00', '14:40:00', 11, 9, 11)
Hibernate: INSERT INTO lessons (date, start_time, end_time, classroom_id, course_id, teacher_id) VALUES ('2021-03-02', '14:50:00', '16:30:00', 13, 9, 11)
Hibernate: INSERT INTO lessons (date, start_time, end_time, classroom_id, course_id, teacher_id) VALUES ('2021-03-02', '16:40:00', '18:20:00', 15, 9, 11)
Hibernate: INSERT INTO lessons (date, start_time, end_time, classroom_id, course_id, teacher_id) VALUES ('2021-03-03', '09:20:00', '11:00:00', 4, 3, 3)
Hibernate: INSERT INTO lessons (date, start_time, end_time, classroom_id, course_id, teacher_id) VALUES ('2021-03-03', '11:10:00', '12:50:00', 1, 3, 3)
Hibernate: INSERT INTO lessons (date, start_time, end_time, classroom_id, course_id, teacher_id) VALUES ('2021-03-03', '13:00:00', '14:40:00', 2, 4, 4)
Hibernate: INSERT INTO lessons (date, start_time, end_time, classroom_id, course_id, teacher_id) VALUES ('2021-03-03', '14:50:00', '16:30:00', 3, 4, 4)
Hibernate: INSERT INTO lessons (date, start_time, end_time, classroom_id, course_id, teacher_id) VALUES ('2021-03-03', '16:40:00', '18:20:00', 4, 5, 5)
Hibernate: INSERT INTO lessons (date, start_time, end_time, classroom_id, course_id, teacher_id) VALUES ('2021-03-03', '09:20:00', '11:00:00', 9, 6, 6)
Hibernate: INSERT INTO lessons (date, start_time, end_time, classroom_id, course_id, teacher_id) VALUES ('2021-03-03', '11:10:00', '12:50:00', 9, 6, 6)
Hibernate: INSERT INTO lessons (date, start_time, end_time, classroom_id, course_id, teacher_id) VALUES ('2021-03-03', '13:00:00', '14:40:00', 6, 6, 7)
Hibernate: INSERT INTO lessons (date, start_time, end_time, classroom_id, course_id, teacher_id) VALUES ('2021-03-03', '14:50:00', '16:30:00', 7, 6, 7)
Hibernate: INSERT INTO lessons (date, start_time, end_time, classroom_id, course_id, teacher_id) VALUES ('2021-03-03', '16:40:00', '18:20:00', 10, 6, 7)
Hibernate: INSERT INTO lessons (date, start_time, end_time, classroom_id, course_id, teacher_id) VALUES ('2021-03-03', '09:20:00', '11:00:00', 14, 10, 12)
Hibernate: INSERT INTO lessons (date, start_time, end_time, classroom_id, course_id, teacher_id) VALUES ('2021-03-03', '11:10:00', '12:50:00', 14, 10, 12)
Hibernate: INSERT INTO lessons (date, start_time, end_time, classroom_id, course_id, teacher_id) VALUES ('2021-03-03', '13:00:00', '14:40:00', 11, 10, 12)
Hibernate: INSERT INTO lessons (date, start_time, end_time, classroom_id, course_id, teacher_id) VALUES ('2021-03-03', '14:50:00', '16:30:00', 13, 10, 12)
Hibernate: INSERT INTO lessons (date, start_time, end_time, classroom_id, course_id, teacher_id) VALUES ('2021-03-03', '16:40:00', '18:20:00', 15, 10, 12)
Hibernate: INSERT INTO lessons (date, start_time, end_time, classroom_id, course_id, teacher_id) VALUES ('2021-03-04', '09:20:00', '11:00:00', 4, 4, 4)
Hibernate: INSERT INTO lessons (date, start_time, end_time, classroom_id, course_id, teacher_id) VALUES ('2021-03-04', '11:10:00', '12:50:00', 1, 4, 4)
Hibernate: INSERT INTO lessons (date, start_time, end_time, classroom_id, course_id, teacher_id) VALUES ('2021-03-04', '13:00:00', '14:40:00', 2, 5, 5)
Hibernate: INSERT INTO lessons (date, start_time, end_time, classroom_id, course_id, teacher_id) VALUES ('2021-03-04', '14:50:00', '16:30:00', 3, 5, 5)
Hibernate: INSERT INTO lessons (date, start_time, end_time, classroom_id, course_id, teacher_id) VALUES ('2021-03-04', '16:40:00', '18:20:00', 4, 1, 1)
Hibernate: INSERT INTO lessons (date, start_time, end_time, classroom_id, course_id, teacher_id) VALUES ('2021-03-04', '09:20:00', '11:00:00', 9, 7, 8)
Hibernate: INSERT INTO lessons (date, start_time, end_time, classroom_id, course_id, teacher_id) VALUES ('2021-03-04', '11:10:00', '12:50:00', 9, 7, 8)
Hibernate: INSERT INTO lessons (date, start_time, end_time, classroom_id, course_id, teacher_id) VALUES ('2021-03-04', '13:00:00', '14:40:00', 6, 7, 9)
Hibernate: INSERT INTO lessons (date, start_time, end_time, classroom_id, course_id, teacher_id) VALUES ('2021-03-04', '14:50:00', '16:30:00', 7, 7, 9)
Hibernate: INSERT INTO lessons (date, start_time, end_time, classroom_id, course_id, teacher_id) VALUES ('2021-03-04', '16:40:00', '18:20:00', 10, 7, 9)
Hibernate: INSERT INTO lessons (date, start_time, end_time, classroom_id, course_id, teacher_id) VALUES ('2021-03-04', '09:20:00', '11:00:00', 14, 8, 10)
Hibernate: INSERT INTO lessons (date, start_time, end_time, classroom_id, course_id, teacher_id) VALUES ('2021-03-04', '11:10:00', '12:50:00', 14, 8, 10)
Hibernate: INSERT INTO lessons (date, start_time, end_time, classroom_id, course_id, teacher_id) VALUES ('2021-03-04', '13:00:00', '14:40:00', 12, 9, 11)
Hibernate: INSERT INTO lessons (date, start_time, end_time, classroom_id, course_id, teacher_id) VALUES ('2021-03-04', '14:50:00', '16:30:00', 12, 10, 12)
Hibernate: INSERT INTO lessons (date, start_time, end_time, classroom_id, course_id, teacher_id) VALUES ('2021-03-04', '16:40:00', '18:20:00', 15, 8, 10)
Hibernate: INSERT INTO lessons (date, start_time, end_time, classroom_id, course_id, teacher_id) VALUES ('2021-03-05', '09:20:00', '11:00:00', 4, 5, 5)
Hibernate: INSERT INTO lessons (date, start_time, end_time, classroom_id, course_id, teacher_id) VALUES ('2021-03-05', '11:10:00', '12:50:00', 1, 5, 5)
Hibernate: INSERT INTO lessons (date, start_time, end_time, classroom_id, course_id, teacher_id) VALUES ('2021-03-05', '13:00:00', '14:40:00', 2, 1, 1)
Hibernate: INSERT INTO lessons (date, start_time, end_time, classroom_id, course_id, teacher_id) VALUES ('2021-03-05', '14:50:00', '16:30:00', 3, 1, 1)
Hibernate: INSERT INTO lessons (date, start_time, end_time, classroom_id, course_id, teacher_id) VALUES ('2021-03-05', '16:40:00', '18:20:00', 4, 2, 2)
Hibernate: INSERT INTO lessons (date, start_time, end_time, classroom_id, course_id, teacher_id) VALUES ('2021-03-05', '09:20:00', '11:00:00', 9, 6, 6)
Hibernate: INSERT INTO lessons (date, start_time, end_time, classroom_id, course_id, teacher_id) VALUES ('2021-03-05', '11:10:00', '12:50:00', 9, 6, 6)
Hibernate: INSERT INTO lessons (date, start_time, end_time, classroom_id, course_id, teacher_id) VALUES ('2021-03-05', '13:00:00', '14:40:00', 6, 6, 7)
Hibernate: INSERT INTO lessons (date, start_time, end_time, classroom_id, course_id, teacher_id) VALUES ('2021-03-05', '14:50:00', '16:30:00', 7, 6, 7)
Hibernate: INSERT INTO lessons (date, start_time, end_time, classroom_id, course_id, teacher_id) VALUES ('2021-03-05', '16:40:00', '18:20:00', 10, 6, 7)
Hibernate: INSERT INTO lessons (date, start_time, end_time, classroom_id, course_id, teacher_id) VALUES ('2021-03-05', '09:20:00', '11:00:00', 14, 9, 11)
Hibernate: INSERT INTO lessons (date, start_time, end_time, classroom_id, course_id, teacher_id) VALUES ('2021-03-05', '11:10:00', '12:50:00', 14, 10, 12)
Hibernate: INSERT INTO lessons (date, start_time, end_time, classroom_id, course_id, teacher_id) VALUES ('2021-03-05', '13:00:00', '14:40:00', 13, 8, 10)
Hibernate: INSERT INTO lessons (date, start_time, end_time, classroom_id, course_id, teacher_id) VALUES ('2021-03-05', '14:50:00', '16:30:00', 15, 9, 11)
Hibernate: INSERT INTO lessons (date, start_time, end_time, classroom_id, course_id, teacher_id) VALUES ('2021-03-05', '16:40:00', '18:20:00', 15, 10, 12)
Hibernate: COMMIT
26 Feb;19:05:32.699 [main] INFO  o.h.e.t.j.p.i.JtaPlatformInitiator - HHH000490: Using JtaPlatform implementation: [org.hibernate.engine.transaction.jta.platform.internal.NoJtaPlatform]
26 Feb;19:05:32.715 [main] INFO  o.s.o.j.LocalContainerEntityManagerFactoryBean - Initialized JPA EntityManagerFactory for persistence unit 'default'
26 Feb;19:05:33.834 [main] WARN  o.s.b.a.o.j.JpaBaseConfiguration$JpaWebConfiguration - spring.jpa.open-in-view is enabled by default. Therefore, database queries may be performed during view rendering. Explicitly configure spring.jpa.open-in-view to disable this warning
26 Feb;19:05:34.078 [main] INFO  o.s.s.c.ThreadPoolTaskExecutor - Initializing ExecutorService 'applicationTaskExecutor'
26 Feb;19:05:36.198 [main] INFO  u.c.f.c.c.r.BuildingRestControllerIntegrationTest - Started BuildingRestControllerIntegrationTest in 7.466 seconds (JVM running for 9.687)
Hibernate: select building0_.id as id1_0_, building0_.building_name as building2_0_ from buildings building0_
26 Feb;19:05:36.557 [main] INFO  u.c.f.c.service.BuildingService - getAll():
 [Building{id=1, buildingName='A'}, Building{id=2, buildingName='B'}, Building{id=3, buildingName='C'}]
26 Feb;19:05:36.567 [main] INFO  u.c.f.c.service.BuildingService - create: building = Building{id=4, buildingName='The fourth building'}
Hibernate: select building0_.id as id1_0_0_, building0_.building_name as building2_0_0_ from buildings building0_ where building0_.id=?
Hibernate: insert into buildings (building_name) values (?)
Hibernate: select building0_.id as id1_0_, building0_.building_name as building2_0_ from buildings building0_
26 Feb;19:05:36.639 [main] INFO  u.c.f.c.service.BuildingService - getAll():
 [Building{id=1, buildingName='A'}, Building{id=2, buildingName='B'}, Building{id=3, buildingName='C'}, Building{id=4, buildingName='The fourth building'}]
Hibernate: select building0_.id as id1_0_0_, building0_.building_name as building2_0_0_ from buildings building0_ where building0_.id=?
26 Feb;19:05:36.648 [main] INFO  u.c.f.c.service.BuildingService - getById: building = Building{id=4, buildingName='The fourth building'}
]]></system-out>
  </testcase>
  <testcase name="should_updateBuilding_when_controllerCallsUpdateMethod" classname="ua.com.foxminded.classtimetable.controllers.rest.BuildingRestControllerIntegrationTest" time="0.024">
    <system-out><![CDATA[Hibernate: select building0_.id as id1_0_0_, building0_.building_name as building2_0_0_ from buildings building0_ where building0_.id=?
26 Feb;19:05:36.672 [main] INFO  u.c.f.c.service.BuildingService - getById: building = Building{id=1, buildingName='A'}
26 Feb;19:05:36.672 [main] INFO  u.c.f.c.service.BuildingService - update: building = Building{id=1, buildingName='Changed name'}
Hibernate: select building0_.id as id1_0_0_, building0_.building_name as building2_0_0_ from buildings building0_ where building0_.id=?
Hibernate: update buildings set building_name=? where id=?
Hibernate: select building0_.id as id1_0_0_, building0_.building_name as building2_0_0_ from buildings building0_ where building0_.id=?
26 Feb;19:05:36.689 [main] INFO  u.c.f.c.service.BuildingService - getById: building = Building{id=1, buildingName='Changed name'}
]]></system-out>
  </testcase>
  <testcase name="should_deleteBuilding_when_controllerCallsDeleteMethod" classname="ua.com.foxminded.classtimetable.controllers.rest.BuildingRestControllerIntegrationTest" time="0.04">
    <system-out><![CDATA[26 Feb;19:05:36.694 [main] INFO  u.c.f.c.service.BuildingService - create: building = Building{id=4, buildingName='The fourth building'}
Hibernate: select building0_.id as id1_0_0_, building0_.building_name as building2_0_0_ from buildings building0_ where building0_.id=?
Hibernate: select building0_.id as id1_0_, building0_.building_name as building2_0_ from buildings building0_
26 Feb;19:05:36.698 [main] INFO  u.c.f.c.service.BuildingService - getAll():
 [Building{id=1, buildingName='Changed name'}, Building{id=2, buildingName='B'}, Building{id=3, buildingName='C'}, Building{id=4, buildingName='The fourth building'}]
Hibernate: select building0_.id as id1_0_0_, building0_.building_name as building2_0_0_ from buildings building0_ where building0_.id=?
26 Feb;19:05:36.700 [main] INFO  u.c.f.c.service.BuildingService - getById: building = Building{id=4, buildingName='The fourth building'}
Hibernate: select classroom0_.id as id1_1_, classroom0_.building_id as building5_1_, classroom0_.room_capacity as room_cap2_1_, classroom0_.room_name as room_nam3_1_, classroom0_.room_type as room_typ4_1_ from classrooms classroom0_
Hibernate: select building0_.id as id1_0_0_, building0_.building_name as building2_0_0_ from buildings building0_ where building0_.id=?
Hibernate: select building0_.id as id1_0_0_, building0_.building_name as building2_0_0_ from buildings building0_ where building0_.id=?
Hibernate: select building0_.id as id1_0_0_, building0_.building_name as building2_0_0_ from buildings building0_ where building0_.id=?
26 Feb;19:05:36.711 [main] INFO  u.c.f.c.service.ClassroomService - getAll():
 [Classroom{id=1, roomName='A-1', roomType='Class', roomCapacity=30, building=Building{id=1, buildingName='Changed name'}}, Classroom{id=2, roomName='A-2', roomType='Class', roomCapacity=30, building=Building{id=1, buildingName='Changed name'}}, Classroom{id=3, roomName='A-3', roomType='Class', roomCapacity=30, building=Building{id=1, buildingName='Changed name'}}, Classroom{id=4, roomName='A-4', roomType='Lecture', roomCapacity=50, building=Building{id=1, buildingName='Changed name'}}, Classroom{id=5, roomName='A-5', roomType='Laboratory', roomCapacity=10, building=Building{id=1, buildingName='Changed name'}}, Classroom{id=6, roomName='B-1', roomType='Class', roomCapacity=30, building=Building{id=2, buildingName='B'}}, Classroom{id=7, roomName='B-2', roomType='Class', roomCapacity=30, building=Building{id=2, buildingName='B'}}, Classroom{id=8, roomName='B-3', roomType='Class', roomCapacity=30, building=Building{id=2, buildingName='B'}}, Classroom{id=9, roomName='B-4', roomType='Lecture', roomCapacity=50, building=Building{id=2, buildingName='B'}}, Classroom{id=10, roomName='B-5', roomType='Laboratory', roomCapacity=10, building=Building{id=2, buildingName='B'}}, Classroom{id=11, roomName='C-1', roomType='Class', roomCapacity=30, building=Building{id=3, buildingName='C'}}, Classroom{id=12, roomName='C-2', roomType='Class', roomCapacity=30, building=Building{id=3, buildingName='C'}}, Classroom{id=13, roomName='C-3', roomType='Class', roomCapacity=30, building=Building{id=3, buildingName='C'}}, Classroom{id=14, roomName='C-4', roomType='Lecture', roomCapacity=50, building=Building{id=3, buildingName='C'}}, Classroom{id=15, roomName='C-5', roomType='Laboratory', roomCapacity=10, building=Building{id=3, buildingName='C'}}]
26 Feb;19:05:36.713 [main] INFO  u.c.f.c.service.BuildingService - delete: building with ID = 4
Hibernate: select building0_.id as id1_0_0_, building0_.building_name as building2_0_0_ from buildings building0_ where building0_.id=?
Hibernate: delete from buildings where id=?
Hibernate: select building0_.id as id1_0_, building0_.building_name as building2_0_ from buildings building0_
26 Feb;19:05:36.731 [main] INFO  u.c.f.c.service.BuildingService - getAll():
 [Building{id=1, buildingName='Changed name'}, Building{id=2, buildingName='B'}, Building{id=3, buildingName='C'}]
]]></system-out>
  </testcase>
</testsuite>