<?xml version="1.0" encoding="UTF-8"?>
<testsuite xmlns:xsi="http://www.w3.org/2001/XMLSchema-instance" xsi:noNamespaceSchemaLocation="https://maven.apache.org/surefire/maven-surefire-plugin/xsd/surefire-test-report-3.0.xsd" version="3.0" name="ua.com.foxminded.classtimetable.controllers.rest.LessonRestControllerIntegrationTest" time="0.373" tests="4" errors="0" skipped="0" failures="0">
  <properties>
    <property name="sun.desktop" value="windows"/>
    <property name="awt.toolkit" value="sun.awt.windows.WToolkit"/>
    <property name="file.encoding.pkg" value="sun.io"/>
    <property name="java.specification.version" value="1.8"/>
    <property name="sun.cpu.isalist" value="amd64"/>
    <property name="sun.jnu.encoding" value="Cp1251"/>
    <property name="java.class.path" value="E:\1_Java_Work\IDEA_Workspace_22_02_2023\Classtimetable\target\test-classes;E:\1_Java_Work\IDEA_Workspace_22_02_2023\Classtimetable\target\classes;C:\Users\Admin\.m2\repository\org\springframework\boot\spring-boot-starter\2.3.10.RELEASE\spring-boot-starter-2.3.10.RELEASE.jar;C:\Users\Admin\.m2\repository\org\springframework\boot\spring-boot\2.3.10.RELEASE\spring-boot-2.3.10.RELEASE.jar;C:\Users\Admin\.m2\repository\org\springframework\spring-context\5.2.14.RELEASE\spring-context-5.2.14.RELEASE.jar;C:\Users\Admin\.m2\repository\org\springframework\boot\spring-boot-autoconfigure\2.3.10.RELEASE\spring-boot-autoconfigure-2.3.10.RELEASE.jar;C:\Users\Admin\.m2\repository\org\springframework\boot\spring-boot-starter-logging\2.3.10.RELEASE\spring-boot-starter-logging-2.3.10.RELEASE.jar;C:\Users\Admin\.m2\repository\org\apache\logging\log4j\log4j-to-slf4j\2.13.3\log4j-to-slf4j-2.13.3.jar;C:\Users\Admin\.m2\repository\org\apache\logging\log4j\log4j-api\2.13.3\log4j-api-2.13.3.jar;C:\Users\Admin\.m2\repository\org\slf4j\jul-to-slf4j\1.7.30\jul-to-slf4j-1.7.30.jar;C:\Users\Admin\.m2\repository\jakarta\annotation\jakarta.annotation-api\1.3.5\jakarta.annotation-api-1.3.5.jar;C:\Users\Admin\.m2\repository\org\springframework\spring-core\5.2.14.RELEASE\spring-core-5.2.14.RELEASE.jar;C:\Users\Admin\.m2\repository\org\springframework\spring-jcl\5.2.14.RELEASE\spring-jcl-5.2.14.RELEASE.jar;C:\Users\Admin\.m2\repository\org\yaml\snakeyaml\1.26\snakeyaml-1.26.jar;C:\Users\Admin\.m2\repository\org\springframework\boot\spring-boot-starter-web\2.3.10.RELEASE\spring-boot-starter-web-2.3.10.RELEASE.jar;C:\Users\Admin\.m2\repository\org\springframework\boot\spring-boot-starter-json\2.3.10.RELEASE\spring-boot-starter-json-2.3.10.RELEASE.jar;C:\Users\Admin\.m2\repository\com\fasterxml\jackson\core\jackson-databind\2.11.4\jackson-databind-2.11.4.jar;C:\Users\Admin\.m2\repository\com\fasterxml\jackson\core\jackson-annotations\2.11.4\jackson-annotations-2.11.4.jar;C:\Users\Admin\.m2\repository\com\fasterxml\jackson\datatype\jackson-datatype-jdk8\2.11.4\jackson-datatype-jdk8-2.11.4.jar;C:\Users\Admin\.m2\repository\com\fasterxml\jackson\datatype\jackson-datatype-jsr310\2.11.4\jackson-datatype-jsr310-2.11.4.jar;C:\Users\Admin\.m2\repository\com\fasterxml\jackson\module\jackson-module-parameter-names\2.11.4\jackson-module-parameter-names-2.11.4.jar;C:\Users\Admin\.m2\repository\org\springframework\boot\spring-boot-starter-tomcat\2.3.10.RELEASE\spring-boot-starter-tomcat-2.3.10.RELEASE.jar;C:\Users\Admin\.m2\repository\org\apache\tomcat\embed\tomcat-embed-core\9.0.45\tomcat-embed-core-9.0.45.jar;C:\Users\Admin\.m2\repository\org\apache\tomcat\embed\tomcat-embed-websocket\9.0.45\tomcat-embed-websocket-9.0.45.jar;C:\Users\Admin\.m2\repository\org\springframework\spring-web\5.2.14.RELEASE\spring-web-5.2.14.RELEASE.jar;C:\Users\Admin\.m2\repository\org\springframework\spring-beans\5.2.14.RELEASE\spring-beans-5.2.14.RELEASE.jar;C:\Users\Admin\.m2\repository\org\springframework\spring-webmvc\5.2.14.RELEASE\spring-webmvc-5.2.14.RELEASE.jar;C:\Users\Admin\.m2\repository\org\springframework\spring-aop\5.2.14.RELEASE\spring-aop-5.2.14.RELEASE.jar;C:\Users\Admin\.m2\repository\org\springframework\spring-expression\5.2.14.RELEASE\spring-expression-5.2.14.RELEASE.jar;C:\Users\Admin\.m2\repository\org\springframework\boot\spring-boot-starter-thymeleaf\2.3.10.RELEASE\spring-boot-starter-thymeleaf-2.3.10.RELEASE.jar;C:\Users\Admin\.m2\repository\org\thymeleaf\thymeleaf-spring5\3.0.12.RELEASE\thymeleaf-spring5-3.0.12.RELEASE.jar;C:\Users\Admin\.m2\repository\org\thymeleaf\thymeleaf\3.0.12.RELEASE\thymeleaf-3.0.12.RELEASE.jar;C:\Users\Admin\.m2\repository\org\attoparser\attoparser\2.0.5.RELEASE\attoparser-2.0.5.RELEASE.jar;C:\Users\Admin\.m2\repository\org\unbescape\unbescape\1.1.6.RELEASE\unbescape-1.1.6.RELEASE.jar;C:\Users\Admin\.m2\repository\org\thymeleaf\extras\thymeleaf-extras-java8time\3.0.4.RELEASE\thymeleaf-extras-java8time-3.0.4.RELEASE.jar;C:\Users\Admin\.m2\repository\org\springframework\boot\spring-boot-starter-data-jpa\2.3.10.RELEASE\spring-boot-starter-data-jpa-2.3.10.RELEASE.jar;C:\Users\Admin\.m2\repository\org\springframework\boot\spring-boot-starter-aop\2.3.10.RELEASE\spring-boot-starter-aop-2.3.10.RELEASE.jar;C:\Users\Admin\.m2\repository\org\aspectj\aspectjweaver\1.9.6\aspectjweaver-1.9.6.jar;C:\Users\Admin\.m2\repository\org\springframework\boot\spring-boot-starter-jdbc\2.3.10.RELEASE\spring-boot-starter-jdbc-2.3.10.RELEASE.jar;C:\Users\Admin\.m2\repository\com\zaxxer\HikariCP\3.4.5\HikariCP-3.4.5.jar;C:\Users\Admin\.m2\repository\org\springframework\spring-jdbc\5.2.14.RELEASE\spring-jdbc-5.2.14.RELEASE.jar;C:\Users\Admin\.m2\repository\jakarta\transaction\jakarta.transaction-api\1.3.3\jakarta.transaction-api-1.3.3.jar;C:\Users\Admin\.m2\repository\jakarta\persistence\jakarta.persistence-api\2.2.3\jakarta.persistence-api-2.2.3.jar;C:\Users\Admin\.m2\repository\org\springframework\data\spring-data-jpa\2.3.9.RELEASE\spring-data-jpa-2.3.9.RELEASE.jar;C:\Users\Admin\.m2\repository\org\springframework\data\spring-data-commons\2.3.9.RELEASE\spring-data-commons-2.3.9.RELEASE.jar;C:\Users\Admin\.m2\repository\org\springframework\spring-orm\5.2.14.RELEASE\spring-orm-5.2.14.RELEASE.jar;C:\Users\Admin\.m2\repository\org\springframework\spring-tx\5.2.14.RELEASE\spring-tx-5.2.14.RELEASE.jar;C:\Users\Admin\.m2\repository\org\springframework\spring-aspects\5.2.14.RELEASE\spring-aspects-5.2.14.RELEASE.jar;C:\Users\Admin\.m2\repository\org\springframework\boot\spring-boot-starter-validation\2.3.10.RELEASE\spring-boot-starter-validation-2.3.10.RELEASE.jar;C:\Users\Admin\.m2\repository\org\glassfish\jakarta.el\3.0.3\jakarta.el-3.0.3.jar;C:\Users\Admin\.m2\repository\org\springframework\boot\spring-boot-starter-test\2.3.10.RELEASE\spring-boot-starter-test-2.3.10.RELEASE.jar;C:\Users\Admin\.m2\repository\org\springframework\boot\spring-boot-test\2.3.10.RELEASE\spring-boot-test-2.3.10.RELEASE.jar;C:\Users\Admin\.m2\repository\org\springframework\boot\spring-boot-test-autoconfigure\2.3.10.RELEASE\spring-boot-test-autoconfigure-2.3.10.RELEASE.jar;C:\Users\Admin\.m2\repository\com\jayway\jsonpath\json-path\2.4.0\json-path-2.4.0.jar;C:\Users\Admin\.m2\repository\net\minidev\json-smart\2.3\json-smart-2.3.jar;C:\Users\Admin\.m2\repository\net\minidev\accessors-smart\1.2\accessors-smart-1.2.jar;C:\Users\Admin\.m2\repository\org\ow2\asm\asm\5.0.4\asm-5.0.4.jar;C:\Users\Admin\.m2\repository\jakarta\xml\bind\jakarta.xml.bind-api\2.3.3\jakarta.xml.bind-api-2.3.3.jar;C:\Users\Admin\.m2\repository\jakarta\activation\jakarta.activation-api\1.2.2\jakarta.activation-api-1.2.2.jar;C:\Users\Admin\.m2\repository\org\assertj\assertj-core\3.16.1\assertj-core-3.16.1.jar;C:\Users\Admin\.m2\repository\org\hamcrest\hamcrest\2.2\hamcrest-2.2.jar;C:\Users\Admin\.m2\repository\org\junit\jupiter\junit-jupiter\5.6.3\junit-jupiter-5.6.3.jar;C:\Users\Admin\.m2\repository\org\junit\jupiter\junit-jupiter-api\5.6.3\junit-jupiter-api-5.6.3.jar;C:\Users\Admin\.m2\repository\org\opentest4j\opentest4j\1.2.0\opentest4j-1.2.0.jar;C:\Users\Admin\.m2\repository\org\junit\platform\junit-platform-commons\1.6.3\junit-platform-commons-1.6.3.jar;C:\Users\Admin\.m2\repository\org\junit\jupiter\junit-jupiter-params\5.6.3\junit-jupiter-params-5.6.3.jar;C:\Users\Admin\.m2\repository\org\junit\jupiter\junit-jupiter-engine\5.6.3\junit-jupiter-engine-5.6.3.jar;C:\Users\Admin\.m2\repository\org\junit\vintage\junit-vintage-engine\5.6.3\junit-vintage-engine-5.6.3.jar;C:\Users\Admin\.m2\repository\org\apiguardian\apiguardian-api\1.1.0\apiguardian-api-1.1.0.jar;C:\Users\Admin\.m2\repository\org\junit\platform\junit-platform-engine\1.6.3\junit-platform-engine-1.6.3.jar;C:\Users\Admin\.m2\repository\junit\junit\4.13.2\junit-4.13.2.jar;C:\Users\Admin\.m2\repository\org\mockito\mockito-junit-jupiter\3.3.3\mockito-junit-jupiter-3.3.3.jar;C:\Users\Admin\.m2\repository\org\skyscreamer\jsonassert\1.5.0\jsonassert-1.5.0.jar;C:\Users\Admin\.m2\repository\com\vaadin\external\google\android-json\0.0.20131108.vaadin1\android-json-0.0.20131108.vaadin1.jar;C:\Users\Admin\.m2\repository\org\springframework\spring-test\5.2.14.RELEASE\spring-test-5.2.14.RELEASE.jar;C:\Users\Admin\.m2\repository\org\xmlunit\xmlunit-core\2.7.0\xmlunit-core-2.7.0.jar;C:\Users\Admin\.m2\repository\org\hibernate\hibernate-core\5.4.30.Final\hibernate-core-5.4.30.Final.jar;C:\Users\Admin\.m2\repository\org\jboss\logging\jboss-logging\3.4.1.Final\jboss-logging-3.4.1.Final.jar;C:\Users\Admin\.m2\repository\javax\persistence\javax.persistence-api\2.2\javax.persistence-api-2.2.jar;C:\Users\Admin\.m2\repository\org\javassist\javassist\3.27.0-GA\javassist-3.27.0-GA.jar;C:\Users\Admin\.m2\repository\net\bytebuddy\byte-buddy\1.10.22\byte-buddy-1.10.22.jar;C:\Users\Admin\.m2\repository\antlr\antlr\2.7.7\antlr-2.7.7.jar;C:\Users\Admin\.m2\repository\org\jboss\spec\javax\transaction\jboss-transaction-api_1.2_spec\1.1.1.Final\jboss-transaction-api_1.2_spec-1.1.1.Final.jar;C:\Users\Admin\.m2\repository\org\jboss\jandex\2.2.3.Final\jandex-2.2.3.Final.jar;C:\Users\Admin\.m2\repository\com\fasterxml\classmate\1.5.1\classmate-1.5.1.jar;C:\Users\Admin\.m2\repository\javax\activation\javax.activation-api\1.2.0\javax.activation-api-1.2.0.jar;C:\Users\Admin\.m2\repository\org\dom4j\dom4j\2.1.3\dom4j-2.1.3.jar;C:\Users\Admin\.m2\repository\javax\xml\bind\jaxb-api\2.3.1\jaxb-api-2.3.1.jar;C:\Users\Admin\.m2\repository\org\glassfish\jaxb\jaxb-runtime\2.3.4\jaxb-runtime-2.3.4.jar;C:\Users\Admin\.m2\repository\org\glassfish\jaxb\txw2\2.3.4\txw2-2.3.4.jar;C:\Users\Admin\.m2\repository\com\sun\istack\istack-commons-runtime\3.0.12\istack-commons-runtime-3.0.12.jar;C:\Users\Admin\.m2\repository\com\sun\activation\jakarta.activation\1.2.2\jakarta.activation-1.2.2.jar;C:\Users\Admin\.m2\repository\org\hibernate\common\hibernate-commons-annotations\5.1.2.Final\hibernate-commons-annotations-5.1.2.Final.jar;C:\Users\Admin\.m2\repository\org\hibernate\validator\hibernate-validator\7.0.1.Final\hibernate-validator-7.0.1.Final.jar;C:\Users\Admin\.m2\repository\jakarta\validation\jakarta.validation-api\2.0.2\jakarta.validation-api-2.0.2.jar;C:\Users\Admin\.m2\repository\org\apache\commons\commons-lang3\3.11\commons-lang3-3.11.jar;C:\Users\Admin\.m2\repository\org\slf4j\slf4j-api\1.7.30\slf4j-api-1.7.30.jar;C:\Users\Admin\.m2\repository\ch\qos\logback\logback-classic\1.2.3\logback-classic-1.2.3.jar;C:\Users\Admin\.m2\repository\ch\qos\logback\logback-core\1.2.3\logback-core-1.2.3.jar;C:\Users\Admin\.m2\repository\javax\annotation\javax.annotation-api\1.3.2\javax.annotation-api-1.3.2.jar;C:\Users\Admin\.m2\repository\javax\servlet\javax.servlet-api\4.0.1\javax.servlet-api-4.0.1.jar;C:\Users\Admin\.m2\repository\org\postgresql\postgresql\42.2.18\postgresql-42.2.18.jar;C:\Users\Admin\.m2\repository\org\checkerframework\checker-qual\3.5.0\checker-qual-3.5.0.jar;C:\Users\Admin\.m2\repository\org\springdoc\springdoc-openapi-ui\1.6.1\springdoc-openapi-ui-1.6.1.jar;C:\Users\Admin\.m2\repository\org\springdoc\springdoc-openapi-webmvc-core\1.6.1\springdoc-openapi-webmvc-core-1.6.1.jar;C:\Users\Admin\.m2\repository\org\springdoc\springdoc-openapi-common\1.6.1\springdoc-openapi-common-1.6.1.jar;C:\Users\Admin\.m2\repository\io\swagger\core\v3\swagger-models\2.1.11\swagger-models-2.1.11.jar;C:\Users\Admin\.m2\repository\io\swagger\core\v3\swagger-annotations\2.1.11\swagger-annotations-2.1.11.jar;C:\Users\Admin\.m2\repository\io\swagger\core\v3\swagger-integration\2.1.11\swagger-integration-2.1.11.jar;C:\Users\Admin\.m2\repository\io\swagger\core\v3\swagger-core\2.1.11\swagger-core-2.1.11.jar;C:\Users\Admin\.m2\repository\com\fasterxml\jackson\dataformat\jackson-dataformat-yaml\2.11.4\jackson-dataformat-yaml-2.11.4.jar;C:\Users\Admin\.m2\repository\io\github\classgraph\classgraph\4.8.116\classgraph-4.8.116.jar;C:\Users\Admin\.m2\repository\org\webjars\swagger-ui\4.1.3\swagger-ui-4.1.3.jar;C:\Users\Admin\.m2\repository\org\webjars\webjars-locator-core\0.45\webjars-locator-core-0.45.jar;C:\Users\Admin\.m2\repository\com\fasterxml\jackson\core\jackson-core\2.11.4\jackson-core-2.11.4.jar;C:\Users\Admin\.m2\repository\org\mockito\mockito-core\3.7.7\mockito-core-3.7.7.jar;C:\Users\Admin\.m2\repository\net\bytebuddy\byte-buddy-agent\1.10.22\byte-buddy-agent-1.10.22.jar;C:\Users\Admin\.m2\repository\org\objenesis\objenesis\3.1\objenesis-3.1.jar;C:\Users\Admin\.m2\repository\com\h2database\h2\2.0.202\h2-2.0.202.jar;"/>
    <property name="java.vm.vendor" value="Temurin"/>
    <property name="sun.arch.data.model" value="64"/>
    <property name="user.variant" value=""/>
    <property name="java.vendor.url" value="https://adoptium.net/"/>
    <property name="user.timezone" value="Europe/Helsinki"/>
    <property name="user.country.format" value="GB"/>
    <property name="java.vm.specification.version" value="1.8"/>
    <property name="os.name" value="Windows 10"/>
    <property name="user.country" value="RU"/>
    <property name="sun.java.launcher" value="SUN_STANDARD"/>
    <property name="sun.boot.library.path" value="C:\Program Files\JAVA\jdk1.8.0_352\jre\bin"/>
    <property name="sun.java.command" value="C:\Users\Admin\AppData\Local\Temp\surefire4451887401512395404\surefirebooter4980853108217087325.jar C:\Users\Admin\AppData\Local\Temp\surefire4451887401512395404 2023-02-26T19-05-25_929-jvmRun1 surefire5098778781691221322tmp surefire_02154898216159521232tmp"/>
    <property name="surefire.test.class.path" value="E:\1_Java_Work\IDEA_Workspace_22_02_2023\Classtimetable\target\test-classes;E:\1_Java_Work\IDEA_Workspace_22_02_2023\Classtimetable\target\classes;C:\Users\Admin\.m2\repository\org\springframework\boot\spring-boot-starter\2.3.10.RELEASE\spring-boot-starter-2.3.10.RELEASE.jar;C:\Users\Admin\.m2\repository\org\springframework\boot\spring-boot\2.3.10.RELEASE\spring-boot-2.3.10.RELEASE.jar;C:\Users\Admin\.m2\repository\org\springframework\spring-context\5.2.14.RELEASE\spring-context-5.2.14.RELEASE.jar;C:\Users\Admin\.m2\repository\org\springframework\boot\spring-boot-autoconfigure\2.3.10.RELEASE\spring-boot-autoconfigure-2.3.10.RELEASE.jar;C:\Users\Admin\.m2\repository\org\springframework\boot\spring-boot-starter-logging\2.3.10.RELEASE\spring-boot-starter-logging-2.3.10.RELEASE.jar;C:\Users\Admin\.m2\repository\org\apache\logging\log4j\log4j-to-slf4j\2.13.3\log4j-to-slf4j-2.13.3.jar;C:\Users\Admin\.m2\repository\org\apache\logging\log4j\log4j-api\2.13.3\log4j-api-2.13.3.jar;C:\Users\Admin\.m2\repository\org\slf4j\jul-to-slf4j\1.7.30\jul-to-slf4j-1.7.30.jar;C:\Users\Admin\.m2\repository\jakarta\annotation\jakarta.annotation-api\1.3.5\jakarta.annotation-api-1.3.5.jar;C:\Users\Admin\.m2\repository\org\springframework\spring-core\5.2.14.RELEASE\spring-core-5.2.14.RELEASE.jar;C:\Users\Admin\.m2\repository\org\springframework\spring-jcl\5.2.14.RELEASE\spring-jcl-5.2.14.RELEASE.jar;C:\Users\Admin\.m2\repository\org\yaml\snakeyaml\1.26\snakeyaml-1.26.jar;C:\Users\Admin\.m2\repository\org\springframework\boot\spring-boot-starter-web\2.3.10.RELEASE\spring-boot-starter-web-2.3.10.RELEASE.jar;C:\Users\Admin\.m2\repository\org\springframework\boot\spring-boot-starter-json\2.3.10.RELEASE\spring-boot-starter-json-2.3.10.RELEASE.jar;C:\Users\Admin\.m2\repository\com\fasterxml\jackson\core\jackson-databind\2.11.4\jackson-databind-2.11.4.jar;C:\Users\Admin\.m2\repository\com\fasterxml\jackson\core\jackson-annotations\2.11.4\jackson-annotations-2.11.4.jar;C:\Users\Admin\.m2\repository\com\fasterxml\jackson\datatype\jackson-datatype-jdk8\2.11.4\jackson-datatype-jdk8-2.11.4.jar;C:\Users\Admin\.m2\repository\com\fasterxml\jackson\datatype\jackson-datatype-jsr310\2.11.4\jackson-datatype-jsr310-2.11.4.jar;C:\Users\Admin\.m2\repository\com\fasterxml\jackson\module\jackson-module-parameter-names\2.11.4\jackson-module-parameter-names-2.11.4.jar;C:\Users\Admin\.m2\repository\org\springframework\boot\spring-boot-starter-tomcat\2.3.10.RELEASE\spring-boot-starter-tomcat-2.3.10.RELEASE.jar;C:\Users\Admin\.m2\repository\org\apache\tomcat\embed\tomcat-embed-core\9.0.45\tomcat-embed-core-9.0.45.jar;C:\Users\Admin\.m2\repository\org\apache\tomcat\embed\tomcat-embed-websocket\9.0.45\tomcat-embed-websocket-9.0.45.jar;C:\Users\Admin\.m2\repository\org\springframework\spring-web\5.2.14.RELEASE\spring-web-5.2.14.RELEASE.jar;C:\Users\Admin\.m2\repository\org\springframework\spring-beans\5.2.14.RELEASE\spring-beans-5.2.14.RELEASE.jar;C:\Users\Admin\.m2\repository\org\springframework\spring-webmvc\5.2.14.RELEASE\spring-webmvc-5.2.14.RELEASE.jar;C:\Users\Admin\.m2\repository\org\springframework\spring-aop\5.2.14.RELEASE\spring-aop-5.2.14.RELEASE.jar;C:\Users\Admin\.m2\repository\org\springframework\spring-expression\5.2.14.RELEASE\spring-expression-5.2.14.RELEASE.jar;C:\Users\Admin\.m2\repository\org\springframework\boot\spring-boot-starter-thymeleaf\2.3.10.RELEASE\spring-boot-starter-thymeleaf-2.3.10.RELEASE.jar;C:\Users\Admin\.m2\repository\org\thymeleaf\thymeleaf-spring5\3.0.12.RELEASE\thymeleaf-spring5-3.0.12.RELEASE.jar;C:\Users\Admin\.m2\repository\org\thymeleaf\thymeleaf\3.0.12.RELEASE\thymeleaf-3.0.12.RELEASE.jar;C:\Users\Admin\.m2\repository\org\attoparser\attoparser\2.0.5.RELEASE\attoparser-2.0.5.RELEASE.jar;C:\Users\Admin\.m2\repository\org\unbescape\unbescape\1.1.6.RELEASE\unbescape-1.1.6.RELEASE.jar;C:\Users\Admin\.m2\repository\org\thymeleaf\extras\thymeleaf-extras-java8time\3.0.4.RELEASE\thymeleaf-extras-java8time-3.0.4.RELEASE.jar;C:\Users\Admin\.m2\repository\org\springframework\boot\spring-boot-starter-data-jpa\2.3.10.RELEASE\spring-boot-starter-data-jpa-2.3.10.RELEASE.jar;C:\Users\Admin\.m2\repository\org\springframework\boot\spring-boot-starter-aop\2.3.10.RELEASE\spring-boot-starter-aop-2.3.10.RELEASE.jar;C:\Users\Admin\.m2\repository\org\aspectj\aspectjweaver\1.9.6\aspectjweaver-1.9.6.jar;C:\Users\Admin\.m2\repository\org\springframework\boot\spring-boot-starter-jdbc\2.3.10.RELEASE\spring-boot-starter-jdbc-2.3.10.RELEASE.jar;C:\Users\Admin\.m2\repository\com\zaxxer\HikariCP\3.4.5\HikariCP-3.4.5.jar;C:\Users\Admin\.m2\repository\org\springframework\spring-jdbc\5.2.14.RELEASE\spring-jdbc-5.2.14.RELEASE.jar;C:\Users\Admin\.m2\repository\jakarta\transaction\jakarta.transaction-api\1.3.3\jakarta.transaction-api-1.3.3.jar;C:\Users\Admin\.m2\repository\jakarta\persistence\jakarta.persistence-api\2.2.3\jakarta.persistence-api-2.2.3.jar;C:\Users\Admin\.m2\repository\org\springframework\data\spring-data-jpa\2.3.9.RELEASE\spring-data-jpa-2.3.9.RELEASE.jar;C:\Users\Admin\.m2\repository\org\springframework\data\spring-data-commons\2.3.9.RELEASE\spring-data-commons-2.3.9.RELEASE.jar;C:\Users\Admin\.m2\repository\org\springframework\spring-orm\5.2.14.RELEASE\spring-orm-5.2.14.RELEASE.jar;C:\Users\Admin\.m2\repository\org\springframework\spring-tx\5.2.14.RELEASE\spring-tx-5.2.14.RELEASE.jar;C:\Users\Admin\.m2\repository\org\springframework\spring-aspects\5.2.14.RELEASE\spring-aspects-5.2.14.RELEASE.jar;C:\Users\Admin\.m2\repository\org\springframework\boot\spring-boot-starter-validation\2.3.10.RELEASE\spring-boot-starter-validation-2.3.10.RELEASE.jar;C:\Users\Admin\.m2\repository\org\glassfish\jakarta.el\3.0.3\jakarta.el-3.0.3.jar;C:\Users\Admin\.m2\repository\org\springframework\boot\spring-boot-starter-test\2.3.10.RELEASE\spring-boot-starter-test-2.3.10.RELEASE.jar;C:\Users\Admin\.m2\repository\org\springframework\boot\spring-boot-test\2.3.10.RELEASE\spring-boot-test-2.3.10.RELEASE.jar;C:\Users\Admin\.m2\repository\org\springframework\boot\spring-boot-test-autoconfigure\2.3.10.RELEASE\spring-boot-test-autoconfigure-2.3.10.RELEASE.jar;C:\Users\Admin\.m2\repository\com\jayway\jsonpath\json-path\2.4.0\json-path-2.4.0.jar;C:\Users\Admin\.m2\repository\net\minidev\json-smart\2.3\json-smart-2.3.jar;C:\Users\Admin\.m2\repository\net\minidev\accessors-smart\1.2\accessors-smart-1.2.jar;C:\Users\Admin\.m2\repository\org\ow2\asm\asm\5.0.4\asm-5.0.4.jar;C:\Users\Admin\.m2\repository\jakarta\xml\bind\jakarta.xml.bind-api\2.3.3\jakarta.xml.bind-api-2.3.3.jar;C:\Users\Admin\.m2\repository\jakarta\activation\jakarta.activation-api\1.2.2\jakarta.activation-api-1.2.2.jar;C:\Users\Admin\.m2\repository\org\assertj\assertj-core\3.16.1\assertj-core-3.16.1.jar;C:\Users\Admin\.m2\repository\org\hamcrest\hamcrest\2.2\hamcrest-2.2.jar;C:\Users\Admin\.m2\repository\org\junit\jupiter\junit-jupiter\5.6.3\junit-jupiter-5.6.3.jar;C:\Users\Admin\.m2\repository\org\junit\jupiter\junit-jupiter-api\5.6.3\junit-jupiter-api-5.6.3.jar;C:\Users\Admin\.m2\repository\org\opentest4j\opentest4j\1.2.0\opentest4j-1.2.0.jar;C:\Users\Admin\.m2\repository\org\junit\platform\junit-platform-commons\1.6.3\junit-platform-commons-1.6.3.jar;C:\Users\Admin\.m2\repository\org\junit\jupiter\junit-jupiter-params\5.6.3\junit-jupiter-params-5.6.3.jar;C:\Users\Admin\.m2\repository\org\junit\jupiter\junit-jupiter-engine\5.6.3\junit-jupiter-engine-5.6.3.jar;C:\Users\Admin\.m2\repository\org\junit\vintage\junit-vintage-engine\5.6.3\junit-vintage-engine-5.6.3.jar;C:\Users\Admin\.m2\repository\org\apiguardian\apiguardian-api\1.1.0\apiguardian-api-1.1.0.jar;C:\Users\Admin\.m2\repository\org\junit\platform\junit-platform-engine\1.6.3\junit-platform-engine-1.6.3.jar;C:\Users\Admin\.m2\repository\junit\junit\4.13.2\junit-4.13.2.jar;C:\Users\Admin\.m2\repository\org\mockito\mockito-junit-jupiter\3.3.3\mockito-junit-jupiter-3.3.3.jar;C:\Users\Admin\.m2\repository\org\skyscreamer\jsonassert\1.5.0\jsonassert-1.5.0.jar;C:\Users\Admin\.m2\repository\com\vaadin\external\google\android-json\0.0.20131108.vaadin1\android-json-0.0.20131108.vaadin1.jar;C:\Users\Admin\.m2\repository\org\springframework\spring-test\5.2.14.RELEASE\spring-test-5.2.14.RELEASE.jar;C:\Users\Admin\.m2\repository\org\xmlunit\xmlunit-core\2.7.0\xmlunit-core-2.7.0.jar;C:\Users\Admin\.m2\repository\org\hibernate\hibernate-core\5.4.30.Final\hibernate-core-5.4.30.Final.jar;C:\Users\Admin\.m2\repository\org\jboss\logging\jboss-logging\3.4.1.Final\jboss-logging-3.4.1.Final.jar;C:\Users\Admin\.m2\repository\javax\persistence\javax.persistence-api\2.2\javax.persistence-api-2.2.jar;C:\Users\Admin\.m2\repository\org\javassist\javassist\3.27.0-GA\javassist-3.27.0-GA.jar;C:\Users\Admin\.m2\repository\net\bytebuddy\byte-buddy\1.10.22\byte-buddy-1.10.22.jar;C:\Users\Admin\.m2\repository\antlr\antlr\2.7.7\antlr-2.7.7.jar;C:\Users\Admin\.m2\repository\org\jboss\spec\javax\transaction\jboss-transaction-api_1.2_spec\1.1.1.Final\jboss-transaction-api_1.2_spec-1.1.1.Final.jar;C:\Users\Admin\.m2\repository\org\jboss\jandex\2.2.3.Final\jandex-2.2.3.Final.jar;C:\Users\Admin\.m2\repository\com\fasterxml\classmate\1.5.1\classmate-1.5.1.jar;C:\Users\Admin\.m2\repository\javax\activation\javax.activation-api\1.2.0\javax.activation-api-1.2.0.jar;C:\Users\Admin\.m2\repository\org\dom4j\dom4j\2.1.3\dom4j-2.1.3.jar;C:\Users\Admin\.m2\repository\javax\xml\bind\jaxb-api\2.3.1\jaxb-api-2.3.1.jar;C:\Users\Admin\.m2\repository\org\glassfish\jaxb\jaxb-runtime\2.3.4\jaxb-runtime-2.3.4.jar;C:\Users\Admin\.m2\repository\org\glassfish\jaxb\txw2\2.3.4\txw2-2.3.4.jar;C:\Users\Admin\.m2\repository\com\sun\istack\istack-commons-runtime\3.0.12\istack-commons-runtime-3.0.12.jar;C:\Users\Admin\.m2\repository\com\sun\activation\jakarta.activation\1.2.2\jakarta.activation-1.2.2.jar;C:\Users\Admin\.m2\repository\org\hibernate\common\hibernate-commons-annotations\5.1.2.Final\hibernate-commons-annotations-5.1.2.Final.jar;C:\Users\Admin\.m2\repository\org\hibernate\validator\hibernate-validator\7.0.1.Final\hibernate-validator-7.0.1.Final.jar;C:\Users\Admin\.m2\repository\jakarta\validation\jakarta.validation-api\2.0.2\jakarta.validation-api-2.0.2.jar;C:\Users\Admin\.m2\repository\org\apache\commons\commons-lang3\3.11\commons-lang3-3.11.jar;C:\Users\Admin\.m2\repository\org\slf4j\slf4j-api\1.7.30\slf4j-api-1.7.30.jar;C:\Users\Admin\.m2\repository\ch\qos\logback\logback-classic\1.2.3\logback-classic-1.2.3.jar;C:\Users\Admin\.m2\repository\ch\qos\logback\logback-core\1.2.3\logback-core-1.2.3.jar;C:\Users\Admin\.m2\repository\javax\annotation\javax.annotation-api\1.3.2\javax.annotation-api-1.3.2.jar;C:\Users\Admin\.m2\repository\javax\servlet\javax.servlet-api\4.0.1\javax.servlet-api-4.0.1.jar;C:\Users\Admin\.m2\repository\org\postgresql\postgresql\42.2.18\postgresql-42.2.18.jar;C:\Users\Admin\.m2\repository\org\checkerframework\checker-qual\3.5.0\checker-qual-3.5.0.jar;C:\Users\Admin\.m2\repository\org\springdoc\springdoc-openapi-ui\1.6.1\springdoc-openapi-ui-1.6.1.jar;C:\Users\Admin\.m2\repository\org\springdoc\springdoc-openapi-webmvc-core\1.6.1\springdoc-openapi-webmvc-core-1.6.1.jar;C:\Users\Admin\.m2\repository\org\springdoc\springdoc-openapi-common\1.6.1\springdoc-openapi-common-1.6.1.jar;C:\Users\Admin\.m2\repository\io\swagger\core\v3\swagger-models\2.1.11\swagger-models-2.1.11.jar;C:\Users\Admin\.m2\repository\io\swagger\core\v3\swagger-annotations\2.1.11\swagger-annotations-2.1.11.jar;C:\Users\Admin\.m2\repository\io\swagger\core\v3\swagger-integration\2.1.11\swagger-integration-2.1.11.jar;C:\Users\Admin\.m2\repository\io\swagger\core\v3\swagger-core\2.1.11\swagger-core-2.1.11.jar;C:\Users\Admin\.m2\repository\com\fasterxml\jackson\dataformat\jackson-dataformat-yaml\2.11.4\jackson-dataformat-yaml-2.11.4.jar;C:\Users\Admin\.m2\repository\io\github\classgraph\classgraph\4.8.116\classgraph-4.8.116.jar;C:\Users\Admin\.m2\repository\org\webjars\swagger-ui\4.1.3\swagger-ui-4.1.3.jar;C:\Users\Admin\.m2\repository\org\webjars\webjars-locator-core\0.45\webjars-locator-core-0.45.jar;C:\Users\Admin\.m2\repository\com\fasterxml\jackson\core\jackson-core\2.11.4\jackson-core-2.11.4.jar;C:\Users\Admin\.m2\repository\org\mockito\mockito-core\3.7.7\mockito-core-3.7.7.jar;C:\Users\Admin\.m2\repository\net\bytebuddy\byte-buddy-agent\1.10.22\byte-buddy-agent-1.10.22.jar;C:\Users\Admin\.m2\repository\org\objenesis\objenesis\3.1\objenesis-3.1.jar;C:\Users\Admin\.m2\repository\com\h2database\h2\2.0.202\h2-2.0.202.jar;"/>
    <property name="sun.cpu.endian" value="little"/>
    <property name="user.home" value="C:\Users\Admin"/>
    <property name="user.language" value="ru"/>
    <property name="java.specification.vendor" value="Oracle Corporation"/>
    <property name="java.home" value="C:\Program Files\JAVA\jdk1.8.0_352\jre"/>
    <property name="basedir" value="E:\1_Java_Work\IDEA_Workspace_22_02_2023\Classtimetable"/>
    <property name="file.separator" value="\"/>
    <property name="line.separator" value="&#10;"/>
    <property name="java.vm.specification.vendor" value="Oracle Corporation"/>
    <property name="java.specification.name" value="Java Platform API Specification"/>
    <property name="java.awt.graphicsenv" value="sun.awt.Win32GraphicsEnvironment"/>
    <property name="java.awt.headless" value="true"/>
    <property name="surefire.real.class.path" value="C:\Users\Admin\AppData\Local\Temp\surefire4451887401512395404\surefirebooter4980853108217087325.jar;C:\\Users\\Admin\\.m2\\repository\\org\\jacoco\\org.jacoco.agent\\0.8.6\\org.jacoco.agent-0.8.6-runtime.jar"/>
    <property name="sun.boot.class.path" value="C:\Program Files\JAVA\jdk1.8.0_352\jre\lib\resources.jar;C:\Program Files\JAVA\jdk1.8.0_352\jre\lib\rt.jar;C:\Program Files\JAVA\jdk1.8.0_352\jre\lib\sunrsasign.jar;C:\Program Files\JAVA\jdk1.8.0_352\jre\lib\jsse.jar;C:\Program Files\JAVA\jdk1.8.0_352\jre\lib\jce.jar;C:\Program Files\JAVA\jdk1.8.0_352\jre\lib\charsets.jar;C:\Program Files\JAVA\jdk1.8.0_352\jre\lib\jfr.jar;C:\Program Files\JAVA\jdk1.8.0_352\jre\classes"/>
    <property name="user.script" value=""/>
    <property name="sun.management.compiler" value="HotSpot 64-Bit Tiered Compilers"/>
    <property name="java.runtime.version" value="1.8.0_352-b08"/>
    <property name="user.name" value="Admin"/>
    <property name="path.separator" value=";"/>
    <property name="os.version" value="10.0"/>
    <property name="java.endorsed.dirs" value="C:\Program Files\JAVA\jdk1.8.0_352\jre\lib\endorsed"/>
    <property name="java.runtime.name" value="OpenJDK Runtime Environment"/>
    <property name="file.encoding" value="Cp1251"/>
    <property name="spring.beaninfo.ignore" value="true"/>
    <property name="java.vm.name" value="OpenJDK 64-Bit Server VM"/>
    <property name="localRepository" value="C:\Users\Admin\.m2\repository"/>
    <property name="java.vendor.url.bug" value="https://github.com/adoptium/adoptium-support/issues"/>
    <property name="java.io.tmpdir" value="C:\Users\Admin\AppData\Local\Temp\"/>
    <property name="idea.version" value="2022.2.1"/>
    <property name="com.zaxxer.hikari.pool_number" value="1"/>
    <property name="java.version" value="1.8.0_352"/>
    <property name="user.dir" value="E:\1_Java_Work\IDEA_Workspace_22_02_2023\Classtimetable"/>
    <property name="os.arch" value="amd64"/>
    <property name="java.vm.specification.name" value="Java Virtual Machine Specification"/>
    <property name="PID" value="2332"/>
    <property name="java.awt.printerjob" value="sun.awt.windows.WPrinterJob"/>
    <property name="user.language.format" value="en"/>
    <property name="sun.os.patch.level" value=""/>
    <property name="java.library.path" value="C:\Program Files\JAVA\jdk1.8.0_352\jre\bin;C:\Windows\Sun\Java\bin;C:\Windows\system32;C:\Windows;C:\Program Files\Python2_7_13\;C:\Program Files\Python3_10\Scripts\;C:\Program Files\Python3_10\;C:\Program Files\Python3_9\Scripts\;C:\Program Files\Python3_9\;C:\Program Files\Python3_11\Scripts\;C:\Program Files\Python3_11\;C:\Program Files\Python38\Scripts\;C:\Program Files\Python38\;C:\Windows\system32;C:\Windows;C:\Windows\System32\Wbem;C:\Windows\System32\WindowsPowerShell\v1.0\;C:\Windows\System32\OpenSSH\;C:\Program Files\dotnet\;C:\Program Files\JAVA\jdk1.8.0_352\bin;C:\Program Files\MAVEN\apache-maven-3.8.6\bin;C:\ProgramData\chocolatey\bin;C:\Program Files (x86)\Yarn\bin\;C:\Program Files\nodejs\;C:\Program Files\Docker\Docker\resources\bin;C:\Program Files\Git\cmd;C:\Users\Admin\AppData\Local\Microsoft\WindowsApps;E:\1WORK_ProgramFiles\VS_Code_1,73\VSCode_2022\Microsoft VS Code\bin;E:\IntelliJ_IDEA_Community_2022.3\bin;;;C:\Users\Admin\AppData\Local\Programs\Microsoft VS Code\bin;E:\1WORK_ProgramFiles\PYTHON_3_WORK\PyCHARM_PROF_2022.2.1\bin;;C:\Users\Admin\AppData\Local\Yarn\bin;C:\Users\Admin\AppData\Roaming\npm;E:\1WORK_ProgramFiles\IDEA_Ultimate_2022.2.1\IntelliJ IDEA 2022.2.1\bin;;."/>
    <property name="java.vm.info" value="mixed mode"/>
    <property name="java.vendor" value="Temurin"/>
    <property name="java.vm.version" value="25.352-b08"/>
    <property name="java.specification.maintenance.version" value="4"/>
    <property name="java.ext.dirs" value="C:\Program Files\JAVA\jdk1.8.0_352\jre\lib\ext;C:\Windows\Sun\Java\lib\ext"/>
    <property name="sun.io.unicode.encoding" value="UnicodeLittle"/>
    <property name="java.class.version" value="52.0"/>
  </properties>
  <testcase name="should_deleteTeacher_when_controllerCallsDeleteMethod" classname="ua.com.foxminded.classtimetable.controllers.rest.LessonRestControllerIntegrationTest" time="0.106">
    <system-out><![CDATA[Hibernate: select lesson0_.id as id1_4_0_, lesson0_.classroom_id as classroo5_4_0_, lesson0_.course_id as course_i6_4_0_, lesson0_.date as date2_4_0_, lesson0_.end_time as end_time3_4_0_, lesson0_.start_time as start_ti4_4_0_, lesson0_.teacher_id as teacher_7_4_0_, classroom1_.id as id1_1_1_, classroom1_.building_id as building5_1_1_, classroom1_.room_capacity as room_cap2_1_1_, classroom1_.room_name as room_nam3_1_1_, classroom1_.room_type as room_typ4_1_1_, building2_.id as id1_0_2_, building2_.building_name as building2_0_2_, course3_.id as id1_2_3_, course3_.course_name as course_n2_2_3_, courseteac4_.course_id as course_i2_8_4_, teacher5_.id as teacher_1_8_4_, teacher5_.id as id1_7_5_, teacher5_.faculty_id as faculty_4_7_5_, teacher5_.first_name as first_na2_7_5_, teacher5_.last_name as last_nam3_7_5_, faculty6_.id as id1_3_6_, faculty6_.faculty_name as faculty_2_3_6_, teacher7_.id as id1_7_7_, teacher7_.faculty_id as faculty_4_7_7_, teacher7_.first_name as first_na2_7_7_, teacher7_.last_name as last_nam3_7_7_ from lessons lesson0_ left outer join classrooms classroom1_ on lesson0_.classroom_id=classroom1_.id left outer join buildings building2_ on classroom1_.building_id=building2_.id left outer join courses course3_ on lesson0_.course_id=course3_.id left outer join teachers_courses courseteac4_ on course3_.id=courseteac4_.course_id left outer join teachers teacher5_ on courseteac4_.teacher_id=teacher5_.id left outer join faculties faculty6_ on teacher5_.faculty_id=faculty6_.id left outer join teachers teacher7_ on lesson0_.teacher_id=teacher7_.id where lesson0_.id=?
Hibernate: select teachercou0_.teacher_id as teacher_1_8_0_, teachercou0_.course_id as course_i2_8_0_, course1_.id as id1_2_1_, course1_.course_name as course_n2_2_1_ from teachers_courses teachercou0_ inner join courses course1_ on teachercou0_.course_id=course1_.id where teachercou0_.teacher_id=?
26 Feb;19:05:41.016 [main] INFO  u.c.f.c.service.LessonService - getById: lesson = Lesson{id=495, date=2021-03-05, startTime=16:40, endTime=18:20, classroom=Classroom{id=15, roomName='C-5', roomType='Laboratory', roomCapacity=10, building=Building{id=3, buildingName='C'}}, course=Course{id=10, courseName='Geometry'}, teacher=Teacher{id=12, firstName='Mia', lastName='Brown', faculty=Faculty{id=2, facultyName='Technical Sciences Faculty'}}}
Hibernate: select lesson0_.id as id1_4_, lesson0_.classroom_id as classroo5_4_, lesson0_.course_id as course_i6_4_, lesson0_.date as date2_4_, lesson0_.end_time as end_time3_4_, lesson0_.start_time as start_ti4_4_, lesson0_.teacher_id as teacher_7_4_ from lessons lesson0_
Hibernate: select classroom0_.id as id1_1_0_, classroom0_.building_id as building5_1_0_, classroom0_.room_capacity as room_cap2_1_0_, classroom0_.room_name as room_nam3_1_0_, classroom0_.room_type as room_typ4_1_0_, building1_.id as id1_0_1_, building1_.building_name as building2_0_1_ from classrooms classroom0_ left outer join buildings building1_ on classroom0_.building_id=building1_.id where classroom0_.id=?
Hibernate: select course0_.id as id1_2_0_, course0_.course_name as course_n2_2_0_, courseteac1_.course_id as course_i2_8_1_, teacher2_.id as teacher_1_8_1_, teacher2_.id as id1_7_2_, teacher2_.faculty_id as faculty_4_7_2_, teacher2_.first_name as first_na2_7_2_, teacher2_.last_name as last_nam3_7_2_, faculty3_.id as id1_3_3_, faculty3_.faculty_name as faculty_2_3_3_ from courses course0_ left outer join teachers_courses courseteac1_ on course0_.id=courseteac1_.course_id left outer join teachers teacher2_ on courseteac1_.teacher_id=teacher2_.id left outer join faculties faculty3_ on teacher2_.faculty_id=faculty3_.id where course0_.id=?
Hibernate: select classroom0_.id as id1_1_0_, classroom0_.building_id as building5_1_0_, classroom0_.room_capacity as room_cap2_1_0_, classroom0_.room_name as room_nam3_1_0_, classroom0_.room_type as room_typ4_1_0_, building1_.id as id1_0_1_, building1_.building_name as building2_0_1_ from classrooms classroom0_ left outer join buildings building1_ on classroom0_.building_id=building1_.id where classroom0_.id=?
Hibernate: select classroom0_.id as id1_1_0_, classroom0_.building_id as building5_1_0_, classroom0_.room_capacity as room_cap2_1_0_, classroom0_.room_name as room_nam3_1_0_, classroom0_.room_type as room_typ4_1_0_, building1_.id as id1_0_1_, building1_.building_name as building2_0_1_ from classrooms classroom0_ left outer join buildings building1_ on classroom0_.building_id=building1_.id where classroom0_.id=?
Hibernate: select course0_.id as id1_2_0_, course0_.course_name as course_n2_2_0_, courseteac1_.course_id as course_i2_8_1_, teacher2_.id as teacher_1_8_1_, teacher2_.id as id1_7_2_, teacher2_.faculty_id as faculty_4_7_2_, teacher2_.first_name as first_na2_7_2_, teacher2_.last_name as last_nam3_7_2_, faculty3_.id as id1_3_3_, faculty3_.faculty_name as faculty_2_3_3_ from courses course0_ left outer join teachers_courses courseteac1_ on course0_.id=courseteac1_.course_id left outer join teachers teacher2_ on courseteac1_.teacher_id=teacher2_.id left outer join faculties faculty3_ on teacher2_.faculty_id=faculty3_.id where course0_.id=?
Hibernate: select classroom0_.id as id1_1_0_, classroom0_.building_id as building5_1_0_, classroom0_.room_capacity as room_cap2_1_0_, classroom0_.room_name as room_nam3_1_0_, classroom0_.room_type as room_typ4_1_0_, building1_.id as id1_0_1_, building1_.building_name as building2_0_1_ from classrooms classroom0_ left outer join buildings building1_ on classroom0_.building_id=building1_.id where classroom0_.id=?
Hibernate: select course0_.id as id1_2_0_, course0_.course_name as course_n2_2_0_, courseteac1_.course_id as course_i2_8_1_, teacher2_.id as teacher_1_8_1_, teacher2_.id as id1_7_2_, teacher2_.faculty_id as faculty_4_7_2_, teacher2_.first_name as first_na2_7_2_, teacher2_.last_name as last_nam3_7_2_, faculty3_.id as id1_3_3_, faculty3_.faculty_name as faculty_2_3_3_ from courses course0_ left outer join teachers_courses courseteac1_ on course0_.id=courseteac1_.course_id left outer join teachers teacher2_ on courseteac1_.teacher_id=teacher2_.id left outer join faculties faculty3_ on teacher2_.faculty_id=faculty3_.id where course0_.id=?
Hibernate: select classroom0_.id as id1_1_0_, classroom0_.building_id as building5_1_0_, classroom0_.room_capacity as room_cap2_1_0_, classroom0_.room_name as room_nam3_1_0_, classroom0_.room_type as room_typ4_1_0_, building1_.id as id1_0_1_, building1_.building_name as building2_0_1_ from classrooms classroom0_ left outer join buildings building1_ on classroom0_.building_id=building1_.id where classroom0_.id=?
Hibernate: select course0_.id as id1_2_0_, course0_.course_name as course_n2_2_0_, courseteac1_.course_id as course_i2_8_1_, teacher2_.id as teacher_1_8_1_, teacher2_.id as id1_7_2_, teacher2_.faculty_id as faculty_4_7_2_, teacher2_.first_name as first_na2_7_2_, teacher2_.last_name as last_nam3_7_2_, faculty3_.id as id1_3_3_, faculty3_.faculty_name as faculty_2_3_3_ from courses course0_ left outer join teachers_courses courseteac1_ on course0_.id=courseteac1_.course_id left outer join teachers teacher2_ on courseteac1_.teacher_id=teacher2_.id left outer join faculties faculty3_ on teacher2_.faculty_id=faculty3_.id where course0_.id=?
Hibernate: select classroom0_.id as id1_1_0_, classroom0_.building_id as building5_1_0_, classroom0_.room_capacity as room_cap2_1_0_, classroom0_.room_name as room_nam3_1_0_, classroom0_.room_type as room_typ4_1_0_, building1_.id as id1_0_1_, building1_.building_name as building2_0_1_ from classrooms classroom0_ left outer join buildings building1_ on classroom0_.building_id=building1_.id where classroom0_.id=?
Hibernate: select classroom0_.id as id1_1_0_, classroom0_.building_id as building5_1_0_, classroom0_.room_capacity as room_cap2_1_0_, classroom0_.room_name as room_nam3_1_0_, classroom0_.room_type as room_typ4_1_0_, building1_.id as id1_0_1_, building1_.building_name as building2_0_1_ from classrooms classroom0_ left outer join buildings building1_ on classroom0_.building_id=building1_.id where classroom0_.id=?
Hibernate: select classroom0_.id as id1_1_0_, classroom0_.building_id as building5_1_0_, classroom0_.room_capacity as room_cap2_1_0_, classroom0_.room_name as room_nam3_1_0_, classroom0_.room_type as room_typ4_1_0_, building1_.id as id1_0_1_, building1_.building_name as building2_0_1_ from classrooms classroom0_ left outer join buildings building1_ on classroom0_.building_id=building1_.id where classroom0_.id=?
Hibernate: select classroom0_.id as id1_1_0_, classroom0_.building_id as building5_1_0_, classroom0_.room_capacity as room_cap2_1_0_, classroom0_.room_name as room_nam3_1_0_, classroom0_.room_type as room_typ4_1_0_, building1_.id as id1_0_1_, building1_.building_name as building2_0_1_ from classrooms classroom0_ left outer join buildings building1_ on classroom0_.building_id=building1_.id where classroom0_.id=?
Hibernate: select course0_.id as id1_2_0_, course0_.course_name as course_n2_2_0_, courseteac1_.course_id as course_i2_8_1_, teacher2_.id as teacher_1_8_1_, teacher2_.id as id1_7_2_, teacher2_.faculty_id as faculty_4_7_2_, teacher2_.first_name as first_na2_7_2_, teacher2_.last_name as last_nam3_7_2_, faculty3_.id as id1_3_3_, faculty3_.faculty_name as faculty_2_3_3_ from courses course0_ left outer join teachers_courses courseteac1_ on course0_.id=courseteac1_.course_id left outer join teachers teacher2_ on courseteac1_.teacher_id=teacher2_.id left outer join faculties faculty3_ on teacher2_.faculty_id=faculty3_.id where course0_.id=?
Hibernate: select classroom0_.id as id1_1_0_, classroom0_.building_id as building5_1_0_, classroom0_.room_capacity as room_cap2_1_0_, classroom0_.room_name as room_nam3_1_0_, classroom0_.room_type as room_typ4_1_0_, building1_.id as id1_0_1_, building1_.building_name as building2_0_1_ from classrooms classroom0_ left outer join buildings building1_ on classroom0_.building_id=building1_.id where classroom0_.id=?
Hibernate: select classroom0_.id as id1_1_0_, classroom0_.building_id as building5_1_0_, classroom0_.room_capacity as room_cap2_1_0_, classroom0_.room_name as room_nam3_1_0_, classroom0_.room_type as room_typ4_1_0_, building1_.id as id1_0_1_, building1_.building_name as building2_0_1_ from classrooms classroom0_ left outer join buildings building1_ on classroom0_.building_id=building1_.id where classroom0_.id=?
Hibernate: select classroom0_.id as id1_1_0_, classroom0_.building_id as building5_1_0_, classroom0_.room_capacity as room_cap2_1_0_, classroom0_.room_name as room_nam3_1_0_, classroom0_.room_type as room_typ4_1_0_, building1_.id as id1_0_1_, building1_.building_name as building2_0_1_ from classrooms classroom0_ left outer join buildings building1_ on classroom0_.building_id=building1_.id where classroom0_.id=?
Hibernate: select course0_.id as id1_2_0_, course0_.course_name as course_n2_2_0_, courseteac1_.course_id as course_i2_8_1_, teacher2_.id as teacher_1_8_1_, teacher2_.id as id1_7_2_, teacher2_.faculty_id as faculty_4_7_2_, teacher2_.first_name as first_na2_7_2_, teacher2_.last_name as last_nam3_7_2_, faculty3_.id as id1_3_3_, faculty3_.faculty_name as faculty_2_3_3_ from courses course0_ left outer join teachers_courses courseteac1_ on course0_.id=courseteac1_.course_id left outer join teachers teacher2_ on courseteac1_.teacher_id=teacher2_.id left outer join faculties faculty3_ on teacher2_.faculty_id=faculty3_.id where course0_.id=?
Hibernate: select course0_.id as id1_2_0_, course0_.course_name as course_n2_2_0_, courseteac1_.course_id as course_i2_8_1_, teacher2_.id as teacher_1_8_1_, teacher2_.id as id1_7_2_, teacher2_.faculty_id as faculty_4_7_2_, teacher2_.first_name as first_na2_7_2_, teacher2_.last_name as last_nam3_7_2_, faculty3_.id as id1_3_3_, faculty3_.faculty_name as faculty_2_3_3_ from courses course0_ left outer join teachers_courses courseteac1_ on course0_.id=courseteac1_.course_id left outer join teachers teacher2_ on courseteac1_.teacher_id=teacher2_.id left outer join faculties faculty3_ on teacher2_.faculty_id=faculty3_.id where course0_.id=?
Hibernate: select course0_.id as id1_2_0_, course0_.course_name as course_n2_2_0_, courseteac1_.course_id as course_i2_8_1_, teacher2_.id as teacher_1_8_1_, teacher2_.id as id1_7_2_, teacher2_.faculty_id as faculty_4_7_2_, teacher2_.first_name as first_na2_7_2_, teacher2_.last_name as last_nam3_7_2_, faculty3_.id as id1_3_3_, faculty3_.faculty_name as faculty_2_3_3_ from courses course0_ left outer join teachers_courses courseteac1_ on course0_.id=courseteac1_.course_id left outer join teachers teacher2_ on courseteac1_.teacher_id=teacher2_.id left outer join faculties faculty3_ on teacher2_.faculty_id=faculty3_.id where course0_.id=?
Hibernate: select classroom0_.id as id1_1_0_, classroom0_.building_id as building5_1_0_, classroom0_.room_capacity as room_cap2_1_0_, classroom0_.room_name as room_nam3_1_0_, classroom0_.room_type as room_typ4_1_0_, building1_.id as id1_0_1_, building1_.building_name as building2_0_1_ from classrooms classroom0_ left outer join buildings building1_ on classroom0_.building_id=building1_.id where classroom0_.id=?
Hibernate: select course0_.id as id1_2_0_, course0_.course_name as course_n2_2_0_, courseteac1_.course_id as course_i2_8_1_, teacher2_.id as teacher_1_8_1_, teacher2_.id as id1_7_2_, teacher2_.faculty_id as faculty_4_7_2_, teacher2_.first_name as first_na2_7_2_, teacher2_.last_name as last_nam3_7_2_, faculty3_.id as id1_3_3_, faculty3_.faculty_name as faculty_2_3_3_ from courses course0_ left outer join teachers_courses courseteac1_ on course0_.id=courseteac1_.course_id left outer join teachers teacher2_ on courseteac1_.teacher_id=teacher2_.id left outer join faculties faculty3_ on teacher2_.faculty_id=faculty3_.id where course0_.id=?
Hibernate: select course0_.id as id1_2_0_, course0_.course_name as course_n2_2_0_, courseteac1_.course_id as course_i2_8_1_, teacher2_.id as teacher_1_8_1_, teacher2_.id as id1_7_2_, teacher2_.faculty_id as faculty_4_7_2_, teacher2_.first_name as first_na2_7_2_, teacher2_.last_name as last_nam3_7_2_, faculty3_.id as id1_3_3_, faculty3_.faculty_name as faculty_2_3_3_ from courses course0_ left outer join teachers_courses courseteac1_ on course0_.id=courseteac1_.course_id left outer join teachers teacher2_ on courseteac1_.teacher_id=teacher2_.id left outer join faculties faculty3_ on teacher2_.faculty_id=faculty3_.id where course0_.id=?
Hibernate: select teachercou0_.teacher_id as teacher_1_8_0_, teachercou0_.course_id as course_i2_8_0_, course1_.id as id1_2_1_, course1_.course_name as course_n2_2_1_ from teachers_courses teachercou0_ inner join courses course1_ on teachercou0_.course_id=course1_.id where teachercou0_.teacher_id=?
Hibernate: select teachercou0_.teacher_id as teacher_1_8_0_, teachercou0_.course_id as course_i2_8_0_, course1_.id as id1_2_1_, course1_.course_name as course_n2_2_1_ from teachers_courses teachercou0_ inner join courses course1_ on teachercou0_.course_id=course1_.id where teachercou0_.teacher_id=?
Hibernate: select teachercou0_.teacher_id as teacher_1_8_0_, teachercou0_.course_id as course_i2_8_0_, course1_.id as id1_2_1_, course1_.course_name as course_n2_2_1_ from teachers_courses teachercou0_ inner join courses course1_ on teachercou0_.course_id=course1_.id where teachercou0_.teacher_id=?
Hibernate: select teachercou0_.teacher_id as teacher_1_8_0_, teachercou0_.course_id as course_i2_8_0_, course1_.id as id1_2_1_, course1_.course_name as course_n2_2_1_ from teachers_courses teachercou0_ inner join courses course1_ on teachercou0_.course_id=course1_.id where teachercou0_.teacher_id=?
Hibernate: select teachercou0_.teacher_id as teacher_1_8_0_, teachercou0_.course_id as course_i2_8_0_, course1_.id as id1_2_1_, course1_.course_name as course_n2_2_1_ from teachers_courses teachercou0_ inner join courses course1_ on teachercou0_.course_id=course1_.id where teachercou0_.teacher_id=?
Hibernate: select teachercou0_.teacher_id as teacher_1_8_0_, teachercou0_.course_id as course_i2_8_0_, course1_.id as id1_2_1_, course1_.course_name as course_n2_2_1_ from teachers_courses teachercou0_ inner join courses course1_ on teachercou0_.course_id=course1_.id where teachercou0_.teacher_id=?
Hibernate: select teachercou0_.teacher_id as teacher_1_8_0_, teachercou0_.course_id as course_i2_8_0_, course1_.id as id1_2_1_, course1_.course_name as course_n2_2_1_ from teachers_courses teachercou0_ inner join courses course1_ on teachercou0_.course_id=course1_.id where teachercou0_.teacher_id=?
Hibernate: select teachercou0_.teacher_id as teacher_1_8_0_, teachercou0_.course_id as course_i2_8_0_, course1_.id as id1_2_1_, course1_.course_name as course_n2_2_1_ from teachers_courses teachercou0_ inner join courses course1_ on teachercou0_.course_id=course1_.id where teachercou0_.teacher_id=?
Hibernate: select teachercou0_.teacher_id as teacher_1_8_0_, teachercou0_.course_id as course_i2_8_0_, course1_.id as id1_2_1_, course1_.course_name as course_n2_2_1_ from teachers_courses teachercou0_ inner join courses course1_ on teachercou0_.course_id=course1_.id where teachercou0_.teacher_id=?
Hibernate: select teachercou0_.teacher_id as teacher_1_8_0_, teachercou0_.course_id as course_i2_8_0_, course1_.id as id1_2_1_, course1_.course_name as course_n2_2_1_ from teachers_courses teachercou0_ inner join courses course1_ on teachercou0_.course_id=course1_.id where teachercou0_.teacher_id=?
Hibernate: select teachercou0_.teacher_id as teacher_1_8_0_, teachercou0_.course_id as course_i2_8_0_, course1_.id as id1_2_1_, course1_.course_name as course_n2_2_1_ from teachers_courses teachercou0_ inner join courses course1_ on teachercou0_.course_id=course1_.id where teachercou0_.teacher_id=?
Hibernate: select teachercou0_.teacher_id as teacher_1_8_0_, teachercou0_.course_id as course_i2_8_0_, course1_.id as id1_2_1_, course1_.course_name as course_n2_2_1_ from teachers_courses teachercou0_ inner join courses course1_ on teachercou0_.course_id=course1_.id where teachercou0_.teacher_id=?
26 Feb;19:05:41.048 [main] INFO  u.c.f.c.service.LessonService - getAll():
 [Lesson{id=1, date=2021-01-20, startTime=09:20, endTime=11:00, classroom=Classroom{id=4, roomName='A-4', roomType='Lecture', roomCapacity=50, building=Building{id=1, buildingName='Changed name'}}, course=Course{id=3, courseName='Name'}, teacher=Teacher{id=3, firstName='Freya', lastName='Shepp', faculty=Faculty{id=3, facultyName='Faculty of Arts'}}}, Lesson{id=2, date=2021-01-20, startTime=11:10, endTime=12:50, classroom=Classroom{id=1, roomName='A-1', roomType='Class', roomCapacity=30, building=Building{id=1, buildingName='Changed name'}}, course=Course{id=3, courseName='Name'}, teacher=Teacher{id=3, firstName='Freya', lastName='Shepp', faculty=Faculty{id=3, facultyName='Faculty of Arts'}}}, Lesson{id=3, date=2021-01-20, startTime=13:00, endTime=14:40, classroom=Classroom{id=2, roomName='A-2', roomType='Class', roomCapacity=30, building=Building{id=1, buildingName='Changed name'}}, course=Course{id=4, courseName='Political science'}, teacher=Teacher{id=4, firstName='Olivia', lastName='Blake', faculty=Faculty{id=3, facultyName='Faculty of Arts'}}}, Lesson{id=4, date=2021-01-20, startTime=14:50, endTime=16:30, classroom=Classroom{id=3, roomName='A-3', roomType='Class', roomCapacity=30, building=Building{id=1, buildingName='Changed name'}}, course=Course{id=4, courseName='Political science'}, teacher=Teacher{id=4, firstName='Olivia', lastName='Blake', faculty=Faculty{id=3, facultyName='Faculty of Arts'}}}, Lesson{id=5, date=2021-01-20, startTime=16:40, endTime=18:20, classroom=Classroom{id=4, roomName='A-4', roomType='Lecture', roomCapacity=50, building=Building{id=1, buildingName='Changed name'}}, course=Course{id=5, courseName='Culture'}, teacher=Teacher{id=5, firstName='Scarlett', lastName='Nimoy', faculty=Faculty{id=3, facultyName='Faculty of Arts'}}}, Lesson{id=6, date=2021-01-20, startTime=09:20, endTime=11:00, classroom=Classroom{id=9, roomName='New name', roomType='Lecture', roomCapacity=50, building=Building{id=2, buildingName='B'}}, course=Course{id=6, courseName='Biology'}, teacher=Teacher{id=6, firstName='Ellie', lastName='Purh', faculty=Faculty{id=1, facultyName='Changed faculty name'}}}, Lesson{id=7, date=2021-01-20, startTime=11:10, endTime=12:50, classroom=Classroom{id=9, roomName='New name', roomType='Lecture', roomCapacity=50, building=Building{id=2, buildingName='B'}}, course=Course{id=6, courseName='Biology'}, teacher=Teacher{id=6, firstName='Ellie', lastName='Purh', faculty=Faculty{id=1, facultyName='Changed faculty name'}}}, Lesson{id=8, date=2021-01-20, startTime=13:00, endTime=14:40, classroom=Classroom{id=6, roomName='B-1', roomType='Class', roomCapacity=30, building=Building{id=2, buildingName='B'}}, course=Course{id=6, courseName='Biology'}, teacher=Teacher{id=7, firstName='Charlie', lastName='Byrne', faculty=Faculty{id=1, facultyName='Changed faculty name'}}}, Lesson{id=9, date=2021-01-20, startTime=14:50, endTime=16:30, classroom=Classroom{id=7, roomName='B-2', roomType='Class', roomCapacity=30, building=Building{id=2, buildingName='B'}}, course=Course{id=6, courseName='Biology'}, teacher=Teacher{id=7, firstName='Charlie', lastName='Byrne', faculty=Faculty{id=1, facultyName='Changed faculty name'}}}, Lesson{id=10, date=2021-01-20, startTime=16:40, endTime=18:20, classroom=Classroom{id=10, roomName='B-5', roomType='Laboratory', roomCapacity=10, building=Building{id=2, buildingName='B'}}, course=Course{id=6, courseName='Biology'}, teacher=Teacher{id=7, firstName='Charlie', lastName='Byrne', faculty=Faculty{id=1, facultyName='Changed faculty name'}}}, Lesson{id=11, date=2021-01-20, startTime=09:20, endTime=11:00, classroom=Classroom{id=14, roomName='C-4', roomType='Lecture', roomCapacity=50, building=Building{id=3, buildingName='C'}}, course=Course{id=10, courseName='Geometry'}, teacher=Teacher{id=12, firstName='Mia', lastName='Brown', faculty=Faculty{id=2, facultyName='Technical Sciences Faculty'}}}, Lesson{id=12, date=2021-01-20, startTime=11:10, endTime=12:50, classroom=Classroom{id=14, roomName='C-4', roomType='Lecture', roomCapacity=50, building=Building{id=3, buildingName='C'}}, course=Course{id=10, courseName='Geometry'}, teacher=Teacher{id=12, firstName='Mia', lastName='Brown', faculty=Faculty{id=2, facultyName='Technical Sciences Faculty'}}}, Lesson{id=13, date=2021-01-20, startTime=13:00, endTime=14:40, classroom=Classroom{id=11, roomName='C-1', roomType='Class', roomCapacity=30, building=Building{id=3, buildingName='C'}}, course=Course{id=10, courseName='Geometry'}, teacher=Teacher{id=12, firstName='Mia', lastName='Brown', faculty=Faculty{id=2, facultyName='Technical Sciences Faculty'}}}, Lesson{id=14, date=2021-01-20, startTime=14:50, endTime=16:30, classroom=Classroom{id=13, roomName='C-3', roomType='Class', roomCapacity=30, building=Building{id=3, buildingName='C'}}, course=Course{id=10, courseName='Geometry'}, teacher=Teacher{id=12, firstName='Mia', lastName='Brown', faculty=Faculty{id=2, facultyName='Technical Sciences Faculty'}}}, Lesson{id=15, date=2021-01-20, startTime=16:40, endTime=18:20, classroom=Classroom{id=15, roomName='C-5', roomType='Laboratory', roomCapacity=10, building=Building{id=3, buildingName='C'}}, course=Course{id=10, courseName='Geometry'}, teacher=Teacher{id=12, firstName='Mia', lastName='Brown', faculty=Faculty{id=2, facultyName='Technical Sciences Faculty'}}}, Lesson{id=16, date=2021-01-21, startTime=09:20, endTime=11:00, classroom=Classroom{id=4, roomName='A-4', roomType='Lecture', roomCapacity=50, building=Building{id=1, buildingName='Changed name'}}, course=Course{id=4, courseName='Political science'}, teacher=Teacher{id=4, firstName='Olivia', lastName='Blake', faculty=Faculty{id=3, facultyName='Faculty of Arts'}}}, Lesson{id=17, date=2021-01-21, startTime=11:10, endTime=12:50, classroom=Classroom{id=1, roomName='A-1', roomType='Class', roomCapacity=30, building=Building{id=1, buildingName='Changed name'}}, course=Course{id=4, courseName='Political science'}, teacher=Teacher{id=4, firstName='Olivia', lastName='Blake', faculty=Faculty{id=3, facultyName='Faculty of Arts'}}}, Lesson{id=18, date=2021-01-21, startTime=13:00, endTime=14:40, classroom=Classroom{id=2, roomName='A-2', roomType='Class', roomCapacity=30, building=Building{id=1, buildingName='Changed name'}}, course=Course{id=5, courseName='Culture'}, teacher=Teacher{id=5, firstName='Scarlett', lastName='Nimoy', faculty=Faculty{id=3, facultyName='Faculty of Arts'}}}, Lesson{id=19, date=2021-01-21, startTime=14:50, endTime=16:30, classroom=Classroom{id=3, roomName='A-3', roomType='Class', roomCapacity=30, building=Building{id=1, buildingName='Changed name'}}, course=Course{id=5, courseName='Culture'}, teacher=Teacher{id=5, firstName='Scarlett', lastName='Nimoy', faculty=Faculty{id=3, facultyName='Faculty of Arts'}}}, Lesson{id=20, date=2021-01-21, startTime=16:40, endTime=18:20, classroom=Classroom{id=4, roomName='A-4', roomType='Lecture', roomCapacity=50, building=Building{id=1, buildingName='Changed name'}}, course=Course{id=1, courseName='History'}, teacher=Teacher{id=1, firstName='Albert', lastName='Sykes', faculty=Faculty{id=3, facultyName='Faculty of Arts'}}}, Lesson{id=21, date=2021-01-21, startTime=09:20, endTime=11:00, classroom=Classroom{id=9, roomName='New name', roomType='Lecture', roomCapacity=50, building=Building{id=2, buildingName='B'}}, course=Course{id=7, courseName='Chemistry'}, teacher=Teacher{id=8, firstName='Samuel', lastName='Travis', faculty=Faculty{id=1, facultyName='Changed faculty name'}}}, Lesson{id=22, date=2021-01-21, startTime=11:10, endTime=12:50, classroom=Classroom{id=9, roomName='New name', roomType='Lecture', roomCapacity=50, building=Building{id=2, buildingName='B'}}, course=Course{id=7, courseName='Chemistry'}, teacher=Teacher{id=8, firstName='Samuel', lastName='Travis', faculty=Faculty{id=1, facultyName='Changed faculty name'}}}, Lesson{id=23, date=2021-01-21, startTime=13:00, endTime=14:40, classroom=Classroom{id=6, roomName='B-1', roomType='Class', roomCapacity=30, building=Building{id=2, buildingName='B'}}, course=Course{id=7, courseName='Chemistry'}, teacher=Teacher{id=9, firstName='Albert', lastName='Hill', faculty=Faculty{id=1, facultyName='Changed faculty name'}}}, Lesson{id=24, date=2021-01-21, startTime=14:50, endTime=16:30, classroom=Classroom{id=7, roomName='B-2', roomType='Class', roomCapacity=30, building=Building{id=2, buildingName='B'}}, course=Course{id=7, courseName='Chemistry'}, teacher=Teacher{id=9, firstName='Albert', lastName='Hill', faculty=Faculty{id=1, facultyName='Changed faculty name'}}}, Lesson{id=25, date=2021-01-21, startTime=16:40, endTime=18:20, classroom=Classroom{id=10, roomName='B-5', roomType='Laboratory', roomCapacity=10, building=Building{id=2, buildingName='B'}}, course=Course{id=7, courseName='Chemistry'}, teacher=Teacher{id=9, firstName='Albert', lastName='Hill', faculty=Faculty{id=1, facultyName='Changed faculty name'}}}, Lesson{id=26, date=2021-01-21, startTime=09:20, endTime=11:00, classroom=Classroom{id=14, roomName='C-4', roomType='Lecture', roomCapacity=50, building=Building{id=3, buildingName='C'}}, course=Course{id=8, courseName='Mathematics'}, teacher=Teacher{id=10, firstName='Joshua', lastName='Eve', faculty=Faculty{id=2, facultyName='Technical Sciences Faculty'}}}, Lesson{id=27, date=2021-01-21, startTime=11:10, endTime=12:50, classroom=Classroom{id=14, roomName='C-4', roomType='Lecture', roomCapacity=50, building=Building{id=3, buildingName='C'}}, course=Course{id=8, courseName='Mathematics'}, teacher=Teacher{id=10, firstName='Joshua', lastName='Eve', faculty=Faculty{id=2, facultyName='Technical Sciences Faculty'}}}, Lesson{id=28, date=2021-01-21, startTime=13:00, endTime=14:40, classroom=Classroom{id=12, roomName='C-2', roomType='Class', roomCapacity=30, building=Building{id=3, buildingName='C'}}, course=Course{id=9, courseName='Physics'}, teacher=Teacher{id=11, firstName='Sophia', lastName='Roos', faculty=Faculty{id=2, facultyName='Technical Sciences Faculty'}}}, Lesson{id=29, date=2021-01-21, startTime=14:50, endTime=16:30, classroom=Classroom{id=12, roomName='C-2', roomType='Class', roomCapacity=30, building=Building{id=3, buildingName='C'}}, course=Course{id=10, courseName='Geometry'}, teacher=Teacher{id=12, firstName='Mia', lastName='Brown', faculty=Faculty{id=2, facultyName='Technical Sciences Faculty'}}}, Lesson{id=30, date=2021-01-21, startTime=16:40, endTime=18:20, classroom=Classroom{id=15, roomName='C-5', roomType='Laboratory', roomCapacity=10, building=Building{id=3, buildingName='C'}}, course=Course{id=8, courseName='Mathematics'}, teacher=Teacher{id=10, firstName='Joshua', lastName='Eve', faculty=Faculty{id=2, facultyName='Technical Sciences Faculty'}}}, Lesson{id=31, date=2021-01-22, startTime=09:20, endTime=11:00, classroom=Classroom{id=4, roomName='A-4', roomType='Lecture', roomCapacity=50, building=Building{id=1, buildingName='Changed name'}}, course=Course{id=5, courseName='Culture'}, teacher=Teacher{id=5, firstName='Scarlett', lastName='Nimoy', faculty=Faculty{id=3, facultyName='Faculty of Arts'}}}, Lesson{id=32, date=2021-01-22, startTime=11:10, endTime=12:50, classroom=Classroom{id=1, roomName='A-1', roomType='Class', roomCapacity=30, building=Building{id=1, buildingName='Changed name'}}, course=Course{id=5, courseName='Culture'}, teacher=Teacher{id=5, firstName='Scarlett', lastName='Nimoy', faculty=Faculty{id=3, facultyName='Faculty of Arts'}}}, Lesson{id=33, date=2021-01-22, startTime=13:00, endTime=14:40, classroom=Classroom{id=2, roomName='A-2', roomType='Class', roomCapacity=30, building=Building{id=1, buildingName='Changed name'}}, course=Course{id=1, courseName='History'}, teacher=Teacher{id=1, firstName='Albert', lastName='Sykes', faculty=Faculty{id=3, facultyName='Faculty of Arts'}}}, Lesson{id=34, date=2021-01-22, startTime=14:50, endTime=16:30, classroom=Classroom{id=3, roomName='A-3', roomType='Class', roomCapacity=30, building=Building{id=1, buildingName='Changed name'}}, course=Course{id=1, courseName='History'}, teacher=Teacher{id=1, firstName='Albert', lastName='Sykes', faculty=Faculty{id=3, facultyName='Faculty of Arts'}}}, Lesson{id=35, date=2021-01-22, startTime=16:40, endTime=18:20, classroom=Classroom{id=4, roomName='A-4', roomType='Lecture', roomCapacity=50, building=Building{id=1, buildingName='Changed name'}}, course=Course{id=2, courseName='Philosophy'}, teacher=Teacher{id=2, firstName='Stanley', lastName='Gruber', faculty=Faculty{id=3, facultyName='Faculty of Arts'}}}, Lesson{id=36, date=2021-01-22, startTime=09:20, endTime=11:00, classroom=Classroom{id=9, roomName='New name', roomType='Lecture', roomCapacity=50, building=Building{id=2, buildingName='B'}}, course=Course{id=6, courseName='Biology'}, teacher=Teacher{id=6, firstName='Ellie', lastName='Purh', faculty=Faculty{id=1, facultyName='Changed faculty name'}}}, Lesson{id=37, date=2021-01-22, startTime=11:10, endTime=12:50, classroom=Classroom{id=9, roomName='New name', roomType='Lecture', roomCapacity=50, building=Building{id=2, buildingName='B'}}, course=Course{id=6, courseName='Biology'}, teacher=Teacher{id=6, firstName='Ellie', lastName='Purh', faculty=Faculty{id=1, facultyName='Changed faculty name'}}}, Lesson{id=38, date=2021-01-22, startTime=13:00, endTime=14:40, classroom=Classroom{id=6, roomName='B-1', roomType='Class', roomCapacity=30, building=Building{id=2, buildingName='B'}}, course=Course{id=6, courseName='Biology'}, teacher=Teacher{id=7, firstName='Charlie', lastName='Byrne', faculty=Faculty{id=1, facultyName='Changed faculty name'}}}, Lesson{id=39, date=2021-01-22, startTime=14:50, endTime=16:30, classroom=Classroom{id=7, roomName='B-2', roomType='Class', roomCapacity=30, building=Building{id=2, buildingName='B'}}, course=Course{id=6, courseName='Biology'}, teacher=Teacher{id=7, firstName='Charlie', lastName='Byrne', faculty=Faculty{id=1, facultyName='Changed faculty name'}}}, Lesson{id=40, date=2021-01-22, startTime=16:40, endTime=18:20, classroom=Classroom{id=10, roomName='B-5', roomType='Laboratory', roomCapacity=10, building=Building{id=2, buildingName='B'}}, course=Course{id=6, courseName='Biology'}, teacher=Teacher{id=7, firstName='Charlie', lastName='Byrne', faculty=Faculty{id=1, facultyName='Changed faculty name'}}}, Lesson{id=41, date=2021-01-22, startTime=09:20, endTime=11:00, classroom=Classroom{id=14, roomName='C-4', roomType='Lecture', roomCapacity=50, building=Building{id=3, buildingName='C'}}, course=Course{id=9, courseName='Physics'}, teacher=Teacher{id=11, firstName='Sophia', lastName='Roos', faculty=Faculty{id=2, facultyName='Technical Sciences Faculty'}}}, Lesson{id=42, date=2021-01-22, startTime=11:10, endTime=12:50, classroom=Classroom{id=14, roomName='C-4', roomType='Lecture', roomCapacity=50, building=Building{id=3, buildingName='C'}}, course=Course{id=10, courseName='Geometry'}, teacher=Teacher{id=12, firstName='Mia', lastName='Brown', faculty=Faculty{id=2, facultyName='Technical Sciences Faculty'}}}, Lesson{id=43, date=2021-01-22, startTime=13:00, endTime=14:40, classroom=Classroom{id=13, roomName='C-3', roomType='Class', roomCapacity=30, building=Building{id=3, buildingName='C'}}, course=Course{id=8, courseName='Mathematics'}, teacher=Teacher{id=10, firstName='Joshua', lastName='Eve', faculty=Faculty{id=2, facultyName='Technical Sciences Faculty'}}}, Lesson{id=44, date=2021-01-22, startTime=14:50, endTime=16:30, classroom=Classroom{id=15, roomName='C-5', roomType='Laboratory', roomCapacity=10, building=Building{id=3, buildingName='C'}}, course=Course{id=9, courseName='Physics'}, teacher=Teacher{id=11, firstName='Sophia', lastName='Roos', faculty=Faculty{id=2, facultyName='Technical Sciences Faculty'}}}, Lesson{id=45, date=2021-01-22, startTime=16:40, endTime=18:20, classroom=Classroom{id=15, roomName='C-5', roomType='Laboratory', roomCapacity=10, building=Building{id=3, buildingName='C'}}, course=Course{id=10, courseName='Geometry'}, teacher=Teacher{id=12, firstName='Mia', lastName='Brown', faculty=Faculty{id=2, facultyName='Technical Sciences Faculty'}}}, Lesson{id=46, date=2021-01-25, startTime=09:20, endTime=11:00, classroom=Classroom{id=4, roomName='A-4', roomType='Lecture', roomCapacity=50, building=Building{id=1, buildingName='Changed name'}}, course=Course{id=1, courseName='History'}, teacher=Teacher{id=1, firstName='Albert', lastName='Sykes', faculty=Faculty{id=3, facultyName='Faculty of Arts'}}}, Lesson{id=47, date=2021-01-25, startTime=11:10, endTime=12:50, classroom=Classroom{id=1, roomName='A-1', roomType='Class', roomCapacity=30, building=Building{id=1, buildingName='Changed name'}}, course=Course{id=1, courseName='History'}, teacher=Teacher{id=1, firstName='Albert', lastName='Sykes', faculty=Faculty{id=3, facultyName='Faculty of Arts'}}}, Lesson{id=48, date=2021-01-25, startTime=13:00, endTime=14:40, classroom=Classroom{id=2, roomName='A-2', roomType='Class', roomCapacity=30, building=Building{id=1, buildingName='Changed name'}}, course=Course{id=2, courseName='Philosophy'}, teacher=Teacher{id=2, firstName='Stanley', lastName='Gruber', faculty=Faculty{id=3, facultyName='Faculty of Arts'}}}, Lesson{id=49, date=2021-01-25, startTime=14:50, endTime=16:30, classroom=Classroom{id=3, roomName='A-3', roomType='Class', roomCapacity=30, building=Building{id=1, buildingName='Changed name'}}, course=Course{id=2, courseName='Philosophy'}, teacher=Teacher{id=2, firstName='Stanley', lastName='Gruber', faculty=Faculty{id=3, facultyName='Faculty of Arts'}}}, Lesson{id=50, date=2021-01-25, startTime=16:40, endTime=18:20, classroom=Classroom{id=4, roomName='A-4', roomType='Lecture', roomCapacity=50, building=Building{id=1, buildingName='Changed name'}}, course=Course{id=3, courseName='Name'}, teacher=Teacher{id=3, firstName='Freya', lastName='Shepp', faculty=Faculty{id=3, facultyName='Faculty of Arts'}}}, Lesson{id=51, date=2021-01-25, startTime=09:20, endTime=11:00, classroom=Classroom{id=9, roomName='New name', roomType='Lecture', roomCapacity=50, building=Building{id=2, buildingName='B'}}, course=Course{id=6, courseName='Biology'}, teacher=Teacher{id=6, firstName='Ellie', lastName='Purh', faculty=Faculty{id=1, facultyName='Changed faculty name'}}}, Lesson{id=52, date=2021-01-25, startTime=11:10, endTime=12:50, classroom=Classroom{id=9, roomName='New name', roomType='Lecture', roomCapacity=50, building=Building{id=2, buildingName='B'}}, course=Course{id=6, courseName='Biology'}, teacher=Teacher{id=6, firstName='Ellie', lastName='Purh', faculty=Faculty{id=1, facultyName='Changed faculty name'}}}, Lesson{id=53, date=2021-01-25, startTime=13:00, endTime=14:40, classroom=Classroom{id=6, roomName='B-1', roomType='Class', roomCapacity=30, building=Building{id=2, buildingName='B'}}, course=Course{id=6, courseName='Biology'}, teacher=Teacher{id=7, firstName='Charlie', lastName='Byrne', faculty=Faculty{id=1, facultyName='Changed faculty name'}}}, Lesson{id=54, date=2021-01-25, startTime=14:50, endTime=16:30, classroom=Classroom{id=7, roomName='B-2', roomType='Class', roomCapacity=30, building=Building{id=2, buildingName='B'}}, course=Course{id=6, courseName='Biology'}, teacher=Teacher{id=7, firstName='Charlie', lastName='Byrne', faculty=Faculty{id=1, facultyName='Changed faculty name'}}}, Lesson{id=55, date=2021-01-25, startTime=16:40, endTime=18:20, classroom=Classroom{id=10, roomName='B-5', roomType='Laboratory', roomCapacity=10, building=Building{id=2, buildingName='B'}}, course=Course{id=6, courseName='Biology'}, teacher=Teacher{id=7, firstName='Charlie', lastName='Byrne', faculty=Faculty{id=1, facultyName='Changed faculty name'}}}, Lesson{id=56, date=2021-01-25, startTime=09:20, endTime=11:00, classroom=Classroom{id=14, roomName='C-4', roomType='Lecture', roomCapacity=50, building=Building{id=3, buildingName='C'}}, course=Course{id=8, courseName='Mathematics'}, teacher=Teacher{id=10, firstName='Joshua', lastName='Eve', faculty=Faculty{id=2, facultyName='Technical Sciences Faculty'}}}, Lesson{id=57, date=2021-01-25, startTime=11:10, endTime=12:50, classroom=Classroom{id=14, roomName='C-4', roomType='Lecture', roomCapacity=50, building=Building{id=3, buildingName='C'}}, course=Course{id=8, courseName='Mathematics'}, teacher=Teacher{id=10, firstName='Joshua', lastName='Eve', faculty=Faculty{id=2, facultyName='Technical Sciences Faculty'}}}, Lesson{id=58, date=2021-01-25, startTime=13:00, endTime=14:40, classroom=Classroom{id=11, roomName='C-1', roomType='Class', roomCapacity=30, building=Building{id=3, buildingName='C'}}, course=Course{id=8, courseName='Mathematics'}, teacher=Teacher{id=10, firstName='Joshua', lastName='Eve', faculty=Faculty{id=2, facultyName='Technical Sciences Faculty'}}}, Lesson{id=59, date=2021-01-25, startTime=14:50, endTime=16:30, classroom=Classroom{id=13, roomName='C-3', roomType='Class', roomCapacity=30, building=Building{id=3, buildingName='C'}}, course=Course{id=8, courseName='Mathematics'}, teacher=Teacher{id=10, firstName='Joshua', lastName='Eve', faculty=Faculty{id=2, facultyName='Technical Sciences Faculty'}}}, Lesson{id=60, date=2021-01-25, startTime=16:40, endTime=18:20, classroom=Classroom{id=15, roomName='C-5', roomType='Laboratory', roomCapacity=10, building=Building{id=3, buildingName='C'}}, course=Course{id=8, courseName='Mathematics'}, teacher=Teacher{id=10, firstName='Joshua', lastName='Eve', faculty=Faculty{id=2, facultyName='Technical Sciences Faculty'}}}, Lesson{id=61, date=2021-01-26, startTime=09:20, endTime=11:00, classroom=Classroom{id=4, roomName='A-4', roomType='Lecture', roomCapacity=50, building=Building{id=1, buildingName='Changed name'}}, course=Course{id=2, courseName='Philosophy'}, teacher=Teacher{id=2, firstName='Stanley', lastName='Gruber', faculty=Faculty{id=3, facultyName='Faculty of Arts'}}}, Lesson{id=62, date=2021-01-26, startTime=11:10, endTime=12:50, classroom=Classroom{id=1, roomName='A-1', roomType='Class', roomCapacity=30, building=Building{id=1, buildingName='Changed name'}}, course=Course{id=2, courseName='Philosophy'}, teacher=Teacher{id=2, firstName='Stanley', lastName='Gruber', faculty=Faculty{id=3, facultyName='Faculty of Arts'}}}, Lesson{id=63, date=2021-01-26, startTime=13:00, endTime=14:40, classroom=Classroom{id=2, roomName='A-2', roomType='Class', roomCapacity=30, building=Building{id=1, buildingName='Changed name'}}, course=Course{id=3, courseName='Name'}, teacher=Teacher{id=3, firstName='Freya', lastName='Shepp', faculty=Faculty{id=3, facultyName='Faculty of Arts'}}}, Lesson{id=64, date=2021-01-26, startTime=14:50, endTime=16:30, classroom=Classroom{id=3, roomName='A-3', roomType='Class', roomCapacity=30, building=Building{id=1, buildingName='Changed name'}}, course=Course{id=3, courseName='Name'}, teacher=Teacher{id=3, firstName='Freya', lastName='Shepp', faculty=Faculty{id=3, facultyName='Faculty of Arts'}}}, Lesson{id=65, date=2021-01-26, startTime=16:40, endTime=18:20, classroom=Classroom{id=4, roomName='A-4', roomType='Lecture', roomCapacity=50, building=Building{id=1, buildingName='Changed name'}}, course=Course{id=4, courseName='Political science'}, teacher=Teacher{id=4, firstName='Olivia', lastName='Blake', faculty=Faculty{id=3, facultyName='Faculty of Arts'}}}, Lesson{id=66, date=2021-01-26, startTime=09:20, endTime=11:00, classroom=Classroom{id=9, roomName='New name', roomType='Lecture', roomCapacity=50, building=Building{id=2, buildingName='B'}}, course=Course{id=7, courseName='Chemistry'}, teacher=Teacher{id=8, firstName='Samuel', lastName='Travis', faculty=Faculty{id=1, facultyName='Changed faculty name'}}}, Lesson{id=67, date=2021-01-26, startTime=11:10, endTime=12:50, classroom=Classroom{id=9, roomName='New name', roomType='Lecture', roomCapacity=50, building=Building{id=2, buildingName='B'}}, course=Course{id=7, courseName='Chemistry'}, teacher=Teacher{id=8, firstName='Samuel', lastName='Travis', faculty=Faculty{id=1, facultyName='Changed faculty name'}}}, Lesson{id=68, date=2021-01-26, startTime=13:00, endTime=14:40, classroom=Classroom{id=6, roomName='B-1', roomType='Class', roomCapacity=30, building=Building{id=2, buildingName='B'}}, course=Course{id=7, courseName='Chemistry'}, teacher=Teacher{id=9, firstName='Albert', lastName='Hill', faculty=Faculty{id=1, facultyName='Changed faculty name'}}}, Lesson{id=69, date=2021-01-26, startTime=14:50, endTime=16:30, classroom=Classroom{id=7, roomName='B-2', roomType='Class', roomCapacity=30, building=Building{id=2, buildingName='B'}}, course=Course{id=7, courseName='Chemistry'}, teacher=Teacher{id=9, firstName='Albert', lastName='Hill', faculty=Faculty{id=1, facultyName='Changed faculty name'}}}, Lesson{id=70, date=2021-01-26, startTime=16:40, endTime=18:20, classroom=Classroom{id=10, roomName='B-5', roomType='Laboratory', roomCapacity=10, building=Building{id=2, buildingName='B'}}, course=Course{id=7, courseName='Chemistry'}, teacher=Teacher{id=9, firstName='Albert', lastName='Hill', faculty=Faculty{id=1, facultyName='Changed faculty name'}}}, Lesson{id=71, date=2021-01-26, startTime=09:20, endTime=11:00, classroom=Classroom{id=14, roomName='C-4', roomType='Lecture', roomCapacity=50, building=Building{id=3, buildingName='C'}}, course=Course{id=9, courseName='Physics'}, teacher=Teacher{id=11, firstName='Sophia', lastName='Roos', faculty=Faculty{id=2, facultyName='Technical Sciences Faculty'}}}, Lesson{id=72, date=2021-01-26, startTime=11:10, endTime=12:50, classroom=Classroom{id=14, roomName='C-4', roomType='Lecture', roomCapacity=50, building=Building{id=3, buildingName='C'}}, course=Course{id=9, courseName='Physics'}, teacher=Teacher{id=11, firstName='Sophia', lastName='Roos', faculty=Faculty{id=2, facultyName='Technical Sciences Faculty'}}}, Lesson{id=73, date=2021-01-26, startTime=13:00, endTime=14:40, classroom=Classroom{id=11, roomName='C-1', roomType='Class', roomCapacity=30, building=Building{id=3, buildingName='C'}}, course=Course{id=9, courseName='Physics'}, teacher=Teacher{id=11, firstName='Sophia', lastName='Roos', faculty=Faculty{id=2, facultyName='Technical Sciences Faculty'}}}, Lesson{id=74, date=2021-01-26, startTime=14:50, endTime=16:30, classroom=Classroom{id=13, roomName='C-3', roomType='Class', roomCapacity=30, building=Building{id=3, buildingName='C'}}, course=Course{id=9, courseName='Physics'}, teacher=Teacher{id=11, firstName='Sophia', lastName='Roos', faculty=Faculty{id=2, facultyName='Technical Sciences Faculty'}}}, Lesson{id=75, date=2021-01-26, startTime=16:40, endTime=18:20, classroom=Classroom{id=15, roomName='C-5', roomType='Laboratory', roomCapacity=10, building=Building{id=3, buildingName='C'}}, course=Course{id=9, courseName='Physics'}, teacher=Teacher{id=11, firstName='Sophia', lastName='Roos', faculty=Faculty{id=2, facultyName='Technical Sciences Faculty'}}}, Lesson{id=76, date=2021-01-27, startTime=09:20, endTime=11:00, classroom=Classroom{id=4, roomName='A-4', roomType='Lecture', roomCapacity=50, building=Building{id=1, buildingName='Changed name'}}, course=Course{id=3, courseName='Name'}, teacher=Teacher{id=3, firstName='Freya', lastName='Shepp', faculty=Faculty{id=3, facultyName='Faculty of Arts'}}}, Lesson{id=77, date=2021-01-27, startTime=11:10, endTime=12:50, classroom=Classroom{id=1, roomName='A-1', roomType='Class', roomCapacity=30, building=Building{id=1, buildingName='Changed name'}}, course=Course{id=3, courseName='Name'}, teacher=Teacher{id=3, firstName='Freya', lastName='Shepp', faculty=Faculty{id=3, facultyName='Faculty of Arts'}}}, Lesson{id=78, date=2021-01-27, startTime=13:00, endTime=14:40, classroom=Classroom{id=2, roomName='A-2', roomType='Class', roomCapacity=30, building=Building{id=1, buildingName='Changed name'}}, course=Course{id=4, courseName='Political science'}, teacher=Teacher{id=4, firstName='Olivia', lastName='Blake', faculty=Faculty{id=3, facultyName='Faculty of Arts'}}}, Lesson{id=79, date=2021-01-27, startTime=14:50, endTime=16:30, classroom=Classroom{id=3, roomName='A-3', roomType='Class', roomCapacity=30, building=Building{id=1, buildingName='Changed name'}}, course=Course{id=4, courseName='Political science'}, teacher=Teacher{id=4, firstName='Olivia', lastName='Blake', faculty=Faculty{id=3, facultyName='Faculty of Arts'}}}, Lesson{id=80, date=2021-01-27, startTime=16:40, endTime=18:20, classroom=Classroom{id=4, roomName='A-4', roomType='Lecture', roomCapacity=50, building=Building{id=1, buildingName='Changed name'}}, course=Course{id=5, courseName='Culture'}, teacher=Teacher{id=5, firstName='Scarlett', lastName='Nimoy', faculty=Faculty{id=3, facultyName='Faculty of Arts'}}}, Lesson{id=81, date=2021-01-27, startTime=09:20, endTime=11:00, classroom=Classroom{id=9, roomName='New name', roomType='Lecture', roomCapacity=50, building=Building{id=2, buildingName='B'}}, course=Course{id=6, courseName='Biology'}, teacher=Teacher{id=6, firstName='Ellie', lastName='Purh', faculty=Faculty{id=1, facultyName='Changed faculty name'}}}, Lesson{id=82, date=2021-01-27, startTime=11:10, endTime=12:50, classroom=Classroom{id=9, roomName='New name', roomType='Lecture', roomCapacity=50, building=Building{id=2, buildingName='B'}}, course=Course{id=6, courseName='Biology'}, teacher=Teacher{id=6, firstName='Ellie', lastName='Purh', faculty=Faculty{id=1, facultyName='Changed faculty name'}}}, Lesson{id=83, date=2021-01-27, startTime=13:00, endTime=14:40, classroom=Classroom{id=6, roomName='B-1', roomType='Class', roomCapacity=30, building=Building{id=2, buildingName='B'}}, course=Course{id=6, courseName='Biology'}, teacher=Teacher{id=7, firstName='Charlie', lastName='Byrne', faculty=Faculty{id=1, facultyName='Changed faculty name'}}}, Lesson{id=84, date=2021-01-27, startTime=14:50, endTime=16:30, classroom=Classroom{id=7, roomName='B-2', roomType='Class', roomCapacity=30, building=Building{id=2, buildingName='B'}}, course=Course{id=6, courseName='Biology'}, teacher=Teacher{id=7, firstName='Charlie', lastName='Byrne', faculty=Faculty{id=1, facultyName='Changed faculty name'}}}, Lesson{id=85, date=2021-01-27, startTime=16:40, endTime=18:20, classroom=Classroom{id=10, roomName='B-5', roomType='Laboratory', roomCapacity=10, building=Building{id=2, buildingName='B'}}, course=Course{id=6, courseName='Biology'}, teacher=Teacher{id=7, firstName='Charlie', lastName='Byrne', faculty=Faculty{id=1, facultyName='Changed faculty name'}}}, Lesson{id=86, date=2021-01-27, startTime=09:20, endTime=11:00, classroom=Classroom{id=14, roomName='C-4', roomType='Lecture', roomCapacity=50, building=Building{id=3, buildingName='C'}}, course=Course{id=10, courseName='Geometry'}, teacher=Teacher{id=12, firstName='Mia', lastName='Brown', faculty=Faculty{id=2, facultyName='Technical Sciences Faculty'}}}, Lesson{id=87, date=2021-01-27, startTime=11:10, endTime=12:50, classroom=Classroom{id=14, roomName='C-4', roomType='Lecture', roomCapacity=50, building=Building{id=3, buildingName='C'}}, course=Course{id=10, courseName='Geometry'}, teacher=Teacher{id=12, firstName='Mia', lastName='Brown', faculty=Faculty{id=2, facultyName='Technical Sciences Faculty'}}}, Lesson{id=88, date=2021-01-27, startTime=13:00, endTime=14:40, classroom=Classroom{id=11, roomName='C-1', roomType='Class', roomCapacity=30, building=Building{id=3, buildingName='C'}}, course=Course{id=10, courseName='Geometry'}, teacher=Teacher{id=12, firstName='Mia', lastName='Brown', faculty=Faculty{id=2, facultyName='Technical Sciences Faculty'}}}, Lesson{id=89, date=2021-01-27, startTime=14:50, endTime=16:30, classroom=Classroom{id=13, roomName='C-3', roomType='Class', roomCapacity=30, building=Building{id=3, buildingName='C'}}, course=Course{id=10, courseName='Geometry'}, teacher=Teacher{id=12, firstName='Mia', lastName='Brown', faculty=Faculty{id=2, facultyName='Technical Sciences Faculty'}}}, Lesson{id=90, date=2021-01-27, startTime=16:40, endTime=18:20, classroom=Classroom{id=15, roomName='C-5', roomType='Laboratory', roomCapacity=10, building=Building{id=3, buildingName='C'}}, course=Course{id=10, courseName='Geometry'}, teacher=Teacher{id=12, firstName='Mia', lastName='Brown', faculty=Faculty{id=2, facultyName='Technical Sciences Faculty'}}}, Lesson{id=91, date=2021-01-28, startTime=09:20, endTime=11:00, classroom=Classroom{id=4, roomName='A-4', roomType='Lecture', roomCapacity=50, building=Building{id=1, buildingName='Changed name'}}, course=Course{id=4, courseName='Political science'}, teacher=Teacher{id=4, firstName='Olivia', lastName='Blake', faculty=Faculty{id=3, facultyName='Faculty of Arts'}}}, Lesson{id=92, date=2021-01-28, startTime=11:10, endTime=12:50, classroom=Classroom{id=1, roomName='A-1', roomType='Class', roomCapacity=30, building=Building{id=1, buildingName='Changed name'}}, course=Course{id=4, courseName='Political science'}, teacher=Teacher{id=4, firstName='Olivia', lastName='Blake', faculty=Faculty{id=3, facultyName='Faculty of Arts'}}}, Lesson{id=93, date=2021-01-28, startTime=13:00, endTime=14:40, classroom=Classroom{id=2, roomName='A-2', roomType='Class', roomCapacity=30, building=Building{id=1, buildingName='Changed name'}}, course=Course{id=5, courseName='Culture'}, teacher=Teacher{id=5, firstName='Scarlett', lastName='Nimoy', faculty=Faculty{id=3, facultyName='Faculty of Arts'}}}, Lesson{id=94, date=2021-01-28, startTime=14:50, endTime=16:30, classroom=Classroom{id=3, roomName='A-3', roomType='Class', roomCapacity=30, building=Building{id=1, buildingName='Changed name'}}, course=Course{id=5, courseName='Culture'}, teacher=Teacher{id=5, firstName='Scarlett', lastName='Nimoy', faculty=Faculty{id=3, facultyName='Faculty of Arts'}}}, Lesson{id=95, date=2021-01-28, startTime=16:40, endTime=18:20, classroom=Classroom{id=4, roomName='A-4', roomType='Lecture', roomCapacity=50, building=Building{id=1, buildingName='Changed name'}}, course=Course{id=1, courseName='History'}, teacher=Teacher{id=1, firstName='Albert', lastName='Sykes', faculty=Faculty{id=3, facultyName='Faculty of Arts'}}}, Lesson{id=96, date=2021-01-28, startTime=09:20, endTime=11:00, classroom=Classroom{id=9, roomName='New name', roomType='Lecture', roomCapacity=50, building=Building{id=2, buildingName='B'}}, course=Course{id=7, courseName='Chemistry'}, teacher=Teacher{id=8, firstName='Samuel', lastName='Travis', faculty=Faculty{id=1, facultyName='Changed faculty name'}}}, Lesson{id=97, date=2021-01-28, startTime=11:10, endTime=12:50, classroom=Classroom{id=9, roomName='New name', roomType='Lecture', roomCapacity=50, building=Building{id=2, buildingName='B'}}, course=Course{id=7, courseName='Chemistry'}, teacher=Teacher{id=8, firstName='Samuel', lastName='Travis', faculty=Faculty{id=1, facultyName='Changed faculty name'}}}, Lesson{id=98, date=2021-01-28, startTime=13:00, endTime=14:40, classroom=Classroom{id=6, roomName='B-1', roomType='Class', roomCapacity=30, building=Building{id=2, buildingName='B'}}, course=Course{id=7, courseName='Chemistry'}, teacher=Teacher{id=9, firstName='Albert', lastName='Hill', faculty=Faculty{id=1, facultyName='Changed faculty name'}}}, Lesson{id=99, date=2021-01-28, startTime=14:50, endTime=16:30, classroom=Classroom{id=7, roomName='B-2', roomType='Class', roomCapacity=30, building=Building{id=2, buildingName='B'}}, course=Course{id=7, courseName='Chemistry'}, teacher=Teacher{id=9, firstName='Albert', lastName='Hill', faculty=Faculty{id=1, facultyName='Changed faculty name'}}}, Lesson{id=100, date=2021-01-28, startTime=16:40, endTime=18:20, classroom=Classroom{id=10, roomName='B-5', roomType='Laboratory', roomCapacity=10, building=Building{id=2, buildingName='B'}}, course=Course{id=7, courseName='Chemistry'}, teacher=Teacher{id=9, firstName='Albert', lastName='Hill', faculty=Faculty{id=1, facultyName='Changed faculty name'}}}, Lesson{id=101, date=2021-01-28, startTime=09:20, endTime=11:00, classroom=Classroom{id=14, roomName='C-4', roomType='Lecture', roomCapacity=50, building=Building{id=3, buildingName='C'}}, course=Course{id=8, courseName='Mathematics'}, teacher=Teacher{id=10, firstName='Joshua', lastName='Eve', faculty=Faculty{id=2, facultyName='Technical Sciences Faculty'}}}, Lesson{id=102, date=2021-01-28, startTime=11:10, endTime=12:50, classroom=Classroom{id=14, roomName='C-4', roomType='Lecture', roomCapacity=50, building=Building{id=3, buildingName='C'}}, course=Course{id=8, courseName='Mathematics'}, teacher=Teacher{id=10, firstName='Joshua', lastName='Eve', faculty=Faculty{id=2, facultyName='Technical Sciences Faculty'}}}, Lesson{id=103, date=2021-01-28, startTime=13:00, endTime=14:40, classroom=Classroom{id=12, roomName='C-2', roomType='Class', roomCapacity=30, building=Building{id=3, buildingName='C'}}, course=Course{id=9, courseName='Physics'}, teacher=Teacher{id=11, firstName='Sophia', lastName='Roos', faculty=Faculty{id=2, facultyName='Technical Sciences Faculty'}}}, Lesson{id=104, date=2021-01-28, startTime=14:50, endTime=16:30, classroom=Classroom{id=12, roomName='C-2', roomType='Class', roomCapacity=30, building=Building{id=3, buildingName='C'}}, course=Course{id=10, courseName='Geometry'}, teacher=Teacher{id=12, firstName='Mia', lastName='Brown', faculty=Faculty{id=2, facultyName='Technical Sciences Faculty'}}}, Lesson{id=105, date=2021-01-28, startTime=16:40, endTime=18:20, classroom=Classroom{id=15, roomName='C-5', roomType='Laboratory', roomCapacity=10, building=Building{id=3, buildingName='C'}}, course=Course{id=8, courseName='Mathematics'}, teacher=Teacher{id=10, firstName='Joshua', lastName='Eve', faculty=Faculty{id=2, facultyName='Technical Sciences Faculty'}}}, Lesson{id=106, date=2021-01-29, startTime=09:20, endTime=11:00, classroom=Classroom{id=4, roomName='A-4', roomType='Lecture', roomCapacity=50, building=Building{id=1, buildingName='Changed name'}}, course=Course{id=5, courseName='Culture'}, teacher=Teacher{id=5, firstName='Scarlett', lastName='Nimoy', faculty=Faculty{id=3, facultyName='Faculty of Arts'}}}, Lesson{id=107, date=2021-01-29, startTime=11:10, endTime=12:50, classroom=Classroom{id=1, roomName='A-1', roomType='Class', roomCapacity=30, building=Building{id=1, buildingName='Changed name'}}, course=Course{id=5, courseName='Culture'}, teacher=Teacher{id=5, firstName='Scarlett', lastName='Nimoy', faculty=Faculty{id=3, facultyName='Faculty of Arts'}}}, Lesson{id=108, date=2021-01-29, startTime=13:00, endTime=14:40, classroom=Classroom{id=2, roomName='A-2', roomType='Class', roomCapacity=30, building=Building{id=1, buildingName='Changed name'}}, course=Course{id=1, courseName='History'}, teacher=Teacher{id=1, firstName='Albert', lastName='Sykes', faculty=Faculty{id=3, facultyName='Faculty of Arts'}}}, Lesson{id=109, date=2021-01-29, startTime=14:50, endTime=16:30, classroom=Classroom{id=3, roomName='A-3', roomType='Class', roomCapacity=30, building=Building{id=1, buildingName='Changed name'}}, course=Course{id=1, courseName='History'}, teacher=Teacher{id=1, firstName='Albert', lastName='Sykes', faculty=Faculty{id=3, facultyName='Faculty of Arts'}}}, Lesson{id=110, date=2021-01-29, startTime=16:40, endTime=18:20, classroom=Classroom{id=4, roomName='A-4', roomType='Lecture', roomCapacity=50, building=Building{id=1, buildingName='Changed name'}}, course=Course{id=2, courseName='Philosophy'}, teacher=Teacher{id=2, firstName='Stanley', lastName='Gruber', faculty=Faculty{id=3, facultyName='Faculty of Arts'}}}, Lesson{id=111, date=2021-01-29, startTime=09:20, endTime=11:00, classroom=Classroom{id=9, roomName='New name', roomType='Lecture', roomCapacity=50, building=Building{id=2, buildingName='B'}}, course=Course{id=6, courseName='Biology'}, teacher=Teacher{id=6, firstName='Ellie', lastName='Purh', faculty=Faculty{id=1, facultyName='Changed faculty name'}}}, Lesson{id=112, date=2021-01-29, startTime=11:10, endTime=12:50, classroom=Classroom{id=9, roomName='New name', roomType='Lecture', roomCapacity=50, building=Building{id=2, buildingName='B'}}, course=Course{id=6, courseName='Biology'}, teacher=Teacher{id=6, firstName='Ellie', lastName='Purh', faculty=Faculty{id=1, facultyName='Changed faculty name'}}}, Lesson{id=113, date=2021-01-29, startTime=13:00, endTime=14:40, classroom=Classroom{id=6, roomName='B-1', roomType='Class', roomCapacity=30, building=Building{id=2, buildingName='B'}}, course=Course{id=6, courseName='Biology'}, teacher=Teacher{id=7, firstName='Charlie', lastName='Byrne', faculty=Faculty{id=1, facultyName='Changed faculty name'}}}, Lesson{id=114, date=2021-01-29, startTime=14:50, endTime=16:30, classroom=Classroom{id=7, roomName='B-2', roomType='Class', roomCapacity=30, building=Building{id=2, buildingName='B'}}, course=Course{id=6, courseName='Biology'}, teacher=Teacher{id=7, firstName='Charlie', lastName='Byrne', faculty=Faculty{id=1, facultyName='Changed faculty name'}}}, Lesson{id=115, date=2021-01-29, startTime=16:40, endTime=18:20, classroom=Classroom{id=10, roomName='B-5', roomType='Laboratory', roomCapacity=10, building=Building{id=2, buildingName='B'}}, course=Course{id=6, courseName='Biology'}, teacher=Teacher{id=7, firstName='Charlie', lastName='Byrne', faculty=Faculty{id=1, facultyName='Changed faculty name'}}}, Lesson{id=116, date=2021-01-29, startTime=09:20, endTime=11:00, classroom=Classroom{id=14, roomName='C-4', roomType='Lecture', roomCapacity=50, building=Building{id=3, buildingName='C'}}, course=Course{id=9, courseName='Physics'}, teacher=Teacher{id=11, firstName='Sophia', lastName='Roos', faculty=Faculty{id=2, facultyName='Technical Sciences Faculty'}}}, Lesson{id=117, date=2021-01-29, startTime=11:10, endTime=12:50, classroom=Classroom{id=14, roomName='C-4', roomType='Lecture', roomCapacity=50, building=Building{id=3, buildingName='C'}}, course=Course{id=10, courseName='Geometry'}, teacher=Teacher{id=12, firstName='Mia', lastName='Brown', faculty=Faculty{id=2, facultyName='Technical Sciences Faculty'}}}, Lesson{id=118, date=2021-01-29, startTime=13:00, endTime=14:40, classroom=Classroom{id=13, roomName='C-3', roomType='Class', roomCapacity=30, building=Building{id=3, buildingName='C'}}, course=Course{id=8, courseName='Mathematics'}, teacher=Teacher{id=10, firstName='Joshua', lastName='Eve', faculty=Faculty{id=2, facultyName='Technical Sciences Faculty'}}}, Lesson{id=119, date=2021-01-29, startTime=14:50, endTime=16:30, classroom=Classroom{id=15, roomName='C-5', roomType='Laboratory', roomCapacity=10, building=Building{id=3, buildingName='C'}}, course=Course{id=9, courseName='Physics'}, teacher=Teacher{id=11, firstName='Sophia', lastName='Roos', faculty=Faculty{id=2, facultyName='Technical Sciences Faculty'}}}, Lesson{id=120, date=2021-01-29, startTime=16:40, endTime=18:20, classroom=Classroom{id=15, roomName='C-5', roomType='Laboratory', roomCapacity=10, building=Building{id=3, buildingName='C'}}, course=Course{id=10, courseName='Geometry'}, teacher=Teacher{id=12, firstName='Mia', lastName='Brown', faculty=Faculty{id=2, facultyName='Technical Sciences Faculty'}}}, Lesson{id=121, date=2021-02-01, startTime=09:20, endTime=11:00, classroom=Classroom{id=4, roomName='A-4', roomType='Lecture', roomCapacity=50, building=Building{id=1, buildingName='Changed name'}}, course=Course{id=1, courseName='History'}, teacher=Teacher{id=1, firstName='Albert', lastName='Sykes', faculty=Faculty{id=3, facultyName='Faculty of Arts'}}}, Lesson{id=122, date=2021-02-01, startTime=11:10, endTime=12:50, classroom=Classroom{id=1, roomName='A-1', roomType='Class', roomCapacity=30, building=Building{id=1, buildingName='Changed name'}}, course=Course{id=1, courseName='History'}, teacher=Teacher{id=1, firstName='Albert', lastName='Sykes', faculty=Faculty{id=3, facultyName='Faculty of Arts'}}}, Lesson{id=123, date=2021-02-01, startTime=13:00, endTime=14:40, classroom=Classroom{id=2, roomName='A-2', roomType='Class', roomCapacity=30, building=Building{id=1, buildingName='Changed name'}}, course=Course{id=2, courseName='Philosophy'}, teacher=Teacher{id=2, firstName='Stanley', lastName='Gruber', faculty=Faculty{id=3, facultyName='Faculty of Arts'}}}, Lesson{id=124, date=2021-02-01, startTime=14:50, endTime=16:30, classroom=Classroom{id=3, roomName='A-3', roomType='Class', roomCapacity=30, building=Building{id=1, buildingName='Changed name'}}, course=Course{id=2, courseName='Philosophy'}, teacher=Teacher{id=2, firstName='Stanley', lastName='Gruber', faculty=Faculty{id=3, facultyName='Faculty of Arts'}}}, Lesson{id=125, date=2021-02-01, startTime=16:40, endTime=18:20, classroom=Classroom{id=4, roomName='A-4', roomType='Lecture', roomCapacity=50, building=Building{id=1, buildingName='Changed name'}}, course=Course{id=3, courseName='Name'}, teacher=Teacher{id=3, firstName='Freya', lastName='Shepp', faculty=Faculty{id=3, facultyName='Faculty of Arts'}}}, Lesson{id=126, date=2021-02-01, startTime=09:20, endTime=11:00, classroom=Classroom{id=9, roomName='New name', roomType='Lecture', roomCapacity=50, building=Building{id=2, buildingName='B'}}, course=Course{id=6, courseName='Biology'}, teacher=Teacher{id=6, firstName='Ellie', lastName='Purh', faculty=Faculty{id=1, facultyName='Changed faculty name'}}}, Lesson{id=127, date=2021-02-01, startTime=11:10, endTime=12:50, classroom=Classroom{id=9, roomName='New name', roomType='Lecture', roomCapacity=50, building=Building{id=2, buildingName='B'}}, course=Course{id=6, courseName='Biology'}, teacher=Teacher{id=6, firstName='Ellie', lastName='Purh', faculty=Faculty{id=1, facultyName='Changed faculty name'}}}, Lesson{id=128, date=2021-02-01, startTime=13:00, endTime=14:40, classroom=Classroom{id=6, roomName='B-1', roomType='Class', roomCapacity=30, building=Building{id=2, buildingName='B'}}, course=Course{id=6, courseName='Biology'}, teacher=Teacher{id=7, firstName='Charlie', lastName='Byrne', faculty=Faculty{id=1, facultyName='Changed faculty name'}}}, Lesson{id=129, date=2021-02-01, startTime=14:50, endTime=16:30, classroom=Classroom{id=7, roomName='B-2', roomType='Class', roomCapacity=30, building=Building{id=2, buildingName='B'}}, course=Course{id=6, courseName='Biology'}, teacher=Teacher{id=7, firstName='Charlie', lastName='Byrne', faculty=Faculty{id=1, facultyName='Changed faculty name'}}}, Lesson{id=130, date=2021-02-01, startTime=16:40, endTime=18:20, classroom=Classroom{id=10, roomName='B-5', roomType='Laboratory', roomCapacity=10, building=Building{id=2, buildingName='B'}}, course=Course{id=6, courseName='Biology'}, teacher=Teacher{id=7, firstName='Charlie', lastName='Byrne', faculty=Faculty{id=1, facultyName='Changed faculty name'}}}, Lesson{id=131, date=2021-02-01, startTime=09:20, endTime=11:00, classroom=Classroom{id=14, roomName='C-4', roomType='Lecture', roomCapacity=50, building=Building{id=3, buildingName='C'}}, course=Course{id=8, courseName='Mathematics'}, teacher=Teacher{id=10, firstName='Joshua', lastName='Eve', faculty=Faculty{id=2, facultyName='Technical Sciences Faculty'}}}, Lesson{id=132, date=2021-02-01, startTime=11:10, endTime=12:50, classroom=Classroom{id=14, roomName='C-4', roomType='Lecture', roomCapacity=50, building=Building{id=3, buildingName='C'}}, course=Course{id=8, courseName='Mathematics'}, teacher=Teacher{id=10, firstName='Joshua', lastName='Eve', faculty=Faculty{id=2, facultyName='Technical Sciences Faculty'}}}, Lesson{id=133, date=2021-02-01, startTime=13:00, endTime=14:40, classroom=Classroom{id=11, roomName='C-1', roomType='Class', roomCapacity=30, building=Building{id=3, buildingName='C'}}, course=Course{id=8, courseName='Mathematics'}, teacher=Teacher{id=10, firstName='Joshua', lastName='Eve', faculty=Faculty{id=2, facultyName='Technical Sciences Faculty'}}}, Lesson{id=134, date=2021-02-01, startTime=14:50, endTime=16:30, classroom=Classroom{id=13, roomName='C-3', roomType='Class', roomCapacity=30, building=Building{id=3, buildingName='C'}}, course=Course{id=8, courseName='Mathematics'}, teacher=Teacher{id=10, firstName='Joshua', lastName='Eve', faculty=Faculty{id=2, facultyName='Technical Sciences Faculty'}}}, Lesson{id=135, date=2021-02-01, startTime=16:40, endTime=18:20, classroom=Classroom{id=15, roomName='C-5', roomType='Laboratory', roomCapacity=10, building=Building{id=3, buildingName='C'}}, course=Course{id=8, courseName='Mathematics'}, teacher=Teacher{id=10, firstName='Joshua', lastName='Eve', faculty=Faculty{id=2, facultyName='Technical Sciences Faculty'}}}, Lesson{id=136, date=2021-02-02, startTime=09:20, endTime=11:00, classroom=Classroom{id=4, roomName='A-4', roomType='Lecture', roomCapacity=50, building=Building{id=1, buildingName='Changed name'}}, course=Course{id=2, courseName='Philosophy'}, teacher=Teacher{id=2, firstName='Stanley', lastName='Gruber', faculty=Faculty{id=3, facultyName='Faculty of Arts'}}}, Lesson{id=137, date=2021-02-02, startTime=11:10, endTime=12:50, classroom=Classroom{id=1, roomName='A-1', roomType='Class', roomCapacity=30, building=Building{id=1, buildingName='Changed name'}}, course=Course{id=2, courseName='Philosophy'}, teacher=Teacher{id=2, firstName='Stanley', lastName='Gruber', faculty=Faculty{id=3, facultyName='Faculty of Arts'}}}, Lesson{id=138, date=2021-02-02, startTime=13:00, endTime=14:40, classroom=Classroom{id=2, roomName='A-2', roomType='Class', roomCapacity=30, building=Building{id=1, buildingName='Changed name'}}, course=Course{id=3, courseName='Name'}, teacher=Teacher{id=3, firstName='Freya', lastName='Shepp', faculty=Faculty{id=3, facultyName='Faculty of Arts'}}}, Lesson{id=139, date=2021-02-02, startTime=14:50, endTime=16:30, classroom=Classroom{id=3, roomName='A-3', roomType='Class', roomCapacity=30, building=Building{id=1, buildingName='Changed name'}}, course=Course{id=3, courseName='Name'}, teacher=Teacher{id=3, firstName='Freya', lastName='Shepp', faculty=Faculty{id=3, facultyName='Faculty of Arts'}}}, Lesson{id=140, date=2021-02-02, startTime=16:40, endTime=18:20, classroom=Classroom{id=4, roomName='A-4', roomType='Lecture', roomCapacity=50, building=Building{id=1, buildingName='Changed name'}}, course=Course{id=4, courseName='Political science'}, teacher=Teacher{id=4, firstName='Olivia', lastName='Blake', faculty=Faculty{id=3, facultyName='Faculty of Arts'}}}, Lesson{id=141, date=2021-02-02, startTime=09:20, endTime=11:00, classroom=Classroom{id=9, roomName='New name', roomType='Lecture', roomCapacity=50, building=Building{id=2, buildingName='B'}}, course=Course{id=7, courseName='Chemistry'}, teacher=Teacher{id=8, firstName='Samuel', lastName='Travis', faculty=Faculty{id=1, facultyName='Changed faculty name'}}}, Lesson{id=142, date=2021-02-02, startTime=11:10, endTime=12:50, classroom=Classroom{id=9, roomName='New name', roomType='Lecture', roomCapacity=50, building=Building{id=2, buildingName='B'}}, course=Course{id=7, courseName='Chemistry'}, teacher=Teacher{id=8, firstName='Samuel', lastName='Travis', faculty=Faculty{id=1, facultyName='Changed faculty name'}}}, Lesson{id=143, date=2021-02-02, startTime=13:00, endTime=14:40, classroom=Classroom{id=6, roomName='B-1', roomType='Class', roomCapacity=30, building=Building{id=2, buildingName='B'}}, course=Course{id=7, courseName='Chemistry'}, teacher=Teacher{id=9, firstName='Albert', lastName='Hill', faculty=Faculty{id=1, facultyName='Changed faculty name'}}}, Lesson{id=144, date=2021-02-02, startTime=14:50, endTime=16:30, classroom=Classroom{id=7, roomName='B-2', roomType='Class', roomCapacity=30, building=Building{id=2, buildingName='B'}}, course=Course{id=7, courseName='Chemistry'}, teacher=Teacher{id=9, firstName='Albert', lastName='Hill', faculty=Faculty{id=1, facultyName='Changed faculty name'}}}, Lesson{id=145, date=2021-02-02, startTime=16:40, endTime=18:20, classroom=Classroom{id=10, roomName='B-5', roomType='Laboratory', roomCapacity=10, building=Building{id=2, buildingName='B'}}, course=Course{id=7, courseName='Chemistry'}, teacher=Teacher{id=9, firstName='Albert', lastName='Hill', faculty=Faculty{id=1, facultyName='Changed faculty name'}}}, Lesson{id=146, date=2021-02-02, startTime=09:20, endTime=11:00, classroom=Classroom{id=14, roomName='C-4', roomType='Lecture', roomCapacity=50, building=Building{id=3, buildingName='C'}}, course=Course{id=9, courseName='Physics'}, teacher=Teacher{id=11, firstName='Sophia', lastName='Roos', faculty=Faculty{id=2, facultyName='Technical Sciences Faculty'}}}, Lesson{id=147, date=2021-02-02, startTime=11:10, endTime=12:50, classroom=Classroom{id=14, roomName='C-4', roomType='Lecture', roomCapacity=50, building=Building{id=3, buildingName='C'}}, course=Course{id=9, courseName='Physics'}, teacher=Teacher{id=11, firstName='Sophia', lastName='Roos', faculty=Faculty{id=2, facultyName='Technical Sciences Faculty'}}}, Lesson{id=148, date=2021-02-02, startTime=13:00, endTime=14:40, classroom=Classroom{id=11, roomName='C-1', roomType='Class', roomCapacity=30, building=Building{id=3, buildingName='C'}}, course=Course{id=9, courseName='Physics'}, teacher=Teacher{id=11, firstName='Sophia', lastName='Roos', faculty=Faculty{id=2, facultyName='Technical Sciences Faculty'}}}, Lesson{id=149, date=2021-02-02, startTime=14:50, endTime=16:30, classroom=Classroom{id=13, roomName='C-3', roomType='Class', roomCapacity=30, building=Building{id=3, buildingName='C'}}, course=Course{id=9, courseName='Physics'}, teacher=Teacher{id=11, firstName='Sophia', lastName='Roos', faculty=Faculty{id=2, facultyName='Technical Sciences Faculty'}}}, Lesson{id=150, date=2021-02-02, startTime=16:40, endTime=18:20, classroom=Classroom{id=15, roomName='C-5', roomType='Laboratory', roomCapacity=10, building=Building{id=3, buildingName='C'}}, course=Course{id=9, courseName='Physics'}, teacher=Teacher{id=11, firstName='Sophia', lastName='Roos', faculty=Faculty{id=2, facultyName='Technical Sciences Faculty'}}}, Lesson{id=151, date=2021-02-03, startTime=09:20, endTime=11:00, classroom=Classroom{id=4, roomName='A-4', roomType='Lecture', roomCapacity=50, building=Building{id=1, buildingName='Changed name'}}, course=Course{id=3, courseName='Name'}, teacher=Teacher{id=3, firstName='Freya', lastName='Shepp', faculty=Faculty{id=3, facultyName='Faculty of Arts'}}}, Lesson{id=152, date=2021-02-03, startTime=11:10, endTime=12:50, classroom=Classroom{id=1, roomName='A-1', roomType='Class', roomCapacity=30, building=Building{id=1, buildingName='Changed name'}}, course=Course{id=3, courseName='Name'}, teacher=Teacher{id=3, firstName='Freya', lastName='Shepp', faculty=Faculty{id=3, facultyName='Faculty of Arts'}}}, Lesson{id=153, date=2021-02-03, startTime=13:00, endTime=14:40, classroom=Classroom{id=2, roomName='A-2', roomType='Class', roomCapacity=30, building=Building{id=1, buildingName='Changed name'}}, course=Course{id=4, courseName='Political science'}, teacher=Teacher{id=4, firstName='Olivia', lastName='Blake', faculty=Faculty{id=3, facultyName='Faculty of Arts'}}}, Lesson{id=154, date=2021-02-03, startTime=14:50, endTime=16:30, classroom=Classroom{id=3, roomName='A-3', roomType='Class', roomCapacity=30, building=Building{id=1, buildingName='Changed name'}}, course=Course{id=4, courseName='Political science'}, teacher=Teacher{id=4, firstName='Olivia', lastName='Blake', faculty=Faculty{id=3, facultyName='Faculty of Arts'}}}, Lesson{id=155, date=2021-02-03, startTime=16:40, endTime=18:20, classroom=Classroom{id=4, roomName='A-4', roomType='Lecture', roomCapacity=50, building=Building{id=1, buildingName='Changed name'}}, course=Course{id=5, courseName='Culture'}, teacher=Teacher{id=5, firstName='Scarlett', lastName='Nimoy', faculty=Faculty{id=3, facultyName='Faculty of Arts'}}}, Lesson{id=156, date=2021-02-03, startTime=09:20, endTime=11:00, classroom=Classroom{id=9, roomName='New name', roomType='Lecture', roomCapacity=50, building=Building{id=2, buildingName='B'}}, course=Course{id=6, courseName='Biology'}, teacher=Teacher{id=6, firstName='Ellie', lastName='Purh', faculty=Faculty{id=1, facultyName='Changed faculty name'}}}, Lesson{id=157, date=2021-02-03, startTime=11:10, endTime=12:50, classroom=Classroom{id=9, roomName='New name', roomType='Lecture', roomCapacity=50, building=Building{id=2, buildingName='B'}}, course=Course{id=6, courseName='Biology'}, teacher=Teacher{id=6, firstName='Ellie', lastName='Purh', faculty=Faculty{id=1, facultyName='Changed faculty name'}}}, Lesson{id=158, date=2021-02-03, startTime=13:00, endTime=14:40, classroom=Classroom{id=6, roomName='B-1', roomType='Class', roomCapacity=30, building=Building{id=2, buildingName='B'}}, course=Course{id=6, courseName='Biology'}, teacher=Teacher{id=7, firstName='Charlie', lastName='Byrne', faculty=Faculty{id=1, facultyName='Changed faculty name'}}}, Lesson{id=159, date=2021-02-03, startTime=14:50, endTime=16:30, classroom=Classroom{id=7, roomName='B-2', roomType='Class', roomCapacity=30, building=Building{id=2, buildingName='B'}}, course=Course{id=6, courseName='Biology'}, teacher=Teacher{id=7, firstName='Charlie', lastName='Byrne', faculty=Faculty{id=1, facultyName='Changed faculty name'}}}, Lesson{id=160, date=2021-02-03, startTime=16:40, endTime=18:20, classroom=Classroom{id=10, roomName='B-5', roomType='Laboratory', roomCapacity=10, building=Building{id=2, buildingName='B'}}, course=Course{id=6, courseName='Biology'}, teacher=Teacher{id=7, firstName='Charlie', lastName='Byrne', faculty=Faculty{id=1, facultyName='Changed faculty name'}}}, Lesson{id=161, date=2021-02-03, startTime=09:20, endTime=11:00, classroom=Classroom{id=14, roomName='C-4', roomType='Lecture', roomCapacity=50, building=Building{id=3, buildingName='C'}}, course=Course{id=10, courseName='Geometry'}, teacher=Teacher{id=12, firstName='Mia', lastName='Brown', faculty=Faculty{id=2, facultyName='Technical Sciences Faculty'}}}, Lesson{id=162, date=2021-02-03, startTime=11:10, endTime=12:50, classroom=Classroom{id=14, roomName='C-4', roomType='Lecture', roomCapacity=50, building=Building{id=3, buildingName='C'}}, course=Course{id=10, courseName='Geometry'}, teacher=Teacher{id=12, firstName='Mia', lastName='Brown', faculty=Faculty{id=2, facultyName='Technical Sciences Faculty'}}}, Lesson{id=163, date=2021-02-03, startTime=13:00, endTime=14:40, classroom=Classroom{id=11, roomName='C-1', roomType='Class', roomCapacity=30, building=Building{id=3, buildingName='C'}}, course=Course{id=10, courseName='Geometry'}, teacher=Teacher{id=12, firstName='Mia', lastName='Brown', faculty=Faculty{id=2, facultyName='Technical Sciences Faculty'}}}, Lesson{id=164, date=2021-02-03, startTime=14:50, endTime=16:30, classroom=Classroom{id=13, roomName='C-3', roomType='Class', roomCapacity=30, building=Building{id=3, buildingName='C'}}, course=Course{id=10, courseName='Geometry'}, teacher=Teacher{id=12, firstName='Mia', lastName='Brown', faculty=Faculty{id=2, facultyName='Technical Sciences Faculty'}}}, Lesson{id=165, date=2021-02-03, startTime=16:40, endTime=18:20, classroom=Classroom{id=15, roomName='C-5', roomType='Laboratory', roomCapacity=10, building=Building{id=3, buildingName='C'}}, course=Course{id=10, courseName='Geometry'}, teacher=Teacher{id=12, firstName='Mia', lastName='Brown', faculty=Faculty{id=2, facultyName='Technical Sciences Faculty'}}}, Lesson{id=166, date=2021-02-04, startTime=09:20, endTime=11:00, classroom=Classroom{id=4, roomName='A-4', roomType='Lecture', roomCapacity=50, building=Building{id=1, buildingName='Changed name'}}, course=Course{id=4, courseName='Political science'}, teacher=Teacher{id=4, firstName='Olivia', lastName='Blake', faculty=Faculty{id=3, facultyName='Faculty of Arts'}}}, Lesson{id=167, date=2021-02-04, startTime=11:10, endTime=12:50, classroom=Classroom{id=1, roomName='A-1', roomType='Class', roomCapacity=30, building=Building{id=1, buildingName='Changed name'}}, course=Course{id=4, courseName='Political science'}, teacher=Teacher{id=4, firstName='Olivia', lastName='Blake', faculty=Faculty{id=3, facultyName='Faculty of Arts'}}}, Lesson{id=168, date=2021-02-04, startTime=13:00, endTime=14:40, classroom=Classroom{id=2, roomName='A-2', roomType='Class', roomCapacity=30, building=Building{id=1, buildingName='Changed name'}}, course=Course{id=5, courseName='Culture'}, teacher=Teacher{id=5, firstName='Scarlett', lastName='Nimoy', faculty=Faculty{id=3, facultyName='Faculty of Arts'}}}, Lesson{id=169, date=2021-02-04, startTime=14:50, endTime=16:30, classroom=Classroom{id=3, roomName='A-3', roomType='Class', roomCapacity=30, building=Building{id=1, buildingName='Changed name'}}, course=Course{id=5, courseName='Culture'}, teacher=Teacher{id=5, firstName='Scarlett', lastName='Nimoy', faculty=Faculty{id=3, facultyName='Faculty of Arts'}}}, Lesson{id=170, date=2021-02-04, startTime=16:40, endTime=18:20, classroom=Classroom{id=4, roomName='A-4', roomType='Lecture', roomCapacity=50, building=Building{id=1, buildingName='Changed name'}}, course=Course{id=1, courseName='History'}, teacher=Teacher{id=1, firstName='Albert', lastName='Sykes', faculty=Faculty{id=3, facultyName='Faculty of Arts'}}}, Lesson{id=171, date=2021-02-04, startTime=09:20, endTime=11:00, classroom=Classroom{id=9, roomName='New name', roomType='Lecture', roomCapacity=50, building=Building{id=2, buildingName='B'}}, course=Course{id=7, courseName='Chemistry'}, teacher=Teacher{id=8, firstName='Samuel', lastName='Travis', faculty=Faculty{id=1, facultyName='Changed faculty name'}}}, Lesson{id=172, date=2021-02-04, startTime=11:10, endTime=12:50, classroom=Classroom{id=9, roomName='New name', roomType='Lecture', roomCapacity=50, building=Building{id=2, buildingName='B'}}, course=Course{id=7, courseName='Chemistry'}, teacher=Teacher{id=8, firstName='Samuel', lastName='Travis', faculty=Faculty{id=1, facultyName='Changed faculty name'}}}, Lesson{id=173, date=2021-02-04, startTime=13:00, endTime=14:40, classroom=Classroom{id=6, roomName='B-1', roomType='Class', roomCapacity=30, building=Building{id=2, buildingName='B'}}, course=Course{id=7, courseName='Chemistry'}, teacher=Teacher{id=9, firstName='Albert', lastName='Hill', faculty=Faculty{id=1, facultyName='Changed faculty name'}}}, Lesson{id=174, date=2021-02-04, startTime=14:50, endTime=16:30, classroom=Classroom{id=7, roomName='B-2', roomType='Class', roomCapacity=30, building=Building{id=2, buildingName='B'}}, course=Course{id=7, courseName='Chemistry'}, teacher=Teacher{id=9, firstName='Albert', lastName='Hill', faculty=Faculty{id=1, facultyName='Changed faculty name'}}}, Lesson{id=175, date=2021-02-04, startTime=16:40, endTime=18:20, classroom=Classroom{id=10, roomName='B-5', roomType='Laboratory', roomCapacity=10, building=Building{id=2, buildingName='B'}}, course=Course{id=7, courseName='Chemistry'}, teacher=Teacher{id=9, firstName='Albert', lastName='Hill', faculty=Faculty{id=1, facultyName='Changed faculty name'}}}, Lesson{id=176, date=2021-02-04, startTime=09:20, endTime=11:00, classroom=Classroom{id=14, roomName='C-4', roomType='Lecture', roomCapacity=50, building=Building{id=3, buildingName='C'}}, course=Course{id=8, courseName='Mathematics'}, teacher=Teacher{id=10, firstName='Joshua', lastName='Eve', faculty=Faculty{id=2, facultyName='Technical Sciences Faculty'}}}, Lesson{id=177, date=2021-02-04, startTime=11:10, endTime=12:50, classroom=Classroom{id=14, roomName='C-4', roomType='Lecture', roomCapacity=50, building=Building{id=3, buildingName='C'}}, course=Course{id=8, courseName='Mathematics'}, teacher=Teacher{id=10, firstName='Joshua', lastName='Eve', faculty=Faculty{id=2, facultyName='Technical Sciences Faculty'}}}, Lesson{id=178, date=2021-02-04, startTime=13:00, endTime=14:40, classroom=Classroom{id=12, roomName='C-2', roomType='Class', roomCapacity=30, building=Building{id=3, buildingName='C'}}, course=Course{id=9, courseName='Physics'}, teacher=Teacher{id=11, firstName='Sophia', lastName='Roos', faculty=Faculty{id=2, facultyName='Technical Sciences Faculty'}}}, Lesson{id=179, date=2021-02-04, startTime=14:50, endTime=16:30, classroom=Classroom{id=12, roomName='C-2', roomType='Class', roomCapacity=30, building=Building{id=3, buildingName='C'}}, course=Course{id=10, courseName='Geometry'}, teacher=Teacher{id=12, firstName='Mia', lastName='Brown', faculty=Faculty{id=2, facultyName='Technical Sciences Faculty'}}}, Lesson{id=180, date=2021-02-04, startTime=16:40, endTime=18:20, classroom=Classroom{id=15, roomName='C-5', roomType='Laboratory', roomCapacity=10, building=Building{id=3, buildingName='C'}}, course=Course{id=8, courseName='Mathematics'}, teacher=Teacher{id=10, firstName='Joshua', lastName='Eve', faculty=Faculty{id=2, facultyName='Technical Sciences Faculty'}}}, Lesson{id=181, date=2021-02-05, startTime=09:20, endTime=11:00, classroom=Classroom{id=4, roomName='A-4', roomType='Lecture', roomCapacity=50, building=Building{id=1, buildingName='Changed name'}}, course=Course{id=5, courseName='Culture'}, teacher=Teacher{id=5, firstName='Scarlett', lastName='Nimoy', faculty=Faculty{id=3, facultyName='Faculty of Arts'}}}, Lesson{id=182, date=2021-02-05, startTime=11:10, endTime=12:50, classroom=Classroom{id=1, roomName='A-1', roomType='Class', roomCapacity=30, building=Building{id=1, buildingName='Changed name'}}, course=Course{id=5, courseName='Culture'}, teacher=Teacher{id=5, firstName='Scarlett', lastName='Nimoy', faculty=Faculty{id=3, facultyName='Faculty of Arts'}}}, Lesson{id=183, date=2021-02-05, startTime=13:00, endTime=14:40, classroom=Classroom{id=2, roomName='A-2', roomType='Class', roomCapacity=30, building=Building{id=1, buildingName='Changed name'}}, course=Course{id=1, courseName='History'}, teacher=Teacher{id=1, firstName='Albert', lastName='Sykes', faculty=Faculty{id=3, facultyName='Faculty of Arts'}}}, Lesson{id=184, date=2021-02-05, startTime=14:50, endTime=16:30, classroom=Classroom{id=3, roomName='A-3', roomType='Class', roomCapacity=30, building=Building{id=1, buildingName='Changed name'}}, course=Course{id=1, courseName='History'}, teacher=Teacher{id=1, firstName='Albert', lastName='Sykes', faculty=Faculty{id=3, facultyName='Faculty of Arts'}}}, Lesson{id=185, date=2021-02-05, startTime=16:40, endTime=18:20, classroom=Classroom{id=4, roomName='A-4', roomType='Lecture', roomCapacity=50, building=Building{id=1, buildingName='Changed name'}}, course=Course{id=2, courseName='Philosophy'}, teacher=Teacher{id=2, firstName='Stanley', lastName='Gruber', faculty=Faculty{id=3, facultyName='Faculty of Arts'}}}, Lesson{id=186, date=2021-02-05, startTime=09:20, endTime=11:00, classroom=Classroom{id=9, roomName='New name', roomType='Lecture', roomCapacity=50, building=Building{id=2, buildingName='B'}}, course=Course{id=6, courseName='Biology'}, teacher=Teacher{id=6, firstName='Ellie', lastName='Purh', faculty=Faculty{id=1, facultyName='Changed faculty name'}}}, Lesson{id=187, date=2021-02-05, startTime=11:10, endTime=12:50, classroom=Classroom{id=9, roomName='New name', roomType='Lecture', roomCapacity=50, building=Building{id=2, buildingName='B'}}, course=Course{id=6, courseName='Biology'}, teacher=Teacher{id=6, firstName='Ellie', lastName='Purh', faculty=Faculty{id=1, facultyName='Changed faculty name'}}}, Lesson{id=188, date=2021-02-05, startTime=13:00, endTime=14:40, classroom=Classroom{id=6, roomName='B-1', roomType='Class', roomCapacity=30, building=Building{id=2, buildingName='B'}}, course=Course{id=6, courseName='Biology'}, teacher=Teacher{id=7, firstName='Charlie', lastName='Byrne', faculty=Faculty{id=1, facultyName='Changed faculty name'}}}, Lesson{id=189, date=2021-02-05, startTime=14:50, endTime=16:30, classroom=Classroom{id=7, roomName='B-2', roomType='Class', roomCapacity=30, building=Building{id=2, buildingName='B'}}, course=Course{id=6, courseName='Biology'}, teacher=Teacher{id=7, firstName='Charlie', lastName='Byrne', faculty=Faculty{id=1, facultyName='Changed faculty name'}}}, Lesson{id=190, date=2021-02-05, startTime=16:40, endTime=18:20, classroom=Classroom{id=10, roomName='B-5', roomType='Laboratory', roomCapacity=10, building=Building{id=2, buildingName='B'}}, course=Course{id=6, courseName='Biology'}, teacher=Teacher{id=7, firstName='Charlie', lastName='Byrne', faculty=Faculty{id=1, facultyName='Changed faculty name'}}}, Lesson{id=191, date=2021-02-05, startTime=09:20, endTime=11:00, classroom=Classroom{id=14, roomName='C-4', roomType='Lecture', roomCapacity=50, building=Building{id=3, buildingName='C'}}, course=Course{id=9, courseName='Physics'}, teacher=Teacher{id=11, firstName='Sophia', lastName='Roos', faculty=Faculty{id=2, facultyName='Technical Sciences Faculty'}}}, Lesson{id=192, date=2021-02-05, startTime=11:10, endTime=12:50, classroom=Classroom{id=14, roomName='C-4', roomType='Lecture', roomCapacity=50, building=Building{id=3, buildingName='C'}}, course=Course{id=10, courseName='Geometry'}, teacher=Teacher{id=12, firstName='Mia', lastName='Brown', faculty=Faculty{id=2, facultyName='Technical Sciences Faculty'}}}, Lesson{id=193, date=2021-02-05, startTime=13:00, endTime=14:40, classroom=Classroom{id=13, roomName='C-3', roomType='Class', roomCapacity=30, building=Building{id=3, buildingName='C'}}, course=Course{id=8, courseName='Mathematics'}, teacher=Teacher{id=10, firstName='Joshua', lastName='Eve', faculty=Faculty{id=2, facultyName='Technical Sciences Faculty'}}}, Lesson{id=194, date=2021-02-05, startTime=14:50, endTime=16:30, classroom=Classroom{id=15, roomName='C-5', roomType='Laboratory', roomCapacity=10, building=Building{id=3, buildingName='C'}}, course=Course{id=9, courseName='Physics'}, teacher=Teacher{id=11, firstName='Sophia', lastName='Roos', faculty=Faculty{id=2, facultyName='Technical Sciences Faculty'}}}, Lesson{id=195, date=2021-02-05, startTime=16:40, endTime=18:20, classroom=Classroom{id=15, roomName='C-5', roomType='Laboratory', roomCapacity=10, building=Building{id=3, buildingName='C'}}, course=Course{id=10, courseName='Geometry'}, teacher=Teacher{id=12, firstName='Mia', lastName='Brown', faculty=Faculty{id=2, facultyName='Technical Sciences Faculty'}}}, Lesson{id=196, date=2021-02-08, startTime=09:20, endTime=11:00, classroom=Classroom{id=4, roomName='A-4', roomType='Lecture', roomCapacity=50, building=Building{id=1, buildingName='Changed name'}}, course=Course{id=1, courseName='History'}, teacher=Teacher{id=1, firstName='Albert', lastName='Sykes', faculty=Faculty{id=3, facultyName='Faculty of Arts'}}}, Lesson{id=197, date=2021-02-08, startTime=11:10, endTime=12:50, classroom=Classroom{id=1, roomName='A-1', roomType='Class', roomCapacity=30, building=Building{id=1, buildingName='Changed name'}}, course=Course{id=1, courseName='History'}, teacher=Teacher{id=1, firstName='Albert', lastName='Sykes', faculty=Faculty{id=3, facultyName='Faculty of Arts'}}}, Lesson{id=198, date=2021-02-08, startTime=13:00, endTime=14:40, classroom=Classroom{id=2, roomName='A-2', roomType='Class', roomCapacity=30, building=Building{id=1, buildingName='Changed name'}}, course=Course{id=2, courseName='Philosophy'}, teacher=Teacher{id=2, firstName='Stanley', lastName='Gruber', faculty=Faculty{id=3, facultyName='Faculty of Arts'}}}, Lesson{id=199, date=2021-02-08, startTime=14:50, endTime=16:30, classroom=Classroom{id=3, roomName='A-3', roomType='Class', roomCapacity=30, building=Building{id=1, buildingName='Changed name'}}, course=Course{id=2, courseName='Philosophy'}, teacher=Teacher{id=2, firstName='Stanley', lastName='Gruber', faculty=Faculty{id=3, facultyName='Faculty of Arts'}}}, Lesson{id=200, date=2021-02-08, startTime=16:40, endTime=18:20, classroom=Classroom{id=4, roomName='A-4', roomType='Lecture', roomCapacity=50, building=Building{id=1, buildingName='Changed name'}}, course=Course{id=3, courseName='Name'}, teacher=Teacher{id=3, firstName='Freya', lastName='Shepp', faculty=Faculty{id=3, facultyName='Faculty of Arts'}}}, Lesson{id=201, date=2021-02-08, startTime=09:20, endTime=11:00, classroom=Classroom{id=9, roomName='New name', roomType='Lecture', roomCapacity=50, building=Building{id=2, buildingName='B'}}, course=Course{id=6, courseName='Biology'}, teacher=Teacher{id=6, firstName='Ellie', lastName='Purh', faculty=Faculty{id=1, facultyName='Changed faculty name'}}}, Lesson{id=202, date=2021-02-08, startTime=11:10, endTime=12:50, classroom=Classroom{id=9, roomName='New name', roomType='Lecture', roomCapacity=50, building=Building{id=2, buildingName='B'}}, course=Course{id=6, courseName='Biology'}, teacher=Teacher{id=6, firstName='Ellie', lastName='Purh', faculty=Faculty{id=1, facultyName='Changed faculty name'}}}, Lesson{id=203, date=2021-02-08, startTime=13:00, endTime=14:40, classroom=Classroom{id=6, roomName='B-1', roomType='Class', roomCapacity=30, building=Building{id=2, buildingName='B'}}, course=Course{id=6, courseName='Biology'}, teacher=Teacher{id=7, firstName='Charlie', lastName='Byrne', faculty=Faculty{id=1, facultyName='Changed faculty name'}}}, Lesson{id=204, date=2021-02-08, startTime=14:50, endTime=16:30, classroom=Classroom{id=7, roomName='B-2', roomType='Class', roomCapacity=30, building=Building{id=2, buildingName='B'}}, course=Course{id=6, courseName='Biology'}, teacher=Teacher{id=7, firstName='Charlie', lastName='Byrne', faculty=Faculty{id=1, facultyName='Changed faculty name'}}}, Lesson{id=205, date=2021-02-08, startTime=16:40, endTime=18:20, classroom=Classroom{id=10, roomName='B-5', roomType='Laboratory', roomCapacity=10, building=Building{id=2, buildingName='B'}}, course=Course{id=6, courseName='Biology'}, teacher=Teacher{id=7, firstName='Charlie', lastName='Byrne', faculty=Faculty{id=1, facultyName='Changed faculty name'}}}, Lesson{id=206, date=2021-02-08, startTime=09:20, endTime=11:00, classroom=Classroom{id=14, roomName='C-4', roomType='Lecture', roomCapacity=50, building=Building{id=3, buildingName='C'}}, course=Course{id=8, courseName='Mathematics'}, teacher=Teacher{id=10, firstName='Joshua', lastName='Eve', faculty=Faculty{id=2, facultyName='Technical Sciences Faculty'}}}, Lesson{id=207, date=2021-02-08, startTime=11:10, endTime=12:50, classroom=Classroom{id=14, roomName='C-4', roomType='Lecture', roomCapacity=50, building=Building{id=3, buildingName='C'}}, course=Course{id=8, courseName='Mathematics'}, teacher=Teacher{id=10, firstName='Joshua', lastName='Eve', faculty=Faculty{id=2, facultyName='Technical Sciences Faculty'}}}, Lesson{id=208, date=2021-02-08, startTime=13:00, endTime=14:40, classroom=Classroom{id=11, roomName='C-1', roomType='Class', roomCapacity=30, building=Building{id=3, buildingName='C'}}, course=Course{id=8, courseName='Mathematics'}, teacher=Teacher{id=10, firstName='Joshua', lastName='Eve', faculty=Faculty{id=2, facultyName='Technical Sciences Faculty'}}}, Lesson{id=209, date=2021-02-08, startTime=14:50, endTime=16:30, classroom=Classroom{id=13, roomName='C-3', roomType='Class', roomCapacity=30, building=Building{id=3, buildingName='C'}}, course=Course{id=8, courseName='Mathematics'}, teacher=Teacher{id=10, firstName='Joshua', lastName='Eve', faculty=Faculty{id=2, facultyName='Technical Sciences Faculty'}}}, Lesson{id=210, date=2021-02-08, startTime=16:40, endTime=18:20, classroom=Classroom{id=15, roomName='C-5', roomType='Laboratory', roomCapacity=10, building=Building{id=3, buildingName='C'}}, course=Course{id=8, courseName='Mathematics'}, teacher=Teacher{id=10, firstName='Joshua', lastName='Eve', faculty=Faculty{id=2, facultyName='Technical Sciences Faculty'}}}, Lesson{id=211, date=2021-02-09, startTime=09:20, endTime=11:00, classroom=Classroom{id=4, roomName='A-4', roomType='Lecture', roomCapacity=50, building=Building{id=1, buildingName='Changed name'}}, course=Course{id=2, courseName='Philosophy'}, teacher=Teacher{id=2, firstName='Stanley', lastName='Gruber', faculty=Faculty{id=3, facultyName='Faculty of Arts'}}}, Lesson{id=212, date=2021-02-09, startTime=11:10, endTime=12:50, classroom=Classroom{id=1, roomName='A-1', roomType='Class', roomCapacity=30, building=Building{id=1, buildingName='Changed name'}}, course=Course{id=2, courseName='Philosophy'}, teacher=Teacher{id=2, firstName='Stanley', lastName='Gruber', faculty=Faculty{id=3, facultyName='Faculty of Arts'}}}, Lesson{id=213, date=2021-02-09, startTime=13:00, endTime=14:40, classroom=Classroom{id=2, roomName='A-2', roomType='Class', roomCapacity=30, building=Building{id=1, buildingName='Changed name'}}, course=Course{id=3, courseName='Name'}, teacher=Teacher{id=3, firstName='Freya', lastName='Shepp', faculty=Faculty{id=3, facultyName='Faculty of Arts'}}}, Lesson{id=214, date=2021-02-09, startTime=14:50, endTime=16:30, classroom=Classroom{id=3, roomName='A-3', roomType='Class', roomCapacity=30, building=Building{id=1, buildingName='Changed name'}}, course=Course{id=3, courseName='Name'}, teacher=Teacher{id=3, firstName='Freya', lastName='Shepp', faculty=Faculty{id=3, facultyName='Faculty of Arts'}}}, Lesson{id=215, date=2021-02-09, startTime=16:40, endTime=18:20, classroom=Classroom{id=4, roomName='A-4', roomType='Lecture', roomCapacity=50, building=Building{id=1, buildingName='Changed name'}}, course=Course{id=4, courseName='Political science'}, teacher=Teacher{id=4, firstName='Olivia', lastName='Blake', faculty=Faculty{id=3, facultyName='Faculty of Arts'}}}, Lesson{id=216, date=2021-02-09, startTime=09:20, endTime=11:00, classroom=Classroom{id=9, roomName='New name', roomType='Lecture', roomCapacity=50, building=Building{id=2, buildingName='B'}}, course=Course{id=7, courseName='Chemistry'}, teacher=Teacher{id=8, firstName='Samuel', lastName='Travis', faculty=Faculty{id=1, facultyName='Changed faculty name'}}}, Lesson{id=217, date=2021-02-09, startTime=11:10, endTime=12:50, classroom=Classroom{id=9, roomName='New name', roomType='Lecture', roomCapacity=50, building=Building{id=2, buildingName='B'}}, course=Course{id=7, courseName='Chemistry'}, teacher=Teacher{id=8, firstName='Samuel', lastName='Travis', faculty=Faculty{id=1, facultyName='Changed faculty name'}}}, Lesson{id=218, date=2021-02-09, startTime=13:00, endTime=14:40, classroom=Classroom{id=6, roomName='B-1', roomType='Class', roomCapacity=30, building=Building{id=2, buildingName='B'}}, course=Course{id=7, courseName='Chemistry'}, teacher=Teacher{id=9, firstName='Albert', lastName='Hill', faculty=Faculty{id=1, facultyName='Changed faculty name'}}}, Lesson{id=219, date=2021-02-09, startTime=14:50, endTime=16:30, classroom=Classroom{id=7, roomName='B-2', roomType='Class', roomCapacity=30, building=Building{id=2, buildingName='B'}}, course=Course{id=7, courseName='Chemistry'}, teacher=Teacher{id=9, firstName='Albert', lastName='Hill', faculty=Faculty{id=1, facultyName='Changed faculty name'}}}, Lesson{id=220, date=2021-02-09, startTime=16:40, endTime=18:20, classroom=Classroom{id=10, roomName='B-5', roomType='Laboratory', roomCapacity=10, building=Building{id=2, buildingName='B'}}, course=Course{id=7, courseName='Chemistry'}, teacher=Teacher{id=9, firstName='Albert', lastName='Hill', faculty=Faculty{id=1, facultyName='Changed faculty name'}}}, Lesson{id=221, date=2021-02-09, startTime=09:20, endTime=11:00, classroom=Classroom{id=14, roomName='C-4', roomType='Lecture', roomCapacity=50, building=Building{id=3, buildingName='C'}}, course=Course{id=9, courseName='Physics'}, teacher=Teacher{id=11, firstName='Sophia', lastName='Roos', faculty=Faculty{id=2, facultyName='Technical Sciences Faculty'}}}, Lesson{id=222, date=2021-02-09, startTime=11:10, endTime=12:50, classroom=Classroom{id=14, roomName='C-4', roomType='Lecture', roomCapacity=50, building=Building{id=3, buildingName='C'}}, course=Course{id=9, courseName='Physics'}, teacher=Teacher{id=11, firstName='Sophia', lastName='Roos', faculty=Faculty{id=2, facultyName='Technical Sciences Faculty'}}}, Lesson{id=223, date=2021-02-09, startTime=13:00, endTime=14:40, classroom=Classroom{id=11, roomName='C-1', roomType='Class', roomCapacity=30, building=Building{id=3, buildingName='C'}}, course=Course{id=9, courseName='Physics'}, teacher=Teacher{id=11, firstName='Sophia', lastName='Roos', faculty=Faculty{id=2, facultyName='Technical Sciences Faculty'}}}, Lesson{id=224, date=2021-02-09, startTime=14:50, endTime=16:30, classroom=Classroom{id=13, roomName='C-3', roomType='Class', roomCapacity=30, building=Building{id=3, buildingName='C'}}, course=Course{id=9, courseName='Physics'}, teacher=Teacher{id=11, firstName='Sophia', lastName='Roos', faculty=Faculty{id=2, facultyName='Technical Sciences Faculty'}}}, Lesson{id=225, date=2021-02-09, startTime=16:40, endTime=18:20, classroom=Classroom{id=15, roomName='C-5', roomType='Laboratory', roomCapacity=10, building=Building{id=3, buildingName='C'}}, course=Course{id=9, courseName='Physics'}, teacher=Teacher{id=11, firstName='Sophia', lastName='Roos', faculty=Faculty{id=2, facultyName='Technical Sciences Faculty'}}}, Lesson{id=226, date=2021-02-10, startTime=09:20, endTime=11:00, classroom=Classroom{id=4, roomName='A-4', roomType='Lecture', roomCapacity=50, building=Building{id=1, buildingName='Changed name'}}, course=Course{id=3, courseName='Name'}, teacher=Teacher{id=3, firstName='Freya', lastName='Shepp', faculty=Faculty{id=3, facultyName='Faculty of Arts'}}}, Lesson{id=227, date=2021-02-10, startTime=11:10, endTime=12:50, classroom=Classroom{id=1, roomName='A-1', roomType='Class', roomCapacity=30, building=Building{id=1, buildingName='Changed name'}}, course=Course{id=3, courseName='Name'}, teacher=Teacher{id=3, firstName='Freya', lastName='Shepp', faculty=Faculty{id=3, facultyName='Faculty of Arts'}}}, Lesson{id=228, date=2021-02-10, startTime=13:00, endTime=14:40, classroom=Classroom{id=2, roomName='A-2', roomType='Class', roomCapacity=30, building=Building{id=1, buildingName='Changed name'}}, course=Course{id=4, courseName='Political science'}, teacher=Teacher{id=4, firstName='Olivia', lastName='Blake', faculty=Faculty{id=3, facultyName='Faculty of Arts'}}}, Lesson{id=229, date=2021-02-10, startTime=14:50, endTime=16:30, classroom=Classroom{id=3, roomName='A-3', roomType='Class', roomCapacity=30, building=Building{id=1, buildingName='Changed name'}}, course=Course{id=4, courseName='Political science'}, teacher=Teacher{id=4, firstName='Olivia', lastName='Blake', faculty=Faculty{id=3, facultyName='Faculty of Arts'}}}, Lesson{id=230, date=2021-02-10, startTime=16:40, endTime=18:20, classroom=Classroom{id=4, roomName='A-4', roomType='Lecture', roomCapacity=50, building=Building{id=1, buildingName='Changed name'}}, course=Course{id=5, courseName='Culture'}, teacher=Teacher{id=5, firstName='Scarlett', lastName='Nimoy', faculty=Faculty{id=3, facultyName='Faculty of Arts'}}}, Lesson{id=231, date=2021-02-10, startTime=09:20, endTime=11:00, classroom=Classroom{id=9, roomName='New name', roomType='Lecture', roomCapacity=50, building=Building{id=2, buildingName='B'}}, course=Course{id=6, courseName='Biology'}, teacher=Teacher{id=6, firstName='Ellie', lastName='Purh', faculty=Faculty{id=1, facultyName='Changed faculty name'}}}, Lesson{id=232, date=2021-02-10, startTime=11:10, endTime=12:50, classroom=Classroom{id=9, roomName='New name', roomType='Lecture', roomCapacity=50, building=Building{id=2, buildingName='B'}}, course=Course{id=6, courseName='Biology'}, teacher=Teacher{id=6, firstName='Ellie', lastName='Purh', faculty=Faculty{id=1, facultyName='Changed faculty name'}}}, Lesson{id=233, date=2021-02-10, startTime=13:00, endTime=14:40, classroom=Classroom{id=6, roomName='B-1', roomType='Class', roomCapacity=30, building=Building{id=2, buildingName='B'}}, course=Course{id=6, courseName='Biology'}, teacher=Teacher{id=7, firstName='Charlie', lastName='Byrne', faculty=Faculty{id=1, facultyName='Changed faculty name'}}}, Lesson{id=234, date=2021-02-10, startTime=14:50, endTime=16:30, classroom=Classroom{id=7, roomName='B-2', roomType='Class', roomCapacity=30, building=Building{id=2, buildingName='B'}}, course=Course{id=6, courseName='Biology'}, teacher=Teacher{id=7, firstName='Charlie', lastName='Byrne', faculty=Faculty{id=1, facultyName='Changed faculty name'}}}, Lesson{id=235, date=2021-02-10, startTime=16:40, endTime=18:20, classroom=Classroom{id=10, roomName='B-5', roomType='Laboratory', roomCapacity=10, building=Building{id=2, buildingName='B'}}, course=Course{id=6, courseName='Biology'}, teacher=Teacher{id=7, firstName='Charlie', lastName='Byrne', faculty=Faculty{id=1, facultyName='Changed faculty name'}}}, Lesson{id=236, date=2021-02-10, startTime=09:20, endTime=11:00, classroom=Classroom{id=14, roomName='C-4', roomType='Lecture', roomCapacity=50, building=Building{id=3, buildingName='C'}}, course=Course{id=10, courseName='Geometry'}, teacher=Teacher{id=12, firstName='Mia', lastName='Brown', faculty=Faculty{id=2, facultyName='Technical Sciences Faculty'}}}, Lesson{id=237, date=2021-02-10, startTime=11:10, endTime=12:50, classroom=Classroom{id=14, roomName='C-4', roomType='Lecture', roomCapacity=50, building=Building{id=3, buildingName='C'}}, course=Course{id=10, courseName='Geometry'}, teacher=Teacher{id=12, firstName='Mia', lastName='Brown', faculty=Faculty{id=2, facultyName='Technical Sciences Faculty'}}}, Lesson{id=238, date=2021-02-10, startTime=13:00, endTime=14:40, classroom=Classroom{id=11, roomName='C-1', roomType='Class', roomCapacity=30, building=Building{id=3, buildingName='C'}}, course=Course{id=10, courseName='Geometry'}, teacher=Teacher{id=12, firstName='Mia', lastName='Brown', faculty=Faculty{id=2, facultyName='Technical Sciences Faculty'}}}, Lesson{id=239, date=2021-02-10, startTime=14:50, endTime=16:30, classroom=Classroom{id=13, roomName='C-3', roomType='Class', roomCapacity=30, building=Building{id=3, buildingName='C'}}, course=Course{id=10, courseName='Geometry'}, teacher=Teacher{id=12, firstName='Mia', lastName='Brown', faculty=Faculty{id=2, facultyName='Technical Sciences Faculty'}}}, Lesson{id=240, date=2021-02-10, startTime=16:40, endTime=18:20, classroom=Classroom{id=15, roomName='C-5', roomType='Laboratory', roomCapacity=10, building=Building{id=3, buildingName='C'}}, course=Course{id=10, courseName='Geometry'}, teacher=Teacher{id=12, firstName='Mia', lastName='Brown', faculty=Faculty{id=2, facultyName='Technical Sciences Faculty'}}}, Lesson{id=241, date=2021-02-11, startTime=09:20, endTime=11:00, classroom=Classroom{id=4, roomName='A-4', roomType='Lecture', roomCapacity=50, building=Building{id=1, buildingName='Changed name'}}, course=Course{id=4, courseName='Political science'}, teacher=Teacher{id=4, firstName='Olivia', lastName='Blake', faculty=Faculty{id=3, facultyName='Faculty of Arts'}}}, Lesson{id=242, date=2021-02-11, startTime=11:10, endTime=12:50, classroom=Classroom{id=1, roomName='A-1', roomType='Class', roomCapacity=30, building=Building{id=1, buildingName='Changed name'}}, course=Course{id=4, courseName='Political science'}, teacher=Teacher{id=4, firstName='Olivia', lastName='Blake', faculty=Faculty{id=3, facultyName='Faculty of Arts'}}}, Lesson{id=243, date=2021-02-11, startTime=13:00, endTime=14:40, classroom=Classroom{id=2, roomName='A-2', roomType='Class', roomCapacity=30, building=Building{id=1, buildingName='Changed name'}}, course=Course{id=5, courseName='Culture'}, teacher=Teacher{id=5, firstName='Scarlett', lastName='Nimoy', faculty=Faculty{id=3, facultyName='Faculty of Arts'}}}, Lesson{id=244, date=2021-02-11, startTime=14:50, endTime=16:30, classroom=Classroom{id=3, roomName='A-3', roomType='Class', roomCapacity=30, building=Building{id=1, buildingName='Changed name'}}, course=Course{id=5, courseName='Culture'}, teacher=Teacher{id=5, firstName='Scarlett', lastName='Nimoy', faculty=Faculty{id=3, facultyName='Faculty of Arts'}}}, Lesson{id=245, date=2021-02-11, startTime=16:40, endTime=18:20, classroom=Classroom{id=4, roomName='A-4', roomType='Lecture', roomCapacity=50, building=Building{id=1, buildingName='Changed name'}}, course=Course{id=1, courseName='History'}, teacher=Teacher{id=1, firstName='Albert', lastName='Sykes', faculty=Faculty{id=3, facultyName='Faculty of Arts'}}}, Lesson{id=246, date=2021-02-11, startTime=09:20, endTime=11:00, classroom=Classroom{id=9, roomName='New name', roomType='Lecture', roomCapacity=50, building=Building{id=2, buildingName='B'}}, course=Course{id=7, courseName='Chemistry'}, teacher=Teacher{id=8, firstName='Samuel', lastName='Travis', faculty=Faculty{id=1, facultyName='Changed faculty name'}}}, Lesson{id=247, date=2021-02-11, startTime=11:10, endTime=12:50, classroom=Classroom{id=9, roomName='New name', roomType='Lecture', roomCapacity=50, building=Building{id=2, buildingName='B'}}, course=Course{id=7, courseName='Chemistry'}, teacher=Teacher{id=8, firstName='Samuel', lastName='Travis', faculty=Faculty{id=1, facultyName='Changed faculty name'}}}, Lesson{id=248, date=2021-02-11, startTime=13:00, endTime=14:40, classroom=Classroom{id=6, roomName='B-1', roomType='Class', roomCapacity=30, building=Building{id=2, buildingName='B'}}, course=Course{id=7, courseName='Chemistry'}, teacher=Teacher{id=9, firstName='Albert', lastName='Hill', faculty=Faculty{id=1, facultyName='Changed faculty name'}}}, Lesson{id=249, date=2021-02-11, startTime=14:50, endTime=16:30, classroom=Classroom{id=7, roomName='B-2', roomType='Class', roomCapacity=30, building=Building{id=2, buildingName='B'}}, course=Course{id=7, courseName='Chemistry'}, teacher=Teacher{id=9, firstName='Albert', lastName='Hill', faculty=Faculty{id=1, facultyName='Changed faculty name'}}}, Lesson{id=250, date=2021-02-11, startTime=16:40, endTime=18:20, classroom=Classroom{id=10, roomName='B-5', roomType='Laboratory', roomCapacity=10, building=Building{id=2, buildingName='B'}}, course=Course{id=7, courseName='Chemistry'}, teacher=Teacher{id=9, firstName='Albert', lastName='Hill', faculty=Faculty{id=1, facultyName='Changed faculty name'}}}, Lesson{id=251, date=2021-02-11, startTime=09:20, endTime=11:00, classroom=Classroom{id=14, roomName='C-4', roomType='Lecture', roomCapacity=50, building=Building{id=3, buildingName='C'}}, course=Course{id=8, courseName='Mathematics'}, teacher=Teacher{id=10, firstName='Joshua', lastName='Eve', faculty=Faculty{id=2, facultyName='Technical Sciences Faculty'}}}, Lesson{id=252, date=2021-02-11, startTime=11:10, endTime=12:50, classroom=Classroom{id=14, roomName='C-4', roomType='Lecture', roomCapacity=50, building=Building{id=3, buildingName='C'}}, course=Course{id=8, courseName='Mathematics'}, teacher=Teacher{id=10, firstName='Joshua', lastName='Eve', faculty=Faculty{id=2, facultyName='Technical Sciences Faculty'}}}, Lesson{id=253, date=2021-02-11, startTime=13:00, endTime=14:40, classroom=Classroom{id=12, roomName='C-2', roomType='Class', roomCapacity=30, building=Building{id=3, buildingName='C'}}, course=Course{id=9, courseName='Physics'}, teacher=Teacher{id=11, firstName='Sophia', lastName='Roos', faculty=Faculty{id=2, facultyName='Technical Sciences Faculty'}}}, Lesson{id=254, date=2021-02-11, startTime=14:50, endTime=16:30, classroom=Classroom{id=12, roomName='C-2', roomType='Class', roomCapacity=30, building=Building{id=3, buildingName='C'}}, course=Course{id=10, courseName='Geometry'}, teacher=Teacher{id=12, firstName='Mia', lastName='Brown', faculty=Faculty{id=2, facultyName='Technical Sciences Faculty'}}}, Lesson{id=255, date=2021-02-11, startTime=16:40, endTime=18:20, classroom=Classroom{id=15, roomName='C-5', roomType='Laboratory', roomCapacity=10, building=Building{id=3, buildingName='C'}}, course=Course{id=8, courseName='Mathematics'}, teacher=Teacher{id=10, firstName='Joshua', lastName='Eve', faculty=Faculty{id=2, facultyName='Technical Sciences Faculty'}}}, Lesson{id=256, date=2021-02-12, startTime=09:20, endTime=11:00, classroom=Classroom{id=4, roomName='A-4', roomType='Lecture', roomCapacity=50, building=Building{id=1, buildingName='Changed name'}}, course=Course{id=5, courseName='Culture'}, teacher=Teacher{id=5, firstName='Scarlett', lastName='Nimoy', faculty=Faculty{id=3, facultyName='Faculty of Arts'}}}, Lesson{id=257, date=2021-02-12, startTime=11:10, endTime=12:50, classroom=Classroom{id=1, roomName='A-1', roomType='Class', roomCapacity=30, building=Building{id=1, buildingName='Changed name'}}, course=Course{id=5, courseName='Culture'}, teacher=Teacher{id=5, firstName='Scarlett', lastName='Nimoy', faculty=Faculty{id=3, facultyName='Faculty of Arts'}}}, Lesson{id=258, date=2021-02-12, startTime=13:00, endTime=14:40, classroom=Classroom{id=2, roomName='A-2', roomType='Class', roomCapacity=30, building=Building{id=1, buildingName='Changed name'}}, course=Course{id=1, courseName='History'}, teacher=Teacher{id=1, firstName='Albert', lastName='Sykes', faculty=Faculty{id=3, facultyName='Faculty of Arts'}}}, Lesson{id=259, date=2021-02-12, startTime=14:50, endTime=16:30, classroom=Classroom{id=3, roomName='A-3', roomType='Class', roomCapacity=30, building=Building{id=1, buildingName='Changed name'}}, course=Course{id=1, courseName='History'}, teacher=Teacher{id=1, firstName='Albert', lastName='Sykes', faculty=Faculty{id=3, facultyName='Faculty of Arts'}}}, Lesson{id=260, date=2021-02-12, startTime=16:40, endTime=18:20, classroom=Classroom{id=4, roomName='A-4', roomType='Lecture', roomCapacity=50, building=Building{id=1, buildingName='Changed name'}}, course=Course{id=2, courseName='Philosophy'}, teacher=Teacher{id=2, firstName='Stanley', lastName='Gruber', faculty=Faculty{id=3, facultyName='Faculty of Arts'}}}, Lesson{id=261, date=2021-02-12, startTime=09:20, endTime=11:00, classroom=Classroom{id=9, roomName='New name', roomType='Lecture', roomCapacity=50, building=Building{id=2, buildingName='B'}}, course=Course{id=6, courseName='Biology'}, teacher=Teacher{id=6, firstName='Ellie', lastName='Purh', faculty=Faculty{id=1, facultyName='Changed faculty name'}}}, Lesson{id=262, date=2021-02-12, startTime=11:10, endTime=12:50, classroom=Classroom{id=9, roomName='New name', roomType='Lecture', roomCapacity=50, building=Building{id=2, buildingName='B'}}, course=Course{id=6, courseName='Biology'}, teacher=Teacher{id=6, firstName='Ellie', lastName='Purh', faculty=Faculty{id=1, facultyName='Changed faculty name'}}}, Lesson{id=263, date=2021-02-12, startTime=13:00, endTime=14:40, classroom=Classroom{id=6, roomName='B-1', roomType='Class', roomCapacity=30, building=Building{id=2, buildingName='B'}}, course=Course{id=6, courseName='Biology'}, teacher=Teacher{id=7, firstName='Charlie', lastName='Byrne', faculty=Faculty{id=1, facultyName='Changed faculty name'}}}, Lesson{id=264, date=2021-02-12, startTime=14:50, endTime=16:30, classroom=Classroom{id=7, roomName='B-2', roomType='Class', roomCapacity=30, building=Building{id=2, buildingName='B'}}, course=Course{id=6, courseName='Biology'}, teacher=Teacher{id=7, firstName='Charlie', lastName='Byrne', faculty=Faculty{id=1, facultyName='Changed faculty name'}}}, Lesson{id=265, date=2021-02-12, startTime=16:40, endTime=18:20, classroom=Classroom{id=10, roomName='B-5', roomType='Laboratory', roomCapacity=10, building=Building{id=2, buildingName='B'}}, course=Course{id=6, courseName='Biology'}, teacher=Teacher{id=7, firstName='Charlie', lastName='Byrne', faculty=Faculty{id=1, facultyName='Changed faculty name'}}}, Lesson{id=266, date=2021-02-12, startTime=09:20, endTime=11:00, classroom=Classroom{id=14, roomName='C-4', roomType='Lecture', roomCapacity=50, building=Building{id=3, buildingName='C'}}, course=Course{id=9, courseName='Physics'}, teacher=Teacher{id=11, firstName='Sophia', lastName='Roos', faculty=Faculty{id=2, facultyName='Technical Sciences Faculty'}}}, Lesson{id=267, date=2021-02-12, startTime=11:10, endTime=12:50, classroom=Classroom{id=14, roomName='C-4', roomType='Lecture', roomCapacity=50, building=Building{id=3, buildingName='C'}}, course=Course{id=10, courseName='Geometry'}, teacher=Teacher{id=12, firstName='Mia', lastName='Brown', faculty=Faculty{id=2, facultyName='Technical Sciences Faculty'}}}, Lesson{id=268, date=2021-02-12, startTime=13:00, endTime=14:40, classroom=Classroom{id=13, roomName='C-3', roomType='Class', roomCapacity=30, building=Building{id=3, buildingName='C'}}, course=Course{id=8, courseName='Mathematics'}, teacher=Teacher{id=10, firstName='Joshua', lastName='Eve', faculty=Faculty{id=2, facultyName='Technical Sciences Faculty'}}}, Lesson{id=269, date=2021-02-12, startTime=14:50, endTime=16:30, classroom=Classroom{id=15, roomName='C-5', roomType='Laboratory', roomCapacity=10, building=Building{id=3, buildingName='C'}}, course=Course{id=9, courseName='Physics'}, teacher=Teacher{id=11, firstName='Sophia', lastName='Roos', faculty=Faculty{id=2, facultyName='Technical Sciences Faculty'}}}, Lesson{id=270, date=2021-02-12, startTime=16:40, endTime=18:20, classroom=Classroom{id=15, roomName='C-5', roomType='Laboratory', roomCapacity=10, building=Building{id=3, buildingName='C'}}, course=Course{id=10, courseName='Geometry'}, teacher=Teacher{id=12, firstName='Mia', lastName='Brown', faculty=Faculty{id=2, facultyName='Technical Sciences Faculty'}}}, Lesson{id=271, date=2021-02-15, startTime=09:20, endTime=11:00, classroom=Classroom{id=4, roomName='A-4', roomType='Lecture', roomCapacity=50, building=Building{id=1, buildingName='Changed name'}}, course=Course{id=1, courseName='History'}, teacher=Teacher{id=1, firstName='Albert', lastName='Sykes', faculty=Faculty{id=3, facultyName='Faculty of Arts'}}}, Lesson{id=272, date=2021-02-15, startTime=11:10, endTime=12:50, classroom=Classroom{id=1, roomName='A-1', roomType='Class', roomCapacity=30, building=Building{id=1, buildingName='Changed name'}}, course=Course{id=1, courseName='History'}, teacher=Teacher{id=1, firstName='Albert', lastName='Sykes', faculty=Faculty{id=3, facultyName='Faculty of Arts'}}}, Lesson{id=273, date=2021-02-15, startTime=13:00, endTime=14:40, classroom=Classroom{id=2, roomName='A-2', roomType='Class', roomCapacity=30, building=Building{id=1, buildingName='Changed name'}}, course=Course{id=2, courseName='Philosophy'}, teacher=Teacher{id=2, firstName='Stanley', lastName='Gruber', faculty=Faculty{id=3, facultyName='Faculty of Arts'}}}, Lesson{id=274, date=2021-02-15, startTime=14:50, endTime=16:30, classroom=Classroom{id=3, roomName='A-3', roomType='Class', roomCapacity=30, building=Building{id=1, buildingName='Changed name'}}, course=Course{id=2, courseName='Philosophy'}, teacher=Teacher{id=2, firstName='Stanley', lastName='Gruber', faculty=Faculty{id=3, facultyName='Faculty of Arts'}}}, Lesson{id=275, date=2021-02-15, startTime=16:40, endTime=18:20, classroom=Classroom{id=4, roomName='A-4', roomType='Lecture', roomCapacity=50, building=Building{id=1, buildingName='Changed name'}}, course=Course{id=3, courseName='Name'}, teacher=Teacher{id=3, firstName='Freya', lastName='Shepp', faculty=Faculty{id=3, facultyName='Faculty of Arts'}}}, Lesson{id=276, date=2021-02-15, startTime=09:20, endTime=11:00, classroom=Classroom{id=9, roomName='New name', roomType='Lecture', roomCapacity=50, building=Building{id=2, buildingName='B'}}, course=Course{id=6, courseName='Biology'}, teacher=Teacher{id=6, firstName='Ellie', lastName='Purh', faculty=Faculty{id=1, facultyName='Changed faculty name'}}}, Lesson{id=277, date=2021-02-15, startTime=11:10, endTime=12:50, classroom=Classroom{id=9, roomName='New name', roomType='Lecture', roomCapacity=50, building=Building{id=2, buildingName='B'}}, course=Course{id=6, courseName='Biology'}, teacher=Teacher{id=6, firstName='Ellie', lastName='Purh', faculty=Faculty{id=1, facultyName='Changed faculty name'}}}, Lesson{id=278, date=2021-02-15, startTime=13:00, endTime=14:40, classroom=Classroom{id=6, roomName='B-1', roomType='Class', roomCapacity=30, building=Building{id=2, buildingName='B'}}, course=Course{id=6, courseName='Biology'}, teacher=Teacher{id=7, firstName='Charlie', lastName='Byrne', faculty=Faculty{id=1, facultyName='Changed faculty name'}}}, Lesson{id=279, date=2021-02-15, startTime=14:50, endTime=16:30, classroom=Classroom{id=7, roomName='B-2', roomType='Class', roomCapacity=30, building=Building{id=2, buildingName='B'}}, course=Course{id=6, courseName='Biology'}, teacher=Teacher{id=7, firstName='Charlie', lastName='Byrne', faculty=Faculty{id=1, facultyName='Changed faculty name'}}}, Lesson{id=280, date=2021-02-15, startTime=16:40, endTime=18:20, classroom=Classroom{id=10, roomName='B-5', roomType='Laboratory', roomCapacity=10, building=Building{id=2, buildingName='B'}}, course=Course{id=6, courseName='Biology'}, teacher=Teacher{id=7, firstName='Charlie', lastName='Byrne', faculty=Faculty{id=1, facultyName='Changed faculty name'}}}, Lesson{id=281, date=2021-02-15, startTime=09:20, endTime=11:00, classroom=Classroom{id=14, roomName='C-4', roomType='Lecture', roomCapacity=50, building=Building{id=3, buildingName='C'}}, course=Course{id=8, courseName='Mathematics'}, teacher=Teacher{id=10, firstName='Joshua', lastName='Eve', faculty=Faculty{id=2, facultyName='Technical Sciences Faculty'}}}, Lesson{id=282, date=2021-02-15, startTime=11:10, endTime=12:50, classroom=Classroom{id=14, roomName='C-4', roomType='Lecture', roomCapacity=50, building=Building{id=3, buildingName='C'}}, course=Course{id=8, courseName='Mathematics'}, teacher=Teacher{id=10, firstName='Joshua', lastName='Eve', faculty=Faculty{id=2, facultyName='Technical Sciences Faculty'}}}, Lesson{id=283, date=2021-02-15, startTime=13:00, endTime=14:40, classroom=Classroom{id=11, roomName='C-1', roomType='Class', roomCapacity=30, building=Building{id=3, buildingName='C'}}, course=Course{id=8, courseName='Mathematics'}, teacher=Teacher{id=10, firstName='Joshua', lastName='Eve', faculty=Faculty{id=2, facultyName='Technical Sciences Faculty'}}}, Lesson{id=284, date=2021-02-15, startTime=14:50, endTime=16:30, classroom=Classroom{id=13, roomName='C-3', roomType='Class', roomCapacity=30, building=Building{id=3, buildingName='C'}}, course=Course{id=8, courseName='Mathematics'}, teacher=Teacher{id=10, firstName='Joshua', lastName='Eve', faculty=Faculty{id=2, facultyName='Technical Sciences Faculty'}}}, Lesson{id=285, date=2021-02-15, startTime=16:40, endTime=18:20, classroom=Classroom{id=15, roomName='C-5', roomType='Laboratory', roomCapacity=10, building=Building{id=3, buildingName='C'}}, course=Course{id=8, courseName='Mathematics'}, teacher=Teacher{id=10, firstName='Joshua', lastName='Eve', faculty=Faculty{id=2, facultyName='Technical Sciences Faculty'}}}, Lesson{id=286, date=2021-02-16, startTime=09:20, endTime=11:00, classroom=Classroom{id=4, roomName='A-4', roomType='Lecture', roomCapacity=50, building=Building{id=1, buildingName='Changed name'}}, course=Course{id=2, courseName='Philosophy'}, teacher=Teacher{id=2, firstName='Stanley', lastName='Gruber', faculty=Faculty{id=3, facultyName='Faculty of Arts'}}}, Lesson{id=287, date=2021-02-16, startTime=11:10, endTime=12:50, classroom=Classroom{id=1, roomName='A-1', roomType='Class', roomCapacity=30, building=Building{id=1, buildingName='Changed name'}}, course=Course{id=2, courseName='Philosophy'}, teacher=Teacher{id=2, firstName='Stanley', lastName='Gruber', faculty=Faculty{id=3, facultyName='Faculty of Arts'}}}, Lesson{id=288, date=2021-02-16, startTime=13:00, endTime=14:40, classroom=Classroom{id=2, roomName='A-2', roomType='Class', roomCapacity=30, building=Building{id=1, buildingName='Changed name'}}, course=Course{id=3, courseName='Name'}, teacher=Teacher{id=3, firstName='Freya', lastName='Shepp', faculty=Faculty{id=3, facultyName='Faculty of Arts'}}}, Lesson{id=289, date=2021-02-16, startTime=14:50, endTime=16:30, classroom=Classroom{id=3, roomName='A-3', roomType='Class', roomCapacity=30, building=Building{id=1, buildingName='Changed name'}}, course=Course{id=3, courseName='Name'}, teacher=Teacher{id=3, firstName='Freya', lastName='Shepp', faculty=Faculty{id=3, facultyName='Faculty of Arts'}}}, Lesson{id=290, date=2021-02-16, startTime=16:40, endTime=18:20, classroom=Classroom{id=4, roomName='A-4', roomType='Lecture', roomCapacity=50, building=Building{id=1, buildingName='Changed name'}}, course=Course{id=4, courseName='Political science'}, teacher=Teacher{id=4, firstName='Olivia', lastName='Blake', faculty=Faculty{id=3, facultyName='Faculty of Arts'}}}, Lesson{id=291, date=2021-02-16, startTime=09:20, endTime=11:00, classroom=Classroom{id=9, roomName='New name', roomType='Lecture', roomCapacity=50, building=Building{id=2, buildingName='B'}}, course=Course{id=7, courseName='Chemistry'}, teacher=Teacher{id=8, firstName='Samuel', lastName='Travis', faculty=Faculty{id=1, facultyName='Changed faculty name'}}}, Lesson{id=292, date=2021-02-16, startTime=11:10, endTime=12:50, classroom=Classroom{id=9, roomName='New name', roomType='Lecture', roomCapacity=50, building=Building{id=2, buildingName='B'}}, course=Course{id=7, courseName='Chemistry'}, teacher=Teacher{id=8, firstName='Samuel', lastName='Travis', faculty=Faculty{id=1, facultyName='Changed faculty name'}}}, Lesson{id=293, date=2021-02-16, startTime=13:00, endTime=14:40, classroom=Classroom{id=6, roomName='B-1', roomType='Class', roomCapacity=30, building=Building{id=2, buildingName='B'}}, course=Course{id=7, courseName='Chemistry'}, teacher=Teacher{id=9, firstName='Albert', lastName='Hill', faculty=Faculty{id=1, facultyName='Changed faculty name'}}}, Lesson{id=294, date=2021-02-16, startTime=14:50, endTime=16:30, classroom=Classroom{id=7, roomName='B-2', roomType='Class', roomCapacity=30, building=Building{id=2, buildingName='B'}}, course=Course{id=7, courseName='Chemistry'}, teacher=Teacher{id=9, firstName='Albert', lastName='Hill', faculty=Faculty{id=1, facultyName='Changed faculty name'}}}, Lesson{id=295, date=2021-02-16, startTime=16:40, endTime=18:20, classroom=Classroom{id=10, roomName='B-5', roomType='Laboratory', roomCapacity=10, building=Building{id=2, buildingName='B'}}, course=Course{id=7, courseName='Chemistry'}, teacher=Teacher{id=9, firstName='Albert', lastName='Hill', faculty=Faculty{id=1, facultyName='Changed faculty name'}}}, Lesson{id=296, date=2021-02-16, startTime=09:20, endTime=11:00, classroom=Classroom{id=14, roomName='C-4', roomType='Lecture', roomCapacity=50, building=Building{id=3, buildingName='C'}}, course=Course{id=9, courseName='Physics'}, teacher=Teacher{id=11, firstName='Sophia', lastName='Roos', faculty=Faculty{id=2, facultyName='Technical Sciences Faculty'}}}, Lesson{id=297, date=2021-02-16, startTime=11:10, endTime=12:50, classroom=Classroom{id=14, roomName='C-4', roomType='Lecture', roomCapacity=50, building=Building{id=3, buildingName='C'}}, course=Course{id=9, courseName='Physics'}, teacher=Teacher{id=11, firstName='Sophia', lastName='Roos', faculty=Faculty{id=2, facultyName='Technical Sciences Faculty'}}}, Lesson{id=298, date=2021-02-16, startTime=13:00, endTime=14:40, classroom=Classroom{id=11, roomName='C-1', roomType='Class', roomCapacity=30, building=Building{id=3, buildingName='C'}}, course=Course{id=9, courseName='Physics'}, teacher=Teacher{id=11, firstName='Sophia', lastName='Roos', faculty=Faculty{id=2, facultyName='Technical Sciences Faculty'}}}, Lesson{id=299, date=2021-02-16, startTime=14:50, endTime=16:30, classroom=Classroom{id=13, roomName='C-3', roomType='Class', roomCapacity=30, building=Building{id=3, buildingName='C'}}, course=Course{id=9, courseName='Physics'}, teacher=Teacher{id=11, firstName='Sophia', lastName='Roos', faculty=Faculty{id=2, facultyName='Technical Sciences Faculty'}}}, Lesson{id=300, date=2021-02-16, startTime=16:40, endTime=18:20, classroom=Classroom{id=15, roomName='C-5', roomType='Laboratory', roomCapacity=10, building=Building{id=3, buildingName='C'}}, course=Course{id=9, courseName='Physics'}, teacher=Teacher{id=11, firstName='Sophia', lastName='Roos', faculty=Faculty{id=2, facultyName='Technical Sciences Faculty'}}}, Lesson{id=301, date=2021-02-17, startTime=09:20, endTime=11:00, classroom=Classroom{id=4, roomName='A-4', roomType='Lecture', roomCapacity=50, building=Building{id=1, buildingName='Changed name'}}, course=Course{id=3, courseName='Name'}, teacher=Teacher{id=3, firstName='Freya', lastName='Shepp', faculty=Faculty{id=3, facultyName='Faculty of Arts'}}}, Lesson{id=302, date=2021-02-17, startTime=11:10, endTime=12:50, classroom=Classroom{id=1, roomName='A-1', roomType='Class', roomCapacity=30, building=Building{id=1, buildingName='Changed name'}}, course=Course{id=3, courseName='Name'}, teacher=Teacher{id=3, firstName='Freya', lastName='Shepp', faculty=Faculty{id=3, facultyName='Faculty of Arts'}}}, Lesson{id=303, date=2021-02-17, startTime=13:00, endTime=14:40, classroom=Classroom{id=2, roomName='A-2', roomType='Class', roomCapacity=30, building=Building{id=1, buildingName='Changed name'}}, course=Course{id=4, courseName='Political science'}, teacher=Teacher{id=4, firstName='Olivia', lastName='Blake', faculty=Faculty{id=3, facultyName='Faculty of Arts'}}}, Lesson{id=304, date=2021-02-17, startTime=14:50, endTime=16:30, classroom=Classroom{id=3, roomName='A-3', roomType='Class', roomCapacity=30, building=Building{id=1, buildingName='Changed name'}}, course=Course{id=4, courseName='Political science'}, teacher=Teacher{id=4, firstName='Olivia', lastName='Blake', faculty=Faculty{id=3, facultyName='Faculty of Arts'}}}, Lesson{id=305, date=2021-02-17, startTime=16:40, endTime=18:20, classroom=Classroom{id=4, roomName='A-4', roomType='Lecture', roomCapacity=50, building=Building{id=1, buildingName='Changed name'}}, course=Course{id=5, courseName='Culture'}, teacher=Teacher{id=5, firstName='Scarlett', lastName='Nimoy', faculty=Faculty{id=3, facultyName='Faculty of Arts'}}}, Lesson{id=306, date=2021-02-17, startTime=09:20, endTime=11:00, classroom=Classroom{id=9, roomName='New name', roomType='Lecture', roomCapacity=50, building=Building{id=2, buildingName='B'}}, course=Course{id=6, courseName='Biology'}, teacher=Teacher{id=6, firstName='Ellie', lastName='Purh', faculty=Faculty{id=1, facultyName='Changed faculty name'}}}, Lesson{id=307, date=2021-02-17, startTime=11:10, endTime=12:50, classroom=Classroom{id=9, roomName='New name', roomType='Lecture', roomCapacity=50, building=Building{id=2, buildingName='B'}}, course=Course{id=6, courseName='Biology'}, teacher=Teacher{id=6, firstName='Ellie', lastName='Purh', faculty=Faculty{id=1, facultyName='Changed faculty name'}}}, Lesson{id=308, date=2021-02-17, startTime=13:00, endTime=14:40, classroom=Classroom{id=6, roomName='B-1', roomType='Class', roomCapacity=30, building=Building{id=2, buildingName='B'}}, course=Course{id=6, courseName='Biology'}, teacher=Teacher{id=7, firstName='Charlie', lastName='Byrne', faculty=Faculty{id=1, facultyName='Changed faculty name'}}}, Lesson{id=309, date=2021-02-17, startTime=14:50, endTime=16:30, classroom=Classroom{id=7, roomName='B-2', roomType='Class', roomCapacity=30, building=Building{id=2, buildingName='B'}}, course=Course{id=6, courseName='Biology'}, teacher=Teacher{id=7, firstName='Charlie', lastName='Byrne', faculty=Faculty{id=1, facultyName='Changed faculty name'}}}, Lesson{id=310, date=2021-02-17, startTime=16:40, endTime=18:20, classroom=Classroom{id=10, roomName='B-5', roomType='Laboratory', roomCapacity=10, building=Building{id=2, buildingName='B'}}, course=Course{id=6, courseName='Biology'}, teacher=Teacher{id=7, firstName='Charlie', lastName='Byrne', faculty=Faculty{id=1, facultyName='Changed faculty name'}}}, Lesson{id=311, date=2021-02-17, startTime=09:20, endTime=11:00, classroom=Classroom{id=14, roomName='C-4', roomType='Lecture', roomCapacity=50, building=Building{id=3, buildingName='C'}}, course=Course{id=10, courseName='Geometry'}, teacher=Teacher{id=12, firstName='Mia', lastName='Brown', faculty=Faculty{id=2, facultyName='Technical Sciences Faculty'}}}, Lesson{id=312, date=2021-02-17, startTime=11:10, endTime=12:50, classroom=Classroom{id=14, roomName='C-4', roomType='Lecture', roomCapacity=50, building=Building{id=3, buildingName='C'}}, course=Course{id=10, courseName='Geometry'}, teacher=Teacher{id=12, firstName='Mia', lastName='Brown', faculty=Faculty{id=2, facultyName='Technical Sciences Faculty'}}}, Lesson{id=313, date=2021-02-17, startTime=13:00, endTime=14:40, classroom=Classroom{id=11, roomName='C-1', roomType='Class', roomCapacity=30, building=Building{id=3, buildingName='C'}}, course=Course{id=10, courseName='Geometry'}, teacher=Teacher{id=12, firstName='Mia', lastName='Brown', faculty=Faculty{id=2, facultyName='Technical Sciences Faculty'}}}, Lesson{id=314, date=2021-02-17, startTime=14:50, endTime=16:30, classroom=Classroom{id=13, roomName='C-3', roomType='Class', roomCapacity=30, building=Building{id=3, buildingName='C'}}, course=Course{id=10, courseName='Geometry'}, teacher=Teacher{id=12, firstName='Mia', lastName='Brown', faculty=Faculty{id=2, facultyName='Technical Sciences Faculty'}}}, Lesson{id=315, date=2021-02-17, startTime=16:40, endTime=18:20, classroom=Classroom{id=15, roomName='C-5', roomType='Laboratory', roomCapacity=10, building=Building{id=3, buildingName='C'}}, course=Course{id=10, courseName='Geometry'}, teacher=Teacher{id=12, firstName='Mia', lastName='Brown', faculty=Faculty{id=2, facultyName='Technical Sciences Faculty'}}}, Lesson{id=316, date=2021-02-18, startTime=09:20, endTime=11:00, classroom=Classroom{id=4, roomName='A-4', roomType='Lecture', roomCapacity=50, building=Building{id=1, buildingName='Changed name'}}, course=Course{id=4, courseName='Political science'}, teacher=Teacher{id=4, firstName='Olivia', lastName='Blake', faculty=Faculty{id=3, facultyName='Faculty of Arts'}}}, Lesson{id=317, date=2021-02-18, startTime=11:10, endTime=12:50, classroom=Classroom{id=1, roomName='A-1', roomType='Class', roomCapacity=30, building=Building{id=1, buildingName='Changed name'}}, course=Course{id=4, courseName='Political science'}, teacher=Teacher{id=4, firstName='Olivia', lastName='Blake', faculty=Faculty{id=3, facultyName='Faculty of Arts'}}}, Lesson{id=318, date=2021-02-18, startTime=13:00, endTime=14:40, classroom=Classroom{id=2, roomName='A-2', roomType='Class', roomCapacity=30, building=Building{id=1, buildingName='Changed name'}}, course=Course{id=5, courseName='Culture'}, teacher=Teacher{id=5, firstName='Scarlett', lastName='Nimoy', faculty=Faculty{id=3, facultyName='Faculty of Arts'}}}, Lesson{id=319, date=2021-02-18, startTime=14:50, endTime=16:30, classroom=Classroom{id=3, roomName='A-3', roomType='Class', roomCapacity=30, building=Building{id=1, buildingName='Changed name'}}, course=Course{id=5, courseName='Culture'}, teacher=Teacher{id=5, firstName='Scarlett', lastName='Nimoy', faculty=Faculty{id=3, facultyName='Faculty of Arts'}}}, Lesson{id=320, date=2021-02-18, startTime=16:40, endTime=18:20, classroom=Classroom{id=4, roomName='A-4', roomType='Lecture', roomCapacity=50, building=Building{id=1, buildingName='Changed name'}}, course=Course{id=1, courseName='History'}, teacher=Teacher{id=1, firstName='Albert', lastName='Sykes', faculty=Faculty{id=3, facultyName='Faculty of Arts'}}}, Lesson{id=321, date=2021-02-18, startTime=09:20, endTime=11:00, classroom=Classroom{id=9, roomName='New name', roomType='Lecture', roomCapacity=50, building=Building{id=2, buildingName='B'}}, course=Course{id=7, courseName='Chemistry'}, teacher=Teacher{id=8, firstName='Samuel', lastName='Travis', faculty=Faculty{id=1, facultyName='Changed faculty name'}}}, Lesson{id=322, date=2021-02-18, startTime=11:10, endTime=12:50, classroom=Classroom{id=9, roomName='New name', roomType='Lecture', roomCapacity=50, building=Building{id=2, buildingName='B'}}, course=Course{id=7, courseName='Chemistry'}, teacher=Teacher{id=8, firstName='Samuel', lastName='Travis', faculty=Faculty{id=1, facultyName='Changed faculty name'}}}, Lesson{id=323, date=2021-02-18, startTime=13:00, endTime=14:40, classroom=Classroom{id=6, roomName='B-1', roomType='Class', roomCapacity=30, building=Building{id=2, buildingName='B'}}, course=Course{id=7, courseName='Chemistry'}, teacher=Teacher{id=9, firstName='Albert', lastName='Hill', faculty=Faculty{id=1, facultyName='Changed faculty name'}}}, Lesson{id=324, date=2021-02-18, startTime=14:50, endTime=16:30, classroom=Classroom{id=7, roomName='B-2', roomType='Class', roomCapacity=30, building=Building{id=2, buildingName='B'}}, course=Course{id=7, courseName='Chemistry'}, teacher=Teacher{id=9, firstName='Albert', lastName='Hill', faculty=Faculty{id=1, facultyName='Changed faculty name'}}}, Lesson{id=325, date=2021-02-18, startTime=16:40, endTime=18:20, classroom=Classroom{id=10, roomName='B-5', roomType='Laboratory', roomCapacity=10, building=Building{id=2, buildingName='B'}}, course=Course{id=7, courseName='Chemistry'}, teacher=Teacher{id=9, firstName='Albert', lastName='Hill', faculty=Faculty{id=1, facultyName='Changed faculty name'}}}, Lesson{id=326, date=2021-02-18, startTime=09:20, endTime=11:00, classroom=Classroom{id=14, roomName='C-4', roomType='Lecture', roomCapacity=50, building=Building{id=3, buildingName='C'}}, course=Course{id=8, courseName='Mathematics'}, teacher=Teacher{id=10, firstName='Joshua', lastName='Eve', faculty=Faculty{id=2, facultyName='Technical Sciences Faculty'}}}, Lesson{id=327, date=2021-02-18, startTime=11:10, endTime=12:50, classroom=Classroom{id=14, roomName='C-4', roomType='Lecture', roomCapacity=50, building=Building{id=3, buildingName='C'}}, course=Course{id=8, courseName='Mathematics'}, teacher=Teacher{id=10, firstName='Joshua', lastName='Eve', faculty=Faculty{id=2, facultyName='Technical Sciences Faculty'}}}, Lesson{id=328, date=2021-02-18, startTime=13:00, endTime=14:40, classroom=Classroom{id=12, roomName='C-2', roomType='Class', roomCapacity=30, building=Building{id=3, buildingName='C'}}, course=Course{id=9, courseName='Physics'}, teacher=Teacher{id=11, firstName='Sophia', lastName='Roos', faculty=Faculty{id=2, facultyName='Technical Sciences Faculty'}}}, Lesson{id=329, date=2021-02-18, startTime=14:50, endTime=16:30, classroom=Classroom{id=12, roomName='C-2', roomType='Class', roomCapacity=30, building=Building{id=3, buildingName='C'}}, course=Course{id=10, courseName='Geometry'}, teacher=Teacher{id=12, firstName='Mia', lastName='Brown', faculty=Faculty{id=2, facultyName='Technical Sciences Faculty'}}}, Lesson{id=330, date=2021-02-18, startTime=16:40, endTime=18:20, classroom=Classroom{id=15, roomName='C-5', roomType='Laboratory', roomCapacity=10, building=Building{id=3, buildingName='C'}}, course=Course{id=8, courseName='Mathematics'}, teacher=Teacher{id=10, firstName='Joshua', lastName='Eve', faculty=Faculty{id=2, facultyName='Technical Sciences Faculty'}}}, Lesson{id=331, date=2021-02-19, startTime=09:20, endTime=11:00, classroom=Classroom{id=4, roomName='A-4', roomType='Lecture', roomCapacity=50, building=Building{id=1, buildingName='Changed name'}}, course=Course{id=5, courseName='Culture'}, teacher=Teacher{id=5, firstName='Scarlett', lastName='Nimoy', faculty=Faculty{id=3, facultyName='Faculty of Arts'}}}, Lesson{id=332, date=2021-02-19, startTime=11:10, endTime=12:50, classroom=Classroom{id=1, roomName='A-1', roomType='Class', roomCapacity=30, building=Building{id=1, buildingName='Changed name'}}, course=Course{id=5, courseName='Culture'}, teacher=Teacher{id=5, firstName='Scarlett', lastName='Nimoy', faculty=Faculty{id=3, facultyName='Faculty of Arts'}}}, Lesson{id=333, date=2021-02-19, startTime=13:00, endTime=14:40, classroom=Classroom{id=2, roomName='A-2', roomType='Class', roomCapacity=30, building=Building{id=1, buildingName='Changed name'}}, course=Course{id=1, courseName='History'}, teacher=Teacher{id=1, firstName='Albert', lastName='Sykes', faculty=Faculty{id=3, facultyName='Faculty of Arts'}}}, Lesson{id=334, date=2021-02-19, startTime=14:50, endTime=16:30, classroom=Classroom{id=3, roomName='A-3', roomType='Class', roomCapacity=30, building=Building{id=1, buildingName='Changed name'}}, course=Course{id=1, courseName='History'}, teacher=Teacher{id=1, firstName='Albert', lastName='Sykes', faculty=Faculty{id=3, facultyName='Faculty of Arts'}}}, Lesson{id=335, date=2021-02-19, startTime=16:40, endTime=18:20, classroom=Classroom{id=4, roomName='A-4', roomType='Lecture', roomCapacity=50, building=Building{id=1, buildingName='Changed name'}}, course=Course{id=2, courseName='Philosophy'}, teacher=Teacher{id=2, firstName='Stanley', lastName='Gruber', faculty=Faculty{id=3, facultyName='Faculty of Arts'}}}, Lesson{id=336, date=2021-02-19, startTime=09:20, endTime=11:00, classroom=Classroom{id=9, roomName='New name', roomType='Lecture', roomCapacity=50, building=Building{id=2, buildingName='B'}}, course=Course{id=6, courseName='Biology'}, teacher=Teacher{id=6, firstName='Ellie', lastName='Purh', faculty=Faculty{id=1, facultyName='Changed faculty name'}}}, Lesson{id=337, date=2021-02-19, startTime=11:10, endTime=12:50, classroom=Classroom{id=9, roomName='New name', roomType='Lecture', roomCapacity=50, building=Building{id=2, buildingName='B'}}, course=Course{id=6, courseName='Biology'}, teacher=Teacher{id=6, firstName='Ellie', lastName='Purh', faculty=Faculty{id=1, facultyName='Changed faculty name'}}}, Lesson{id=338, date=2021-02-19, startTime=13:00, endTime=14:40, classroom=Classroom{id=6, roomName='B-1', roomType='Class', roomCapacity=30, building=Building{id=2, buildingName='B'}}, course=Course{id=6, courseName='Biology'}, teacher=Teacher{id=7, firstName='Charlie', lastName='Byrne', faculty=Faculty{id=1, facultyName='Changed faculty name'}}}, Lesson{id=339, date=2021-02-19, startTime=14:50, endTime=16:30, classroom=Classroom{id=7, roomName='B-2', roomType='Class', roomCapacity=30, building=Building{id=2, buildingName='B'}}, course=Course{id=6, courseName='Biology'}, teacher=Teacher{id=7, firstName='Charlie', lastName='Byrne', faculty=Faculty{id=1, facultyName='Changed faculty name'}}}, Lesson{id=340, date=2021-02-19, startTime=16:40, endTime=18:20, classroom=Classroom{id=10, roomName='B-5', roomType='Laboratory', roomCapacity=10, building=Building{id=2, buildingName='B'}}, course=Course{id=6, courseName='Biology'}, teacher=Teacher{id=7, firstName='Charlie', lastName='Byrne', faculty=Faculty{id=1, facultyName='Changed faculty name'}}}, Lesson{id=341, date=2021-02-19, startTime=09:20, endTime=11:00, classroom=Classroom{id=14, roomName='C-4', roomType='Lecture', roomCapacity=50, building=Building{id=3, buildingName='C'}}, course=Course{id=9, courseName='Physics'}, teacher=Teacher{id=11, firstName='Sophia', lastName='Roos', faculty=Faculty{id=2, facultyName='Technical Sciences Faculty'}}}, Lesson{id=342, date=2021-02-19, startTime=11:10, endTime=12:50, classroom=Classroom{id=14, roomName='C-4', roomType='Lecture', roomCapacity=50, building=Building{id=3, buildingName='C'}}, course=Course{id=10, courseName='Geometry'}, teacher=Teacher{id=12, firstName='Mia', lastName='Brown', faculty=Faculty{id=2, facultyName='Technical Sciences Faculty'}}}, Lesson{id=343, date=2021-02-19, startTime=13:00, endTime=14:40, classroom=Classroom{id=13, roomName='C-3', roomType='Class', roomCapacity=30, building=Building{id=3, buildingName='C'}}, course=Course{id=8, courseName='Mathematics'}, teacher=Teacher{id=10, firstName='Joshua', lastName='Eve', faculty=Faculty{id=2, facultyName='Technical Sciences Faculty'}}}, Lesson{id=344, date=2021-02-19, startTime=14:50, endTime=16:30, classroom=Classroom{id=15, roomName='C-5', roomType='Laboratory', roomCapacity=10, building=Building{id=3, buildingName='C'}}, course=Course{id=9, courseName='Physics'}, teacher=Teacher{id=11, firstName='Sophia', lastName='Roos', faculty=Faculty{id=2, facultyName='Technical Sciences Faculty'}}}, Lesson{id=345, date=2021-02-19, startTime=16:40, endTime=18:20, classroom=Classroom{id=15, roomName='C-5', roomType='Laboratory', roomCapacity=10, building=Building{id=3, buildingName='C'}}, course=Course{id=10, courseName='Geometry'}, teacher=Teacher{id=12, firstName='Mia', lastName='Brown', faculty=Faculty{id=2, facultyName='Technical Sciences Faculty'}}}, Lesson{id=346, date=2021-02-22, startTime=09:20, endTime=11:00, classroom=Classroom{id=4, roomName='A-4', roomType='Lecture', roomCapacity=50, building=Building{id=1, buildingName='Changed name'}}, course=Course{id=1, courseName='History'}, teacher=Teacher{id=1, firstName='Albert', lastName='Sykes', faculty=Faculty{id=3, facultyName='Faculty of Arts'}}}, Lesson{id=347, date=2021-02-22, startTime=11:10, endTime=12:50, classroom=Classroom{id=1, roomName='A-1', roomType='Class', roomCapacity=30, building=Building{id=1, buildingName='Changed name'}}, course=Course{id=1, courseName='History'}, teacher=Teacher{id=1, firstName='Albert', lastName='Sykes', faculty=Faculty{id=3, facultyName='Faculty of Arts'}}}, Lesson{id=348, date=2021-02-22, startTime=13:00, endTime=14:40, classroom=Classroom{id=2, roomName='A-2', roomType='Class', roomCapacity=30, building=Building{id=1, buildingName='Changed name'}}, course=Course{id=2, courseName='Philosophy'}, teacher=Teacher{id=2, firstName='Stanley', lastName='Gruber', faculty=Faculty{id=3, facultyName='Faculty of Arts'}}}, Lesson{id=349, date=2021-02-22, startTime=14:50, endTime=16:30, classroom=Classroom{id=3, roomName='A-3', roomType='Class', roomCapacity=30, building=Building{id=1, buildingName='Changed name'}}, course=Course{id=2, courseName='Philosophy'}, teacher=Teacher{id=2, firstName='Stanley', lastName='Gruber', faculty=Faculty{id=3, facultyName='Faculty of Arts'}}}, Lesson{id=350, date=2021-02-22, startTime=16:40, endTime=18:20, classroom=Classroom{id=4, roomName='A-4', roomType='Lecture', roomCapacity=50, building=Building{id=1, buildingName='Changed name'}}, course=Course{id=3, courseName='Name'}, teacher=Teacher{id=3, firstName='Freya', lastName='Shepp', faculty=Faculty{id=3, facultyName='Faculty of Arts'}}}, Lesson{id=351, date=2021-02-22, startTime=09:20, endTime=11:00, classroom=Classroom{id=9, roomName='New name', roomType='Lecture', roomCapacity=50, building=Building{id=2, buildingName='B'}}, course=Course{id=6, courseName='Biology'}, teacher=Teacher{id=6, firstName='Ellie', lastName='Purh', faculty=Faculty{id=1, facultyName='Changed faculty name'}}}, Lesson{id=352, date=2021-02-22, startTime=11:10, endTime=12:50, classroom=Classroom{id=9, roomName='New name', roomType='Lecture', roomCapacity=50, building=Building{id=2, buildingName='B'}}, course=Course{id=6, courseName='Biology'}, teacher=Teacher{id=6, firstName='Ellie', lastName='Purh', faculty=Faculty{id=1, facultyName='Changed faculty name'}}}, Lesson{id=353, date=2021-02-22, startTime=13:00, endTime=14:40, classroom=Classroom{id=6, roomName='B-1', roomType='Class', roomCapacity=30, building=Building{id=2, buildingName='B'}}, course=Course{id=6, courseName='Biology'}, teacher=Teacher{id=7, firstName='Charlie', lastName='Byrne', faculty=Faculty{id=1, facultyName='Changed faculty name'}}}, Lesson{id=354, date=2021-02-22, startTime=14:50, endTime=16:30, classroom=Classroom{id=7, roomName='B-2', roomType='Class', roomCapacity=30, building=Building{id=2, buildingName='B'}}, course=Course{id=6, courseName='Biology'}, teacher=Teacher{id=7, firstName='Charlie', lastName='Byrne', faculty=Faculty{id=1, facultyName='Changed faculty name'}}}, Lesson{id=355, date=2021-02-22, startTime=16:40, endTime=18:20, classroom=Classroom{id=10, roomName='B-5', roomType='Laboratory', roomCapacity=10, building=Building{id=2, buildingName='B'}}, course=Course{id=6, courseName='Biology'}, teacher=Teacher{id=7, firstName='Charlie', lastName='Byrne', faculty=Faculty{id=1, facultyName='Changed faculty name'}}}, Lesson{id=356, date=2021-02-22, startTime=09:20, endTime=11:00, classroom=Classroom{id=14, roomName='C-4', roomType='Lecture', roomCapacity=50, building=Building{id=3, buildingName='C'}}, course=Course{id=8, courseName='Mathematics'}, teacher=Teacher{id=10, firstName='Joshua', lastName='Eve', faculty=Faculty{id=2, facultyName='Technical Sciences Faculty'}}}, Lesson{id=357, date=2021-02-22, startTime=11:10, endTime=12:50, classroom=Classroom{id=14, roomName='C-4', roomType='Lecture', roomCapacity=50, building=Building{id=3, buildingName='C'}}, course=Course{id=8, courseName='Mathematics'}, teacher=Teacher{id=10, firstName='Joshua', lastName='Eve', faculty=Faculty{id=2, facultyName='Technical Sciences Faculty'}}}, Lesson{id=358, date=2021-02-22, startTime=13:00, endTime=14:40, classroom=Classroom{id=11, roomName='C-1', roomType='Class', roomCapacity=30, building=Building{id=3, buildingName='C'}}, course=Course{id=8, courseName='Mathematics'}, teacher=Teacher{id=10, firstName='Joshua', lastName='Eve', faculty=Faculty{id=2, facultyName='Technical Sciences Faculty'}}}, Lesson{id=359, date=2021-02-22, startTime=14:50, endTime=16:30, classroom=Classroom{id=13, roomName='C-3', roomType='Class', roomCapacity=30, building=Building{id=3, buildingName='C'}}, course=Course{id=8, courseName='Mathematics'}, teacher=Teacher{id=10, firstName='Joshua', lastName='Eve', faculty=Faculty{id=2, facultyName='Technical Sciences Faculty'}}}, Lesson{id=360, date=2021-02-22, startTime=16:40, endTime=18:20, classroom=Classroom{id=15, roomName='C-5', roomType='Laboratory', roomCapacity=10, building=Building{id=3, buildingName='C'}}, course=Course{id=8, courseName='Mathematics'}, teacher=Teacher{id=10, firstName='Joshua', lastName='Eve', faculty=Faculty{id=2, facultyName='Technical Sciences Faculty'}}}, Lesson{id=361, date=2021-02-23, startTime=09:20, endTime=11:00, classroom=Classroom{id=4, roomName='A-4', roomType='Lecture', roomCapacity=50, building=Building{id=1, buildingName='Changed name'}}, course=Course{id=2, courseName='Philosophy'}, teacher=Teacher{id=2, firstName='Stanley', lastName='Gruber', faculty=Faculty{id=3, facultyName='Faculty of Arts'}}}, Lesson{id=362, date=2021-02-23, startTime=11:10, endTime=12:50, classroom=Classroom{id=1, roomName='A-1', roomType='Class', roomCapacity=30, building=Building{id=1, buildingName='Changed name'}}, course=Course{id=2, courseName='Philosophy'}, teacher=Teacher{id=2, firstName='Stanley', lastName='Gruber', faculty=Faculty{id=3, facultyName='Faculty of Arts'}}}, Lesson{id=363, date=2021-02-23, startTime=13:00, endTime=14:40, classroom=Classroom{id=2, roomName='A-2', roomType='Class', roomCapacity=30, building=Building{id=1, buildingName='Changed name'}}, course=Course{id=3, courseName='Name'}, teacher=Teacher{id=3, firstName='Freya', lastName='Shepp', faculty=Faculty{id=3, facultyName='Faculty of Arts'}}}, Lesson{id=364, date=2021-02-23, startTime=14:50, endTime=16:30, classroom=Classroom{id=3, roomName='A-3', roomType='Class', roomCapacity=30, building=Building{id=1, buildingName='Changed name'}}, course=Course{id=3, courseName='Name'}, teacher=Teacher{id=3, firstName='Freya', lastName='Shepp', faculty=Faculty{id=3, facultyName='Faculty of Arts'}}}, Lesson{id=365, date=2021-02-23, startTime=16:40, endTime=18:20, classroom=Classroom{id=4, roomName='A-4', roomType='Lecture', roomCapacity=50, building=Building{id=1, buildingName='Changed name'}}, course=Course{id=4, courseName='Political science'}, teacher=Teacher{id=4, firstName='Olivia', lastName='Blake', faculty=Faculty{id=3, facultyName='Faculty of Arts'}}}, Lesson{id=366, date=2021-02-23, startTime=09:20, endTime=11:00, classroom=Classroom{id=9, roomName='New name', roomType='Lecture', roomCapacity=50, building=Building{id=2, buildingName='B'}}, course=Course{id=7, courseName='Chemistry'}, teacher=Teacher{id=8, firstName='Samuel', lastName='Travis', faculty=Faculty{id=1, facultyName='Changed faculty name'}}}, Lesson{id=367, date=2021-02-23, startTime=11:10, endTime=12:50, classroom=Classroom{id=9, roomName='New name', roomType='Lecture', roomCapacity=50, building=Building{id=2, buildingName='B'}}, course=Course{id=7, courseName='Chemistry'}, teacher=Teacher{id=8, firstName='Samuel', lastName='Travis', faculty=Faculty{id=1, facultyName='Changed faculty name'}}}, Lesson{id=368, date=2021-02-23, startTime=13:00, endTime=14:40, classroom=Classroom{id=6, roomName='B-1', roomType='Class', roomCapacity=30, building=Building{id=2, buildingName='B'}}, course=Course{id=7, courseName='Chemistry'}, teacher=Teacher{id=9, firstName='Albert', lastName='Hill', faculty=Faculty{id=1, facultyName='Changed faculty name'}}}, Lesson{id=369, date=2021-02-23, startTime=14:50, endTime=16:30, classroom=Classroom{id=7, roomName='B-2', roomType='Class', roomCapacity=30, building=Building{id=2, buildingName='B'}}, course=Course{id=7, courseName='Chemistry'}, teacher=Teacher{id=9, firstName='Albert', lastName='Hill', faculty=Faculty{id=1, facultyName='Changed faculty name'}}}, Lesson{id=370, date=2021-02-23, startTime=16:40, endTime=18:20, classroom=Classroom{id=10, roomName='B-5', roomType='Laboratory', roomCapacity=10, building=Building{id=2, buildingName='B'}}, course=Course{id=7, courseName='Chemistry'}, teacher=Teacher{id=9, firstName='Albert', lastName='Hill', faculty=Faculty{id=1, facultyName='Changed faculty name'}}}, Lesson{id=371, date=2021-02-23, startTime=09:20, endTime=11:00, classroom=Classroom{id=14, roomName='C-4', roomType='Lecture', roomCapacity=50, building=Building{id=3, buildingName='C'}}, course=Course{id=9, courseName='Physics'}, teacher=Teacher{id=11, firstName='Sophia', lastName='Roos', faculty=Faculty{id=2, facultyName='Technical Sciences Faculty'}}}, Lesson{id=372, date=2021-02-23, startTime=11:10, endTime=12:50, classroom=Classroom{id=14, roomName='C-4', roomType='Lecture', roomCapacity=50, building=Building{id=3, buildingName='C'}}, course=Course{id=9, courseName='Physics'}, teacher=Teacher{id=11, firstName='Sophia', lastName='Roos', faculty=Faculty{id=2, facultyName='Technical Sciences Faculty'}}}, Lesson{id=373, date=2021-02-23, startTime=13:00, endTime=14:40, classroom=Classroom{id=11, roomName='C-1', roomType='Class', roomCapacity=30, building=Building{id=3, buildingName='C'}}, course=Course{id=9, courseName='Physics'}, teacher=Teacher{id=11, firstName='Sophia', lastName='Roos', faculty=Faculty{id=2, facultyName='Technical Sciences Faculty'}}}, Lesson{id=374, date=2021-02-23, startTime=14:50, endTime=16:30, classroom=Classroom{id=13, roomName='C-3', roomType='Class', roomCapacity=30, building=Building{id=3, buildingName='C'}}, course=Course{id=9, courseName='Physics'}, teacher=Teacher{id=11, firstName='Sophia', lastName='Roos', faculty=Faculty{id=2, facultyName='Technical Sciences Faculty'}}}, Lesson{id=375, date=2021-02-23, startTime=16:40, endTime=18:20, classroom=Classroom{id=15, roomName='C-5', roomType='Laboratory', roomCapacity=10, building=Building{id=3, buildingName='C'}}, course=Course{id=9, courseName='Physics'}, teacher=Teacher{id=11, firstName='Sophia', lastName='Roos', faculty=Faculty{id=2, facultyName='Technical Sciences Faculty'}}}, Lesson{id=376, date=2021-02-24, startTime=09:20, endTime=11:00, classroom=Classroom{id=4, roomName='A-4', roomType='Lecture', roomCapacity=50, building=Building{id=1, buildingName='Changed name'}}, course=Course{id=3, courseName='Name'}, teacher=Teacher{id=3, firstName='Freya', lastName='Shepp', faculty=Faculty{id=3, facultyName='Faculty of Arts'}}}, Lesson{id=377, date=2021-02-24, startTime=11:10, endTime=12:50, classroom=Classroom{id=1, roomName='A-1', roomType='Class', roomCapacity=30, building=Building{id=1, buildingName='Changed name'}}, course=Course{id=3, courseName='Name'}, teacher=Teacher{id=3, firstName='Freya', lastName='Shepp', faculty=Faculty{id=3, facultyName='Faculty of Arts'}}}, Lesson{id=378, date=2021-02-24, startTime=13:00, endTime=14:40, classroom=Classroom{id=2, roomName='A-2', roomType='Class', roomCapacity=30, building=Building{id=1, buildingName='Changed name'}}, course=Course{id=4, courseName='Political science'}, teacher=Teacher{id=4, firstName='Olivia', lastName='Blake', faculty=Faculty{id=3, facultyName='Faculty of Arts'}}}, Lesson{id=379, date=2021-02-24, startTime=14:50, endTime=16:30, classroom=Classroom{id=3, roomName='A-3', roomType='Class', roomCapacity=30, building=Building{id=1, buildingName='Changed name'}}, course=Course{id=4, courseName='Political science'}, teacher=Teacher{id=4, firstName='Olivia', lastName='Blake', faculty=Faculty{id=3, facultyName='Faculty of Arts'}}}, Lesson{id=380, date=2021-02-24, startTime=16:40, endTime=18:20, classroom=Classroom{id=4, roomName='A-4', roomType='Lecture', roomCapacity=50, building=Building{id=1, buildingName='Changed name'}}, course=Course{id=5, courseName='Culture'}, teacher=Teacher{id=5, firstName='Scarlett', lastName='Nimoy', faculty=Faculty{id=3, facultyName='Faculty of Arts'}}}, Lesson{id=381, date=2021-02-24, startTime=09:20, endTime=11:00, classroom=Classroom{id=9, roomName='New name', roomType='Lecture', roomCapacity=50, building=Building{id=2, buildingName='B'}}, course=Course{id=6, courseName='Biology'}, teacher=Teacher{id=6, firstName='Ellie', lastName='Purh', faculty=Faculty{id=1, facultyName='Changed faculty name'}}}, Lesson{id=382, date=2021-02-24, startTime=11:10, endTime=12:50, classroom=Classroom{id=9, roomName='New name', roomType='Lecture', roomCapacity=50, building=Building{id=2, buildingName='B'}}, course=Course{id=6, courseName='Biology'}, teacher=Teacher{id=6, firstName='Ellie', lastName='Purh', faculty=Faculty{id=1, facultyName='Changed faculty name'}}}, Lesson{id=383, date=2021-02-24, startTime=13:00, endTime=14:40, classroom=Classroom{id=6, roomName='B-1', roomType='Class', roomCapacity=30, building=Building{id=2, buildingName='B'}}, course=Course{id=6, courseName='Biology'}, teacher=Teacher{id=7, firstName='Charlie', lastName='Byrne', faculty=Faculty{id=1, facultyName='Changed faculty name'}}}, Lesson{id=384, date=2021-02-24, startTime=14:50, endTime=16:30, classroom=Classroom{id=7, roomName='B-2', roomType='Class', roomCapacity=30, building=Building{id=2, buildingName='B'}}, course=Course{id=6, courseName='Biology'}, teacher=Teacher{id=7, firstName='Charlie', lastName='Byrne', faculty=Faculty{id=1, facultyName='Changed faculty name'}}}, Lesson{id=385, date=2021-02-24, startTime=16:40, endTime=18:20, classroom=Classroom{id=10, roomName='B-5', roomType='Laboratory', roomCapacity=10, building=Building{id=2, buildingName='B'}}, course=Course{id=6, courseName='Biology'}, teacher=Teacher{id=7, firstName='Charlie', lastName='Byrne', faculty=Faculty{id=1, facultyName='Changed faculty name'}}}, Lesson{id=386, date=2021-02-24, startTime=09:20, endTime=11:00, classroom=Classroom{id=14, roomName='C-4', roomType='Lecture', roomCapacity=50, building=Building{id=3, buildingName='C'}}, course=Course{id=10, courseName='Geometry'}, teacher=Teacher{id=12, firstName='Mia', lastName='Brown', faculty=Faculty{id=2, facultyName='Technical Sciences Faculty'}}}, Lesson{id=387, date=2021-02-24, startTime=11:10, endTime=12:50, classroom=Classroom{id=14, roomName='C-4', roomType='Lecture', roomCapacity=50, building=Building{id=3, buildingName='C'}}, course=Course{id=10, courseName='Geometry'}, teacher=Teacher{id=12, firstName='Mia', lastName='Brown', faculty=Faculty{id=2, facultyName='Technical Sciences Faculty'}}}, Lesson{id=388, date=2021-02-24, startTime=13:00, endTime=14:40, classroom=Classroom{id=11, roomName='C-1', roomType='Class', roomCapacity=30, building=Building{id=3, buildingName='C'}}, course=Course{id=10, courseName='Geometry'}, teacher=Teacher{id=12, firstName='Mia', lastName='Brown', faculty=Faculty{id=2, facultyName='Technical Sciences Faculty'}}}, Lesson{id=389, date=2021-02-24, startTime=14:50, endTime=16:30, classroom=Classroom{id=13, roomName='C-3', roomType='Class', roomCapacity=30, building=Building{id=3, buildingName='C'}}, course=Course{id=10, courseName='Geometry'}, teacher=Teacher{id=12, firstName='Mia', lastName='Brown', faculty=Faculty{id=2, facultyName='Technical Sciences Faculty'}}}, Lesson{id=390, date=2021-02-24, startTime=16:40, endTime=18:20, classroom=Classroom{id=15, roomName='C-5', roomType='Laboratory', roomCapacity=10, building=Building{id=3, buildingName='C'}}, course=Course{id=10, courseName='Geometry'}, teacher=Teacher{id=12, firstName='Mia', lastName='Brown', faculty=Faculty{id=2, facultyName='Technical Sciences Faculty'}}}, Lesson{id=391, date=2021-02-25, startTime=09:20, endTime=11:00, classroom=Classroom{id=4, roomName='A-4', roomType='Lecture', roomCapacity=50, building=Building{id=1, buildingName='Changed name'}}, course=Course{id=4, courseName='Political science'}, teacher=Teacher{id=4, firstName='Olivia', lastName='Blake', faculty=Faculty{id=3, facultyName='Faculty of Arts'}}}, Lesson{id=392, date=2021-02-25, startTime=11:10, endTime=12:50, classroom=Classroom{id=1, roomName='A-1', roomType='Class', roomCapacity=30, building=Building{id=1, buildingName='Changed name'}}, course=Course{id=4, courseName='Political science'}, teacher=Teacher{id=4, firstName='Olivia', lastName='Blake', faculty=Faculty{id=3, facultyName='Faculty of Arts'}}}, Lesson{id=393, date=2021-02-25, startTime=13:00, endTime=14:40, classroom=Classroom{id=2, roomName='A-2', roomType='Class', roomCapacity=30, building=Building{id=1, buildingName='Changed name'}}, course=Course{id=5, courseName='Culture'}, teacher=Teacher{id=5, firstName='Scarlett', lastName='Nimoy', faculty=Faculty{id=3, facultyName='Faculty of Arts'}}}, Lesson{id=394, date=2021-02-25, startTime=14:50, endTime=16:30, classroom=Classroom{id=3, roomName='A-3', roomType='Class', roomCapacity=30, building=Building{id=1, buildingName='Changed name'}}, course=Course{id=5, courseName='Culture'}, teacher=Teacher{id=5, firstName='Scarlett', lastName='Nimoy', faculty=Faculty{id=3, facultyName='Faculty of Arts'}}}, Lesson{id=395, date=2021-02-25, startTime=16:40, endTime=18:20, classroom=Classroom{id=4, roomName='A-4', roomType='Lecture', roomCapacity=50, building=Building{id=1, buildingName='Changed name'}}, course=Course{id=1, courseName='History'}, teacher=Teacher{id=1, firstName='Albert', lastName='Sykes', faculty=Faculty{id=3, facultyName='Faculty of Arts'}}}, Lesson{id=396, date=2021-02-25, startTime=09:20, endTime=11:00, classroom=Classroom{id=9, roomName='New name', roomType='Lecture', roomCapacity=50, building=Building{id=2, buildingName='B'}}, course=Course{id=7, courseName='Chemistry'}, teacher=Teacher{id=8, firstName='Samuel', lastName='Travis', faculty=Faculty{id=1, facultyName='Changed faculty name'}}}, Lesson{id=397, date=2021-02-25, startTime=11:10, endTime=12:50, classroom=Classroom{id=9, roomName='New name', roomType='Lecture', roomCapacity=50, building=Building{id=2, buildingName='B'}}, course=Course{id=7, courseName='Chemistry'}, teacher=Teacher{id=8, firstName='Samuel', lastName='Travis', faculty=Faculty{id=1, facultyName='Changed faculty name'}}}, Lesson{id=398, date=2021-02-25, startTime=13:00, endTime=14:40, classroom=Classroom{id=6, roomName='B-1', roomType='Class', roomCapacity=30, building=Building{id=2, buildingName='B'}}, course=Course{id=7, courseName='Chemistry'}, teacher=Teacher{id=9, firstName='Albert', lastName='Hill', faculty=Faculty{id=1, facultyName='Changed faculty name'}}}, Lesson{id=399, date=2021-02-25, startTime=14:50, endTime=16:30, classroom=Classroom{id=7, roomName='B-2', roomType='Class', roomCapacity=30, building=Building{id=2, buildingName='B'}}, course=Course{id=7, courseName='Chemistry'}, teacher=Teacher{id=9, firstName='Albert', lastName='Hill', faculty=Faculty{id=1, facultyName='Changed faculty name'}}}, Lesson{id=400, date=2021-02-25, startTime=16:40, endTime=18:20, classroom=Classroom{id=10, roomName='B-5', roomType='Laboratory', roomCapacity=10, building=Building{id=2, buildingName='B'}}, course=Course{id=7, courseName='Chemistry'}, teacher=Teacher{id=9, firstName='Albert', lastName='Hill', faculty=Faculty{id=1, facultyName='Changed faculty name'}}}, Lesson{id=401, date=2021-02-25, startTime=09:20, endTime=11:00, classroom=Classroom{id=14, roomName='C-4', roomType='Lecture', roomCapacity=50, building=Building{id=3, buildingName='C'}}, course=Course{id=8, courseName='Mathematics'}, teacher=Teacher{id=10, firstName='Joshua', lastName='Eve', faculty=Faculty{id=2, facultyName='Technical Sciences Faculty'}}}, Lesson{id=402, date=2021-02-25, startTime=11:10, endTime=12:50, classroom=Classroom{id=14, roomName='C-4', roomType='Lecture', roomCapacity=50, building=Building{id=3, buildingName='C'}}, course=Course{id=8, courseName='Mathematics'}, teacher=Teacher{id=10, firstName='Joshua', lastName='Eve', faculty=Faculty{id=2, facultyName='Technical Sciences Faculty'}}}, Lesson{id=403, date=2021-02-25, startTime=13:00, endTime=14:40, classroom=Classroom{id=12, roomName='C-2', roomType='Class', roomCapacity=30, building=Building{id=3, buildingName='C'}}, course=Course{id=9, courseName='Physics'}, teacher=Teacher{id=11, firstName='Sophia', lastName='Roos', faculty=Faculty{id=2, facultyName='Technical Sciences Faculty'}}}, Lesson{id=404, date=2021-02-25, startTime=14:50, endTime=16:30, classroom=Classroom{id=12, roomName='C-2', roomType='Class', roomCapacity=30, building=Building{id=3, buildingName='C'}}, course=Course{id=10, courseName='Geometry'}, teacher=Teacher{id=12, firstName='Mia', lastName='Brown', faculty=Faculty{id=2, facultyName='Technical Sciences Faculty'}}}, Lesson{id=405, date=2021-02-25, startTime=16:40, endTime=18:20, classroom=Classroom{id=15, roomName='C-5', roomType='Laboratory', roomCapacity=10, building=Building{id=3, buildingName='C'}}, course=Course{id=8, courseName='Mathematics'}, teacher=Teacher{id=10, firstName='Joshua', lastName='Eve', faculty=Faculty{id=2, facultyName='Technical Sciences Faculty'}}}, Lesson{id=406, date=2021-02-26, startTime=09:20, endTime=11:00, classroom=Classroom{id=4, roomName='A-4', roomType='Lecture', roomCapacity=50, building=Building{id=1, buildingName='Changed name'}}, course=Course{id=5, courseName='Culture'}, teacher=Teacher{id=5, firstName='Scarlett', lastName='Nimoy', faculty=Faculty{id=3, facultyName='Faculty of Arts'}}}, Lesson{id=407, date=2021-02-26, startTime=11:10, endTime=12:50, classroom=Classroom{id=1, roomName='A-1', roomType='Class', roomCapacity=30, building=Building{id=1, buildingName='Changed name'}}, course=Course{id=5, courseName='Culture'}, teacher=Teacher{id=5, firstName='Scarlett', lastName='Nimoy', faculty=Faculty{id=3, facultyName='Faculty of Arts'}}}, Lesson{id=408, date=2021-02-26, startTime=13:00, endTime=14:40, classroom=Classroom{id=2, roomName='A-2', roomType='Class', roomCapacity=30, building=Building{id=1, buildingName='Changed name'}}, course=Course{id=1, courseName='History'}, teacher=Teacher{id=1, firstName='Albert', lastName='Sykes', faculty=Faculty{id=3, facultyName='Faculty of Arts'}}}, Lesson{id=409, date=2021-02-26, startTime=14:50, endTime=16:30, classroom=Classroom{id=3, roomName='A-3', roomType='Class', roomCapacity=30, building=Building{id=1, buildingName='Changed name'}}, course=Course{id=1, courseName='History'}, teacher=Teacher{id=1, firstName='Albert', lastName='Sykes', faculty=Faculty{id=3, facultyName='Faculty of Arts'}}}, Lesson{id=410, date=2021-02-26, startTime=16:40, endTime=18:20, classroom=Classroom{id=4, roomName='A-4', roomType='Lecture', roomCapacity=50, building=Building{id=1, buildingName='Changed name'}}, course=Course{id=2, courseName='Philosophy'}, teacher=Teacher{id=2, firstName='Stanley', lastName='Gruber', faculty=Faculty{id=3, facultyName='Faculty of Arts'}}}, Lesson{id=411, date=2021-02-26, startTime=09:20, endTime=11:00, classroom=Classroom{id=9, roomName='New name', roomType='Lecture', roomCapacity=50, building=Building{id=2, buildingName='B'}}, course=Course{id=6, courseName='Biology'}, teacher=Teacher{id=6, firstName='Ellie', lastName='Purh', faculty=Faculty{id=1, facultyName='Changed faculty name'}}}, Lesson{id=412, date=2021-02-26, startTime=11:10, endTime=12:50, classroom=Classroom{id=9, roomName='New name', roomType='Lecture', roomCapacity=50, building=Building{id=2, buildingName='B'}}, course=Course{id=6, courseName='Biology'}, teacher=Teacher{id=6, firstName='Ellie', lastName='Purh', faculty=Faculty{id=1, facultyName='Changed faculty name'}}}, Lesson{id=413, date=2021-02-26, startTime=13:00, endTime=14:40, classroom=Classroom{id=6, roomName='B-1', roomType='Class', roomCapacity=30, building=Building{id=2, buildingName='B'}}, course=Course{id=6, courseName='Biology'}, teacher=Teacher{id=7, firstName='Charlie', lastName='Byrne', faculty=Faculty{id=1, facultyName='Changed faculty name'}}}, Lesson{id=414, date=2021-02-26, startTime=14:50, endTime=16:30, classroom=Classroom{id=7, roomName='B-2', roomType='Class', roomCapacity=30, building=Building{id=2, buildingName='B'}}, course=Course{id=6, courseName='Biology'}, teacher=Teacher{id=7, firstName='Charlie', lastName='Byrne', faculty=Faculty{id=1, facultyName='Changed faculty name'}}}, Lesson{id=415, date=2021-02-26, startTime=16:40, endTime=18:20, classroom=Classroom{id=10, roomName='B-5', roomType='Laboratory', roomCapacity=10, building=Building{id=2, buildingName='B'}}, course=Course{id=6, courseName='Biology'}, teacher=Teacher{id=7, firstName='Charlie', lastName='Byrne', faculty=Faculty{id=1, facultyName='Changed faculty name'}}}, Lesson{id=416, date=2021-02-26, startTime=09:20, endTime=11:00, classroom=Classroom{id=14, roomName='C-4', roomType='Lecture', roomCapacity=50, building=Building{id=3, buildingName='C'}}, course=Course{id=9, courseName='Physics'}, teacher=Teacher{id=11, firstName='Sophia', lastName='Roos', faculty=Faculty{id=2, facultyName='Technical Sciences Faculty'}}}, Lesson{id=417, date=2021-02-26, startTime=11:10, endTime=12:50, classroom=Classroom{id=14, roomName='C-4', roomType='Lecture', roomCapacity=50, building=Building{id=3, buildingName='C'}}, course=Course{id=10, courseName='Geometry'}, teacher=Teacher{id=12, firstName='Mia', lastName='Brown', faculty=Faculty{id=2, facultyName='Technical Sciences Faculty'}}}, Lesson{id=418, date=2021-02-26, startTime=13:00, endTime=14:40, classroom=Classroom{id=13, roomName='C-3', roomType='Class', roomCapacity=30, building=Building{id=3, buildingName='C'}}, course=Course{id=8, courseName='Mathematics'}, teacher=Teacher{id=10, firstName='Joshua', lastName='Eve', faculty=Faculty{id=2, facultyName='Technical Sciences Faculty'}}}, Lesson{id=419, date=2021-02-26, startTime=14:50, endTime=16:30, classroom=Classroom{id=15, roomName='C-5', roomType='Laboratory', roomCapacity=10, building=Building{id=3, buildingName='C'}}, course=Course{id=9, courseName='Physics'}, teacher=Teacher{id=11, firstName='Sophia', lastName='Roos', faculty=Faculty{id=2, facultyName='Technical Sciences Faculty'}}}, Lesson{id=420, date=2021-02-26, startTime=16:40, endTime=18:20, classroom=Classroom{id=15, roomName='C-5', roomType='Laboratory', roomCapacity=10, building=Building{id=3, buildingName='C'}}, course=Course{id=10, courseName='Geometry'}, teacher=Teacher{id=12, firstName='Mia', lastName='Brown', faculty=Faculty{id=2, facultyName='Technical Sciences Faculty'}}}, Lesson{id=421, date=2021-03-01, startTime=09:20, endTime=11:00, classroom=Classroom{id=4, roomName='A-4', roomType='Lecture', roomCapacity=50, building=Building{id=1, buildingName='Changed name'}}, course=Course{id=1, courseName='History'}, teacher=Teacher{id=1, firstName='Albert', lastName='Sykes', faculty=Faculty{id=3, facultyName='Faculty of Arts'}}}, Lesson{id=422, date=2021-03-01, startTime=11:10, endTime=12:50, classroom=Classroom{id=1, roomName='A-1', roomType='Class', roomCapacity=30, building=Building{id=1, buildingName='Changed name'}}, course=Course{id=1, courseName='History'}, teacher=Teacher{id=1, firstName='Albert', lastName='Sykes', faculty=Faculty{id=3, facultyName='Faculty of Arts'}}}, Lesson{id=423, date=2021-03-01, startTime=13:00, endTime=14:40, classroom=Classroom{id=2, roomName='A-2', roomType='Class', roomCapacity=30, building=Building{id=1, buildingName='Changed name'}}, course=Course{id=2, courseName='Philosophy'}, teacher=Teacher{id=2, firstName='Stanley', lastName='Gruber', faculty=Faculty{id=3, facultyName='Faculty of Arts'}}}, Lesson{id=424, date=2021-03-01, startTime=14:50, endTime=16:30, classroom=Classroom{id=3, roomName='A-3', roomType='Class', roomCapacity=30, building=Building{id=1, buildingName='Changed name'}}, course=Course{id=2, courseName='Philosophy'}, teacher=Teacher{id=2, firstName='Stanley', lastName='Gruber', faculty=Faculty{id=3, facultyName='Faculty of Arts'}}}, Lesson{id=425, date=2021-03-01, startTime=16:40, endTime=18:20, classroom=Classroom{id=4, roomName='A-4', roomType='Lecture', roomCapacity=50, building=Building{id=1, buildingName='Changed name'}}, course=Course{id=3, courseName='Name'}, teacher=Teacher{id=3, firstName='Freya', lastName='Shepp', faculty=Faculty{id=3, facultyName='Faculty of Arts'}}}, Lesson{id=426, date=2021-03-01, startTime=09:20, endTime=11:00, classroom=Classroom{id=9, roomName='New name', roomType='Lecture', roomCapacity=50, building=Building{id=2, buildingName='B'}}, course=Course{id=6, courseName='Biology'}, teacher=Teacher{id=6, firstName='Ellie', lastName='Purh', faculty=Faculty{id=1, facultyName='Changed faculty name'}}}, Lesson{id=427, date=2021-03-01, startTime=11:10, endTime=12:50, classroom=Classroom{id=9, roomName='New name', roomType='Lecture', roomCapacity=50, building=Building{id=2, buildingName='B'}}, course=Course{id=6, courseName='Biology'}, teacher=Teacher{id=6, firstName='Ellie', lastName='Purh', faculty=Faculty{id=1, facultyName='Changed faculty name'}}}, Lesson{id=428, date=2021-03-01, startTime=13:00, endTime=14:40, classroom=Classroom{id=6, roomName='B-1', roomType='Class', roomCapacity=30, building=Building{id=2, buildingName='B'}}, course=Course{id=6, courseName='Biology'}, teacher=Teacher{id=7, firstName='Charlie', lastName='Byrne', faculty=Faculty{id=1, facultyName='Changed faculty name'}}}, Lesson{id=429, date=2021-03-01, startTime=14:50, endTime=16:30, classroom=Classroom{id=7, roomName='B-2', roomType='Class', roomCapacity=30, building=Building{id=2, buildingName='B'}}, course=Course{id=6, courseName='Biology'}, teacher=Teacher{id=7, firstName='Charlie', lastName='Byrne', faculty=Faculty{id=1, facultyName='Changed faculty name'}}}, Lesson{id=430, date=2021-03-01, startTime=16:40, endTime=18:20, classroom=Classroom{id=10, roomName='B-5', roomType='Laboratory', roomCapacity=10, building=Building{id=2, buildingName='B'}}, course=Course{id=6, courseName='Biology'}, teacher=Teacher{id=7, firstName='Charlie', lastName='Byrne', faculty=Faculty{id=1, facultyName='Changed faculty name'}}}, Lesson{id=431, date=2021-03-01, startTime=09:20, endTime=11:00, classroom=Classroom{id=14, roomName='C-4', roomType='Lecture', roomCapacity=50, building=Building{id=3, buildingName='C'}}, course=Course{id=8, courseName='Mathematics'}, teacher=Teacher{id=10, firstName='Joshua', lastName='Eve', faculty=Faculty{id=2, facultyName='Technical Sciences Faculty'}}}, Lesson{id=432, date=2021-03-01, startTime=11:10, endTime=12:50, classroom=Classroom{id=14, roomName='C-4', roomType='Lecture', roomCapacity=50, building=Building{id=3, buildingName='C'}}, course=Course{id=8, courseName='Mathematics'}, teacher=Teacher{id=10, firstName='Joshua', lastName='Eve', faculty=Faculty{id=2, facultyName='Technical Sciences Faculty'}}}, Lesson{id=433, date=2021-03-01, startTime=13:00, endTime=14:40, classroom=Classroom{id=11, roomName='C-1', roomType='Class', roomCapacity=30, building=Building{id=3, buildingName='C'}}, course=Course{id=8, courseName='Mathematics'}, teacher=Teacher{id=10, firstName='Joshua', lastName='Eve', faculty=Faculty{id=2, facultyName='Technical Sciences Faculty'}}}, Lesson{id=434, date=2021-03-01, startTime=14:50, endTime=16:30, classroom=Classroom{id=13, roomName='C-3', roomType='Class', roomCapacity=30, building=Building{id=3, buildingName='C'}}, course=Course{id=8, courseName='Mathematics'}, teacher=Teacher{id=10, firstName='Joshua', lastName='Eve', faculty=Faculty{id=2, facultyName='Technical Sciences Faculty'}}}, Lesson{id=435, date=2021-03-01, startTime=16:40, endTime=18:20, classroom=Classroom{id=15, roomName='C-5', roomType='Laboratory', roomCapacity=10, building=Building{id=3, buildingName='C'}}, course=Course{id=8, courseName='Mathematics'}, teacher=Teacher{id=10, firstName='Joshua', lastName='Eve', faculty=Faculty{id=2, facultyName='Technical Sciences Faculty'}}}, Lesson{id=436, date=2021-03-02, startTime=09:20, endTime=11:00, classroom=Classroom{id=4, roomName='A-4', roomType='Lecture', roomCapacity=50, building=Building{id=1, buildingName='Changed name'}}, course=Course{id=2, courseName='Philosophy'}, teacher=Teacher{id=2, firstName='Stanley', lastName='Gruber', faculty=Faculty{id=3, facultyName='Faculty of Arts'}}}, Lesson{id=437, date=2021-03-02, startTime=11:10, endTime=12:50, classroom=Classroom{id=1, roomName='A-1', roomType='Class', roomCapacity=30, building=Building{id=1, buildingName='Changed name'}}, course=Course{id=2, courseName='Philosophy'}, teacher=Teacher{id=2, firstName='Stanley', lastName='Gruber', faculty=Faculty{id=3, facultyName='Faculty of Arts'}}}, Lesson{id=438, date=2021-03-02, startTime=13:00, endTime=14:40, classroom=Classroom{id=2, roomName='A-2', roomType='Class', roomCapacity=30, building=Building{id=1, buildingName='Changed name'}}, course=Course{id=3, courseName='Name'}, teacher=Teacher{id=3, firstName='Freya', lastName='Shepp', faculty=Faculty{id=3, facultyName='Faculty of Arts'}}}, Lesson{id=439, date=2021-03-02, startTime=14:50, endTime=16:30, classroom=Classroom{id=3, roomName='A-3', roomType='Class', roomCapacity=30, building=Building{id=1, buildingName='Changed name'}}, course=Course{id=3, courseName='Name'}, teacher=Teacher{id=3, firstName='Freya', lastName='Shepp', faculty=Faculty{id=3, facultyName='Faculty of Arts'}}}, Lesson{id=440, date=2021-03-02, startTime=16:40, endTime=18:20, classroom=Classroom{id=4, roomName='A-4', roomType='Lecture', roomCapacity=50, building=Building{id=1, buildingName='Changed name'}}, course=Course{id=4, courseName='Political science'}, teacher=Teacher{id=4, firstName='Olivia', lastName='Blake', faculty=Faculty{id=3, facultyName='Faculty of Arts'}}}, Lesson{id=441, date=2021-03-02, startTime=09:20, endTime=11:00, classroom=Classroom{id=9, roomName='New name', roomType='Lecture', roomCapacity=50, building=Building{id=2, buildingName='B'}}, course=Course{id=7, courseName='Chemistry'}, teacher=Teacher{id=8, firstName='Samuel', lastName='Travis', faculty=Faculty{id=1, facultyName='Changed faculty name'}}}, Lesson{id=442, date=2021-03-02, startTime=11:10, endTime=12:50, classroom=Classroom{id=9, roomName='New name', roomType='Lecture', roomCapacity=50, building=Building{id=2, buildingName='B'}}, course=Course{id=7, courseName='Chemistry'}, teacher=Teacher{id=8, firstName='Samuel', lastName='Travis', faculty=Faculty{id=1, facultyName='Changed faculty name'}}}, Lesson{id=443, date=2021-03-02, startTime=13:00, endTime=14:40, classroom=Classroom{id=6, roomName='B-1', roomType='Class', roomCapacity=30, building=Building{id=2, buildingName='B'}}, course=Course{id=7, courseName='Chemistry'}, teacher=Teacher{id=9, firstName='Albert', lastName='Hill', faculty=Faculty{id=1, facultyName='Changed faculty name'}}}, Lesson{id=444, date=2021-03-02, startTime=14:50, endTime=16:30, classroom=Classroom{id=7, roomName='B-2', roomType='Class', roomCapacity=30, building=Building{id=2, buildingName='B'}}, course=Course{id=7, courseName='Chemistry'}, teacher=Teacher{id=9, firstName='Albert', lastName='Hill', faculty=Faculty{id=1, facultyName='Changed faculty name'}}}, Lesson{id=445, date=2021-03-02, startTime=16:40, endTime=18:20, classroom=Classroom{id=10, roomName='B-5', roomType='Laboratory', roomCapacity=10, building=Building{id=2, buildingName='B'}}, course=Course{id=7, courseName='Chemistry'}, teacher=Teacher{id=9, firstName='Albert', lastName='Hill', faculty=Faculty{id=1, facultyName='Changed faculty name'}}}, Lesson{id=446, date=2021-03-02, startTime=09:20, endTime=11:00, classroom=Classroom{id=14, roomName='C-4', roomType='Lecture', roomCapacity=50, building=Building{id=3, buildingName='C'}}, course=Course{id=9, courseName='Physics'}, teacher=Teacher{id=11, firstName='Sophia', lastName='Roos', faculty=Faculty{id=2, facultyName='Technical Sciences Faculty'}}}, Lesson{id=447, date=2021-03-02, startTime=11:10, endTime=12:50, classroom=Classroom{id=14, roomName='C-4', roomType='Lecture', roomCapacity=50, building=Building{id=3, buildingName='C'}}, course=Course{id=9, courseName='Physics'}, teacher=Teacher{id=11, firstName='Sophia', lastName='Roos', faculty=Faculty{id=2, facultyName='Technical Sciences Faculty'}}}, Lesson{id=448, date=2021-03-02, startTime=13:00, endTime=14:40, classroom=Classroom{id=11, roomName='C-1', roomType='Class', roomCapacity=30, building=Building{id=3, buildingName='C'}}, course=Course{id=9, courseName='Physics'}, teacher=Teacher{id=11, firstName='Sophia', lastName='Roos', faculty=Faculty{id=2, facultyName='Technical Sciences Faculty'}}}, Lesson{id=449, date=2021-03-02, startTime=14:50, endTime=16:30, classroom=Classroom{id=13, roomName='C-3', roomType='Class', roomCapacity=30, building=Building{id=3, buildingName='C'}}, course=Course{id=9, courseName='Physics'}, teacher=Teacher{id=11, firstName='Sophia', lastName='Roos', faculty=Faculty{id=2, facultyName='Technical Sciences Faculty'}}}, Lesson{id=450, date=2021-03-02, startTime=16:40, endTime=18:20, classroom=Classroom{id=15, roomName='C-5', roomType='Laboratory', roomCapacity=10, building=Building{id=3, buildingName='C'}}, course=Course{id=9, courseName='Physics'}, teacher=Teacher{id=11, firstName='Sophia', lastName='Roos', faculty=Faculty{id=2, facultyName='Technical Sciences Faculty'}}}, Lesson{id=451, date=2021-03-03, startTime=09:20, endTime=11:00, classroom=Classroom{id=4, roomName='A-4', roomType='Lecture', roomCapacity=50, building=Building{id=1, buildingName='Changed name'}}, course=Course{id=3, courseName='Name'}, teacher=Teacher{id=3, firstName='Freya', lastName='Shepp', faculty=Faculty{id=3, facultyName='Faculty of Arts'}}}, Lesson{id=452, date=2021-03-03, startTime=11:10, endTime=12:50, classroom=Classroom{id=1, roomName='A-1', roomType='Class', roomCapacity=30, building=Building{id=1, buildingName='Changed name'}}, course=Course{id=3, courseName='Name'}, teacher=Teacher{id=3, firstName='Freya', lastName='Shepp', faculty=Faculty{id=3, facultyName='Faculty of Arts'}}}, Lesson{id=453, date=2021-03-03, startTime=13:00, endTime=14:40, classroom=Classroom{id=2, roomName='A-2', roomType='Class', roomCapacity=30, building=Building{id=1, buildingName='Changed name'}}, course=Course{id=4, courseName='Political science'}, teacher=Teacher{id=4, firstName='Olivia', lastName='Blake', faculty=Faculty{id=3, facultyName='Faculty of Arts'}}}, Lesson{id=454, date=2021-03-03, startTime=14:50, endTime=16:30, classroom=Classroom{id=3, roomName='A-3', roomType='Class', roomCapacity=30, building=Building{id=1, buildingName='Changed name'}}, course=Course{id=4, courseName='Political science'}, teacher=Teacher{id=4, firstName='Olivia', lastName='Blake', faculty=Faculty{id=3, facultyName='Faculty of Arts'}}}, Lesson{id=455, date=2021-03-03, startTime=16:40, endTime=18:20, classroom=Classroom{id=4, roomName='A-4', roomType='Lecture', roomCapacity=50, building=Building{id=1, buildingName='Changed name'}}, course=Course{id=5, courseName='Culture'}, teacher=Teacher{id=5, firstName='Scarlett', lastName='Nimoy', faculty=Faculty{id=3, facultyName='Faculty of Arts'}}}, Lesson{id=456, date=2021-03-03, startTime=09:20, endTime=11:00, classroom=Classroom{id=9, roomName='New name', roomType='Lecture', roomCapacity=50, building=Building{id=2, buildingName='B'}}, course=Course{id=6, courseName='Biology'}, teacher=Teacher{id=6, firstName='Ellie', lastName='Purh', faculty=Faculty{id=1, facultyName='Changed faculty name'}}}, Lesson{id=457, date=2021-03-03, startTime=11:10, endTime=12:50, classroom=Classroom{id=9, roomName='New name', roomType='Lecture', roomCapacity=50, building=Building{id=2, buildingName='B'}}, course=Course{id=6, courseName='Biology'}, teacher=Teacher{id=6, firstName='Ellie', lastName='Purh', faculty=Faculty{id=1, facultyName='Changed faculty name'}}}, Lesson{id=458, date=2021-03-03, startTime=13:00, endTime=14:40, classroom=Classroom{id=6, roomName='B-1', roomType='Class', roomCapacity=30, building=Building{id=2, buildingName='B'}}, course=Course{id=6, courseName='Biology'}, teacher=Teacher{id=7, firstName='Charlie', lastName='Byrne', faculty=Faculty{id=1, facultyName='Changed faculty name'}}}, Lesson{id=459, date=2021-03-03, startTime=14:50, endTime=16:30, classroom=Classroom{id=7, roomName='B-2', roomType='Class', roomCapacity=30, building=Building{id=2, buildingName='B'}}, course=Course{id=6, courseName='Biology'}, teacher=Teacher{id=7, firstName='Charlie', lastName='Byrne', faculty=Faculty{id=1, facultyName='Changed faculty name'}}}, Lesson{id=460, date=2021-03-03, startTime=16:40, endTime=18:20, classroom=Classroom{id=10, roomName='B-5', roomType='Laboratory', roomCapacity=10, building=Building{id=2, buildingName='B'}}, course=Course{id=6, courseName='Biology'}, teacher=Teacher{id=7, firstName='Charlie', lastName='Byrne', faculty=Faculty{id=1, facultyName='Changed faculty name'}}}, Lesson{id=461, date=2021-03-03, startTime=09:20, endTime=11:00, classroom=Classroom{id=14, roomName='C-4', roomType='Lecture', roomCapacity=50, building=Building{id=3, buildingName='C'}}, course=Course{id=10, courseName='Geometry'}, teacher=Teacher{id=12, firstName='Mia', lastName='Brown', faculty=Faculty{id=2, facultyName='Technical Sciences Faculty'}}}, Lesson{id=462, date=2021-03-03, startTime=11:10, endTime=12:50, classroom=Classroom{id=14, roomName='C-4', roomType='Lecture', roomCapacity=50, building=Building{id=3, buildingName='C'}}, course=Course{id=10, courseName='Geometry'}, teacher=Teacher{id=12, firstName='Mia', lastName='Brown', faculty=Faculty{id=2, facultyName='Technical Sciences Faculty'}}}, Lesson{id=463, date=2021-03-03, startTime=13:00, endTime=14:40, classroom=Classroom{id=11, roomName='C-1', roomType='Class', roomCapacity=30, building=Building{id=3, buildingName='C'}}, course=Course{id=10, courseName='Geometry'}, teacher=Teacher{id=12, firstName='Mia', lastName='Brown', faculty=Faculty{id=2, facultyName='Technical Sciences Faculty'}}}, Lesson{id=464, date=2021-03-03, startTime=14:50, endTime=16:30, classroom=Classroom{id=13, roomName='C-3', roomType='Class', roomCapacity=30, building=Building{id=3, buildingName='C'}}, course=Course{id=10, courseName='Geometry'}, teacher=Teacher{id=12, firstName='Mia', lastName='Brown', faculty=Faculty{id=2, facultyName='Technical Sciences Faculty'}}}, Lesson{id=465, date=2021-03-03, startTime=16:40, endTime=18:20, classroom=Classroom{id=15, roomName='C-5', roomType='Laboratory', roomCapacity=10, building=Building{id=3, buildingName='C'}}, course=Course{id=10, courseName='Geometry'}, teacher=Teacher{id=12, firstName='Mia', lastName='Brown', faculty=Faculty{id=2, facultyName='Technical Sciences Faculty'}}}, Lesson{id=466, date=2021-03-04, startTime=09:20, endTime=11:00, classroom=Classroom{id=4, roomName='A-4', roomType='Lecture', roomCapacity=50, building=Building{id=1, buildingName='Changed name'}}, course=Course{id=4, courseName='Political science'}, teacher=Teacher{id=4, firstName='Olivia', lastName='Blake', faculty=Faculty{id=3, facultyName='Faculty of Arts'}}}, Lesson{id=467, date=2021-03-04, startTime=11:10, endTime=12:50, classroom=Classroom{id=1, roomName='A-1', roomType='Class', roomCapacity=30, building=Building{id=1, buildingName='Changed name'}}, course=Course{id=4, courseName='Political science'}, teacher=Teacher{id=4, firstName='Olivia', lastName='Blake', faculty=Faculty{id=3, facultyName='Faculty of Arts'}}}, Lesson{id=468, date=2021-03-04, startTime=13:00, endTime=14:40, classroom=Classroom{id=2, roomName='A-2', roomType='Class', roomCapacity=30, building=Building{id=1, buildingName='Changed name'}}, course=Course{id=5, courseName='Culture'}, teacher=Teacher{id=5, firstName='Scarlett', lastName='Nimoy', faculty=Faculty{id=3, facultyName='Faculty of Arts'}}}, Lesson{id=469, date=2021-03-04, startTime=14:50, endTime=16:30, classroom=Classroom{id=3, roomName='A-3', roomType='Class', roomCapacity=30, building=Building{id=1, buildingName='Changed name'}}, course=Course{id=5, courseName='Culture'}, teacher=Teacher{id=5, firstName='Scarlett', lastName='Nimoy', faculty=Faculty{id=3, facultyName='Faculty of Arts'}}}, Lesson{id=470, date=2021-03-04, startTime=16:40, endTime=18:20, classroom=Classroom{id=4, roomName='A-4', roomType='Lecture', roomCapacity=50, building=Building{id=1, buildingName='Changed name'}}, course=Course{id=1, courseName='History'}, teacher=Teacher{id=1, firstName='Albert', lastName='Sykes', faculty=Faculty{id=3, facultyName='Faculty of Arts'}}}, Lesson{id=471, date=2021-03-04, startTime=09:20, endTime=11:00, classroom=Classroom{id=9, roomName='New name', roomType='Lecture', roomCapacity=50, building=Building{id=2, buildingName='B'}}, course=Course{id=7, courseName='Chemistry'}, teacher=Teacher{id=8, firstName='Samuel', lastName='Travis', faculty=Faculty{id=1, facultyName='Changed faculty name'}}}, Lesson{id=472, date=2021-03-04, startTime=11:10, endTime=12:50, classroom=Classroom{id=9, roomName='New name', roomType='Lecture', roomCapacity=50, building=Building{id=2, buildingName='B'}}, course=Course{id=7, courseName='Chemistry'}, teacher=Teacher{id=8, firstName='Samuel', lastName='Travis', faculty=Faculty{id=1, facultyName='Changed faculty name'}}}, Lesson{id=473, date=2021-03-04, startTime=13:00, endTime=14:40, classroom=Classroom{id=6, roomName='B-1', roomType='Class', roomCapacity=30, building=Building{id=2, buildingName='B'}}, course=Course{id=7, courseName='Chemistry'}, teacher=Teacher{id=9, firstName='Albert', lastName='Hill', faculty=Faculty{id=1, facultyName='Changed faculty name'}}}, Lesson{id=474, date=2021-03-04, startTime=14:50, endTime=16:30, classroom=Classroom{id=7, roomName='B-2', roomType='Class', roomCapacity=30, building=Building{id=2, buildingName='B'}}, course=Course{id=7, courseName='Chemistry'}, teacher=Teacher{id=9, firstName='Albert', lastName='Hill', faculty=Faculty{id=1, facultyName='Changed faculty name'}}}, Lesson{id=475, date=2021-03-04, startTime=16:40, endTime=18:20, classroom=Classroom{id=10, roomName='B-5', roomType='Laboratory', roomCapacity=10, building=Building{id=2, buildingName='B'}}, course=Course{id=7, courseName='Chemistry'}, teacher=Teacher{id=9, firstName='Albert', lastName='Hill', faculty=Faculty{id=1, facultyName='Changed faculty name'}}}, Lesson{id=476, date=2021-03-04, startTime=09:20, endTime=11:00, classroom=Classroom{id=14, roomName='C-4', roomType='Lecture', roomCapacity=50, building=Building{id=3, buildingName='C'}}, course=Course{id=8, courseName='Mathematics'}, teacher=Teacher{id=10, firstName='Joshua', lastName='Eve', faculty=Faculty{id=2, facultyName='Technical Sciences Faculty'}}}, Lesson{id=477, date=2021-03-04, startTime=11:10, endTime=12:50, classroom=Classroom{id=14, roomName='C-4', roomType='Lecture', roomCapacity=50, building=Building{id=3, buildingName='C'}}, course=Course{id=8, courseName='Mathematics'}, teacher=Teacher{id=10, firstName='Joshua', lastName='Eve', faculty=Faculty{id=2, facultyName='Technical Sciences Faculty'}}}, Lesson{id=478, date=2021-03-04, startTime=13:00, endTime=14:40, classroom=Classroom{id=12, roomName='C-2', roomType='Class', roomCapacity=30, building=Building{id=3, buildingName='C'}}, course=Course{id=9, courseName='Physics'}, teacher=Teacher{id=11, firstName='Sophia', lastName='Roos', faculty=Faculty{id=2, facultyName='Technical Sciences Faculty'}}}, Lesson{id=479, date=2021-03-04, startTime=14:50, endTime=16:30, classroom=Classroom{id=12, roomName='C-2', roomType='Class', roomCapacity=30, building=Building{id=3, buildingName='C'}}, course=Course{id=10, courseName='Geometry'}, teacher=Teacher{id=12, firstName='Mia', lastName='Brown', faculty=Faculty{id=2, facultyName='Technical Sciences Faculty'}}}, Lesson{id=480, date=2021-03-04, startTime=16:40, endTime=18:20, classroom=Classroom{id=15, roomName='C-5', roomType='Laboratory', roomCapacity=10, building=Building{id=3, buildingName='C'}}, course=Course{id=8, courseName='Mathematics'}, teacher=Teacher{id=10, firstName='Joshua', lastName='Eve', faculty=Faculty{id=2, facultyName='Technical Sciences Faculty'}}}, Lesson{id=481, date=2021-03-05, startTime=09:20, endTime=11:00, classroom=Classroom{id=4, roomName='A-4', roomType='Lecture', roomCapacity=50, building=Building{id=1, buildingName='Changed name'}}, course=Course{id=5, courseName='Culture'}, teacher=Teacher{id=5, firstName='Scarlett', lastName='Nimoy', faculty=Faculty{id=3, facultyName='Faculty of Arts'}}}, Lesson{id=482, date=2021-03-05, startTime=11:10, endTime=12:50, classroom=Classroom{id=1, roomName='A-1', roomType='Class', roomCapacity=30, building=Building{id=1, buildingName='Changed name'}}, course=Course{id=5, courseName='Culture'}, teacher=Teacher{id=5, firstName='Scarlett', lastName='Nimoy', faculty=Faculty{id=3, facultyName='Faculty of Arts'}}}, Lesson{id=483, date=2021-03-05, startTime=13:00, endTime=14:40, classroom=Classroom{id=2, roomName='A-2', roomType='Class', roomCapacity=30, building=Building{id=1, buildingName='Changed name'}}, course=Course{id=1, courseName='History'}, teacher=Teacher{id=1, firstName='Albert', lastName='Sykes', faculty=Faculty{id=3, facultyName='Faculty of Arts'}}}, Lesson{id=484, date=2021-03-05, startTime=14:50, endTime=16:30, classroom=Classroom{id=3, roomName='A-3', roomType='Class', roomCapacity=30, building=Building{id=1, buildingName='Changed name'}}, course=Course{id=1, courseName='History'}, teacher=Teacher{id=1, firstName='Albert', lastName='Sykes', faculty=Faculty{id=3, facultyName='Faculty of Arts'}}}, Lesson{id=485, date=2021-03-05, startTime=16:40, endTime=18:20, classroom=Classroom{id=4, roomName='A-4', roomType='Lecture', roomCapacity=50, building=Building{id=1, buildingName='Changed name'}}, course=Course{id=2, courseName='Philosophy'}, teacher=Teacher{id=2, firstName='Stanley', lastName='Gruber', faculty=Faculty{id=3, facultyName='Faculty of Arts'}}}, Lesson{id=486, date=2021-03-05, startTime=09:20, endTime=11:00, classroom=Classroom{id=9, roomName='New name', roomType='Lecture', roomCapacity=50, building=Building{id=2, buildingName='B'}}, course=Course{id=6, courseName='Biology'}, teacher=Teacher{id=6, firstName='Ellie', lastName='Purh', faculty=Faculty{id=1, facultyName='Changed faculty name'}}}, Lesson{id=487, date=2021-03-05, startTime=11:10, endTime=12:50, classroom=Classroom{id=9, roomName='New name', roomType='Lecture', roomCapacity=50, building=Building{id=2, buildingName='B'}}, course=Course{id=6, courseName='Biology'}, teacher=Teacher{id=6, firstName='Ellie', lastName='Purh', faculty=Faculty{id=1, facultyName='Changed faculty name'}}}, Lesson{id=488, date=2021-03-05, startTime=13:00, endTime=14:40, classroom=Classroom{id=6, roomName='B-1', roomType='Class', roomCapacity=30, building=Building{id=2, buildingName='B'}}, course=Course{id=6, courseName='Biology'}, teacher=Teacher{id=7, firstName='Charlie', lastName='Byrne', faculty=Faculty{id=1, facultyName='Changed faculty name'}}}, Lesson{id=489, date=2021-03-05, startTime=14:50, endTime=16:30, classroom=Classroom{id=7, roomName='B-2', roomType='Class', roomCapacity=30, building=Building{id=2, buildingName='B'}}, course=Course{id=6, courseName='Biology'}, teacher=Teacher{id=7, firstName='Charlie', lastName='Byrne', faculty=Faculty{id=1, facultyName='Changed faculty name'}}}, Lesson{id=490, date=2021-03-05, startTime=16:40, endTime=18:20, classroom=Classroom{id=10, roomName='B-5', roomType='Laboratory', roomCapacity=10, building=Building{id=2, buildingName='B'}}, course=Course{id=6, courseName='Biology'}, teacher=Teacher{id=7, firstName='Charlie', lastName='Byrne', faculty=Faculty{id=1, facultyName='Changed faculty name'}}}, Lesson{id=491, date=2021-03-05, startTime=09:20, endTime=11:00, classroom=Classroom{id=14, roomName='C-4', roomType='Lecture', roomCapacity=50, building=Building{id=3, buildingName='C'}}, course=Course{id=9, courseName='Physics'}, teacher=Teacher{id=11, firstName='Sophia', lastName='Roos', faculty=Faculty{id=2, facultyName='Technical Sciences Faculty'}}}, Lesson{id=492, date=2021-03-05, startTime=11:10, endTime=12:50, classroom=Classroom{id=14, roomName='C-4', roomType='Lecture', roomCapacity=50, building=Building{id=3, buildingName='C'}}, course=Course{id=10, courseName='Geometry'}, teacher=Teacher{id=12, firstName='Mia', lastName='Brown', faculty=Faculty{id=2, facultyName='Technical Sciences Faculty'}}}, Lesson{id=493, date=2021-03-05, startTime=13:00, endTime=14:40, classroom=Classroom{id=13, roomName='C-3', roomType='Class', roomCapacity=30, building=Building{id=3, buildingName='C'}}, course=Course{id=8, courseName='Mathematics'}, teacher=Teacher{id=10, firstName='Joshua', lastName='Eve', faculty=Faculty{id=2, facultyName='Technical Sciences Faculty'}}}, Lesson{id=494, date=2021-03-05, startTime=14:50, endTime=16:30, classroom=Classroom{id=15, roomName='C-5', roomType='Laboratory', roomCapacity=10, building=Building{id=3, buildingName='C'}}, course=Course{id=9, courseName='Physics'}, teacher=Teacher{id=11, firstName='Sophia', lastName='Roos', faculty=Faculty{id=2, facultyName='Technical Sciences Faculty'}}}, Lesson{id=495, date=2021-03-05, startTime=16:40, endTime=18:20, classroom=Classroom{id=15, roomName='C-5', roomType='Laboratory', roomCapacity=10, building=Building{id=3, buildingName='C'}}, course=Course{id=10, courseName='Geometry'}, teacher=Teacher{id=12, firstName='Mia', lastName='Brown', faculty=Faculty{id=2, facultyName='Technical Sciences Faculty'}}}]
26 Feb;19:05:41.058 [main] INFO  u.c.f.c.service.LessonService - delete: lesson with ID = 495
Hibernate: select lesson0_.id as id1_4_0_, lesson0_.classroom_id as classroo5_4_0_, lesson0_.course_id as course_i6_4_0_, lesson0_.date as date2_4_0_, lesson0_.end_time as end_time3_4_0_, lesson0_.start_time as start_ti4_4_0_, lesson0_.teacher_id as teacher_7_4_0_, classroom1_.id as id1_1_1_, classroom1_.building_id as building5_1_1_, classroom1_.room_capacity as room_cap2_1_1_, classroom1_.room_name as room_nam3_1_1_, classroom1_.room_type as room_typ4_1_1_, building2_.id as id1_0_2_, building2_.building_name as building2_0_2_, course3_.id as id1_2_3_, course3_.course_name as course_n2_2_3_, courseteac4_.course_id as course_i2_8_4_, teacher5_.id as teacher_1_8_4_, teacher5_.id as id1_7_5_, teacher5_.faculty_id as faculty_4_7_5_, teacher5_.first_name as first_na2_7_5_, teacher5_.last_name as last_nam3_7_5_, faculty6_.id as id1_3_6_, faculty6_.faculty_name as faculty_2_3_6_, teacher7_.id as id1_7_7_, teacher7_.faculty_id as faculty_4_7_7_, teacher7_.first_name as first_na2_7_7_, teacher7_.last_name as last_nam3_7_7_ from lessons lesson0_ left outer join classrooms classroom1_ on lesson0_.classroom_id=classroom1_.id left outer join buildings building2_ on classroom1_.building_id=building2_.id left outer join courses course3_ on lesson0_.course_id=course3_.id left outer join teachers_courses courseteac4_ on course3_.id=courseteac4_.course_id left outer join teachers teacher5_ on courseteac4_.teacher_id=teacher5_.id left outer join faculties faculty6_ on teacher5_.faculty_id=faculty6_.id left outer join teachers teacher7_ on lesson0_.teacher_id=teacher7_.id where lesson0_.id=?
Hibernate: select teachercou0_.teacher_id as teacher_1_8_0_, teachercou0_.course_id as course_i2_8_0_, course1_.id as id1_2_1_, course1_.course_name as course_n2_2_1_ from teachers_courses teachercou0_ inner join courses course1_ on teachercou0_.course_id=course1_.id where teachercou0_.teacher_id=?
Hibernate: delete from lessons where id=?
Hibernate: select lesson0_.id as id1_4_, lesson0_.classroom_id as classroo5_4_, lesson0_.course_id as course_i6_4_, lesson0_.date as date2_4_, lesson0_.end_time as end_time3_4_, lesson0_.start_time as start_ti4_4_, lesson0_.teacher_id as teacher_7_4_ from lessons lesson0_
Hibernate: select classroom0_.id as id1_1_0_, classroom0_.building_id as building5_1_0_, classroom0_.room_capacity as room_cap2_1_0_, classroom0_.room_name as room_nam3_1_0_, classroom0_.room_type as room_typ4_1_0_, building1_.id as id1_0_1_, building1_.building_name as building2_0_1_ from classrooms classroom0_ left outer join buildings building1_ on classroom0_.building_id=building1_.id where classroom0_.id=?
Hibernate: select course0_.id as id1_2_0_, course0_.course_name as course_n2_2_0_, courseteac1_.course_id as course_i2_8_1_, teacher2_.id as teacher_1_8_1_, teacher2_.id as id1_7_2_, teacher2_.faculty_id as faculty_4_7_2_, teacher2_.first_name as first_na2_7_2_, teacher2_.last_name as last_nam3_7_2_, faculty3_.id as id1_3_3_, faculty3_.faculty_name as faculty_2_3_3_ from courses course0_ left outer join teachers_courses courseteac1_ on course0_.id=courseteac1_.course_id left outer join teachers teacher2_ on courseteac1_.teacher_id=teacher2_.id left outer join faculties faculty3_ on teacher2_.faculty_id=faculty3_.id where course0_.id=?
Hibernate: select classroom0_.id as id1_1_0_, classroom0_.building_id as building5_1_0_, classroom0_.room_capacity as room_cap2_1_0_, classroom0_.room_name as room_nam3_1_0_, classroom0_.room_type as room_typ4_1_0_, building1_.id as id1_0_1_, building1_.building_name as building2_0_1_ from classrooms classroom0_ left outer join buildings building1_ on classroom0_.building_id=building1_.id where classroom0_.id=?
Hibernate: select classroom0_.id as id1_1_0_, classroom0_.building_id as building5_1_0_, classroom0_.room_capacity as room_cap2_1_0_, classroom0_.room_name as room_nam3_1_0_, classroom0_.room_type as room_typ4_1_0_, building1_.id as id1_0_1_, building1_.building_name as building2_0_1_ from classrooms classroom0_ left outer join buildings building1_ on classroom0_.building_id=building1_.id where classroom0_.id=?
Hibernate: select course0_.id as id1_2_0_, course0_.course_name as course_n2_2_0_, courseteac1_.course_id as course_i2_8_1_, teacher2_.id as teacher_1_8_1_, teacher2_.id as id1_7_2_, teacher2_.faculty_id as faculty_4_7_2_, teacher2_.first_name as first_na2_7_2_, teacher2_.last_name as last_nam3_7_2_, faculty3_.id as id1_3_3_, faculty3_.faculty_name as faculty_2_3_3_ from courses course0_ left outer join teachers_courses courseteac1_ on course0_.id=courseteac1_.course_id left outer join teachers teacher2_ on courseteac1_.teacher_id=teacher2_.id left outer join faculties faculty3_ on teacher2_.faculty_id=faculty3_.id where course0_.id=?
Hibernate: select classroom0_.id as id1_1_0_, classroom0_.building_id as building5_1_0_, classroom0_.room_capacity as room_cap2_1_0_, classroom0_.room_name as room_nam3_1_0_, classroom0_.room_type as room_typ4_1_0_, building1_.id as id1_0_1_, building1_.building_name as building2_0_1_ from classrooms classroom0_ left outer join buildings building1_ on classroom0_.building_id=building1_.id where classroom0_.id=?
Hibernate: select course0_.id as id1_2_0_, course0_.course_name as course_n2_2_0_, courseteac1_.course_id as course_i2_8_1_, teacher2_.id as teacher_1_8_1_, teacher2_.id as id1_7_2_, teacher2_.faculty_id as faculty_4_7_2_, teacher2_.first_name as first_na2_7_2_, teacher2_.last_name as last_nam3_7_2_, faculty3_.id as id1_3_3_, faculty3_.faculty_name as faculty_2_3_3_ from courses course0_ left outer join teachers_courses courseteac1_ on course0_.id=courseteac1_.course_id left outer join teachers teacher2_ on courseteac1_.teacher_id=teacher2_.id left outer join faculties faculty3_ on teacher2_.faculty_id=faculty3_.id where course0_.id=?
Hibernate: select classroom0_.id as id1_1_0_, classroom0_.building_id as building5_1_0_, classroom0_.room_capacity as room_cap2_1_0_, classroom0_.room_name as room_nam3_1_0_, classroom0_.room_type as room_typ4_1_0_, building1_.id as id1_0_1_, building1_.building_name as building2_0_1_ from classrooms classroom0_ left outer join buildings building1_ on classroom0_.building_id=building1_.id where classroom0_.id=?
Hibernate: select course0_.id as id1_2_0_, course0_.course_name as course_n2_2_0_, courseteac1_.course_id as course_i2_8_1_, teacher2_.id as teacher_1_8_1_, teacher2_.id as id1_7_2_, teacher2_.faculty_id as faculty_4_7_2_, teacher2_.first_name as first_na2_7_2_, teacher2_.last_name as last_nam3_7_2_, faculty3_.id as id1_3_3_, faculty3_.faculty_name as faculty_2_3_3_ from courses course0_ left outer join teachers_courses courseteac1_ on course0_.id=courseteac1_.course_id left outer join teachers teacher2_ on courseteac1_.teacher_id=teacher2_.id left outer join faculties faculty3_ on teacher2_.faculty_id=faculty3_.id where course0_.id=?
Hibernate: select classroom0_.id as id1_1_0_, classroom0_.building_id as building5_1_0_, classroom0_.room_capacity as room_cap2_1_0_, classroom0_.room_name as room_nam3_1_0_, classroom0_.room_type as room_typ4_1_0_, building1_.id as id1_0_1_, building1_.building_name as building2_0_1_ from classrooms classroom0_ left outer join buildings building1_ on classroom0_.building_id=building1_.id where classroom0_.id=?
Hibernate: select classroom0_.id as id1_1_0_, classroom0_.building_id as building5_1_0_, classroom0_.room_capacity as room_cap2_1_0_, classroom0_.room_name as room_nam3_1_0_, classroom0_.room_type as room_typ4_1_0_, building1_.id as id1_0_1_, building1_.building_name as building2_0_1_ from classrooms classroom0_ left outer join buildings building1_ on classroom0_.building_id=building1_.id where classroom0_.id=?
Hibernate: select classroom0_.id as id1_1_0_, classroom0_.building_id as building5_1_0_, classroom0_.room_capacity as room_cap2_1_0_, classroom0_.room_name as room_nam3_1_0_, classroom0_.room_type as room_typ4_1_0_, building1_.id as id1_0_1_, building1_.building_name as building2_0_1_ from classrooms classroom0_ left outer join buildings building1_ on classroom0_.building_id=building1_.id where classroom0_.id=?
Hibernate: select classroom0_.id as id1_1_0_, classroom0_.building_id as building5_1_0_, classroom0_.room_capacity as room_cap2_1_0_, classroom0_.room_name as room_nam3_1_0_, classroom0_.room_type as room_typ4_1_0_, building1_.id as id1_0_1_, building1_.building_name as building2_0_1_ from classrooms classroom0_ left outer join buildings building1_ on classroom0_.building_id=building1_.id where classroom0_.id=?
Hibernate: select course0_.id as id1_2_0_, course0_.course_name as course_n2_2_0_, courseteac1_.course_id as course_i2_8_1_, teacher2_.id as teacher_1_8_1_, teacher2_.id as id1_7_2_, teacher2_.faculty_id as faculty_4_7_2_, teacher2_.first_name as first_na2_7_2_, teacher2_.last_name as last_nam3_7_2_, faculty3_.id as id1_3_3_, faculty3_.faculty_name as faculty_2_3_3_ from courses course0_ left outer join teachers_courses courseteac1_ on course0_.id=courseteac1_.course_id left outer join teachers teacher2_ on courseteac1_.teacher_id=teacher2_.id left outer join faculties faculty3_ on teacher2_.faculty_id=faculty3_.id where course0_.id=?
Hibernate: select classroom0_.id as id1_1_0_, classroom0_.building_id as building5_1_0_, classroom0_.room_capacity as room_cap2_1_0_, classroom0_.room_name as room_nam3_1_0_, classroom0_.room_type as room_typ4_1_0_, building1_.id as id1_0_1_, building1_.building_name as building2_0_1_ from classrooms classroom0_ left outer join buildings building1_ on classroom0_.building_id=building1_.id where classroom0_.id=?
Hibernate: select classroom0_.id as id1_1_0_, classroom0_.building_id as building5_1_0_, classroom0_.room_capacity as room_cap2_1_0_, classroom0_.room_name as room_nam3_1_0_, classroom0_.room_type as room_typ4_1_0_, building1_.id as id1_0_1_, building1_.building_name as building2_0_1_ from classrooms classroom0_ left outer join buildings building1_ on classroom0_.building_id=building1_.id where classroom0_.id=?
Hibernate: select classroom0_.id as id1_1_0_, classroom0_.building_id as building5_1_0_, classroom0_.room_capacity as room_cap2_1_0_, classroom0_.room_name as room_nam3_1_0_, classroom0_.room_type as room_typ4_1_0_, building1_.id as id1_0_1_, building1_.building_name as building2_0_1_ from classrooms classroom0_ left outer join buildings building1_ on classroom0_.building_id=building1_.id where classroom0_.id=?
Hibernate: select course0_.id as id1_2_0_, course0_.course_name as course_n2_2_0_, courseteac1_.course_id as course_i2_8_1_, teacher2_.id as teacher_1_8_1_, teacher2_.id as id1_7_2_, teacher2_.faculty_id as faculty_4_7_2_, teacher2_.first_name as first_na2_7_2_, teacher2_.last_name as last_nam3_7_2_, faculty3_.id as id1_3_3_, faculty3_.faculty_name as faculty_2_3_3_ from courses course0_ left outer join teachers_courses courseteac1_ on course0_.id=courseteac1_.course_id left outer join teachers teacher2_ on courseteac1_.teacher_id=teacher2_.id left outer join faculties faculty3_ on teacher2_.faculty_id=faculty3_.id where course0_.id=?
Hibernate: select course0_.id as id1_2_0_, course0_.course_name as course_n2_2_0_, courseteac1_.course_id as course_i2_8_1_, teacher2_.id as teacher_1_8_1_, teacher2_.id as id1_7_2_, teacher2_.faculty_id as faculty_4_7_2_, teacher2_.first_name as first_na2_7_2_, teacher2_.last_name as last_nam3_7_2_, faculty3_.id as id1_3_3_, faculty3_.faculty_name as faculty_2_3_3_ from courses course0_ left outer join teachers_courses courseteac1_ on course0_.id=courseteac1_.course_id left outer join teachers teacher2_ on courseteac1_.teacher_id=teacher2_.id left outer join faculties faculty3_ on teacher2_.faculty_id=faculty3_.id where course0_.id=?
Hibernate: select course0_.id as id1_2_0_, course0_.course_name as course_n2_2_0_, courseteac1_.course_id as course_i2_8_1_, teacher2_.id as teacher_1_8_1_, teacher2_.id as id1_7_2_, teacher2_.faculty_id as faculty_4_7_2_, teacher2_.first_name as first_na2_7_2_, teacher2_.last_name as last_nam3_7_2_, faculty3_.id as id1_3_3_, faculty3_.faculty_name as faculty_2_3_3_ from courses course0_ left outer join teachers_courses courseteac1_ on course0_.id=courseteac1_.course_id left outer join teachers teacher2_ on courseteac1_.teacher_id=teacher2_.id left outer join faculties faculty3_ on teacher2_.faculty_id=faculty3_.id where course0_.id=?
Hibernate: select classroom0_.id as id1_1_0_, classroom0_.building_id as building5_1_0_, classroom0_.room_capacity as room_cap2_1_0_, classroom0_.room_name as room_nam3_1_0_, classroom0_.room_type as room_typ4_1_0_, building1_.id as id1_0_1_, building1_.building_name as building2_0_1_ from classrooms classroom0_ left outer join buildings building1_ on classroom0_.building_id=building1_.id where classroom0_.id=?
Hibernate: select course0_.id as id1_2_0_, course0_.course_name as course_n2_2_0_, courseteac1_.course_id as course_i2_8_1_, teacher2_.id as teacher_1_8_1_, teacher2_.id as id1_7_2_, teacher2_.faculty_id as faculty_4_7_2_, teacher2_.first_name as first_na2_7_2_, teacher2_.last_name as last_nam3_7_2_, faculty3_.id as id1_3_3_, faculty3_.faculty_name as faculty_2_3_3_ from courses course0_ left outer join teachers_courses courseteac1_ on course0_.id=courseteac1_.course_id left outer join teachers teacher2_ on courseteac1_.teacher_id=teacher2_.id left outer join faculties faculty3_ on teacher2_.faculty_id=faculty3_.id where course0_.id=?
Hibernate: select course0_.id as id1_2_0_, course0_.course_name as course_n2_2_0_, courseteac1_.course_id as course_i2_8_1_, teacher2_.id as teacher_1_8_1_, teacher2_.id as id1_7_2_, teacher2_.faculty_id as faculty_4_7_2_, teacher2_.first_name as first_na2_7_2_, teacher2_.last_name as last_nam3_7_2_, faculty3_.id as id1_3_3_, faculty3_.faculty_name as faculty_2_3_3_ from courses course0_ left outer join teachers_courses courseteac1_ on course0_.id=courseteac1_.course_id left outer join teachers teacher2_ on courseteac1_.teacher_id=teacher2_.id left outer join faculties faculty3_ on teacher2_.faculty_id=faculty3_.id where course0_.id=?
Hibernate: select teachercou0_.teacher_id as teacher_1_8_0_, teachercou0_.course_id as course_i2_8_0_, course1_.id as id1_2_1_, course1_.course_name as course_n2_2_1_ from teachers_courses teachercou0_ inner join courses course1_ on teachercou0_.course_id=course1_.id where teachercou0_.teacher_id=?
Hibernate: select teachercou0_.teacher_id as teacher_1_8_0_, teachercou0_.course_id as course_i2_8_0_, course1_.id as id1_2_1_, course1_.course_name as course_n2_2_1_ from teachers_courses teachercou0_ inner join courses course1_ on teachercou0_.course_id=course1_.id where teachercou0_.teacher_id=?
Hibernate: select teachercou0_.teacher_id as teacher_1_8_0_, teachercou0_.course_id as course_i2_8_0_, course1_.id as id1_2_1_, course1_.course_name as course_n2_2_1_ from teachers_courses teachercou0_ inner join courses course1_ on teachercou0_.course_id=course1_.id where teachercou0_.teacher_id=?
Hibernate: select teachercou0_.teacher_id as teacher_1_8_0_, teachercou0_.course_id as course_i2_8_0_, course1_.id as id1_2_1_, course1_.course_name as course_n2_2_1_ from teachers_courses teachercou0_ inner join courses course1_ on teachercou0_.course_id=course1_.id where teachercou0_.teacher_id=?
Hibernate: select teachercou0_.teacher_id as teacher_1_8_0_, teachercou0_.course_id as course_i2_8_0_, course1_.id as id1_2_1_, course1_.course_name as course_n2_2_1_ from teachers_courses teachercou0_ inner join courses course1_ on teachercou0_.course_id=course1_.id where teachercou0_.teacher_id=?
Hibernate: select teachercou0_.teacher_id as teacher_1_8_0_, teachercou0_.course_id as course_i2_8_0_, course1_.id as id1_2_1_, course1_.course_name as course_n2_2_1_ from teachers_courses teachercou0_ inner join courses course1_ on teachercou0_.course_id=course1_.id where teachercou0_.teacher_id=?
Hibernate: select teachercou0_.teacher_id as teacher_1_8_0_, teachercou0_.course_id as course_i2_8_0_, course1_.id as id1_2_1_, course1_.course_name as course_n2_2_1_ from teachers_courses teachercou0_ inner join courses course1_ on teachercou0_.course_id=course1_.id where teachercou0_.teacher_id=?
Hibernate: select teachercou0_.teacher_id as teacher_1_8_0_, teachercou0_.course_id as course_i2_8_0_, course1_.id as id1_2_1_, course1_.course_name as course_n2_2_1_ from teachers_courses teachercou0_ inner join courses course1_ on teachercou0_.course_id=course1_.id where teachercou0_.teacher_id=?
Hibernate: select teachercou0_.teacher_id as teacher_1_8_0_, teachercou0_.course_id as course_i2_8_0_, course1_.id as id1_2_1_, course1_.course_name as course_n2_2_1_ from teachers_courses teachercou0_ inner join courses course1_ on teachercou0_.course_id=course1_.id where teachercou0_.teacher_id=?
Hibernate: select teachercou0_.teacher_id as teacher_1_8_0_, teachercou0_.course_id as course_i2_8_0_, course1_.id as id1_2_1_, course1_.course_name as course_n2_2_1_ from teachers_courses teachercou0_ inner join courses course1_ on teachercou0_.course_id=course1_.id where teachercou0_.teacher_id=?
Hibernate: select teachercou0_.teacher_id as teacher_1_8_0_, teachercou0_.course_id as course_i2_8_0_, course1_.id as id1_2_1_, course1_.course_name as course_n2_2_1_ from teachers_courses teachercou0_ inner join courses course1_ on teachercou0_.course_id=course1_.id where teachercou0_.teacher_id=?
Hibernate: select teachercou0_.teacher_id as teacher_1_8_0_, teachercou0_.course_id as course_i2_8_0_, course1_.id as id1_2_1_, course1_.course_name as course_n2_2_1_ from teachers_courses teachercou0_ inner join courses course1_ on teachercou0_.course_id=course1_.id where teachercou0_.teacher_id=?
26 Feb;19:05:41.102 [main] INFO  u.c.f.c.service.LessonService - getAll():
 [Lesson{id=1, date=2021-01-20, startTime=09:20, endTime=11:00, classroom=Classroom{id=4, roomName='A-4', roomType='Lecture', roomCapacity=50, building=Building{id=1, buildingName='Changed name'}}, course=Course{id=3, courseName='Name'}, teacher=Teacher{id=3, firstName='Freya', lastName='Shepp', faculty=Faculty{id=3, facultyName='Faculty of Arts'}}}, Lesson{id=2, date=2021-01-20, startTime=11:10, endTime=12:50, classroom=Classroom{id=1, roomName='A-1', roomType='Class', roomCapacity=30, building=Building{id=1, buildingName='Changed name'}}, course=Course{id=3, courseName='Name'}, teacher=Teacher{id=3, firstName='Freya', lastName='Shepp', faculty=Faculty{id=3, facultyName='Faculty of Arts'}}}, Lesson{id=3, date=2021-01-20, startTime=13:00, endTime=14:40, classroom=Classroom{id=2, roomName='A-2', roomType='Class', roomCapacity=30, building=Building{id=1, buildingName='Changed name'}}, course=Course{id=4, courseName='Political science'}, teacher=Teacher{id=4, firstName='Olivia', lastName='Blake', faculty=Faculty{id=3, facultyName='Faculty of Arts'}}}, Lesson{id=4, date=2021-01-20, startTime=14:50, endTime=16:30, classroom=Classroom{id=3, roomName='A-3', roomType='Class', roomCapacity=30, building=Building{id=1, buildingName='Changed name'}}, course=Course{id=4, courseName='Political science'}, teacher=Teacher{id=4, firstName='Olivia', lastName='Blake', faculty=Faculty{id=3, facultyName='Faculty of Arts'}}}, Lesson{id=5, date=2021-01-20, startTime=16:40, endTime=18:20, classroom=Classroom{id=4, roomName='A-4', roomType='Lecture', roomCapacity=50, building=Building{id=1, buildingName='Changed name'}}, course=Course{id=5, courseName='Culture'}, teacher=Teacher{id=5, firstName='Scarlett', lastName='Nimoy', faculty=Faculty{id=3, facultyName='Faculty of Arts'}}}, Lesson{id=6, date=2021-01-20, startTime=09:20, endTime=11:00, classroom=Classroom{id=9, roomName='New name', roomType='Lecture', roomCapacity=50, building=Building{id=2, buildingName='B'}}, course=Course{id=6, courseName='Biology'}, teacher=Teacher{id=6, firstName='Ellie', lastName='Purh', faculty=Faculty{id=1, facultyName='Changed faculty name'}}}, Lesson{id=7, date=2021-01-20, startTime=11:10, endTime=12:50, classroom=Classroom{id=9, roomName='New name', roomType='Lecture', roomCapacity=50, building=Building{id=2, buildingName='B'}}, course=Course{id=6, courseName='Biology'}, teacher=Teacher{id=6, firstName='Ellie', lastName='Purh', faculty=Faculty{id=1, facultyName='Changed faculty name'}}}, Lesson{id=8, date=2021-01-20, startTime=13:00, endTime=14:40, classroom=Classroom{id=6, roomName='B-1', roomType='Class', roomCapacity=30, building=Building{id=2, buildingName='B'}}, course=Course{id=6, courseName='Biology'}, teacher=Teacher{id=7, firstName='Charlie', lastName='Byrne', faculty=Faculty{id=1, facultyName='Changed faculty name'}}}, Lesson{id=9, date=2021-01-20, startTime=14:50, endTime=16:30, classroom=Classroom{id=7, roomName='B-2', roomType='Class', roomCapacity=30, building=Building{id=2, buildingName='B'}}, course=Course{id=6, courseName='Biology'}, teacher=Teacher{id=7, firstName='Charlie', lastName='Byrne', faculty=Faculty{id=1, facultyName='Changed faculty name'}}}, Lesson{id=10, date=2021-01-20, startTime=16:40, endTime=18:20, classroom=Classroom{id=10, roomName='B-5', roomType='Laboratory', roomCapacity=10, building=Building{id=2, buildingName='B'}}, course=Course{id=6, courseName='Biology'}, teacher=Teacher{id=7, firstName='Charlie', lastName='Byrne', faculty=Faculty{id=1, facultyName='Changed faculty name'}}}, Lesson{id=11, date=2021-01-20, startTime=09:20, endTime=11:00, classroom=Classroom{id=14, roomName='C-4', roomType='Lecture', roomCapacity=50, building=Building{id=3, buildingName='C'}}, course=Course{id=10, courseName='Geometry'}, teacher=Teacher{id=12, firstName='Mia', lastName='Brown', faculty=Faculty{id=2, facultyName='Technical Sciences Faculty'}}}, Lesson{id=12, date=2021-01-20, startTime=11:10, endTime=12:50, classroom=Classroom{id=14, roomName='C-4', roomType='Lecture', roomCapacity=50, building=Building{id=3, buildingName='C'}}, course=Course{id=10, courseName='Geometry'}, teacher=Teacher{id=12, firstName='Mia', lastName='Brown', faculty=Faculty{id=2, facultyName='Technical Sciences Faculty'}}}, Lesson{id=13, date=2021-01-20, startTime=13:00, endTime=14:40, classroom=Classroom{id=11, roomName='C-1', roomType='Class', roomCapacity=30, building=Building{id=3, buildingName='C'}}, course=Course{id=10, courseName='Geometry'}, teacher=Teacher{id=12, firstName='Mia', lastName='Brown', faculty=Faculty{id=2, facultyName='Technical Sciences Faculty'}}}, Lesson{id=14, date=2021-01-20, startTime=14:50, endTime=16:30, classroom=Classroom{id=13, roomName='C-3', roomType='Class', roomCapacity=30, building=Building{id=3, buildingName='C'}}, course=Course{id=10, courseName='Geometry'}, teacher=Teacher{id=12, firstName='Mia', lastName='Brown', faculty=Faculty{id=2, facultyName='Technical Sciences Faculty'}}}, Lesson{id=15, date=2021-01-20, startTime=16:40, endTime=18:20, classroom=Classroom{id=15, roomName='C-5', roomType='Laboratory', roomCapacity=10, building=Building{id=3, buildingName='C'}}, course=Course{id=10, courseName='Geometry'}, teacher=Teacher{id=12, firstName='Mia', lastName='Brown', faculty=Faculty{id=2, facultyName='Technical Sciences Faculty'}}}, Lesson{id=16, date=2021-01-21, startTime=09:20, endTime=11:00, classroom=Classroom{id=4, roomName='A-4', roomType='Lecture', roomCapacity=50, building=Building{id=1, buildingName='Changed name'}}, course=Course{id=4, courseName='Political science'}, teacher=Teacher{id=4, firstName='Olivia', lastName='Blake', faculty=Faculty{id=3, facultyName='Faculty of Arts'}}}, Lesson{id=17, date=2021-01-21, startTime=11:10, endTime=12:50, classroom=Classroom{id=1, roomName='A-1', roomType='Class', roomCapacity=30, building=Building{id=1, buildingName='Changed name'}}, course=Course{id=4, courseName='Political science'}, teacher=Teacher{id=4, firstName='Olivia', lastName='Blake', faculty=Faculty{id=3, facultyName='Faculty of Arts'}}}, Lesson{id=18, date=2021-01-21, startTime=13:00, endTime=14:40, classroom=Classroom{id=2, roomName='A-2', roomType='Class', roomCapacity=30, building=Building{id=1, buildingName='Changed name'}}, course=Course{id=5, courseName='Culture'}, teacher=Teacher{id=5, firstName='Scarlett', lastName='Nimoy', faculty=Faculty{id=3, facultyName='Faculty of Arts'}}}, Lesson{id=19, date=2021-01-21, startTime=14:50, endTime=16:30, classroom=Classroom{id=3, roomName='A-3', roomType='Class', roomCapacity=30, building=Building{id=1, buildingName='Changed name'}}, course=Course{id=5, courseName='Culture'}, teacher=Teacher{id=5, firstName='Scarlett', lastName='Nimoy', faculty=Faculty{id=3, facultyName='Faculty of Arts'}}}, Lesson{id=20, date=2021-01-21, startTime=16:40, endTime=18:20, classroom=Classroom{id=4, roomName='A-4', roomType='Lecture', roomCapacity=50, building=Building{id=1, buildingName='Changed name'}}, course=Course{id=1, courseName='History'}, teacher=Teacher{id=1, firstName='Albert', lastName='Sykes', faculty=Faculty{id=3, facultyName='Faculty of Arts'}}}, Lesson{id=21, date=2021-01-21, startTime=09:20, endTime=11:00, classroom=Classroom{id=9, roomName='New name', roomType='Lecture', roomCapacity=50, building=Building{id=2, buildingName='B'}}, course=Course{id=7, courseName='Chemistry'}, teacher=Teacher{id=8, firstName='Samuel', lastName='Travis', faculty=Faculty{id=1, facultyName='Changed faculty name'}}}, Lesson{id=22, date=2021-01-21, startTime=11:10, endTime=12:50, classroom=Classroom{id=9, roomName='New name', roomType='Lecture', roomCapacity=50, building=Building{id=2, buildingName='B'}}, course=Course{id=7, courseName='Chemistry'}, teacher=Teacher{id=8, firstName='Samuel', lastName='Travis', faculty=Faculty{id=1, facultyName='Changed faculty name'}}}, Lesson{id=23, date=2021-01-21, startTime=13:00, endTime=14:40, classroom=Classroom{id=6, roomName='B-1', roomType='Class', roomCapacity=30, building=Building{id=2, buildingName='B'}}, course=Course{id=7, courseName='Chemistry'}, teacher=Teacher{id=9, firstName='Albert', lastName='Hill', faculty=Faculty{id=1, facultyName='Changed faculty name'}}}, Lesson{id=24, date=2021-01-21, startTime=14:50, endTime=16:30, classroom=Classroom{id=7, roomName='B-2', roomType='Class', roomCapacity=30, building=Building{id=2, buildingName='B'}}, course=Course{id=7, courseName='Chemistry'}, teacher=Teacher{id=9, firstName='Albert', lastName='Hill', faculty=Faculty{id=1, facultyName='Changed faculty name'}}}, Lesson{id=25, date=2021-01-21, startTime=16:40, endTime=18:20, classroom=Classroom{id=10, roomName='B-5', roomType='Laboratory', roomCapacity=10, building=Building{id=2, buildingName='B'}}, course=Course{id=7, courseName='Chemistry'}, teacher=Teacher{id=9, firstName='Albert', lastName='Hill', faculty=Faculty{id=1, facultyName='Changed faculty name'}}}, Lesson{id=26, date=2021-01-21, startTime=09:20, endTime=11:00, classroom=Classroom{id=14, roomName='C-4', roomType='Lecture', roomCapacity=50, building=Building{id=3, buildingName='C'}}, course=Course{id=8, courseName='Mathematics'}, teacher=Teacher{id=10, firstName='Joshua', lastName='Eve', faculty=Faculty{id=2, facultyName='Technical Sciences Faculty'}}}, Lesson{id=27, date=2021-01-21, startTime=11:10, endTime=12:50, classroom=Classroom{id=14, roomName='C-4', roomType='Lecture', roomCapacity=50, building=Building{id=3, buildingName='C'}}, course=Course{id=8, courseName='Mathematics'}, teacher=Teacher{id=10, firstName='Joshua', lastName='Eve', faculty=Faculty{id=2, facultyName='Technical Sciences Faculty'}}}, Lesson{id=28, date=2021-01-21, startTime=13:00, endTime=14:40, classroom=Classroom{id=12, roomName='C-2', roomType='Class', roomCapacity=30, building=Building{id=3, buildingName='C'}}, course=Course{id=9, courseName='Physics'}, teacher=Teacher{id=11, firstName='Sophia', lastName='Roos', faculty=Faculty{id=2, facultyName='Technical Sciences Faculty'}}}, Lesson{id=29, date=2021-01-21, startTime=14:50, endTime=16:30, classroom=Classroom{id=12, roomName='C-2', roomType='Class', roomCapacity=30, building=Building{id=3, buildingName='C'}}, course=Course{id=10, courseName='Geometry'}, teacher=Teacher{id=12, firstName='Mia', lastName='Brown', faculty=Faculty{id=2, facultyName='Technical Sciences Faculty'}}}, Lesson{id=30, date=2021-01-21, startTime=16:40, endTime=18:20, classroom=Classroom{id=15, roomName='C-5', roomType='Laboratory', roomCapacity=10, building=Building{id=3, buildingName='C'}}, course=Course{id=8, courseName='Mathematics'}, teacher=Teacher{id=10, firstName='Joshua', lastName='Eve', faculty=Faculty{id=2, facultyName='Technical Sciences Faculty'}}}, Lesson{id=31, date=2021-01-22, startTime=09:20, endTime=11:00, classroom=Classroom{id=4, roomName='A-4', roomType='Lecture', roomCapacity=50, building=Building{id=1, buildingName='Changed name'}}, course=Course{id=5, courseName='Culture'}, teacher=Teacher{id=5, firstName='Scarlett', lastName='Nimoy', faculty=Faculty{id=3, facultyName='Faculty of Arts'}}}, Lesson{id=32, date=2021-01-22, startTime=11:10, endTime=12:50, classroom=Classroom{id=1, roomName='A-1', roomType='Class', roomCapacity=30, building=Building{id=1, buildingName='Changed name'}}, course=Course{id=5, courseName='Culture'}, teacher=Teacher{id=5, firstName='Scarlett', lastName='Nimoy', faculty=Faculty{id=3, facultyName='Faculty of Arts'}}}, Lesson{id=33, date=2021-01-22, startTime=13:00, endTime=14:40, classroom=Classroom{id=2, roomName='A-2', roomType='Class', roomCapacity=30, building=Building{id=1, buildingName='Changed name'}}, course=Course{id=1, courseName='History'}, teacher=Teacher{id=1, firstName='Albert', lastName='Sykes', faculty=Faculty{id=3, facultyName='Faculty of Arts'}}}, Lesson{id=34, date=2021-01-22, startTime=14:50, endTime=16:30, classroom=Classroom{id=3, roomName='A-3', roomType='Class', roomCapacity=30, building=Building{id=1, buildingName='Changed name'}}, course=Course{id=1, courseName='History'}, teacher=Teacher{id=1, firstName='Albert', lastName='Sykes', faculty=Faculty{id=3, facultyName='Faculty of Arts'}}}, Lesson{id=35, date=2021-01-22, startTime=16:40, endTime=18:20, classroom=Classroom{id=4, roomName='A-4', roomType='Lecture', roomCapacity=50, building=Building{id=1, buildingName='Changed name'}}, course=Course{id=2, courseName='Philosophy'}, teacher=Teacher{id=2, firstName='Stanley', lastName='Gruber', faculty=Faculty{id=3, facultyName='Faculty of Arts'}}}, Lesson{id=36, date=2021-01-22, startTime=09:20, endTime=11:00, classroom=Classroom{id=9, roomName='New name', roomType='Lecture', roomCapacity=50, building=Building{id=2, buildingName='B'}}, course=Course{id=6, courseName='Biology'}, teacher=Teacher{id=6, firstName='Ellie', lastName='Purh', faculty=Faculty{id=1, facultyName='Changed faculty name'}}}, Lesson{id=37, date=2021-01-22, startTime=11:10, endTime=12:50, classroom=Classroom{id=9, roomName='New name', roomType='Lecture', roomCapacity=50, building=Building{id=2, buildingName='B'}}, course=Course{id=6, courseName='Biology'}, teacher=Teacher{id=6, firstName='Ellie', lastName='Purh', faculty=Faculty{id=1, facultyName='Changed faculty name'}}}, Lesson{id=38, date=2021-01-22, startTime=13:00, endTime=14:40, classroom=Classroom{id=6, roomName='B-1', roomType='Class', roomCapacity=30, building=Building{id=2, buildingName='B'}}, course=Course{id=6, courseName='Biology'}, teacher=Teacher{id=7, firstName='Charlie', lastName='Byrne', faculty=Faculty{id=1, facultyName='Changed faculty name'}}}, Lesson{id=39, date=2021-01-22, startTime=14:50, endTime=16:30, classroom=Classroom{id=7, roomName='B-2', roomType='Class', roomCapacity=30, building=Building{id=2, buildingName='B'}}, course=Course{id=6, courseName='Biology'}, teacher=Teacher{id=7, firstName='Charlie', lastName='Byrne', faculty=Faculty{id=1, facultyName='Changed faculty name'}}}, Lesson{id=40, date=2021-01-22, startTime=16:40, endTime=18:20, classroom=Classroom{id=10, roomName='B-5', roomType='Laboratory', roomCapacity=10, building=Building{id=2, buildingName='B'}}, course=Course{id=6, courseName='Biology'}, teacher=Teacher{id=7, firstName='Charlie', lastName='Byrne', faculty=Faculty{id=1, facultyName='Changed faculty name'}}}, Lesson{id=41, date=2021-01-22, startTime=09:20, endTime=11:00, classroom=Classroom{id=14, roomName='C-4', roomType='Lecture', roomCapacity=50, building=Building{id=3, buildingName='C'}}, course=Course{id=9, courseName='Physics'}, teacher=Teacher{id=11, firstName='Sophia', lastName='Roos', faculty=Faculty{id=2, facultyName='Technical Sciences Faculty'}}}, Lesson{id=42, date=2021-01-22, startTime=11:10, endTime=12:50, classroom=Classroom{id=14, roomName='C-4', roomType='Lecture', roomCapacity=50, building=Building{id=3, buildingName='C'}}, course=Course{id=10, courseName='Geometry'}, teacher=Teacher{id=12, firstName='Mia', lastName='Brown', faculty=Faculty{id=2, facultyName='Technical Sciences Faculty'}}}, Lesson{id=43, date=2021-01-22, startTime=13:00, endTime=14:40, classroom=Classroom{id=13, roomName='C-3', roomType='Class', roomCapacity=30, building=Building{id=3, buildingName='C'}}, course=Course{id=8, courseName='Mathematics'}, teacher=Teacher{id=10, firstName='Joshua', lastName='Eve', faculty=Faculty{id=2, facultyName='Technical Sciences Faculty'}}}, Lesson{id=44, date=2021-01-22, startTime=14:50, endTime=16:30, classroom=Classroom{id=15, roomName='C-5', roomType='Laboratory', roomCapacity=10, building=Building{id=3, buildingName='C'}}, course=Course{id=9, courseName='Physics'}, teacher=Teacher{id=11, firstName='Sophia', lastName='Roos', faculty=Faculty{id=2, facultyName='Technical Sciences Faculty'}}}, Lesson{id=45, date=2021-01-22, startTime=16:40, endTime=18:20, classroom=Classroom{id=15, roomName='C-5', roomType='Laboratory', roomCapacity=10, building=Building{id=3, buildingName='C'}}, course=Course{id=10, courseName='Geometry'}, teacher=Teacher{id=12, firstName='Mia', lastName='Brown', faculty=Faculty{id=2, facultyName='Technical Sciences Faculty'}}}, Lesson{id=46, date=2021-01-25, startTime=09:20, endTime=11:00, classroom=Classroom{id=4, roomName='A-4', roomType='Lecture', roomCapacity=50, building=Building{id=1, buildingName='Changed name'}}, course=Course{id=1, courseName='History'}, teacher=Teacher{id=1, firstName='Albert', lastName='Sykes', faculty=Faculty{id=3, facultyName='Faculty of Arts'}}}, Lesson{id=47, date=2021-01-25, startTime=11:10, endTime=12:50, classroom=Classroom{id=1, roomName='A-1', roomType='Class', roomCapacity=30, building=Building{id=1, buildingName='Changed name'}}, course=Course{id=1, courseName='History'}, teacher=Teacher{id=1, firstName='Albert', lastName='Sykes', faculty=Faculty{id=3, facultyName='Faculty of Arts'}}}, Lesson{id=48, date=2021-01-25, startTime=13:00, endTime=14:40, classroom=Classroom{id=2, roomName='A-2', roomType='Class', roomCapacity=30, building=Building{id=1, buildingName='Changed name'}}, course=Course{id=2, courseName='Philosophy'}, teacher=Teacher{id=2, firstName='Stanley', lastName='Gruber', faculty=Faculty{id=3, facultyName='Faculty of Arts'}}}, Lesson{id=49, date=2021-01-25, startTime=14:50, endTime=16:30, classroom=Classroom{id=3, roomName='A-3', roomType='Class', roomCapacity=30, building=Building{id=1, buildingName='Changed name'}}, course=Course{id=2, courseName='Philosophy'}, teacher=Teacher{id=2, firstName='Stanley', lastName='Gruber', faculty=Faculty{id=3, facultyName='Faculty of Arts'}}}, Lesson{id=50, date=2021-01-25, startTime=16:40, endTime=18:20, classroom=Classroom{id=4, roomName='A-4', roomType='Lecture', roomCapacity=50, building=Building{id=1, buildingName='Changed name'}}, course=Course{id=3, courseName='Name'}, teacher=Teacher{id=3, firstName='Freya', lastName='Shepp', faculty=Faculty{id=3, facultyName='Faculty of Arts'}}}, Lesson{id=51, date=2021-01-25, startTime=09:20, endTime=11:00, classroom=Classroom{id=9, roomName='New name', roomType='Lecture', roomCapacity=50, building=Building{id=2, buildingName='B'}}, course=Course{id=6, courseName='Biology'}, teacher=Teacher{id=6, firstName='Ellie', lastName='Purh', faculty=Faculty{id=1, facultyName='Changed faculty name'}}}, Lesson{id=52, date=2021-01-25, startTime=11:10, endTime=12:50, classroom=Classroom{id=9, roomName='New name', roomType='Lecture', roomCapacity=50, building=Building{id=2, buildingName='B'}}, course=Course{id=6, courseName='Biology'}, teacher=Teacher{id=6, firstName='Ellie', lastName='Purh', faculty=Faculty{id=1, facultyName='Changed faculty name'}}}, Lesson{id=53, date=2021-01-25, startTime=13:00, endTime=14:40, classroom=Classroom{id=6, roomName='B-1', roomType='Class', roomCapacity=30, building=Building{id=2, buildingName='B'}}, course=Course{id=6, courseName='Biology'}, teacher=Teacher{id=7, firstName='Charlie', lastName='Byrne', faculty=Faculty{id=1, facultyName='Changed faculty name'}}}, Lesson{id=54, date=2021-01-25, startTime=14:50, endTime=16:30, classroom=Classroom{id=7, roomName='B-2', roomType='Class', roomCapacity=30, building=Building{id=2, buildingName='B'}}, course=Course{id=6, courseName='Biology'}, teacher=Teacher{id=7, firstName='Charlie', lastName='Byrne', faculty=Faculty{id=1, facultyName='Changed faculty name'}}}, Lesson{id=55, date=2021-01-25, startTime=16:40, endTime=18:20, classroom=Classroom{id=10, roomName='B-5', roomType='Laboratory', roomCapacity=10, building=Building{id=2, buildingName='B'}}, course=Course{id=6, courseName='Biology'}, teacher=Teacher{id=7, firstName='Charlie', lastName='Byrne', faculty=Faculty{id=1, facultyName='Changed faculty name'}}}, Lesson{id=56, date=2021-01-25, startTime=09:20, endTime=11:00, classroom=Classroom{id=14, roomName='C-4', roomType='Lecture', roomCapacity=50, building=Building{id=3, buildingName='C'}}, course=Course{id=8, courseName='Mathematics'}, teacher=Teacher{id=10, firstName='Joshua', lastName='Eve', faculty=Faculty{id=2, facultyName='Technical Sciences Faculty'}}}, Lesson{id=57, date=2021-01-25, startTime=11:10, endTime=12:50, classroom=Classroom{id=14, roomName='C-4', roomType='Lecture', roomCapacity=50, building=Building{id=3, buildingName='C'}}, course=Course{id=8, courseName='Mathematics'}, teacher=Teacher{id=10, firstName='Joshua', lastName='Eve', faculty=Faculty{id=2, facultyName='Technical Sciences Faculty'}}}, Lesson{id=58, date=2021-01-25, startTime=13:00, endTime=14:40, classroom=Classroom{id=11, roomName='C-1', roomType='Class', roomCapacity=30, building=Building{id=3, buildingName='C'}}, course=Course{id=8, courseName='Mathematics'}, teacher=Teacher{id=10, firstName='Joshua', lastName='Eve', faculty=Faculty{id=2, facultyName='Technical Sciences Faculty'}}}, Lesson{id=59, date=2021-01-25, startTime=14:50, endTime=16:30, classroom=Classroom{id=13, roomName='C-3', roomType='Class', roomCapacity=30, building=Building{id=3, buildingName='C'}}, course=Course{id=8, courseName='Mathematics'}, teacher=Teacher{id=10, firstName='Joshua', lastName='Eve', faculty=Faculty{id=2, facultyName='Technical Sciences Faculty'}}}, Lesson{id=60, date=2021-01-25, startTime=16:40, endTime=18:20, classroom=Classroom{id=15, roomName='C-5', roomType='Laboratory', roomCapacity=10, building=Building{id=3, buildingName='C'}}, course=Course{id=8, courseName='Mathematics'}, teacher=Teacher{id=10, firstName='Joshua', lastName='Eve', faculty=Faculty{id=2, facultyName='Technical Sciences Faculty'}}}, Lesson{id=61, date=2021-01-26, startTime=09:20, endTime=11:00, classroom=Classroom{id=4, roomName='A-4', roomType='Lecture', roomCapacity=50, building=Building{id=1, buildingName='Changed name'}}, course=Course{id=2, courseName='Philosophy'}, teacher=Teacher{id=2, firstName='Stanley', lastName='Gruber', faculty=Faculty{id=3, facultyName='Faculty of Arts'}}}, Lesson{id=62, date=2021-01-26, startTime=11:10, endTime=12:50, classroom=Classroom{id=1, roomName='A-1', roomType='Class', roomCapacity=30, building=Building{id=1, buildingName='Changed name'}}, course=Course{id=2, courseName='Philosophy'}, teacher=Teacher{id=2, firstName='Stanley', lastName='Gruber', faculty=Faculty{id=3, facultyName='Faculty of Arts'}}}, Lesson{id=63, date=2021-01-26, startTime=13:00, endTime=14:40, classroom=Classroom{id=2, roomName='A-2', roomType='Class', roomCapacity=30, building=Building{id=1, buildingName='Changed name'}}, course=Course{id=3, courseName='Name'}, teacher=Teacher{id=3, firstName='Freya', lastName='Shepp', faculty=Faculty{id=3, facultyName='Faculty of Arts'}}}, Lesson{id=64, date=2021-01-26, startTime=14:50, endTime=16:30, classroom=Classroom{id=3, roomName='A-3', roomType='Class', roomCapacity=30, building=Building{id=1, buildingName='Changed name'}}, course=Course{id=3, courseName='Name'}, teacher=Teacher{id=3, firstName='Freya', lastName='Shepp', faculty=Faculty{id=3, facultyName='Faculty of Arts'}}}, Lesson{id=65, date=2021-01-26, startTime=16:40, endTime=18:20, classroom=Classroom{id=4, roomName='A-4', roomType='Lecture', roomCapacity=50, building=Building{id=1, buildingName='Changed name'}}, course=Course{id=4, courseName='Political science'}, teacher=Teacher{id=4, firstName='Olivia', lastName='Blake', faculty=Faculty{id=3, facultyName='Faculty of Arts'}}}, Lesson{id=66, date=2021-01-26, startTime=09:20, endTime=11:00, classroom=Classroom{id=9, roomName='New name', roomType='Lecture', roomCapacity=50, building=Building{id=2, buildingName='B'}}, course=Course{id=7, courseName='Chemistry'}, teacher=Teacher{id=8, firstName='Samuel', lastName='Travis', faculty=Faculty{id=1, facultyName='Changed faculty name'}}}, Lesson{id=67, date=2021-01-26, startTime=11:10, endTime=12:50, classroom=Classroom{id=9, roomName='New name', roomType='Lecture', roomCapacity=50, building=Building{id=2, buildingName='B'}}, course=Course{id=7, courseName='Chemistry'}, teacher=Teacher{id=8, firstName='Samuel', lastName='Travis', faculty=Faculty{id=1, facultyName='Changed faculty name'}}}, Lesson{id=68, date=2021-01-26, startTime=13:00, endTime=14:40, classroom=Classroom{id=6, roomName='B-1', roomType='Class', roomCapacity=30, building=Building{id=2, buildingName='B'}}, course=Course{id=7, courseName='Chemistry'}, teacher=Teacher{id=9, firstName='Albert', lastName='Hill', faculty=Faculty{id=1, facultyName='Changed faculty name'}}}, Lesson{id=69, date=2021-01-26, startTime=14:50, endTime=16:30, classroom=Classroom{id=7, roomName='B-2', roomType='Class', roomCapacity=30, building=Building{id=2, buildingName='B'}}, course=Course{id=7, courseName='Chemistry'}, teacher=Teacher{id=9, firstName='Albert', lastName='Hill', faculty=Faculty{id=1, facultyName='Changed faculty name'}}}, Lesson{id=70, date=2021-01-26, startTime=16:40, endTime=18:20, classroom=Classroom{id=10, roomName='B-5', roomType='Laboratory', roomCapacity=10, building=Building{id=2, buildingName='B'}}, course=Course{id=7, courseName='Chemistry'}, teacher=Teacher{id=9, firstName='Albert', lastName='Hill', faculty=Faculty{id=1, facultyName='Changed faculty name'}}}, Lesson{id=71, date=2021-01-26, startTime=09:20, endTime=11:00, classroom=Classroom{id=14, roomName='C-4', roomType='Lecture', roomCapacity=50, building=Building{id=3, buildingName='C'}}, course=Course{id=9, courseName='Physics'}, teacher=Teacher{id=11, firstName='Sophia', lastName='Roos', faculty=Faculty{id=2, facultyName='Technical Sciences Faculty'}}}, Lesson{id=72, date=2021-01-26, startTime=11:10, endTime=12:50, classroom=Classroom{id=14, roomName='C-4', roomType='Lecture', roomCapacity=50, building=Building{id=3, buildingName='C'}}, course=Course{id=9, courseName='Physics'}, teacher=Teacher{id=11, firstName='Sophia', lastName='Roos', faculty=Faculty{id=2, facultyName='Technical Sciences Faculty'}}}, Lesson{id=73, date=2021-01-26, startTime=13:00, endTime=14:40, classroom=Classroom{id=11, roomName='C-1', roomType='Class', roomCapacity=30, building=Building{id=3, buildingName='C'}}, course=Course{id=9, courseName='Physics'}, teacher=Teacher{id=11, firstName='Sophia', lastName='Roos', faculty=Faculty{id=2, facultyName='Technical Sciences Faculty'}}}, Lesson{id=74, date=2021-01-26, startTime=14:50, endTime=16:30, classroom=Classroom{id=13, roomName='C-3', roomType='Class', roomCapacity=30, building=Building{id=3, buildingName='C'}}, course=Course{id=9, courseName='Physics'}, teacher=Teacher{id=11, firstName='Sophia', lastName='Roos', faculty=Faculty{id=2, facultyName='Technical Sciences Faculty'}}}, Lesson{id=75, date=2021-01-26, startTime=16:40, endTime=18:20, classroom=Classroom{id=15, roomName='C-5', roomType='Laboratory', roomCapacity=10, building=Building{id=3, buildingName='C'}}, course=Course{id=9, courseName='Physics'}, teacher=Teacher{id=11, firstName='Sophia', lastName='Roos', faculty=Faculty{id=2, facultyName='Technical Sciences Faculty'}}}, Lesson{id=76, date=2021-01-27, startTime=09:20, endTime=11:00, classroom=Classroom{id=4, roomName='A-4', roomType='Lecture', roomCapacity=50, building=Building{id=1, buildingName='Changed name'}}, course=Course{id=3, courseName='Name'}, teacher=Teacher{id=3, firstName='Freya', lastName='Shepp', faculty=Faculty{id=3, facultyName='Faculty of Arts'}}}, Lesson{id=77, date=2021-01-27, startTime=11:10, endTime=12:50, classroom=Classroom{id=1, roomName='A-1', roomType='Class', roomCapacity=30, building=Building{id=1, buildingName='Changed name'}}, course=Course{id=3, courseName='Name'}, teacher=Teacher{id=3, firstName='Freya', lastName='Shepp', faculty=Faculty{id=3, facultyName='Faculty of Arts'}}}, Lesson{id=78, date=2021-01-27, startTime=13:00, endTime=14:40, classroom=Classroom{id=2, roomName='A-2', roomType='Class', roomCapacity=30, building=Building{id=1, buildingName='Changed name'}}, course=Course{id=4, courseName='Political science'}, teacher=Teacher{id=4, firstName='Olivia', lastName='Blake', faculty=Faculty{id=3, facultyName='Faculty of Arts'}}}, Lesson{id=79, date=2021-01-27, startTime=14:50, endTime=16:30, classroom=Classroom{id=3, roomName='A-3', roomType='Class', roomCapacity=30, building=Building{id=1, buildingName='Changed name'}}, course=Course{id=4, courseName='Political science'}, teacher=Teacher{id=4, firstName='Olivia', lastName='Blake', faculty=Faculty{id=3, facultyName='Faculty of Arts'}}}, Lesson{id=80, date=2021-01-27, startTime=16:40, endTime=18:20, classroom=Classroom{id=4, roomName='A-4', roomType='Lecture', roomCapacity=50, building=Building{id=1, buildingName='Changed name'}}, course=Course{id=5, courseName='Culture'}, teacher=Teacher{id=5, firstName='Scarlett', lastName='Nimoy', faculty=Faculty{id=3, facultyName='Faculty of Arts'}}}, Lesson{id=81, date=2021-01-27, startTime=09:20, endTime=11:00, classroom=Classroom{id=9, roomName='New name', roomType='Lecture', roomCapacity=50, building=Building{id=2, buildingName='B'}}, course=Course{id=6, courseName='Biology'}, teacher=Teacher{id=6, firstName='Ellie', lastName='Purh', faculty=Faculty{id=1, facultyName='Changed faculty name'}}}, Lesson{id=82, date=2021-01-27, startTime=11:10, endTime=12:50, classroom=Classroom{id=9, roomName='New name', roomType='Lecture', roomCapacity=50, building=Building{id=2, buildingName='B'}}, course=Course{id=6, courseName='Biology'}, teacher=Teacher{id=6, firstName='Ellie', lastName='Purh', faculty=Faculty{id=1, facultyName='Changed faculty name'}}}, Lesson{id=83, date=2021-01-27, startTime=13:00, endTime=14:40, classroom=Classroom{id=6, roomName='B-1', roomType='Class', roomCapacity=30, building=Building{id=2, buildingName='B'}}, course=Course{id=6, courseName='Biology'}, teacher=Teacher{id=7, firstName='Charlie', lastName='Byrne', faculty=Faculty{id=1, facultyName='Changed faculty name'}}}, Lesson{id=84, date=2021-01-27, startTime=14:50, endTime=16:30, classroom=Classroom{id=7, roomName='B-2', roomType='Class', roomCapacity=30, building=Building{id=2, buildingName='B'}}, course=Course{id=6, courseName='Biology'}, teacher=Teacher{id=7, firstName='Charlie', lastName='Byrne', faculty=Faculty{id=1, facultyName='Changed faculty name'}}}, Lesson{id=85, date=2021-01-27, startTime=16:40, endTime=18:20, classroom=Classroom{id=10, roomName='B-5', roomType='Laboratory', roomCapacity=10, building=Building{id=2, buildingName='B'}}, course=Course{id=6, courseName='Biology'}, teacher=Teacher{id=7, firstName='Charlie', lastName='Byrne', faculty=Faculty{id=1, facultyName='Changed faculty name'}}}, Lesson{id=86, date=2021-01-27, startTime=09:20, endTime=11:00, classroom=Classroom{id=14, roomName='C-4', roomType='Lecture', roomCapacity=50, building=Building{id=3, buildingName='C'}}, course=Course{id=10, courseName='Geometry'}, teacher=Teacher{id=12, firstName='Mia', lastName='Brown', faculty=Faculty{id=2, facultyName='Technical Sciences Faculty'}}}, Lesson{id=87, date=2021-01-27, startTime=11:10, endTime=12:50, classroom=Classroom{id=14, roomName='C-4', roomType='Lecture', roomCapacity=50, building=Building{id=3, buildingName='C'}}, course=Course{id=10, courseName='Geometry'}, teacher=Teacher{id=12, firstName='Mia', lastName='Brown', faculty=Faculty{id=2, facultyName='Technical Sciences Faculty'}}}, Lesson{id=88, date=2021-01-27, startTime=13:00, endTime=14:40, classroom=Classroom{id=11, roomName='C-1', roomType='Class', roomCapacity=30, building=Building{id=3, buildingName='C'}}, course=Course{id=10, courseName='Geometry'}, teacher=Teacher{id=12, firstName='Mia', lastName='Brown', faculty=Faculty{id=2, facultyName='Technical Sciences Faculty'}}}, Lesson{id=89, date=2021-01-27, startTime=14:50, endTime=16:30, classroom=Classroom{id=13, roomName='C-3', roomType='Class', roomCapacity=30, building=Building{id=3, buildingName='C'}}, course=Course{id=10, courseName='Geometry'}, teacher=Teacher{id=12, firstName='Mia', lastName='Brown', faculty=Faculty{id=2, facultyName='Technical Sciences Faculty'}}}, Lesson{id=90, date=2021-01-27, startTime=16:40, endTime=18:20, classroom=Classroom{id=15, roomName='C-5', roomType='Laboratory', roomCapacity=10, building=Building{id=3, buildingName='C'}}, course=Course{id=10, courseName='Geometry'}, teacher=Teacher{id=12, firstName='Mia', lastName='Brown', faculty=Faculty{id=2, facultyName='Technical Sciences Faculty'}}}, Lesson{id=91, date=2021-01-28, startTime=09:20, endTime=11:00, classroom=Classroom{id=4, roomName='A-4', roomType='Lecture', roomCapacity=50, building=Building{id=1, buildingName='Changed name'}}, course=Course{id=4, courseName='Political science'}, teacher=Teacher{id=4, firstName='Olivia', lastName='Blake', faculty=Faculty{id=3, facultyName='Faculty of Arts'}}}, Lesson{id=92, date=2021-01-28, startTime=11:10, endTime=12:50, classroom=Classroom{id=1, roomName='A-1', roomType='Class', roomCapacity=30, building=Building{id=1, buildingName='Changed name'}}, course=Course{id=4, courseName='Political science'}, teacher=Teacher{id=4, firstName='Olivia', lastName='Blake', faculty=Faculty{id=3, facultyName='Faculty of Arts'}}}, Lesson{id=93, date=2021-01-28, startTime=13:00, endTime=14:40, classroom=Classroom{id=2, roomName='A-2', roomType='Class', roomCapacity=30, building=Building{id=1, buildingName='Changed name'}}, course=Course{id=5, courseName='Culture'}, teacher=Teacher{id=5, firstName='Scarlett', lastName='Nimoy', faculty=Faculty{id=3, facultyName='Faculty of Arts'}}}, Lesson{id=94, date=2021-01-28, startTime=14:50, endTime=16:30, classroom=Classroom{id=3, roomName='A-3', roomType='Class', roomCapacity=30, building=Building{id=1, buildingName='Changed name'}}, course=Course{id=5, courseName='Culture'}, teacher=Teacher{id=5, firstName='Scarlett', lastName='Nimoy', faculty=Faculty{id=3, facultyName='Faculty of Arts'}}}, Lesson{id=95, date=2021-01-28, startTime=16:40, endTime=18:20, classroom=Classroom{id=4, roomName='A-4', roomType='Lecture', roomCapacity=50, building=Building{id=1, buildingName='Changed name'}}, course=Course{id=1, courseName='History'}, teacher=Teacher{id=1, firstName='Albert', lastName='Sykes', faculty=Faculty{id=3, facultyName='Faculty of Arts'}}}, Lesson{id=96, date=2021-01-28, startTime=09:20, endTime=11:00, classroom=Classroom{id=9, roomName='New name', roomType='Lecture', roomCapacity=50, building=Building{id=2, buildingName='B'}}, course=Course{id=7, courseName='Chemistry'}, teacher=Teacher{id=8, firstName='Samuel', lastName='Travis', faculty=Faculty{id=1, facultyName='Changed faculty name'}}}, Lesson{id=97, date=2021-01-28, startTime=11:10, endTime=12:50, classroom=Classroom{id=9, roomName='New name', roomType='Lecture', roomCapacity=50, building=Building{id=2, buildingName='B'}}, course=Course{id=7, courseName='Chemistry'}, teacher=Teacher{id=8, firstName='Samuel', lastName='Travis', faculty=Faculty{id=1, facultyName='Changed faculty name'}}}, Lesson{id=98, date=2021-01-28, startTime=13:00, endTime=14:40, classroom=Classroom{id=6, roomName='B-1', roomType='Class', roomCapacity=30, building=Building{id=2, buildingName='B'}}, course=Course{id=7, courseName='Chemistry'}, teacher=Teacher{id=9, firstName='Albert', lastName='Hill', faculty=Faculty{id=1, facultyName='Changed faculty name'}}}, Lesson{id=99, date=2021-01-28, startTime=14:50, endTime=16:30, classroom=Classroom{id=7, roomName='B-2', roomType='Class', roomCapacity=30, building=Building{id=2, buildingName='B'}}, course=Course{id=7, courseName='Chemistry'}, teacher=Teacher{id=9, firstName='Albert', lastName='Hill', faculty=Faculty{id=1, facultyName='Changed faculty name'}}}, Lesson{id=100, date=2021-01-28, startTime=16:40, endTime=18:20, classroom=Classroom{id=10, roomName='B-5', roomType='Laboratory', roomCapacity=10, building=Building{id=2, buildingName='B'}}, course=Course{id=7, courseName='Chemistry'}, teacher=Teacher{id=9, firstName='Albert', lastName='Hill', faculty=Faculty{id=1, facultyName='Changed faculty name'}}}, Lesson{id=101, date=2021-01-28, startTime=09:20, endTime=11:00, classroom=Classroom{id=14, roomName='C-4', roomType='Lecture', roomCapacity=50, building=Building{id=3, buildingName='C'}}, course=Course{id=8, courseName='Mathematics'}, teacher=Teacher{id=10, firstName='Joshua', lastName='Eve', faculty=Faculty{id=2, facultyName='Technical Sciences Faculty'}}}, Lesson{id=102, date=2021-01-28, startTime=11:10, endTime=12:50, classroom=Classroom{id=14, roomName='C-4', roomType='Lecture', roomCapacity=50, building=Building{id=3, buildingName='C'}}, course=Course{id=8, courseName='Mathematics'}, teacher=Teacher{id=10, firstName='Joshua', lastName='Eve', faculty=Faculty{id=2, facultyName='Technical Sciences Faculty'}}}, Lesson{id=103, date=2021-01-28, startTime=13:00, endTime=14:40, classroom=Classroom{id=12, roomName='C-2', roomType='Class', roomCapacity=30, building=Building{id=3, buildingName='C'}}, course=Course{id=9, courseName='Physics'}, teacher=Teacher{id=11, firstName='Sophia', lastName='Roos', faculty=Faculty{id=2, facultyName='Technical Sciences Faculty'}}}, Lesson{id=104, date=2021-01-28, startTime=14:50, endTime=16:30, classroom=Classroom{id=12, roomName='C-2', roomType='Class', roomCapacity=30, building=Building{id=3, buildingName='C'}}, course=Course{id=10, courseName='Geometry'}, teacher=Teacher{id=12, firstName='Mia', lastName='Brown', faculty=Faculty{id=2, facultyName='Technical Sciences Faculty'}}}, Lesson{id=105, date=2021-01-28, startTime=16:40, endTime=18:20, classroom=Classroom{id=15, roomName='C-5', roomType='Laboratory', roomCapacity=10, building=Building{id=3, buildingName='C'}}, course=Course{id=8, courseName='Mathematics'}, teacher=Teacher{id=10, firstName='Joshua', lastName='Eve', faculty=Faculty{id=2, facultyName='Technical Sciences Faculty'}}}, Lesson{id=106, date=2021-01-29, startTime=09:20, endTime=11:00, classroom=Classroom{id=4, roomName='A-4', roomType='Lecture', roomCapacity=50, building=Building{id=1, buildingName='Changed name'}}, course=Course{id=5, courseName='Culture'}, teacher=Teacher{id=5, firstName='Scarlett', lastName='Nimoy', faculty=Faculty{id=3, facultyName='Faculty of Arts'}}}, Lesson{id=107, date=2021-01-29, startTime=11:10, endTime=12:50, classroom=Classroom{id=1, roomName='A-1', roomType='Class', roomCapacity=30, building=Building{id=1, buildingName='Changed name'}}, course=Course{id=5, courseName='Culture'}, teacher=Teacher{id=5, firstName='Scarlett', lastName='Nimoy', faculty=Faculty{id=3, facultyName='Faculty of Arts'}}}, Lesson{id=108, date=2021-01-29, startTime=13:00, endTime=14:40, classroom=Classroom{id=2, roomName='A-2', roomType='Class', roomCapacity=30, building=Building{id=1, buildingName='Changed name'}}, course=Course{id=1, courseName='History'}, teacher=Teacher{id=1, firstName='Albert', lastName='Sykes', faculty=Faculty{id=3, facultyName='Faculty of Arts'}}}, Lesson{id=109, date=2021-01-29, startTime=14:50, endTime=16:30, classroom=Classroom{id=3, roomName='A-3', roomType='Class', roomCapacity=30, building=Building{id=1, buildingName='Changed name'}}, course=Course{id=1, courseName='History'}, teacher=Teacher{id=1, firstName='Albert', lastName='Sykes', faculty=Faculty{id=3, facultyName='Faculty of Arts'}}}, Lesson{id=110, date=2021-01-29, startTime=16:40, endTime=18:20, classroom=Classroom{id=4, roomName='A-4', roomType='Lecture', roomCapacity=50, building=Building{id=1, buildingName='Changed name'}}, course=Course{id=2, courseName='Philosophy'}, teacher=Teacher{id=2, firstName='Stanley', lastName='Gruber', faculty=Faculty{id=3, facultyName='Faculty of Arts'}}}, Lesson{id=111, date=2021-01-29, startTime=09:20, endTime=11:00, classroom=Classroom{id=9, roomName='New name', roomType='Lecture', roomCapacity=50, building=Building{id=2, buildingName='B'}}, course=Course{id=6, courseName='Biology'}, teacher=Teacher{id=6, firstName='Ellie', lastName='Purh', faculty=Faculty{id=1, facultyName='Changed faculty name'}}}, Lesson{id=112, date=2021-01-29, startTime=11:10, endTime=12:50, classroom=Classroom{id=9, roomName='New name', roomType='Lecture', roomCapacity=50, building=Building{id=2, buildingName='B'}}, course=Course{id=6, courseName='Biology'}, teacher=Teacher{id=6, firstName='Ellie', lastName='Purh', faculty=Faculty{id=1, facultyName='Changed faculty name'}}}, Lesson{id=113, date=2021-01-29, startTime=13:00, endTime=14:40, classroom=Classroom{id=6, roomName='B-1', roomType='Class', roomCapacity=30, building=Building{id=2, buildingName='B'}}, course=Course{id=6, courseName='Biology'}, teacher=Teacher{id=7, firstName='Charlie', lastName='Byrne', faculty=Faculty{id=1, facultyName='Changed faculty name'}}}, Lesson{id=114, date=2021-01-29, startTime=14:50, endTime=16:30, classroom=Classroom{id=7, roomName='B-2', roomType='Class', roomCapacity=30, building=Building{id=2, buildingName='B'}}, course=Course{id=6, courseName='Biology'}, teacher=Teacher{id=7, firstName='Charlie', lastName='Byrne', faculty=Faculty{id=1, facultyName='Changed faculty name'}}}, Lesson{id=115, date=2021-01-29, startTime=16:40, endTime=18:20, classroom=Classroom{id=10, roomName='B-5', roomType='Laboratory', roomCapacity=10, building=Building{id=2, buildingName='B'}}, course=Course{id=6, courseName='Biology'}, teacher=Teacher{id=7, firstName='Charlie', lastName='Byrne', faculty=Faculty{id=1, facultyName='Changed faculty name'}}}, Lesson{id=116, date=2021-01-29, startTime=09:20, endTime=11:00, classroom=Classroom{id=14, roomName='C-4', roomType='Lecture', roomCapacity=50, building=Building{id=3, buildingName='C'}}, course=Course{id=9, courseName='Physics'}, teacher=Teacher{id=11, firstName='Sophia', lastName='Roos', faculty=Faculty{id=2, facultyName='Technical Sciences Faculty'}}}, Lesson{id=117, date=2021-01-29, startTime=11:10, endTime=12:50, classroom=Classroom{id=14, roomName='C-4', roomType='Lecture', roomCapacity=50, building=Building{id=3, buildingName='C'}}, course=Course{id=10, courseName='Geometry'}, teacher=Teacher{id=12, firstName='Mia', lastName='Brown', faculty=Faculty{id=2, facultyName='Technical Sciences Faculty'}}}, Lesson{id=118, date=2021-01-29, startTime=13:00, endTime=14:40, classroom=Classroom{id=13, roomName='C-3', roomType='Class', roomCapacity=30, building=Building{id=3, buildingName='C'}}, course=Course{id=8, courseName='Mathematics'}, teacher=Teacher{id=10, firstName='Joshua', lastName='Eve', faculty=Faculty{id=2, facultyName='Technical Sciences Faculty'}}}, Lesson{id=119, date=2021-01-29, startTime=14:50, endTime=16:30, classroom=Classroom{id=15, roomName='C-5', roomType='Laboratory', roomCapacity=10, building=Building{id=3, buildingName='C'}}, course=Course{id=9, courseName='Physics'}, teacher=Teacher{id=11, firstName='Sophia', lastName='Roos', faculty=Faculty{id=2, facultyName='Technical Sciences Faculty'}}}, Lesson{id=120, date=2021-01-29, startTime=16:40, endTime=18:20, classroom=Classroom{id=15, roomName='C-5', roomType='Laboratory', roomCapacity=10, building=Building{id=3, buildingName='C'}}, course=Course{id=10, courseName='Geometry'}, teacher=Teacher{id=12, firstName='Mia', lastName='Brown', faculty=Faculty{id=2, facultyName='Technical Sciences Faculty'}}}, Lesson{id=121, date=2021-02-01, startTime=09:20, endTime=11:00, classroom=Classroom{id=4, roomName='A-4', roomType='Lecture', roomCapacity=50, building=Building{id=1, buildingName='Changed name'}}, course=Course{id=1, courseName='History'}, teacher=Teacher{id=1, firstName='Albert', lastName='Sykes', faculty=Faculty{id=3, facultyName='Faculty of Arts'}}}, Lesson{id=122, date=2021-02-01, startTime=11:10, endTime=12:50, classroom=Classroom{id=1, roomName='A-1', roomType='Class', roomCapacity=30, building=Building{id=1, buildingName='Changed name'}}, course=Course{id=1, courseName='History'}, teacher=Teacher{id=1, firstName='Albert', lastName='Sykes', faculty=Faculty{id=3, facultyName='Faculty of Arts'}}}, Lesson{id=123, date=2021-02-01, startTime=13:00, endTime=14:40, classroom=Classroom{id=2, roomName='A-2', roomType='Class', roomCapacity=30, building=Building{id=1, buildingName='Changed name'}}, course=Course{id=2, courseName='Philosophy'}, teacher=Teacher{id=2, firstName='Stanley', lastName='Gruber', faculty=Faculty{id=3, facultyName='Faculty of Arts'}}}, Lesson{id=124, date=2021-02-01, startTime=14:50, endTime=16:30, classroom=Classroom{id=3, roomName='A-3', roomType='Class', roomCapacity=30, building=Building{id=1, buildingName='Changed name'}}, course=Course{id=2, courseName='Philosophy'}, teacher=Teacher{id=2, firstName='Stanley', lastName='Gruber', faculty=Faculty{id=3, facultyName='Faculty of Arts'}}}, Lesson{id=125, date=2021-02-01, startTime=16:40, endTime=18:20, classroom=Classroom{id=4, roomName='A-4', roomType='Lecture', roomCapacity=50, building=Building{id=1, buildingName='Changed name'}}, course=Course{id=3, courseName='Name'}, teacher=Teacher{id=3, firstName='Freya', lastName='Shepp', faculty=Faculty{id=3, facultyName='Faculty of Arts'}}}, Lesson{id=126, date=2021-02-01, startTime=09:20, endTime=11:00, classroom=Classroom{id=9, roomName='New name', roomType='Lecture', roomCapacity=50, building=Building{id=2, buildingName='B'}}, course=Course{id=6, courseName='Biology'}, teacher=Teacher{id=6, firstName='Ellie', lastName='Purh', faculty=Faculty{id=1, facultyName='Changed faculty name'}}}, Lesson{id=127, date=2021-02-01, startTime=11:10, endTime=12:50, classroom=Classroom{id=9, roomName='New name', roomType='Lecture', roomCapacity=50, building=Building{id=2, buildingName='B'}}, course=Course{id=6, courseName='Biology'}, teacher=Teacher{id=6, firstName='Ellie', lastName='Purh', faculty=Faculty{id=1, facultyName='Changed faculty name'}}}, Lesson{id=128, date=2021-02-01, startTime=13:00, endTime=14:40, classroom=Classroom{id=6, roomName='B-1', roomType='Class', roomCapacity=30, building=Building{id=2, buildingName='B'}}, course=Course{id=6, courseName='Biology'}, teacher=Teacher{id=7, firstName='Charlie', lastName='Byrne', faculty=Faculty{id=1, facultyName='Changed faculty name'}}}, Lesson{id=129, date=2021-02-01, startTime=14:50, endTime=16:30, classroom=Classroom{id=7, roomName='B-2', roomType='Class', roomCapacity=30, building=Building{id=2, buildingName='B'}}, course=Course{id=6, courseName='Biology'}, teacher=Teacher{id=7, firstName='Charlie', lastName='Byrne', faculty=Faculty{id=1, facultyName='Changed faculty name'}}}, Lesson{id=130, date=2021-02-01, startTime=16:40, endTime=18:20, classroom=Classroom{id=10, roomName='B-5', roomType='Laboratory', roomCapacity=10, building=Building{id=2, buildingName='B'}}, course=Course{id=6, courseName='Biology'}, teacher=Teacher{id=7, firstName='Charlie', lastName='Byrne', faculty=Faculty{id=1, facultyName='Changed faculty name'}}}, Lesson{id=131, date=2021-02-01, startTime=09:20, endTime=11:00, classroom=Classroom{id=14, roomName='C-4', roomType='Lecture', roomCapacity=50, building=Building{id=3, buildingName='C'}}, course=Course{id=8, courseName='Mathematics'}, teacher=Teacher{id=10, firstName='Joshua', lastName='Eve', faculty=Faculty{id=2, facultyName='Technical Sciences Faculty'}}}, Lesson{id=132, date=2021-02-01, startTime=11:10, endTime=12:50, classroom=Classroom{id=14, roomName='C-4', roomType='Lecture', roomCapacity=50, building=Building{id=3, buildingName='C'}}, course=Course{id=8, courseName='Mathematics'}, teacher=Teacher{id=10, firstName='Joshua', lastName='Eve', faculty=Faculty{id=2, facultyName='Technical Sciences Faculty'}}}, Lesson{id=133, date=2021-02-01, startTime=13:00, endTime=14:40, classroom=Classroom{id=11, roomName='C-1', roomType='Class', roomCapacity=30, building=Building{id=3, buildingName='C'}}, course=Course{id=8, courseName='Mathematics'}, teacher=Teacher{id=10, firstName='Joshua', lastName='Eve', faculty=Faculty{id=2, facultyName='Technical Sciences Faculty'}}}, Lesson{id=134, date=2021-02-01, startTime=14:50, endTime=16:30, classroom=Classroom{id=13, roomName='C-3', roomType='Class', roomCapacity=30, building=Building{id=3, buildingName='C'}}, course=Course{id=8, courseName='Mathematics'}, teacher=Teacher{id=10, firstName='Joshua', lastName='Eve', faculty=Faculty{id=2, facultyName='Technical Sciences Faculty'}}}, Lesson{id=135, date=2021-02-01, startTime=16:40, endTime=18:20, classroom=Classroom{id=15, roomName='C-5', roomType='Laboratory', roomCapacity=10, building=Building{id=3, buildingName='C'}}, course=Course{id=8, courseName='Mathematics'}, teacher=Teacher{id=10, firstName='Joshua', lastName='Eve', faculty=Faculty{id=2, facultyName='Technical Sciences Faculty'}}}, Lesson{id=136, date=2021-02-02, startTime=09:20, endTime=11:00, classroom=Classroom{id=4, roomName='A-4', roomType='Lecture', roomCapacity=50, building=Building{id=1, buildingName='Changed name'}}, course=Course{id=2, courseName='Philosophy'}, teacher=Teacher{id=2, firstName='Stanley', lastName='Gruber', faculty=Faculty{id=3, facultyName='Faculty of Arts'}}}, Lesson{id=137, date=2021-02-02, startTime=11:10, endTime=12:50, classroom=Classroom{id=1, roomName='A-1', roomType='Class', roomCapacity=30, building=Building{id=1, buildingName='Changed name'}}, course=Course{id=2, courseName='Philosophy'}, teacher=Teacher{id=2, firstName='Stanley', lastName='Gruber', faculty=Faculty{id=3, facultyName='Faculty of Arts'}}}, Lesson{id=138, date=2021-02-02, startTime=13:00, endTime=14:40, classroom=Classroom{id=2, roomName='A-2', roomType='Class', roomCapacity=30, building=Building{id=1, buildingName='Changed name'}}, course=Course{id=3, courseName='Name'}, teacher=Teacher{id=3, firstName='Freya', lastName='Shepp', faculty=Faculty{id=3, facultyName='Faculty of Arts'}}}, Lesson{id=139, date=2021-02-02, startTime=14:50, endTime=16:30, classroom=Classroom{id=3, roomName='A-3', roomType='Class', roomCapacity=30, building=Building{id=1, buildingName='Changed name'}}, course=Course{id=3, courseName='Name'}, teacher=Teacher{id=3, firstName='Freya', lastName='Shepp', faculty=Faculty{id=3, facultyName='Faculty of Arts'}}}, Lesson{id=140, date=2021-02-02, startTime=16:40, endTime=18:20, classroom=Classroom{id=4, roomName='A-4', roomType='Lecture', roomCapacity=50, building=Building{id=1, buildingName='Changed name'}}, course=Course{id=4, courseName='Political science'}, teacher=Teacher{id=4, firstName='Olivia', lastName='Blake', faculty=Faculty{id=3, facultyName='Faculty of Arts'}}}, Lesson{id=141, date=2021-02-02, startTime=09:20, endTime=11:00, classroom=Classroom{id=9, roomName='New name', roomType='Lecture', roomCapacity=50, building=Building{id=2, buildingName='B'}}, course=Course{id=7, courseName='Chemistry'}, teacher=Teacher{id=8, firstName='Samuel', lastName='Travis', faculty=Faculty{id=1, facultyName='Changed faculty name'}}}, Lesson{id=142, date=2021-02-02, startTime=11:10, endTime=12:50, classroom=Classroom{id=9, roomName='New name', roomType='Lecture', roomCapacity=50, building=Building{id=2, buildingName='B'}}, course=Course{id=7, courseName='Chemistry'}, teacher=Teacher{id=8, firstName='Samuel', lastName='Travis', faculty=Faculty{id=1, facultyName='Changed faculty name'}}}, Lesson{id=143, date=2021-02-02, startTime=13:00, endTime=14:40, classroom=Classroom{id=6, roomName='B-1', roomType='Class', roomCapacity=30, building=Building{id=2, buildingName='B'}}, course=Course{id=7, courseName='Chemistry'}, teacher=Teacher{id=9, firstName='Albert', lastName='Hill', faculty=Faculty{id=1, facultyName='Changed faculty name'}}}, Lesson{id=144, date=2021-02-02, startTime=14:50, endTime=16:30, classroom=Classroom{id=7, roomName='B-2', roomType='Class', roomCapacity=30, building=Building{id=2, buildingName='B'}}, course=Course{id=7, courseName='Chemistry'}, teacher=Teacher{id=9, firstName='Albert', lastName='Hill', faculty=Faculty{id=1, facultyName='Changed faculty name'}}}, Lesson{id=145, date=2021-02-02, startTime=16:40, endTime=18:20, classroom=Classroom{id=10, roomName='B-5', roomType='Laboratory', roomCapacity=10, building=Building{id=2, buildingName='B'}}, course=Course{id=7, courseName='Chemistry'}, teacher=Teacher{id=9, firstName='Albert', lastName='Hill', faculty=Faculty{id=1, facultyName='Changed faculty name'}}}, Lesson{id=146, date=2021-02-02, startTime=09:20, endTime=11:00, classroom=Classroom{id=14, roomName='C-4', roomType='Lecture', roomCapacity=50, building=Building{id=3, buildingName='C'}}, course=Course{id=9, courseName='Physics'}, teacher=Teacher{id=11, firstName='Sophia', lastName='Roos', faculty=Faculty{id=2, facultyName='Technical Sciences Faculty'}}}, Lesson{id=147, date=2021-02-02, startTime=11:10, endTime=12:50, classroom=Classroom{id=14, roomName='C-4', roomType='Lecture', roomCapacity=50, building=Building{id=3, buildingName='C'}}, course=Course{id=9, courseName='Physics'}, teacher=Teacher{id=11, firstName='Sophia', lastName='Roos', faculty=Faculty{id=2, facultyName='Technical Sciences Faculty'}}}, Lesson{id=148, date=2021-02-02, startTime=13:00, endTime=14:40, classroom=Classroom{id=11, roomName='C-1', roomType='Class', roomCapacity=30, building=Building{id=3, buildingName='C'}}, course=Course{id=9, courseName='Physics'}, teacher=Teacher{id=11, firstName='Sophia', lastName='Roos', faculty=Faculty{id=2, facultyName='Technical Sciences Faculty'}}}, Lesson{id=149, date=2021-02-02, startTime=14:50, endTime=16:30, classroom=Classroom{id=13, roomName='C-3', roomType='Class', roomCapacity=30, building=Building{id=3, buildingName='C'}}, course=Course{id=9, courseName='Physics'}, teacher=Teacher{id=11, firstName='Sophia', lastName='Roos', faculty=Faculty{id=2, facultyName='Technical Sciences Faculty'}}}, Lesson{id=150, date=2021-02-02, startTime=16:40, endTime=18:20, classroom=Classroom{id=15, roomName='C-5', roomType='Laboratory', roomCapacity=10, building=Building{id=3, buildingName='C'}}, course=Course{id=9, courseName='Physics'}, teacher=Teacher{id=11, firstName='Sophia', lastName='Roos', faculty=Faculty{id=2, facultyName='Technical Sciences Faculty'}}}, Lesson{id=151, date=2021-02-03, startTime=09:20, endTime=11:00, classroom=Classroom{id=4, roomName='A-4', roomType='Lecture', roomCapacity=50, building=Building{id=1, buildingName='Changed name'}}, course=Course{id=3, courseName='Name'}, teacher=Teacher{id=3, firstName='Freya', lastName='Shepp', faculty=Faculty{id=3, facultyName='Faculty of Arts'}}}, Lesson{id=152, date=2021-02-03, startTime=11:10, endTime=12:50, classroom=Classroom{id=1, roomName='A-1', roomType='Class', roomCapacity=30, building=Building{id=1, buildingName='Changed name'}}, course=Course{id=3, courseName='Name'}, teacher=Teacher{id=3, firstName='Freya', lastName='Shepp', faculty=Faculty{id=3, facultyName='Faculty of Arts'}}}, Lesson{id=153, date=2021-02-03, startTime=13:00, endTime=14:40, classroom=Classroom{id=2, roomName='A-2', roomType='Class', roomCapacity=30, building=Building{id=1, buildingName='Changed name'}}, course=Course{id=4, courseName='Political science'}, teacher=Teacher{id=4, firstName='Olivia', lastName='Blake', faculty=Faculty{id=3, facultyName='Faculty of Arts'}}}, Lesson{id=154, date=2021-02-03, startTime=14:50, endTime=16:30, classroom=Classroom{id=3, roomName='A-3', roomType='Class', roomCapacity=30, building=Building{id=1, buildingName='Changed name'}}, course=Course{id=4, courseName='Political science'}, teacher=Teacher{id=4, firstName='Olivia', lastName='Blake', faculty=Faculty{id=3, facultyName='Faculty of Arts'}}}, Lesson{id=155, date=2021-02-03, startTime=16:40, endTime=18:20, classroom=Classroom{id=4, roomName='A-4', roomType='Lecture', roomCapacity=50, building=Building{id=1, buildingName='Changed name'}}, course=Course{id=5, courseName='Culture'}, teacher=Teacher{id=5, firstName='Scarlett', lastName='Nimoy', faculty=Faculty{id=3, facultyName='Faculty of Arts'}}}, Lesson{id=156, date=2021-02-03, startTime=09:20, endTime=11:00, classroom=Classroom{id=9, roomName='New name', roomType='Lecture', roomCapacity=50, building=Building{id=2, buildingName='B'}}, course=Course{id=6, courseName='Biology'}, teacher=Teacher{id=6, firstName='Ellie', lastName='Purh', faculty=Faculty{id=1, facultyName='Changed faculty name'}}}, Lesson{id=157, date=2021-02-03, startTime=11:10, endTime=12:50, classroom=Classroom{id=9, roomName='New name', roomType='Lecture', roomCapacity=50, building=Building{id=2, buildingName='B'}}, course=Course{id=6, courseName='Biology'}, teacher=Teacher{id=6, firstName='Ellie', lastName='Purh', faculty=Faculty{id=1, facultyName='Changed faculty name'}}}, Lesson{id=158, date=2021-02-03, startTime=13:00, endTime=14:40, classroom=Classroom{id=6, roomName='B-1', roomType='Class', roomCapacity=30, building=Building{id=2, buildingName='B'}}, course=Course{id=6, courseName='Biology'}, teacher=Teacher{id=7, firstName='Charlie', lastName='Byrne', faculty=Faculty{id=1, facultyName='Changed faculty name'}}}, Lesson{id=159, date=2021-02-03, startTime=14:50, endTime=16:30, classroom=Classroom{id=7, roomName='B-2', roomType='Class', roomCapacity=30, building=Building{id=2, buildingName='B'}}, course=Course{id=6, courseName='Biology'}, teacher=Teacher{id=7, firstName='Charlie', lastName='Byrne', faculty=Faculty{id=1, facultyName='Changed faculty name'}}}, Lesson{id=160, date=2021-02-03, startTime=16:40, endTime=18:20, classroom=Classroom{id=10, roomName='B-5', roomType='Laboratory', roomCapacity=10, building=Building{id=2, buildingName='B'}}, course=Course{id=6, courseName='Biology'}, teacher=Teacher{id=7, firstName='Charlie', lastName='Byrne', faculty=Faculty{id=1, facultyName='Changed faculty name'}}}, Lesson{id=161, date=2021-02-03, startTime=09:20, endTime=11:00, classroom=Classroom{id=14, roomName='C-4', roomType='Lecture', roomCapacity=50, building=Building{id=3, buildingName='C'}}, course=Course{id=10, courseName='Geometry'}, teacher=Teacher{id=12, firstName='Mia', lastName='Brown', faculty=Faculty{id=2, facultyName='Technical Sciences Faculty'}}}, Lesson{id=162, date=2021-02-03, startTime=11:10, endTime=12:50, classroom=Classroom{id=14, roomName='C-4', roomType='Lecture', roomCapacity=50, building=Building{id=3, buildingName='C'}}, course=Course{id=10, courseName='Geometry'}, teacher=Teacher{id=12, firstName='Mia', lastName='Brown', faculty=Faculty{id=2, facultyName='Technical Sciences Faculty'}}}, Lesson{id=163, date=2021-02-03, startTime=13:00, endTime=14:40, classroom=Classroom{id=11, roomName='C-1', roomType='Class', roomCapacity=30, building=Building{id=3, buildingName='C'}}, course=Course{id=10, courseName='Geometry'}, teacher=Teacher{id=12, firstName='Mia', lastName='Brown', faculty=Faculty{id=2, facultyName='Technical Sciences Faculty'}}}, Lesson{id=164, date=2021-02-03, startTime=14:50, endTime=16:30, classroom=Classroom{id=13, roomName='C-3', roomType='Class', roomCapacity=30, building=Building{id=3, buildingName='C'}}, course=Course{id=10, courseName='Geometry'}, teacher=Teacher{id=12, firstName='Mia', lastName='Brown', faculty=Faculty{id=2, facultyName='Technical Sciences Faculty'}}}, Lesson{id=165, date=2021-02-03, startTime=16:40, endTime=18:20, classroom=Classroom{id=15, roomName='C-5', roomType='Laboratory', roomCapacity=10, building=Building{id=3, buildingName='C'}}, course=Course{id=10, courseName='Geometry'}, teacher=Teacher{id=12, firstName='Mia', lastName='Brown', faculty=Faculty{id=2, facultyName='Technical Sciences Faculty'}}}, Lesson{id=166, date=2021-02-04, startTime=09:20, endTime=11:00, classroom=Classroom{id=4, roomName='A-4', roomType='Lecture', roomCapacity=50, building=Building{id=1, buildingName='Changed name'}}, course=Course{id=4, courseName='Political science'}, teacher=Teacher{id=4, firstName='Olivia', lastName='Blake', faculty=Faculty{id=3, facultyName='Faculty of Arts'}}}, Lesson{id=167, date=2021-02-04, startTime=11:10, endTime=12:50, classroom=Classroom{id=1, roomName='A-1', roomType='Class', roomCapacity=30, building=Building{id=1, buildingName='Changed name'}}, course=Course{id=4, courseName='Political science'}, teacher=Teacher{id=4, firstName='Olivia', lastName='Blake', faculty=Faculty{id=3, facultyName='Faculty of Arts'}}}, Lesson{id=168, date=2021-02-04, startTime=13:00, endTime=14:40, classroom=Classroom{id=2, roomName='A-2', roomType='Class', roomCapacity=30, building=Building{id=1, buildingName='Changed name'}}, course=Course{id=5, courseName='Culture'}, teacher=Teacher{id=5, firstName='Scarlett', lastName='Nimoy', faculty=Faculty{id=3, facultyName='Faculty of Arts'}}}, Lesson{id=169, date=2021-02-04, startTime=14:50, endTime=16:30, classroom=Classroom{id=3, roomName='A-3', roomType='Class', roomCapacity=30, building=Building{id=1, buildingName='Changed name'}}, course=Course{id=5, courseName='Culture'}, teacher=Teacher{id=5, firstName='Scarlett', lastName='Nimoy', faculty=Faculty{id=3, facultyName='Faculty of Arts'}}}, Lesson{id=170, date=2021-02-04, startTime=16:40, endTime=18:20, classroom=Classroom{id=4, roomName='A-4', roomType='Lecture', roomCapacity=50, building=Building{id=1, buildingName='Changed name'}}, course=Course{id=1, courseName='History'}, teacher=Teacher{id=1, firstName='Albert', lastName='Sykes', faculty=Faculty{id=3, facultyName='Faculty of Arts'}}}, Lesson{id=171, date=2021-02-04, startTime=09:20, endTime=11:00, classroom=Classroom{id=9, roomName='New name', roomType='Lecture', roomCapacity=50, building=Building{id=2, buildingName='B'}}, course=Course{id=7, courseName='Chemistry'}, teacher=Teacher{id=8, firstName='Samuel', lastName='Travis', faculty=Faculty{id=1, facultyName='Changed faculty name'}}}, Lesson{id=172, date=2021-02-04, startTime=11:10, endTime=12:50, classroom=Classroom{id=9, roomName='New name', roomType='Lecture', roomCapacity=50, building=Building{id=2, buildingName='B'}}, course=Course{id=7, courseName='Chemistry'}, teacher=Teacher{id=8, firstName='Samuel', lastName='Travis', faculty=Faculty{id=1, facultyName='Changed faculty name'}}}, Lesson{id=173, date=2021-02-04, startTime=13:00, endTime=14:40, classroom=Classroom{id=6, roomName='B-1', roomType='Class', roomCapacity=30, building=Building{id=2, buildingName='B'}}, course=Course{id=7, courseName='Chemistry'}, teacher=Teacher{id=9, firstName='Albert', lastName='Hill', faculty=Faculty{id=1, facultyName='Changed faculty name'}}}, Lesson{id=174, date=2021-02-04, startTime=14:50, endTime=16:30, classroom=Classroom{id=7, roomName='B-2', roomType='Class', roomCapacity=30, building=Building{id=2, buildingName='B'}}, course=Course{id=7, courseName='Chemistry'}, teacher=Teacher{id=9, firstName='Albert', lastName='Hill', faculty=Faculty{id=1, facultyName='Changed faculty name'}}}, Lesson{id=175, date=2021-02-04, startTime=16:40, endTime=18:20, classroom=Classroom{id=10, roomName='B-5', roomType='Laboratory', roomCapacity=10, building=Building{id=2, buildingName='B'}}, course=Course{id=7, courseName='Chemistry'}, teacher=Teacher{id=9, firstName='Albert', lastName='Hill', faculty=Faculty{id=1, facultyName='Changed faculty name'}}}, Lesson{id=176, date=2021-02-04, startTime=09:20, endTime=11:00, classroom=Classroom{id=14, roomName='C-4', roomType='Lecture', roomCapacity=50, building=Building{id=3, buildingName='C'}}, course=Course{id=8, courseName='Mathematics'}, teacher=Teacher{id=10, firstName='Joshua', lastName='Eve', faculty=Faculty{id=2, facultyName='Technical Sciences Faculty'}}}, Lesson{id=177, date=2021-02-04, startTime=11:10, endTime=12:50, classroom=Classroom{id=14, roomName='C-4', roomType='Lecture', roomCapacity=50, building=Building{id=3, buildingName='C'}}, course=Course{id=8, courseName='Mathematics'}, teacher=Teacher{id=10, firstName='Joshua', lastName='Eve', faculty=Faculty{id=2, facultyName='Technical Sciences Faculty'}}}, Lesson{id=178, date=2021-02-04, startTime=13:00, endTime=14:40, classroom=Classroom{id=12, roomName='C-2', roomType='Class', roomCapacity=30, building=Building{id=3, buildingName='C'}}, course=Course{id=9, courseName='Physics'}, teacher=Teacher{id=11, firstName='Sophia', lastName='Roos', faculty=Faculty{id=2, facultyName='Technical Sciences Faculty'}}}, Lesson{id=179, date=2021-02-04, startTime=14:50, endTime=16:30, classroom=Classroom{id=12, roomName='C-2', roomType='Class', roomCapacity=30, building=Building{id=3, buildingName='C'}}, course=Course{id=10, courseName='Geometry'}, teacher=Teacher{id=12, firstName='Mia', lastName='Brown', faculty=Faculty{id=2, facultyName='Technical Sciences Faculty'}}}, Lesson{id=180, date=2021-02-04, startTime=16:40, endTime=18:20, classroom=Classroom{id=15, roomName='C-5', roomType='Laboratory', roomCapacity=10, building=Building{id=3, buildingName='C'}}, course=Course{id=8, courseName='Mathematics'}, teacher=Teacher{id=10, firstName='Joshua', lastName='Eve', faculty=Faculty{id=2, facultyName='Technical Sciences Faculty'}}}, Lesson{id=181, date=2021-02-05, startTime=09:20, endTime=11:00, classroom=Classroom{id=4, roomName='A-4', roomType='Lecture', roomCapacity=50, building=Building{id=1, buildingName='Changed name'}}, course=Course{id=5, courseName='Culture'}, teacher=Teacher{id=5, firstName='Scarlett', lastName='Nimoy', faculty=Faculty{id=3, facultyName='Faculty of Arts'}}}, Lesson{id=182, date=2021-02-05, startTime=11:10, endTime=12:50, classroom=Classroom{id=1, roomName='A-1', roomType='Class', roomCapacity=30, building=Building{id=1, buildingName='Changed name'}}, course=Course{id=5, courseName='Culture'}, teacher=Teacher{id=5, firstName='Scarlett', lastName='Nimoy', faculty=Faculty{id=3, facultyName='Faculty of Arts'}}}, Lesson{id=183, date=2021-02-05, startTime=13:00, endTime=14:40, classroom=Classroom{id=2, roomName='A-2', roomType='Class', roomCapacity=30, building=Building{id=1, buildingName='Changed name'}}, course=Course{id=1, courseName='History'}, teacher=Teacher{id=1, firstName='Albert', lastName='Sykes', faculty=Faculty{id=3, facultyName='Faculty of Arts'}}}, Lesson{id=184, date=2021-02-05, startTime=14:50, endTime=16:30, classroom=Classroom{id=3, roomName='A-3', roomType='Class', roomCapacity=30, building=Building{id=1, buildingName='Changed name'}}, course=Course{id=1, courseName='History'}, teacher=Teacher{id=1, firstName='Albert', lastName='Sykes', faculty=Faculty{id=3, facultyName='Faculty of Arts'}}}, Lesson{id=185, date=2021-02-05, startTime=16:40, endTime=18:20, classroom=Classroom{id=4, roomName='A-4', roomType='Lecture', roomCapacity=50, building=Building{id=1, buildingName='Changed name'}}, course=Course{id=2, courseName='Philosophy'}, teacher=Teacher{id=2, firstName='Stanley', lastName='Gruber', faculty=Faculty{id=3, facultyName='Faculty of Arts'}}}, Lesson{id=186, date=2021-02-05, startTime=09:20, endTime=11:00, classroom=Classroom{id=9, roomName='New name', roomType='Lecture', roomCapacity=50, building=Building{id=2, buildingName='B'}}, course=Course{id=6, courseName='Biology'}, teacher=Teacher{id=6, firstName='Ellie', lastName='Purh', faculty=Faculty{id=1, facultyName='Changed faculty name'}}}, Lesson{id=187, date=2021-02-05, startTime=11:10, endTime=12:50, classroom=Classroom{id=9, roomName='New name', roomType='Lecture', roomCapacity=50, building=Building{id=2, buildingName='B'}}, course=Course{id=6, courseName='Biology'}, teacher=Teacher{id=6, firstName='Ellie', lastName='Purh', faculty=Faculty{id=1, facultyName='Changed faculty name'}}}, Lesson{id=188, date=2021-02-05, startTime=13:00, endTime=14:40, classroom=Classroom{id=6, roomName='B-1', roomType='Class', roomCapacity=30, building=Building{id=2, buildingName='B'}}, course=Course{id=6, courseName='Biology'}, teacher=Teacher{id=7, firstName='Charlie', lastName='Byrne', faculty=Faculty{id=1, facultyName='Changed faculty name'}}}, Lesson{id=189, date=2021-02-05, startTime=14:50, endTime=16:30, classroom=Classroom{id=7, roomName='B-2', roomType='Class', roomCapacity=30, building=Building{id=2, buildingName='B'}}, course=Course{id=6, courseName='Biology'}, teacher=Teacher{id=7, firstName='Charlie', lastName='Byrne', faculty=Faculty{id=1, facultyName='Changed faculty name'}}}, Lesson{id=190, date=2021-02-05, startTime=16:40, endTime=18:20, classroom=Classroom{id=10, roomName='B-5', roomType='Laboratory', roomCapacity=10, building=Building{id=2, buildingName='B'}}, course=Course{id=6, courseName='Biology'}, teacher=Teacher{id=7, firstName='Charlie', lastName='Byrne', faculty=Faculty{id=1, facultyName='Changed faculty name'}}}, Lesson{id=191, date=2021-02-05, startTime=09:20, endTime=11:00, classroom=Classroom{id=14, roomName='C-4', roomType='Lecture', roomCapacity=50, building=Building{id=3, buildingName='C'}}, course=Course{id=9, courseName='Physics'}, teacher=Teacher{id=11, firstName='Sophia', lastName='Roos', faculty=Faculty{id=2, facultyName='Technical Sciences Faculty'}}}, Lesson{id=192, date=2021-02-05, startTime=11:10, endTime=12:50, classroom=Classroom{id=14, roomName='C-4', roomType='Lecture', roomCapacity=50, building=Building{id=3, buildingName='C'}}, course=Course{id=10, courseName='Geometry'}, teacher=Teacher{id=12, firstName='Mia', lastName='Brown', faculty=Faculty{id=2, facultyName='Technical Sciences Faculty'}}}, Lesson{id=193, date=2021-02-05, startTime=13:00, endTime=14:40, classroom=Classroom{id=13, roomName='C-3', roomType='Class', roomCapacity=30, building=Building{id=3, buildingName='C'}}, course=Course{id=8, courseName='Mathematics'}, teacher=Teacher{id=10, firstName='Joshua', lastName='Eve', faculty=Faculty{id=2, facultyName='Technical Sciences Faculty'}}}, Lesson{id=194, date=2021-02-05, startTime=14:50, endTime=16:30, classroom=Classroom{id=15, roomName='C-5', roomType='Laboratory', roomCapacity=10, building=Building{id=3, buildingName='C'}}, course=Course{id=9, courseName='Physics'}, teacher=Teacher{id=11, firstName='Sophia', lastName='Roos', faculty=Faculty{id=2, facultyName='Technical Sciences Faculty'}}}, Lesson{id=195, date=2021-02-05, startTime=16:40, endTime=18:20, classroom=Classroom{id=15, roomName='C-5', roomType='Laboratory', roomCapacity=10, building=Building{id=3, buildingName='C'}}, course=Course{id=10, courseName='Geometry'}, teacher=Teacher{id=12, firstName='Mia', lastName='Brown', faculty=Faculty{id=2, facultyName='Technical Sciences Faculty'}}}, Lesson{id=196, date=2021-02-08, startTime=09:20, endTime=11:00, classroom=Classroom{id=4, roomName='A-4', roomType='Lecture', roomCapacity=50, building=Building{id=1, buildingName='Changed name'}}, course=Course{id=1, courseName='History'}, teacher=Teacher{id=1, firstName='Albert', lastName='Sykes', faculty=Faculty{id=3, facultyName='Faculty of Arts'}}}, Lesson{id=197, date=2021-02-08, startTime=11:10, endTime=12:50, classroom=Classroom{id=1, roomName='A-1', roomType='Class', roomCapacity=30, building=Building{id=1, buildingName='Changed name'}}, course=Course{id=1, courseName='History'}, teacher=Teacher{id=1, firstName='Albert', lastName='Sykes', faculty=Faculty{id=3, facultyName='Faculty of Arts'}}}, Lesson{id=198, date=2021-02-08, startTime=13:00, endTime=14:40, classroom=Classroom{id=2, roomName='A-2', roomType='Class', roomCapacity=30, building=Building{id=1, buildingName='Changed name'}}, course=Course{id=2, courseName='Philosophy'}, teacher=Teacher{id=2, firstName='Stanley', lastName='Gruber', faculty=Faculty{id=3, facultyName='Faculty of Arts'}}}, Lesson{id=199, date=2021-02-08, startTime=14:50, endTime=16:30, classroom=Classroom{id=3, roomName='A-3', roomType='Class', roomCapacity=30, building=Building{id=1, buildingName='Changed name'}}, course=Course{id=2, courseName='Philosophy'}, teacher=Teacher{id=2, firstName='Stanley', lastName='Gruber', faculty=Faculty{id=3, facultyName='Faculty of Arts'}}}, Lesson{id=200, date=2021-02-08, startTime=16:40, endTime=18:20, classroom=Classroom{id=4, roomName='A-4', roomType='Lecture', roomCapacity=50, building=Building{id=1, buildingName='Changed name'}}, course=Course{id=3, courseName='Name'}, teacher=Teacher{id=3, firstName='Freya', lastName='Shepp', faculty=Faculty{id=3, facultyName='Faculty of Arts'}}}, Lesson{id=201, date=2021-02-08, startTime=09:20, endTime=11:00, classroom=Classroom{id=9, roomName='New name', roomType='Lecture', roomCapacity=50, building=Building{id=2, buildingName='B'}}, course=Course{id=6, courseName='Biology'}, teacher=Teacher{id=6, firstName='Ellie', lastName='Purh', faculty=Faculty{id=1, facultyName='Changed faculty name'}}}, Lesson{id=202, date=2021-02-08, startTime=11:10, endTime=12:50, classroom=Classroom{id=9, roomName='New name', roomType='Lecture', roomCapacity=50, building=Building{id=2, buildingName='B'}}, course=Course{id=6, courseName='Biology'}, teacher=Teacher{id=6, firstName='Ellie', lastName='Purh', faculty=Faculty{id=1, facultyName='Changed faculty name'}}}, Lesson{id=203, date=2021-02-08, startTime=13:00, endTime=14:40, classroom=Classroom{id=6, roomName='B-1', roomType='Class', roomCapacity=30, building=Building{id=2, buildingName='B'}}, course=Course{id=6, courseName='Biology'}, teacher=Teacher{id=7, firstName='Charlie', lastName='Byrne', faculty=Faculty{id=1, facultyName='Changed faculty name'}}}, Lesson{id=204, date=2021-02-08, startTime=14:50, endTime=16:30, classroom=Classroom{id=7, roomName='B-2', roomType='Class', roomCapacity=30, building=Building{id=2, buildingName='B'}}, course=Course{id=6, courseName='Biology'}, teacher=Teacher{id=7, firstName='Charlie', lastName='Byrne', faculty=Faculty{id=1, facultyName='Changed faculty name'}}}, Lesson{id=205, date=2021-02-08, startTime=16:40, endTime=18:20, classroom=Classroom{id=10, roomName='B-5', roomType='Laboratory', roomCapacity=10, building=Building{id=2, buildingName='B'}}, course=Course{id=6, courseName='Biology'}, teacher=Teacher{id=7, firstName='Charlie', lastName='Byrne', faculty=Faculty{id=1, facultyName='Changed faculty name'}}}, Lesson{id=206, date=2021-02-08, startTime=09:20, endTime=11:00, classroom=Classroom{id=14, roomName='C-4', roomType='Lecture', roomCapacity=50, building=Building{id=3, buildingName='C'}}, course=Course{id=8, courseName='Mathematics'}, teacher=Teacher{id=10, firstName='Joshua', lastName='Eve', faculty=Faculty{id=2, facultyName='Technical Sciences Faculty'}}}, Lesson{id=207, date=2021-02-08, startTime=11:10, endTime=12:50, classroom=Classroom{id=14, roomName='C-4', roomType='Lecture', roomCapacity=50, building=Building{id=3, buildingName='C'}}, course=Course{id=8, courseName='Mathematics'}, teacher=Teacher{id=10, firstName='Joshua', lastName='Eve', faculty=Faculty{id=2, facultyName='Technical Sciences Faculty'}}}, Lesson{id=208, date=2021-02-08, startTime=13:00, endTime=14:40, classroom=Classroom{id=11, roomName='C-1', roomType='Class', roomCapacity=30, building=Building{id=3, buildingName='C'}}, course=Course{id=8, courseName='Mathematics'}, teacher=Teacher{id=10, firstName='Joshua', lastName='Eve', faculty=Faculty{id=2, facultyName='Technical Sciences Faculty'}}}, Lesson{id=209, date=2021-02-08, startTime=14:50, endTime=16:30, classroom=Classroom{id=13, roomName='C-3', roomType='Class', roomCapacity=30, building=Building{id=3, buildingName='C'}}, course=Course{id=8, courseName='Mathematics'}, teacher=Teacher{id=10, firstName='Joshua', lastName='Eve', faculty=Faculty{id=2, facultyName='Technical Sciences Faculty'}}}, Lesson{id=210, date=2021-02-08, startTime=16:40, endTime=18:20, classroom=Classroom{id=15, roomName='C-5', roomType='Laboratory', roomCapacity=10, building=Building{id=3, buildingName='C'}}, course=Course{id=8, courseName='Mathematics'}, teacher=Teacher{id=10, firstName='Joshua', lastName='Eve', faculty=Faculty{id=2, facultyName='Technical Sciences Faculty'}}}, Lesson{id=211, date=2021-02-09, startTime=09:20, endTime=11:00, classroom=Classroom{id=4, roomName='A-4', roomType='Lecture', roomCapacity=50, building=Building{id=1, buildingName='Changed name'}}, course=Course{id=2, courseName='Philosophy'}, teacher=Teacher{id=2, firstName='Stanley', lastName='Gruber', faculty=Faculty{id=3, facultyName='Faculty of Arts'}}}, Lesson{id=212, date=2021-02-09, startTime=11:10, endTime=12:50, classroom=Classroom{id=1, roomName='A-1', roomType='Class', roomCapacity=30, building=Building{id=1, buildingName='Changed name'}}, course=Course{id=2, courseName='Philosophy'}, teacher=Teacher{id=2, firstName='Stanley', lastName='Gruber', faculty=Faculty{id=3, facultyName='Faculty of Arts'}}}, Lesson{id=213, date=2021-02-09, startTime=13:00, endTime=14:40, classroom=Classroom{id=2, roomName='A-2', roomType='Class', roomCapacity=30, building=Building{id=1, buildingName='Changed name'}}, course=Course{id=3, courseName='Name'}, teacher=Teacher{id=3, firstName='Freya', lastName='Shepp', faculty=Faculty{id=3, facultyName='Faculty of Arts'}}}, Lesson{id=214, date=2021-02-09, startTime=14:50, endTime=16:30, classroom=Classroom{id=3, roomName='A-3', roomType='Class', roomCapacity=30, building=Building{id=1, buildingName='Changed name'}}, course=Course{id=3, courseName='Name'}, teacher=Teacher{id=3, firstName='Freya', lastName='Shepp', faculty=Faculty{id=3, facultyName='Faculty of Arts'}}}, Lesson{id=215, date=2021-02-09, startTime=16:40, endTime=18:20, classroom=Classroom{id=4, roomName='A-4', roomType='Lecture', roomCapacity=50, building=Building{id=1, buildingName='Changed name'}}, course=Course{id=4, courseName='Political science'}, teacher=Teacher{id=4, firstName='Olivia', lastName='Blake', faculty=Faculty{id=3, facultyName='Faculty of Arts'}}}, Lesson{id=216, date=2021-02-09, startTime=09:20, endTime=11:00, classroom=Classroom{id=9, roomName='New name', roomType='Lecture', roomCapacity=50, building=Building{id=2, buildingName='B'}}, course=Course{id=7, courseName='Chemistry'}, teacher=Teacher{id=8, firstName='Samuel', lastName='Travis', faculty=Faculty{id=1, facultyName='Changed faculty name'}}}, Lesson{id=217, date=2021-02-09, startTime=11:10, endTime=12:50, classroom=Classroom{id=9, roomName='New name', roomType='Lecture', roomCapacity=50, building=Building{id=2, buildingName='B'}}, course=Course{id=7, courseName='Chemistry'}, teacher=Teacher{id=8, firstName='Samuel', lastName='Travis', faculty=Faculty{id=1, facultyName='Changed faculty name'}}}, Lesson{id=218, date=2021-02-09, startTime=13:00, endTime=14:40, classroom=Classroom{id=6, roomName='B-1', roomType='Class', roomCapacity=30, building=Building{id=2, buildingName='B'}}, course=Course{id=7, courseName='Chemistry'}, teacher=Teacher{id=9, firstName='Albert', lastName='Hill', faculty=Faculty{id=1, facultyName='Changed faculty name'}}}, Lesson{id=219, date=2021-02-09, startTime=14:50, endTime=16:30, classroom=Classroom{id=7, roomName='B-2', roomType='Class', roomCapacity=30, building=Building{id=2, buildingName='B'}}, course=Course{id=7, courseName='Chemistry'}, teacher=Teacher{id=9, firstName='Albert', lastName='Hill', faculty=Faculty{id=1, facultyName='Changed faculty name'}}}, Lesson{id=220, date=2021-02-09, startTime=16:40, endTime=18:20, classroom=Classroom{id=10, roomName='B-5', roomType='Laboratory', roomCapacity=10, building=Building{id=2, buildingName='B'}}, course=Course{id=7, courseName='Chemistry'}, teacher=Teacher{id=9, firstName='Albert', lastName='Hill', faculty=Faculty{id=1, facultyName='Changed faculty name'}}}, Lesson{id=221, date=2021-02-09, startTime=09:20, endTime=11:00, classroom=Classroom{id=14, roomName='C-4', roomType='Lecture', roomCapacity=50, building=Building{id=3, buildingName='C'}}, course=Course{id=9, courseName='Physics'}, teacher=Teacher{id=11, firstName='Sophia', lastName='Roos', faculty=Faculty{id=2, facultyName='Technical Sciences Faculty'}}}, Lesson{id=222, date=2021-02-09, startTime=11:10, endTime=12:50, classroom=Classroom{id=14, roomName='C-4', roomType='Lecture', roomCapacity=50, building=Building{id=3, buildingName='C'}}, course=Course{id=9, courseName='Physics'}, teacher=Teacher{id=11, firstName='Sophia', lastName='Roos', faculty=Faculty{id=2, facultyName='Technical Sciences Faculty'}}}, Lesson{id=223, date=2021-02-09, startTime=13:00, endTime=14:40, classroom=Classroom{id=11, roomName='C-1', roomType='Class', roomCapacity=30, building=Building{id=3, buildingName='C'}}, course=Course{id=9, courseName='Physics'}, teacher=Teacher{id=11, firstName='Sophia', lastName='Roos', faculty=Faculty{id=2, facultyName='Technical Sciences Faculty'}}}, Lesson{id=224, date=2021-02-09, startTime=14:50, endTime=16:30, classroom=Classroom{id=13, roomName='C-3', roomType='Class', roomCapacity=30, building=Building{id=3, buildingName='C'}}, course=Course{id=9, courseName='Physics'}, teacher=Teacher{id=11, firstName='Sophia', lastName='Roos', faculty=Faculty{id=2, facultyName='Technical Sciences Faculty'}}}, Lesson{id=225, date=2021-02-09, startTime=16:40, endTime=18:20, classroom=Classroom{id=15, roomName='C-5', roomType='Laboratory', roomCapacity=10, building=Building{id=3, buildingName='C'}}, course=Course{id=9, courseName='Physics'}, teacher=Teacher{id=11, firstName='Sophia', lastName='Roos', faculty=Faculty{id=2, facultyName='Technical Sciences Faculty'}}}, Lesson{id=226, date=2021-02-10, startTime=09:20, endTime=11:00, classroom=Classroom{id=4, roomName='A-4', roomType='Lecture', roomCapacity=50, building=Building{id=1, buildingName='Changed name'}}, course=Course{id=3, courseName='Name'}, teacher=Teacher{id=3, firstName='Freya', lastName='Shepp', faculty=Faculty{id=3, facultyName='Faculty of Arts'}}}, Lesson{id=227, date=2021-02-10, startTime=11:10, endTime=12:50, classroom=Classroom{id=1, roomName='A-1', roomType='Class', roomCapacity=30, building=Building{id=1, buildingName='Changed name'}}, course=Course{id=3, courseName='Name'}, teacher=Teacher{id=3, firstName='Freya', lastName='Shepp', faculty=Faculty{id=3, facultyName='Faculty of Arts'}}}, Lesson{id=228, date=2021-02-10, startTime=13:00, endTime=14:40, classroom=Classroom{id=2, roomName='A-2', roomType='Class', roomCapacity=30, building=Building{id=1, buildingName='Changed name'}}, course=Course{id=4, courseName='Political science'}, teacher=Teacher{id=4, firstName='Olivia', lastName='Blake', faculty=Faculty{id=3, facultyName='Faculty of Arts'}}}, Lesson{id=229, date=2021-02-10, startTime=14:50, endTime=16:30, classroom=Classroom{id=3, roomName='A-3', roomType='Class', roomCapacity=30, building=Building{id=1, buildingName='Changed name'}}, course=Course{id=4, courseName='Political science'}, teacher=Teacher{id=4, firstName='Olivia', lastName='Blake', faculty=Faculty{id=3, facultyName='Faculty of Arts'}}}, Lesson{id=230, date=2021-02-10, startTime=16:40, endTime=18:20, classroom=Classroom{id=4, roomName='A-4', roomType='Lecture', roomCapacity=50, building=Building{id=1, buildingName='Changed name'}}, course=Course{id=5, courseName='Culture'}, teacher=Teacher{id=5, firstName='Scarlett', lastName='Nimoy', faculty=Faculty{id=3, facultyName='Faculty of Arts'}}}, Lesson{id=231, date=2021-02-10, startTime=09:20, endTime=11:00, classroom=Classroom{id=9, roomName='New name', roomType='Lecture', roomCapacity=50, building=Building{id=2, buildingName='B'}}, course=Course{id=6, courseName='Biology'}, teacher=Teacher{id=6, firstName='Ellie', lastName='Purh', faculty=Faculty{id=1, facultyName='Changed faculty name'}}}, Lesson{id=232, date=2021-02-10, startTime=11:10, endTime=12:50, classroom=Classroom{id=9, roomName='New name', roomType='Lecture', roomCapacity=50, building=Building{id=2, buildingName='B'}}, course=Course{id=6, courseName='Biology'}, teacher=Teacher{id=6, firstName='Ellie', lastName='Purh', faculty=Faculty{id=1, facultyName='Changed faculty name'}}}, Lesson{id=233, date=2021-02-10, startTime=13:00, endTime=14:40, classroom=Classroom{id=6, roomName='B-1', roomType='Class', roomCapacity=30, building=Building{id=2, buildingName='B'}}, course=Course{id=6, courseName='Biology'}, teacher=Teacher{id=7, firstName='Charlie', lastName='Byrne', faculty=Faculty{id=1, facultyName='Changed faculty name'}}}, Lesson{id=234, date=2021-02-10, startTime=14:50, endTime=16:30, classroom=Classroom{id=7, roomName='B-2', roomType='Class', roomCapacity=30, building=Building{id=2, buildingName='B'}}, course=Course{id=6, courseName='Biology'}, teacher=Teacher{id=7, firstName='Charlie', lastName='Byrne', faculty=Faculty{id=1, facultyName='Changed faculty name'}}}, Lesson{id=235, date=2021-02-10, startTime=16:40, endTime=18:20, classroom=Classroom{id=10, roomName='B-5', roomType='Laboratory', roomCapacity=10, building=Building{id=2, buildingName='B'}}, course=Course{id=6, courseName='Biology'}, teacher=Teacher{id=7, firstName='Charlie', lastName='Byrne', faculty=Faculty{id=1, facultyName='Changed faculty name'}}}, Lesson{id=236, date=2021-02-10, startTime=09:20, endTime=11:00, classroom=Classroom{id=14, roomName='C-4', roomType='Lecture', roomCapacity=50, building=Building{id=3, buildingName='C'}}, course=Course{id=10, courseName='Geometry'}, teacher=Teacher{id=12, firstName='Mia', lastName='Brown', faculty=Faculty{id=2, facultyName='Technical Sciences Faculty'}}}, Lesson{id=237, date=2021-02-10, startTime=11:10, endTime=12:50, classroom=Classroom{id=14, roomName='C-4', roomType='Lecture', roomCapacity=50, building=Building{id=3, buildingName='C'}}, course=Course{id=10, courseName='Geometry'}, teacher=Teacher{id=12, firstName='Mia', lastName='Brown', faculty=Faculty{id=2, facultyName='Technical Sciences Faculty'}}}, Lesson{id=238, date=2021-02-10, startTime=13:00, endTime=14:40, classroom=Classroom{id=11, roomName='C-1', roomType='Class', roomCapacity=30, building=Building{id=3, buildingName='C'}}, course=Course{id=10, courseName='Geometry'}, teacher=Teacher{id=12, firstName='Mia', lastName='Brown', faculty=Faculty{id=2, facultyName='Technical Sciences Faculty'}}}, Lesson{id=239, date=2021-02-10, startTime=14:50, endTime=16:30, classroom=Classroom{id=13, roomName='C-3', roomType='Class', roomCapacity=30, building=Building{id=3, buildingName='C'}}, course=Course{id=10, courseName='Geometry'}, teacher=Teacher{id=12, firstName='Mia', lastName='Brown', faculty=Faculty{id=2, facultyName='Technical Sciences Faculty'}}}, Lesson{id=240, date=2021-02-10, startTime=16:40, endTime=18:20, classroom=Classroom{id=15, roomName='C-5', roomType='Laboratory', roomCapacity=10, building=Building{id=3, buildingName='C'}}, course=Course{id=10, courseName='Geometry'}, teacher=Teacher{id=12, firstName='Mia', lastName='Brown', faculty=Faculty{id=2, facultyName='Technical Sciences Faculty'}}}, Lesson{id=241, date=2021-02-11, startTime=09:20, endTime=11:00, classroom=Classroom{id=4, roomName='A-4', roomType='Lecture', roomCapacity=50, building=Building{id=1, buildingName='Changed name'}}, course=Course{id=4, courseName='Political science'}, teacher=Teacher{id=4, firstName='Olivia', lastName='Blake', faculty=Faculty{id=3, facultyName='Faculty of Arts'}}}, Lesson{id=242, date=2021-02-11, startTime=11:10, endTime=12:50, classroom=Classroom{id=1, roomName='A-1', roomType='Class', roomCapacity=30, building=Building{id=1, buildingName='Changed name'}}, course=Course{id=4, courseName='Political science'}, teacher=Teacher{id=4, firstName='Olivia', lastName='Blake', faculty=Faculty{id=3, facultyName='Faculty of Arts'}}}, Lesson{id=243, date=2021-02-11, startTime=13:00, endTime=14:40, classroom=Classroom{id=2, roomName='A-2', roomType='Class', roomCapacity=30, building=Building{id=1, buildingName='Changed name'}}, course=Course{id=5, courseName='Culture'}, teacher=Teacher{id=5, firstName='Scarlett', lastName='Nimoy', faculty=Faculty{id=3, facultyName='Faculty of Arts'}}}, Lesson{id=244, date=2021-02-11, startTime=14:50, endTime=16:30, classroom=Classroom{id=3, roomName='A-3', roomType='Class', roomCapacity=30, building=Building{id=1, buildingName='Changed name'}}, course=Course{id=5, courseName='Culture'}, teacher=Teacher{id=5, firstName='Scarlett', lastName='Nimoy', faculty=Faculty{id=3, facultyName='Faculty of Arts'}}}, Lesson{id=245, date=2021-02-11, startTime=16:40, endTime=18:20, classroom=Classroom{id=4, roomName='A-4', roomType='Lecture', roomCapacity=50, building=Building{id=1, buildingName='Changed name'}}, course=Course{id=1, courseName='History'}, teacher=Teacher{id=1, firstName='Albert', lastName='Sykes', faculty=Faculty{id=3, facultyName='Faculty of Arts'}}}, Lesson{id=246, date=2021-02-11, startTime=09:20, endTime=11:00, classroom=Classroom{id=9, roomName='New name', roomType='Lecture', roomCapacity=50, building=Building{id=2, buildingName='B'}}, course=Course{id=7, courseName='Chemistry'}, teacher=Teacher{id=8, firstName='Samuel', lastName='Travis', faculty=Faculty{id=1, facultyName='Changed faculty name'}}}, Lesson{id=247, date=2021-02-11, startTime=11:10, endTime=12:50, classroom=Classroom{id=9, roomName='New name', roomType='Lecture', roomCapacity=50, building=Building{id=2, buildingName='B'}}, course=Course{id=7, courseName='Chemistry'}, teacher=Teacher{id=8, firstName='Samuel', lastName='Travis', faculty=Faculty{id=1, facultyName='Changed faculty name'}}}, Lesson{id=248, date=2021-02-11, startTime=13:00, endTime=14:40, classroom=Classroom{id=6, roomName='B-1', roomType='Class', roomCapacity=30, building=Building{id=2, buildingName='B'}}, course=Course{id=7, courseName='Chemistry'}, teacher=Teacher{id=9, firstName='Albert', lastName='Hill', faculty=Faculty{id=1, facultyName='Changed faculty name'}}}, Lesson{id=249, date=2021-02-11, startTime=14:50, endTime=16:30, classroom=Classroom{id=7, roomName='B-2', roomType='Class', roomCapacity=30, building=Building{id=2, buildingName='B'}}, course=Course{id=7, courseName='Chemistry'}, teacher=Teacher{id=9, firstName='Albert', lastName='Hill', faculty=Faculty{id=1, facultyName='Changed faculty name'}}}, Lesson{id=250, date=2021-02-11, startTime=16:40, endTime=18:20, classroom=Classroom{id=10, roomName='B-5', roomType='Laboratory', roomCapacity=10, building=Building{id=2, buildingName='B'}}, course=Course{id=7, courseName='Chemistry'}, teacher=Teacher{id=9, firstName='Albert', lastName='Hill', faculty=Faculty{id=1, facultyName='Changed faculty name'}}}, Lesson{id=251, date=2021-02-11, startTime=09:20, endTime=11:00, classroom=Classroom{id=14, roomName='C-4', roomType='Lecture', roomCapacity=50, building=Building{id=3, buildingName='C'}}, course=Course{id=8, courseName='Mathematics'}, teacher=Teacher{id=10, firstName='Joshua', lastName='Eve', faculty=Faculty{id=2, facultyName='Technical Sciences Faculty'}}}, Lesson{id=252, date=2021-02-11, startTime=11:10, endTime=12:50, classroom=Classroom{id=14, roomName='C-4', roomType='Lecture', roomCapacity=50, building=Building{id=3, buildingName='C'}}, course=Course{id=8, courseName='Mathematics'}, teacher=Teacher{id=10, firstName='Joshua', lastName='Eve', faculty=Faculty{id=2, facultyName='Technical Sciences Faculty'}}}, Lesson{id=253, date=2021-02-11, startTime=13:00, endTime=14:40, classroom=Classroom{id=12, roomName='C-2', roomType='Class', roomCapacity=30, building=Building{id=3, buildingName='C'}}, course=Course{id=9, courseName='Physics'}, teacher=Teacher{id=11, firstName='Sophia', lastName='Roos', faculty=Faculty{id=2, facultyName='Technical Sciences Faculty'}}}, Lesson{id=254, date=2021-02-11, startTime=14:50, endTime=16:30, classroom=Classroom{id=12, roomName='C-2', roomType='Class', roomCapacity=30, building=Building{id=3, buildingName='C'}}, course=Course{id=10, courseName='Geometry'}, teacher=Teacher{id=12, firstName='Mia', lastName='Brown', faculty=Faculty{id=2, facultyName='Technical Sciences Faculty'}}}, Lesson{id=255, date=2021-02-11, startTime=16:40, endTime=18:20, classroom=Classroom{id=15, roomName='C-5', roomType='Laboratory', roomCapacity=10, building=Building{id=3, buildingName='C'}}, course=Course{id=8, courseName='Mathematics'}, teacher=Teacher{id=10, firstName='Joshua', lastName='Eve', faculty=Faculty{id=2, facultyName='Technical Sciences Faculty'}}}, Lesson{id=256, date=2021-02-12, startTime=09:20, endTime=11:00, classroom=Classroom{id=4, roomName='A-4', roomType='Lecture', roomCapacity=50, building=Building{id=1, buildingName='Changed name'}}, course=Course{id=5, courseName='Culture'}, teacher=Teacher{id=5, firstName='Scarlett', lastName='Nimoy', faculty=Faculty{id=3, facultyName='Faculty of Arts'}}}, Lesson{id=257, date=2021-02-12, startTime=11:10, endTime=12:50, classroom=Classroom{id=1, roomName='A-1', roomType='Class', roomCapacity=30, building=Building{id=1, buildingName='Changed name'}}, course=Course{id=5, courseName='Culture'}, teacher=Teacher{id=5, firstName='Scarlett', lastName='Nimoy', faculty=Faculty{id=3, facultyName='Faculty of Arts'}}}, Lesson{id=258, date=2021-02-12, startTime=13:00, endTime=14:40, classroom=Classroom{id=2, roomName='A-2', roomType='Class', roomCapacity=30, building=Building{id=1, buildingName='Changed name'}}, course=Course{id=1, courseName='History'}, teacher=Teacher{id=1, firstName='Albert', lastName='Sykes', faculty=Faculty{id=3, facultyName='Faculty of Arts'}}}, Lesson{id=259, date=2021-02-12, startTime=14:50, endTime=16:30, classroom=Classroom{id=3, roomName='A-3', roomType='Class', roomCapacity=30, building=Building{id=1, buildingName='Changed name'}}, course=Course{id=1, courseName='History'}, teacher=Teacher{id=1, firstName='Albert', lastName='Sykes', faculty=Faculty{id=3, facultyName='Faculty of Arts'}}}, Lesson{id=260, date=2021-02-12, startTime=16:40, endTime=18:20, classroom=Classroom{id=4, roomName='A-4', roomType='Lecture', roomCapacity=50, building=Building{id=1, buildingName='Changed name'}}, course=Course{id=2, courseName='Philosophy'}, teacher=Teacher{id=2, firstName='Stanley', lastName='Gruber', faculty=Faculty{id=3, facultyName='Faculty of Arts'}}}, Lesson{id=261, date=2021-02-12, startTime=09:20, endTime=11:00, classroom=Classroom{id=9, roomName='New name', roomType='Lecture', roomCapacity=50, building=Building{id=2, buildingName='B'}}, course=Course{id=6, courseName='Biology'}, teacher=Teacher{id=6, firstName='Ellie', lastName='Purh', faculty=Faculty{id=1, facultyName='Changed faculty name'}}}, Lesson{id=262, date=2021-02-12, startTime=11:10, endTime=12:50, classroom=Classroom{id=9, roomName='New name', roomType='Lecture', roomCapacity=50, building=Building{id=2, buildingName='B'}}, course=Course{id=6, courseName='Biology'}, teacher=Teacher{id=6, firstName='Ellie', lastName='Purh', faculty=Faculty{id=1, facultyName='Changed faculty name'}}}, Lesson{id=263, date=2021-02-12, startTime=13:00, endTime=14:40, classroom=Classroom{id=6, roomName='B-1', roomType='Class', roomCapacity=30, building=Building{id=2, buildingName='B'}}, course=Course{id=6, courseName='Biology'}, teacher=Teacher{id=7, firstName='Charlie', lastName='Byrne', faculty=Faculty{id=1, facultyName='Changed faculty name'}}}, Lesson{id=264, date=2021-02-12, startTime=14:50, endTime=16:30, classroom=Classroom{id=7, roomName='B-2', roomType='Class', roomCapacity=30, building=Building{id=2, buildingName='B'}}, course=Course{id=6, courseName='Biology'}, teacher=Teacher{id=7, firstName='Charlie', lastName='Byrne', faculty=Faculty{id=1, facultyName='Changed faculty name'}}}, Lesson{id=265, date=2021-02-12, startTime=16:40, endTime=18:20, classroom=Classroom{id=10, roomName='B-5', roomType='Laboratory', roomCapacity=10, building=Building{id=2, buildingName='B'}}, course=Course{id=6, courseName='Biology'}, teacher=Teacher{id=7, firstName='Charlie', lastName='Byrne', faculty=Faculty{id=1, facultyName='Changed faculty name'}}}, Lesson{id=266, date=2021-02-12, startTime=09:20, endTime=11:00, classroom=Classroom{id=14, roomName='C-4', roomType='Lecture', roomCapacity=50, building=Building{id=3, buildingName='C'}}, course=Course{id=9, courseName='Physics'}, teacher=Teacher{id=11, firstName='Sophia', lastName='Roos', faculty=Faculty{id=2, facultyName='Technical Sciences Faculty'}}}, Lesson{id=267, date=2021-02-12, startTime=11:10, endTime=12:50, classroom=Classroom{id=14, roomName='C-4', roomType='Lecture', roomCapacity=50, building=Building{id=3, buildingName='C'}}, course=Course{id=10, courseName='Geometry'}, teacher=Teacher{id=12, firstName='Mia', lastName='Brown', faculty=Faculty{id=2, facultyName='Technical Sciences Faculty'}}}, Lesson{id=268, date=2021-02-12, startTime=13:00, endTime=14:40, classroom=Classroom{id=13, roomName='C-3', roomType='Class', roomCapacity=30, building=Building{id=3, buildingName='C'}}, course=Course{id=8, courseName='Mathematics'}, teacher=Teacher{id=10, firstName='Joshua', lastName='Eve', faculty=Faculty{id=2, facultyName='Technical Sciences Faculty'}}}, Lesson{id=269, date=2021-02-12, startTime=14:50, endTime=16:30, classroom=Classroom{id=15, roomName='C-5', roomType='Laboratory', roomCapacity=10, building=Building{id=3, buildingName='C'}}, course=Course{id=9, courseName='Physics'}, teacher=Teacher{id=11, firstName='Sophia', lastName='Roos', faculty=Faculty{id=2, facultyName='Technical Sciences Faculty'}}}, Lesson{id=270, date=2021-02-12, startTime=16:40, endTime=18:20, classroom=Classroom{id=15, roomName='C-5', roomType='Laboratory', roomCapacity=10, building=Building{id=3, buildingName='C'}}, course=Course{id=10, courseName='Geometry'}, teacher=Teacher{id=12, firstName='Mia', lastName='Brown', faculty=Faculty{id=2, facultyName='Technical Sciences Faculty'}}}, Lesson{id=271, date=2021-02-15, startTime=09:20, endTime=11:00, classroom=Classroom{id=4, roomName='A-4', roomType='Lecture', roomCapacity=50, building=Building{id=1, buildingName='Changed name'}}, course=Course{id=1, courseName='History'}, teacher=Teacher{id=1, firstName='Albert', lastName='Sykes', faculty=Faculty{id=3, facultyName='Faculty of Arts'}}}, Lesson{id=272, date=2021-02-15, startTime=11:10, endTime=12:50, classroom=Classroom{id=1, roomName='A-1', roomType='Class', roomCapacity=30, building=Building{id=1, buildingName='Changed name'}}, course=Course{id=1, courseName='History'}, teacher=Teacher{id=1, firstName='Albert', lastName='Sykes', faculty=Faculty{id=3, facultyName='Faculty of Arts'}}}, Lesson{id=273, date=2021-02-15, startTime=13:00, endTime=14:40, classroom=Classroom{id=2, roomName='A-2', roomType='Class', roomCapacity=30, building=Building{id=1, buildingName='Changed name'}}, course=Course{id=2, courseName='Philosophy'}, teacher=Teacher{id=2, firstName='Stanley', lastName='Gruber', faculty=Faculty{id=3, facultyName='Faculty of Arts'}}}, Lesson{id=274, date=2021-02-15, startTime=14:50, endTime=16:30, classroom=Classroom{id=3, roomName='A-3', roomType='Class', roomCapacity=30, building=Building{id=1, buildingName='Changed name'}}, course=Course{id=2, courseName='Philosophy'}, teacher=Teacher{id=2, firstName='Stanley', lastName='Gruber', faculty=Faculty{id=3, facultyName='Faculty of Arts'}}}, Lesson{id=275, date=2021-02-15, startTime=16:40, endTime=18:20, classroom=Classroom{id=4, roomName='A-4', roomType='Lecture', roomCapacity=50, building=Building{id=1, buildingName='Changed name'}}, course=Course{id=3, courseName='Name'}, teacher=Teacher{id=3, firstName='Freya', lastName='Shepp', faculty=Faculty{id=3, facultyName='Faculty of Arts'}}}, Lesson{id=276, date=2021-02-15, startTime=09:20, endTime=11:00, classroom=Classroom{id=9, roomName='New name', roomType='Lecture', roomCapacity=50, building=Building{id=2, buildingName='B'}}, course=Course{id=6, courseName='Biology'}, teacher=Teacher{id=6, firstName='Ellie', lastName='Purh', faculty=Faculty{id=1, facultyName='Changed faculty name'}}}, Lesson{id=277, date=2021-02-15, startTime=11:10, endTime=12:50, classroom=Classroom{id=9, roomName='New name', roomType='Lecture', roomCapacity=50, building=Building{id=2, buildingName='B'}}, course=Course{id=6, courseName='Biology'}, teacher=Teacher{id=6, firstName='Ellie', lastName='Purh', faculty=Faculty{id=1, facultyName='Changed faculty name'}}}, Lesson{id=278, date=2021-02-15, startTime=13:00, endTime=14:40, classroom=Classroom{id=6, roomName='B-1', roomType='Class', roomCapacity=30, building=Building{id=2, buildingName='B'}}, course=Course{id=6, courseName='Biology'}, teacher=Teacher{id=7, firstName='Charlie', lastName='Byrne', faculty=Faculty{id=1, facultyName='Changed faculty name'}}}, Lesson{id=279, date=2021-02-15, startTime=14:50, endTime=16:30, classroom=Classroom{id=7, roomName='B-2', roomType='Class', roomCapacity=30, building=Building{id=2, buildingName='B'}}, course=Course{id=6, courseName='Biology'}, teacher=Teacher{id=7, firstName='Charlie', lastName='Byrne', faculty=Faculty{id=1, facultyName='Changed faculty name'}}}, Lesson{id=280, date=2021-02-15, startTime=16:40, endTime=18:20, classroom=Classroom{id=10, roomName='B-5', roomType='Laboratory', roomCapacity=10, building=Building{id=2, buildingName='B'}}, course=Course{id=6, courseName='Biology'}, teacher=Teacher{id=7, firstName='Charlie', lastName='Byrne', faculty=Faculty{id=1, facultyName='Changed faculty name'}}}, Lesson{id=281, date=2021-02-15, startTime=09:20, endTime=11:00, classroom=Classroom{id=14, roomName='C-4', roomType='Lecture', roomCapacity=50, building=Building{id=3, buildingName='C'}}, course=Course{id=8, courseName='Mathematics'}, teacher=Teacher{id=10, firstName='Joshua', lastName='Eve', faculty=Faculty{id=2, facultyName='Technical Sciences Faculty'}}}, Lesson{id=282, date=2021-02-15, startTime=11:10, endTime=12:50, classroom=Classroom{id=14, roomName='C-4', roomType='Lecture', roomCapacity=50, building=Building{id=3, buildingName='C'}}, course=Course{id=8, courseName='Mathematics'}, teacher=Teacher{id=10, firstName='Joshua', lastName='Eve', faculty=Faculty{id=2, facultyName='Technical Sciences Faculty'}}}, Lesson{id=283, date=2021-02-15, startTime=13:00, endTime=14:40, classroom=Classroom{id=11, roomName='C-1', roomType='Class', roomCapacity=30, building=Building{id=3, buildingName='C'}}, course=Course{id=8, courseName='Mathematics'}, teacher=Teacher{id=10, firstName='Joshua', lastName='Eve', faculty=Faculty{id=2, facultyName='Technical Sciences Faculty'}}}, Lesson{id=284, date=2021-02-15, startTime=14:50, endTime=16:30, classroom=Classroom{id=13, roomName='C-3', roomType='Class', roomCapacity=30, building=Building{id=3, buildingName='C'}}, course=Course{id=8, courseName='Mathematics'}, teacher=Teacher{id=10, firstName='Joshua', lastName='Eve', faculty=Faculty{id=2, facultyName='Technical Sciences Faculty'}}}, Lesson{id=285, date=2021-02-15, startTime=16:40, endTime=18:20, classroom=Classroom{id=15, roomName='C-5', roomType='Laboratory', roomCapacity=10, building=Building{id=3, buildingName='C'}}, course=Course{id=8, courseName='Mathematics'}, teacher=Teacher{id=10, firstName='Joshua', lastName='Eve', faculty=Faculty{id=2, facultyName='Technical Sciences Faculty'}}}, Lesson{id=286, date=2021-02-16, startTime=09:20, endTime=11:00, classroom=Classroom{id=4, roomName='A-4', roomType='Lecture', roomCapacity=50, building=Building{id=1, buildingName='Changed name'}}, course=Course{id=2, courseName='Philosophy'}, teacher=Teacher{id=2, firstName='Stanley', lastName='Gruber', faculty=Faculty{id=3, facultyName='Faculty of Arts'}}}, Lesson{id=287, date=2021-02-16, startTime=11:10, endTime=12:50, classroom=Classroom{id=1, roomName='A-1', roomType='Class', roomCapacity=30, building=Building{id=1, buildingName='Changed name'}}, course=Course{id=2, courseName='Philosophy'}, teacher=Teacher{id=2, firstName='Stanley', lastName='Gruber', faculty=Faculty{id=3, facultyName='Faculty of Arts'}}}, Lesson{id=288, date=2021-02-16, startTime=13:00, endTime=14:40, classroom=Classroom{id=2, roomName='A-2', roomType='Class', roomCapacity=30, building=Building{id=1, buildingName='Changed name'}}, course=Course{id=3, courseName='Name'}, teacher=Teacher{id=3, firstName='Freya', lastName='Shepp', faculty=Faculty{id=3, facultyName='Faculty of Arts'}}}, Lesson{id=289, date=2021-02-16, startTime=14:50, endTime=16:30, classroom=Classroom{id=3, roomName='A-3', roomType='Class', roomCapacity=30, building=Building{id=1, buildingName='Changed name'}}, course=Course{id=3, courseName='Name'}, teacher=Teacher{id=3, firstName='Freya', lastName='Shepp', faculty=Faculty{id=3, facultyName='Faculty of Arts'}}}, Lesson{id=290, date=2021-02-16, startTime=16:40, endTime=18:20, classroom=Classroom{id=4, roomName='A-4', roomType='Lecture', roomCapacity=50, building=Building{id=1, buildingName='Changed name'}}, course=Course{id=4, courseName='Political science'}, teacher=Teacher{id=4, firstName='Olivia', lastName='Blake', faculty=Faculty{id=3, facultyName='Faculty of Arts'}}}, Lesson{id=291, date=2021-02-16, startTime=09:20, endTime=11:00, classroom=Classroom{id=9, roomName='New name', roomType='Lecture', roomCapacity=50, building=Building{id=2, buildingName='B'}}, course=Course{id=7, courseName='Chemistry'}, teacher=Teacher{id=8, firstName='Samuel', lastName='Travis', faculty=Faculty{id=1, facultyName='Changed faculty name'}}}, Lesson{id=292, date=2021-02-16, startTime=11:10, endTime=12:50, classroom=Classroom{id=9, roomName='New name', roomType='Lecture', roomCapacity=50, building=Building{id=2, buildingName='B'}}, course=Course{id=7, courseName='Chemistry'}, teacher=Teacher{id=8, firstName='Samuel', lastName='Travis', faculty=Faculty{id=1, facultyName='Changed faculty name'}}}, Lesson{id=293, date=2021-02-16, startTime=13:00, endTime=14:40, classroom=Classroom{id=6, roomName='B-1', roomType='Class', roomCapacity=30, building=Building{id=2, buildingName='B'}}, course=Course{id=7, courseName='Chemistry'}, teacher=Teacher{id=9, firstName='Albert', lastName='Hill', faculty=Faculty{id=1, facultyName='Changed faculty name'}}}, Lesson{id=294, date=2021-02-16, startTime=14:50, endTime=16:30, classroom=Classroom{id=7, roomName='B-2', roomType='Class', roomCapacity=30, building=Building{id=2, buildingName='B'}}, course=Course{id=7, courseName='Chemistry'}, teacher=Teacher{id=9, firstName='Albert', lastName='Hill', faculty=Faculty{id=1, facultyName='Changed faculty name'}}}, Lesson{id=295, date=2021-02-16, startTime=16:40, endTime=18:20, classroom=Classroom{id=10, roomName='B-5', roomType='Laboratory', roomCapacity=10, building=Building{id=2, buildingName='B'}}, course=Course{id=7, courseName='Chemistry'}, teacher=Teacher{id=9, firstName='Albert', lastName='Hill', faculty=Faculty{id=1, facultyName='Changed faculty name'}}}, Lesson{id=296, date=2021-02-16, startTime=09:20, endTime=11:00, classroom=Classroom{id=14, roomName='C-4', roomType='Lecture', roomCapacity=50, building=Building{id=3, buildingName='C'}}, course=Course{id=9, courseName='Physics'}, teacher=Teacher{id=11, firstName='Sophia', lastName='Roos', faculty=Faculty{id=2, facultyName='Technical Sciences Faculty'}}}, Lesson{id=297, date=2021-02-16, startTime=11:10, endTime=12:50, classroom=Classroom{id=14, roomName='C-4', roomType='Lecture', roomCapacity=50, building=Building{id=3, buildingName='C'}}, course=Course{id=9, courseName='Physics'}, teacher=Teacher{id=11, firstName='Sophia', lastName='Roos', faculty=Faculty{id=2, facultyName='Technical Sciences Faculty'}}}, Lesson{id=298, date=2021-02-16, startTime=13:00, endTime=14:40, classroom=Classroom{id=11, roomName='C-1', roomType='Class', roomCapacity=30, building=Building{id=3, buildingName='C'}}, course=Course{id=9, courseName='Physics'}, teacher=Teacher{id=11, firstName='Sophia', lastName='Roos', faculty=Faculty{id=2, facultyName='Technical Sciences Faculty'}}}, Lesson{id=299, date=2021-02-16, startTime=14:50, endTime=16:30, classroom=Classroom{id=13, roomName='C-3', roomType='Class', roomCapacity=30, building=Building{id=3, buildingName='C'}}, course=Course{id=9, courseName='Physics'}, teacher=Teacher{id=11, firstName='Sophia', lastName='Roos', faculty=Faculty{id=2, facultyName='Technical Sciences Faculty'}}}, Lesson{id=300, date=2021-02-16, startTime=16:40, endTime=18:20, classroom=Classroom{id=15, roomName='C-5', roomType='Laboratory', roomCapacity=10, building=Building{id=3, buildingName='C'}}, course=Course{id=9, courseName='Physics'}, teacher=Teacher{id=11, firstName='Sophia', lastName='Roos', faculty=Faculty{id=2, facultyName='Technical Sciences Faculty'}}}, Lesson{id=301, date=2021-02-17, startTime=09:20, endTime=11:00, classroom=Classroom{id=4, roomName='A-4', roomType='Lecture', roomCapacity=50, building=Building{id=1, buildingName='Changed name'}}, course=Course{id=3, courseName='Name'}, teacher=Teacher{id=3, firstName='Freya', lastName='Shepp', faculty=Faculty{id=3, facultyName='Faculty of Arts'}}}, Lesson{id=302, date=2021-02-17, startTime=11:10, endTime=12:50, classroom=Classroom{id=1, roomName='A-1', roomType='Class', roomCapacity=30, building=Building{id=1, buildingName='Changed name'}}, course=Course{id=3, courseName='Name'}, teacher=Teacher{id=3, firstName='Freya', lastName='Shepp', faculty=Faculty{id=3, facultyName='Faculty of Arts'}}}, Lesson{id=303, date=2021-02-17, startTime=13:00, endTime=14:40, classroom=Classroom{id=2, roomName='A-2', roomType='Class', roomCapacity=30, building=Building{id=1, buildingName='Changed name'}}, course=Course{id=4, courseName='Political science'}, teacher=Teacher{id=4, firstName='Olivia', lastName='Blake', faculty=Faculty{id=3, facultyName='Faculty of Arts'}}}, Lesson{id=304, date=2021-02-17, startTime=14:50, endTime=16:30, classroom=Classroom{id=3, roomName='A-3', roomType='Class', roomCapacity=30, building=Building{id=1, buildingName='Changed name'}}, course=Course{id=4, courseName='Political science'}, teacher=Teacher{id=4, firstName='Olivia', lastName='Blake', faculty=Faculty{id=3, facultyName='Faculty of Arts'}}}, Lesson{id=305, date=2021-02-17, startTime=16:40, endTime=18:20, classroom=Classroom{id=4, roomName='A-4', roomType='Lecture', roomCapacity=50, building=Building{id=1, buildingName='Changed name'}}, course=Course{id=5, courseName='Culture'}, teacher=Teacher{id=5, firstName='Scarlett', lastName='Nimoy', faculty=Faculty{id=3, facultyName='Faculty of Arts'}}}, Lesson{id=306, date=2021-02-17, startTime=09:20, endTime=11:00, classroom=Classroom{id=9, roomName='New name', roomType='Lecture', roomCapacity=50, building=Building{id=2, buildingName='B'}}, course=Course{id=6, courseName='Biology'}, teacher=Teacher{id=6, firstName='Ellie', lastName='Purh', faculty=Faculty{id=1, facultyName='Changed faculty name'}}}, Lesson{id=307, date=2021-02-17, startTime=11:10, endTime=12:50, classroom=Classroom{id=9, roomName='New name', roomType='Lecture', roomCapacity=50, building=Building{id=2, buildingName='B'}}, course=Course{id=6, courseName='Biology'}, teacher=Teacher{id=6, firstName='Ellie', lastName='Purh', faculty=Faculty{id=1, facultyName='Changed faculty name'}}}, Lesson{id=308, date=2021-02-17, startTime=13:00, endTime=14:40, classroom=Classroom{id=6, roomName='B-1', roomType='Class', roomCapacity=30, building=Building{id=2, buildingName='B'}}, course=Course{id=6, courseName='Biology'}, teacher=Teacher{id=7, firstName='Charlie', lastName='Byrne', faculty=Faculty{id=1, facultyName='Changed faculty name'}}}, Lesson{id=309, date=2021-02-17, startTime=14:50, endTime=16:30, classroom=Classroom{id=7, roomName='B-2', roomType='Class', roomCapacity=30, building=Building{id=2, buildingName='B'}}, course=Course{id=6, courseName='Biology'}, teacher=Teacher{id=7, firstName='Charlie', lastName='Byrne', faculty=Faculty{id=1, facultyName='Changed faculty name'}}}, Lesson{id=310, date=2021-02-17, startTime=16:40, endTime=18:20, classroom=Classroom{id=10, roomName='B-5', roomType='Laboratory', roomCapacity=10, building=Building{id=2, buildingName='B'}}, course=Course{id=6, courseName='Biology'}, teacher=Teacher{id=7, firstName='Charlie', lastName='Byrne', faculty=Faculty{id=1, facultyName='Changed faculty name'}}}, Lesson{id=311, date=2021-02-17, startTime=09:20, endTime=11:00, classroom=Classroom{id=14, roomName='C-4', roomType='Lecture', roomCapacity=50, building=Building{id=3, buildingName='C'}}, course=Course{id=10, courseName='Geometry'}, teacher=Teacher{id=12, firstName='Mia', lastName='Brown', faculty=Faculty{id=2, facultyName='Technical Sciences Faculty'}}}, Lesson{id=312, date=2021-02-17, startTime=11:10, endTime=12:50, classroom=Classroom{id=14, roomName='C-4', roomType='Lecture', roomCapacity=50, building=Building{id=3, buildingName='C'}}, course=Course{id=10, courseName='Geometry'}, teacher=Teacher{id=12, firstName='Mia', lastName='Brown', faculty=Faculty{id=2, facultyName='Technical Sciences Faculty'}}}, Lesson{id=313, date=2021-02-17, startTime=13:00, endTime=14:40, classroom=Classroom{id=11, roomName='C-1', roomType='Class', roomCapacity=30, building=Building{id=3, buildingName='C'}}, course=Course{id=10, courseName='Geometry'}, teacher=Teacher{id=12, firstName='Mia', lastName='Brown', faculty=Faculty{id=2, facultyName='Technical Sciences Faculty'}}}, Lesson{id=314, date=2021-02-17, startTime=14:50, endTime=16:30, classroom=Classroom{id=13, roomName='C-3', roomType='Class', roomCapacity=30, building=Building{id=3, buildingName='C'}}, course=Course{id=10, courseName='Geometry'}, teacher=Teacher{id=12, firstName='Mia', lastName='Brown', faculty=Faculty{id=2, facultyName='Technical Sciences Faculty'}}}, Lesson{id=315, date=2021-02-17, startTime=16:40, endTime=18:20, classroom=Classroom{id=15, roomName='C-5', roomType='Laboratory', roomCapacity=10, building=Building{id=3, buildingName='C'}}, course=Course{id=10, courseName='Geometry'}, teacher=Teacher{id=12, firstName='Mia', lastName='Brown', faculty=Faculty{id=2, facultyName='Technical Sciences Faculty'}}}, Lesson{id=316, date=2021-02-18, startTime=09:20, endTime=11:00, classroom=Classroom{id=4, roomName='A-4', roomType='Lecture', roomCapacity=50, building=Building{id=1, buildingName='Changed name'}}, course=Course{id=4, courseName='Political science'}, teacher=Teacher{id=4, firstName='Olivia', lastName='Blake', faculty=Faculty{id=3, facultyName='Faculty of Arts'}}}, Lesson{id=317, date=2021-02-18, startTime=11:10, endTime=12:50, classroom=Classroom{id=1, roomName='A-1', roomType='Class', roomCapacity=30, building=Building{id=1, buildingName='Changed name'}}, course=Course{id=4, courseName='Political science'}, teacher=Teacher{id=4, firstName='Olivia', lastName='Blake', faculty=Faculty{id=3, facultyName='Faculty of Arts'}}}, Lesson{id=318, date=2021-02-18, startTime=13:00, endTime=14:40, classroom=Classroom{id=2, roomName='A-2', roomType='Class', roomCapacity=30, building=Building{id=1, buildingName='Changed name'}}, course=Course{id=5, courseName='Culture'}, teacher=Teacher{id=5, firstName='Scarlett', lastName='Nimoy', faculty=Faculty{id=3, facultyName='Faculty of Arts'}}}, Lesson{id=319, date=2021-02-18, startTime=14:50, endTime=16:30, classroom=Classroom{id=3, roomName='A-3', roomType='Class', roomCapacity=30, building=Building{id=1, buildingName='Changed name'}}, course=Course{id=5, courseName='Culture'}, teacher=Teacher{id=5, firstName='Scarlett', lastName='Nimoy', faculty=Faculty{id=3, facultyName='Faculty of Arts'}}}, Lesson{id=320, date=2021-02-18, startTime=16:40, endTime=18:20, classroom=Classroom{id=4, roomName='A-4', roomType='Lecture', roomCapacity=50, building=Building{id=1, buildingName='Changed name'}}, course=Course{id=1, courseName='History'}, teacher=Teacher{id=1, firstName='Albert', lastName='Sykes', faculty=Faculty{id=3, facultyName='Faculty of Arts'}}}, Lesson{id=321, date=2021-02-18, startTime=09:20, endTime=11:00, classroom=Classroom{id=9, roomName='New name', roomType='Lecture', roomCapacity=50, building=Building{id=2, buildingName='B'}}, course=Course{id=7, courseName='Chemistry'}, teacher=Teacher{id=8, firstName='Samuel', lastName='Travis', faculty=Faculty{id=1, facultyName='Changed faculty name'}}}, Lesson{id=322, date=2021-02-18, startTime=11:10, endTime=12:50, classroom=Classroom{id=9, roomName='New name', roomType='Lecture', roomCapacity=50, building=Building{id=2, buildingName='B'}}, course=Course{id=7, courseName='Chemistry'}, teacher=Teacher{id=8, firstName='Samuel', lastName='Travis', faculty=Faculty{id=1, facultyName='Changed faculty name'}}}, Lesson{id=323, date=2021-02-18, startTime=13:00, endTime=14:40, classroom=Classroom{id=6, roomName='B-1', roomType='Class', roomCapacity=30, building=Building{id=2, buildingName='B'}}, course=Course{id=7, courseName='Chemistry'}, teacher=Teacher{id=9, firstName='Albert', lastName='Hill', faculty=Faculty{id=1, facultyName='Changed faculty name'}}}, Lesson{id=324, date=2021-02-18, startTime=14:50, endTime=16:30, classroom=Classroom{id=7, roomName='B-2', roomType='Class', roomCapacity=30, building=Building{id=2, buildingName='B'}}, course=Course{id=7, courseName='Chemistry'}, teacher=Teacher{id=9, firstName='Albert', lastName='Hill', faculty=Faculty{id=1, facultyName='Changed faculty name'}}}, Lesson{id=325, date=2021-02-18, startTime=16:40, endTime=18:20, classroom=Classroom{id=10, roomName='B-5', roomType='Laboratory', roomCapacity=10, building=Building{id=2, buildingName='B'}}, course=Course{id=7, courseName='Chemistry'}, teacher=Teacher{id=9, firstName='Albert', lastName='Hill', faculty=Faculty{id=1, facultyName='Changed faculty name'}}}, Lesson{id=326, date=2021-02-18, startTime=09:20, endTime=11:00, classroom=Classroom{id=14, roomName='C-4', roomType='Lecture', roomCapacity=50, building=Building{id=3, buildingName='C'}}, course=Course{id=8, courseName='Mathematics'}, teacher=Teacher{id=10, firstName='Joshua', lastName='Eve', faculty=Faculty{id=2, facultyName='Technical Sciences Faculty'}}}, Lesson{id=327, date=2021-02-18, startTime=11:10, endTime=12:50, classroom=Classroom{id=14, roomName='C-4', roomType='Lecture', roomCapacity=50, building=Building{id=3, buildingName='C'}}, course=Course{id=8, courseName='Mathematics'}, teacher=Teacher{id=10, firstName='Joshua', lastName='Eve', faculty=Faculty{id=2, facultyName='Technical Sciences Faculty'}}}, Lesson{id=328, date=2021-02-18, startTime=13:00, endTime=14:40, classroom=Classroom{id=12, roomName='C-2', roomType='Class', roomCapacity=30, building=Building{id=3, buildingName='C'}}, course=Course{id=9, courseName='Physics'}, teacher=Teacher{id=11, firstName='Sophia', lastName='Roos', faculty=Faculty{id=2, facultyName='Technical Sciences Faculty'}}}, Lesson{id=329, date=2021-02-18, startTime=14:50, endTime=16:30, classroom=Classroom{id=12, roomName='C-2', roomType='Class', roomCapacity=30, building=Building{id=3, buildingName='C'}}, course=Course{id=10, courseName='Geometry'}, teacher=Teacher{id=12, firstName='Mia', lastName='Brown', faculty=Faculty{id=2, facultyName='Technical Sciences Faculty'}}}, Lesson{id=330, date=2021-02-18, startTime=16:40, endTime=18:20, classroom=Classroom{id=15, roomName='C-5', roomType='Laboratory', roomCapacity=10, building=Building{id=3, buildingName='C'}}, course=Course{id=8, courseName='Mathematics'}, teacher=Teacher{id=10, firstName='Joshua', lastName='Eve', faculty=Faculty{id=2, facultyName='Technical Sciences Faculty'}}}, Lesson{id=331, date=2021-02-19, startTime=09:20, endTime=11:00, classroom=Classroom{id=4, roomName='A-4', roomType='Lecture', roomCapacity=50, building=Building{id=1, buildingName='Changed name'}}, course=Course{id=5, courseName='Culture'}, teacher=Teacher{id=5, firstName='Scarlett', lastName='Nimoy', faculty=Faculty{id=3, facultyName='Faculty of Arts'}}}, Lesson{id=332, date=2021-02-19, startTime=11:10, endTime=12:50, classroom=Classroom{id=1, roomName='A-1', roomType='Class', roomCapacity=30, building=Building{id=1, buildingName='Changed name'}}, course=Course{id=5, courseName='Culture'}, teacher=Teacher{id=5, firstName='Scarlett', lastName='Nimoy', faculty=Faculty{id=3, facultyName='Faculty of Arts'}}}, Lesson{id=333, date=2021-02-19, startTime=13:00, endTime=14:40, classroom=Classroom{id=2, roomName='A-2', roomType='Class', roomCapacity=30, building=Building{id=1, buildingName='Changed name'}}, course=Course{id=1, courseName='History'}, teacher=Teacher{id=1, firstName='Albert', lastName='Sykes', faculty=Faculty{id=3, facultyName='Faculty of Arts'}}}, Lesson{id=334, date=2021-02-19, startTime=14:50, endTime=16:30, classroom=Classroom{id=3, roomName='A-3', roomType='Class', roomCapacity=30, building=Building{id=1, buildingName='Changed name'}}, course=Course{id=1, courseName='History'}, teacher=Teacher{id=1, firstName='Albert', lastName='Sykes', faculty=Faculty{id=3, facultyName='Faculty of Arts'}}}, Lesson{id=335, date=2021-02-19, startTime=16:40, endTime=18:20, classroom=Classroom{id=4, roomName='A-4', roomType='Lecture', roomCapacity=50, building=Building{id=1, buildingName='Changed name'}}, course=Course{id=2, courseName='Philosophy'}, teacher=Teacher{id=2, firstName='Stanley', lastName='Gruber', faculty=Faculty{id=3, facultyName='Faculty of Arts'}}}, Lesson{id=336, date=2021-02-19, startTime=09:20, endTime=11:00, classroom=Classroom{id=9, roomName='New name', roomType='Lecture', roomCapacity=50, building=Building{id=2, buildingName='B'}}, course=Course{id=6, courseName='Biology'}, teacher=Teacher{id=6, firstName='Ellie', lastName='Purh', faculty=Faculty{id=1, facultyName='Changed faculty name'}}}, Lesson{id=337, date=2021-02-19, startTime=11:10, endTime=12:50, classroom=Classroom{id=9, roomName='New name', roomType='Lecture', roomCapacity=50, building=Building{id=2, buildingName='B'}}, course=Course{id=6, courseName='Biology'}, teacher=Teacher{id=6, firstName='Ellie', lastName='Purh', faculty=Faculty{id=1, facultyName='Changed faculty name'}}}, Lesson{id=338, date=2021-02-19, startTime=13:00, endTime=14:40, classroom=Classroom{id=6, roomName='B-1', roomType='Class', roomCapacity=30, building=Building{id=2, buildingName='B'}}, course=Course{id=6, courseName='Biology'}, teacher=Teacher{id=7, firstName='Charlie', lastName='Byrne', faculty=Faculty{id=1, facultyName='Changed faculty name'}}}, Lesson{id=339, date=2021-02-19, startTime=14:50, endTime=16:30, classroom=Classroom{id=7, roomName='B-2', roomType='Class', roomCapacity=30, building=Building{id=2, buildingName='B'}}, course=Course{id=6, courseName='Biology'}, teacher=Teacher{id=7, firstName='Charlie', lastName='Byrne', faculty=Faculty{id=1, facultyName='Changed faculty name'}}}, Lesson{id=340, date=2021-02-19, startTime=16:40, endTime=18:20, classroom=Classroom{id=10, roomName='B-5', roomType='Laboratory', roomCapacity=10, building=Building{id=2, buildingName='B'}}, course=Course{id=6, courseName='Biology'}, teacher=Teacher{id=7, firstName='Charlie', lastName='Byrne', faculty=Faculty{id=1, facultyName='Changed faculty name'}}}, Lesson{id=341, date=2021-02-19, startTime=09:20, endTime=11:00, classroom=Classroom{id=14, roomName='C-4', roomType='Lecture', roomCapacity=50, building=Building{id=3, buildingName='C'}}, course=Course{id=9, courseName='Physics'}, teacher=Teacher{id=11, firstName='Sophia', lastName='Roos', faculty=Faculty{id=2, facultyName='Technical Sciences Faculty'}}}, Lesson{id=342, date=2021-02-19, startTime=11:10, endTime=12:50, classroom=Classroom{id=14, roomName='C-4', roomType='Lecture', roomCapacity=50, building=Building{id=3, buildingName='C'}}, course=Course{id=10, courseName='Geometry'}, teacher=Teacher{id=12, firstName='Mia', lastName='Brown', faculty=Faculty{id=2, facultyName='Technical Sciences Faculty'}}}, Lesson{id=343, date=2021-02-19, startTime=13:00, endTime=14:40, classroom=Classroom{id=13, roomName='C-3', roomType='Class', roomCapacity=30, building=Building{id=3, buildingName='C'}}, course=Course{id=8, courseName='Mathematics'}, teacher=Teacher{id=10, firstName='Joshua', lastName='Eve', faculty=Faculty{id=2, facultyName='Technical Sciences Faculty'}}}, Lesson{id=344, date=2021-02-19, startTime=14:50, endTime=16:30, classroom=Classroom{id=15, roomName='C-5', roomType='Laboratory', roomCapacity=10, building=Building{id=3, buildingName='C'}}, course=Course{id=9, courseName='Physics'}, teacher=Teacher{id=11, firstName='Sophia', lastName='Roos', faculty=Faculty{id=2, facultyName='Technical Sciences Faculty'}}}, Lesson{id=345, date=2021-02-19, startTime=16:40, endTime=18:20, classroom=Classroom{id=15, roomName='C-5', roomType='Laboratory', roomCapacity=10, building=Building{id=3, buildingName='C'}}, course=Course{id=10, courseName='Geometry'}, teacher=Teacher{id=12, firstName='Mia', lastName='Brown', faculty=Faculty{id=2, facultyName='Technical Sciences Faculty'}}}, Lesson{id=346, date=2021-02-22, startTime=09:20, endTime=11:00, classroom=Classroom{id=4, roomName='A-4', roomType='Lecture', roomCapacity=50, building=Building{id=1, buildingName='Changed name'}}, course=Course{id=1, courseName='History'}, teacher=Teacher{id=1, firstName='Albert', lastName='Sykes', faculty=Faculty{id=3, facultyName='Faculty of Arts'}}}, Lesson{id=347, date=2021-02-22, startTime=11:10, endTime=12:50, classroom=Classroom{id=1, roomName='A-1', roomType='Class', roomCapacity=30, building=Building{id=1, buildingName='Changed name'}}, course=Course{id=1, courseName='History'}, teacher=Teacher{id=1, firstName='Albert', lastName='Sykes', faculty=Faculty{id=3, facultyName='Faculty of Arts'}}}, Lesson{id=348, date=2021-02-22, startTime=13:00, endTime=14:40, classroom=Classroom{id=2, roomName='A-2', roomType='Class', roomCapacity=30, building=Building{id=1, buildingName='Changed name'}}, course=Course{id=2, courseName='Philosophy'}, teacher=Teacher{id=2, firstName='Stanley', lastName='Gruber', faculty=Faculty{id=3, facultyName='Faculty of Arts'}}}, Lesson{id=349, date=2021-02-22, startTime=14:50, endTime=16:30, classroom=Classroom{id=3, roomName='A-3', roomType='Class', roomCapacity=30, building=Building{id=1, buildingName='Changed name'}}, course=Course{id=2, courseName='Philosophy'}, teacher=Teacher{id=2, firstName='Stanley', lastName='Gruber', faculty=Faculty{id=3, facultyName='Faculty of Arts'}}}, Lesson{id=350, date=2021-02-22, startTime=16:40, endTime=18:20, classroom=Classroom{id=4, roomName='A-4', roomType='Lecture', roomCapacity=50, building=Building{id=1, buildingName='Changed name'}}, course=Course{id=3, courseName='Name'}, teacher=Teacher{id=3, firstName='Freya', lastName='Shepp', faculty=Faculty{id=3, facultyName='Faculty of Arts'}}}, Lesson{id=351, date=2021-02-22, startTime=09:20, endTime=11:00, classroom=Classroom{id=9, roomName='New name', roomType='Lecture', roomCapacity=50, building=Building{id=2, buildingName='B'}}, course=Course{id=6, courseName='Biology'}, teacher=Teacher{id=6, firstName='Ellie', lastName='Purh', faculty=Faculty{id=1, facultyName='Changed faculty name'}}}, Lesson{id=352, date=2021-02-22, startTime=11:10, endTime=12:50, classroom=Classroom{id=9, roomName='New name', roomType='Lecture', roomCapacity=50, building=Building{id=2, buildingName='B'}}, course=Course{id=6, courseName='Biology'}, teacher=Teacher{id=6, firstName='Ellie', lastName='Purh', faculty=Faculty{id=1, facultyName='Changed faculty name'}}}, Lesson{id=353, date=2021-02-22, startTime=13:00, endTime=14:40, classroom=Classroom{id=6, roomName='B-1', roomType='Class', roomCapacity=30, building=Building{id=2, buildingName='B'}}, course=Course{id=6, courseName='Biology'}, teacher=Teacher{id=7, firstName='Charlie', lastName='Byrne', faculty=Faculty{id=1, facultyName='Changed faculty name'}}}, Lesson{id=354, date=2021-02-22, startTime=14:50, endTime=16:30, classroom=Classroom{id=7, roomName='B-2', roomType='Class', roomCapacity=30, building=Building{id=2, buildingName='B'}}, course=Course{id=6, courseName='Biology'}, teacher=Teacher{id=7, firstName='Charlie', lastName='Byrne', faculty=Faculty{id=1, facultyName='Changed faculty name'}}}, Lesson{id=355, date=2021-02-22, startTime=16:40, endTime=18:20, classroom=Classroom{id=10, roomName='B-5', roomType='Laboratory', roomCapacity=10, building=Building{id=2, buildingName='B'}}, course=Course{id=6, courseName='Biology'}, teacher=Teacher{id=7, firstName='Charlie', lastName='Byrne', faculty=Faculty{id=1, facultyName='Changed faculty name'}}}, Lesson{id=356, date=2021-02-22, startTime=09:20, endTime=11:00, classroom=Classroom{id=14, roomName='C-4', roomType='Lecture', roomCapacity=50, building=Building{id=3, buildingName='C'}}, course=Course{id=8, courseName='Mathematics'}, teacher=Teacher{id=10, firstName='Joshua', lastName='Eve', faculty=Faculty{id=2, facultyName='Technical Sciences Faculty'}}}, Lesson{id=357, date=2021-02-22, startTime=11:10, endTime=12:50, classroom=Classroom{id=14, roomName='C-4', roomType='Lecture', roomCapacity=50, building=Building{id=3, buildingName='C'}}, course=Course{id=8, courseName='Mathematics'}, teacher=Teacher{id=10, firstName='Joshua', lastName='Eve', faculty=Faculty{id=2, facultyName='Technical Sciences Faculty'}}}, Lesson{id=358, date=2021-02-22, startTime=13:00, endTime=14:40, classroom=Classroom{id=11, roomName='C-1', roomType='Class', roomCapacity=30, building=Building{id=3, buildingName='C'}}, course=Course{id=8, courseName='Mathematics'}, teacher=Teacher{id=10, firstName='Joshua', lastName='Eve', faculty=Faculty{id=2, facultyName='Technical Sciences Faculty'}}}, Lesson{id=359, date=2021-02-22, startTime=14:50, endTime=16:30, classroom=Classroom{id=13, roomName='C-3', roomType='Class', roomCapacity=30, building=Building{id=3, buildingName='C'}}, course=Course{id=8, courseName='Mathematics'}, teacher=Teacher{id=10, firstName='Joshua', lastName='Eve', faculty=Faculty{id=2, facultyName='Technical Sciences Faculty'}}}, Lesson{id=360, date=2021-02-22, startTime=16:40, endTime=18:20, classroom=Classroom{id=15, roomName='C-5', roomType='Laboratory', roomCapacity=10, building=Building{id=3, buildingName='C'}}, course=Course{id=8, courseName='Mathematics'}, teacher=Teacher{id=10, firstName='Joshua', lastName='Eve', faculty=Faculty{id=2, facultyName='Technical Sciences Faculty'}}}, Lesson{id=361, date=2021-02-23, startTime=09:20, endTime=11:00, classroom=Classroom{id=4, roomName='A-4', roomType='Lecture', roomCapacity=50, building=Building{id=1, buildingName='Changed name'}}, course=Course{id=2, courseName='Philosophy'}, teacher=Teacher{id=2, firstName='Stanley', lastName='Gruber', faculty=Faculty{id=3, facultyName='Faculty of Arts'}}}, Lesson{id=362, date=2021-02-23, startTime=11:10, endTime=12:50, classroom=Classroom{id=1, roomName='A-1', roomType='Class', roomCapacity=30, building=Building{id=1, buildingName='Changed name'}}, course=Course{id=2, courseName='Philosophy'}, teacher=Teacher{id=2, firstName='Stanley', lastName='Gruber', faculty=Faculty{id=3, facultyName='Faculty of Arts'}}}, Lesson{id=363, date=2021-02-23, startTime=13:00, endTime=14:40, classroom=Classroom{id=2, roomName='A-2', roomType='Class', roomCapacity=30, building=Building{id=1, buildingName='Changed name'}}, course=Course{id=3, courseName='Name'}, teacher=Teacher{id=3, firstName='Freya', lastName='Shepp', faculty=Faculty{id=3, facultyName='Faculty of Arts'}}}, Lesson{id=364, date=2021-02-23, startTime=14:50, endTime=16:30, classroom=Classroom{id=3, roomName='A-3', roomType='Class', roomCapacity=30, building=Building{id=1, buildingName='Changed name'}}, course=Course{id=3, courseName='Name'}, teacher=Teacher{id=3, firstName='Freya', lastName='Shepp', faculty=Faculty{id=3, facultyName='Faculty of Arts'}}}, Lesson{id=365, date=2021-02-23, startTime=16:40, endTime=18:20, classroom=Classroom{id=4, roomName='A-4', roomType='Lecture', roomCapacity=50, building=Building{id=1, buildingName='Changed name'}}, course=Course{id=4, courseName='Political science'}, teacher=Teacher{id=4, firstName='Olivia', lastName='Blake', faculty=Faculty{id=3, facultyName='Faculty of Arts'}}}, Lesson{id=366, date=2021-02-23, startTime=09:20, endTime=11:00, classroom=Classroom{id=9, roomName='New name', roomType='Lecture', roomCapacity=50, building=Building{id=2, buildingName='B'}}, course=Course{id=7, courseName='Chemistry'}, teacher=Teacher{id=8, firstName='Samuel', lastName='Travis', faculty=Faculty{id=1, facultyName='Changed faculty name'}}}, Lesson{id=367, date=2021-02-23, startTime=11:10, endTime=12:50, classroom=Classroom{id=9, roomName='New name', roomType='Lecture', roomCapacity=50, building=Building{id=2, buildingName='B'}}, course=Course{id=7, courseName='Chemistry'}, teacher=Teacher{id=8, firstName='Samuel', lastName='Travis', faculty=Faculty{id=1, facultyName='Changed faculty name'}}}, Lesson{id=368, date=2021-02-23, startTime=13:00, endTime=14:40, classroom=Classroom{id=6, roomName='B-1', roomType='Class', roomCapacity=30, building=Building{id=2, buildingName='B'}}, course=Course{id=7, courseName='Chemistry'}, teacher=Teacher{id=9, firstName='Albert', lastName='Hill', faculty=Faculty{id=1, facultyName='Changed faculty name'}}}, Lesson{id=369, date=2021-02-23, startTime=14:50, endTime=16:30, classroom=Classroom{id=7, roomName='B-2', roomType='Class', roomCapacity=30, building=Building{id=2, buildingName='B'}}, course=Course{id=7, courseName='Chemistry'}, teacher=Teacher{id=9, firstName='Albert', lastName='Hill', faculty=Faculty{id=1, facultyName='Changed faculty name'}}}, Lesson{id=370, date=2021-02-23, startTime=16:40, endTime=18:20, classroom=Classroom{id=10, roomName='B-5', roomType='Laboratory', roomCapacity=10, building=Building{id=2, buildingName='B'}}, course=Course{id=7, courseName='Chemistry'}, teacher=Teacher{id=9, firstName='Albert', lastName='Hill', faculty=Faculty{id=1, facultyName='Changed faculty name'}}}, Lesson{id=371, date=2021-02-23, startTime=09:20, endTime=11:00, classroom=Classroom{id=14, roomName='C-4', roomType='Lecture', roomCapacity=50, building=Building{id=3, buildingName='C'}}, course=Course{id=9, courseName='Physics'}, teacher=Teacher{id=11, firstName='Sophia', lastName='Roos', faculty=Faculty{id=2, facultyName='Technical Sciences Faculty'}}}, Lesson{id=372, date=2021-02-23, startTime=11:10, endTime=12:50, classroom=Classroom{id=14, roomName='C-4', roomType='Lecture', roomCapacity=50, building=Building{id=3, buildingName='C'}}, course=Course{id=9, courseName='Physics'}, teacher=Teacher{id=11, firstName='Sophia', lastName='Roos', faculty=Faculty{id=2, facultyName='Technical Sciences Faculty'}}}, Lesson{id=373, date=2021-02-23, startTime=13:00, endTime=14:40, classroom=Classroom{id=11, roomName='C-1', roomType='Class', roomCapacity=30, building=Building{id=3, buildingName='C'}}, course=Course{id=9, courseName='Physics'}, teacher=Teacher{id=11, firstName='Sophia', lastName='Roos', faculty=Faculty{id=2, facultyName='Technical Sciences Faculty'}}}, Lesson{id=374, date=2021-02-23, startTime=14:50, endTime=16:30, classroom=Classroom{id=13, roomName='C-3', roomType='Class', roomCapacity=30, building=Building{id=3, buildingName='C'}}, course=Course{id=9, courseName='Physics'}, teacher=Teacher{id=11, firstName='Sophia', lastName='Roos', faculty=Faculty{id=2, facultyName='Technical Sciences Faculty'}}}, Lesson{id=375, date=2021-02-23, startTime=16:40, endTime=18:20, classroom=Classroom{id=15, roomName='C-5', roomType='Laboratory', roomCapacity=10, building=Building{id=3, buildingName='C'}}, course=Course{id=9, courseName='Physics'}, teacher=Teacher{id=11, firstName='Sophia', lastName='Roos', faculty=Faculty{id=2, facultyName='Technical Sciences Faculty'}}}, Lesson{id=376, date=2021-02-24, startTime=09:20, endTime=11:00, classroom=Classroom{id=4, roomName='A-4', roomType='Lecture', roomCapacity=50, building=Building{id=1, buildingName='Changed name'}}, course=Course{id=3, courseName='Name'}, teacher=Teacher{id=3, firstName='Freya', lastName='Shepp', faculty=Faculty{id=3, facultyName='Faculty of Arts'}}}, Lesson{id=377, date=2021-02-24, startTime=11:10, endTime=12:50, classroom=Classroom{id=1, roomName='A-1', roomType='Class', roomCapacity=30, building=Building{id=1, buildingName='Changed name'}}, course=Course{id=3, courseName='Name'}, teacher=Teacher{id=3, firstName='Freya', lastName='Shepp', faculty=Faculty{id=3, facultyName='Faculty of Arts'}}}, Lesson{id=378, date=2021-02-24, startTime=13:00, endTime=14:40, classroom=Classroom{id=2, roomName='A-2', roomType='Class', roomCapacity=30, building=Building{id=1, buildingName='Changed name'}}, course=Course{id=4, courseName='Political science'}, teacher=Teacher{id=4, firstName='Olivia', lastName='Blake', faculty=Faculty{id=3, facultyName='Faculty of Arts'}}}, Lesson{id=379, date=2021-02-24, startTime=14:50, endTime=16:30, classroom=Classroom{id=3, roomName='A-3', roomType='Class', roomCapacity=30, building=Building{id=1, buildingName='Changed name'}}, course=Course{id=4, courseName='Political science'}, teacher=Teacher{id=4, firstName='Olivia', lastName='Blake', faculty=Faculty{id=3, facultyName='Faculty of Arts'}}}, Lesson{id=380, date=2021-02-24, startTime=16:40, endTime=18:20, classroom=Classroom{id=4, roomName='A-4', roomType='Lecture', roomCapacity=50, building=Building{id=1, buildingName='Changed name'}}, course=Course{id=5, courseName='Culture'}, teacher=Teacher{id=5, firstName='Scarlett', lastName='Nimoy', faculty=Faculty{id=3, facultyName='Faculty of Arts'}}}, Lesson{id=381, date=2021-02-24, startTime=09:20, endTime=11:00, classroom=Classroom{id=9, roomName='New name', roomType='Lecture', roomCapacity=50, building=Building{id=2, buildingName='B'}}, course=Course{id=6, courseName='Biology'}, teacher=Teacher{id=6, firstName='Ellie', lastName='Purh', faculty=Faculty{id=1, facultyName='Changed faculty name'}}}, Lesson{id=382, date=2021-02-24, startTime=11:10, endTime=12:50, classroom=Classroom{id=9, roomName='New name', roomType='Lecture', roomCapacity=50, building=Building{id=2, buildingName='B'}}, course=Course{id=6, courseName='Biology'}, teacher=Teacher{id=6, firstName='Ellie', lastName='Purh', faculty=Faculty{id=1, facultyName='Changed faculty name'}}}, Lesson{id=383, date=2021-02-24, startTime=13:00, endTime=14:40, classroom=Classroom{id=6, roomName='B-1', roomType='Class', roomCapacity=30, building=Building{id=2, buildingName='B'}}, course=Course{id=6, courseName='Biology'}, teacher=Teacher{id=7, firstName='Charlie', lastName='Byrne', faculty=Faculty{id=1, facultyName='Changed faculty name'}}}, Lesson{id=384, date=2021-02-24, startTime=14:50, endTime=16:30, classroom=Classroom{id=7, roomName='B-2', roomType='Class', roomCapacity=30, building=Building{id=2, buildingName='B'}}, course=Course{id=6, courseName='Biology'}, teacher=Teacher{id=7, firstName='Charlie', lastName='Byrne', faculty=Faculty{id=1, facultyName='Changed faculty name'}}}, Lesson{id=385, date=2021-02-24, startTime=16:40, endTime=18:20, classroom=Classroom{id=10, roomName='B-5', roomType='Laboratory', roomCapacity=10, building=Building{id=2, buildingName='B'}}, course=Course{id=6, courseName='Biology'}, teacher=Teacher{id=7, firstName='Charlie', lastName='Byrne', faculty=Faculty{id=1, facultyName='Changed faculty name'}}}, Lesson{id=386, date=2021-02-24, startTime=09:20, endTime=11:00, classroom=Classroom{id=14, roomName='C-4', roomType='Lecture', roomCapacity=50, building=Building{id=3, buildingName='C'}}, course=Course{id=10, courseName='Geometry'}, teacher=Teacher{id=12, firstName='Mia', lastName='Brown', faculty=Faculty{id=2, facultyName='Technical Sciences Faculty'}}}, Lesson{id=387, date=2021-02-24, startTime=11:10, endTime=12:50, classroom=Classroom{id=14, roomName='C-4', roomType='Lecture', roomCapacity=50, building=Building{id=3, buildingName='C'}}, course=Course{id=10, courseName='Geometry'}, teacher=Teacher{id=12, firstName='Mia', lastName='Brown', faculty=Faculty{id=2, facultyName='Technical Sciences Faculty'}}}, Lesson{id=388, date=2021-02-24, startTime=13:00, endTime=14:40, classroom=Classroom{id=11, roomName='C-1', roomType='Class', roomCapacity=30, building=Building{id=3, buildingName='C'}}, course=Course{id=10, courseName='Geometry'}, teacher=Teacher{id=12, firstName='Mia', lastName='Brown', faculty=Faculty{id=2, facultyName='Technical Sciences Faculty'}}}, Lesson{id=389, date=2021-02-24, startTime=14:50, endTime=16:30, classroom=Classroom{id=13, roomName='C-3', roomType='Class', roomCapacity=30, building=Building{id=3, buildingName='C'}}, course=Course{id=10, courseName='Geometry'}, teacher=Teacher{id=12, firstName='Mia', lastName='Brown', faculty=Faculty{id=2, facultyName='Technical Sciences Faculty'}}}, Lesson{id=390, date=2021-02-24, startTime=16:40, endTime=18:20, classroom=Classroom{id=15, roomName='C-5', roomType='Laboratory', roomCapacity=10, building=Building{id=3, buildingName='C'}}, course=Course{id=10, courseName='Geometry'}, teacher=Teacher{id=12, firstName='Mia', lastName='Brown', faculty=Faculty{id=2, facultyName='Technical Sciences Faculty'}}}, Lesson{id=391, date=2021-02-25, startTime=09:20, endTime=11:00, classroom=Classroom{id=4, roomName='A-4', roomType='Lecture', roomCapacity=50, building=Building{id=1, buildingName='Changed name'}}, course=Course{id=4, courseName='Political science'}, teacher=Teacher{id=4, firstName='Olivia', lastName='Blake', faculty=Faculty{id=3, facultyName='Faculty of Arts'}}}, Lesson{id=392, date=2021-02-25, startTime=11:10, endTime=12:50, classroom=Classroom{id=1, roomName='A-1', roomType='Class', roomCapacity=30, building=Building{id=1, buildingName='Changed name'}}, course=Course{id=4, courseName='Political science'}, teacher=Teacher{id=4, firstName='Olivia', lastName='Blake', faculty=Faculty{id=3, facultyName='Faculty of Arts'}}}, Lesson{id=393, date=2021-02-25, startTime=13:00, endTime=14:40, classroom=Classroom{id=2, roomName='A-2', roomType='Class', roomCapacity=30, building=Building{id=1, buildingName='Changed name'}}, course=Course{id=5, courseName='Culture'}, teacher=Teacher{id=5, firstName='Scarlett', lastName='Nimoy', faculty=Faculty{id=3, facultyName='Faculty of Arts'}}}, Lesson{id=394, date=2021-02-25, startTime=14:50, endTime=16:30, classroom=Classroom{id=3, roomName='A-3', roomType='Class', roomCapacity=30, building=Building{id=1, buildingName='Changed name'}}, course=Course{id=5, courseName='Culture'}, teacher=Teacher{id=5, firstName='Scarlett', lastName='Nimoy', faculty=Faculty{id=3, facultyName='Faculty of Arts'}}}, Lesson{id=395, date=2021-02-25, startTime=16:40, endTime=18:20, classroom=Classroom{id=4, roomName='A-4', roomType='Lecture', roomCapacity=50, building=Building{id=1, buildingName='Changed name'}}, course=Course{id=1, courseName='History'}, teacher=Teacher{id=1, firstName='Albert', lastName='Sykes', faculty=Faculty{id=3, facultyName='Faculty of Arts'}}}, Lesson{id=396, date=2021-02-25, startTime=09:20, endTime=11:00, classroom=Classroom{id=9, roomName='New name', roomType='Lecture', roomCapacity=50, building=Building{id=2, buildingName='B'}}, course=Course{id=7, courseName='Chemistry'}, teacher=Teacher{id=8, firstName='Samuel', lastName='Travis', faculty=Faculty{id=1, facultyName='Changed faculty name'}}}, Lesson{id=397, date=2021-02-25, startTime=11:10, endTime=12:50, classroom=Classroom{id=9, roomName='New name', roomType='Lecture', roomCapacity=50, building=Building{id=2, buildingName='B'}}, course=Course{id=7, courseName='Chemistry'}, teacher=Teacher{id=8, firstName='Samuel', lastName='Travis', faculty=Faculty{id=1, facultyName='Changed faculty name'}}}, Lesson{id=398, date=2021-02-25, startTime=13:00, endTime=14:40, classroom=Classroom{id=6, roomName='B-1', roomType='Class', roomCapacity=30, building=Building{id=2, buildingName='B'}}, course=Course{id=7, courseName='Chemistry'}, teacher=Teacher{id=9, firstName='Albert', lastName='Hill', faculty=Faculty{id=1, facultyName='Changed faculty name'}}}, Lesson{id=399, date=2021-02-25, startTime=14:50, endTime=16:30, classroom=Classroom{id=7, roomName='B-2', roomType='Class', roomCapacity=30, building=Building{id=2, buildingName='B'}}, course=Course{id=7, courseName='Chemistry'}, teacher=Teacher{id=9, firstName='Albert', lastName='Hill', faculty=Faculty{id=1, facultyName='Changed faculty name'}}}, Lesson{id=400, date=2021-02-25, startTime=16:40, endTime=18:20, classroom=Classroom{id=10, roomName='B-5', roomType='Laboratory', roomCapacity=10, building=Building{id=2, buildingName='B'}}, course=Course{id=7, courseName='Chemistry'}, teacher=Teacher{id=9, firstName='Albert', lastName='Hill', faculty=Faculty{id=1, facultyName='Changed faculty name'}}}, Lesson{id=401, date=2021-02-25, startTime=09:20, endTime=11:00, classroom=Classroom{id=14, roomName='C-4', roomType='Lecture', roomCapacity=50, building=Building{id=3, buildingName='C'}}, course=Course{id=8, courseName='Mathematics'}, teacher=Teacher{id=10, firstName='Joshua', lastName='Eve', faculty=Faculty{id=2, facultyName='Technical Sciences Faculty'}}}, Lesson{id=402, date=2021-02-25, startTime=11:10, endTime=12:50, classroom=Classroom{id=14, roomName='C-4', roomType='Lecture', roomCapacity=50, building=Building{id=3, buildingName='C'}}, course=Course{id=8, courseName='Mathematics'}, teacher=Teacher{id=10, firstName='Joshua', lastName='Eve', faculty=Faculty{id=2, facultyName='Technical Sciences Faculty'}}}, Lesson{id=403, date=2021-02-25, startTime=13:00, endTime=14:40, classroom=Classroom{id=12, roomName='C-2', roomType='Class', roomCapacity=30, building=Building{id=3, buildingName='C'}}, course=Course{id=9, courseName='Physics'}, teacher=Teacher{id=11, firstName='Sophia', lastName='Roos', faculty=Faculty{id=2, facultyName='Technical Sciences Faculty'}}}, Lesson{id=404, date=2021-02-25, startTime=14:50, endTime=16:30, classroom=Classroom{id=12, roomName='C-2', roomType='Class', roomCapacity=30, building=Building{id=3, buildingName='C'}}, course=Course{id=10, courseName='Geometry'}, teacher=Teacher{id=12, firstName='Mia', lastName='Brown', faculty=Faculty{id=2, facultyName='Technical Sciences Faculty'}}}, Lesson{id=405, date=2021-02-25, startTime=16:40, endTime=18:20, classroom=Classroom{id=15, roomName='C-5', roomType='Laboratory', roomCapacity=10, building=Building{id=3, buildingName='C'}}, course=Course{id=8, courseName='Mathematics'}, teacher=Teacher{id=10, firstName='Joshua', lastName='Eve', faculty=Faculty{id=2, facultyName='Technical Sciences Faculty'}}}, Lesson{id=406, date=2021-02-26, startTime=09:20, endTime=11:00, classroom=Classroom{id=4, roomName='A-4', roomType='Lecture', roomCapacity=50, building=Building{id=1, buildingName='Changed name'}}, course=Course{id=5, courseName='Culture'}, teacher=Teacher{id=5, firstName='Scarlett', lastName='Nimoy', faculty=Faculty{id=3, facultyName='Faculty of Arts'}}}, Lesson{id=407, date=2021-02-26, startTime=11:10, endTime=12:50, classroom=Classroom{id=1, roomName='A-1', roomType='Class', roomCapacity=30, building=Building{id=1, buildingName='Changed name'}}, course=Course{id=5, courseName='Culture'}, teacher=Teacher{id=5, firstName='Scarlett', lastName='Nimoy', faculty=Faculty{id=3, facultyName='Faculty of Arts'}}}, Lesson{id=408, date=2021-02-26, startTime=13:00, endTime=14:40, classroom=Classroom{id=2, roomName='A-2', roomType='Class', roomCapacity=30, building=Building{id=1, buildingName='Changed name'}}, course=Course{id=1, courseName='History'}, teacher=Teacher{id=1, firstName='Albert', lastName='Sykes', faculty=Faculty{id=3, facultyName='Faculty of Arts'}}}, Lesson{id=409, date=2021-02-26, startTime=14:50, endTime=16:30, classroom=Classroom{id=3, roomName='A-3', roomType='Class', roomCapacity=30, building=Building{id=1, buildingName='Changed name'}}, course=Course{id=1, courseName='History'}, teacher=Teacher{id=1, firstName='Albert', lastName='Sykes', faculty=Faculty{id=3, facultyName='Faculty of Arts'}}}, Lesson{id=410, date=2021-02-26, startTime=16:40, endTime=18:20, classroom=Classroom{id=4, roomName='A-4', roomType='Lecture', roomCapacity=50, building=Building{id=1, buildingName='Changed name'}}, course=Course{id=2, courseName='Philosophy'}, teacher=Teacher{id=2, firstName='Stanley', lastName='Gruber', faculty=Faculty{id=3, facultyName='Faculty of Arts'}}}, Lesson{id=411, date=2021-02-26, startTime=09:20, endTime=11:00, classroom=Classroom{id=9, roomName='New name', roomType='Lecture', roomCapacity=50, building=Building{id=2, buildingName='B'}}, course=Course{id=6, courseName='Biology'}, teacher=Teacher{id=6, firstName='Ellie', lastName='Purh', faculty=Faculty{id=1, facultyName='Changed faculty name'}}}, Lesson{id=412, date=2021-02-26, startTime=11:10, endTime=12:50, classroom=Classroom{id=9, roomName='New name', roomType='Lecture', roomCapacity=50, building=Building{id=2, buildingName='B'}}, course=Course{id=6, courseName='Biology'}, teacher=Teacher{id=6, firstName='Ellie', lastName='Purh', faculty=Faculty{id=1, facultyName='Changed faculty name'}}}, Lesson{id=413, date=2021-02-26, startTime=13:00, endTime=14:40, classroom=Classroom{id=6, roomName='B-1', roomType='Class', roomCapacity=30, building=Building{id=2, buildingName='B'}}, course=Course{id=6, courseName='Biology'}, teacher=Teacher{id=7, firstName='Charlie', lastName='Byrne', faculty=Faculty{id=1, facultyName='Changed faculty name'}}}, Lesson{id=414, date=2021-02-26, startTime=14:50, endTime=16:30, classroom=Classroom{id=7, roomName='B-2', roomType='Class', roomCapacity=30, building=Building{id=2, buildingName='B'}}, course=Course{id=6, courseName='Biology'}, teacher=Teacher{id=7, firstName='Charlie', lastName='Byrne', faculty=Faculty{id=1, facultyName='Changed faculty name'}}}, Lesson{id=415, date=2021-02-26, startTime=16:40, endTime=18:20, classroom=Classroom{id=10, roomName='B-5', roomType='Laboratory', roomCapacity=10, building=Building{id=2, buildingName='B'}}, course=Course{id=6, courseName='Biology'}, teacher=Teacher{id=7, firstName='Charlie', lastName='Byrne', faculty=Faculty{id=1, facultyName='Changed faculty name'}}}, Lesson{id=416, date=2021-02-26, startTime=09:20, endTime=11:00, classroom=Classroom{id=14, roomName='C-4', roomType='Lecture', roomCapacity=50, building=Building{id=3, buildingName='C'}}, course=Course{id=9, courseName='Physics'}, teacher=Teacher{id=11, firstName='Sophia', lastName='Roos', faculty=Faculty{id=2, facultyName='Technical Sciences Faculty'}}}, Lesson{id=417, date=2021-02-26, startTime=11:10, endTime=12:50, classroom=Classroom{id=14, roomName='C-4', roomType='Lecture', roomCapacity=50, building=Building{id=3, buildingName='C'}}, course=Course{id=10, courseName='Geometry'}, teacher=Teacher{id=12, firstName='Mia', lastName='Brown', faculty=Faculty{id=2, facultyName='Technical Sciences Faculty'}}}, Lesson{id=418, date=2021-02-26, startTime=13:00, endTime=14:40, classroom=Classroom{id=13, roomName='C-3', roomType='Class', roomCapacity=30, building=Building{id=3, buildingName='C'}}, course=Course{id=8, courseName='Mathematics'}, teacher=Teacher{id=10, firstName='Joshua', lastName='Eve', faculty=Faculty{id=2, facultyName='Technical Sciences Faculty'}}}, Lesson{id=419, date=2021-02-26, startTime=14:50, endTime=16:30, classroom=Classroom{id=15, roomName='C-5', roomType='Laboratory', roomCapacity=10, building=Building{id=3, buildingName='C'}}, course=Course{id=9, courseName='Physics'}, teacher=Teacher{id=11, firstName='Sophia', lastName='Roos', faculty=Faculty{id=2, facultyName='Technical Sciences Faculty'}}}, Lesson{id=420, date=2021-02-26, startTime=16:40, endTime=18:20, classroom=Classroom{id=15, roomName='C-5', roomType='Laboratory', roomCapacity=10, building=Building{id=3, buildingName='C'}}, course=Course{id=10, courseName='Geometry'}, teacher=Teacher{id=12, firstName='Mia', lastName='Brown', faculty=Faculty{id=2, facultyName='Technical Sciences Faculty'}}}, Lesson{id=421, date=2021-03-01, startTime=09:20, endTime=11:00, classroom=Classroom{id=4, roomName='A-4', roomType='Lecture', roomCapacity=50, building=Building{id=1, buildingName='Changed name'}}, course=Course{id=1, courseName='History'}, teacher=Teacher{id=1, firstName='Albert', lastName='Sykes', faculty=Faculty{id=3, facultyName='Faculty of Arts'}}}, Lesson{id=422, date=2021-03-01, startTime=11:10, endTime=12:50, classroom=Classroom{id=1, roomName='A-1', roomType='Class', roomCapacity=30, building=Building{id=1, buildingName='Changed name'}}, course=Course{id=1, courseName='History'}, teacher=Teacher{id=1, firstName='Albert', lastName='Sykes', faculty=Faculty{id=3, facultyName='Faculty of Arts'}}}, Lesson{id=423, date=2021-03-01, startTime=13:00, endTime=14:40, classroom=Classroom{id=2, roomName='A-2', roomType='Class', roomCapacity=30, building=Building{id=1, buildingName='Changed name'}}, course=Course{id=2, courseName='Philosophy'}, teacher=Teacher{id=2, firstName='Stanley', lastName='Gruber', faculty=Faculty{id=3, facultyName='Faculty of Arts'}}}, Lesson{id=424, date=2021-03-01, startTime=14:50, endTime=16:30, classroom=Classroom{id=3, roomName='A-3', roomType='Class', roomCapacity=30, building=Building{id=1, buildingName='Changed name'}}, course=Course{id=2, courseName='Philosophy'}, teacher=Teacher{id=2, firstName='Stanley', lastName='Gruber', faculty=Faculty{id=3, facultyName='Faculty of Arts'}}}, Lesson{id=425, date=2021-03-01, startTime=16:40, endTime=18:20, classroom=Classroom{id=4, roomName='A-4', roomType='Lecture', roomCapacity=50, building=Building{id=1, buildingName='Changed name'}}, course=Course{id=3, courseName='Name'}, teacher=Teacher{id=3, firstName='Freya', lastName='Shepp', faculty=Faculty{id=3, facultyName='Faculty of Arts'}}}, Lesson{id=426, date=2021-03-01, startTime=09:20, endTime=11:00, classroom=Classroom{id=9, roomName='New name', roomType='Lecture', roomCapacity=50, building=Building{id=2, buildingName='B'}}, course=Course{id=6, courseName='Biology'}, teacher=Teacher{id=6, firstName='Ellie', lastName='Purh', faculty=Faculty{id=1, facultyName='Changed faculty name'}}}, Lesson{id=427, date=2021-03-01, startTime=11:10, endTime=12:50, classroom=Classroom{id=9, roomName='New name', roomType='Lecture', roomCapacity=50, building=Building{id=2, buildingName='B'}}, course=Course{id=6, courseName='Biology'}, teacher=Teacher{id=6, firstName='Ellie', lastName='Purh', faculty=Faculty{id=1, facultyName='Changed faculty name'}}}, Lesson{id=428, date=2021-03-01, startTime=13:00, endTime=14:40, classroom=Classroom{id=6, roomName='B-1', roomType='Class', roomCapacity=30, building=Building{id=2, buildingName='B'}}, course=Course{id=6, courseName='Biology'}, teacher=Teacher{id=7, firstName='Charlie', lastName='Byrne', faculty=Faculty{id=1, facultyName='Changed faculty name'}}}, Lesson{id=429, date=2021-03-01, startTime=14:50, endTime=16:30, classroom=Classroom{id=7, roomName='B-2', roomType='Class', roomCapacity=30, building=Building{id=2, buildingName='B'}}, course=Course{id=6, courseName='Biology'}, teacher=Teacher{id=7, firstName='Charlie', lastName='Byrne', faculty=Faculty{id=1, facultyName='Changed faculty name'}}}, Lesson{id=430, date=2021-03-01, startTime=16:40, endTime=18:20, classroom=Classroom{id=10, roomName='B-5', roomType='Laboratory', roomCapacity=10, building=Building{id=2, buildingName='B'}}, course=Course{id=6, courseName='Biology'}, teacher=Teacher{id=7, firstName='Charlie', lastName='Byrne', faculty=Faculty{id=1, facultyName='Changed faculty name'}}}, Lesson{id=431, date=2021-03-01, startTime=09:20, endTime=11:00, classroom=Classroom{id=14, roomName='C-4', roomType='Lecture', roomCapacity=50, building=Building{id=3, buildingName='C'}}, course=Course{id=8, courseName='Mathematics'}, teacher=Teacher{id=10, firstName='Joshua', lastName='Eve', faculty=Faculty{id=2, facultyName='Technical Sciences Faculty'}}}, Lesson{id=432, date=2021-03-01, startTime=11:10, endTime=12:50, classroom=Classroom{id=14, roomName='C-4', roomType='Lecture', roomCapacity=50, building=Building{id=3, buildingName='C'}}, course=Course{id=8, courseName='Mathematics'}, teacher=Teacher{id=10, firstName='Joshua', lastName='Eve', faculty=Faculty{id=2, facultyName='Technical Sciences Faculty'}}}, Lesson{id=433, date=2021-03-01, startTime=13:00, endTime=14:40, classroom=Classroom{id=11, roomName='C-1', roomType='Class', roomCapacity=30, building=Building{id=3, buildingName='C'}}, course=Course{id=8, courseName='Mathematics'}, teacher=Teacher{id=10, firstName='Joshua', lastName='Eve', faculty=Faculty{id=2, facultyName='Technical Sciences Faculty'}}}, Lesson{id=434, date=2021-03-01, startTime=14:50, endTime=16:30, classroom=Classroom{id=13, roomName='C-3', roomType='Class', roomCapacity=30, building=Building{id=3, buildingName='C'}}, course=Course{id=8, courseName='Mathematics'}, teacher=Teacher{id=10, firstName='Joshua', lastName='Eve', faculty=Faculty{id=2, facultyName='Technical Sciences Faculty'}}}, Lesson{id=435, date=2021-03-01, startTime=16:40, endTime=18:20, classroom=Classroom{id=15, roomName='C-5', roomType='Laboratory', roomCapacity=10, building=Building{id=3, buildingName='C'}}, course=Course{id=8, courseName='Mathematics'}, teacher=Teacher{id=10, firstName='Joshua', lastName='Eve', faculty=Faculty{id=2, facultyName='Technical Sciences Faculty'}}}, Lesson{id=436, date=2021-03-02, startTime=09:20, endTime=11:00, classroom=Classroom{id=4, roomName='A-4', roomType='Lecture', roomCapacity=50, building=Building{id=1, buildingName='Changed name'}}, course=Course{id=2, courseName='Philosophy'}, teacher=Teacher{id=2, firstName='Stanley', lastName='Gruber', faculty=Faculty{id=3, facultyName='Faculty of Arts'}}}, Lesson{id=437, date=2021-03-02, startTime=11:10, endTime=12:50, classroom=Classroom{id=1, roomName='A-1', roomType='Class', roomCapacity=30, building=Building{id=1, buildingName='Changed name'}}, course=Course{id=2, courseName='Philosophy'}, teacher=Teacher{id=2, firstName='Stanley', lastName='Gruber', faculty=Faculty{id=3, facultyName='Faculty of Arts'}}}, Lesson{id=438, date=2021-03-02, startTime=13:00, endTime=14:40, classroom=Classroom{id=2, roomName='A-2', roomType='Class', roomCapacity=30, building=Building{id=1, buildingName='Changed name'}}, course=Course{id=3, courseName='Name'}, teacher=Teacher{id=3, firstName='Freya', lastName='Shepp', faculty=Faculty{id=3, facultyName='Faculty of Arts'}}}, Lesson{id=439, date=2021-03-02, startTime=14:50, endTime=16:30, classroom=Classroom{id=3, roomName='A-3', roomType='Class', roomCapacity=30, building=Building{id=1, buildingName='Changed name'}}, course=Course{id=3, courseName='Name'}, teacher=Teacher{id=3, firstName='Freya', lastName='Shepp', faculty=Faculty{id=3, facultyName='Faculty of Arts'}}}, Lesson{id=440, date=2021-03-02, startTime=16:40, endTime=18:20, classroom=Classroom{id=4, roomName='A-4', roomType='Lecture', roomCapacity=50, building=Building{id=1, buildingName='Changed name'}}, course=Course{id=4, courseName='Political science'}, teacher=Teacher{id=4, firstName='Olivia', lastName='Blake', faculty=Faculty{id=3, facultyName='Faculty of Arts'}}}, Lesson{id=441, date=2021-03-02, startTime=09:20, endTime=11:00, classroom=Classroom{id=9, roomName='New name', roomType='Lecture', roomCapacity=50, building=Building{id=2, buildingName='B'}}, course=Course{id=7, courseName='Chemistry'}, teacher=Teacher{id=8, firstName='Samuel', lastName='Travis', faculty=Faculty{id=1, facultyName='Changed faculty name'}}}, Lesson{id=442, date=2021-03-02, startTime=11:10, endTime=12:50, classroom=Classroom{id=9, roomName='New name', roomType='Lecture', roomCapacity=50, building=Building{id=2, buildingName='B'}}, course=Course{id=7, courseName='Chemistry'}, teacher=Teacher{id=8, firstName='Samuel', lastName='Travis', faculty=Faculty{id=1, facultyName='Changed faculty name'}}}, Lesson{id=443, date=2021-03-02, startTime=13:00, endTime=14:40, classroom=Classroom{id=6, roomName='B-1', roomType='Class', roomCapacity=30, building=Building{id=2, buildingName='B'}}, course=Course{id=7, courseName='Chemistry'}, teacher=Teacher{id=9, firstName='Albert', lastName='Hill', faculty=Faculty{id=1, facultyName='Changed faculty name'}}}, Lesson{id=444, date=2021-03-02, startTime=14:50, endTime=16:30, classroom=Classroom{id=7, roomName='B-2', roomType='Class', roomCapacity=30, building=Building{id=2, buildingName='B'}}, course=Course{id=7, courseName='Chemistry'}, teacher=Teacher{id=9, firstName='Albert', lastName='Hill', faculty=Faculty{id=1, facultyName='Changed faculty name'}}}, Lesson{id=445, date=2021-03-02, startTime=16:40, endTime=18:20, classroom=Classroom{id=10, roomName='B-5', roomType='Laboratory', roomCapacity=10, building=Building{id=2, buildingName='B'}}, course=Course{id=7, courseName='Chemistry'}, teacher=Teacher{id=9, firstName='Albert', lastName='Hill', faculty=Faculty{id=1, facultyName='Changed faculty name'}}}, Lesson{id=446, date=2021-03-02, startTime=09:20, endTime=11:00, classroom=Classroom{id=14, roomName='C-4', roomType='Lecture', roomCapacity=50, building=Building{id=3, buildingName='C'}}, course=Course{id=9, courseName='Physics'}, teacher=Teacher{id=11, firstName='Sophia', lastName='Roos', faculty=Faculty{id=2, facultyName='Technical Sciences Faculty'}}}, Lesson{id=447, date=2021-03-02, startTime=11:10, endTime=12:50, classroom=Classroom{id=14, roomName='C-4', roomType='Lecture', roomCapacity=50, building=Building{id=3, buildingName='C'}}, course=Course{id=9, courseName='Physics'}, teacher=Teacher{id=11, firstName='Sophia', lastName='Roos', faculty=Faculty{id=2, facultyName='Technical Sciences Faculty'}}}, Lesson{id=448, date=2021-03-02, startTime=13:00, endTime=14:40, classroom=Classroom{id=11, roomName='C-1', roomType='Class', roomCapacity=30, building=Building{id=3, buildingName='C'}}, course=Course{id=9, courseName='Physics'}, teacher=Teacher{id=11, firstName='Sophia', lastName='Roos', faculty=Faculty{id=2, facultyName='Technical Sciences Faculty'}}}, Lesson{id=449, date=2021-03-02, startTime=14:50, endTime=16:30, classroom=Classroom{id=13, roomName='C-3', roomType='Class', roomCapacity=30, building=Building{id=3, buildingName='C'}}, course=Course{id=9, courseName='Physics'}, teacher=Teacher{id=11, firstName='Sophia', lastName='Roos', faculty=Faculty{id=2, facultyName='Technical Sciences Faculty'}}}, Lesson{id=450, date=2021-03-02, startTime=16:40, endTime=18:20, classroom=Classroom{id=15, roomName='C-5', roomType='Laboratory', roomCapacity=10, building=Building{id=3, buildingName='C'}}, course=Course{id=9, courseName='Physics'}, teacher=Teacher{id=11, firstName='Sophia', lastName='Roos', faculty=Faculty{id=2, facultyName='Technical Sciences Faculty'}}}, Lesson{id=451, date=2021-03-03, startTime=09:20, endTime=11:00, classroom=Classroom{id=4, roomName='A-4', roomType='Lecture', roomCapacity=50, building=Building{id=1, buildingName='Changed name'}}, course=Course{id=3, courseName='Name'}, teacher=Teacher{id=3, firstName='Freya', lastName='Shepp', faculty=Faculty{id=3, facultyName='Faculty of Arts'}}}, Lesson{id=452, date=2021-03-03, startTime=11:10, endTime=12:50, classroom=Classroom{id=1, roomName='A-1', roomType='Class', roomCapacity=30, building=Building{id=1, buildingName='Changed name'}}, course=Course{id=3, courseName='Name'}, teacher=Teacher{id=3, firstName='Freya', lastName='Shepp', faculty=Faculty{id=3, facultyName='Faculty of Arts'}}}, Lesson{id=453, date=2021-03-03, startTime=13:00, endTime=14:40, classroom=Classroom{id=2, roomName='A-2', roomType='Class', roomCapacity=30, building=Building{id=1, buildingName='Changed name'}}, course=Course{id=4, courseName='Political science'}, teacher=Teacher{id=4, firstName='Olivia', lastName='Blake', faculty=Faculty{id=3, facultyName='Faculty of Arts'}}}, Lesson{id=454, date=2021-03-03, startTime=14:50, endTime=16:30, classroom=Classroom{id=3, roomName='A-3', roomType='Class', roomCapacity=30, building=Building{id=1, buildingName='Changed name'}}, course=Course{id=4, courseName='Political science'}, teacher=Teacher{id=4, firstName='Olivia', lastName='Blake', faculty=Faculty{id=3, facultyName='Faculty of Arts'}}}, Lesson{id=455, date=2021-03-03, startTime=16:40, endTime=18:20, classroom=Classroom{id=4, roomName='A-4', roomType='Lecture', roomCapacity=50, building=Building{id=1, buildingName='Changed name'}}, course=Course{id=5, courseName='Culture'}, teacher=Teacher{id=5, firstName='Scarlett', lastName='Nimoy', faculty=Faculty{id=3, facultyName='Faculty of Arts'}}}, Lesson{id=456, date=2021-03-03, startTime=09:20, endTime=11:00, classroom=Classroom{id=9, roomName='New name', roomType='Lecture', roomCapacity=50, building=Building{id=2, buildingName='B'}}, course=Course{id=6, courseName='Biology'}, teacher=Teacher{id=6, firstName='Ellie', lastName='Purh', faculty=Faculty{id=1, facultyName='Changed faculty name'}}}, Lesson{id=457, date=2021-03-03, startTime=11:10, endTime=12:50, classroom=Classroom{id=9, roomName='New name', roomType='Lecture', roomCapacity=50, building=Building{id=2, buildingName='B'}}, course=Course{id=6, courseName='Biology'}, teacher=Teacher{id=6, firstName='Ellie', lastName='Purh', faculty=Faculty{id=1, facultyName='Changed faculty name'}}}, Lesson{id=458, date=2021-03-03, startTime=13:00, endTime=14:40, classroom=Classroom{id=6, roomName='B-1', roomType='Class', roomCapacity=30, building=Building{id=2, buildingName='B'}}, course=Course{id=6, courseName='Biology'}, teacher=Teacher{id=7, firstName='Charlie', lastName='Byrne', faculty=Faculty{id=1, facultyName='Changed faculty name'}}}, Lesson{id=459, date=2021-03-03, startTime=14:50, endTime=16:30, classroom=Classroom{id=7, roomName='B-2', roomType='Class', roomCapacity=30, building=Building{id=2, buildingName='B'}}, course=Course{id=6, courseName='Biology'}, teacher=Teacher{id=7, firstName='Charlie', lastName='Byrne', faculty=Faculty{id=1, facultyName='Changed faculty name'}}}, Lesson{id=460, date=2021-03-03, startTime=16:40, endTime=18:20, classroom=Classroom{id=10, roomName='B-5', roomType='Laboratory', roomCapacity=10, building=Building{id=2, buildingName='B'}}, course=Course{id=6, courseName='Biology'}, teacher=Teacher{id=7, firstName='Charlie', lastName='Byrne', faculty=Faculty{id=1, facultyName='Changed faculty name'}}}, Lesson{id=461, date=2021-03-03, startTime=09:20, endTime=11:00, classroom=Classroom{id=14, roomName='C-4', roomType='Lecture', roomCapacity=50, building=Building{id=3, buildingName='C'}}, course=Course{id=10, courseName='Geometry'}, teacher=Teacher{id=12, firstName='Mia', lastName='Brown', faculty=Faculty{id=2, facultyName='Technical Sciences Faculty'}}}, Lesson{id=462, date=2021-03-03, startTime=11:10, endTime=12:50, classroom=Classroom{id=14, roomName='C-4', roomType='Lecture', roomCapacity=50, building=Building{id=3, buildingName='C'}}, course=Course{id=10, courseName='Geometry'}, teacher=Teacher{id=12, firstName='Mia', lastName='Brown', faculty=Faculty{id=2, facultyName='Technical Sciences Faculty'}}}, Lesson{id=463, date=2021-03-03, startTime=13:00, endTime=14:40, classroom=Classroom{id=11, roomName='C-1', roomType='Class', roomCapacity=30, building=Building{id=3, buildingName='C'}}, course=Course{id=10, courseName='Geometry'}, teacher=Teacher{id=12, firstName='Mia', lastName='Brown', faculty=Faculty{id=2, facultyName='Technical Sciences Faculty'}}}, Lesson{id=464, date=2021-03-03, startTime=14:50, endTime=16:30, classroom=Classroom{id=13, roomName='C-3', roomType='Class', roomCapacity=30, building=Building{id=3, buildingName='C'}}, course=Course{id=10, courseName='Geometry'}, teacher=Teacher{id=12, firstName='Mia', lastName='Brown', faculty=Faculty{id=2, facultyName='Technical Sciences Faculty'}}}, Lesson{id=465, date=2021-03-03, startTime=16:40, endTime=18:20, classroom=Classroom{id=15, roomName='C-5', roomType='Laboratory', roomCapacity=10, building=Building{id=3, buildingName='C'}}, course=Course{id=10, courseName='Geometry'}, teacher=Teacher{id=12, firstName='Mia', lastName='Brown', faculty=Faculty{id=2, facultyName='Technical Sciences Faculty'}}}, Lesson{id=466, date=2021-03-04, startTime=09:20, endTime=11:00, classroom=Classroom{id=4, roomName='A-4', roomType='Lecture', roomCapacity=50, building=Building{id=1, buildingName='Changed name'}}, course=Course{id=4, courseName='Political science'}, teacher=Teacher{id=4, firstName='Olivia', lastName='Blake', faculty=Faculty{id=3, facultyName='Faculty of Arts'}}}, Lesson{id=467, date=2021-03-04, startTime=11:10, endTime=12:50, classroom=Classroom{id=1, roomName='A-1', roomType='Class', roomCapacity=30, building=Building{id=1, buildingName='Changed name'}}, course=Course{id=4, courseName='Political science'}, teacher=Teacher{id=4, firstName='Olivia', lastName='Blake', faculty=Faculty{id=3, facultyName='Faculty of Arts'}}}, Lesson{id=468, date=2021-03-04, startTime=13:00, endTime=14:40, classroom=Classroom{id=2, roomName='A-2', roomType='Class', roomCapacity=30, building=Building{id=1, buildingName='Changed name'}}, course=Course{id=5, courseName='Culture'}, teacher=Teacher{id=5, firstName='Scarlett', lastName='Nimoy', faculty=Faculty{id=3, facultyName='Faculty of Arts'}}}, Lesson{id=469, date=2021-03-04, startTime=14:50, endTime=16:30, classroom=Classroom{id=3, roomName='A-3', roomType='Class', roomCapacity=30, building=Building{id=1, buildingName='Changed name'}}, course=Course{id=5, courseName='Culture'}, teacher=Teacher{id=5, firstName='Scarlett', lastName='Nimoy', faculty=Faculty{id=3, facultyName='Faculty of Arts'}}}, Lesson{id=470, date=2021-03-04, startTime=16:40, endTime=18:20, classroom=Classroom{id=4, roomName='A-4', roomType='Lecture', roomCapacity=50, building=Building{id=1, buildingName='Changed name'}}, course=Course{id=1, courseName='History'}, teacher=Teacher{id=1, firstName='Albert', lastName='Sykes', faculty=Faculty{id=3, facultyName='Faculty of Arts'}}}, Lesson{id=471, date=2021-03-04, startTime=09:20, endTime=11:00, classroom=Classroom{id=9, roomName='New name', roomType='Lecture', roomCapacity=50, building=Building{id=2, buildingName='B'}}, course=Course{id=7, courseName='Chemistry'}, teacher=Teacher{id=8, firstName='Samuel', lastName='Travis', faculty=Faculty{id=1, facultyName='Changed faculty name'}}}, Lesson{id=472, date=2021-03-04, startTime=11:10, endTime=12:50, classroom=Classroom{id=9, roomName='New name', roomType='Lecture', roomCapacity=50, building=Building{id=2, buildingName='B'}}, course=Course{id=7, courseName='Chemistry'}, teacher=Teacher{id=8, firstName='Samuel', lastName='Travis', faculty=Faculty{id=1, facultyName='Changed faculty name'}}}, Lesson{id=473, date=2021-03-04, startTime=13:00, endTime=14:40, classroom=Classroom{id=6, roomName='B-1', roomType='Class', roomCapacity=30, building=Building{id=2, buildingName='B'}}, course=Course{id=7, courseName='Chemistry'}, teacher=Teacher{id=9, firstName='Albert', lastName='Hill', faculty=Faculty{id=1, facultyName='Changed faculty name'}}}, Lesson{id=474, date=2021-03-04, startTime=14:50, endTime=16:30, classroom=Classroom{id=7, roomName='B-2', roomType='Class', roomCapacity=30, building=Building{id=2, buildingName='B'}}, course=Course{id=7, courseName='Chemistry'}, teacher=Teacher{id=9, firstName='Albert', lastName='Hill', faculty=Faculty{id=1, facultyName='Changed faculty name'}}}, Lesson{id=475, date=2021-03-04, startTime=16:40, endTime=18:20, classroom=Classroom{id=10, roomName='B-5', roomType='Laboratory', roomCapacity=10, building=Building{id=2, buildingName='B'}}, course=Course{id=7, courseName='Chemistry'}, teacher=Teacher{id=9, firstName='Albert', lastName='Hill', faculty=Faculty{id=1, facultyName='Changed faculty name'}}}, Lesson{id=476, date=2021-03-04, startTime=09:20, endTime=11:00, classroom=Classroom{id=14, roomName='C-4', roomType='Lecture', roomCapacity=50, building=Building{id=3, buildingName='C'}}, course=Course{id=8, courseName='Mathematics'}, teacher=Teacher{id=10, firstName='Joshua', lastName='Eve', faculty=Faculty{id=2, facultyName='Technical Sciences Faculty'}}}, Lesson{id=477, date=2021-03-04, startTime=11:10, endTime=12:50, classroom=Classroom{id=14, roomName='C-4', roomType='Lecture', roomCapacity=50, building=Building{id=3, buildingName='C'}}, course=Course{id=8, courseName='Mathematics'}, teacher=Teacher{id=10, firstName='Joshua', lastName='Eve', faculty=Faculty{id=2, facultyName='Technical Sciences Faculty'}}}, Lesson{id=478, date=2021-03-04, startTime=13:00, endTime=14:40, classroom=Classroom{id=12, roomName='C-2', roomType='Class', roomCapacity=30, building=Building{id=3, buildingName='C'}}, course=Course{id=9, courseName='Physics'}, teacher=Teacher{id=11, firstName='Sophia', lastName='Roos', faculty=Faculty{id=2, facultyName='Technical Sciences Faculty'}}}, Lesson{id=479, date=2021-03-04, startTime=14:50, endTime=16:30, classroom=Classroom{id=12, roomName='C-2', roomType='Class', roomCapacity=30, building=Building{id=3, buildingName='C'}}, course=Course{id=10, courseName='Geometry'}, teacher=Teacher{id=12, firstName='Mia', lastName='Brown', faculty=Faculty{id=2, facultyName='Technical Sciences Faculty'}}}, Lesson{id=480, date=2021-03-04, startTime=16:40, endTime=18:20, classroom=Classroom{id=15, roomName='C-5', roomType='Laboratory', roomCapacity=10, building=Building{id=3, buildingName='C'}}, course=Course{id=8, courseName='Mathematics'}, teacher=Teacher{id=10, firstName='Joshua', lastName='Eve', faculty=Faculty{id=2, facultyName='Technical Sciences Faculty'}}}, Lesson{id=481, date=2021-03-05, startTime=09:20, endTime=11:00, classroom=Classroom{id=4, roomName='A-4', roomType='Lecture', roomCapacity=50, building=Building{id=1, buildingName='Changed name'}}, course=Course{id=5, courseName='Culture'}, teacher=Teacher{id=5, firstName='Scarlett', lastName='Nimoy', faculty=Faculty{id=3, facultyName='Faculty of Arts'}}}, Lesson{id=482, date=2021-03-05, startTime=11:10, endTime=12:50, classroom=Classroom{id=1, roomName='A-1', roomType='Class', roomCapacity=30, building=Building{id=1, buildingName='Changed name'}}, course=Course{id=5, courseName='Culture'}, teacher=Teacher{id=5, firstName='Scarlett', lastName='Nimoy', faculty=Faculty{id=3, facultyName='Faculty of Arts'}}}, Lesson{id=483, date=2021-03-05, startTime=13:00, endTime=14:40, classroom=Classroom{id=2, roomName='A-2', roomType='Class', roomCapacity=30, building=Building{id=1, buildingName='Changed name'}}, course=Course{id=1, courseName='History'}, teacher=Teacher{id=1, firstName='Albert', lastName='Sykes', faculty=Faculty{id=3, facultyName='Faculty of Arts'}}}, Lesson{id=484, date=2021-03-05, startTime=14:50, endTime=16:30, classroom=Classroom{id=3, roomName='A-3', roomType='Class', roomCapacity=30, building=Building{id=1, buildingName='Changed name'}}, course=Course{id=1, courseName='History'}, teacher=Teacher{id=1, firstName='Albert', lastName='Sykes', faculty=Faculty{id=3, facultyName='Faculty of Arts'}}}, Lesson{id=485, date=2021-03-05, startTime=16:40, endTime=18:20, classroom=Classroom{id=4, roomName='A-4', roomType='Lecture', roomCapacity=50, building=Building{id=1, buildingName='Changed name'}}, course=Course{id=2, courseName='Philosophy'}, teacher=Teacher{id=2, firstName='Stanley', lastName='Gruber', faculty=Faculty{id=3, facultyName='Faculty of Arts'}}}, Lesson{id=486, date=2021-03-05, startTime=09:20, endTime=11:00, classroom=Classroom{id=9, roomName='New name', roomType='Lecture', roomCapacity=50, building=Building{id=2, buildingName='B'}}, course=Course{id=6, courseName='Biology'}, teacher=Teacher{id=6, firstName='Ellie', lastName='Purh', faculty=Faculty{id=1, facultyName='Changed faculty name'}}}, Lesson{id=487, date=2021-03-05, startTime=11:10, endTime=12:50, classroom=Classroom{id=9, roomName='New name', roomType='Lecture', roomCapacity=50, building=Building{id=2, buildingName='B'}}, course=Course{id=6, courseName='Biology'}, teacher=Teacher{id=6, firstName='Ellie', lastName='Purh', faculty=Faculty{id=1, facultyName='Changed faculty name'}}}, Lesson{id=488, date=2021-03-05, startTime=13:00, endTime=14:40, classroom=Classroom{id=6, roomName='B-1', roomType='Class', roomCapacity=30, building=Building{id=2, buildingName='B'}}, course=Course{id=6, courseName='Biology'}, teacher=Teacher{id=7, firstName='Charlie', lastName='Byrne', faculty=Faculty{id=1, facultyName='Changed faculty name'}}}, Lesson{id=489, date=2021-03-05, startTime=14:50, endTime=16:30, classroom=Classroom{id=7, roomName='B-2', roomType='Class', roomCapacity=30, building=Building{id=2, buildingName='B'}}, course=Course{id=6, courseName='Biology'}, teacher=Teacher{id=7, firstName='Charlie', lastName='Byrne', faculty=Faculty{id=1, facultyName='Changed faculty name'}}}, Lesson{id=490, date=2021-03-05, startTime=16:40, endTime=18:20, classroom=Classroom{id=10, roomName='B-5', roomType='Laboratory', roomCapacity=10, building=Building{id=2, buildingName='B'}}, course=Course{id=6, courseName='Biology'}, teacher=Teacher{id=7, firstName='Charlie', lastName='Byrne', faculty=Faculty{id=1, facultyName='Changed faculty name'}}}, Lesson{id=491, date=2021-03-05, startTime=09:20, endTime=11:00, classroom=Classroom{id=14, roomName='C-4', roomType='Lecture', roomCapacity=50, building=Building{id=3, buildingName='C'}}, course=Course{id=9, courseName='Physics'}, teacher=Teacher{id=11, firstName='Sophia', lastName='Roos', faculty=Faculty{id=2, facultyName='Technical Sciences Faculty'}}}, Lesson{id=492, date=2021-03-05, startTime=11:10, endTime=12:50, classroom=Classroom{id=14, roomName='C-4', roomType='Lecture', roomCapacity=50, building=Building{id=3, buildingName='C'}}, course=Course{id=10, courseName='Geometry'}, teacher=Teacher{id=12, firstName='Mia', lastName='Brown', faculty=Faculty{id=2, facultyName='Technical Sciences Faculty'}}}, Lesson{id=493, date=2021-03-05, startTime=13:00, endTime=14:40, classroom=Classroom{id=13, roomName='C-3', roomType='Class', roomCapacity=30, building=Building{id=3, buildingName='C'}}, course=Course{id=8, courseName='Mathematics'}, teacher=Teacher{id=10, firstName='Joshua', lastName='Eve', faculty=Faculty{id=2, facultyName='Technical Sciences Faculty'}}}, Lesson{id=494, date=2021-03-05, startTime=14:50, endTime=16:30, classroom=Classroom{id=15, roomName='C-5', roomType='Laboratory', roomCapacity=10, building=Building{id=3, buildingName='C'}}, course=Course{id=9, courseName='Physics'}, teacher=Teacher{id=11, firstName='Sophia', lastName='Roos', faculty=Faculty{id=2, facultyName='Technical Sciences Faculty'}}}]
]]></system-out>
  </testcase>
  <testcase name="should_returnAppropriatedListOfLessons_when_controllerCallsGetScheduleMethod" classname="ua.com.foxminded.classtimetable.controllers.rest.LessonRestControllerIntegrationTest" time="0.002"/>
  <testcase name="should_createNewLesson_when_controllerCallsAddToDBMethod" classname="ua.com.foxminded.classtimetable.controllers.rest.LessonRestControllerIntegrationTest" time="0.237">
    <system-out><![CDATA[Hibernate: select lesson0_.id as id1_4_, lesson0_.classroom_id as classroo5_4_, lesson0_.course_id as course_i6_4_, lesson0_.date as date2_4_, lesson0_.end_time as end_time3_4_, lesson0_.start_time as start_ti4_4_, lesson0_.teacher_id as teacher_7_4_ from lessons lesson0_
Hibernate: select classroom0_.id as id1_1_0_, classroom0_.building_id as building5_1_0_, classroom0_.room_capacity as room_cap2_1_0_, classroom0_.room_name as room_nam3_1_0_, classroom0_.room_type as room_typ4_1_0_, building1_.id as id1_0_1_, building1_.building_name as building2_0_1_ from classrooms classroom0_ left outer join buildings building1_ on classroom0_.building_id=building1_.id where classroom0_.id=?
Hibernate: select course0_.id as id1_2_0_, course0_.course_name as course_n2_2_0_, courseteac1_.course_id as course_i2_8_1_, teacher2_.id as teacher_1_8_1_, teacher2_.id as id1_7_2_, teacher2_.faculty_id as faculty_4_7_2_, teacher2_.first_name as first_na2_7_2_, teacher2_.last_name as last_nam3_7_2_, faculty3_.id as id1_3_3_, faculty3_.faculty_name as faculty_2_3_3_ from courses course0_ left outer join teachers_courses courseteac1_ on course0_.id=courseteac1_.course_id left outer join teachers teacher2_ on courseteac1_.teacher_id=teacher2_.id left outer join faculties faculty3_ on teacher2_.faculty_id=faculty3_.id where course0_.id=?
Hibernate: select classroom0_.id as id1_1_0_, classroom0_.building_id as building5_1_0_, classroom0_.room_capacity as room_cap2_1_0_, classroom0_.room_name as room_nam3_1_0_, classroom0_.room_type as room_typ4_1_0_, building1_.id as id1_0_1_, building1_.building_name as building2_0_1_ from classrooms classroom0_ left outer join buildings building1_ on classroom0_.building_id=building1_.id where classroom0_.id=?
Hibernate: select classroom0_.id as id1_1_0_, classroom0_.building_id as building5_1_0_, classroom0_.room_capacity as room_cap2_1_0_, classroom0_.room_name as room_nam3_1_0_, classroom0_.room_type as room_typ4_1_0_, building1_.id as id1_0_1_, building1_.building_name as building2_0_1_ from classrooms classroom0_ left outer join buildings building1_ on classroom0_.building_id=building1_.id where classroom0_.id=?
Hibernate: select course0_.id as id1_2_0_, course0_.course_name as course_n2_2_0_, courseteac1_.course_id as course_i2_8_1_, teacher2_.id as teacher_1_8_1_, teacher2_.id as id1_7_2_, teacher2_.faculty_id as faculty_4_7_2_, teacher2_.first_name as first_na2_7_2_, teacher2_.last_name as last_nam3_7_2_, faculty3_.id as id1_3_3_, faculty3_.faculty_name as faculty_2_3_3_ from courses course0_ left outer join teachers_courses courseteac1_ on course0_.id=courseteac1_.course_id left outer join teachers teacher2_ on courseteac1_.teacher_id=teacher2_.id left outer join faculties faculty3_ on teacher2_.faculty_id=faculty3_.id where course0_.id=?
Hibernate: select classroom0_.id as id1_1_0_, classroom0_.building_id as building5_1_0_, classroom0_.room_capacity as room_cap2_1_0_, classroom0_.room_name as room_nam3_1_0_, classroom0_.room_type as room_typ4_1_0_, building1_.id as id1_0_1_, building1_.building_name as building2_0_1_ from classrooms classroom0_ left outer join buildings building1_ on classroom0_.building_id=building1_.id where classroom0_.id=?
Hibernate: select course0_.id as id1_2_0_, course0_.course_name as course_n2_2_0_, courseteac1_.course_id as course_i2_8_1_, teacher2_.id as teacher_1_8_1_, teacher2_.id as id1_7_2_, teacher2_.faculty_id as faculty_4_7_2_, teacher2_.first_name as first_na2_7_2_, teacher2_.last_name as last_nam3_7_2_, faculty3_.id as id1_3_3_, faculty3_.faculty_name as faculty_2_3_3_ from courses course0_ left outer join teachers_courses courseteac1_ on course0_.id=courseteac1_.course_id left outer join teachers teacher2_ on courseteac1_.teacher_id=teacher2_.id left outer join faculties faculty3_ on teacher2_.faculty_id=faculty3_.id where course0_.id=?
Hibernate: select classroom0_.id as id1_1_0_, classroom0_.building_id as building5_1_0_, classroom0_.room_capacity as room_cap2_1_0_, classroom0_.room_name as room_nam3_1_0_, classroom0_.room_type as room_typ4_1_0_, building1_.id as id1_0_1_, building1_.building_name as building2_0_1_ from classrooms classroom0_ left outer join buildings building1_ on classroom0_.building_id=building1_.id where classroom0_.id=?
Hibernate: select course0_.id as id1_2_0_, course0_.course_name as course_n2_2_0_, courseteac1_.course_id as course_i2_8_1_, teacher2_.id as teacher_1_8_1_, teacher2_.id as id1_7_2_, teacher2_.faculty_id as faculty_4_7_2_, teacher2_.first_name as first_na2_7_2_, teacher2_.last_name as last_nam3_7_2_, faculty3_.id as id1_3_3_, faculty3_.faculty_name as faculty_2_3_3_ from courses course0_ left outer join teachers_courses courseteac1_ on course0_.id=courseteac1_.course_id left outer join teachers teacher2_ on courseteac1_.teacher_id=teacher2_.id left outer join faculties faculty3_ on teacher2_.faculty_id=faculty3_.id where course0_.id=?
Hibernate: select classroom0_.id as id1_1_0_, classroom0_.building_id as building5_1_0_, classroom0_.room_capacity as room_cap2_1_0_, classroom0_.room_name as room_nam3_1_0_, classroom0_.room_type as room_typ4_1_0_, building1_.id as id1_0_1_, building1_.building_name as building2_0_1_ from classrooms classroom0_ left outer join buildings building1_ on classroom0_.building_id=building1_.id where classroom0_.id=?
Hibernate: select classroom0_.id as id1_1_0_, classroom0_.building_id as building5_1_0_, classroom0_.room_capacity as room_cap2_1_0_, classroom0_.room_name as room_nam3_1_0_, classroom0_.room_type as room_typ4_1_0_, building1_.id as id1_0_1_, building1_.building_name as building2_0_1_ from classrooms classroom0_ left outer join buildings building1_ on classroom0_.building_id=building1_.id where classroom0_.id=?
Hibernate: select classroom0_.id as id1_1_0_, classroom0_.building_id as building5_1_0_, classroom0_.room_capacity as room_cap2_1_0_, classroom0_.room_name as room_nam3_1_0_, classroom0_.room_type as room_typ4_1_0_, building1_.id as id1_0_1_, building1_.building_name as building2_0_1_ from classrooms classroom0_ left outer join buildings building1_ on classroom0_.building_id=building1_.id where classroom0_.id=?
Hibernate: select classroom0_.id as id1_1_0_, classroom0_.building_id as building5_1_0_, classroom0_.room_capacity as room_cap2_1_0_, classroom0_.room_name as room_nam3_1_0_, classroom0_.room_type as room_typ4_1_0_, building1_.id as id1_0_1_, building1_.building_name as building2_0_1_ from classrooms classroom0_ left outer join buildings building1_ on classroom0_.building_id=building1_.id where classroom0_.id=?
Hibernate: select course0_.id as id1_2_0_, course0_.course_name as course_n2_2_0_, courseteac1_.course_id as course_i2_8_1_, teacher2_.id as teacher_1_8_1_, teacher2_.id as id1_7_2_, teacher2_.faculty_id as faculty_4_7_2_, teacher2_.first_name as first_na2_7_2_, teacher2_.last_name as last_nam3_7_2_, faculty3_.id as id1_3_3_, faculty3_.faculty_name as faculty_2_3_3_ from courses course0_ left outer join teachers_courses courseteac1_ on course0_.id=courseteac1_.course_id left outer join teachers teacher2_ on courseteac1_.teacher_id=teacher2_.id left outer join faculties faculty3_ on teacher2_.faculty_id=faculty3_.id where course0_.id=?
Hibernate: select classroom0_.id as id1_1_0_, classroom0_.building_id as building5_1_0_, classroom0_.room_capacity as room_cap2_1_0_, classroom0_.room_name as room_nam3_1_0_, classroom0_.room_type as room_typ4_1_0_, building1_.id as id1_0_1_, building1_.building_name as building2_0_1_ from classrooms classroom0_ left outer join buildings building1_ on classroom0_.building_id=building1_.id where classroom0_.id=?
Hibernate: select classroom0_.id as id1_1_0_, classroom0_.building_id as building5_1_0_, classroom0_.room_capacity as room_cap2_1_0_, classroom0_.room_name as room_nam3_1_0_, classroom0_.room_type as room_typ4_1_0_, building1_.id as id1_0_1_, building1_.building_name as building2_0_1_ from classrooms classroom0_ left outer join buildings building1_ on classroom0_.building_id=building1_.id where classroom0_.id=?
Hibernate: select classroom0_.id as id1_1_0_, classroom0_.building_id as building5_1_0_, classroom0_.room_capacity as room_cap2_1_0_, classroom0_.room_name as room_nam3_1_0_, classroom0_.room_type as room_typ4_1_0_, building1_.id as id1_0_1_, building1_.building_name as building2_0_1_ from classrooms classroom0_ left outer join buildings building1_ on classroom0_.building_id=building1_.id where classroom0_.id=?
Hibernate: select course0_.id as id1_2_0_, course0_.course_name as course_n2_2_0_, courseteac1_.course_id as course_i2_8_1_, teacher2_.id as teacher_1_8_1_, teacher2_.id as id1_7_2_, teacher2_.faculty_id as faculty_4_7_2_, teacher2_.first_name as first_na2_7_2_, teacher2_.last_name as last_nam3_7_2_, faculty3_.id as id1_3_3_, faculty3_.faculty_name as faculty_2_3_3_ from courses course0_ left outer join teachers_courses courseteac1_ on course0_.id=courseteac1_.course_id left outer join teachers teacher2_ on courseteac1_.teacher_id=teacher2_.id left outer join faculties faculty3_ on teacher2_.faculty_id=faculty3_.id where course0_.id=?
Hibernate: select course0_.id as id1_2_0_, course0_.course_name as course_n2_2_0_, courseteac1_.course_id as course_i2_8_1_, teacher2_.id as teacher_1_8_1_, teacher2_.id as id1_7_2_, teacher2_.faculty_id as faculty_4_7_2_, teacher2_.first_name as first_na2_7_2_, teacher2_.last_name as last_nam3_7_2_, faculty3_.id as id1_3_3_, faculty3_.faculty_name as faculty_2_3_3_ from courses course0_ left outer join teachers_courses courseteac1_ on course0_.id=courseteac1_.course_id left outer join teachers teacher2_ on courseteac1_.teacher_id=teacher2_.id left outer join faculties faculty3_ on teacher2_.faculty_id=faculty3_.id where course0_.id=?
Hibernate: select course0_.id as id1_2_0_, course0_.course_name as course_n2_2_0_, courseteac1_.course_id as course_i2_8_1_, teacher2_.id as teacher_1_8_1_, teacher2_.id as id1_7_2_, teacher2_.faculty_id as faculty_4_7_2_, teacher2_.first_name as first_na2_7_2_, teacher2_.last_name as last_nam3_7_2_, faculty3_.id as id1_3_3_, faculty3_.faculty_name as faculty_2_3_3_ from courses course0_ left outer join teachers_courses courseteac1_ on course0_.id=courseteac1_.course_id left outer join teachers teacher2_ on courseteac1_.teacher_id=teacher2_.id left outer join faculties faculty3_ on teacher2_.faculty_id=faculty3_.id where course0_.id=?
Hibernate: select classroom0_.id as id1_1_0_, classroom0_.building_id as building5_1_0_, classroom0_.room_capacity as room_cap2_1_0_, classroom0_.room_name as room_nam3_1_0_, classroom0_.room_type as room_typ4_1_0_, building1_.id as id1_0_1_, building1_.building_name as building2_0_1_ from classrooms classroom0_ left outer join buildings building1_ on classroom0_.building_id=building1_.id where classroom0_.id=?
Hibernate: select course0_.id as id1_2_0_, course0_.course_name as course_n2_2_0_, courseteac1_.course_id as course_i2_8_1_, teacher2_.id as teacher_1_8_1_, teacher2_.id as id1_7_2_, teacher2_.faculty_id as faculty_4_7_2_, teacher2_.first_name as first_na2_7_2_, teacher2_.last_name as last_nam3_7_2_, faculty3_.id as id1_3_3_, faculty3_.faculty_name as faculty_2_3_3_ from courses course0_ left outer join teachers_courses courseteac1_ on course0_.id=courseteac1_.course_id left outer join teachers teacher2_ on courseteac1_.teacher_id=teacher2_.id left outer join faculties faculty3_ on teacher2_.faculty_id=faculty3_.id where course0_.id=?
Hibernate: select course0_.id as id1_2_0_, course0_.course_name as course_n2_2_0_, courseteac1_.course_id as course_i2_8_1_, teacher2_.id as teacher_1_8_1_, teacher2_.id as id1_7_2_, teacher2_.faculty_id as faculty_4_7_2_, teacher2_.first_name as first_na2_7_2_, teacher2_.last_name as last_nam3_7_2_, faculty3_.id as id1_3_3_, faculty3_.faculty_name as faculty_2_3_3_ from courses course0_ left outer join teachers_courses courseteac1_ on course0_.id=courseteac1_.course_id left outer join teachers teacher2_ on courseteac1_.teacher_id=teacher2_.id left outer join faculties faculty3_ on teacher2_.faculty_id=faculty3_.id where course0_.id=?
Hibernate: select teachercou0_.teacher_id as teacher_1_8_0_, teachercou0_.course_id as course_i2_8_0_, course1_.id as id1_2_1_, course1_.course_name as course_n2_2_1_ from teachers_courses teachercou0_ inner join courses course1_ on teachercou0_.course_id=course1_.id where teachercou0_.teacher_id=?
Hibernate: select teachercou0_.teacher_id as teacher_1_8_0_, teachercou0_.course_id as course_i2_8_0_, course1_.id as id1_2_1_, course1_.course_name as course_n2_2_1_ from teachers_courses teachercou0_ inner join courses course1_ on teachercou0_.course_id=course1_.id where teachercou0_.teacher_id=?
Hibernate: select teachercou0_.teacher_id as teacher_1_8_0_, teachercou0_.course_id as course_i2_8_0_, course1_.id as id1_2_1_, course1_.course_name as course_n2_2_1_ from teachers_courses teachercou0_ inner join courses course1_ on teachercou0_.course_id=course1_.id where teachercou0_.teacher_id=?
Hibernate: select teachercou0_.teacher_id as teacher_1_8_0_, teachercou0_.course_id as course_i2_8_0_, course1_.id as id1_2_1_, course1_.course_name as course_n2_2_1_ from teachers_courses teachercou0_ inner join courses course1_ on teachercou0_.course_id=course1_.id where teachercou0_.teacher_id=?
Hibernate: select teachercou0_.teacher_id as teacher_1_8_0_, teachercou0_.course_id as course_i2_8_0_, course1_.id as id1_2_1_, course1_.course_name as course_n2_2_1_ from teachers_courses teachercou0_ inner join courses course1_ on teachercou0_.course_id=course1_.id where teachercou0_.teacher_id=?
Hibernate: select teachercou0_.teacher_id as teacher_1_8_0_, teachercou0_.course_id as course_i2_8_0_, course1_.id as id1_2_1_, course1_.course_name as course_n2_2_1_ from teachers_courses teachercou0_ inner join courses course1_ on teachercou0_.course_id=course1_.id where teachercou0_.teacher_id=?
Hibernate: select teachercou0_.teacher_id as teacher_1_8_0_, teachercou0_.course_id as course_i2_8_0_, course1_.id as id1_2_1_, course1_.course_name as course_n2_2_1_ from teachers_courses teachercou0_ inner join courses course1_ on teachercou0_.course_id=course1_.id where teachercou0_.teacher_id=?
Hibernate: select teachercou0_.teacher_id as teacher_1_8_0_, teachercou0_.course_id as course_i2_8_0_, course1_.id as id1_2_1_, course1_.course_name as course_n2_2_1_ from teachers_courses teachercou0_ inner join courses course1_ on teachercou0_.course_id=course1_.id where teachercou0_.teacher_id=?
Hibernate: select teachercou0_.teacher_id as teacher_1_8_0_, teachercou0_.course_id as course_i2_8_0_, course1_.id as id1_2_1_, course1_.course_name as course_n2_2_1_ from teachers_courses teachercou0_ inner join courses course1_ on teachercou0_.course_id=course1_.id where teachercou0_.teacher_id=?
Hibernate: select teachercou0_.teacher_id as teacher_1_8_0_, teachercou0_.course_id as course_i2_8_0_, course1_.id as id1_2_1_, course1_.course_name as course_n2_2_1_ from teachers_courses teachercou0_ inner join courses course1_ on teachercou0_.course_id=course1_.id where teachercou0_.teacher_id=?
Hibernate: select teachercou0_.teacher_id as teacher_1_8_0_, teachercou0_.course_id as course_i2_8_0_, course1_.id as id1_2_1_, course1_.course_name as course_n2_2_1_ from teachers_courses teachercou0_ inner join courses course1_ on teachercou0_.course_id=course1_.id where teachercou0_.teacher_id=?
Hibernate: select teachercou0_.teacher_id as teacher_1_8_0_, teachercou0_.course_id as course_i2_8_0_, course1_.id as id1_2_1_, course1_.course_name as course_n2_2_1_ from teachers_courses teachercou0_ inner join courses course1_ on teachercou0_.course_id=course1_.id where teachercou0_.teacher_id=?
26 Feb;19:05:41.151 [main] INFO  u.c.f.c.service.LessonService - getAll():
 [Lesson{id=1, date=2021-01-20, startTime=09:20, endTime=11:00, classroom=Classroom{id=4, roomName='A-4', roomType='Lecture', roomCapacity=50, building=Building{id=1, buildingName='Changed name'}}, course=Course{id=3, courseName='Name'}, teacher=Teacher{id=3, firstName='Freya', lastName='Shepp', faculty=Faculty{id=3, facultyName='Faculty of Arts'}}}, Lesson{id=2, date=2021-01-20, startTime=11:10, endTime=12:50, classroom=Classroom{id=1, roomName='A-1', roomType='Class', roomCapacity=30, building=Building{id=1, buildingName='Changed name'}}, course=Course{id=3, courseName='Name'}, teacher=Teacher{id=3, firstName='Freya', lastName='Shepp', faculty=Faculty{id=3, facultyName='Faculty of Arts'}}}, Lesson{id=3, date=2021-01-20, startTime=13:00, endTime=14:40, classroom=Classroom{id=2, roomName='A-2', roomType='Class', roomCapacity=30, building=Building{id=1, buildingName='Changed name'}}, course=Course{id=4, courseName='Political science'}, teacher=Teacher{id=4, firstName='Olivia', lastName='Blake', faculty=Faculty{id=3, facultyName='Faculty of Arts'}}}, Lesson{id=4, date=2021-01-20, startTime=14:50, endTime=16:30, classroom=Classroom{id=3, roomName='A-3', roomType='Class', roomCapacity=30, building=Building{id=1, buildingName='Changed name'}}, course=Course{id=4, courseName='Political science'}, teacher=Teacher{id=4, firstName='Olivia', lastName='Blake', faculty=Faculty{id=3, facultyName='Faculty of Arts'}}}, Lesson{id=5, date=2021-01-20, startTime=16:40, endTime=18:20, classroom=Classroom{id=4, roomName='A-4', roomType='Lecture', roomCapacity=50, building=Building{id=1, buildingName='Changed name'}}, course=Course{id=5, courseName='Culture'}, teacher=Teacher{id=5, firstName='Scarlett', lastName='Nimoy', faculty=Faculty{id=3, facultyName='Faculty of Arts'}}}, Lesson{id=6, date=2021-01-20, startTime=09:20, endTime=11:00, classroom=Classroom{id=9, roomName='New name', roomType='Lecture', roomCapacity=50, building=Building{id=2, buildingName='B'}}, course=Course{id=6, courseName='Biology'}, teacher=Teacher{id=6, firstName='Ellie', lastName='Purh', faculty=Faculty{id=1, facultyName='Changed faculty name'}}}, Lesson{id=7, date=2021-01-20, startTime=11:10, endTime=12:50, classroom=Classroom{id=9, roomName='New name', roomType='Lecture', roomCapacity=50, building=Building{id=2, buildingName='B'}}, course=Course{id=6, courseName='Biology'}, teacher=Teacher{id=6, firstName='Ellie', lastName='Purh', faculty=Faculty{id=1, facultyName='Changed faculty name'}}}, Lesson{id=8, date=2021-01-20, startTime=13:00, endTime=14:40, classroom=Classroom{id=6, roomName='B-1', roomType='Class', roomCapacity=30, building=Building{id=2, buildingName='B'}}, course=Course{id=6, courseName='Biology'}, teacher=Teacher{id=7, firstName='Charlie', lastName='Byrne', faculty=Faculty{id=1, facultyName='Changed faculty name'}}}, Lesson{id=9, date=2021-01-20, startTime=14:50, endTime=16:30, classroom=Classroom{id=7, roomName='B-2', roomType='Class', roomCapacity=30, building=Building{id=2, buildingName='B'}}, course=Course{id=6, courseName='Biology'}, teacher=Teacher{id=7, firstName='Charlie', lastName='Byrne', faculty=Faculty{id=1, facultyName='Changed faculty name'}}}, Lesson{id=10, date=2021-01-20, startTime=16:40, endTime=18:20, classroom=Classroom{id=10, roomName='B-5', roomType='Laboratory', roomCapacity=10, building=Building{id=2, buildingName='B'}}, course=Course{id=6, courseName='Biology'}, teacher=Teacher{id=7, firstName='Charlie', lastName='Byrne', faculty=Faculty{id=1, facultyName='Changed faculty name'}}}, Lesson{id=11, date=2021-01-20, startTime=09:20, endTime=11:00, classroom=Classroom{id=14, roomName='C-4', roomType='Lecture', roomCapacity=50, building=Building{id=3, buildingName='C'}}, course=Course{id=10, courseName='Geometry'}, teacher=Teacher{id=12, firstName='Mia', lastName='Brown', faculty=Faculty{id=2, facultyName='Technical Sciences Faculty'}}}, Lesson{id=12, date=2021-01-20, startTime=11:10, endTime=12:50, classroom=Classroom{id=14, roomName='C-4', roomType='Lecture', roomCapacity=50, building=Building{id=3, buildingName='C'}}, course=Course{id=10, courseName='Geometry'}, teacher=Teacher{id=12, firstName='Mia', lastName='Brown', faculty=Faculty{id=2, facultyName='Technical Sciences Faculty'}}}, Lesson{id=13, date=2021-01-20, startTime=13:00, endTime=14:40, classroom=Classroom{id=11, roomName='C-1', roomType='Class', roomCapacity=30, building=Building{id=3, buildingName='C'}}, course=Course{id=10, courseName='Geometry'}, teacher=Teacher{id=12, firstName='Mia', lastName='Brown', faculty=Faculty{id=2, facultyName='Technical Sciences Faculty'}}}, Lesson{id=14, date=2021-01-20, startTime=14:50, endTime=16:30, classroom=Classroom{id=13, roomName='C-3', roomType='Class', roomCapacity=30, building=Building{id=3, buildingName='C'}}, course=Course{id=10, courseName='Geometry'}, teacher=Teacher{id=12, firstName='Mia', lastName='Brown', faculty=Faculty{id=2, facultyName='Technical Sciences Faculty'}}}, Lesson{id=15, date=2021-01-20, startTime=16:40, endTime=18:20, classroom=Classroom{id=15, roomName='C-5', roomType='Laboratory', roomCapacity=10, building=Building{id=3, buildingName='C'}}, course=Course{id=10, courseName='Geometry'}, teacher=Teacher{id=12, firstName='Mia', lastName='Brown', faculty=Faculty{id=2, facultyName='Technical Sciences Faculty'}}}, Lesson{id=16, date=2021-01-21, startTime=09:20, endTime=11:00, classroom=Classroom{id=4, roomName='A-4', roomType='Lecture', roomCapacity=50, building=Building{id=1, buildingName='Changed name'}}, course=Course{id=4, courseName='Political science'}, teacher=Teacher{id=4, firstName='Olivia', lastName='Blake', faculty=Faculty{id=3, facultyName='Faculty of Arts'}}}, Lesson{id=17, date=2021-01-21, startTime=11:10, endTime=12:50, classroom=Classroom{id=1, roomName='A-1', roomType='Class', roomCapacity=30, building=Building{id=1, buildingName='Changed name'}}, course=Course{id=4, courseName='Political science'}, teacher=Teacher{id=4, firstName='Olivia', lastName='Blake', faculty=Faculty{id=3, facultyName='Faculty of Arts'}}}, Lesson{id=18, date=2021-01-21, startTime=13:00, endTime=14:40, classroom=Classroom{id=2, roomName='A-2', roomType='Class', roomCapacity=30, building=Building{id=1, buildingName='Changed name'}}, course=Course{id=5, courseName='Culture'}, teacher=Teacher{id=5, firstName='Scarlett', lastName='Nimoy', faculty=Faculty{id=3, facultyName='Faculty of Arts'}}}, Lesson{id=19, date=2021-01-21, startTime=14:50, endTime=16:30, classroom=Classroom{id=3, roomName='A-3', roomType='Class', roomCapacity=30, building=Building{id=1, buildingName='Changed name'}}, course=Course{id=5, courseName='Culture'}, teacher=Teacher{id=5, firstName='Scarlett', lastName='Nimoy', faculty=Faculty{id=3, facultyName='Faculty of Arts'}}}, Lesson{id=20, date=2021-01-21, startTime=16:40, endTime=18:20, classroom=Classroom{id=4, roomName='A-4', roomType='Lecture', roomCapacity=50, building=Building{id=1, buildingName='Changed name'}}, course=Course{id=1, courseName='History'}, teacher=Teacher{id=1, firstName='Albert', lastName='Sykes', faculty=Faculty{id=3, facultyName='Faculty of Arts'}}}, Lesson{id=21, date=2021-01-21, startTime=09:20, endTime=11:00, classroom=Classroom{id=9, roomName='New name', roomType='Lecture', roomCapacity=50, building=Building{id=2, buildingName='B'}}, course=Course{id=7, courseName='Chemistry'}, teacher=Teacher{id=8, firstName='Samuel', lastName='Travis', faculty=Faculty{id=1, facultyName='Changed faculty name'}}}, Lesson{id=22, date=2021-01-21, startTime=11:10, endTime=12:50, classroom=Classroom{id=9, roomName='New name', roomType='Lecture', roomCapacity=50, building=Building{id=2, buildingName='B'}}, course=Course{id=7, courseName='Chemistry'}, teacher=Teacher{id=8, firstName='Samuel', lastName='Travis', faculty=Faculty{id=1, facultyName='Changed faculty name'}}}, Lesson{id=23, date=2021-01-21, startTime=13:00, endTime=14:40, classroom=Classroom{id=6, roomName='B-1', roomType='Class', roomCapacity=30, building=Building{id=2, buildingName='B'}}, course=Course{id=7, courseName='Chemistry'}, teacher=Teacher{id=9, firstName='Albert', lastName='Hill', faculty=Faculty{id=1, facultyName='Changed faculty name'}}}, Lesson{id=24, date=2021-01-21, startTime=14:50, endTime=16:30, classroom=Classroom{id=7, roomName='B-2', roomType='Class', roomCapacity=30, building=Building{id=2, buildingName='B'}}, course=Course{id=7, courseName='Chemistry'}, teacher=Teacher{id=9, firstName='Albert', lastName='Hill', faculty=Faculty{id=1, facultyName='Changed faculty name'}}}, Lesson{id=25, date=2021-01-21, startTime=16:40, endTime=18:20, classroom=Classroom{id=10, roomName='B-5', roomType='Laboratory', roomCapacity=10, building=Building{id=2, buildingName='B'}}, course=Course{id=7, courseName='Chemistry'}, teacher=Teacher{id=9, firstName='Albert', lastName='Hill', faculty=Faculty{id=1, facultyName='Changed faculty name'}}}, Lesson{id=26, date=2021-01-21, startTime=09:20, endTime=11:00, classroom=Classroom{id=14, roomName='C-4', roomType='Lecture', roomCapacity=50, building=Building{id=3, buildingName='C'}}, course=Course{id=8, courseName='Mathematics'}, teacher=Teacher{id=10, firstName='Joshua', lastName='Eve', faculty=Faculty{id=2, facultyName='Technical Sciences Faculty'}}}, Lesson{id=27, date=2021-01-21, startTime=11:10, endTime=12:50, classroom=Classroom{id=14, roomName='C-4', roomType='Lecture', roomCapacity=50, building=Building{id=3, buildingName='C'}}, course=Course{id=8, courseName='Mathematics'}, teacher=Teacher{id=10, firstName='Joshua', lastName='Eve', faculty=Faculty{id=2, facultyName='Technical Sciences Faculty'}}}, Lesson{id=28, date=2021-01-21, startTime=13:00, endTime=14:40, classroom=Classroom{id=12, roomName='C-2', roomType='Class', roomCapacity=30, building=Building{id=3, buildingName='C'}}, course=Course{id=9, courseName='Physics'}, teacher=Teacher{id=11, firstName='Sophia', lastName='Roos', faculty=Faculty{id=2, facultyName='Technical Sciences Faculty'}}}, Lesson{id=29, date=2021-01-21, startTime=14:50, endTime=16:30, classroom=Classroom{id=12, roomName='C-2', roomType='Class', roomCapacity=30, building=Building{id=3, buildingName='C'}}, course=Course{id=10, courseName='Geometry'}, teacher=Teacher{id=12, firstName='Mia', lastName='Brown', faculty=Faculty{id=2, facultyName='Technical Sciences Faculty'}}}, Lesson{id=30, date=2021-01-21, startTime=16:40, endTime=18:20, classroom=Classroom{id=15, roomName='C-5', roomType='Laboratory', roomCapacity=10, building=Building{id=3, buildingName='C'}}, course=Course{id=8, courseName='Mathematics'}, teacher=Teacher{id=10, firstName='Joshua', lastName='Eve', faculty=Faculty{id=2, facultyName='Technical Sciences Faculty'}}}, Lesson{id=31, date=2021-01-22, startTime=09:20, endTime=11:00, classroom=Classroom{id=4, roomName='A-4', roomType='Lecture', roomCapacity=50, building=Building{id=1, buildingName='Changed name'}}, course=Course{id=5, courseName='Culture'}, teacher=Teacher{id=5, firstName='Scarlett', lastName='Nimoy', faculty=Faculty{id=3, facultyName='Faculty of Arts'}}}, Lesson{id=32, date=2021-01-22, startTime=11:10, endTime=12:50, classroom=Classroom{id=1, roomName='A-1', roomType='Class', roomCapacity=30, building=Building{id=1, buildingName='Changed name'}}, course=Course{id=5, courseName='Culture'}, teacher=Teacher{id=5, firstName='Scarlett', lastName='Nimoy', faculty=Faculty{id=3, facultyName='Faculty of Arts'}}}, Lesson{id=33, date=2021-01-22, startTime=13:00, endTime=14:40, classroom=Classroom{id=2, roomName='A-2', roomType='Class', roomCapacity=30, building=Building{id=1, buildingName='Changed name'}}, course=Course{id=1, courseName='History'}, teacher=Teacher{id=1, firstName='Albert', lastName='Sykes', faculty=Faculty{id=3, facultyName='Faculty of Arts'}}}, Lesson{id=34, date=2021-01-22, startTime=14:50, endTime=16:30, classroom=Classroom{id=3, roomName='A-3', roomType='Class', roomCapacity=30, building=Building{id=1, buildingName='Changed name'}}, course=Course{id=1, courseName='History'}, teacher=Teacher{id=1, firstName='Albert', lastName='Sykes', faculty=Faculty{id=3, facultyName='Faculty of Arts'}}}, Lesson{id=35, date=2021-01-22, startTime=16:40, endTime=18:20, classroom=Classroom{id=4, roomName='A-4', roomType='Lecture', roomCapacity=50, building=Building{id=1, buildingName='Changed name'}}, course=Course{id=2, courseName='Philosophy'}, teacher=Teacher{id=2, firstName='Stanley', lastName='Gruber', faculty=Faculty{id=3, facultyName='Faculty of Arts'}}}, Lesson{id=36, date=2021-01-22, startTime=09:20, endTime=11:00, classroom=Classroom{id=9, roomName='New name', roomType='Lecture', roomCapacity=50, building=Building{id=2, buildingName='B'}}, course=Course{id=6, courseName='Biology'}, teacher=Teacher{id=6, firstName='Ellie', lastName='Purh', faculty=Faculty{id=1, facultyName='Changed faculty name'}}}, Lesson{id=37, date=2021-01-22, startTime=11:10, endTime=12:50, classroom=Classroom{id=9, roomName='New name', roomType='Lecture', roomCapacity=50, building=Building{id=2, buildingName='B'}}, course=Course{id=6, courseName='Biology'}, teacher=Teacher{id=6, firstName='Ellie', lastName='Purh', faculty=Faculty{id=1, facultyName='Changed faculty name'}}}, Lesson{id=38, date=2021-01-22, startTime=13:00, endTime=14:40, classroom=Classroom{id=6, roomName='B-1', roomType='Class', roomCapacity=30, building=Building{id=2, buildingName='B'}}, course=Course{id=6, courseName='Biology'}, teacher=Teacher{id=7, firstName='Charlie', lastName='Byrne', faculty=Faculty{id=1, facultyName='Changed faculty name'}}}, Lesson{id=39, date=2021-01-22, startTime=14:50, endTime=16:30, classroom=Classroom{id=7, roomName='B-2', roomType='Class', roomCapacity=30, building=Building{id=2, buildingName='B'}}, course=Course{id=6, courseName='Biology'}, teacher=Teacher{id=7, firstName='Charlie', lastName='Byrne', faculty=Faculty{id=1, facultyName='Changed faculty name'}}}, Lesson{id=40, date=2021-01-22, startTime=16:40, endTime=18:20, classroom=Classroom{id=10, roomName='B-5', roomType='Laboratory', roomCapacity=10, building=Building{id=2, buildingName='B'}}, course=Course{id=6, courseName='Biology'}, teacher=Teacher{id=7, firstName='Charlie', lastName='Byrne', faculty=Faculty{id=1, facultyName='Changed faculty name'}}}, Lesson{id=41, date=2021-01-22, startTime=09:20, endTime=11:00, classroom=Classroom{id=14, roomName='C-4', roomType='Lecture', roomCapacity=50, building=Building{id=3, buildingName='C'}}, course=Course{id=9, courseName='Physics'}, teacher=Teacher{id=11, firstName='Sophia', lastName='Roos', faculty=Faculty{id=2, facultyName='Technical Sciences Faculty'}}}, Lesson{id=42, date=2021-01-22, startTime=11:10, endTime=12:50, classroom=Classroom{id=14, roomName='C-4', roomType='Lecture', roomCapacity=50, building=Building{id=3, buildingName='C'}}, course=Course{id=10, courseName='Geometry'}, teacher=Teacher{id=12, firstName='Mia', lastName='Brown', faculty=Faculty{id=2, facultyName='Technical Sciences Faculty'}}}, Lesson{id=43, date=2021-01-22, startTime=13:00, endTime=14:40, classroom=Classroom{id=13, roomName='C-3', roomType='Class', roomCapacity=30, building=Building{id=3, buildingName='C'}}, course=Course{id=8, courseName='Mathematics'}, teacher=Teacher{id=10, firstName='Joshua', lastName='Eve', faculty=Faculty{id=2, facultyName='Technical Sciences Faculty'}}}, Lesson{id=44, date=2021-01-22, startTime=14:50, endTime=16:30, classroom=Classroom{id=15, roomName='C-5', roomType='Laboratory', roomCapacity=10, building=Building{id=3, buildingName='C'}}, course=Course{id=9, courseName='Physics'}, teacher=Teacher{id=11, firstName='Sophia', lastName='Roos', faculty=Faculty{id=2, facultyName='Technical Sciences Faculty'}}}, Lesson{id=45, date=2021-01-22, startTime=16:40, endTime=18:20, classroom=Classroom{id=15, roomName='C-5', roomType='Laboratory', roomCapacity=10, building=Building{id=3, buildingName='C'}}, course=Course{id=10, courseName='Geometry'}, teacher=Teacher{id=12, firstName='Mia', lastName='Brown', faculty=Faculty{id=2, facultyName='Technical Sciences Faculty'}}}, Lesson{id=46, date=2021-01-25, startTime=09:20, endTime=11:00, classroom=Classroom{id=4, roomName='A-4', roomType='Lecture', roomCapacity=50, building=Building{id=1, buildingName='Changed name'}}, course=Course{id=1, courseName='History'}, teacher=Teacher{id=1, firstName='Albert', lastName='Sykes', faculty=Faculty{id=3, facultyName='Faculty of Arts'}}}, Lesson{id=47, date=2021-01-25, startTime=11:10, endTime=12:50, classroom=Classroom{id=1, roomName='A-1', roomType='Class', roomCapacity=30, building=Building{id=1, buildingName='Changed name'}}, course=Course{id=1, courseName='History'}, teacher=Teacher{id=1, firstName='Albert', lastName='Sykes', faculty=Faculty{id=3, facultyName='Faculty of Arts'}}}, Lesson{id=48, date=2021-01-25, startTime=13:00, endTime=14:40, classroom=Classroom{id=2, roomName='A-2', roomType='Class', roomCapacity=30, building=Building{id=1, buildingName='Changed name'}}, course=Course{id=2, courseName='Philosophy'}, teacher=Teacher{id=2, firstName='Stanley', lastName='Gruber', faculty=Faculty{id=3, facultyName='Faculty of Arts'}}}, Lesson{id=49, date=2021-01-25, startTime=14:50, endTime=16:30, classroom=Classroom{id=3, roomName='A-3', roomType='Class', roomCapacity=30, building=Building{id=1, buildingName='Changed name'}}, course=Course{id=2, courseName='Philosophy'}, teacher=Teacher{id=2, firstName='Stanley', lastName='Gruber', faculty=Faculty{id=3, facultyName='Faculty of Arts'}}}, Lesson{id=50, date=2021-01-25, startTime=16:40, endTime=18:20, classroom=Classroom{id=4, roomName='A-4', roomType='Lecture', roomCapacity=50, building=Building{id=1, buildingName='Changed name'}}, course=Course{id=3, courseName='Name'}, teacher=Teacher{id=3, firstName='Freya', lastName='Shepp', faculty=Faculty{id=3, facultyName='Faculty of Arts'}}}, Lesson{id=51, date=2021-01-25, startTime=09:20, endTime=11:00, classroom=Classroom{id=9, roomName='New name', roomType='Lecture', roomCapacity=50, building=Building{id=2, buildingName='B'}}, course=Course{id=6, courseName='Biology'}, teacher=Teacher{id=6, firstName='Ellie', lastName='Purh', faculty=Faculty{id=1, facultyName='Changed faculty name'}}}, Lesson{id=52, date=2021-01-25, startTime=11:10, endTime=12:50, classroom=Classroom{id=9, roomName='New name', roomType='Lecture', roomCapacity=50, building=Building{id=2, buildingName='B'}}, course=Course{id=6, courseName='Biology'}, teacher=Teacher{id=6, firstName='Ellie', lastName='Purh', faculty=Faculty{id=1, facultyName='Changed faculty name'}}}, Lesson{id=53, date=2021-01-25, startTime=13:00, endTime=14:40, classroom=Classroom{id=6, roomName='B-1', roomType='Class', roomCapacity=30, building=Building{id=2, buildingName='B'}}, course=Course{id=6, courseName='Biology'}, teacher=Teacher{id=7, firstName='Charlie', lastName='Byrne', faculty=Faculty{id=1, facultyName='Changed faculty name'}}}, Lesson{id=54, date=2021-01-25, startTime=14:50, endTime=16:30, classroom=Classroom{id=7, roomName='B-2', roomType='Class', roomCapacity=30, building=Building{id=2, buildingName='B'}}, course=Course{id=6, courseName='Biology'}, teacher=Teacher{id=7, firstName='Charlie', lastName='Byrne', faculty=Faculty{id=1, facultyName='Changed faculty name'}}}, Lesson{id=55, date=2021-01-25, startTime=16:40, endTime=18:20, classroom=Classroom{id=10, roomName='B-5', roomType='Laboratory', roomCapacity=10, building=Building{id=2, buildingName='B'}}, course=Course{id=6, courseName='Biology'}, teacher=Teacher{id=7, firstName='Charlie', lastName='Byrne', faculty=Faculty{id=1, facultyName='Changed faculty name'}}}, Lesson{id=56, date=2021-01-25, startTime=09:20, endTime=11:00, classroom=Classroom{id=14, roomName='C-4', roomType='Lecture', roomCapacity=50, building=Building{id=3, buildingName='C'}}, course=Course{id=8, courseName='Mathematics'}, teacher=Teacher{id=10, firstName='Joshua', lastName='Eve', faculty=Faculty{id=2, facultyName='Technical Sciences Faculty'}}}, Lesson{id=57, date=2021-01-25, startTime=11:10, endTime=12:50, classroom=Classroom{id=14, roomName='C-4', roomType='Lecture', roomCapacity=50, building=Building{id=3, buildingName='C'}}, course=Course{id=8, courseName='Mathematics'}, teacher=Teacher{id=10, firstName='Joshua', lastName='Eve', faculty=Faculty{id=2, facultyName='Technical Sciences Faculty'}}}, Lesson{id=58, date=2021-01-25, startTime=13:00, endTime=14:40, classroom=Classroom{id=11, roomName='C-1', roomType='Class', roomCapacity=30, building=Building{id=3, buildingName='C'}}, course=Course{id=8, courseName='Mathematics'}, teacher=Teacher{id=10, firstName='Joshua', lastName='Eve', faculty=Faculty{id=2, facultyName='Technical Sciences Faculty'}}}, Lesson{id=59, date=2021-01-25, startTime=14:50, endTime=16:30, classroom=Classroom{id=13, roomName='C-3', roomType='Class', roomCapacity=30, building=Building{id=3, buildingName='C'}}, course=Course{id=8, courseName='Mathematics'}, teacher=Teacher{id=10, firstName='Joshua', lastName='Eve', faculty=Faculty{id=2, facultyName='Technical Sciences Faculty'}}}, Lesson{id=60, date=2021-01-25, startTime=16:40, endTime=18:20, classroom=Classroom{id=15, roomName='C-5', roomType='Laboratory', roomCapacity=10, building=Building{id=3, buildingName='C'}}, course=Course{id=8, courseName='Mathematics'}, teacher=Teacher{id=10, firstName='Joshua', lastName='Eve', faculty=Faculty{id=2, facultyName='Technical Sciences Faculty'}}}, Lesson{id=61, date=2021-01-26, startTime=09:20, endTime=11:00, classroom=Classroom{id=4, roomName='A-4', roomType='Lecture', roomCapacity=50, building=Building{id=1, buildingName='Changed name'}}, course=Course{id=2, courseName='Philosophy'}, teacher=Teacher{id=2, firstName='Stanley', lastName='Gruber', faculty=Faculty{id=3, facultyName='Faculty of Arts'}}}, Lesson{id=62, date=2021-01-26, startTime=11:10, endTime=12:50, classroom=Classroom{id=1, roomName='A-1', roomType='Class', roomCapacity=30, building=Building{id=1, buildingName='Changed name'}}, course=Course{id=2, courseName='Philosophy'}, teacher=Teacher{id=2, firstName='Stanley', lastName='Gruber', faculty=Faculty{id=3, facultyName='Faculty of Arts'}}}, Lesson{id=63, date=2021-01-26, startTime=13:00, endTime=14:40, classroom=Classroom{id=2, roomName='A-2', roomType='Class', roomCapacity=30, building=Building{id=1, buildingName='Changed name'}}, course=Course{id=3, courseName='Name'}, teacher=Teacher{id=3, firstName='Freya', lastName='Shepp', faculty=Faculty{id=3, facultyName='Faculty of Arts'}}}, Lesson{id=64, date=2021-01-26, startTime=14:50, endTime=16:30, classroom=Classroom{id=3, roomName='A-3', roomType='Class', roomCapacity=30, building=Building{id=1, buildingName='Changed name'}}, course=Course{id=3, courseName='Name'}, teacher=Teacher{id=3, firstName='Freya', lastName='Shepp', faculty=Faculty{id=3, facultyName='Faculty of Arts'}}}, Lesson{id=65, date=2021-01-26, startTime=16:40, endTime=18:20, classroom=Classroom{id=4, roomName='A-4', roomType='Lecture', roomCapacity=50, building=Building{id=1, buildingName='Changed name'}}, course=Course{id=4, courseName='Political science'}, teacher=Teacher{id=4, firstName='Olivia', lastName='Blake', faculty=Faculty{id=3, facultyName='Faculty of Arts'}}}, Lesson{id=66, date=2021-01-26, startTime=09:20, endTime=11:00, classroom=Classroom{id=9, roomName='New name', roomType='Lecture', roomCapacity=50, building=Building{id=2, buildingName='B'}}, course=Course{id=7, courseName='Chemistry'}, teacher=Teacher{id=8, firstName='Samuel', lastName='Travis', faculty=Faculty{id=1, facultyName='Changed faculty name'}}}, Lesson{id=67, date=2021-01-26, startTime=11:10, endTime=12:50, classroom=Classroom{id=9, roomName='New name', roomType='Lecture', roomCapacity=50, building=Building{id=2, buildingName='B'}}, course=Course{id=7, courseName='Chemistry'}, teacher=Teacher{id=8, firstName='Samuel', lastName='Travis', faculty=Faculty{id=1, facultyName='Changed faculty name'}}}, Lesson{id=68, date=2021-01-26, startTime=13:00, endTime=14:40, classroom=Classroom{id=6, roomName='B-1', roomType='Class', roomCapacity=30, building=Building{id=2, buildingName='B'}}, course=Course{id=7, courseName='Chemistry'}, teacher=Teacher{id=9, firstName='Albert', lastName='Hill', faculty=Faculty{id=1, facultyName='Changed faculty name'}}}, Lesson{id=69, date=2021-01-26, startTime=14:50, endTime=16:30, classroom=Classroom{id=7, roomName='B-2', roomType='Class', roomCapacity=30, building=Building{id=2, buildingName='B'}}, course=Course{id=7, courseName='Chemistry'}, teacher=Teacher{id=9, firstName='Albert', lastName='Hill', faculty=Faculty{id=1, facultyName='Changed faculty name'}}}, Lesson{id=70, date=2021-01-26, startTime=16:40, endTime=18:20, classroom=Classroom{id=10, roomName='B-5', roomType='Laboratory', roomCapacity=10, building=Building{id=2, buildingName='B'}}, course=Course{id=7, courseName='Chemistry'}, teacher=Teacher{id=9, firstName='Albert', lastName='Hill', faculty=Faculty{id=1, facultyName='Changed faculty name'}}}, Lesson{id=71, date=2021-01-26, startTime=09:20, endTime=11:00, classroom=Classroom{id=14, roomName='C-4', roomType='Lecture', roomCapacity=50, building=Building{id=3, buildingName='C'}}, course=Course{id=9, courseName='Physics'}, teacher=Teacher{id=11, firstName='Sophia', lastName='Roos', faculty=Faculty{id=2, facultyName='Technical Sciences Faculty'}}}, Lesson{id=72, date=2021-01-26, startTime=11:10, endTime=12:50, classroom=Classroom{id=14, roomName='C-4', roomType='Lecture', roomCapacity=50, building=Building{id=3, buildingName='C'}}, course=Course{id=9, courseName='Physics'}, teacher=Teacher{id=11, firstName='Sophia', lastName='Roos', faculty=Faculty{id=2, facultyName='Technical Sciences Faculty'}}}, Lesson{id=73, date=2021-01-26, startTime=13:00, endTime=14:40, classroom=Classroom{id=11, roomName='C-1', roomType='Class', roomCapacity=30, building=Building{id=3, buildingName='C'}}, course=Course{id=9, courseName='Physics'}, teacher=Teacher{id=11, firstName='Sophia', lastName='Roos', faculty=Faculty{id=2, facultyName='Technical Sciences Faculty'}}}, Lesson{id=74, date=2021-01-26, startTime=14:50, endTime=16:30, classroom=Classroom{id=13, roomName='C-3', roomType='Class', roomCapacity=30, building=Building{id=3, buildingName='C'}}, course=Course{id=9, courseName='Physics'}, teacher=Teacher{id=11, firstName='Sophia', lastName='Roos', faculty=Faculty{id=2, facultyName='Technical Sciences Faculty'}}}, Lesson{id=75, date=2021-01-26, startTime=16:40, endTime=18:20, classroom=Classroom{id=15, roomName='C-5', roomType='Laboratory', roomCapacity=10, building=Building{id=3, buildingName='C'}}, course=Course{id=9, courseName='Physics'}, teacher=Teacher{id=11, firstName='Sophia', lastName='Roos', faculty=Faculty{id=2, facultyName='Technical Sciences Faculty'}}}, Lesson{id=76, date=2021-01-27, startTime=09:20, endTime=11:00, classroom=Classroom{id=4, roomName='A-4', roomType='Lecture', roomCapacity=50, building=Building{id=1, buildingName='Changed name'}}, course=Course{id=3, courseName='Name'}, teacher=Teacher{id=3, firstName='Freya', lastName='Shepp', faculty=Faculty{id=3, facultyName='Faculty of Arts'}}}, Lesson{id=77, date=2021-01-27, startTime=11:10, endTime=12:50, classroom=Classroom{id=1, roomName='A-1', roomType='Class', roomCapacity=30, building=Building{id=1, buildingName='Changed name'}}, course=Course{id=3, courseName='Name'}, teacher=Teacher{id=3, firstName='Freya', lastName='Shepp', faculty=Faculty{id=3, facultyName='Faculty of Arts'}}}, Lesson{id=78, date=2021-01-27, startTime=13:00, endTime=14:40, classroom=Classroom{id=2, roomName='A-2', roomType='Class', roomCapacity=30, building=Building{id=1, buildingName='Changed name'}}, course=Course{id=4, courseName='Political science'}, teacher=Teacher{id=4, firstName='Olivia', lastName='Blake', faculty=Faculty{id=3, facultyName='Faculty of Arts'}}}, Lesson{id=79, date=2021-01-27, startTime=14:50, endTime=16:30, classroom=Classroom{id=3, roomName='A-3', roomType='Class', roomCapacity=30, building=Building{id=1, buildingName='Changed name'}}, course=Course{id=4, courseName='Political science'}, teacher=Teacher{id=4, firstName='Olivia', lastName='Blake', faculty=Faculty{id=3, facultyName='Faculty of Arts'}}}, Lesson{id=80, date=2021-01-27, startTime=16:40, endTime=18:20, classroom=Classroom{id=4, roomName='A-4', roomType='Lecture', roomCapacity=50, building=Building{id=1, buildingName='Changed name'}}, course=Course{id=5, courseName='Culture'}, teacher=Teacher{id=5, firstName='Scarlett', lastName='Nimoy', faculty=Faculty{id=3, facultyName='Faculty of Arts'}}}, Lesson{id=81, date=2021-01-27, startTime=09:20, endTime=11:00, classroom=Classroom{id=9, roomName='New name', roomType='Lecture', roomCapacity=50, building=Building{id=2, buildingName='B'}}, course=Course{id=6, courseName='Biology'}, teacher=Teacher{id=6, firstName='Ellie', lastName='Purh', faculty=Faculty{id=1, facultyName='Changed faculty name'}}}, Lesson{id=82, date=2021-01-27, startTime=11:10, endTime=12:50, classroom=Classroom{id=9, roomName='New name', roomType='Lecture', roomCapacity=50, building=Building{id=2, buildingName='B'}}, course=Course{id=6, courseName='Biology'}, teacher=Teacher{id=6, firstName='Ellie', lastName='Purh', faculty=Faculty{id=1, facultyName='Changed faculty name'}}}, Lesson{id=83, date=2021-01-27, startTime=13:00, endTime=14:40, classroom=Classroom{id=6, roomName='B-1', roomType='Class', roomCapacity=30, building=Building{id=2, buildingName='B'}}, course=Course{id=6, courseName='Biology'}, teacher=Teacher{id=7, firstName='Charlie', lastName='Byrne', faculty=Faculty{id=1, facultyName='Changed faculty name'}}}, Lesson{id=84, date=2021-01-27, startTime=14:50, endTime=16:30, classroom=Classroom{id=7, roomName='B-2', roomType='Class', roomCapacity=30, building=Building{id=2, buildingName='B'}}, course=Course{id=6, courseName='Biology'}, teacher=Teacher{id=7, firstName='Charlie', lastName='Byrne', faculty=Faculty{id=1, facultyName='Changed faculty name'}}}, Lesson{id=85, date=2021-01-27, startTime=16:40, endTime=18:20, classroom=Classroom{id=10, roomName='B-5', roomType='Laboratory', roomCapacity=10, building=Building{id=2, buildingName='B'}}, course=Course{id=6, courseName='Biology'}, teacher=Teacher{id=7, firstName='Charlie', lastName='Byrne', faculty=Faculty{id=1, facultyName='Changed faculty name'}}}, Lesson{id=86, date=2021-01-27, startTime=09:20, endTime=11:00, classroom=Classroom{id=14, roomName='C-4', roomType='Lecture', roomCapacity=50, building=Building{id=3, buildingName='C'}}, course=Course{id=10, courseName='Geometry'}, teacher=Teacher{id=12, firstName='Mia', lastName='Brown', faculty=Faculty{id=2, facultyName='Technical Sciences Faculty'}}}, Lesson{id=87, date=2021-01-27, startTime=11:10, endTime=12:50, classroom=Classroom{id=14, roomName='C-4', roomType='Lecture', roomCapacity=50, building=Building{id=3, buildingName='C'}}, course=Course{id=10, courseName='Geometry'}, teacher=Teacher{id=12, firstName='Mia', lastName='Brown', faculty=Faculty{id=2, facultyName='Technical Sciences Faculty'}}}, Lesson{id=88, date=2021-01-27, startTime=13:00, endTime=14:40, classroom=Classroom{id=11, roomName='C-1', roomType='Class', roomCapacity=30, building=Building{id=3, buildingName='C'}}, course=Course{id=10, courseName='Geometry'}, teacher=Teacher{id=12, firstName='Mia', lastName='Brown', faculty=Faculty{id=2, facultyName='Technical Sciences Faculty'}}}, Lesson{id=89, date=2021-01-27, startTime=14:50, endTime=16:30, classroom=Classroom{id=13, roomName='C-3', roomType='Class', roomCapacity=30, building=Building{id=3, buildingName='C'}}, course=Course{id=10, courseName='Geometry'}, teacher=Teacher{id=12, firstName='Mia', lastName='Brown', faculty=Faculty{id=2, facultyName='Technical Sciences Faculty'}}}, Lesson{id=90, date=2021-01-27, startTime=16:40, endTime=18:20, classroom=Classroom{id=15, roomName='C-5', roomType='Laboratory', roomCapacity=10, building=Building{id=3, buildingName='C'}}, course=Course{id=10, courseName='Geometry'}, teacher=Teacher{id=12, firstName='Mia', lastName='Brown', faculty=Faculty{id=2, facultyName='Technical Sciences Faculty'}}}, Lesson{id=91, date=2021-01-28, startTime=09:20, endTime=11:00, classroom=Classroom{id=4, roomName='A-4', roomType='Lecture', roomCapacity=50, building=Building{id=1, buildingName='Changed name'}}, course=Course{id=4, courseName='Political science'}, teacher=Teacher{id=4, firstName='Olivia', lastName='Blake', faculty=Faculty{id=3, facultyName='Faculty of Arts'}}}, Lesson{id=92, date=2021-01-28, startTime=11:10, endTime=12:50, classroom=Classroom{id=1, roomName='A-1', roomType='Class', roomCapacity=30, building=Building{id=1, buildingName='Changed name'}}, course=Course{id=4, courseName='Political science'}, teacher=Teacher{id=4, firstName='Olivia', lastName='Blake', faculty=Faculty{id=3, facultyName='Faculty of Arts'}}}, Lesson{id=93, date=2021-01-28, startTime=13:00, endTime=14:40, classroom=Classroom{id=2, roomName='A-2', roomType='Class', roomCapacity=30, building=Building{id=1, buildingName='Changed name'}}, course=Course{id=5, courseName='Culture'}, teacher=Teacher{id=5, firstName='Scarlett', lastName='Nimoy', faculty=Faculty{id=3, facultyName='Faculty of Arts'}}}, Lesson{id=94, date=2021-01-28, startTime=14:50, endTime=16:30, classroom=Classroom{id=3, roomName='A-3', roomType='Class', roomCapacity=30, building=Building{id=1, buildingName='Changed name'}}, course=Course{id=5, courseName='Culture'}, teacher=Teacher{id=5, firstName='Scarlett', lastName='Nimoy', faculty=Faculty{id=3, facultyName='Faculty of Arts'}}}, Lesson{id=95, date=2021-01-28, startTime=16:40, endTime=18:20, classroom=Classroom{id=4, roomName='A-4', roomType='Lecture', roomCapacity=50, building=Building{id=1, buildingName='Changed name'}}, course=Course{id=1, courseName='History'}, teacher=Teacher{id=1, firstName='Albert', lastName='Sykes', faculty=Faculty{id=3, facultyName='Faculty of Arts'}}}, Lesson{id=96, date=2021-01-28, startTime=09:20, endTime=11:00, classroom=Classroom{id=9, roomName='New name', roomType='Lecture', roomCapacity=50, building=Building{id=2, buildingName='B'}}, course=Course{id=7, courseName='Chemistry'}, teacher=Teacher{id=8, firstName='Samuel', lastName='Travis', faculty=Faculty{id=1, facultyName='Changed faculty name'}}}, Lesson{id=97, date=2021-01-28, startTime=11:10, endTime=12:50, classroom=Classroom{id=9, roomName='New name', roomType='Lecture', roomCapacity=50, building=Building{id=2, buildingName='B'}}, course=Course{id=7, courseName='Chemistry'}, teacher=Teacher{id=8, firstName='Samuel', lastName='Travis', faculty=Faculty{id=1, facultyName='Changed faculty name'}}}, Lesson{id=98, date=2021-01-28, startTime=13:00, endTime=14:40, classroom=Classroom{id=6, roomName='B-1', roomType='Class', roomCapacity=30, building=Building{id=2, buildingName='B'}}, course=Course{id=7, courseName='Chemistry'}, teacher=Teacher{id=9, firstName='Albert', lastName='Hill', faculty=Faculty{id=1, facultyName='Changed faculty name'}}}, Lesson{id=99, date=2021-01-28, startTime=14:50, endTime=16:30, classroom=Classroom{id=7, roomName='B-2', roomType='Class', roomCapacity=30, building=Building{id=2, buildingName='B'}}, course=Course{id=7, courseName='Chemistry'}, teacher=Teacher{id=9, firstName='Albert', lastName='Hill', faculty=Faculty{id=1, facultyName='Changed faculty name'}}}, Lesson{id=100, date=2021-01-28, startTime=16:40, endTime=18:20, classroom=Classroom{id=10, roomName='B-5', roomType='Laboratory', roomCapacity=10, building=Building{id=2, buildingName='B'}}, course=Course{id=7, courseName='Chemistry'}, teacher=Teacher{id=9, firstName='Albert', lastName='Hill', faculty=Faculty{id=1, facultyName='Changed faculty name'}}}, Lesson{id=101, date=2021-01-28, startTime=09:20, endTime=11:00, classroom=Classroom{id=14, roomName='C-4', roomType='Lecture', roomCapacity=50, building=Building{id=3, buildingName='C'}}, course=Course{id=8, courseName='Mathematics'}, teacher=Teacher{id=10, firstName='Joshua', lastName='Eve', faculty=Faculty{id=2, facultyName='Technical Sciences Faculty'}}}, Lesson{id=102, date=2021-01-28, startTime=11:10, endTime=12:50, classroom=Classroom{id=14, roomName='C-4', roomType='Lecture', roomCapacity=50, building=Building{id=3, buildingName='C'}}, course=Course{id=8, courseName='Mathematics'}, teacher=Teacher{id=10, firstName='Joshua', lastName='Eve', faculty=Faculty{id=2, facultyName='Technical Sciences Faculty'}}}, Lesson{id=103, date=2021-01-28, startTime=13:00, endTime=14:40, classroom=Classroom{id=12, roomName='C-2', roomType='Class', roomCapacity=30, building=Building{id=3, buildingName='C'}}, course=Course{id=9, courseName='Physics'}, teacher=Teacher{id=11, firstName='Sophia', lastName='Roos', faculty=Faculty{id=2, facultyName='Technical Sciences Faculty'}}}, Lesson{id=104, date=2021-01-28, startTime=14:50, endTime=16:30, classroom=Classroom{id=12, roomName='C-2', roomType='Class', roomCapacity=30, building=Building{id=3, buildingName='C'}}, course=Course{id=10, courseName='Geometry'}, teacher=Teacher{id=12, firstName='Mia', lastName='Brown', faculty=Faculty{id=2, facultyName='Technical Sciences Faculty'}}}, Lesson{id=105, date=2021-01-28, startTime=16:40, endTime=18:20, classroom=Classroom{id=15, roomName='C-5', roomType='Laboratory', roomCapacity=10, building=Building{id=3, buildingName='C'}}, course=Course{id=8, courseName='Mathematics'}, teacher=Teacher{id=10, firstName='Joshua', lastName='Eve', faculty=Faculty{id=2, facultyName='Technical Sciences Faculty'}}}, Lesson{id=106, date=2021-01-29, startTime=09:20, endTime=11:00, classroom=Classroom{id=4, roomName='A-4', roomType='Lecture', roomCapacity=50, building=Building{id=1, buildingName='Changed name'}}, course=Course{id=5, courseName='Culture'}, teacher=Teacher{id=5, firstName='Scarlett', lastName='Nimoy', faculty=Faculty{id=3, facultyName='Faculty of Arts'}}}, Lesson{id=107, date=2021-01-29, startTime=11:10, endTime=12:50, classroom=Classroom{id=1, roomName='A-1', roomType='Class', roomCapacity=30, building=Building{id=1, buildingName='Changed name'}}, course=Course{id=5, courseName='Culture'}, teacher=Teacher{id=5, firstName='Scarlett', lastName='Nimoy', faculty=Faculty{id=3, facultyName='Faculty of Arts'}}}, Lesson{id=108, date=2021-01-29, startTime=13:00, endTime=14:40, classroom=Classroom{id=2, roomName='A-2', roomType='Class', roomCapacity=30, building=Building{id=1, buildingName='Changed name'}}, course=Course{id=1, courseName='History'}, teacher=Teacher{id=1, firstName='Albert', lastName='Sykes', faculty=Faculty{id=3, facultyName='Faculty of Arts'}}}, Lesson{id=109, date=2021-01-29, startTime=14:50, endTime=16:30, classroom=Classroom{id=3, roomName='A-3', roomType='Class', roomCapacity=30, building=Building{id=1, buildingName='Changed name'}}, course=Course{id=1, courseName='History'}, teacher=Teacher{id=1, firstName='Albert', lastName='Sykes', faculty=Faculty{id=3, facultyName='Faculty of Arts'}}}, Lesson{id=110, date=2021-01-29, startTime=16:40, endTime=18:20, classroom=Classroom{id=4, roomName='A-4', roomType='Lecture', roomCapacity=50, building=Building{id=1, buildingName='Changed name'}}, course=Course{id=2, courseName='Philosophy'}, teacher=Teacher{id=2, firstName='Stanley', lastName='Gruber', faculty=Faculty{id=3, facultyName='Faculty of Arts'}}}, Lesson{id=111, date=2021-01-29, startTime=09:20, endTime=11:00, classroom=Classroom{id=9, roomName='New name', roomType='Lecture', roomCapacity=50, building=Building{id=2, buildingName='B'}}, course=Course{id=6, courseName='Biology'}, teacher=Teacher{id=6, firstName='Ellie', lastName='Purh', faculty=Faculty{id=1, facultyName='Changed faculty name'}}}, Lesson{id=112, date=2021-01-29, startTime=11:10, endTime=12:50, classroom=Classroom{id=9, roomName='New name', roomType='Lecture', roomCapacity=50, building=Building{id=2, buildingName='B'}}, course=Course{id=6, courseName='Biology'}, teacher=Teacher{id=6, firstName='Ellie', lastName='Purh', faculty=Faculty{id=1, facultyName='Changed faculty name'}}}, Lesson{id=113, date=2021-01-29, startTime=13:00, endTime=14:40, classroom=Classroom{id=6, roomName='B-1', roomType='Class', roomCapacity=30, building=Building{id=2, buildingName='B'}}, course=Course{id=6, courseName='Biology'}, teacher=Teacher{id=7, firstName='Charlie', lastName='Byrne', faculty=Faculty{id=1, facultyName='Changed faculty name'}}}, Lesson{id=114, date=2021-01-29, startTime=14:50, endTime=16:30, classroom=Classroom{id=7, roomName='B-2', roomType='Class', roomCapacity=30, building=Building{id=2, buildingName='B'}}, course=Course{id=6, courseName='Biology'}, teacher=Teacher{id=7, firstName='Charlie', lastName='Byrne', faculty=Faculty{id=1, facultyName='Changed faculty name'}}}, Lesson{id=115, date=2021-01-29, startTime=16:40, endTime=18:20, classroom=Classroom{id=10, roomName='B-5', roomType='Laboratory', roomCapacity=10, building=Building{id=2, buildingName='B'}}, course=Course{id=6, courseName='Biology'}, teacher=Teacher{id=7, firstName='Charlie', lastName='Byrne', faculty=Faculty{id=1, facultyName='Changed faculty name'}}}, Lesson{id=116, date=2021-01-29, startTime=09:20, endTime=11:00, classroom=Classroom{id=14, roomName='C-4', roomType='Lecture', roomCapacity=50, building=Building{id=3, buildingName='C'}}, course=Course{id=9, courseName='Physics'}, teacher=Teacher{id=11, firstName='Sophia', lastName='Roos', faculty=Faculty{id=2, facultyName='Technical Sciences Faculty'}}}, Lesson{id=117, date=2021-01-29, startTime=11:10, endTime=12:50, classroom=Classroom{id=14, roomName='C-4', roomType='Lecture', roomCapacity=50, building=Building{id=3, buildingName='C'}}, course=Course{id=10, courseName='Geometry'}, teacher=Teacher{id=12, firstName='Mia', lastName='Brown', faculty=Faculty{id=2, facultyName='Technical Sciences Faculty'}}}, Lesson{id=118, date=2021-01-29, startTime=13:00, endTime=14:40, classroom=Classroom{id=13, roomName='C-3', roomType='Class', roomCapacity=30, building=Building{id=3, buildingName='C'}}, course=Course{id=8, courseName='Mathematics'}, teacher=Teacher{id=10, firstName='Joshua', lastName='Eve', faculty=Faculty{id=2, facultyName='Technical Sciences Faculty'}}}, Lesson{id=119, date=2021-01-29, startTime=14:50, endTime=16:30, classroom=Classroom{id=15, roomName='C-5', roomType='Laboratory', roomCapacity=10, building=Building{id=3, buildingName='C'}}, course=Course{id=9, courseName='Physics'}, teacher=Teacher{id=11, firstName='Sophia', lastName='Roos', faculty=Faculty{id=2, facultyName='Technical Sciences Faculty'}}}, Lesson{id=120, date=2021-01-29, startTime=16:40, endTime=18:20, classroom=Classroom{id=15, roomName='C-5', roomType='Laboratory', roomCapacity=10, building=Building{id=3, buildingName='C'}}, course=Course{id=10, courseName='Geometry'}, teacher=Teacher{id=12, firstName='Mia', lastName='Brown', faculty=Faculty{id=2, facultyName='Technical Sciences Faculty'}}}, Lesson{id=121, date=2021-02-01, startTime=09:20, endTime=11:00, classroom=Classroom{id=4, roomName='A-4', roomType='Lecture', roomCapacity=50, building=Building{id=1, buildingName='Changed name'}}, course=Course{id=1, courseName='History'}, teacher=Teacher{id=1, firstName='Albert', lastName='Sykes', faculty=Faculty{id=3, facultyName='Faculty of Arts'}}}, Lesson{id=122, date=2021-02-01, startTime=11:10, endTime=12:50, classroom=Classroom{id=1, roomName='A-1', roomType='Class', roomCapacity=30, building=Building{id=1, buildingName='Changed name'}}, course=Course{id=1, courseName='History'}, teacher=Teacher{id=1, firstName='Albert', lastName='Sykes', faculty=Faculty{id=3, facultyName='Faculty of Arts'}}}, Lesson{id=123, date=2021-02-01, startTime=13:00, endTime=14:40, classroom=Classroom{id=2, roomName='A-2', roomType='Class', roomCapacity=30, building=Building{id=1, buildingName='Changed name'}}, course=Course{id=2, courseName='Philosophy'}, teacher=Teacher{id=2, firstName='Stanley', lastName='Gruber', faculty=Faculty{id=3, facultyName='Faculty of Arts'}}}, Lesson{id=124, date=2021-02-01, startTime=14:50, endTime=16:30, classroom=Classroom{id=3, roomName='A-3', roomType='Class', roomCapacity=30, building=Building{id=1, buildingName='Changed name'}}, course=Course{id=2, courseName='Philosophy'}, teacher=Teacher{id=2, firstName='Stanley', lastName='Gruber', faculty=Faculty{id=3, facultyName='Faculty of Arts'}}}, Lesson{id=125, date=2021-02-01, startTime=16:40, endTime=18:20, classroom=Classroom{id=4, roomName='A-4', roomType='Lecture', roomCapacity=50, building=Building{id=1, buildingName='Changed name'}}, course=Course{id=3, courseName='Name'}, teacher=Teacher{id=3, firstName='Freya', lastName='Shepp', faculty=Faculty{id=3, facultyName='Faculty of Arts'}}}, Lesson{id=126, date=2021-02-01, startTime=09:20, endTime=11:00, classroom=Classroom{id=9, roomName='New name', roomType='Lecture', roomCapacity=50, building=Building{id=2, buildingName='B'}}, course=Course{id=6, courseName='Biology'}, teacher=Teacher{id=6, firstName='Ellie', lastName='Purh', faculty=Faculty{id=1, facultyName='Changed faculty name'}}}, Lesson{id=127, date=2021-02-01, startTime=11:10, endTime=12:50, classroom=Classroom{id=9, roomName='New name', roomType='Lecture', roomCapacity=50, building=Building{id=2, buildingName='B'}}, course=Course{id=6, courseName='Biology'}, teacher=Teacher{id=6, firstName='Ellie', lastName='Purh', faculty=Faculty{id=1, facultyName='Changed faculty name'}}}, Lesson{id=128, date=2021-02-01, startTime=13:00, endTime=14:40, classroom=Classroom{id=6, roomName='B-1', roomType='Class', roomCapacity=30, building=Building{id=2, buildingName='B'}}, course=Course{id=6, courseName='Biology'}, teacher=Teacher{id=7, firstName='Charlie', lastName='Byrne', faculty=Faculty{id=1, facultyName='Changed faculty name'}}}, Lesson{id=129, date=2021-02-01, startTime=14:50, endTime=16:30, classroom=Classroom{id=7, roomName='B-2', roomType='Class', roomCapacity=30, building=Building{id=2, buildingName='B'}}, course=Course{id=6, courseName='Biology'}, teacher=Teacher{id=7, firstName='Charlie', lastName='Byrne', faculty=Faculty{id=1, facultyName='Changed faculty name'}}}, Lesson{id=130, date=2021-02-01, startTime=16:40, endTime=18:20, classroom=Classroom{id=10, roomName='B-5', roomType='Laboratory', roomCapacity=10, building=Building{id=2, buildingName='B'}}, course=Course{id=6, courseName='Biology'}, teacher=Teacher{id=7, firstName='Charlie', lastName='Byrne', faculty=Faculty{id=1, facultyName='Changed faculty name'}}}, Lesson{id=131, date=2021-02-01, startTime=09:20, endTime=11:00, classroom=Classroom{id=14, roomName='C-4', roomType='Lecture', roomCapacity=50, building=Building{id=3, buildingName='C'}}, course=Course{id=8, courseName='Mathematics'}, teacher=Teacher{id=10, firstName='Joshua', lastName='Eve', faculty=Faculty{id=2, facultyName='Technical Sciences Faculty'}}}, Lesson{id=132, date=2021-02-01, startTime=11:10, endTime=12:50, classroom=Classroom{id=14, roomName='C-4', roomType='Lecture', roomCapacity=50, building=Building{id=3, buildingName='C'}}, course=Course{id=8, courseName='Mathematics'}, teacher=Teacher{id=10, firstName='Joshua', lastName='Eve', faculty=Faculty{id=2, facultyName='Technical Sciences Faculty'}}}, Lesson{id=133, date=2021-02-01, startTime=13:00, endTime=14:40, classroom=Classroom{id=11, roomName='C-1', roomType='Class', roomCapacity=30, building=Building{id=3, buildingName='C'}}, course=Course{id=8, courseName='Mathematics'}, teacher=Teacher{id=10, firstName='Joshua', lastName='Eve', faculty=Faculty{id=2, facultyName='Technical Sciences Faculty'}}}, Lesson{id=134, date=2021-02-01, startTime=14:50, endTime=16:30, classroom=Classroom{id=13, roomName='C-3', roomType='Class', roomCapacity=30, building=Building{id=3, buildingName='C'}}, course=Course{id=8, courseName='Mathematics'}, teacher=Teacher{id=10, firstName='Joshua', lastName='Eve', faculty=Faculty{id=2, facultyName='Technical Sciences Faculty'}}}, Lesson{id=135, date=2021-02-01, startTime=16:40, endTime=18:20, classroom=Classroom{id=15, roomName='C-5', roomType='Laboratory', roomCapacity=10, building=Building{id=3, buildingName='C'}}, course=Course{id=8, courseName='Mathematics'}, teacher=Teacher{id=10, firstName='Joshua', lastName='Eve', faculty=Faculty{id=2, facultyName='Technical Sciences Faculty'}}}, Lesson{id=136, date=2021-02-02, startTime=09:20, endTime=11:00, classroom=Classroom{id=4, roomName='A-4', roomType='Lecture', roomCapacity=50, building=Building{id=1, buildingName='Changed name'}}, course=Course{id=2, courseName='Philosophy'}, teacher=Teacher{id=2, firstName='Stanley', lastName='Gruber', faculty=Faculty{id=3, facultyName='Faculty of Arts'}}}, Lesson{id=137, date=2021-02-02, startTime=11:10, endTime=12:50, classroom=Classroom{id=1, roomName='A-1', roomType='Class', roomCapacity=30, building=Building{id=1, buildingName='Changed name'}}, course=Course{id=2, courseName='Philosophy'}, teacher=Teacher{id=2, firstName='Stanley', lastName='Gruber', faculty=Faculty{id=3, facultyName='Faculty of Arts'}}}, Lesson{id=138, date=2021-02-02, startTime=13:00, endTime=14:40, classroom=Classroom{id=2, roomName='A-2', roomType='Class', roomCapacity=30, building=Building{id=1, buildingName='Changed name'}}, course=Course{id=3, courseName='Name'}, teacher=Teacher{id=3, firstName='Freya', lastName='Shepp', faculty=Faculty{id=3, facultyName='Faculty of Arts'}}}, Lesson{id=139, date=2021-02-02, startTime=14:50, endTime=16:30, classroom=Classroom{id=3, roomName='A-3', roomType='Class', roomCapacity=30, building=Building{id=1, buildingName='Changed name'}}, course=Course{id=3, courseName='Name'}, teacher=Teacher{id=3, firstName='Freya', lastName='Shepp', faculty=Faculty{id=3, facultyName='Faculty of Arts'}}}, Lesson{id=140, date=2021-02-02, startTime=16:40, endTime=18:20, classroom=Classroom{id=4, roomName='A-4', roomType='Lecture', roomCapacity=50, building=Building{id=1, buildingName='Changed name'}}, course=Course{id=4, courseName='Political science'}, teacher=Teacher{id=4, firstName='Olivia', lastName='Blake', faculty=Faculty{id=3, facultyName='Faculty of Arts'}}}, Lesson{id=141, date=2021-02-02, startTime=09:20, endTime=11:00, classroom=Classroom{id=9, roomName='New name', roomType='Lecture', roomCapacity=50, building=Building{id=2, buildingName='B'}}, course=Course{id=7, courseName='Chemistry'}, teacher=Teacher{id=8, firstName='Samuel', lastName='Travis', faculty=Faculty{id=1, facultyName='Changed faculty name'}}}, Lesson{id=142, date=2021-02-02, startTime=11:10, endTime=12:50, classroom=Classroom{id=9, roomName='New name', roomType='Lecture', roomCapacity=50, building=Building{id=2, buildingName='B'}}, course=Course{id=7, courseName='Chemistry'}, teacher=Teacher{id=8, firstName='Samuel', lastName='Travis', faculty=Faculty{id=1, facultyName='Changed faculty name'}}}, Lesson{id=143, date=2021-02-02, startTime=13:00, endTime=14:40, classroom=Classroom{id=6, roomName='B-1', roomType='Class', roomCapacity=30, building=Building{id=2, buildingName='B'}}, course=Course{id=7, courseName='Chemistry'}, teacher=Teacher{id=9, firstName='Albert', lastName='Hill', faculty=Faculty{id=1, facultyName='Changed faculty name'}}}, Lesson{id=144, date=2021-02-02, startTime=14:50, endTime=16:30, classroom=Classroom{id=7, roomName='B-2', roomType='Class', roomCapacity=30, building=Building{id=2, buildingName='B'}}, course=Course{id=7, courseName='Chemistry'}, teacher=Teacher{id=9, firstName='Albert', lastName='Hill', faculty=Faculty{id=1, facultyName='Changed faculty name'}}}, Lesson{id=145, date=2021-02-02, startTime=16:40, endTime=18:20, classroom=Classroom{id=10, roomName='B-5', roomType='Laboratory', roomCapacity=10, building=Building{id=2, buildingName='B'}}, course=Course{id=7, courseName='Chemistry'}, teacher=Teacher{id=9, firstName='Albert', lastName='Hill', faculty=Faculty{id=1, facultyName='Changed faculty name'}}}, Lesson{id=146, date=2021-02-02, startTime=09:20, endTime=11:00, classroom=Classroom{id=14, roomName='C-4', roomType='Lecture', roomCapacity=50, building=Building{id=3, buildingName='C'}}, course=Course{id=9, courseName='Physics'}, teacher=Teacher{id=11, firstName='Sophia', lastName='Roos', faculty=Faculty{id=2, facultyName='Technical Sciences Faculty'}}}, Lesson{id=147, date=2021-02-02, startTime=11:10, endTime=12:50, classroom=Classroom{id=14, roomName='C-4', roomType='Lecture', roomCapacity=50, building=Building{id=3, buildingName='C'}}, course=Course{id=9, courseName='Physics'}, teacher=Teacher{id=11, firstName='Sophia', lastName='Roos', faculty=Faculty{id=2, facultyName='Technical Sciences Faculty'}}}, Lesson{id=148, date=2021-02-02, startTime=13:00, endTime=14:40, classroom=Classroom{id=11, roomName='C-1', roomType='Class', roomCapacity=30, building=Building{id=3, buildingName='C'}}, course=Course{id=9, courseName='Physics'}, teacher=Teacher{id=11, firstName='Sophia', lastName='Roos', faculty=Faculty{id=2, facultyName='Technical Sciences Faculty'}}}, Lesson{id=149, date=2021-02-02, startTime=14:50, endTime=16:30, classroom=Classroom{id=13, roomName='C-3', roomType='Class', roomCapacity=30, building=Building{id=3, buildingName='C'}}, course=Course{id=9, courseName='Physics'}, teacher=Teacher{id=11, firstName='Sophia', lastName='Roos', faculty=Faculty{id=2, facultyName='Technical Sciences Faculty'}}}, Lesson{id=150, date=2021-02-02, startTime=16:40, endTime=18:20, classroom=Classroom{id=15, roomName='C-5', roomType='Laboratory', roomCapacity=10, building=Building{id=3, buildingName='C'}}, course=Course{id=9, courseName='Physics'}, teacher=Teacher{id=11, firstName='Sophia', lastName='Roos', faculty=Faculty{id=2, facultyName='Technical Sciences Faculty'}}}, Lesson{id=151, date=2021-02-03, startTime=09:20, endTime=11:00, classroom=Classroom{id=4, roomName='A-4', roomType='Lecture', roomCapacity=50, building=Building{id=1, buildingName='Changed name'}}, course=Course{id=3, courseName='Name'}, teacher=Teacher{id=3, firstName='Freya', lastName='Shepp', faculty=Faculty{id=3, facultyName='Faculty of Arts'}}}, Lesson{id=152, date=2021-02-03, startTime=11:10, endTime=12:50, classroom=Classroom{id=1, roomName='A-1', roomType='Class', roomCapacity=30, building=Building{id=1, buildingName='Changed name'}}, course=Course{id=3, courseName='Name'}, teacher=Teacher{id=3, firstName='Freya', lastName='Shepp', faculty=Faculty{id=3, facultyName='Faculty of Arts'}}}, Lesson{id=153, date=2021-02-03, startTime=13:00, endTime=14:40, classroom=Classroom{id=2, roomName='A-2', roomType='Class', roomCapacity=30, building=Building{id=1, buildingName='Changed name'}}, course=Course{id=4, courseName='Political science'}, teacher=Teacher{id=4, firstName='Olivia', lastName='Blake', faculty=Faculty{id=3, facultyName='Faculty of Arts'}}}, Lesson{id=154, date=2021-02-03, startTime=14:50, endTime=16:30, classroom=Classroom{id=3, roomName='A-3', roomType='Class', roomCapacity=30, building=Building{id=1, buildingName='Changed name'}}, course=Course{id=4, courseName='Political science'}, teacher=Teacher{id=4, firstName='Olivia', lastName='Blake', faculty=Faculty{id=3, facultyName='Faculty of Arts'}}}, Lesson{id=155, date=2021-02-03, startTime=16:40, endTime=18:20, classroom=Classroom{id=4, roomName='A-4', roomType='Lecture', roomCapacity=50, building=Building{id=1, buildingName='Changed name'}}, course=Course{id=5, courseName='Culture'}, teacher=Teacher{id=5, firstName='Scarlett', lastName='Nimoy', faculty=Faculty{id=3, facultyName='Faculty of Arts'}}}, Lesson{id=156, date=2021-02-03, startTime=09:20, endTime=11:00, classroom=Classroom{id=9, roomName='New name', roomType='Lecture', roomCapacity=50, building=Building{id=2, buildingName='B'}}, course=Course{id=6, courseName='Biology'}, teacher=Teacher{id=6, firstName='Ellie', lastName='Purh', faculty=Faculty{id=1, facultyName='Changed faculty name'}}}, Lesson{id=157, date=2021-02-03, startTime=11:10, endTime=12:50, classroom=Classroom{id=9, roomName='New name', roomType='Lecture', roomCapacity=50, building=Building{id=2, buildingName='B'}}, course=Course{id=6, courseName='Biology'}, teacher=Teacher{id=6, firstName='Ellie', lastName='Purh', faculty=Faculty{id=1, facultyName='Changed faculty name'}}}, Lesson{id=158, date=2021-02-03, startTime=13:00, endTime=14:40, classroom=Classroom{id=6, roomName='B-1', roomType='Class', roomCapacity=30, building=Building{id=2, buildingName='B'}}, course=Course{id=6, courseName='Biology'}, teacher=Teacher{id=7, firstName='Charlie', lastName='Byrne', faculty=Faculty{id=1, facultyName='Changed faculty name'}}}, Lesson{id=159, date=2021-02-03, startTime=14:50, endTime=16:30, classroom=Classroom{id=7, roomName='B-2', roomType='Class', roomCapacity=30, building=Building{id=2, buildingName='B'}}, course=Course{id=6, courseName='Biology'}, teacher=Teacher{id=7, firstName='Charlie', lastName='Byrne', faculty=Faculty{id=1, facultyName='Changed faculty name'}}}, Lesson{id=160, date=2021-02-03, startTime=16:40, endTime=18:20, classroom=Classroom{id=10, roomName='B-5', roomType='Laboratory', roomCapacity=10, building=Building{id=2, buildingName='B'}}, course=Course{id=6, courseName='Biology'}, teacher=Teacher{id=7, firstName='Charlie', lastName='Byrne', faculty=Faculty{id=1, facultyName='Changed faculty name'}}}, Lesson{id=161, date=2021-02-03, startTime=09:20, endTime=11:00, classroom=Classroom{id=14, roomName='C-4', roomType='Lecture', roomCapacity=50, building=Building{id=3, buildingName='C'}}, course=Course{id=10, courseName='Geometry'}, teacher=Teacher{id=12, firstName='Mia', lastName='Brown', faculty=Faculty{id=2, facultyName='Technical Sciences Faculty'}}}, Lesson{id=162, date=2021-02-03, startTime=11:10, endTime=12:50, classroom=Classroom{id=14, roomName='C-4', roomType='Lecture', roomCapacity=50, building=Building{id=3, buildingName='C'}}, course=Course{id=10, courseName='Geometry'}, teacher=Teacher{id=12, firstName='Mia', lastName='Brown', faculty=Faculty{id=2, facultyName='Technical Sciences Faculty'}}}, Lesson{id=163, date=2021-02-03, startTime=13:00, endTime=14:40, classroom=Classroom{id=11, roomName='C-1', roomType='Class', roomCapacity=30, building=Building{id=3, buildingName='C'}}, course=Course{id=10, courseName='Geometry'}, teacher=Teacher{id=12, firstName='Mia', lastName='Brown', faculty=Faculty{id=2, facultyName='Technical Sciences Faculty'}}}, Lesson{id=164, date=2021-02-03, startTime=14:50, endTime=16:30, classroom=Classroom{id=13, roomName='C-3', roomType='Class', roomCapacity=30, building=Building{id=3, buildingName='C'}}, course=Course{id=10, courseName='Geometry'}, teacher=Teacher{id=12, firstName='Mia', lastName='Brown', faculty=Faculty{id=2, facultyName='Technical Sciences Faculty'}}}, Lesson{id=165, date=2021-02-03, startTime=16:40, endTime=18:20, classroom=Classroom{id=15, roomName='C-5', roomType='Laboratory', roomCapacity=10, building=Building{id=3, buildingName='C'}}, course=Course{id=10, courseName='Geometry'}, teacher=Teacher{id=12, firstName='Mia', lastName='Brown', faculty=Faculty{id=2, facultyName='Technical Sciences Faculty'}}}, Lesson{id=166, date=2021-02-04, startTime=09:20, endTime=11:00, classroom=Classroom{id=4, roomName='A-4', roomType='Lecture', roomCapacity=50, building=Building{id=1, buildingName='Changed name'}}, course=Course{id=4, courseName='Political science'}, teacher=Teacher{id=4, firstName='Olivia', lastName='Blake', faculty=Faculty{id=3, facultyName='Faculty of Arts'}}}, Lesson{id=167, date=2021-02-04, startTime=11:10, endTime=12:50, classroom=Classroom{id=1, roomName='A-1', roomType='Class', roomCapacity=30, building=Building{id=1, buildingName='Changed name'}}, course=Course{id=4, courseName='Political science'}, teacher=Teacher{id=4, firstName='Olivia', lastName='Blake', faculty=Faculty{id=3, facultyName='Faculty of Arts'}}}, Lesson{id=168, date=2021-02-04, startTime=13:00, endTime=14:40, classroom=Classroom{id=2, roomName='A-2', roomType='Class', roomCapacity=30, building=Building{id=1, buildingName='Changed name'}}, course=Course{id=5, courseName='Culture'}, teacher=Teacher{id=5, firstName='Scarlett', lastName='Nimoy', faculty=Faculty{id=3, facultyName='Faculty of Arts'}}}, Lesson{id=169, date=2021-02-04, startTime=14:50, endTime=16:30, classroom=Classroom{id=3, roomName='A-3', roomType='Class', roomCapacity=30, building=Building{id=1, buildingName='Changed name'}}, course=Course{id=5, courseName='Culture'}, teacher=Teacher{id=5, firstName='Scarlett', lastName='Nimoy', faculty=Faculty{id=3, facultyName='Faculty of Arts'}}}, Lesson{id=170, date=2021-02-04, startTime=16:40, endTime=18:20, classroom=Classroom{id=4, roomName='A-4', roomType='Lecture', roomCapacity=50, building=Building{id=1, buildingName='Changed name'}}, course=Course{id=1, courseName='History'}, teacher=Teacher{id=1, firstName='Albert', lastName='Sykes', faculty=Faculty{id=3, facultyName='Faculty of Arts'}}}, Lesson{id=171, date=2021-02-04, startTime=09:20, endTime=11:00, classroom=Classroom{id=9, roomName='New name', roomType='Lecture', roomCapacity=50, building=Building{id=2, buildingName='B'}}, course=Course{id=7, courseName='Chemistry'}, teacher=Teacher{id=8, firstName='Samuel', lastName='Travis', faculty=Faculty{id=1, facultyName='Changed faculty name'}}}, Lesson{id=172, date=2021-02-04, startTime=11:10, endTime=12:50, classroom=Classroom{id=9, roomName='New name', roomType='Lecture', roomCapacity=50, building=Building{id=2, buildingName='B'}}, course=Course{id=7, courseName='Chemistry'}, teacher=Teacher{id=8, firstName='Samuel', lastName='Travis', faculty=Faculty{id=1, facultyName='Changed faculty name'}}}, Lesson{id=173, date=2021-02-04, startTime=13:00, endTime=14:40, classroom=Classroom{id=6, roomName='B-1', roomType='Class', roomCapacity=30, building=Building{id=2, buildingName='B'}}, course=Course{id=7, courseName='Chemistry'}, teacher=Teacher{id=9, firstName='Albert', lastName='Hill', faculty=Faculty{id=1, facultyName='Changed faculty name'}}}, Lesson{id=174, date=2021-02-04, startTime=14:50, endTime=16:30, classroom=Classroom{id=7, roomName='B-2', roomType='Class', roomCapacity=30, building=Building{id=2, buildingName='B'}}, course=Course{id=7, courseName='Chemistry'}, teacher=Teacher{id=9, firstName='Albert', lastName='Hill', faculty=Faculty{id=1, facultyName='Changed faculty name'}}}, Lesson{id=175, date=2021-02-04, startTime=16:40, endTime=18:20, classroom=Classroom{id=10, roomName='B-5', roomType='Laboratory', roomCapacity=10, building=Building{id=2, buildingName='B'}}, course=Course{id=7, courseName='Chemistry'}, teacher=Teacher{id=9, firstName='Albert', lastName='Hill', faculty=Faculty{id=1, facultyName='Changed faculty name'}}}, Lesson{id=176, date=2021-02-04, startTime=09:20, endTime=11:00, classroom=Classroom{id=14, roomName='C-4', roomType='Lecture', roomCapacity=50, building=Building{id=3, buildingName='C'}}, course=Course{id=8, courseName='Mathematics'}, teacher=Teacher{id=10, firstName='Joshua', lastName='Eve', faculty=Faculty{id=2, facultyName='Technical Sciences Faculty'}}}, Lesson{id=177, date=2021-02-04, startTime=11:10, endTime=12:50, classroom=Classroom{id=14, roomName='C-4', roomType='Lecture', roomCapacity=50, building=Building{id=3, buildingName='C'}}, course=Course{id=8, courseName='Mathematics'}, teacher=Teacher{id=10, firstName='Joshua', lastName='Eve', faculty=Faculty{id=2, facultyName='Technical Sciences Faculty'}}}, Lesson{id=178, date=2021-02-04, startTime=13:00, endTime=14:40, classroom=Classroom{id=12, roomName='C-2', roomType='Class', roomCapacity=30, building=Building{id=3, buildingName='C'}}, course=Course{id=9, courseName='Physics'}, teacher=Teacher{id=11, firstName='Sophia', lastName='Roos', faculty=Faculty{id=2, facultyName='Technical Sciences Faculty'}}}, Lesson{id=179, date=2021-02-04, startTime=14:50, endTime=16:30, classroom=Classroom{id=12, roomName='C-2', roomType='Class', roomCapacity=30, building=Building{id=3, buildingName='C'}}, course=Course{id=10, courseName='Geometry'}, teacher=Teacher{id=12, firstName='Mia', lastName='Brown', faculty=Faculty{id=2, facultyName='Technical Sciences Faculty'}}}, Lesson{id=180, date=2021-02-04, startTime=16:40, endTime=18:20, classroom=Classroom{id=15, roomName='C-5', roomType='Laboratory', roomCapacity=10, building=Building{id=3, buildingName='C'}}, course=Course{id=8, courseName='Mathematics'}, teacher=Teacher{id=10, firstName='Joshua', lastName='Eve', faculty=Faculty{id=2, facultyName='Technical Sciences Faculty'}}}, Lesson{id=181, date=2021-02-05, startTime=09:20, endTime=11:00, classroom=Classroom{id=4, roomName='A-4', roomType='Lecture', roomCapacity=50, building=Building{id=1, buildingName='Changed name'}}, course=Course{id=5, courseName='Culture'}, teacher=Teacher{id=5, firstName='Scarlett', lastName='Nimoy', faculty=Faculty{id=3, facultyName='Faculty of Arts'}}}, Lesson{id=182, date=2021-02-05, startTime=11:10, endTime=12:50, classroom=Classroom{id=1, roomName='A-1', roomType='Class', roomCapacity=30, building=Building{id=1, buildingName='Changed name'}}, course=Course{id=5, courseName='Culture'}, teacher=Teacher{id=5, firstName='Scarlett', lastName='Nimoy', faculty=Faculty{id=3, facultyName='Faculty of Arts'}}}, Lesson{id=183, date=2021-02-05, startTime=13:00, endTime=14:40, classroom=Classroom{id=2, roomName='A-2', roomType='Class', roomCapacity=30, building=Building{id=1, buildingName='Changed name'}}, course=Course{id=1, courseName='History'}, teacher=Teacher{id=1, firstName='Albert', lastName='Sykes', faculty=Faculty{id=3, facultyName='Faculty of Arts'}}}, Lesson{id=184, date=2021-02-05, startTime=14:50, endTime=16:30, classroom=Classroom{id=3, roomName='A-3', roomType='Class', roomCapacity=30, building=Building{id=1, buildingName='Changed name'}}, course=Course{id=1, courseName='History'}, teacher=Teacher{id=1, firstName='Albert', lastName='Sykes', faculty=Faculty{id=3, facultyName='Faculty of Arts'}}}, Lesson{id=185, date=2021-02-05, startTime=16:40, endTime=18:20, classroom=Classroom{id=4, roomName='A-4', roomType='Lecture', roomCapacity=50, building=Building{id=1, buildingName='Changed name'}}, course=Course{id=2, courseName='Philosophy'}, teacher=Teacher{id=2, firstName='Stanley', lastName='Gruber', faculty=Faculty{id=3, facultyName='Faculty of Arts'}}}, Lesson{id=186, date=2021-02-05, startTime=09:20, endTime=11:00, classroom=Classroom{id=9, roomName='New name', roomType='Lecture', roomCapacity=50, building=Building{id=2, buildingName='B'}}, course=Course{id=6, courseName='Biology'}, teacher=Teacher{id=6, firstName='Ellie', lastName='Purh', faculty=Faculty{id=1, facultyName='Changed faculty name'}}}, Lesson{id=187, date=2021-02-05, startTime=11:10, endTime=12:50, classroom=Classroom{id=9, roomName='New name', roomType='Lecture', roomCapacity=50, building=Building{id=2, buildingName='B'}}, course=Course{id=6, courseName='Biology'}, teacher=Teacher{id=6, firstName='Ellie', lastName='Purh', faculty=Faculty{id=1, facultyName='Changed faculty name'}}}, Lesson{id=188, date=2021-02-05, startTime=13:00, endTime=14:40, classroom=Classroom{id=6, roomName='B-1', roomType='Class', roomCapacity=30, building=Building{id=2, buildingName='B'}}, course=Course{id=6, courseName='Biology'}, teacher=Teacher{id=7, firstName='Charlie', lastName='Byrne', faculty=Faculty{id=1, facultyName='Changed faculty name'}}}, Lesson{id=189, date=2021-02-05, startTime=14:50, endTime=16:30, classroom=Classroom{id=7, roomName='B-2', roomType='Class', roomCapacity=30, building=Building{id=2, buildingName='B'}}, course=Course{id=6, courseName='Biology'}, teacher=Teacher{id=7, firstName='Charlie', lastName='Byrne', faculty=Faculty{id=1, facultyName='Changed faculty name'}}}, Lesson{id=190, date=2021-02-05, startTime=16:40, endTime=18:20, classroom=Classroom{id=10, roomName='B-5', roomType='Laboratory', roomCapacity=10, building=Building{id=2, buildingName='B'}}, course=Course{id=6, courseName='Biology'}, teacher=Teacher{id=7, firstName='Charlie', lastName='Byrne', faculty=Faculty{id=1, facultyName='Changed faculty name'}}}, Lesson{id=191, date=2021-02-05, startTime=09:20, endTime=11:00, classroom=Classroom{id=14, roomName='C-4', roomType='Lecture', roomCapacity=50, building=Building{id=3, buildingName='C'}}, course=Course{id=9, courseName='Physics'}, teacher=Teacher{id=11, firstName='Sophia', lastName='Roos', faculty=Faculty{id=2, facultyName='Technical Sciences Faculty'}}}, Lesson{id=192, date=2021-02-05, startTime=11:10, endTime=12:50, classroom=Classroom{id=14, roomName='C-4', roomType='Lecture', roomCapacity=50, building=Building{id=3, buildingName='C'}}, course=Course{id=10, courseName='Geometry'}, teacher=Teacher{id=12, firstName='Mia', lastName='Brown', faculty=Faculty{id=2, facultyName='Technical Sciences Faculty'}}}, Lesson{id=193, date=2021-02-05, startTime=13:00, endTime=14:40, classroom=Classroom{id=13, roomName='C-3', roomType='Class', roomCapacity=30, building=Building{id=3, buildingName='C'}}, course=Course{id=8, courseName='Mathematics'}, teacher=Teacher{id=10, firstName='Joshua', lastName='Eve', faculty=Faculty{id=2, facultyName='Technical Sciences Faculty'}}}, Lesson{id=194, date=2021-02-05, startTime=14:50, endTime=16:30, classroom=Classroom{id=15, roomName='C-5', roomType='Laboratory', roomCapacity=10, building=Building{id=3, buildingName='C'}}, course=Course{id=9, courseName='Physics'}, teacher=Teacher{id=11, firstName='Sophia', lastName='Roos', faculty=Faculty{id=2, facultyName='Technical Sciences Faculty'}}}, Lesson{id=195, date=2021-02-05, startTime=16:40, endTime=18:20, classroom=Classroom{id=15, roomName='C-5', roomType='Laboratory', roomCapacity=10, building=Building{id=3, buildingName='C'}}, course=Course{id=10, courseName='Geometry'}, teacher=Teacher{id=12, firstName='Mia', lastName='Brown', faculty=Faculty{id=2, facultyName='Technical Sciences Faculty'}}}, Lesson{id=196, date=2021-02-08, startTime=09:20, endTime=11:00, classroom=Classroom{id=4, roomName='A-4', roomType='Lecture', roomCapacity=50, building=Building{id=1, buildingName='Changed name'}}, course=Course{id=1, courseName='History'}, teacher=Teacher{id=1, firstName='Albert', lastName='Sykes', faculty=Faculty{id=3, facultyName='Faculty of Arts'}}}, Lesson{id=197, date=2021-02-08, startTime=11:10, endTime=12:50, classroom=Classroom{id=1, roomName='A-1', roomType='Class', roomCapacity=30, building=Building{id=1, buildingName='Changed name'}}, course=Course{id=1, courseName='History'}, teacher=Teacher{id=1, firstName='Albert', lastName='Sykes', faculty=Faculty{id=3, facultyName='Faculty of Arts'}}}, Lesson{id=198, date=2021-02-08, startTime=13:00, endTime=14:40, classroom=Classroom{id=2, roomName='A-2', roomType='Class', roomCapacity=30, building=Building{id=1, buildingName='Changed name'}}, course=Course{id=2, courseName='Philosophy'}, teacher=Teacher{id=2, firstName='Stanley', lastName='Gruber', faculty=Faculty{id=3, facultyName='Faculty of Arts'}}}, Lesson{id=199, date=2021-02-08, startTime=14:50, endTime=16:30, classroom=Classroom{id=3, roomName='A-3', roomType='Class', roomCapacity=30, building=Building{id=1, buildingName='Changed name'}}, course=Course{id=2, courseName='Philosophy'}, teacher=Teacher{id=2, firstName='Stanley', lastName='Gruber', faculty=Faculty{id=3, facultyName='Faculty of Arts'}}}, Lesson{id=200, date=2021-02-08, startTime=16:40, endTime=18:20, classroom=Classroom{id=4, roomName='A-4', roomType='Lecture', roomCapacity=50, building=Building{id=1, buildingName='Changed name'}}, course=Course{id=3, courseName='Name'}, teacher=Teacher{id=3, firstName='Freya', lastName='Shepp', faculty=Faculty{id=3, facultyName='Faculty of Arts'}}}, Lesson{id=201, date=2021-02-08, startTime=09:20, endTime=11:00, classroom=Classroom{id=9, roomName='New name', roomType='Lecture', roomCapacity=50, building=Building{id=2, buildingName='B'}}, course=Course{id=6, courseName='Biology'}, teacher=Teacher{id=6, firstName='Ellie', lastName='Purh', faculty=Faculty{id=1, facultyName='Changed faculty name'}}}, Lesson{id=202, date=2021-02-08, startTime=11:10, endTime=12:50, classroom=Classroom{id=9, roomName='New name', roomType='Lecture', roomCapacity=50, building=Building{id=2, buildingName='B'}}, course=Course{id=6, courseName='Biology'}, teacher=Teacher{id=6, firstName='Ellie', lastName='Purh', faculty=Faculty{id=1, facultyName='Changed faculty name'}}}, Lesson{id=203, date=2021-02-08, startTime=13:00, endTime=14:40, classroom=Classroom{id=6, roomName='B-1', roomType='Class', roomCapacity=30, building=Building{id=2, buildingName='B'}}, course=Course{id=6, courseName='Biology'}, teacher=Teacher{id=7, firstName='Charlie', lastName='Byrne', faculty=Faculty{id=1, facultyName='Changed faculty name'}}}, Lesson{id=204, date=2021-02-08, startTime=14:50, endTime=16:30, classroom=Classroom{id=7, roomName='B-2', roomType='Class', roomCapacity=30, building=Building{id=2, buildingName='B'}}, course=Course{id=6, courseName='Biology'}, teacher=Teacher{id=7, firstName='Charlie', lastName='Byrne', faculty=Faculty{id=1, facultyName='Changed faculty name'}}}, Lesson{id=205, date=2021-02-08, startTime=16:40, endTime=18:20, classroom=Classroom{id=10, roomName='B-5', roomType='Laboratory', roomCapacity=10, building=Building{id=2, buildingName='B'}}, course=Course{id=6, courseName='Biology'}, teacher=Teacher{id=7, firstName='Charlie', lastName='Byrne', faculty=Faculty{id=1, facultyName='Changed faculty name'}}}, Lesson{id=206, date=2021-02-08, startTime=09:20, endTime=11:00, classroom=Classroom{id=14, roomName='C-4', roomType='Lecture', roomCapacity=50, building=Building{id=3, buildingName='C'}}, course=Course{id=8, courseName='Mathematics'}, teacher=Teacher{id=10, firstName='Joshua', lastName='Eve', faculty=Faculty{id=2, facultyName='Technical Sciences Faculty'}}}, Lesson{id=207, date=2021-02-08, startTime=11:10, endTime=12:50, classroom=Classroom{id=14, roomName='C-4', roomType='Lecture', roomCapacity=50, building=Building{id=3, buildingName='C'}}, course=Course{id=8, courseName='Mathematics'}, teacher=Teacher{id=10, firstName='Joshua', lastName='Eve', faculty=Faculty{id=2, facultyName='Technical Sciences Faculty'}}}, Lesson{id=208, date=2021-02-08, startTime=13:00, endTime=14:40, classroom=Classroom{id=11, roomName='C-1', roomType='Class', roomCapacity=30, building=Building{id=3, buildingName='C'}}, course=Course{id=8, courseName='Mathematics'}, teacher=Teacher{id=10, firstName='Joshua', lastName='Eve', faculty=Faculty{id=2, facultyName='Technical Sciences Faculty'}}}, Lesson{id=209, date=2021-02-08, startTime=14:50, endTime=16:30, classroom=Classroom{id=13, roomName='C-3', roomType='Class', roomCapacity=30, building=Building{id=3, buildingName='C'}}, course=Course{id=8, courseName='Mathematics'}, teacher=Teacher{id=10, firstName='Joshua', lastName='Eve', faculty=Faculty{id=2, facultyName='Technical Sciences Faculty'}}}, Lesson{id=210, date=2021-02-08, startTime=16:40, endTime=18:20, classroom=Classroom{id=15, roomName='C-5', roomType='Laboratory', roomCapacity=10, building=Building{id=3, buildingName='C'}}, course=Course{id=8, courseName='Mathematics'}, teacher=Teacher{id=10, firstName='Joshua', lastName='Eve', faculty=Faculty{id=2, facultyName='Technical Sciences Faculty'}}}, Lesson{id=211, date=2021-02-09, startTime=09:20, endTime=11:00, classroom=Classroom{id=4, roomName='A-4', roomType='Lecture', roomCapacity=50, building=Building{id=1, buildingName='Changed name'}}, course=Course{id=2, courseName='Philosophy'}, teacher=Teacher{id=2, firstName='Stanley', lastName='Gruber', faculty=Faculty{id=3, facultyName='Faculty of Arts'}}}, Lesson{id=212, date=2021-02-09, startTime=11:10, endTime=12:50, classroom=Classroom{id=1, roomName='A-1', roomType='Class', roomCapacity=30, building=Building{id=1, buildingName='Changed name'}}, course=Course{id=2, courseName='Philosophy'}, teacher=Teacher{id=2, firstName='Stanley', lastName='Gruber', faculty=Faculty{id=3, facultyName='Faculty of Arts'}}}, Lesson{id=213, date=2021-02-09, startTime=13:00, endTime=14:40, classroom=Classroom{id=2, roomName='A-2', roomType='Class', roomCapacity=30, building=Building{id=1, buildingName='Changed name'}}, course=Course{id=3, courseName='Name'}, teacher=Teacher{id=3, firstName='Freya', lastName='Shepp', faculty=Faculty{id=3, facultyName='Faculty of Arts'}}}, Lesson{id=214, date=2021-02-09, startTime=14:50, endTime=16:30, classroom=Classroom{id=3, roomName='A-3', roomType='Class', roomCapacity=30, building=Building{id=1, buildingName='Changed name'}}, course=Course{id=3, courseName='Name'}, teacher=Teacher{id=3, firstName='Freya', lastName='Shepp', faculty=Faculty{id=3, facultyName='Faculty of Arts'}}}, Lesson{id=215, date=2021-02-09, startTime=16:40, endTime=18:20, classroom=Classroom{id=4, roomName='A-4', roomType='Lecture', roomCapacity=50, building=Building{id=1, buildingName='Changed name'}}, course=Course{id=4, courseName='Political science'}, teacher=Teacher{id=4, firstName='Olivia', lastName='Blake', faculty=Faculty{id=3, facultyName='Faculty of Arts'}}}, Lesson{id=216, date=2021-02-09, startTime=09:20, endTime=11:00, classroom=Classroom{id=9, roomName='New name', roomType='Lecture', roomCapacity=50, building=Building{id=2, buildingName='B'}}, course=Course{id=7, courseName='Chemistry'}, teacher=Teacher{id=8, firstName='Samuel', lastName='Travis', faculty=Faculty{id=1, facultyName='Changed faculty name'}}}, Lesson{id=217, date=2021-02-09, startTime=11:10, endTime=12:50, classroom=Classroom{id=9, roomName='New name', roomType='Lecture', roomCapacity=50, building=Building{id=2, buildingName='B'}}, course=Course{id=7, courseName='Chemistry'}, teacher=Teacher{id=8, firstName='Samuel', lastName='Travis', faculty=Faculty{id=1, facultyName='Changed faculty name'}}}, Lesson{id=218, date=2021-02-09, startTime=13:00, endTime=14:40, classroom=Classroom{id=6, roomName='B-1', roomType='Class', roomCapacity=30, building=Building{id=2, buildingName='B'}}, course=Course{id=7, courseName='Chemistry'}, teacher=Teacher{id=9, firstName='Albert', lastName='Hill', faculty=Faculty{id=1, facultyName='Changed faculty name'}}}, Lesson{id=219, date=2021-02-09, startTime=14:50, endTime=16:30, classroom=Classroom{id=7, roomName='B-2', roomType='Class', roomCapacity=30, building=Building{id=2, buildingName='B'}}, course=Course{id=7, courseName='Chemistry'}, teacher=Teacher{id=9, firstName='Albert', lastName='Hill', faculty=Faculty{id=1, facultyName='Changed faculty name'}}}, Lesson{id=220, date=2021-02-09, startTime=16:40, endTime=18:20, classroom=Classroom{id=10, roomName='B-5', roomType='Laboratory', roomCapacity=10, building=Building{id=2, buildingName='B'}}, course=Course{id=7, courseName='Chemistry'}, teacher=Teacher{id=9, firstName='Albert', lastName='Hill', faculty=Faculty{id=1, facultyName='Changed faculty name'}}}, Lesson{id=221, date=2021-02-09, startTime=09:20, endTime=11:00, classroom=Classroom{id=14, roomName='C-4', roomType='Lecture', roomCapacity=50, building=Building{id=3, buildingName='C'}}, course=Course{id=9, courseName='Physics'}, teacher=Teacher{id=11, firstName='Sophia', lastName='Roos', faculty=Faculty{id=2, facultyName='Technical Sciences Faculty'}}}, Lesson{id=222, date=2021-02-09, startTime=11:10, endTime=12:50, classroom=Classroom{id=14, roomName='C-4', roomType='Lecture', roomCapacity=50, building=Building{id=3, buildingName='C'}}, course=Course{id=9, courseName='Physics'}, teacher=Teacher{id=11, firstName='Sophia', lastName='Roos', faculty=Faculty{id=2, facultyName='Technical Sciences Faculty'}}}, Lesson{id=223, date=2021-02-09, startTime=13:00, endTime=14:40, classroom=Classroom{id=11, roomName='C-1', roomType='Class', roomCapacity=30, building=Building{id=3, buildingName='C'}}, course=Course{id=9, courseName='Physics'}, teacher=Teacher{id=11, firstName='Sophia', lastName='Roos', faculty=Faculty{id=2, facultyName='Technical Sciences Faculty'}}}, Lesson{id=224, date=2021-02-09, startTime=14:50, endTime=16:30, classroom=Classroom{id=13, roomName='C-3', roomType='Class', roomCapacity=30, building=Building{id=3, buildingName='C'}}, course=Course{id=9, courseName='Physics'}, teacher=Teacher{id=11, firstName='Sophia', lastName='Roos', faculty=Faculty{id=2, facultyName='Technical Sciences Faculty'}}}, Lesson{id=225, date=2021-02-09, startTime=16:40, endTime=18:20, classroom=Classroom{id=15, roomName='C-5', roomType='Laboratory', roomCapacity=10, building=Building{id=3, buildingName='C'}}, course=Course{id=9, courseName='Physics'}, teacher=Teacher{id=11, firstName='Sophia', lastName='Roos', faculty=Faculty{id=2, facultyName='Technical Sciences Faculty'}}}, Lesson{id=226, date=2021-02-10, startTime=09:20, endTime=11:00, classroom=Classroom{id=4, roomName='A-4', roomType='Lecture', roomCapacity=50, building=Building{id=1, buildingName='Changed name'}}, course=Course{id=3, courseName='Name'}, teacher=Teacher{id=3, firstName='Freya', lastName='Shepp', faculty=Faculty{id=3, facultyName='Faculty of Arts'}}}, Lesson{id=227, date=2021-02-10, startTime=11:10, endTime=12:50, classroom=Classroom{id=1, roomName='A-1', roomType='Class', roomCapacity=30, building=Building{id=1, buildingName='Changed name'}}, course=Course{id=3, courseName='Name'}, teacher=Teacher{id=3, firstName='Freya', lastName='Shepp', faculty=Faculty{id=3, facultyName='Faculty of Arts'}}}, Lesson{id=228, date=2021-02-10, startTime=13:00, endTime=14:40, classroom=Classroom{id=2, roomName='A-2', roomType='Class', roomCapacity=30, building=Building{id=1, buildingName='Changed name'}}, course=Course{id=4, courseName='Political science'}, teacher=Teacher{id=4, firstName='Olivia', lastName='Blake', faculty=Faculty{id=3, facultyName='Faculty of Arts'}}}, Lesson{id=229, date=2021-02-10, startTime=14:50, endTime=16:30, classroom=Classroom{id=3, roomName='A-3', roomType='Class', roomCapacity=30, building=Building{id=1, buildingName='Changed name'}}, course=Course{id=4, courseName='Political science'}, teacher=Teacher{id=4, firstName='Olivia', lastName='Blake', faculty=Faculty{id=3, facultyName='Faculty of Arts'}}}, Lesson{id=230, date=2021-02-10, startTime=16:40, endTime=18:20, classroom=Classroom{id=4, roomName='A-4', roomType='Lecture', roomCapacity=50, building=Building{id=1, buildingName='Changed name'}}, course=Course{id=5, courseName='Culture'}, teacher=Teacher{id=5, firstName='Scarlett', lastName='Nimoy', faculty=Faculty{id=3, facultyName='Faculty of Arts'}}}, Lesson{id=231, date=2021-02-10, startTime=09:20, endTime=11:00, classroom=Classroom{id=9, roomName='New name', roomType='Lecture', roomCapacity=50, building=Building{id=2, buildingName='B'}}, course=Course{id=6, courseName='Biology'}, teacher=Teacher{id=6, firstName='Ellie', lastName='Purh', faculty=Faculty{id=1, facultyName='Changed faculty name'}}}, Lesson{id=232, date=2021-02-10, startTime=11:10, endTime=12:50, classroom=Classroom{id=9, roomName='New name', roomType='Lecture', roomCapacity=50, building=Building{id=2, buildingName='B'}}, course=Course{id=6, courseName='Biology'}, teacher=Teacher{id=6, firstName='Ellie', lastName='Purh', faculty=Faculty{id=1, facultyName='Changed faculty name'}}}, Lesson{id=233, date=2021-02-10, startTime=13:00, endTime=14:40, classroom=Classroom{id=6, roomName='B-1', roomType='Class', roomCapacity=30, building=Building{id=2, buildingName='B'}}, course=Course{id=6, courseName='Biology'}, teacher=Teacher{id=7, firstName='Charlie', lastName='Byrne', faculty=Faculty{id=1, facultyName='Changed faculty name'}}}, Lesson{id=234, date=2021-02-10, startTime=14:50, endTime=16:30, classroom=Classroom{id=7, roomName='B-2', roomType='Class', roomCapacity=30, building=Building{id=2, buildingName='B'}}, course=Course{id=6, courseName='Biology'}, teacher=Teacher{id=7, firstName='Charlie', lastName='Byrne', faculty=Faculty{id=1, facultyName='Changed faculty name'}}}, Lesson{id=235, date=2021-02-10, startTime=16:40, endTime=18:20, classroom=Classroom{id=10, roomName='B-5', roomType='Laboratory', roomCapacity=10, building=Building{id=2, buildingName='B'}}, course=Course{id=6, courseName='Biology'}, teacher=Teacher{id=7, firstName='Charlie', lastName='Byrne', faculty=Faculty{id=1, facultyName='Changed faculty name'}}}, Lesson{id=236, date=2021-02-10, startTime=09:20, endTime=11:00, classroom=Classroom{id=14, roomName='C-4', roomType='Lecture', roomCapacity=50, building=Building{id=3, buildingName='C'}}, course=Course{id=10, courseName='Geometry'}, teacher=Teacher{id=12, firstName='Mia', lastName='Brown', faculty=Faculty{id=2, facultyName='Technical Sciences Faculty'}}}, Lesson{id=237, date=2021-02-10, startTime=11:10, endTime=12:50, classroom=Classroom{id=14, roomName='C-4', roomType='Lecture', roomCapacity=50, building=Building{id=3, buildingName='C'}}, course=Course{id=10, courseName='Geometry'}, teacher=Teacher{id=12, firstName='Mia', lastName='Brown', faculty=Faculty{id=2, facultyName='Technical Sciences Faculty'}}}, Lesson{id=238, date=2021-02-10, startTime=13:00, endTime=14:40, classroom=Classroom{id=11, roomName='C-1', roomType='Class', roomCapacity=30, building=Building{id=3, buildingName='C'}}, course=Course{id=10, courseName='Geometry'}, teacher=Teacher{id=12, firstName='Mia', lastName='Brown', faculty=Faculty{id=2, facultyName='Technical Sciences Faculty'}}}, Lesson{id=239, date=2021-02-10, startTime=14:50, endTime=16:30, classroom=Classroom{id=13, roomName='C-3', roomType='Class', roomCapacity=30, building=Building{id=3, buildingName='C'}}, course=Course{id=10, courseName='Geometry'}, teacher=Teacher{id=12, firstName='Mia', lastName='Brown', faculty=Faculty{id=2, facultyName='Technical Sciences Faculty'}}}, Lesson{id=240, date=2021-02-10, startTime=16:40, endTime=18:20, classroom=Classroom{id=15, roomName='C-5', roomType='Laboratory', roomCapacity=10, building=Building{id=3, buildingName='C'}}, course=Course{id=10, courseName='Geometry'}, teacher=Teacher{id=12, firstName='Mia', lastName='Brown', faculty=Faculty{id=2, facultyName='Technical Sciences Faculty'}}}, Lesson{id=241, date=2021-02-11, startTime=09:20, endTime=11:00, classroom=Classroom{id=4, roomName='A-4', roomType='Lecture', roomCapacity=50, building=Building{id=1, buildingName='Changed name'}}, course=Course{id=4, courseName='Political science'}, teacher=Teacher{id=4, firstName='Olivia', lastName='Blake', faculty=Faculty{id=3, facultyName='Faculty of Arts'}}}, Lesson{id=242, date=2021-02-11, startTime=11:10, endTime=12:50, classroom=Classroom{id=1, roomName='A-1', roomType='Class', roomCapacity=30, building=Building{id=1, buildingName='Changed name'}}, course=Course{id=4, courseName='Political science'}, teacher=Teacher{id=4, firstName='Olivia', lastName='Blake', faculty=Faculty{id=3, facultyName='Faculty of Arts'}}}, Lesson{id=243, date=2021-02-11, startTime=13:00, endTime=14:40, classroom=Classroom{id=2, roomName='A-2', roomType='Class', roomCapacity=30, building=Building{id=1, buildingName='Changed name'}}, course=Course{id=5, courseName='Culture'}, teacher=Teacher{id=5, firstName='Scarlett', lastName='Nimoy', faculty=Faculty{id=3, facultyName='Faculty of Arts'}}}, Lesson{id=244, date=2021-02-11, startTime=14:50, endTime=16:30, classroom=Classroom{id=3, roomName='A-3', roomType='Class', roomCapacity=30, building=Building{id=1, buildingName='Changed name'}}, course=Course{id=5, courseName='Culture'}, teacher=Teacher{id=5, firstName='Scarlett', lastName='Nimoy', faculty=Faculty{id=3, facultyName='Faculty of Arts'}}}, Lesson{id=245, date=2021-02-11, startTime=16:40, endTime=18:20, classroom=Classroom{id=4, roomName='A-4', roomType='Lecture', roomCapacity=50, building=Building{id=1, buildingName='Changed name'}}, course=Course{id=1, courseName='History'}, teacher=Teacher{id=1, firstName='Albert', lastName='Sykes', faculty=Faculty{id=3, facultyName='Faculty of Arts'}}}, Lesson{id=246, date=2021-02-11, startTime=09:20, endTime=11:00, classroom=Classroom{id=9, roomName='New name', roomType='Lecture', roomCapacity=50, building=Building{id=2, buildingName='B'}}, course=Course{id=7, courseName='Chemistry'}, teacher=Teacher{id=8, firstName='Samuel', lastName='Travis', faculty=Faculty{id=1, facultyName='Changed faculty name'}}}, Lesson{id=247, date=2021-02-11, startTime=11:10, endTime=12:50, classroom=Classroom{id=9, roomName='New name', roomType='Lecture', roomCapacity=50, building=Building{id=2, buildingName='B'}}, course=Course{id=7, courseName='Chemistry'}, teacher=Teacher{id=8, firstName='Samuel', lastName='Travis', faculty=Faculty{id=1, facultyName='Changed faculty name'}}}, Lesson{id=248, date=2021-02-11, startTime=13:00, endTime=14:40, classroom=Classroom{id=6, roomName='B-1', roomType='Class', roomCapacity=30, building=Building{id=2, buildingName='B'}}, course=Course{id=7, courseName='Chemistry'}, teacher=Teacher{id=9, firstName='Albert', lastName='Hill', faculty=Faculty{id=1, facultyName='Changed faculty name'}}}, Lesson{id=249, date=2021-02-11, startTime=14:50, endTime=16:30, classroom=Classroom{id=7, roomName='B-2', roomType='Class', roomCapacity=30, building=Building{id=2, buildingName='B'}}, course=Course{id=7, courseName='Chemistry'}, teacher=Teacher{id=9, firstName='Albert', lastName='Hill', faculty=Faculty{id=1, facultyName='Changed faculty name'}}}, Lesson{id=250, date=2021-02-11, startTime=16:40, endTime=18:20, classroom=Classroom{id=10, roomName='B-5', roomType='Laboratory', roomCapacity=10, building=Building{id=2, buildingName='B'}}, course=Course{id=7, courseName='Chemistry'}, teacher=Teacher{id=9, firstName='Albert', lastName='Hill', faculty=Faculty{id=1, facultyName='Changed faculty name'}}}, Lesson{id=251, date=2021-02-11, startTime=09:20, endTime=11:00, classroom=Classroom{id=14, roomName='C-4', roomType='Lecture', roomCapacity=50, building=Building{id=3, buildingName='C'}}, course=Course{id=8, courseName='Mathematics'}, teacher=Teacher{id=10, firstName='Joshua', lastName='Eve', faculty=Faculty{id=2, facultyName='Technical Sciences Faculty'}}}, Lesson{id=252, date=2021-02-11, startTime=11:10, endTime=12:50, classroom=Classroom{id=14, roomName='C-4', roomType='Lecture', roomCapacity=50, building=Building{id=3, buildingName='C'}}, course=Course{id=8, courseName='Mathematics'}, teacher=Teacher{id=10, firstName='Joshua', lastName='Eve', faculty=Faculty{id=2, facultyName='Technical Sciences Faculty'}}}, Lesson{id=253, date=2021-02-11, startTime=13:00, endTime=14:40, classroom=Classroom{id=12, roomName='C-2', roomType='Class', roomCapacity=30, building=Building{id=3, buildingName='C'}}, course=Course{id=9, courseName='Physics'}, teacher=Teacher{id=11, firstName='Sophia', lastName='Roos', faculty=Faculty{id=2, facultyName='Technical Sciences Faculty'}}}, Lesson{id=254, date=2021-02-11, startTime=14:50, endTime=16:30, classroom=Classroom{id=12, roomName='C-2', roomType='Class', roomCapacity=30, building=Building{id=3, buildingName='C'}}, course=Course{id=10, courseName='Geometry'}, teacher=Teacher{id=12, firstName='Mia', lastName='Brown', faculty=Faculty{id=2, facultyName='Technical Sciences Faculty'}}}, Lesson{id=255, date=2021-02-11, startTime=16:40, endTime=18:20, classroom=Classroom{id=15, roomName='C-5', roomType='Laboratory', roomCapacity=10, building=Building{id=3, buildingName='C'}}, course=Course{id=8, courseName='Mathematics'}, teacher=Teacher{id=10, firstName='Joshua', lastName='Eve', faculty=Faculty{id=2, facultyName='Technical Sciences Faculty'}}}, Lesson{id=256, date=2021-02-12, startTime=09:20, endTime=11:00, classroom=Classroom{id=4, roomName='A-4', roomType='Lecture', roomCapacity=50, building=Building{id=1, buildingName='Changed name'}}, course=Course{id=5, courseName='Culture'}, teacher=Teacher{id=5, firstName='Scarlett', lastName='Nimoy', faculty=Faculty{id=3, facultyName='Faculty of Arts'}}}, Lesson{id=257, date=2021-02-12, startTime=11:10, endTime=12:50, classroom=Classroom{id=1, roomName='A-1', roomType='Class', roomCapacity=30, building=Building{id=1, buildingName='Changed name'}}, course=Course{id=5, courseName='Culture'}, teacher=Teacher{id=5, firstName='Scarlett', lastName='Nimoy', faculty=Faculty{id=3, facultyName='Faculty of Arts'}}}, Lesson{id=258, date=2021-02-12, startTime=13:00, endTime=14:40, classroom=Classroom{id=2, roomName='A-2', roomType='Class', roomCapacity=30, building=Building{id=1, buildingName='Changed name'}}, course=Course{id=1, courseName='History'}, teacher=Teacher{id=1, firstName='Albert', lastName='Sykes', faculty=Faculty{id=3, facultyName='Faculty of Arts'}}}, Lesson{id=259, date=2021-02-12, startTime=14:50, endTime=16:30, classroom=Classroom{id=3, roomName='A-3', roomType='Class', roomCapacity=30, building=Building{id=1, buildingName='Changed name'}}, course=Course{id=1, courseName='History'}, teacher=Teacher{id=1, firstName='Albert', lastName='Sykes', faculty=Faculty{id=3, facultyName='Faculty of Arts'}}}, Lesson{id=260, date=2021-02-12, startTime=16:40, endTime=18:20, classroom=Classroom{id=4, roomName='A-4', roomType='Lecture', roomCapacity=50, building=Building{id=1, buildingName='Changed name'}}, course=Course{id=2, courseName='Philosophy'}, teacher=Teacher{id=2, firstName='Stanley', lastName='Gruber', faculty=Faculty{id=3, facultyName='Faculty of Arts'}}}, Lesson{id=261, date=2021-02-12, startTime=09:20, endTime=11:00, classroom=Classroom{id=9, roomName='New name', roomType='Lecture', roomCapacity=50, building=Building{id=2, buildingName='B'}}, course=Course{id=6, courseName='Biology'}, teacher=Teacher{id=6, firstName='Ellie', lastName='Purh', faculty=Faculty{id=1, facultyName='Changed faculty name'}}}, Lesson{id=262, date=2021-02-12, startTime=11:10, endTime=12:50, classroom=Classroom{id=9, roomName='New name', roomType='Lecture', roomCapacity=50, building=Building{id=2, buildingName='B'}}, course=Course{id=6, courseName='Biology'}, teacher=Teacher{id=6, firstName='Ellie', lastName='Purh', faculty=Faculty{id=1, facultyName='Changed faculty name'}}}, Lesson{id=263, date=2021-02-12, startTime=13:00, endTime=14:40, classroom=Classroom{id=6, roomName='B-1', roomType='Class', roomCapacity=30, building=Building{id=2, buildingName='B'}}, course=Course{id=6, courseName='Biology'}, teacher=Teacher{id=7, firstName='Charlie', lastName='Byrne', faculty=Faculty{id=1, facultyName='Changed faculty name'}}}, Lesson{id=264, date=2021-02-12, startTime=14:50, endTime=16:30, classroom=Classroom{id=7, roomName='B-2', roomType='Class', roomCapacity=30, building=Building{id=2, buildingName='B'}}, course=Course{id=6, courseName='Biology'}, teacher=Teacher{id=7, firstName='Charlie', lastName='Byrne', faculty=Faculty{id=1, facultyName='Changed faculty name'}}}, Lesson{id=265, date=2021-02-12, startTime=16:40, endTime=18:20, classroom=Classroom{id=10, roomName='B-5', roomType='Laboratory', roomCapacity=10, building=Building{id=2, buildingName='B'}}, course=Course{id=6, courseName='Biology'}, teacher=Teacher{id=7, firstName='Charlie', lastName='Byrne', faculty=Faculty{id=1, facultyName='Changed faculty name'}}}, Lesson{id=266, date=2021-02-12, startTime=09:20, endTime=11:00, classroom=Classroom{id=14, roomName='C-4', roomType='Lecture', roomCapacity=50, building=Building{id=3, buildingName='C'}}, course=Course{id=9, courseName='Physics'}, teacher=Teacher{id=11, firstName='Sophia', lastName='Roos', faculty=Faculty{id=2, facultyName='Technical Sciences Faculty'}}}, Lesson{id=267, date=2021-02-12, startTime=11:10, endTime=12:50, classroom=Classroom{id=14, roomName='C-4', roomType='Lecture', roomCapacity=50, building=Building{id=3, buildingName='C'}}, course=Course{id=10, courseName='Geometry'}, teacher=Teacher{id=12, firstName='Mia', lastName='Brown', faculty=Faculty{id=2, facultyName='Technical Sciences Faculty'}}}, Lesson{id=268, date=2021-02-12, startTime=13:00, endTime=14:40, classroom=Classroom{id=13, roomName='C-3', roomType='Class', roomCapacity=30, building=Building{id=3, buildingName='C'}}, course=Course{id=8, courseName='Mathematics'}, teacher=Teacher{id=10, firstName='Joshua', lastName='Eve', faculty=Faculty{id=2, facultyName='Technical Sciences Faculty'}}}, Lesson{id=269, date=2021-02-12, startTime=14:50, endTime=16:30, classroom=Classroom{id=15, roomName='C-5', roomType='Laboratory', roomCapacity=10, building=Building{id=3, buildingName='C'}}, course=Course{id=9, courseName='Physics'}, teacher=Teacher{id=11, firstName='Sophia', lastName='Roos', faculty=Faculty{id=2, facultyName='Technical Sciences Faculty'}}}, Lesson{id=270, date=2021-02-12, startTime=16:40, endTime=18:20, classroom=Classroom{id=15, roomName='C-5', roomType='Laboratory', roomCapacity=10, building=Building{id=3, buildingName='C'}}, course=Course{id=10, courseName='Geometry'}, teacher=Teacher{id=12, firstName='Mia', lastName='Brown', faculty=Faculty{id=2, facultyName='Technical Sciences Faculty'}}}, Lesson{id=271, date=2021-02-15, startTime=09:20, endTime=11:00, classroom=Classroom{id=4, roomName='A-4', roomType='Lecture', roomCapacity=50, building=Building{id=1, buildingName='Changed name'}}, course=Course{id=1, courseName='History'}, teacher=Teacher{id=1, firstName='Albert', lastName='Sykes', faculty=Faculty{id=3, facultyName='Faculty of Arts'}}}, Lesson{id=272, date=2021-02-15, startTime=11:10, endTime=12:50, classroom=Classroom{id=1, roomName='A-1', roomType='Class', roomCapacity=30, building=Building{id=1, buildingName='Changed name'}}, course=Course{id=1, courseName='History'}, teacher=Teacher{id=1, firstName='Albert', lastName='Sykes', faculty=Faculty{id=3, facultyName='Faculty of Arts'}}}, Lesson{id=273, date=2021-02-15, startTime=13:00, endTime=14:40, classroom=Classroom{id=2, roomName='A-2', roomType='Class', roomCapacity=30, building=Building{id=1, buildingName='Changed name'}}, course=Course{id=2, courseName='Philosophy'}, teacher=Teacher{id=2, firstName='Stanley', lastName='Gruber', faculty=Faculty{id=3, facultyName='Faculty of Arts'}}}, Lesson{id=274, date=2021-02-15, startTime=14:50, endTime=16:30, classroom=Classroom{id=3, roomName='A-3', roomType='Class', roomCapacity=30, building=Building{id=1, buildingName='Changed name'}}, course=Course{id=2, courseName='Philosophy'}, teacher=Teacher{id=2, firstName='Stanley', lastName='Gruber', faculty=Faculty{id=3, facultyName='Faculty of Arts'}}}, Lesson{id=275, date=2021-02-15, startTime=16:40, endTime=18:20, classroom=Classroom{id=4, roomName='A-4', roomType='Lecture', roomCapacity=50, building=Building{id=1, buildingName='Changed name'}}, course=Course{id=3, courseName='Name'}, teacher=Teacher{id=3, firstName='Freya', lastName='Shepp', faculty=Faculty{id=3, facultyName='Faculty of Arts'}}}, Lesson{id=276, date=2021-02-15, startTime=09:20, endTime=11:00, classroom=Classroom{id=9, roomName='New name', roomType='Lecture', roomCapacity=50, building=Building{id=2, buildingName='B'}}, course=Course{id=6, courseName='Biology'}, teacher=Teacher{id=6, firstName='Ellie', lastName='Purh', faculty=Faculty{id=1, facultyName='Changed faculty name'}}}, Lesson{id=277, date=2021-02-15, startTime=11:10, endTime=12:50, classroom=Classroom{id=9, roomName='New name', roomType='Lecture', roomCapacity=50, building=Building{id=2, buildingName='B'}}, course=Course{id=6, courseName='Biology'}, teacher=Teacher{id=6, firstName='Ellie', lastName='Purh', faculty=Faculty{id=1, facultyName='Changed faculty name'}}}, Lesson{id=278, date=2021-02-15, startTime=13:00, endTime=14:40, classroom=Classroom{id=6, roomName='B-1', roomType='Class', roomCapacity=30, building=Building{id=2, buildingName='B'}}, course=Course{id=6, courseName='Biology'}, teacher=Teacher{id=7, firstName='Charlie', lastName='Byrne', faculty=Faculty{id=1, facultyName='Changed faculty name'}}}, Lesson{id=279, date=2021-02-15, startTime=14:50, endTime=16:30, classroom=Classroom{id=7, roomName='B-2', roomType='Class', roomCapacity=30, building=Building{id=2, buildingName='B'}}, course=Course{id=6, courseName='Biology'}, teacher=Teacher{id=7, firstName='Charlie', lastName='Byrne', faculty=Faculty{id=1, facultyName='Changed faculty name'}}}, Lesson{id=280, date=2021-02-15, startTime=16:40, endTime=18:20, classroom=Classroom{id=10, roomName='B-5', roomType='Laboratory', roomCapacity=10, building=Building{id=2, buildingName='B'}}, course=Course{id=6, courseName='Biology'}, teacher=Teacher{id=7, firstName='Charlie', lastName='Byrne', faculty=Faculty{id=1, facultyName='Changed faculty name'}}}, Lesson{id=281, date=2021-02-15, startTime=09:20, endTime=11:00, classroom=Classroom{id=14, roomName='C-4', roomType='Lecture', roomCapacity=50, building=Building{id=3, buildingName='C'}}, course=Course{id=8, courseName='Mathematics'}, teacher=Teacher{id=10, firstName='Joshua', lastName='Eve', faculty=Faculty{id=2, facultyName='Technical Sciences Faculty'}}}, Lesson{id=282, date=2021-02-15, startTime=11:10, endTime=12:50, classroom=Classroom{id=14, roomName='C-4', roomType='Lecture', roomCapacity=50, building=Building{id=3, buildingName='C'}}, course=Course{id=8, courseName='Mathematics'}, teacher=Teacher{id=10, firstName='Joshua', lastName='Eve', faculty=Faculty{id=2, facultyName='Technical Sciences Faculty'}}}, Lesson{id=283, date=2021-02-15, startTime=13:00, endTime=14:40, classroom=Classroom{id=11, roomName='C-1', roomType='Class', roomCapacity=30, building=Building{id=3, buildingName='C'}}, course=Course{id=8, courseName='Mathematics'}, teacher=Teacher{id=10, firstName='Joshua', lastName='Eve', faculty=Faculty{id=2, facultyName='Technical Sciences Faculty'}}}, Lesson{id=284, date=2021-02-15, startTime=14:50, endTime=16:30, classroom=Classroom{id=13, roomName='C-3', roomType='Class', roomCapacity=30, building=Building{id=3, buildingName='C'}}, course=Course{id=8, courseName='Mathematics'}, teacher=Teacher{id=10, firstName='Joshua', lastName='Eve', faculty=Faculty{id=2, facultyName='Technical Sciences Faculty'}}}, Lesson{id=285, date=2021-02-15, startTime=16:40, endTime=18:20, classroom=Classroom{id=15, roomName='C-5', roomType='Laboratory', roomCapacity=10, building=Building{id=3, buildingName='C'}}, course=Course{id=8, courseName='Mathematics'}, teacher=Teacher{id=10, firstName='Joshua', lastName='Eve', faculty=Faculty{id=2, facultyName='Technical Sciences Faculty'}}}, Lesson{id=286, date=2021-02-16, startTime=09:20, endTime=11:00, classroom=Classroom{id=4, roomName='A-4', roomType='Lecture', roomCapacity=50, building=Building{id=1, buildingName='Changed name'}}, course=Course{id=2, courseName='Philosophy'}, teacher=Teacher{id=2, firstName='Stanley', lastName='Gruber', faculty=Faculty{id=3, facultyName='Faculty of Arts'}}}, Lesson{id=287, date=2021-02-16, startTime=11:10, endTime=12:50, classroom=Classroom{id=1, roomName='A-1', roomType='Class', roomCapacity=30, building=Building{id=1, buildingName='Changed name'}}, course=Course{id=2, courseName='Philosophy'}, teacher=Teacher{id=2, firstName='Stanley', lastName='Gruber', faculty=Faculty{id=3, facultyName='Faculty of Arts'}}}, Lesson{id=288, date=2021-02-16, startTime=13:00, endTime=14:40, classroom=Classroom{id=2, roomName='A-2', roomType='Class', roomCapacity=30, building=Building{id=1, buildingName='Changed name'}}, course=Course{id=3, courseName='Name'}, teacher=Teacher{id=3, firstName='Freya', lastName='Shepp', faculty=Faculty{id=3, facultyName='Faculty of Arts'}}}, Lesson{id=289, date=2021-02-16, startTime=14:50, endTime=16:30, classroom=Classroom{id=3, roomName='A-3', roomType='Class', roomCapacity=30, building=Building{id=1, buildingName='Changed name'}}, course=Course{id=3, courseName='Name'}, teacher=Teacher{id=3, firstName='Freya', lastName='Shepp', faculty=Faculty{id=3, facultyName='Faculty of Arts'}}}, Lesson{id=290, date=2021-02-16, startTime=16:40, endTime=18:20, classroom=Classroom{id=4, roomName='A-4', roomType='Lecture', roomCapacity=50, building=Building{id=1, buildingName='Changed name'}}, course=Course{id=4, courseName='Political science'}, teacher=Teacher{id=4, firstName='Olivia', lastName='Blake', faculty=Faculty{id=3, facultyName='Faculty of Arts'}}}, Lesson{id=291, date=2021-02-16, startTime=09:20, endTime=11:00, classroom=Classroom{id=9, roomName='New name', roomType='Lecture', roomCapacity=50, building=Building{id=2, buildingName='B'}}, course=Course{id=7, courseName='Chemistry'}, teacher=Teacher{id=8, firstName='Samuel', lastName='Travis', faculty=Faculty{id=1, facultyName='Changed faculty name'}}}, Lesson{id=292, date=2021-02-16, startTime=11:10, endTime=12:50, classroom=Classroom{id=9, roomName='New name', roomType='Lecture', roomCapacity=50, building=Building{id=2, buildingName='B'}}, course=Course{id=7, courseName='Chemistry'}, teacher=Teacher{id=8, firstName='Samuel', lastName='Travis', faculty=Faculty{id=1, facultyName='Changed faculty name'}}}, Lesson{id=293, date=2021-02-16, startTime=13:00, endTime=14:40, classroom=Classroom{id=6, roomName='B-1', roomType='Class', roomCapacity=30, building=Building{id=2, buildingName='B'}}, course=Course{id=7, courseName='Chemistry'}, teacher=Teacher{id=9, firstName='Albert', lastName='Hill', faculty=Faculty{id=1, facultyName='Changed faculty name'}}}, Lesson{id=294, date=2021-02-16, startTime=14:50, endTime=16:30, classroom=Classroom{id=7, roomName='B-2', roomType='Class', roomCapacity=30, building=Building{id=2, buildingName='B'}}, course=Course{id=7, courseName='Chemistry'}, teacher=Teacher{id=9, firstName='Albert', lastName='Hill', faculty=Faculty{id=1, facultyName='Changed faculty name'}}}, Lesson{id=295, date=2021-02-16, startTime=16:40, endTime=18:20, classroom=Classroom{id=10, roomName='B-5', roomType='Laboratory', roomCapacity=10, building=Building{id=2, buildingName='B'}}, course=Course{id=7, courseName='Chemistry'}, teacher=Teacher{id=9, firstName='Albert', lastName='Hill', faculty=Faculty{id=1, facultyName='Changed faculty name'}}}, Lesson{id=296, date=2021-02-16, startTime=09:20, endTime=11:00, classroom=Classroom{id=14, roomName='C-4', roomType='Lecture', roomCapacity=50, building=Building{id=3, buildingName='C'}}, course=Course{id=9, courseName='Physics'}, teacher=Teacher{id=11, firstName='Sophia', lastName='Roos', faculty=Faculty{id=2, facultyName='Technical Sciences Faculty'}}}, Lesson{id=297, date=2021-02-16, startTime=11:10, endTime=12:50, classroom=Classroom{id=14, roomName='C-4', roomType='Lecture', roomCapacity=50, building=Building{id=3, buildingName='C'}}, course=Course{id=9, courseName='Physics'}, teacher=Teacher{id=11, firstName='Sophia', lastName='Roos', faculty=Faculty{id=2, facultyName='Technical Sciences Faculty'}}}, Lesson{id=298, date=2021-02-16, startTime=13:00, endTime=14:40, classroom=Classroom{id=11, roomName='C-1', roomType='Class', roomCapacity=30, building=Building{id=3, buildingName='C'}}, course=Course{id=9, courseName='Physics'}, teacher=Teacher{id=11, firstName='Sophia', lastName='Roos', faculty=Faculty{id=2, facultyName='Technical Sciences Faculty'}}}, Lesson{id=299, date=2021-02-16, startTime=14:50, endTime=16:30, classroom=Classroom{id=13, roomName='C-3', roomType='Class', roomCapacity=30, building=Building{id=3, buildingName='C'}}, course=Course{id=9, courseName='Physics'}, teacher=Teacher{id=11, firstName='Sophia', lastName='Roos', faculty=Faculty{id=2, facultyName='Technical Sciences Faculty'}}}, Lesson{id=300, date=2021-02-16, startTime=16:40, endTime=18:20, classroom=Classroom{id=15, roomName='C-5', roomType='Laboratory', roomCapacity=10, building=Building{id=3, buildingName='C'}}, course=Course{id=9, courseName='Physics'}, teacher=Teacher{id=11, firstName='Sophia', lastName='Roos', faculty=Faculty{id=2, facultyName='Technical Sciences Faculty'}}}, Lesson{id=301, date=2021-02-17, startTime=09:20, endTime=11:00, classroom=Classroom{id=4, roomName='A-4', roomType='Lecture', roomCapacity=50, building=Building{id=1, buildingName='Changed name'}}, course=Course{id=3, courseName='Name'}, teacher=Teacher{id=3, firstName='Freya', lastName='Shepp', faculty=Faculty{id=3, facultyName='Faculty of Arts'}}}, Lesson{id=302, date=2021-02-17, startTime=11:10, endTime=12:50, classroom=Classroom{id=1, roomName='A-1', roomType='Class', roomCapacity=30, building=Building{id=1, buildingName='Changed name'}}, course=Course{id=3, courseName='Name'}, teacher=Teacher{id=3, firstName='Freya', lastName='Shepp', faculty=Faculty{id=3, facultyName='Faculty of Arts'}}}, Lesson{id=303, date=2021-02-17, startTime=13:00, endTime=14:40, classroom=Classroom{id=2, roomName='A-2', roomType='Class', roomCapacity=30, building=Building{id=1, buildingName='Changed name'}}, course=Course{id=4, courseName='Political science'}, teacher=Teacher{id=4, firstName='Olivia', lastName='Blake', faculty=Faculty{id=3, facultyName='Faculty of Arts'}}}, Lesson{id=304, date=2021-02-17, startTime=14:50, endTime=16:30, classroom=Classroom{id=3, roomName='A-3', roomType='Class', roomCapacity=30, building=Building{id=1, buildingName='Changed name'}}, course=Course{id=4, courseName='Political science'}, teacher=Teacher{id=4, firstName='Olivia', lastName='Blake', faculty=Faculty{id=3, facultyName='Faculty of Arts'}}}, Lesson{id=305, date=2021-02-17, startTime=16:40, endTime=18:20, classroom=Classroom{id=4, roomName='A-4', roomType='Lecture', roomCapacity=50, building=Building{id=1, buildingName='Changed name'}}, course=Course{id=5, courseName='Culture'}, teacher=Teacher{id=5, firstName='Scarlett', lastName='Nimoy', faculty=Faculty{id=3, facultyName='Faculty of Arts'}}}, Lesson{id=306, date=2021-02-17, startTime=09:20, endTime=11:00, classroom=Classroom{id=9, roomName='New name', roomType='Lecture', roomCapacity=50, building=Building{id=2, buildingName='B'}}, course=Course{id=6, courseName='Biology'}, teacher=Teacher{id=6, firstName='Ellie', lastName='Purh', faculty=Faculty{id=1, facultyName='Changed faculty name'}}}, Lesson{id=307, date=2021-02-17, startTime=11:10, endTime=12:50, classroom=Classroom{id=9, roomName='New name', roomType='Lecture', roomCapacity=50, building=Building{id=2, buildingName='B'}}, course=Course{id=6, courseName='Biology'}, teacher=Teacher{id=6, firstName='Ellie', lastName='Purh', faculty=Faculty{id=1, facultyName='Changed faculty name'}}}, Lesson{id=308, date=2021-02-17, startTime=13:00, endTime=14:40, classroom=Classroom{id=6, roomName='B-1', roomType='Class', roomCapacity=30, building=Building{id=2, buildingName='B'}}, course=Course{id=6, courseName='Biology'}, teacher=Teacher{id=7, firstName='Charlie', lastName='Byrne', faculty=Faculty{id=1, facultyName='Changed faculty name'}}}, Lesson{id=309, date=2021-02-17, startTime=14:50, endTime=16:30, classroom=Classroom{id=7, roomName='B-2', roomType='Class', roomCapacity=30, building=Building{id=2, buildingName='B'}}, course=Course{id=6, courseName='Biology'}, teacher=Teacher{id=7, firstName='Charlie', lastName='Byrne', faculty=Faculty{id=1, facultyName='Changed faculty name'}}}, Lesson{id=310, date=2021-02-17, startTime=16:40, endTime=18:20, classroom=Classroom{id=10, roomName='B-5', roomType='Laboratory', roomCapacity=10, building=Building{id=2, buildingName='B'}}, course=Course{id=6, courseName='Biology'}, teacher=Teacher{id=7, firstName='Charlie', lastName='Byrne', faculty=Faculty{id=1, facultyName='Changed faculty name'}}}, Lesson{id=311, date=2021-02-17, startTime=09:20, endTime=11:00, classroom=Classroom{id=14, roomName='C-4', roomType='Lecture', roomCapacity=50, building=Building{id=3, buildingName='C'}}, course=Course{id=10, courseName='Geometry'}, teacher=Teacher{id=12, firstName='Mia', lastName='Brown', faculty=Faculty{id=2, facultyName='Technical Sciences Faculty'}}}, Lesson{id=312, date=2021-02-17, startTime=11:10, endTime=12:50, classroom=Classroom{id=14, roomName='C-4', roomType='Lecture', roomCapacity=50, building=Building{id=3, buildingName='C'}}, course=Course{id=10, courseName='Geometry'}, teacher=Teacher{id=12, firstName='Mia', lastName='Brown', faculty=Faculty{id=2, facultyName='Technical Sciences Faculty'}}}, Lesson{id=313, date=2021-02-17, startTime=13:00, endTime=14:40, classroom=Classroom{id=11, roomName='C-1', roomType='Class', roomCapacity=30, building=Building{id=3, buildingName='C'}}, course=Course{id=10, courseName='Geometry'}, teacher=Teacher{id=12, firstName='Mia', lastName='Brown', faculty=Faculty{id=2, facultyName='Technical Sciences Faculty'}}}, Lesson{id=314, date=2021-02-17, startTime=14:50, endTime=16:30, classroom=Classroom{id=13, roomName='C-3', roomType='Class', roomCapacity=30, building=Building{id=3, buildingName='C'}}, course=Course{id=10, courseName='Geometry'}, teacher=Teacher{id=12, firstName='Mia', lastName='Brown', faculty=Faculty{id=2, facultyName='Technical Sciences Faculty'}}}, Lesson{id=315, date=2021-02-17, startTime=16:40, endTime=18:20, classroom=Classroom{id=15, roomName='C-5', roomType='Laboratory', roomCapacity=10, building=Building{id=3, buildingName='C'}}, course=Course{id=10, courseName='Geometry'}, teacher=Teacher{id=12, firstName='Mia', lastName='Brown', faculty=Faculty{id=2, facultyName='Technical Sciences Faculty'}}}, Lesson{id=316, date=2021-02-18, startTime=09:20, endTime=11:00, classroom=Classroom{id=4, roomName='A-4', roomType='Lecture', roomCapacity=50, building=Building{id=1, buildingName='Changed name'}}, course=Course{id=4, courseName='Political science'}, teacher=Teacher{id=4, firstName='Olivia', lastName='Blake', faculty=Faculty{id=3, facultyName='Faculty of Arts'}}}, Lesson{id=317, date=2021-02-18, startTime=11:10, endTime=12:50, classroom=Classroom{id=1, roomName='A-1', roomType='Class', roomCapacity=30, building=Building{id=1, buildingName='Changed name'}}, course=Course{id=4, courseName='Political science'}, teacher=Teacher{id=4, firstName='Olivia', lastName='Blake', faculty=Faculty{id=3, facultyName='Faculty of Arts'}}}, Lesson{id=318, date=2021-02-18, startTime=13:00, endTime=14:40, classroom=Classroom{id=2, roomName='A-2', roomType='Class', roomCapacity=30, building=Building{id=1, buildingName='Changed name'}}, course=Course{id=5, courseName='Culture'}, teacher=Teacher{id=5, firstName='Scarlett', lastName='Nimoy', faculty=Faculty{id=3, facultyName='Faculty of Arts'}}}, Lesson{id=319, date=2021-02-18, startTime=14:50, endTime=16:30, classroom=Classroom{id=3, roomName='A-3', roomType='Class', roomCapacity=30, building=Building{id=1, buildingName='Changed name'}}, course=Course{id=5, courseName='Culture'}, teacher=Teacher{id=5, firstName='Scarlett', lastName='Nimoy', faculty=Faculty{id=3, facultyName='Faculty of Arts'}}}, Lesson{id=320, date=2021-02-18, startTime=16:40, endTime=18:20, classroom=Classroom{id=4, roomName='A-4', roomType='Lecture', roomCapacity=50, building=Building{id=1, buildingName='Changed name'}}, course=Course{id=1, courseName='History'}, teacher=Teacher{id=1, firstName='Albert', lastName='Sykes', faculty=Faculty{id=3, facultyName='Faculty of Arts'}}}, Lesson{id=321, date=2021-02-18, startTime=09:20, endTime=11:00, classroom=Classroom{id=9, roomName='New name', roomType='Lecture', roomCapacity=50, building=Building{id=2, buildingName='B'}}, course=Course{id=7, courseName='Chemistry'}, teacher=Teacher{id=8, firstName='Samuel', lastName='Travis', faculty=Faculty{id=1, facultyName='Changed faculty name'}}}, Lesson{id=322, date=2021-02-18, startTime=11:10, endTime=12:50, classroom=Classroom{id=9, roomName='New name', roomType='Lecture', roomCapacity=50, building=Building{id=2, buildingName='B'}}, course=Course{id=7, courseName='Chemistry'}, teacher=Teacher{id=8, firstName='Samuel', lastName='Travis', faculty=Faculty{id=1, facultyName='Changed faculty name'}}}, Lesson{id=323, date=2021-02-18, startTime=13:00, endTime=14:40, classroom=Classroom{id=6, roomName='B-1', roomType='Class', roomCapacity=30, building=Building{id=2, buildingName='B'}}, course=Course{id=7, courseName='Chemistry'}, teacher=Teacher{id=9, firstName='Albert', lastName='Hill', faculty=Faculty{id=1, facultyName='Changed faculty name'}}}, Lesson{id=324, date=2021-02-18, startTime=14:50, endTime=16:30, classroom=Classroom{id=7, roomName='B-2', roomType='Class', roomCapacity=30, building=Building{id=2, buildingName='B'}}, course=Course{id=7, courseName='Chemistry'}, teacher=Teacher{id=9, firstName='Albert', lastName='Hill', faculty=Faculty{id=1, facultyName='Changed faculty name'}}}, Lesson{id=325, date=2021-02-18, startTime=16:40, endTime=18:20, classroom=Classroom{id=10, roomName='B-5', roomType='Laboratory', roomCapacity=10, building=Building{id=2, buildingName='B'}}, course=Course{id=7, courseName='Chemistry'}, teacher=Teacher{id=9, firstName='Albert', lastName='Hill', faculty=Faculty{id=1, facultyName='Changed faculty name'}}}, Lesson{id=326, date=2021-02-18, startTime=09:20, endTime=11:00, classroom=Classroom{id=14, roomName='C-4', roomType='Lecture', roomCapacity=50, building=Building{id=3, buildingName='C'}}, course=Course{id=8, courseName='Mathematics'}, teacher=Teacher{id=10, firstName='Joshua', lastName='Eve', faculty=Faculty{id=2, facultyName='Technical Sciences Faculty'}}}, Lesson{id=327, date=2021-02-18, startTime=11:10, endTime=12:50, classroom=Classroom{id=14, roomName='C-4', roomType='Lecture', roomCapacity=50, building=Building{id=3, buildingName='C'}}, course=Course{id=8, courseName='Mathematics'}, teacher=Teacher{id=10, firstName='Joshua', lastName='Eve', faculty=Faculty{id=2, facultyName='Technical Sciences Faculty'}}}, Lesson{id=328, date=2021-02-18, startTime=13:00, endTime=14:40, classroom=Classroom{id=12, roomName='C-2', roomType='Class', roomCapacity=30, building=Building{id=3, buildingName='C'}}, course=Course{id=9, courseName='Physics'}, teacher=Teacher{id=11, firstName='Sophia', lastName='Roos', faculty=Faculty{id=2, facultyName='Technical Sciences Faculty'}}}, Lesson{id=329, date=2021-02-18, startTime=14:50, endTime=16:30, classroom=Classroom{id=12, roomName='C-2', roomType='Class', roomCapacity=30, building=Building{id=3, buildingName='C'}}, course=Course{id=10, courseName='Geometry'}, teacher=Teacher{id=12, firstName='Mia', lastName='Brown', faculty=Faculty{id=2, facultyName='Technical Sciences Faculty'}}}, Lesson{id=330, date=2021-02-18, startTime=16:40, endTime=18:20, classroom=Classroom{id=15, roomName='C-5', roomType='Laboratory', roomCapacity=10, building=Building{id=3, buildingName='C'}}, course=Course{id=8, courseName='Mathematics'}, teacher=Teacher{id=10, firstName='Joshua', lastName='Eve', faculty=Faculty{id=2, facultyName='Technical Sciences Faculty'}}}, Lesson{id=331, date=2021-02-19, startTime=09:20, endTime=11:00, classroom=Classroom{id=4, roomName='A-4', roomType='Lecture', roomCapacity=50, building=Building{id=1, buildingName='Changed name'}}, course=Course{id=5, courseName='Culture'}, teacher=Teacher{id=5, firstName='Scarlett', lastName='Nimoy', faculty=Faculty{id=3, facultyName='Faculty of Arts'}}}, Lesson{id=332, date=2021-02-19, startTime=11:10, endTime=12:50, classroom=Classroom{id=1, roomName='A-1', roomType='Class', roomCapacity=30, building=Building{id=1, buildingName='Changed name'}}, course=Course{id=5, courseName='Culture'}, teacher=Teacher{id=5, firstName='Scarlett', lastName='Nimoy', faculty=Faculty{id=3, facultyName='Faculty of Arts'}}}, Lesson{id=333, date=2021-02-19, startTime=13:00, endTime=14:40, classroom=Classroom{id=2, roomName='A-2', roomType='Class', roomCapacity=30, building=Building{id=1, buildingName='Changed name'}}, course=Course{id=1, courseName='History'}, teacher=Teacher{id=1, firstName='Albert', lastName='Sykes', faculty=Faculty{id=3, facultyName='Faculty of Arts'}}}, Lesson{id=334, date=2021-02-19, startTime=14:50, endTime=16:30, classroom=Classroom{id=3, roomName='A-3', roomType='Class', roomCapacity=30, building=Building{id=1, buildingName='Changed name'}}, course=Course{id=1, courseName='History'}, teacher=Teacher{id=1, firstName='Albert', lastName='Sykes', faculty=Faculty{id=3, facultyName='Faculty of Arts'}}}, Lesson{id=335, date=2021-02-19, startTime=16:40, endTime=18:20, classroom=Classroom{id=4, roomName='A-4', roomType='Lecture', roomCapacity=50, building=Building{id=1, buildingName='Changed name'}}, course=Course{id=2, courseName='Philosophy'}, teacher=Teacher{id=2, firstName='Stanley', lastName='Gruber', faculty=Faculty{id=3, facultyName='Faculty of Arts'}}}, Lesson{id=336, date=2021-02-19, startTime=09:20, endTime=11:00, classroom=Classroom{id=9, roomName='New name', roomType='Lecture', roomCapacity=50, building=Building{id=2, buildingName='B'}}, course=Course{id=6, courseName='Biology'}, teacher=Teacher{id=6, firstName='Ellie', lastName='Purh', faculty=Faculty{id=1, facultyName='Changed faculty name'}}}, Lesson{id=337, date=2021-02-19, startTime=11:10, endTime=12:50, classroom=Classroom{id=9, roomName='New name', roomType='Lecture', roomCapacity=50, building=Building{id=2, buildingName='B'}}, course=Course{id=6, courseName='Biology'}, teacher=Teacher{id=6, firstName='Ellie', lastName='Purh', faculty=Faculty{id=1, facultyName='Changed faculty name'}}}, Lesson{id=338, date=2021-02-19, startTime=13:00, endTime=14:40, classroom=Classroom{id=6, roomName='B-1', roomType='Class', roomCapacity=30, building=Building{id=2, buildingName='B'}}, course=Course{id=6, courseName='Biology'}, teacher=Teacher{id=7, firstName='Charlie', lastName='Byrne', faculty=Faculty{id=1, facultyName='Changed faculty name'}}}, Lesson{id=339, date=2021-02-19, startTime=14:50, endTime=16:30, classroom=Classroom{id=7, roomName='B-2', roomType='Class', roomCapacity=30, building=Building{id=2, buildingName='B'}}, course=Course{id=6, courseName='Biology'}, teacher=Teacher{id=7, firstName='Charlie', lastName='Byrne', faculty=Faculty{id=1, facultyName='Changed faculty name'}}}, Lesson{id=340, date=2021-02-19, startTime=16:40, endTime=18:20, classroom=Classroom{id=10, roomName='B-5', roomType='Laboratory', roomCapacity=10, building=Building{id=2, buildingName='B'}}, course=Course{id=6, courseName='Biology'}, teacher=Teacher{id=7, firstName='Charlie', lastName='Byrne', faculty=Faculty{id=1, facultyName='Changed faculty name'}}}, Lesson{id=341, date=2021-02-19, startTime=09:20, endTime=11:00, classroom=Classroom{id=14, roomName='C-4', roomType='Lecture', roomCapacity=50, building=Building{id=3, buildingName='C'}}, course=Course{id=9, courseName='Physics'}, teacher=Teacher{id=11, firstName='Sophia', lastName='Roos', faculty=Faculty{id=2, facultyName='Technical Sciences Faculty'}}}, Lesson{id=342, date=2021-02-19, startTime=11:10, endTime=12:50, classroom=Classroom{id=14, roomName='C-4', roomType='Lecture', roomCapacity=50, building=Building{id=3, buildingName='C'}}, course=Course{id=10, courseName='Geometry'}, teacher=Teacher{id=12, firstName='Mia', lastName='Brown', faculty=Faculty{id=2, facultyName='Technical Sciences Faculty'}}}, Lesson{id=343, date=2021-02-19, startTime=13:00, endTime=14:40, classroom=Classroom{id=13, roomName='C-3', roomType='Class', roomCapacity=30, building=Building{id=3, buildingName='C'}}, course=Course{id=8, courseName='Mathematics'}, teacher=Teacher{id=10, firstName='Joshua', lastName='Eve', faculty=Faculty{id=2, facultyName='Technical Sciences Faculty'}}}, Lesson{id=344, date=2021-02-19, startTime=14:50, endTime=16:30, classroom=Classroom{id=15, roomName='C-5', roomType='Laboratory', roomCapacity=10, building=Building{id=3, buildingName='C'}}, course=Course{id=9, courseName='Physics'}, teacher=Teacher{id=11, firstName='Sophia', lastName='Roos', faculty=Faculty{id=2, facultyName='Technical Sciences Faculty'}}}, Lesson{id=345, date=2021-02-19, startTime=16:40, endTime=18:20, classroom=Classroom{id=15, roomName='C-5', roomType='Laboratory', roomCapacity=10, building=Building{id=3, buildingName='C'}}, course=Course{id=10, courseName='Geometry'}, teacher=Teacher{id=12, firstName='Mia', lastName='Brown', faculty=Faculty{id=2, facultyName='Technical Sciences Faculty'}}}, Lesson{id=346, date=2021-02-22, startTime=09:20, endTime=11:00, classroom=Classroom{id=4, roomName='A-4', roomType='Lecture', roomCapacity=50, building=Building{id=1, buildingName='Changed name'}}, course=Course{id=1, courseName='History'}, teacher=Teacher{id=1, firstName='Albert', lastName='Sykes', faculty=Faculty{id=3, facultyName='Faculty of Arts'}}}, Lesson{id=347, date=2021-02-22, startTime=11:10, endTime=12:50, classroom=Classroom{id=1, roomName='A-1', roomType='Class', roomCapacity=30, building=Building{id=1, buildingName='Changed name'}}, course=Course{id=1, courseName='History'}, teacher=Teacher{id=1, firstName='Albert', lastName='Sykes', faculty=Faculty{id=3, facultyName='Faculty of Arts'}}}, Lesson{id=348, date=2021-02-22, startTime=13:00, endTime=14:40, classroom=Classroom{id=2, roomName='A-2', roomType='Class', roomCapacity=30, building=Building{id=1, buildingName='Changed name'}}, course=Course{id=2, courseName='Philosophy'}, teacher=Teacher{id=2, firstName='Stanley', lastName='Gruber', faculty=Faculty{id=3, facultyName='Faculty of Arts'}}}, Lesson{id=349, date=2021-02-22, startTime=14:50, endTime=16:30, classroom=Classroom{id=3, roomName='A-3', roomType='Class', roomCapacity=30, building=Building{id=1, buildingName='Changed name'}}, course=Course{id=2, courseName='Philosophy'}, teacher=Teacher{id=2, firstName='Stanley', lastName='Gruber', faculty=Faculty{id=3, facultyName='Faculty of Arts'}}}, Lesson{id=350, date=2021-02-22, startTime=16:40, endTime=18:20, classroom=Classroom{id=4, roomName='A-4', roomType='Lecture', roomCapacity=50, building=Building{id=1, buildingName='Changed name'}}, course=Course{id=3, courseName='Name'}, teacher=Teacher{id=3, firstName='Freya', lastName='Shepp', faculty=Faculty{id=3, facultyName='Faculty of Arts'}}}, Lesson{id=351, date=2021-02-22, startTime=09:20, endTime=11:00, classroom=Classroom{id=9, roomName='New name', roomType='Lecture', roomCapacity=50, building=Building{id=2, buildingName='B'}}, course=Course{id=6, courseName='Biology'}, teacher=Teacher{id=6, firstName='Ellie', lastName='Purh', faculty=Faculty{id=1, facultyName='Changed faculty name'}}}, Lesson{id=352, date=2021-02-22, startTime=11:10, endTime=12:50, classroom=Classroom{id=9, roomName='New name', roomType='Lecture', roomCapacity=50, building=Building{id=2, buildingName='B'}}, course=Course{id=6, courseName='Biology'}, teacher=Teacher{id=6, firstName='Ellie', lastName='Purh', faculty=Faculty{id=1, facultyName='Changed faculty name'}}}, Lesson{id=353, date=2021-02-22, startTime=13:00, endTime=14:40, classroom=Classroom{id=6, roomName='B-1', roomType='Class', roomCapacity=30, building=Building{id=2, buildingName='B'}}, course=Course{id=6, courseName='Biology'}, teacher=Teacher{id=7, firstName='Charlie', lastName='Byrne', faculty=Faculty{id=1, facultyName='Changed faculty name'}}}, Lesson{id=354, date=2021-02-22, startTime=14:50, endTime=16:30, classroom=Classroom{id=7, roomName='B-2', roomType='Class', roomCapacity=30, building=Building{id=2, buildingName='B'}}, course=Course{id=6, courseName='Biology'}, teacher=Teacher{id=7, firstName='Charlie', lastName='Byrne', faculty=Faculty{id=1, facultyName='Changed faculty name'}}}, Lesson{id=355, date=2021-02-22, startTime=16:40, endTime=18:20, classroom=Classroom{id=10, roomName='B-5', roomType='Laboratory', roomCapacity=10, building=Building{id=2, buildingName='B'}}, course=Course{id=6, courseName='Biology'}, teacher=Teacher{id=7, firstName='Charlie', lastName='Byrne', faculty=Faculty{id=1, facultyName='Changed faculty name'}}}, Lesson{id=356, date=2021-02-22, startTime=09:20, endTime=11:00, classroom=Classroom{id=14, roomName='C-4', roomType='Lecture', roomCapacity=50, building=Building{id=3, buildingName='C'}}, course=Course{id=8, courseName='Mathematics'}, teacher=Teacher{id=10, firstName='Joshua', lastName='Eve', faculty=Faculty{id=2, facultyName='Technical Sciences Faculty'}}}, Lesson{id=357, date=2021-02-22, startTime=11:10, endTime=12:50, classroom=Classroom{id=14, roomName='C-4', roomType='Lecture', roomCapacity=50, building=Building{id=3, buildingName='C'}}, course=Course{id=8, courseName='Mathematics'}, teacher=Teacher{id=10, firstName='Joshua', lastName='Eve', faculty=Faculty{id=2, facultyName='Technical Sciences Faculty'}}}, Lesson{id=358, date=2021-02-22, startTime=13:00, endTime=14:40, classroom=Classroom{id=11, roomName='C-1', roomType='Class', roomCapacity=30, building=Building{id=3, buildingName='C'}}, course=Course{id=8, courseName='Mathematics'}, teacher=Teacher{id=10, firstName='Joshua', lastName='Eve', faculty=Faculty{id=2, facultyName='Technical Sciences Faculty'}}}, Lesson{id=359, date=2021-02-22, startTime=14:50, endTime=16:30, classroom=Classroom{id=13, roomName='C-3', roomType='Class', roomCapacity=30, building=Building{id=3, buildingName='C'}}, course=Course{id=8, courseName='Mathematics'}, teacher=Teacher{id=10, firstName='Joshua', lastName='Eve', faculty=Faculty{id=2, facultyName='Technical Sciences Faculty'}}}, Lesson{id=360, date=2021-02-22, startTime=16:40, endTime=18:20, classroom=Classroom{id=15, roomName='C-5', roomType='Laboratory', roomCapacity=10, building=Building{id=3, buildingName='C'}}, course=Course{id=8, courseName='Mathematics'}, teacher=Teacher{id=10, firstName='Joshua', lastName='Eve', faculty=Faculty{id=2, facultyName='Technical Sciences Faculty'}}}, Lesson{id=361, date=2021-02-23, startTime=09:20, endTime=11:00, classroom=Classroom{id=4, roomName='A-4', roomType='Lecture', roomCapacity=50, building=Building{id=1, buildingName='Changed name'}}, course=Course{id=2, courseName='Philosophy'}, teacher=Teacher{id=2, firstName='Stanley', lastName='Gruber', faculty=Faculty{id=3, facultyName='Faculty of Arts'}}}, Lesson{id=362, date=2021-02-23, startTime=11:10, endTime=12:50, classroom=Classroom{id=1, roomName='A-1', roomType='Class', roomCapacity=30, building=Building{id=1, buildingName='Changed name'}}, course=Course{id=2, courseName='Philosophy'}, teacher=Teacher{id=2, firstName='Stanley', lastName='Gruber', faculty=Faculty{id=3, facultyName='Faculty of Arts'}}}, Lesson{id=363, date=2021-02-23, startTime=13:00, endTime=14:40, classroom=Classroom{id=2, roomName='A-2', roomType='Class', roomCapacity=30, building=Building{id=1, buildingName='Changed name'}}, course=Course{id=3, courseName='Name'}, teacher=Teacher{id=3, firstName='Freya', lastName='Shepp', faculty=Faculty{id=3, facultyName='Faculty of Arts'}}}, Lesson{id=364, date=2021-02-23, startTime=14:50, endTime=16:30, classroom=Classroom{id=3, roomName='A-3', roomType='Class', roomCapacity=30, building=Building{id=1, buildingName='Changed name'}}, course=Course{id=3, courseName='Name'}, teacher=Teacher{id=3, firstName='Freya', lastName='Shepp', faculty=Faculty{id=3, facultyName='Faculty of Arts'}}}, Lesson{id=365, date=2021-02-23, startTime=16:40, endTime=18:20, classroom=Classroom{id=4, roomName='A-4', roomType='Lecture', roomCapacity=50, building=Building{id=1, buildingName='Changed name'}}, course=Course{id=4, courseName='Political science'}, teacher=Teacher{id=4, firstName='Olivia', lastName='Blake', faculty=Faculty{id=3, facultyName='Faculty of Arts'}}}, Lesson{id=366, date=2021-02-23, startTime=09:20, endTime=11:00, classroom=Classroom{id=9, roomName='New name', roomType='Lecture', roomCapacity=50, building=Building{id=2, buildingName='B'}}, course=Course{id=7, courseName='Chemistry'}, teacher=Teacher{id=8, firstName='Samuel', lastName='Travis', faculty=Faculty{id=1, facultyName='Changed faculty name'}}}, Lesson{id=367, date=2021-02-23, startTime=11:10, endTime=12:50, classroom=Classroom{id=9, roomName='New name', roomType='Lecture', roomCapacity=50, building=Building{id=2, buildingName='B'}}, course=Course{id=7, courseName='Chemistry'}, teacher=Teacher{id=8, firstName='Samuel', lastName='Travis', faculty=Faculty{id=1, facultyName='Changed faculty name'}}}, Lesson{id=368, date=2021-02-23, startTime=13:00, endTime=14:40, classroom=Classroom{id=6, roomName='B-1', roomType='Class', roomCapacity=30, building=Building{id=2, buildingName='B'}}, course=Course{id=7, courseName='Chemistry'}, teacher=Teacher{id=9, firstName='Albert', lastName='Hill', faculty=Faculty{id=1, facultyName='Changed faculty name'}}}, Lesson{id=369, date=2021-02-23, startTime=14:50, endTime=16:30, classroom=Classroom{id=7, roomName='B-2', roomType='Class', roomCapacity=30, building=Building{id=2, buildingName='B'}}, course=Course{id=7, courseName='Chemistry'}, teacher=Teacher{id=9, firstName='Albert', lastName='Hill', faculty=Faculty{id=1, facultyName='Changed faculty name'}}}, Lesson{id=370, date=2021-02-23, startTime=16:40, endTime=18:20, classroom=Classroom{id=10, roomName='B-5', roomType='Laboratory', roomCapacity=10, building=Building{id=2, buildingName='B'}}, course=Course{id=7, courseName='Chemistry'}, teacher=Teacher{id=9, firstName='Albert', lastName='Hill', faculty=Faculty{id=1, facultyName='Changed faculty name'}}}, Lesson{id=371, date=2021-02-23, startTime=09:20, endTime=11:00, classroom=Classroom{id=14, roomName='C-4', roomType='Lecture', roomCapacity=50, building=Building{id=3, buildingName='C'}}, course=Course{id=9, courseName='Physics'}, teacher=Teacher{id=11, firstName='Sophia', lastName='Roos', faculty=Faculty{id=2, facultyName='Technical Sciences Faculty'}}}, Lesson{id=372, date=2021-02-23, startTime=11:10, endTime=12:50, classroom=Classroom{id=14, roomName='C-4', roomType='Lecture', roomCapacity=50, building=Building{id=3, buildingName='C'}}, course=Course{id=9, courseName='Physics'}, teacher=Teacher{id=11, firstName='Sophia', lastName='Roos', faculty=Faculty{id=2, facultyName='Technical Sciences Faculty'}}}, Lesson{id=373, date=2021-02-23, startTime=13:00, endTime=14:40, classroom=Classroom{id=11, roomName='C-1', roomType='Class', roomCapacity=30, building=Building{id=3, buildingName='C'}}, course=Course{id=9, courseName='Physics'}, teacher=Teacher{id=11, firstName='Sophia', lastName='Roos', faculty=Faculty{id=2, facultyName='Technical Sciences Faculty'}}}, Lesson{id=374, date=2021-02-23, startTime=14:50, endTime=16:30, classroom=Classroom{id=13, roomName='C-3', roomType='Class', roomCapacity=30, building=Building{id=3, buildingName='C'}}, course=Course{id=9, courseName='Physics'}, teacher=Teacher{id=11, firstName='Sophia', lastName='Roos', faculty=Faculty{id=2, facultyName='Technical Sciences Faculty'}}}, Lesson{id=375, date=2021-02-23, startTime=16:40, endTime=18:20, classroom=Classroom{id=15, roomName='C-5', roomType='Laboratory', roomCapacity=10, building=Building{id=3, buildingName='C'}}, course=Course{id=9, courseName='Physics'}, teacher=Teacher{id=11, firstName='Sophia', lastName='Roos', faculty=Faculty{id=2, facultyName='Technical Sciences Faculty'}}}, Lesson{id=376, date=2021-02-24, startTime=09:20, endTime=11:00, classroom=Classroom{id=4, roomName='A-4', roomType='Lecture', roomCapacity=50, building=Building{id=1, buildingName='Changed name'}}, course=Course{id=3, courseName='Name'}, teacher=Teacher{id=3, firstName='Freya', lastName='Shepp', faculty=Faculty{id=3, facultyName='Faculty of Arts'}}}, Lesson{id=377, date=2021-02-24, startTime=11:10, endTime=12:50, classroom=Classroom{id=1, roomName='A-1', roomType='Class', roomCapacity=30, building=Building{id=1, buildingName='Changed name'}}, course=Course{id=3, courseName='Name'}, teacher=Teacher{id=3, firstName='Freya', lastName='Shepp', faculty=Faculty{id=3, facultyName='Faculty of Arts'}}}, Lesson{id=378, date=2021-02-24, startTime=13:00, endTime=14:40, classroom=Classroom{id=2, roomName='A-2', roomType='Class', roomCapacity=30, building=Building{id=1, buildingName='Changed name'}}, course=Course{id=4, courseName='Political science'}, teacher=Teacher{id=4, firstName='Olivia', lastName='Blake', faculty=Faculty{id=3, facultyName='Faculty of Arts'}}}, Lesson{id=379, date=2021-02-24, startTime=14:50, endTime=16:30, classroom=Classroom{id=3, roomName='A-3', roomType='Class', roomCapacity=30, building=Building{id=1, buildingName='Changed name'}}, course=Course{id=4, courseName='Political science'}, teacher=Teacher{id=4, firstName='Olivia', lastName='Blake', faculty=Faculty{id=3, facultyName='Faculty of Arts'}}}, Lesson{id=380, date=2021-02-24, startTime=16:40, endTime=18:20, classroom=Classroom{id=4, roomName='A-4', roomType='Lecture', roomCapacity=50, building=Building{id=1, buildingName='Changed name'}}, course=Course{id=5, courseName='Culture'}, teacher=Teacher{id=5, firstName='Scarlett', lastName='Nimoy', faculty=Faculty{id=3, facultyName='Faculty of Arts'}}}, Lesson{id=381, date=2021-02-24, startTime=09:20, endTime=11:00, classroom=Classroom{id=9, roomName='New name', roomType='Lecture', roomCapacity=50, building=Building{id=2, buildingName='B'}}, course=Course{id=6, courseName='Biology'}, teacher=Teacher{id=6, firstName='Ellie', lastName='Purh', faculty=Faculty{id=1, facultyName='Changed faculty name'}}}, Lesson{id=382, date=2021-02-24, startTime=11:10, endTime=12:50, classroom=Classroom{id=9, roomName='New name', roomType='Lecture', roomCapacity=50, building=Building{id=2, buildingName='B'}}, course=Course{id=6, courseName='Biology'}, teacher=Teacher{id=6, firstName='Ellie', lastName='Purh', faculty=Faculty{id=1, facultyName='Changed faculty name'}}}, Lesson{id=383, date=2021-02-24, startTime=13:00, endTime=14:40, classroom=Classroom{id=6, roomName='B-1', roomType='Class', roomCapacity=30, building=Building{id=2, buildingName='B'}}, course=Course{id=6, courseName='Biology'}, teacher=Teacher{id=7, firstName='Charlie', lastName='Byrne', faculty=Faculty{id=1, facultyName='Changed faculty name'}}}, Lesson{id=384, date=2021-02-24, startTime=14:50, endTime=16:30, classroom=Classroom{id=7, roomName='B-2', roomType='Class', roomCapacity=30, building=Building{id=2, buildingName='B'}}, course=Course{id=6, courseName='Biology'}, teacher=Teacher{id=7, firstName='Charlie', lastName='Byrne', faculty=Faculty{id=1, facultyName='Changed faculty name'}}}, Lesson{id=385, date=2021-02-24, startTime=16:40, endTime=18:20, classroom=Classroom{id=10, roomName='B-5', roomType='Laboratory', roomCapacity=10, building=Building{id=2, buildingName='B'}}, course=Course{id=6, courseName='Biology'}, teacher=Teacher{id=7, firstName='Charlie', lastName='Byrne', faculty=Faculty{id=1, facultyName='Changed faculty name'}}}, Lesson{id=386, date=2021-02-24, startTime=09:20, endTime=11:00, classroom=Classroom{id=14, roomName='C-4', roomType='Lecture', roomCapacity=50, building=Building{id=3, buildingName='C'}}, course=Course{id=10, courseName='Geometry'}, teacher=Teacher{id=12, firstName='Mia', lastName='Brown', faculty=Faculty{id=2, facultyName='Technical Sciences Faculty'}}}, Lesson{id=387, date=2021-02-24, startTime=11:10, endTime=12:50, classroom=Classroom{id=14, roomName='C-4', roomType='Lecture', roomCapacity=50, building=Building{id=3, buildingName='C'}}, course=Course{id=10, courseName='Geometry'}, teacher=Teacher{id=12, firstName='Mia', lastName='Brown', faculty=Faculty{id=2, facultyName='Technical Sciences Faculty'}}}, Lesson{id=388, date=2021-02-24, startTime=13:00, endTime=14:40, classroom=Classroom{id=11, roomName='C-1', roomType='Class', roomCapacity=30, building=Building{id=3, buildingName='C'}}, course=Course{id=10, courseName='Geometry'}, teacher=Teacher{id=12, firstName='Mia', lastName='Brown', faculty=Faculty{id=2, facultyName='Technical Sciences Faculty'}}}, Lesson{id=389, date=2021-02-24, startTime=14:50, endTime=16:30, classroom=Classroom{id=13, roomName='C-3', roomType='Class', roomCapacity=30, building=Building{id=3, buildingName='C'}}, course=Course{id=10, courseName='Geometry'}, teacher=Teacher{id=12, firstName='Mia', lastName='Brown', faculty=Faculty{id=2, facultyName='Technical Sciences Faculty'}}}, Lesson{id=390, date=2021-02-24, startTime=16:40, endTime=18:20, classroom=Classroom{id=15, roomName='C-5', roomType='Laboratory', roomCapacity=10, building=Building{id=3, buildingName='C'}}, course=Course{id=10, courseName='Geometry'}, teacher=Teacher{id=12, firstName='Mia', lastName='Brown', faculty=Faculty{id=2, facultyName='Technical Sciences Faculty'}}}, Lesson{id=391, date=2021-02-25, startTime=09:20, endTime=11:00, classroom=Classroom{id=4, roomName='A-4', roomType='Lecture', roomCapacity=50, building=Building{id=1, buildingName='Changed name'}}, course=Course{id=4, courseName='Political science'}, teacher=Teacher{id=4, firstName='Olivia', lastName='Blake', faculty=Faculty{id=3, facultyName='Faculty of Arts'}}}, Lesson{id=392, date=2021-02-25, startTime=11:10, endTime=12:50, classroom=Classroom{id=1, roomName='A-1', roomType='Class', roomCapacity=30, building=Building{id=1, buildingName='Changed name'}}, course=Course{id=4, courseName='Political science'}, teacher=Teacher{id=4, firstName='Olivia', lastName='Blake', faculty=Faculty{id=3, facultyName='Faculty of Arts'}}}, Lesson{id=393, date=2021-02-25, startTime=13:00, endTime=14:40, classroom=Classroom{id=2, roomName='A-2', roomType='Class', roomCapacity=30, building=Building{id=1, buildingName='Changed name'}}, course=Course{id=5, courseName='Culture'}, teacher=Teacher{id=5, firstName='Scarlett', lastName='Nimoy', faculty=Faculty{id=3, facultyName='Faculty of Arts'}}}, Lesson{id=394, date=2021-02-25, startTime=14:50, endTime=16:30, classroom=Classroom{id=3, roomName='A-3', roomType='Class', roomCapacity=30, building=Building{id=1, buildingName='Changed name'}}, course=Course{id=5, courseName='Culture'}, teacher=Teacher{id=5, firstName='Scarlett', lastName='Nimoy', faculty=Faculty{id=3, facultyName='Faculty of Arts'}}}, Lesson{id=395, date=2021-02-25, startTime=16:40, endTime=18:20, classroom=Classroom{id=4, roomName='A-4', roomType='Lecture', roomCapacity=50, building=Building{id=1, buildingName='Changed name'}}, course=Course{id=1, courseName='History'}, teacher=Teacher{id=1, firstName='Albert', lastName='Sykes', faculty=Faculty{id=3, facultyName='Faculty of Arts'}}}, Lesson{id=396, date=2021-02-25, startTime=09:20, endTime=11:00, classroom=Classroom{id=9, roomName='New name', roomType='Lecture', roomCapacity=50, building=Building{id=2, buildingName='B'}}, course=Course{id=7, courseName='Chemistry'}, teacher=Teacher{id=8, firstName='Samuel', lastName='Travis', faculty=Faculty{id=1, facultyName='Changed faculty name'}}}, Lesson{id=397, date=2021-02-25, startTime=11:10, endTime=12:50, classroom=Classroom{id=9, roomName='New name', roomType='Lecture', roomCapacity=50, building=Building{id=2, buildingName='B'}}, course=Course{id=7, courseName='Chemistry'}, teacher=Teacher{id=8, firstName='Samuel', lastName='Travis', faculty=Faculty{id=1, facultyName='Changed faculty name'}}}, Lesson{id=398, date=2021-02-25, startTime=13:00, endTime=14:40, classroom=Classroom{id=6, roomName='B-1', roomType='Class', roomCapacity=30, building=Building{id=2, buildingName='B'}}, course=Course{id=7, courseName='Chemistry'}, teacher=Teacher{id=9, firstName='Albert', lastName='Hill', faculty=Faculty{id=1, facultyName='Changed faculty name'}}}, Lesson{id=399, date=2021-02-25, startTime=14:50, endTime=16:30, classroom=Classroom{id=7, roomName='B-2', roomType='Class', roomCapacity=30, building=Building{id=2, buildingName='B'}}, course=Course{id=7, courseName='Chemistry'}, teacher=Teacher{id=9, firstName='Albert', lastName='Hill', faculty=Faculty{id=1, facultyName='Changed faculty name'}}}, Lesson{id=400, date=2021-02-25, startTime=16:40, endTime=18:20, classroom=Classroom{id=10, roomName='B-5', roomType='Laboratory', roomCapacity=10, building=Building{id=2, buildingName='B'}}, course=Course{id=7, courseName='Chemistry'}, teacher=Teacher{id=9, firstName='Albert', lastName='Hill', faculty=Faculty{id=1, facultyName='Changed faculty name'}}}, Lesson{id=401, date=2021-02-25, startTime=09:20, endTime=11:00, classroom=Classroom{id=14, roomName='C-4', roomType='Lecture', roomCapacity=50, building=Building{id=3, buildingName='C'}}, course=Course{id=8, courseName='Mathematics'}, teacher=Teacher{id=10, firstName='Joshua', lastName='Eve', faculty=Faculty{id=2, facultyName='Technical Sciences Faculty'}}}, Lesson{id=402, date=2021-02-25, startTime=11:10, endTime=12:50, classroom=Classroom{id=14, roomName='C-4', roomType='Lecture', roomCapacity=50, building=Building{id=3, buildingName='C'}}, course=Course{id=8, courseName='Mathematics'}, teacher=Teacher{id=10, firstName='Joshua', lastName='Eve', faculty=Faculty{id=2, facultyName='Technical Sciences Faculty'}}}, Lesson{id=403, date=2021-02-25, startTime=13:00, endTime=14:40, classroom=Classroom{id=12, roomName='C-2', roomType='Class', roomCapacity=30, building=Building{id=3, buildingName='C'}}, course=Course{id=9, courseName='Physics'}, teacher=Teacher{id=11, firstName='Sophia', lastName='Roos', faculty=Faculty{id=2, facultyName='Technical Sciences Faculty'}}}, Lesson{id=404, date=2021-02-25, startTime=14:50, endTime=16:30, classroom=Classroom{id=12, roomName='C-2', roomType='Class', roomCapacity=30, building=Building{id=3, buildingName='C'}}, course=Course{id=10, courseName='Geometry'}, teacher=Teacher{id=12, firstName='Mia', lastName='Brown', faculty=Faculty{id=2, facultyName='Technical Sciences Faculty'}}}, Lesson{id=405, date=2021-02-25, startTime=16:40, endTime=18:20, classroom=Classroom{id=15, roomName='C-5', roomType='Laboratory', roomCapacity=10, building=Building{id=3, buildingName='C'}}, course=Course{id=8, courseName='Mathematics'}, teacher=Teacher{id=10, firstName='Joshua', lastName='Eve', faculty=Faculty{id=2, facultyName='Technical Sciences Faculty'}}}, Lesson{id=406, date=2021-02-26, startTime=09:20, endTime=11:00, classroom=Classroom{id=4, roomName='A-4', roomType='Lecture', roomCapacity=50, building=Building{id=1, buildingName='Changed name'}}, course=Course{id=5, courseName='Culture'}, teacher=Teacher{id=5, firstName='Scarlett', lastName='Nimoy', faculty=Faculty{id=3, facultyName='Faculty of Arts'}}}, Lesson{id=407, date=2021-02-26, startTime=11:10, endTime=12:50, classroom=Classroom{id=1, roomName='A-1', roomType='Class', roomCapacity=30, building=Building{id=1, buildingName='Changed name'}}, course=Course{id=5, courseName='Culture'}, teacher=Teacher{id=5, firstName='Scarlett', lastName='Nimoy', faculty=Faculty{id=3, facultyName='Faculty of Arts'}}}, Lesson{id=408, date=2021-02-26, startTime=13:00, endTime=14:40, classroom=Classroom{id=2, roomName='A-2', roomType='Class', roomCapacity=30, building=Building{id=1, buildingName='Changed name'}}, course=Course{id=1, courseName='History'}, teacher=Teacher{id=1, firstName='Albert', lastName='Sykes', faculty=Faculty{id=3, facultyName='Faculty of Arts'}}}, Lesson{id=409, date=2021-02-26, startTime=14:50, endTime=16:30, classroom=Classroom{id=3, roomName='A-3', roomType='Class', roomCapacity=30, building=Building{id=1, buildingName='Changed name'}}, course=Course{id=1, courseName='History'}, teacher=Teacher{id=1, firstName='Albert', lastName='Sykes', faculty=Faculty{id=3, facultyName='Faculty of Arts'}}}, Lesson{id=410, date=2021-02-26, startTime=16:40, endTime=18:20, classroom=Classroom{id=4, roomName='A-4', roomType='Lecture', roomCapacity=50, building=Building{id=1, buildingName='Changed name'}}, course=Course{id=2, courseName='Philosophy'}, teacher=Teacher{id=2, firstName='Stanley', lastName='Gruber', faculty=Faculty{id=3, facultyName='Faculty of Arts'}}}, Lesson{id=411, date=2021-02-26, startTime=09:20, endTime=11:00, classroom=Classroom{id=9, roomName='New name', roomType='Lecture', roomCapacity=50, building=Building{id=2, buildingName='B'}}, course=Course{id=6, courseName='Biology'}, teacher=Teacher{id=6, firstName='Ellie', lastName='Purh', faculty=Faculty{id=1, facultyName='Changed faculty name'}}}, Lesson{id=412, date=2021-02-26, startTime=11:10, endTime=12:50, classroom=Classroom{id=9, roomName='New name', roomType='Lecture', roomCapacity=50, building=Building{id=2, buildingName='B'}}, course=Course{id=6, courseName='Biology'}, teacher=Teacher{id=6, firstName='Ellie', lastName='Purh', faculty=Faculty{id=1, facultyName='Changed faculty name'}}}, Lesson{id=413, date=2021-02-26, startTime=13:00, endTime=14:40, classroom=Classroom{id=6, roomName='B-1', roomType='Class', roomCapacity=30, building=Building{id=2, buildingName='B'}}, course=Course{id=6, courseName='Biology'}, teacher=Teacher{id=7, firstName='Charlie', lastName='Byrne', faculty=Faculty{id=1, facultyName='Changed faculty name'}}}, Lesson{id=414, date=2021-02-26, startTime=14:50, endTime=16:30, classroom=Classroom{id=7, roomName='B-2', roomType='Class', roomCapacity=30, building=Building{id=2, buildingName='B'}}, course=Course{id=6, courseName='Biology'}, teacher=Teacher{id=7, firstName='Charlie', lastName='Byrne', faculty=Faculty{id=1, facultyName='Changed faculty name'}}}, Lesson{id=415, date=2021-02-26, startTime=16:40, endTime=18:20, classroom=Classroom{id=10, roomName='B-5', roomType='Laboratory', roomCapacity=10, building=Building{id=2, buildingName='B'}}, course=Course{id=6, courseName='Biology'}, teacher=Teacher{id=7, firstName='Charlie', lastName='Byrne', faculty=Faculty{id=1, facultyName='Changed faculty name'}}}, Lesson{id=416, date=2021-02-26, startTime=09:20, endTime=11:00, classroom=Classroom{id=14, roomName='C-4', roomType='Lecture', roomCapacity=50, building=Building{id=3, buildingName='C'}}, course=Course{id=9, courseName='Physics'}, teacher=Teacher{id=11, firstName='Sophia', lastName='Roos', faculty=Faculty{id=2, facultyName='Technical Sciences Faculty'}}}, Lesson{id=417, date=2021-02-26, startTime=11:10, endTime=12:50, classroom=Classroom{id=14, roomName='C-4', roomType='Lecture', roomCapacity=50, building=Building{id=3, buildingName='C'}}, course=Course{id=10, courseName='Geometry'}, teacher=Teacher{id=12, firstName='Mia', lastName='Brown', faculty=Faculty{id=2, facultyName='Technical Sciences Faculty'}}}, Lesson{id=418, date=2021-02-26, startTime=13:00, endTime=14:40, classroom=Classroom{id=13, roomName='C-3', roomType='Class', roomCapacity=30, building=Building{id=3, buildingName='C'}}, course=Course{id=8, courseName='Mathematics'}, teacher=Teacher{id=10, firstName='Joshua', lastName='Eve', faculty=Faculty{id=2, facultyName='Technical Sciences Faculty'}}}, Lesson{id=419, date=2021-02-26, startTime=14:50, endTime=16:30, classroom=Classroom{id=15, roomName='C-5', roomType='Laboratory', roomCapacity=10, building=Building{id=3, buildingName='C'}}, course=Course{id=9, courseName='Physics'}, teacher=Teacher{id=11, firstName='Sophia', lastName='Roos', faculty=Faculty{id=2, facultyName='Technical Sciences Faculty'}}}, Lesson{id=420, date=2021-02-26, startTime=16:40, endTime=18:20, classroom=Classroom{id=15, roomName='C-5', roomType='Laboratory', roomCapacity=10, building=Building{id=3, buildingName='C'}}, course=Course{id=10, courseName='Geometry'}, teacher=Teacher{id=12, firstName='Mia', lastName='Brown', faculty=Faculty{id=2, facultyName='Technical Sciences Faculty'}}}, Lesson{id=421, date=2021-03-01, startTime=09:20, endTime=11:00, classroom=Classroom{id=4, roomName='A-4', roomType='Lecture', roomCapacity=50, building=Building{id=1, buildingName='Changed name'}}, course=Course{id=1, courseName='History'}, teacher=Teacher{id=1, firstName='Albert', lastName='Sykes', faculty=Faculty{id=3, facultyName='Faculty of Arts'}}}, Lesson{id=422, date=2021-03-01, startTime=11:10, endTime=12:50, classroom=Classroom{id=1, roomName='A-1', roomType='Class', roomCapacity=30, building=Building{id=1, buildingName='Changed name'}}, course=Course{id=1, courseName='History'}, teacher=Teacher{id=1, firstName='Albert', lastName='Sykes', faculty=Faculty{id=3, facultyName='Faculty of Arts'}}}, Lesson{id=423, date=2021-03-01, startTime=13:00, endTime=14:40, classroom=Classroom{id=2, roomName='A-2', roomType='Class', roomCapacity=30, building=Building{id=1, buildingName='Changed name'}}, course=Course{id=2, courseName='Philosophy'}, teacher=Teacher{id=2, firstName='Stanley', lastName='Gruber', faculty=Faculty{id=3, facultyName='Faculty of Arts'}}}, Lesson{id=424, date=2021-03-01, startTime=14:50, endTime=16:30, classroom=Classroom{id=3, roomName='A-3', roomType='Class', roomCapacity=30, building=Building{id=1, buildingName='Changed name'}}, course=Course{id=2, courseName='Philosophy'}, teacher=Teacher{id=2, firstName='Stanley', lastName='Gruber', faculty=Faculty{id=3, facultyName='Faculty of Arts'}}}, Lesson{id=425, date=2021-03-01, startTime=16:40, endTime=18:20, classroom=Classroom{id=4, roomName='A-4', roomType='Lecture', roomCapacity=50, building=Building{id=1, buildingName='Changed name'}}, course=Course{id=3, courseName='Name'}, teacher=Teacher{id=3, firstName='Freya', lastName='Shepp', faculty=Faculty{id=3, facultyName='Faculty of Arts'}}}, Lesson{id=426, date=2021-03-01, startTime=09:20, endTime=11:00, classroom=Classroom{id=9, roomName='New name', roomType='Lecture', roomCapacity=50, building=Building{id=2, buildingName='B'}}, course=Course{id=6, courseName='Biology'}, teacher=Teacher{id=6, firstName='Ellie', lastName='Purh', faculty=Faculty{id=1, facultyName='Changed faculty name'}}}, Lesson{id=427, date=2021-03-01, startTime=11:10, endTime=12:50, classroom=Classroom{id=9, roomName='New name', roomType='Lecture', roomCapacity=50, building=Building{id=2, buildingName='B'}}, course=Course{id=6, courseName='Biology'}, teacher=Teacher{id=6, firstName='Ellie', lastName='Purh', faculty=Faculty{id=1, facultyName='Changed faculty name'}}}, Lesson{id=428, date=2021-03-01, startTime=13:00, endTime=14:40, classroom=Classroom{id=6, roomName='B-1', roomType='Class', roomCapacity=30, building=Building{id=2, buildingName='B'}}, course=Course{id=6, courseName='Biology'}, teacher=Teacher{id=7, firstName='Charlie', lastName='Byrne', faculty=Faculty{id=1, facultyName='Changed faculty name'}}}, Lesson{id=429, date=2021-03-01, startTime=14:50, endTime=16:30, classroom=Classroom{id=7, roomName='B-2', roomType='Class', roomCapacity=30, building=Building{id=2, buildingName='B'}}, course=Course{id=6, courseName='Biology'}, teacher=Teacher{id=7, firstName='Charlie', lastName='Byrne', faculty=Faculty{id=1, facultyName='Changed faculty name'}}}, Lesson{id=430, date=2021-03-01, startTime=16:40, endTime=18:20, classroom=Classroom{id=10, roomName='B-5', roomType='Laboratory', roomCapacity=10, building=Building{id=2, buildingName='B'}}, course=Course{id=6, courseName='Biology'}, teacher=Teacher{id=7, firstName='Charlie', lastName='Byrne', faculty=Faculty{id=1, facultyName='Changed faculty name'}}}, Lesson{id=431, date=2021-03-01, startTime=09:20, endTime=11:00, classroom=Classroom{id=14, roomName='C-4', roomType='Lecture', roomCapacity=50, building=Building{id=3, buildingName='C'}}, course=Course{id=8, courseName='Mathematics'}, teacher=Teacher{id=10, firstName='Joshua', lastName='Eve', faculty=Faculty{id=2, facultyName='Technical Sciences Faculty'}}}, Lesson{id=432, date=2021-03-01, startTime=11:10, endTime=12:50, classroom=Classroom{id=14, roomName='C-4', roomType='Lecture', roomCapacity=50, building=Building{id=3, buildingName='C'}}, course=Course{id=8, courseName='Mathematics'}, teacher=Teacher{id=10, firstName='Joshua', lastName='Eve', faculty=Faculty{id=2, facultyName='Technical Sciences Faculty'}}}, Lesson{id=433, date=2021-03-01, startTime=13:00, endTime=14:40, classroom=Classroom{id=11, roomName='C-1', roomType='Class', roomCapacity=30, building=Building{id=3, buildingName='C'}}, course=Course{id=8, courseName='Mathematics'}, teacher=Teacher{id=10, firstName='Joshua', lastName='Eve', faculty=Faculty{id=2, facultyName='Technical Sciences Faculty'}}}, Lesson{id=434, date=2021-03-01, startTime=14:50, endTime=16:30, classroom=Classroom{id=13, roomName='C-3', roomType='Class', roomCapacity=30, building=Building{id=3, buildingName='C'}}, course=Course{id=8, courseName='Mathematics'}, teacher=Teacher{id=10, firstName='Joshua', lastName='Eve', faculty=Faculty{id=2, facultyName='Technical Sciences Faculty'}}}, Lesson{id=435, date=2021-03-01, startTime=16:40, endTime=18:20, classroom=Classroom{id=15, roomName='C-5', roomType='Laboratory', roomCapacity=10, building=Building{id=3, buildingName='C'}}, course=Course{id=8, courseName='Mathematics'}, teacher=Teacher{id=10, firstName='Joshua', lastName='Eve', faculty=Faculty{id=2, facultyName='Technical Sciences Faculty'}}}, Lesson{id=436, date=2021-03-02, startTime=09:20, endTime=11:00, classroom=Classroom{id=4, roomName='A-4', roomType='Lecture', roomCapacity=50, building=Building{id=1, buildingName='Changed name'}}, course=Course{id=2, courseName='Philosophy'}, teacher=Teacher{id=2, firstName='Stanley', lastName='Gruber', faculty=Faculty{id=3, facultyName='Faculty of Arts'}}}, Lesson{id=437, date=2021-03-02, startTime=11:10, endTime=12:50, classroom=Classroom{id=1, roomName='A-1', roomType='Class', roomCapacity=30, building=Building{id=1, buildingName='Changed name'}}, course=Course{id=2, courseName='Philosophy'}, teacher=Teacher{id=2, firstName='Stanley', lastName='Gruber', faculty=Faculty{id=3, facultyName='Faculty of Arts'}}}, Lesson{id=438, date=2021-03-02, startTime=13:00, endTime=14:40, classroom=Classroom{id=2, roomName='A-2', roomType='Class', roomCapacity=30, building=Building{id=1, buildingName='Changed name'}}, course=Course{id=3, courseName='Name'}, teacher=Teacher{id=3, firstName='Freya', lastName='Shepp', faculty=Faculty{id=3, facultyName='Faculty of Arts'}}}, Lesson{id=439, date=2021-03-02, startTime=14:50, endTime=16:30, classroom=Classroom{id=3, roomName='A-3', roomType='Class', roomCapacity=30, building=Building{id=1, buildingName='Changed name'}}, course=Course{id=3, courseName='Name'}, teacher=Teacher{id=3, firstName='Freya', lastName='Shepp', faculty=Faculty{id=3, facultyName='Faculty of Arts'}}}, Lesson{id=440, date=2021-03-02, startTime=16:40, endTime=18:20, classroom=Classroom{id=4, roomName='A-4', roomType='Lecture', roomCapacity=50, building=Building{id=1, buildingName='Changed name'}}, course=Course{id=4, courseName='Political science'}, teacher=Teacher{id=4, firstName='Olivia', lastName='Blake', faculty=Faculty{id=3, facultyName='Faculty of Arts'}}}, Lesson{id=441, date=2021-03-02, startTime=09:20, endTime=11:00, classroom=Classroom{id=9, roomName='New name', roomType='Lecture', roomCapacity=50, building=Building{id=2, buildingName='B'}}, course=Course{id=7, courseName='Chemistry'}, teacher=Teacher{id=8, firstName='Samuel', lastName='Travis', faculty=Faculty{id=1, facultyName='Changed faculty name'}}}, Lesson{id=442, date=2021-03-02, startTime=11:10, endTime=12:50, classroom=Classroom{id=9, roomName='New name', roomType='Lecture', roomCapacity=50, building=Building{id=2, buildingName='B'}}, course=Course{id=7, courseName='Chemistry'}, teacher=Teacher{id=8, firstName='Samuel', lastName='Travis', faculty=Faculty{id=1, facultyName='Changed faculty name'}}}, Lesson{id=443, date=2021-03-02, startTime=13:00, endTime=14:40, classroom=Classroom{id=6, roomName='B-1', roomType='Class', roomCapacity=30, building=Building{id=2, buildingName='B'}}, course=Course{id=7, courseName='Chemistry'}, teacher=Teacher{id=9, firstName='Albert', lastName='Hill', faculty=Faculty{id=1, facultyName='Changed faculty name'}}}, Lesson{id=444, date=2021-03-02, startTime=14:50, endTime=16:30, classroom=Classroom{id=7, roomName='B-2', roomType='Class', roomCapacity=30, building=Building{id=2, buildingName='B'}}, course=Course{id=7, courseName='Chemistry'}, teacher=Teacher{id=9, firstName='Albert', lastName='Hill', faculty=Faculty{id=1, facultyName='Changed faculty name'}}}, Lesson{id=445, date=2021-03-02, startTime=16:40, endTime=18:20, classroom=Classroom{id=10, roomName='B-5', roomType='Laboratory', roomCapacity=10, building=Building{id=2, buildingName='B'}}, course=Course{id=7, courseName='Chemistry'}, teacher=Teacher{id=9, firstName='Albert', lastName='Hill', faculty=Faculty{id=1, facultyName='Changed faculty name'}}}, Lesson{id=446, date=2021-03-02, startTime=09:20, endTime=11:00, classroom=Classroom{id=14, roomName='C-4', roomType='Lecture', roomCapacity=50, building=Building{id=3, buildingName='C'}}, course=Course{id=9, courseName='Physics'}, teacher=Teacher{id=11, firstName='Sophia', lastName='Roos', faculty=Faculty{id=2, facultyName='Technical Sciences Faculty'}}}, Lesson{id=447, date=2021-03-02, startTime=11:10, endTime=12:50, classroom=Classroom{id=14, roomName='C-4', roomType='Lecture', roomCapacity=50, building=Building{id=3, buildingName='C'}}, course=Course{id=9, courseName='Physics'}, teacher=Teacher{id=11, firstName='Sophia', lastName='Roos', faculty=Faculty{id=2, facultyName='Technical Sciences Faculty'}}}, Lesson{id=448, date=2021-03-02, startTime=13:00, endTime=14:40, classroom=Classroom{id=11, roomName='C-1', roomType='Class', roomCapacity=30, building=Building{id=3, buildingName='C'}}, course=Course{id=9, courseName='Physics'}, teacher=Teacher{id=11, firstName='Sophia', lastName='Roos', faculty=Faculty{id=2, facultyName='Technical Sciences Faculty'}}}, Lesson{id=449, date=2021-03-02, startTime=14:50, endTime=16:30, classroom=Classroom{id=13, roomName='C-3', roomType='Class', roomCapacity=30, building=Building{id=3, buildingName='C'}}, course=Course{id=9, courseName='Physics'}, teacher=Teacher{id=11, firstName='Sophia', lastName='Roos', faculty=Faculty{id=2, facultyName='Technical Sciences Faculty'}}}, Lesson{id=450, date=2021-03-02, startTime=16:40, endTime=18:20, classroom=Classroom{id=15, roomName='C-5', roomType='Laboratory', roomCapacity=10, building=Building{id=3, buildingName='C'}}, course=Course{id=9, courseName='Physics'}, teacher=Teacher{id=11, firstName='Sophia', lastName='Roos', faculty=Faculty{id=2, facultyName='Technical Sciences Faculty'}}}, Lesson{id=451, date=2021-03-03, startTime=09:20, endTime=11:00, classroom=Classroom{id=4, roomName='A-4', roomType='Lecture', roomCapacity=50, building=Building{id=1, buildingName='Changed name'}}, course=Course{id=3, courseName='Name'}, teacher=Teacher{id=3, firstName='Freya', lastName='Shepp', faculty=Faculty{id=3, facultyName='Faculty of Arts'}}}, Lesson{id=452, date=2021-03-03, startTime=11:10, endTime=12:50, classroom=Classroom{id=1, roomName='A-1', roomType='Class', roomCapacity=30, building=Building{id=1, buildingName='Changed name'}}, course=Course{id=3, courseName='Name'}, teacher=Teacher{id=3, firstName='Freya', lastName='Shepp', faculty=Faculty{id=3, facultyName='Faculty of Arts'}}}, Lesson{id=453, date=2021-03-03, startTime=13:00, endTime=14:40, classroom=Classroom{id=2, roomName='A-2', roomType='Class', roomCapacity=30, building=Building{id=1, buildingName='Changed name'}}, course=Course{id=4, courseName='Political science'}, teacher=Teacher{id=4, firstName='Olivia', lastName='Blake', faculty=Faculty{id=3, facultyName='Faculty of Arts'}}}, Lesson{id=454, date=2021-03-03, startTime=14:50, endTime=16:30, classroom=Classroom{id=3, roomName='A-3', roomType='Class', roomCapacity=30, building=Building{id=1, buildingName='Changed name'}}, course=Course{id=4, courseName='Political science'}, teacher=Teacher{id=4, firstName='Olivia', lastName='Blake', faculty=Faculty{id=3, facultyName='Faculty of Arts'}}}, Lesson{id=455, date=2021-03-03, startTime=16:40, endTime=18:20, classroom=Classroom{id=4, roomName='A-4', roomType='Lecture', roomCapacity=50, building=Building{id=1, buildingName='Changed name'}}, course=Course{id=5, courseName='Culture'}, teacher=Teacher{id=5, firstName='Scarlett', lastName='Nimoy', faculty=Faculty{id=3, facultyName='Faculty of Arts'}}}, Lesson{id=456, date=2021-03-03, startTime=09:20, endTime=11:00, classroom=Classroom{id=9, roomName='New name', roomType='Lecture', roomCapacity=50, building=Building{id=2, buildingName='B'}}, course=Course{id=6, courseName='Biology'}, teacher=Teacher{id=6, firstName='Ellie', lastName='Purh', faculty=Faculty{id=1, facultyName='Changed faculty name'}}}, Lesson{id=457, date=2021-03-03, startTime=11:10, endTime=12:50, classroom=Classroom{id=9, roomName='New name', roomType='Lecture', roomCapacity=50, building=Building{id=2, buildingName='B'}}, course=Course{id=6, courseName='Biology'}, teacher=Teacher{id=6, firstName='Ellie', lastName='Purh', faculty=Faculty{id=1, facultyName='Changed faculty name'}}}, Lesson{id=458, date=2021-03-03, startTime=13:00, endTime=14:40, classroom=Classroom{id=6, roomName='B-1', roomType='Class', roomCapacity=30, building=Building{id=2, buildingName='B'}}, course=Course{id=6, courseName='Biology'}, teacher=Teacher{id=7, firstName='Charlie', lastName='Byrne', faculty=Faculty{id=1, facultyName='Changed faculty name'}}}, Lesson{id=459, date=2021-03-03, startTime=14:50, endTime=16:30, classroom=Classroom{id=7, roomName='B-2', roomType='Class', roomCapacity=30, building=Building{id=2, buildingName='B'}}, course=Course{id=6, courseName='Biology'}, teacher=Teacher{id=7, firstName='Charlie', lastName='Byrne', faculty=Faculty{id=1, facultyName='Changed faculty name'}}}, Lesson{id=460, date=2021-03-03, startTime=16:40, endTime=18:20, classroom=Classroom{id=10, roomName='B-5', roomType='Laboratory', roomCapacity=10, building=Building{id=2, buildingName='B'}}, course=Course{id=6, courseName='Biology'}, teacher=Teacher{id=7, firstName='Charlie', lastName='Byrne', faculty=Faculty{id=1, facultyName='Changed faculty name'}}}, Lesson{id=461, date=2021-03-03, startTime=09:20, endTime=11:00, classroom=Classroom{id=14, roomName='C-4', roomType='Lecture', roomCapacity=50, building=Building{id=3, buildingName='C'}}, course=Course{id=10, courseName='Geometry'}, teacher=Teacher{id=12, firstName='Mia', lastName='Brown', faculty=Faculty{id=2, facultyName='Technical Sciences Faculty'}}}, Lesson{id=462, date=2021-03-03, startTime=11:10, endTime=12:50, classroom=Classroom{id=14, roomName='C-4', roomType='Lecture', roomCapacity=50, building=Building{id=3, buildingName='C'}}, course=Course{id=10, courseName='Geometry'}, teacher=Teacher{id=12, firstName='Mia', lastName='Brown', faculty=Faculty{id=2, facultyName='Technical Sciences Faculty'}}}, Lesson{id=463, date=2021-03-03, startTime=13:00, endTime=14:40, classroom=Classroom{id=11, roomName='C-1', roomType='Class', roomCapacity=30, building=Building{id=3, buildingName='C'}}, course=Course{id=10, courseName='Geometry'}, teacher=Teacher{id=12, firstName='Mia', lastName='Brown', faculty=Faculty{id=2, facultyName='Technical Sciences Faculty'}}}, Lesson{id=464, date=2021-03-03, startTime=14:50, endTime=16:30, classroom=Classroom{id=13, roomName='C-3', roomType='Class', roomCapacity=30, building=Building{id=3, buildingName='C'}}, course=Course{id=10, courseName='Geometry'}, teacher=Teacher{id=12, firstName='Mia', lastName='Brown', faculty=Faculty{id=2, facultyName='Technical Sciences Faculty'}}}, Lesson{id=465, date=2021-03-03, startTime=16:40, endTime=18:20, classroom=Classroom{id=15, roomName='C-5', roomType='Laboratory', roomCapacity=10, building=Building{id=3, buildingName='C'}}, course=Course{id=10, courseName='Geometry'}, teacher=Teacher{id=12, firstName='Mia', lastName='Brown', faculty=Faculty{id=2, facultyName='Technical Sciences Faculty'}}}, Lesson{id=466, date=2021-03-04, startTime=09:20, endTime=11:00, classroom=Classroom{id=4, roomName='A-4', roomType='Lecture', roomCapacity=50, building=Building{id=1, buildingName='Changed name'}}, course=Course{id=4, courseName='Political science'}, teacher=Teacher{id=4, firstName='Olivia', lastName='Blake', faculty=Faculty{id=3, facultyName='Faculty of Arts'}}}, Lesson{id=467, date=2021-03-04, startTime=11:10, endTime=12:50, classroom=Classroom{id=1, roomName='A-1', roomType='Class', roomCapacity=30, building=Building{id=1, buildingName='Changed name'}}, course=Course{id=4, courseName='Political science'}, teacher=Teacher{id=4, firstName='Olivia', lastName='Blake', faculty=Faculty{id=3, facultyName='Faculty of Arts'}}}, Lesson{id=468, date=2021-03-04, startTime=13:00, endTime=14:40, classroom=Classroom{id=2, roomName='A-2', roomType='Class', roomCapacity=30, building=Building{id=1, buildingName='Changed name'}}, course=Course{id=5, courseName='Culture'}, teacher=Teacher{id=5, firstName='Scarlett', lastName='Nimoy', faculty=Faculty{id=3, facultyName='Faculty of Arts'}}}, Lesson{id=469, date=2021-03-04, startTime=14:50, endTime=16:30, classroom=Classroom{id=3, roomName='A-3', roomType='Class', roomCapacity=30, building=Building{id=1, buildingName='Changed name'}}, course=Course{id=5, courseName='Culture'}, teacher=Teacher{id=5, firstName='Scarlett', lastName='Nimoy', faculty=Faculty{id=3, facultyName='Faculty of Arts'}}}, Lesson{id=470, date=2021-03-04, startTime=16:40, endTime=18:20, classroom=Classroom{id=4, roomName='A-4', roomType='Lecture', roomCapacity=50, building=Building{id=1, buildingName='Changed name'}}, course=Course{id=1, courseName='History'}, teacher=Teacher{id=1, firstName='Albert', lastName='Sykes', faculty=Faculty{id=3, facultyName='Faculty of Arts'}}}, Lesson{id=471, date=2021-03-04, startTime=09:20, endTime=11:00, classroom=Classroom{id=9, roomName='New name', roomType='Lecture', roomCapacity=50, building=Building{id=2, buildingName='B'}}, course=Course{id=7, courseName='Chemistry'}, teacher=Teacher{id=8, firstName='Samuel', lastName='Travis', faculty=Faculty{id=1, facultyName='Changed faculty name'}}}, Lesson{id=472, date=2021-03-04, startTime=11:10, endTime=12:50, classroom=Classroom{id=9, roomName='New name', roomType='Lecture', roomCapacity=50, building=Building{id=2, buildingName='B'}}, course=Course{id=7, courseName='Chemistry'}, teacher=Teacher{id=8, firstName='Samuel', lastName='Travis', faculty=Faculty{id=1, facultyName='Changed faculty name'}}}, Lesson{id=473, date=2021-03-04, startTime=13:00, endTime=14:40, classroom=Classroom{id=6, roomName='B-1', roomType='Class', roomCapacity=30, building=Building{id=2, buildingName='B'}}, course=Course{id=7, courseName='Chemistry'}, teacher=Teacher{id=9, firstName='Albert', lastName='Hill', faculty=Faculty{id=1, facultyName='Changed faculty name'}}}, Lesson{id=474, date=2021-03-04, startTime=14:50, endTime=16:30, classroom=Classroom{id=7, roomName='B-2', roomType='Class', roomCapacity=30, building=Building{id=2, buildingName='B'}}, course=Course{id=7, courseName='Chemistry'}, teacher=Teacher{id=9, firstName='Albert', lastName='Hill', faculty=Faculty{id=1, facultyName='Changed faculty name'}}}, Lesson{id=475, date=2021-03-04, startTime=16:40, endTime=18:20, classroom=Classroom{id=10, roomName='B-5', roomType='Laboratory', roomCapacity=10, building=Building{id=2, buildingName='B'}}, course=Course{id=7, courseName='Chemistry'}, teacher=Teacher{id=9, firstName='Albert', lastName='Hill', faculty=Faculty{id=1, facultyName='Changed faculty name'}}}, Lesson{id=476, date=2021-03-04, startTime=09:20, endTime=11:00, classroom=Classroom{id=14, roomName='C-4', roomType='Lecture', roomCapacity=50, building=Building{id=3, buildingName='C'}}, course=Course{id=8, courseName='Mathematics'}, teacher=Teacher{id=10, firstName='Joshua', lastName='Eve', faculty=Faculty{id=2, facultyName='Technical Sciences Faculty'}}}, Lesson{id=477, date=2021-03-04, startTime=11:10, endTime=12:50, classroom=Classroom{id=14, roomName='C-4', roomType='Lecture', roomCapacity=50, building=Building{id=3, buildingName='C'}}, course=Course{id=8, courseName='Mathematics'}, teacher=Teacher{id=10, firstName='Joshua', lastName='Eve', faculty=Faculty{id=2, facultyName='Technical Sciences Faculty'}}}, Lesson{id=478, date=2021-03-04, startTime=13:00, endTime=14:40, classroom=Classroom{id=12, roomName='C-2', roomType='Class', roomCapacity=30, building=Building{id=3, buildingName='C'}}, course=Course{id=9, courseName='Physics'}, teacher=Teacher{id=11, firstName='Sophia', lastName='Roos', faculty=Faculty{id=2, facultyName='Technical Sciences Faculty'}}}, Lesson{id=479, date=2021-03-04, startTime=14:50, endTime=16:30, classroom=Classroom{id=12, roomName='C-2', roomType='Class', roomCapacity=30, building=Building{id=3, buildingName='C'}}, course=Course{id=10, courseName='Geometry'}, teacher=Teacher{id=12, firstName='Mia', lastName='Brown', faculty=Faculty{id=2, facultyName='Technical Sciences Faculty'}}}, Lesson{id=480, date=2021-03-04, startTime=16:40, endTime=18:20, classroom=Classroom{id=15, roomName='C-5', roomType='Laboratory', roomCapacity=10, building=Building{id=3, buildingName='C'}}, course=Course{id=8, courseName='Mathematics'}, teacher=Teacher{id=10, firstName='Joshua', lastName='Eve', faculty=Faculty{id=2, facultyName='Technical Sciences Faculty'}}}, Lesson{id=481, date=2021-03-05, startTime=09:20, endTime=11:00, classroom=Classroom{id=4, roomName='A-4', roomType='Lecture', roomCapacity=50, building=Building{id=1, buildingName='Changed name'}}, course=Course{id=5, courseName='Culture'}, teacher=Teacher{id=5, firstName='Scarlett', lastName='Nimoy', faculty=Faculty{id=3, facultyName='Faculty of Arts'}}}, Lesson{id=482, date=2021-03-05, startTime=11:10, endTime=12:50, classroom=Classroom{id=1, roomName='A-1', roomType='Class', roomCapacity=30, building=Building{id=1, buildingName='Changed name'}}, course=Course{id=5, courseName='Culture'}, teacher=Teacher{id=5, firstName='Scarlett', lastName='Nimoy', faculty=Faculty{id=3, facultyName='Faculty of Arts'}}}, Lesson{id=483, date=2021-03-05, startTime=13:00, endTime=14:40, classroom=Classroom{id=2, roomName='A-2', roomType='Class', roomCapacity=30, building=Building{id=1, buildingName='Changed name'}}, course=Course{id=1, courseName='History'}, teacher=Teacher{id=1, firstName='Albert', lastName='Sykes', faculty=Faculty{id=3, facultyName='Faculty of Arts'}}}, Lesson{id=484, date=2021-03-05, startTime=14:50, endTime=16:30, classroom=Classroom{id=3, roomName='A-3', roomType='Class', roomCapacity=30, building=Building{id=1, buildingName='Changed name'}}, course=Course{id=1, courseName='History'}, teacher=Teacher{id=1, firstName='Albert', lastName='Sykes', faculty=Faculty{id=3, facultyName='Faculty of Arts'}}}, Lesson{id=485, date=2021-03-05, startTime=16:40, endTime=18:20, classroom=Classroom{id=4, roomName='A-4', roomType='Lecture', roomCapacity=50, building=Building{id=1, buildingName='Changed name'}}, course=Course{id=2, courseName='Philosophy'}, teacher=Teacher{id=2, firstName='Stanley', lastName='Gruber', faculty=Faculty{id=3, facultyName='Faculty of Arts'}}}, Lesson{id=486, date=2021-03-05, startTime=09:20, endTime=11:00, classroom=Classroom{id=9, roomName='New name', roomType='Lecture', roomCapacity=50, building=Building{id=2, buildingName='B'}}, course=Course{id=6, courseName='Biology'}, teacher=Teacher{id=6, firstName='Ellie', lastName='Purh', faculty=Faculty{id=1, facultyName='Changed faculty name'}}}, Lesson{id=487, date=2021-03-05, startTime=11:10, endTime=12:50, classroom=Classroom{id=9, roomName='New name', roomType='Lecture', roomCapacity=50, building=Building{id=2, buildingName='B'}}, course=Course{id=6, courseName='Biology'}, teacher=Teacher{id=6, firstName='Ellie', lastName='Purh', faculty=Faculty{id=1, facultyName='Changed faculty name'}}}, Lesson{id=488, date=2021-03-05, startTime=13:00, endTime=14:40, classroom=Classroom{id=6, roomName='B-1', roomType='Class', roomCapacity=30, building=Building{id=2, buildingName='B'}}, course=Course{id=6, courseName='Biology'}, teacher=Teacher{id=7, firstName='Charlie', lastName='Byrne', faculty=Faculty{id=1, facultyName='Changed faculty name'}}}, Lesson{id=489, date=2021-03-05, startTime=14:50, endTime=16:30, classroom=Classroom{id=7, roomName='B-2', roomType='Class', roomCapacity=30, building=Building{id=2, buildingName='B'}}, course=Course{id=6, courseName='Biology'}, teacher=Teacher{id=7, firstName='Charlie', lastName='Byrne', faculty=Faculty{id=1, facultyName='Changed faculty name'}}}, Lesson{id=490, date=2021-03-05, startTime=16:40, endTime=18:20, classroom=Classroom{id=10, roomName='B-5', roomType='Laboratory', roomCapacity=10, building=Building{id=2, buildingName='B'}}, course=Course{id=6, courseName='Biology'}, teacher=Teacher{id=7, firstName='Charlie', lastName='Byrne', faculty=Faculty{id=1, facultyName='Changed faculty name'}}}, Lesson{id=491, date=2021-03-05, startTime=09:20, endTime=11:00, classroom=Classroom{id=14, roomName='C-4', roomType='Lecture', roomCapacity=50, building=Building{id=3, buildingName='C'}}, course=Course{id=9, courseName='Physics'}, teacher=Teacher{id=11, firstName='Sophia', lastName='Roos', faculty=Faculty{id=2, facultyName='Technical Sciences Faculty'}}}, Lesson{id=492, date=2021-03-05, startTime=11:10, endTime=12:50, classroom=Classroom{id=14, roomName='C-4', roomType='Lecture', roomCapacity=50, building=Building{id=3, buildingName='C'}}, course=Course{id=10, courseName='Geometry'}, teacher=Teacher{id=12, firstName='Mia', lastName='Brown', faculty=Faculty{id=2, facultyName='Technical Sciences Faculty'}}}, Lesson{id=493, date=2021-03-05, startTime=13:00, endTime=14:40, classroom=Classroom{id=13, roomName='C-3', roomType='Class', roomCapacity=30, building=Building{id=3, buildingName='C'}}, course=Course{id=8, courseName='Mathematics'}, teacher=Teacher{id=10, firstName='Joshua', lastName='Eve', faculty=Faculty{id=2, facultyName='Technical Sciences Faculty'}}}, Lesson{id=494, date=2021-03-05, startTime=14:50, endTime=16:30, classroom=Classroom{id=15, roomName='C-5', roomType='Laboratory', roomCapacity=10, building=Building{id=3, buildingName='C'}}, course=Course{id=9, courseName='Physics'}, teacher=Teacher{id=11, firstName='Sophia', lastName='Roos', faculty=Faculty{id=2, facultyName='Technical Sciences Faculty'}}}]
Hibernate: SELECT lessons.id, date, start_time, end_time, classroom_id, course_id, teacher_id FROM lessons WHERE date = ? AND (start_time BETWEEN ? AND ? OR end_time BETWEEN ? AND ?)
26 Feb;19:05:41.290 [main] INFO  u.c.f.c.service.LessonService - getLessonsByTemporalConditions: date = 2021-12-07, beginningOfRange = 09:19, endOfRange = 10:01, lessonsByTemporalConditions = []
Hibernate: SELECT * FROM students_courses WHERE course_id = ?
26 Feb;19:05:41.298 [main] INFO  u.c.f.c.service.StudentService - receiveStudentsIdsWithCertainCourse: course id = 1, courses ids = [41, 42, 44, 46, 47, 49, 51, 52, 54, 56, 57, 59]
Hibernate: select classroom0_.id as id1_1_0_, classroom0_.building_id as building5_1_0_, classroom0_.room_capacity as room_cap2_1_0_, classroom0_.room_name as room_nam3_1_0_, classroom0_.room_type as room_typ4_1_0_, building1_.id as id1_0_1_, building1_.building_name as building2_0_1_ from classrooms classroom0_ left outer join buildings building1_ on classroom0_.building_id=building1_.id where classroom0_.id=?
26 Feb;19:05:41.300 [main] INFO  u.c.f.c.service.ClassroomService - getById: classroom = Classroom{id=1, roomName='A-1', roomType='Class', roomCapacity=30, building=Building{id=1, buildingName='Changed name'}}
Hibernate: select classroom0_.id as id1_1_0_, classroom0_.building_id as building5_1_0_, classroom0_.room_capacity as room_cap2_1_0_, classroom0_.room_name as room_nam3_1_0_, classroom0_.room_type as room_typ4_1_0_, building1_.id as id1_0_1_, building1_.building_name as building2_0_1_ from classrooms classroom0_ left outer join buildings building1_ on classroom0_.building_id=building1_.id where classroom0_.id=?
Hibernate: select course0_.id as id1_2_0_, course0_.course_name as course_n2_2_0_, courseteac1_.course_id as course_i2_8_1_, teacher2_.id as teacher_1_8_1_, teacher2_.id as id1_7_2_, teacher2_.faculty_id as faculty_4_7_2_, teacher2_.first_name as first_na2_7_2_, teacher2_.last_name as last_nam3_7_2_, faculty3_.id as id1_3_3_, faculty3_.faculty_name as faculty_2_3_3_ from courses course0_ left outer join teachers_courses courseteac1_ on course0_.id=courseteac1_.course_id left outer join teachers teacher2_ on courseteac1_.teacher_id=teacher2_.id left outer join faculties faculty3_ on teacher2_.faculty_id=faculty3_.id where course0_.id=?
Hibernate: select teachercou0_.teacher_id as teacher_1_8_0_, teachercou0_.course_id as course_i2_8_0_, course1_.id as id1_2_1_, course1_.course_name as course_n2_2_1_ from teachers_courses teachercou0_ inner join courses course1_ on teachercou0_.course_id=course1_.id where teachercou0_.teacher_id=?
Hibernate: select teacher0_.id as id1_7_0_, teacher0_.faculty_id as faculty_4_7_0_, teacher0_.first_name as first_na2_7_0_, teacher0_.last_name as last_nam3_7_0_, faculty1_.id as id1_3_1_, faculty1_.faculty_name as faculty_2_3_1_, teachercou2_.teacher_id as teacher_1_8_2_, course3_.id as course_i2_8_2_, course3_.id as id1_2_3_, course3_.course_name as course_n2_2_3_ from teachers teacher0_ left outer join faculties faculty1_ on teacher0_.faculty_id=faculty1_.id left outer join teachers_courses teachercou2_ on teacher0_.id=teachercou2_.teacher_id left outer join courses course3_ on teachercou2_.course_id=course3_.id where teacher0_.id=?
Hibernate: select courseteac0_.course_id as course_i2_8_0_, courseteac0_.teacher_id as teacher_1_8_0_, teacher1_.id as id1_7_1_, teacher1_.faculty_id as faculty_4_7_1_, teacher1_.first_name as first_na2_7_1_, teacher1_.last_name as last_nam3_7_1_, faculty2_.id as id1_3_2_, faculty2_.faculty_name as faculty_2_3_2_ from teachers_courses courseteac0_ inner join teachers teacher1_ on courseteac0_.teacher_id=teacher1_.id left outer join faculties faculty2_ on teacher1_.faculty_id=faculty2_.id where courseteac0_.course_id=?
26 Feb;19:05:41.306 [main] INFO  u.c.f.c.service.LessonService - create: lesson = Lesson{id=496, date=2021-12-07, startTime=09:20, endTime=10:00, classroom=Classroom{id=1, roomName='A-1', roomType='Class', roomCapacity=30, building=Building{id=1, buildingName='Changed name'}}, course=Course{id=1, courseName='History'}, teacher=Teacher{id=1, firstName='Albert', lastName='Sykes', faculty=Faculty{id=3, facultyName='Faculty of Arts'}}}
Hibernate: select lesson0_.id as id1_4_0_, lesson0_.classroom_id as classroo5_4_0_, lesson0_.course_id as course_i6_4_0_, lesson0_.date as date2_4_0_, lesson0_.end_time as end_time3_4_0_, lesson0_.start_time as start_ti4_4_0_, lesson0_.teacher_id as teacher_7_4_0_ from lessons lesson0_ where lesson0_.id=?
Hibernate: select classroom0_.id as id1_1_0_, classroom0_.building_id as building5_1_0_, classroom0_.room_capacity as room_cap2_1_0_, classroom0_.room_name as room_nam3_1_0_, classroom0_.room_type as room_typ4_1_0_, building1_.id as id1_0_1_, building1_.building_name as building2_0_1_ from classrooms classroom0_ left outer join buildings building1_ on classroom0_.building_id=building1_.id where classroom0_.id=?
Hibernate: select course0_.id as id1_2_0_, course0_.course_name as course_n2_2_0_, courseteac1_.course_id as course_i2_8_1_, teacher2_.id as teacher_1_8_1_, teacher2_.id as id1_7_2_, teacher2_.faculty_id as faculty_4_7_2_, teacher2_.first_name as first_na2_7_2_, teacher2_.last_name as last_nam3_7_2_, faculty3_.id as id1_3_3_, faculty3_.faculty_name as faculty_2_3_3_ from courses course0_ left outer join teachers_courses courseteac1_ on course0_.id=courseteac1_.course_id left outer join teachers teacher2_ on courseteac1_.teacher_id=teacher2_.id left outer join faculties faculty3_ on teacher2_.faculty_id=faculty3_.id where course0_.id=?
Hibernate: select teachercou0_.teacher_id as teacher_1_8_0_, teachercou0_.course_id as course_i2_8_0_, course1_.id as id1_2_1_, course1_.course_name as course_n2_2_1_ from teachers_courses teachercou0_ inner join courses course1_ on teachercou0_.course_id=course1_.id where teachercou0_.teacher_id=?
Hibernate: insert into lessons (classroom_id, course_id, date, end_time, start_time, teacher_id) values (?, ?, ?, ?, ?, ?)
Hibernate: select lesson0_.id as id1_4_, lesson0_.classroom_id as classroo5_4_, lesson0_.course_id as course_i6_4_, lesson0_.date as date2_4_, lesson0_.end_time as end_time3_4_, lesson0_.start_time as start_ti4_4_, lesson0_.teacher_id as teacher_7_4_ from lessons lesson0_
Hibernate: select classroom0_.id as id1_1_0_, classroom0_.building_id as building5_1_0_, classroom0_.room_capacity as room_cap2_1_0_, classroom0_.room_name as room_nam3_1_0_, classroom0_.room_type as room_typ4_1_0_, building1_.id as id1_0_1_, building1_.building_name as building2_0_1_ from classrooms classroom0_ left outer join buildings building1_ on classroom0_.building_id=building1_.id where classroom0_.id=?
Hibernate: select course0_.id as id1_2_0_, course0_.course_name as course_n2_2_0_, courseteac1_.course_id as course_i2_8_1_, teacher2_.id as teacher_1_8_1_, teacher2_.id as id1_7_2_, teacher2_.faculty_id as faculty_4_7_2_, teacher2_.first_name as first_na2_7_2_, teacher2_.last_name as last_nam3_7_2_, faculty3_.id as id1_3_3_, faculty3_.faculty_name as faculty_2_3_3_ from courses course0_ left outer join teachers_courses courseteac1_ on course0_.id=courseteac1_.course_id left outer join teachers teacher2_ on courseteac1_.teacher_id=teacher2_.id left outer join faculties faculty3_ on teacher2_.faculty_id=faculty3_.id where course0_.id=?
Hibernate: select classroom0_.id as id1_1_0_, classroom0_.building_id as building5_1_0_, classroom0_.room_capacity as room_cap2_1_0_, classroom0_.room_name as room_nam3_1_0_, classroom0_.room_type as room_typ4_1_0_, building1_.id as id1_0_1_, building1_.building_name as building2_0_1_ from classrooms classroom0_ left outer join buildings building1_ on classroom0_.building_id=building1_.id where classroom0_.id=?
Hibernate: select classroom0_.id as id1_1_0_, classroom0_.building_id as building5_1_0_, classroom0_.room_capacity as room_cap2_1_0_, classroom0_.room_name as room_nam3_1_0_, classroom0_.room_type as room_typ4_1_0_, building1_.id as id1_0_1_, building1_.building_name as building2_0_1_ from classrooms classroom0_ left outer join buildings building1_ on classroom0_.building_id=building1_.id where classroom0_.id=?
Hibernate: select course0_.id as id1_2_0_, course0_.course_name as course_n2_2_0_, courseteac1_.course_id as course_i2_8_1_, teacher2_.id as teacher_1_8_1_, teacher2_.id as id1_7_2_, teacher2_.faculty_id as faculty_4_7_2_, teacher2_.first_name as first_na2_7_2_, teacher2_.last_name as last_nam3_7_2_, faculty3_.id as id1_3_3_, faculty3_.faculty_name as faculty_2_3_3_ from courses course0_ left outer join teachers_courses courseteac1_ on course0_.id=courseteac1_.course_id left outer join teachers teacher2_ on courseteac1_.teacher_id=teacher2_.id left outer join faculties faculty3_ on teacher2_.faculty_id=faculty3_.id where course0_.id=?
Hibernate: select classroom0_.id as id1_1_0_, classroom0_.building_id as building5_1_0_, classroom0_.room_capacity as room_cap2_1_0_, classroom0_.room_name as room_nam3_1_0_, classroom0_.room_type as room_typ4_1_0_, building1_.id as id1_0_1_, building1_.building_name as building2_0_1_ from classrooms classroom0_ left outer join buildings building1_ on classroom0_.building_id=building1_.id where classroom0_.id=?
Hibernate: select course0_.id as id1_2_0_, course0_.course_name as course_n2_2_0_, courseteac1_.course_id as course_i2_8_1_, teacher2_.id as teacher_1_8_1_, teacher2_.id as id1_7_2_, teacher2_.faculty_id as faculty_4_7_2_, teacher2_.first_name as first_na2_7_2_, teacher2_.last_name as last_nam3_7_2_, faculty3_.id as id1_3_3_, faculty3_.faculty_name as faculty_2_3_3_ from courses course0_ left outer join teachers_courses courseteac1_ on course0_.id=courseteac1_.course_id left outer join teachers teacher2_ on courseteac1_.teacher_id=teacher2_.id left outer join faculties faculty3_ on teacher2_.faculty_id=faculty3_.id where course0_.id=?
Hibernate: select classroom0_.id as id1_1_0_, classroom0_.building_id as building5_1_0_, classroom0_.room_capacity as room_cap2_1_0_, classroom0_.room_name as room_nam3_1_0_, classroom0_.room_type as room_typ4_1_0_, building1_.id as id1_0_1_, building1_.building_name as building2_0_1_ from classrooms classroom0_ left outer join buildings building1_ on classroom0_.building_id=building1_.id where classroom0_.id=?
Hibernate: select course0_.id as id1_2_0_, course0_.course_name as course_n2_2_0_, courseteac1_.course_id as course_i2_8_1_, teacher2_.id as teacher_1_8_1_, teacher2_.id as id1_7_2_, teacher2_.faculty_id as faculty_4_7_2_, teacher2_.first_name as first_na2_7_2_, teacher2_.last_name as last_nam3_7_2_, faculty3_.id as id1_3_3_, faculty3_.faculty_name as faculty_2_3_3_ from courses course0_ left outer join teachers_courses courseteac1_ on course0_.id=courseteac1_.course_id left outer join teachers teacher2_ on courseteac1_.teacher_id=teacher2_.id left outer join faculties faculty3_ on teacher2_.faculty_id=faculty3_.id where course0_.id=?
Hibernate: select classroom0_.id as id1_1_0_, classroom0_.building_id as building5_1_0_, classroom0_.room_capacity as room_cap2_1_0_, classroom0_.room_name as room_nam3_1_0_, classroom0_.room_type as room_typ4_1_0_, building1_.id as id1_0_1_, building1_.building_name as building2_0_1_ from classrooms classroom0_ left outer join buildings building1_ on classroom0_.building_id=building1_.id where classroom0_.id=?
Hibernate: select classroom0_.id as id1_1_0_, classroom0_.building_id as building5_1_0_, classroom0_.room_capacity as room_cap2_1_0_, classroom0_.room_name as room_nam3_1_0_, classroom0_.room_type as room_typ4_1_0_, building1_.id as id1_0_1_, building1_.building_name as building2_0_1_ from classrooms classroom0_ left outer join buildings building1_ on classroom0_.building_id=building1_.id where classroom0_.id=?
Hibernate: select classroom0_.id as id1_1_0_, classroom0_.building_id as building5_1_0_, classroom0_.room_capacity as room_cap2_1_0_, classroom0_.room_name as room_nam3_1_0_, classroom0_.room_type as room_typ4_1_0_, building1_.id as id1_0_1_, building1_.building_name as building2_0_1_ from classrooms classroom0_ left outer join buildings building1_ on classroom0_.building_id=building1_.id where classroom0_.id=?
Hibernate: select classroom0_.id as id1_1_0_, classroom0_.building_id as building5_1_0_, classroom0_.room_capacity as room_cap2_1_0_, classroom0_.room_name as room_nam3_1_0_, classroom0_.room_type as room_typ4_1_0_, building1_.id as id1_0_1_, building1_.building_name as building2_0_1_ from classrooms classroom0_ left outer join buildings building1_ on classroom0_.building_id=building1_.id where classroom0_.id=?
Hibernate: select course0_.id as id1_2_0_, course0_.course_name as course_n2_2_0_, courseteac1_.course_id as course_i2_8_1_, teacher2_.id as teacher_1_8_1_, teacher2_.id as id1_7_2_, teacher2_.faculty_id as faculty_4_7_2_, teacher2_.first_name as first_na2_7_2_, teacher2_.last_name as last_nam3_7_2_, faculty3_.id as id1_3_3_, faculty3_.faculty_name as faculty_2_3_3_ from courses course0_ left outer join teachers_courses courseteac1_ on course0_.id=courseteac1_.course_id left outer join teachers teacher2_ on courseteac1_.teacher_id=teacher2_.id left outer join faculties faculty3_ on teacher2_.faculty_id=faculty3_.id where course0_.id=?
Hibernate: select classroom0_.id as id1_1_0_, classroom0_.building_id as building5_1_0_, classroom0_.room_capacity as room_cap2_1_0_, classroom0_.room_name as room_nam3_1_0_, classroom0_.room_type as room_typ4_1_0_, building1_.id as id1_0_1_, building1_.building_name as building2_0_1_ from classrooms classroom0_ left outer join buildings building1_ on classroom0_.building_id=building1_.id where classroom0_.id=?
Hibernate: select classroom0_.id as id1_1_0_, classroom0_.building_id as building5_1_0_, classroom0_.room_capacity as room_cap2_1_0_, classroom0_.room_name as room_nam3_1_0_, classroom0_.room_type as room_typ4_1_0_, building1_.id as id1_0_1_, building1_.building_name as building2_0_1_ from classrooms classroom0_ left outer join buildings building1_ on classroom0_.building_id=building1_.id where classroom0_.id=?
Hibernate: select classroom0_.id as id1_1_0_, classroom0_.building_id as building5_1_0_, classroom0_.room_capacity as room_cap2_1_0_, classroom0_.room_name as room_nam3_1_0_, classroom0_.room_type as room_typ4_1_0_, building1_.id as id1_0_1_, building1_.building_name as building2_0_1_ from classrooms classroom0_ left outer join buildings building1_ on classroom0_.building_id=building1_.id where classroom0_.id=?
Hibernate: select course0_.id as id1_2_0_, course0_.course_name as course_n2_2_0_, courseteac1_.course_id as course_i2_8_1_, teacher2_.id as teacher_1_8_1_, teacher2_.id as id1_7_2_, teacher2_.faculty_id as faculty_4_7_2_, teacher2_.first_name as first_na2_7_2_, teacher2_.last_name as last_nam3_7_2_, faculty3_.id as id1_3_3_, faculty3_.faculty_name as faculty_2_3_3_ from courses course0_ left outer join teachers_courses courseteac1_ on course0_.id=courseteac1_.course_id left outer join teachers teacher2_ on courseteac1_.teacher_id=teacher2_.id left outer join faculties faculty3_ on teacher2_.faculty_id=faculty3_.id where course0_.id=?
Hibernate: select course0_.id as id1_2_0_, course0_.course_name as course_n2_2_0_, courseteac1_.course_id as course_i2_8_1_, teacher2_.id as teacher_1_8_1_, teacher2_.id as id1_7_2_, teacher2_.faculty_id as faculty_4_7_2_, teacher2_.first_name as first_na2_7_2_, teacher2_.last_name as last_nam3_7_2_, faculty3_.id as id1_3_3_, faculty3_.faculty_name as faculty_2_3_3_ from courses course0_ left outer join teachers_courses courseteac1_ on course0_.id=courseteac1_.course_id left outer join teachers teacher2_ on courseteac1_.teacher_id=teacher2_.id left outer join faculties faculty3_ on teacher2_.faculty_id=faculty3_.id where course0_.id=?
Hibernate: select course0_.id as id1_2_0_, course0_.course_name as course_n2_2_0_, courseteac1_.course_id as course_i2_8_1_, teacher2_.id as teacher_1_8_1_, teacher2_.id as id1_7_2_, teacher2_.faculty_id as faculty_4_7_2_, teacher2_.first_name as first_na2_7_2_, teacher2_.last_name as last_nam3_7_2_, faculty3_.id as id1_3_3_, faculty3_.faculty_name as faculty_2_3_3_ from courses course0_ left outer join teachers_courses courseteac1_ on course0_.id=courseteac1_.course_id left outer join teachers teacher2_ on courseteac1_.teacher_id=teacher2_.id left outer join faculties faculty3_ on teacher2_.faculty_id=faculty3_.id where course0_.id=?
Hibernate: select classroom0_.id as id1_1_0_, classroom0_.building_id as building5_1_0_, classroom0_.room_capacity as room_cap2_1_0_, classroom0_.room_name as room_nam3_1_0_, classroom0_.room_type as room_typ4_1_0_, building1_.id as id1_0_1_, building1_.building_name as building2_0_1_ from classrooms classroom0_ left outer join buildings building1_ on classroom0_.building_id=building1_.id where classroom0_.id=?
Hibernate: select course0_.id as id1_2_0_, course0_.course_name as course_n2_2_0_, courseteac1_.course_id as course_i2_8_1_, teacher2_.id as teacher_1_8_1_, teacher2_.id as id1_7_2_, teacher2_.faculty_id as faculty_4_7_2_, teacher2_.first_name as first_na2_7_2_, teacher2_.last_name as last_nam3_7_2_, faculty3_.id as id1_3_3_, faculty3_.faculty_name as faculty_2_3_3_ from courses course0_ left outer join teachers_courses courseteac1_ on course0_.id=courseteac1_.course_id left outer join teachers teacher2_ on courseteac1_.teacher_id=teacher2_.id left outer join faculties faculty3_ on teacher2_.faculty_id=faculty3_.id where course0_.id=?
Hibernate: select course0_.id as id1_2_0_, course0_.course_name as course_n2_2_0_, courseteac1_.course_id as course_i2_8_1_, teacher2_.id as teacher_1_8_1_, teacher2_.id as id1_7_2_, teacher2_.faculty_id as faculty_4_7_2_, teacher2_.first_name as first_na2_7_2_, teacher2_.last_name as last_nam3_7_2_, faculty3_.id as id1_3_3_, faculty3_.faculty_name as faculty_2_3_3_ from courses course0_ left outer join teachers_courses courseteac1_ on course0_.id=courseteac1_.course_id left outer join teachers teacher2_ on courseteac1_.teacher_id=teacher2_.id left outer join faculties faculty3_ on teacher2_.faculty_id=faculty3_.id where course0_.id=?
Hibernate: select teachercou0_.teacher_id as teacher_1_8_0_, teachercou0_.course_id as course_i2_8_0_, course1_.id as id1_2_1_, course1_.course_name as course_n2_2_1_ from teachers_courses teachercou0_ inner join courses course1_ on teachercou0_.course_id=course1_.id where teachercou0_.teacher_id=?
Hibernate: select teachercou0_.teacher_id as teacher_1_8_0_, teachercou0_.course_id as course_i2_8_0_, course1_.id as id1_2_1_, course1_.course_name as course_n2_2_1_ from teachers_courses teachercou0_ inner join courses course1_ on teachercou0_.course_id=course1_.id where teachercou0_.teacher_id=?
Hibernate: select teachercou0_.teacher_id as teacher_1_8_0_, teachercou0_.course_id as course_i2_8_0_, course1_.id as id1_2_1_, course1_.course_name as course_n2_2_1_ from teachers_courses teachercou0_ inner join courses course1_ on teachercou0_.course_id=course1_.id where teachercou0_.teacher_id=?
Hibernate: select teachercou0_.teacher_id as teacher_1_8_0_, teachercou0_.course_id as course_i2_8_0_, course1_.id as id1_2_1_, course1_.course_name as course_n2_2_1_ from teachers_courses teachercou0_ inner join courses course1_ on teachercou0_.course_id=course1_.id where teachercou0_.teacher_id=?
Hibernate: select teachercou0_.teacher_id as teacher_1_8_0_, teachercou0_.course_id as course_i2_8_0_, course1_.id as id1_2_1_, course1_.course_name as course_n2_2_1_ from teachers_courses teachercou0_ inner join courses course1_ on teachercou0_.course_id=course1_.id where teachercou0_.teacher_id=?
Hibernate: select teachercou0_.teacher_id as teacher_1_8_0_, teachercou0_.course_id as course_i2_8_0_, course1_.id as id1_2_1_, course1_.course_name as course_n2_2_1_ from teachers_courses teachercou0_ inner join courses course1_ on teachercou0_.course_id=course1_.id where teachercou0_.teacher_id=?
Hibernate: select teachercou0_.teacher_id as teacher_1_8_0_, teachercou0_.course_id as course_i2_8_0_, course1_.id as id1_2_1_, course1_.course_name as course_n2_2_1_ from teachers_courses teachercou0_ inner join courses course1_ on teachercou0_.course_id=course1_.id where teachercou0_.teacher_id=?
Hibernate: select teachercou0_.teacher_id as teacher_1_8_0_, teachercou0_.course_id as course_i2_8_0_, course1_.id as id1_2_1_, course1_.course_name as course_n2_2_1_ from teachers_courses teachercou0_ inner join courses course1_ on teachercou0_.course_id=course1_.id where teachercou0_.teacher_id=?
Hibernate: select teachercou0_.teacher_id as teacher_1_8_0_, teachercou0_.course_id as course_i2_8_0_, course1_.id as id1_2_1_, course1_.course_name as course_n2_2_1_ from teachers_courses teachercou0_ inner join courses course1_ on teachercou0_.course_id=course1_.id where teachercou0_.teacher_id=?
Hibernate: select teachercou0_.teacher_id as teacher_1_8_0_, teachercou0_.course_id as course_i2_8_0_, course1_.id as id1_2_1_, course1_.course_name as course_n2_2_1_ from teachers_courses teachercou0_ inner join courses course1_ on teachercou0_.course_id=course1_.id where teachercou0_.teacher_id=?
Hibernate: select teachercou0_.teacher_id as teacher_1_8_0_, teachercou0_.course_id as course_i2_8_0_, course1_.id as id1_2_1_, course1_.course_name as course_n2_2_1_ from teachers_courses teachercou0_ inner join courses course1_ on teachercou0_.course_id=course1_.id where teachercou0_.teacher_id=?
Hibernate: select teachercou0_.teacher_id as teacher_1_8_0_, teachercou0_.course_id as course_i2_8_0_, course1_.id as id1_2_1_, course1_.course_name as course_n2_2_1_ from teachers_courses teachercou0_ inner join courses course1_ on teachercou0_.course_id=course1_.id where teachercou0_.teacher_id=?
26 Feb;19:05:41.343 [main] INFO  u.c.f.c.service.LessonService - getAll():
 [Lesson{id=1, date=2021-01-20, startTime=09:20, endTime=11:00, classroom=Classroom{id=4, roomName='A-4', roomType='Lecture', roomCapacity=50, building=Building{id=1, buildingName='Changed name'}}, course=Course{id=3, courseName='Name'}, teacher=Teacher{id=3, firstName='Freya', lastName='Shepp', faculty=Faculty{id=3, facultyName='Faculty of Arts'}}}, Lesson{id=2, date=2021-01-20, startTime=11:10, endTime=12:50, classroom=Classroom{id=1, roomName='A-1', roomType='Class', roomCapacity=30, building=Building{id=1, buildingName='Changed name'}}, course=Course{id=3, courseName='Name'}, teacher=Teacher{id=3, firstName='Freya', lastName='Shepp', faculty=Faculty{id=3, facultyName='Faculty of Arts'}}}, Lesson{id=3, date=2021-01-20, startTime=13:00, endTime=14:40, classroom=Classroom{id=2, roomName='A-2', roomType='Class', roomCapacity=30, building=Building{id=1, buildingName='Changed name'}}, course=Course{id=4, courseName='Political science'}, teacher=Teacher{id=4, firstName='Olivia', lastName='Blake', faculty=Faculty{id=3, facultyName='Faculty of Arts'}}}, Lesson{id=4, date=2021-01-20, startTime=14:50, endTime=16:30, classroom=Classroom{id=3, roomName='A-3', roomType='Class', roomCapacity=30, building=Building{id=1, buildingName='Changed name'}}, course=Course{id=4, courseName='Political science'}, teacher=Teacher{id=4, firstName='Olivia', lastName='Blake', faculty=Faculty{id=3, facultyName='Faculty of Arts'}}}, Lesson{id=5, date=2021-01-20, startTime=16:40, endTime=18:20, classroom=Classroom{id=4, roomName='A-4', roomType='Lecture', roomCapacity=50, building=Building{id=1, buildingName='Changed name'}}, course=Course{id=5, courseName='Culture'}, teacher=Teacher{id=5, firstName='Scarlett', lastName='Nimoy', faculty=Faculty{id=3, facultyName='Faculty of Arts'}}}, Lesson{id=6, date=2021-01-20, startTime=09:20, endTime=11:00, classroom=Classroom{id=9, roomName='New name', roomType='Lecture', roomCapacity=50, building=Building{id=2, buildingName='B'}}, course=Course{id=6, courseName='Biology'}, teacher=Teacher{id=6, firstName='Ellie', lastName='Purh', faculty=Faculty{id=1, facultyName='Changed faculty name'}}}, Lesson{id=7, date=2021-01-20, startTime=11:10, endTime=12:50, classroom=Classroom{id=9, roomName='New name', roomType='Lecture', roomCapacity=50, building=Building{id=2, buildingName='B'}}, course=Course{id=6, courseName='Biology'}, teacher=Teacher{id=6, firstName='Ellie', lastName='Purh', faculty=Faculty{id=1, facultyName='Changed faculty name'}}}, Lesson{id=8, date=2021-01-20, startTime=13:00, endTime=14:40, classroom=Classroom{id=6, roomName='B-1', roomType='Class', roomCapacity=30, building=Building{id=2, buildingName='B'}}, course=Course{id=6, courseName='Biology'}, teacher=Teacher{id=7, firstName='Charlie', lastName='Byrne', faculty=Faculty{id=1, facultyName='Changed faculty name'}}}, Lesson{id=9, date=2021-01-20, startTime=14:50, endTime=16:30, classroom=Classroom{id=7, roomName='B-2', roomType='Class', roomCapacity=30, building=Building{id=2, buildingName='B'}}, course=Course{id=6, courseName='Biology'}, teacher=Teacher{id=7, firstName='Charlie', lastName='Byrne', faculty=Faculty{id=1, facultyName='Changed faculty name'}}}, Lesson{id=10, date=2021-01-20, startTime=16:40, endTime=18:20, classroom=Classroom{id=10, roomName='B-5', roomType='Laboratory', roomCapacity=10, building=Building{id=2, buildingName='B'}}, course=Course{id=6, courseName='Biology'}, teacher=Teacher{id=7, firstName='Charlie', lastName='Byrne', faculty=Faculty{id=1, facultyName='Changed faculty name'}}}, Lesson{id=11, date=2021-01-20, startTime=09:20, endTime=11:00, classroom=Classroom{id=14, roomName='C-4', roomType='Lecture', roomCapacity=50, building=Building{id=3, buildingName='C'}}, course=Course{id=10, courseName='Geometry'}, teacher=Teacher{id=12, firstName='Mia', lastName='Brown', faculty=Faculty{id=2, facultyName='Technical Sciences Faculty'}}}, Lesson{id=12, date=2021-01-20, startTime=11:10, endTime=12:50, classroom=Classroom{id=14, roomName='C-4', roomType='Lecture', roomCapacity=50, building=Building{id=3, buildingName='C'}}, course=Course{id=10, courseName='Geometry'}, teacher=Teacher{id=12, firstName='Mia', lastName='Brown', faculty=Faculty{id=2, facultyName='Technical Sciences Faculty'}}}, Lesson{id=13, date=2021-01-20, startTime=13:00, endTime=14:40, classroom=Classroom{id=11, roomName='C-1', roomType='Class', roomCapacity=30, building=Building{id=3, buildingName='C'}}, course=Course{id=10, courseName='Geometry'}, teacher=Teacher{id=12, firstName='Mia', lastName='Brown', faculty=Faculty{id=2, facultyName='Technical Sciences Faculty'}}}, Lesson{id=14, date=2021-01-20, startTime=14:50, endTime=16:30, classroom=Classroom{id=13, roomName='C-3', roomType='Class', roomCapacity=30, building=Building{id=3, buildingName='C'}}, course=Course{id=10, courseName='Geometry'}, teacher=Teacher{id=12, firstName='Mia', lastName='Brown', faculty=Faculty{id=2, facultyName='Technical Sciences Faculty'}}}, Lesson{id=15, date=2021-01-20, startTime=16:40, endTime=18:20, classroom=Classroom{id=15, roomName='C-5', roomType='Laboratory', roomCapacity=10, building=Building{id=3, buildingName='C'}}, course=Course{id=10, courseName='Geometry'}, teacher=Teacher{id=12, firstName='Mia', lastName='Brown', faculty=Faculty{id=2, facultyName='Technical Sciences Faculty'}}}, Lesson{id=16, date=2021-01-21, startTime=09:20, endTime=11:00, classroom=Classroom{id=4, roomName='A-4', roomType='Lecture', roomCapacity=50, building=Building{id=1, buildingName='Changed name'}}, course=Course{id=4, courseName='Political science'}, teacher=Teacher{id=4, firstName='Olivia', lastName='Blake', faculty=Faculty{id=3, facultyName='Faculty of Arts'}}}, Lesson{id=17, date=2021-01-21, startTime=11:10, endTime=12:50, classroom=Classroom{id=1, roomName='A-1', roomType='Class', roomCapacity=30, building=Building{id=1, buildingName='Changed name'}}, course=Course{id=4, courseName='Political science'}, teacher=Teacher{id=4, firstName='Olivia', lastName='Blake', faculty=Faculty{id=3, facultyName='Faculty of Arts'}}}, Lesson{id=18, date=2021-01-21, startTime=13:00, endTime=14:40, classroom=Classroom{id=2, roomName='A-2', roomType='Class', roomCapacity=30, building=Building{id=1, buildingName='Changed name'}}, course=Course{id=5, courseName='Culture'}, teacher=Teacher{id=5, firstName='Scarlett', lastName='Nimoy', faculty=Faculty{id=3, facultyName='Faculty of Arts'}}}, Lesson{id=19, date=2021-01-21, startTime=14:50, endTime=16:30, classroom=Classroom{id=3, roomName='A-3', roomType='Class', roomCapacity=30, building=Building{id=1, buildingName='Changed name'}}, course=Course{id=5, courseName='Culture'}, teacher=Teacher{id=5, firstName='Scarlett', lastName='Nimoy', faculty=Faculty{id=3, facultyName='Faculty of Arts'}}}, Lesson{id=20, date=2021-01-21, startTime=16:40, endTime=18:20, classroom=Classroom{id=4, roomName='A-4', roomType='Lecture', roomCapacity=50, building=Building{id=1, buildingName='Changed name'}}, course=Course{id=1, courseName='History'}, teacher=Teacher{id=1, firstName='Albert', lastName='Sykes', faculty=Faculty{id=3, facultyName='Faculty of Arts'}}}, Lesson{id=21, date=2021-01-21, startTime=09:20, endTime=11:00, classroom=Classroom{id=9, roomName='New name', roomType='Lecture', roomCapacity=50, building=Building{id=2, buildingName='B'}}, course=Course{id=7, courseName='Chemistry'}, teacher=Teacher{id=8, firstName='Samuel', lastName='Travis', faculty=Faculty{id=1, facultyName='Changed faculty name'}}}, Lesson{id=22, date=2021-01-21, startTime=11:10, endTime=12:50, classroom=Classroom{id=9, roomName='New name', roomType='Lecture', roomCapacity=50, building=Building{id=2, buildingName='B'}}, course=Course{id=7, courseName='Chemistry'}, teacher=Teacher{id=8, firstName='Samuel', lastName='Travis', faculty=Faculty{id=1, facultyName='Changed faculty name'}}}, Lesson{id=23, date=2021-01-21, startTime=13:00, endTime=14:40, classroom=Classroom{id=6, roomName='B-1', roomType='Class', roomCapacity=30, building=Building{id=2, buildingName='B'}}, course=Course{id=7, courseName='Chemistry'}, teacher=Teacher{id=9, firstName='Albert', lastName='Hill', faculty=Faculty{id=1, facultyName='Changed faculty name'}}}, Lesson{id=24, date=2021-01-21, startTime=14:50, endTime=16:30, classroom=Classroom{id=7, roomName='B-2', roomType='Class', roomCapacity=30, building=Building{id=2, buildingName='B'}}, course=Course{id=7, courseName='Chemistry'}, teacher=Teacher{id=9, firstName='Albert', lastName='Hill', faculty=Faculty{id=1, facultyName='Changed faculty name'}}}, Lesson{id=25, date=2021-01-21, startTime=16:40, endTime=18:20, classroom=Classroom{id=10, roomName='B-5', roomType='Laboratory', roomCapacity=10, building=Building{id=2, buildingName='B'}}, course=Course{id=7, courseName='Chemistry'}, teacher=Teacher{id=9, firstName='Albert', lastName='Hill', faculty=Faculty{id=1, facultyName='Changed faculty name'}}}, Lesson{id=26, date=2021-01-21, startTime=09:20, endTime=11:00, classroom=Classroom{id=14, roomName='C-4', roomType='Lecture', roomCapacity=50, building=Building{id=3, buildingName='C'}}, course=Course{id=8, courseName='Mathematics'}, teacher=Teacher{id=10, firstName='Joshua', lastName='Eve', faculty=Faculty{id=2, facultyName='Technical Sciences Faculty'}}}, Lesson{id=27, date=2021-01-21, startTime=11:10, endTime=12:50, classroom=Classroom{id=14, roomName='C-4', roomType='Lecture', roomCapacity=50, building=Building{id=3, buildingName='C'}}, course=Course{id=8, courseName='Mathematics'}, teacher=Teacher{id=10, firstName='Joshua', lastName='Eve', faculty=Faculty{id=2, facultyName='Technical Sciences Faculty'}}}, Lesson{id=28, date=2021-01-21, startTime=13:00, endTime=14:40, classroom=Classroom{id=12, roomName='C-2', roomType='Class', roomCapacity=30, building=Building{id=3, buildingName='C'}}, course=Course{id=9, courseName='Physics'}, teacher=Teacher{id=11, firstName='Sophia', lastName='Roos', faculty=Faculty{id=2, facultyName='Technical Sciences Faculty'}}}, Lesson{id=29, date=2021-01-21, startTime=14:50, endTime=16:30, classroom=Classroom{id=12, roomName='C-2', roomType='Class', roomCapacity=30, building=Building{id=3, buildingName='C'}}, course=Course{id=10, courseName='Geometry'}, teacher=Teacher{id=12, firstName='Mia', lastName='Brown', faculty=Faculty{id=2, facultyName='Technical Sciences Faculty'}}}, Lesson{id=30, date=2021-01-21, startTime=16:40, endTime=18:20, classroom=Classroom{id=15, roomName='C-5', roomType='Laboratory', roomCapacity=10, building=Building{id=3, buildingName='C'}}, course=Course{id=8, courseName='Mathematics'}, teacher=Teacher{id=10, firstName='Joshua', lastName='Eve', faculty=Faculty{id=2, facultyName='Technical Sciences Faculty'}}}, Lesson{id=31, date=2021-01-22, startTime=09:20, endTime=11:00, classroom=Classroom{id=4, roomName='A-4', roomType='Lecture', roomCapacity=50, building=Building{id=1, buildingName='Changed name'}}, course=Course{id=5, courseName='Culture'}, teacher=Teacher{id=5, firstName='Scarlett', lastName='Nimoy', faculty=Faculty{id=3, facultyName='Faculty of Arts'}}}, Lesson{id=32, date=2021-01-22, startTime=11:10, endTime=12:50, classroom=Classroom{id=1, roomName='A-1', roomType='Class', roomCapacity=30, building=Building{id=1, buildingName='Changed name'}}, course=Course{id=5, courseName='Culture'}, teacher=Teacher{id=5, firstName='Scarlett', lastName='Nimoy', faculty=Faculty{id=3, facultyName='Faculty of Arts'}}}, Lesson{id=33, date=2021-01-22, startTime=13:00, endTime=14:40, classroom=Classroom{id=2, roomName='A-2', roomType='Class', roomCapacity=30, building=Building{id=1, buildingName='Changed name'}}, course=Course{id=1, courseName='History'}, teacher=Teacher{id=1, firstName='Albert', lastName='Sykes', faculty=Faculty{id=3, facultyName='Faculty of Arts'}}}, Lesson{id=34, date=2021-01-22, startTime=14:50, endTime=16:30, classroom=Classroom{id=3, roomName='A-3', roomType='Class', roomCapacity=30, building=Building{id=1, buildingName='Changed name'}}, course=Course{id=1, courseName='History'}, teacher=Teacher{id=1, firstName='Albert', lastName='Sykes', faculty=Faculty{id=3, facultyName='Faculty of Arts'}}}, Lesson{id=35, date=2021-01-22, startTime=16:40, endTime=18:20, classroom=Classroom{id=4, roomName='A-4', roomType='Lecture', roomCapacity=50, building=Building{id=1, buildingName='Changed name'}}, course=Course{id=2, courseName='Philosophy'}, teacher=Teacher{id=2, firstName='Stanley', lastName='Gruber', faculty=Faculty{id=3, facultyName='Faculty of Arts'}}}, Lesson{id=36, date=2021-01-22, startTime=09:20, endTime=11:00, classroom=Classroom{id=9, roomName='New name', roomType='Lecture', roomCapacity=50, building=Building{id=2, buildingName='B'}}, course=Course{id=6, courseName='Biology'}, teacher=Teacher{id=6, firstName='Ellie', lastName='Purh', faculty=Faculty{id=1, facultyName='Changed faculty name'}}}, Lesson{id=37, date=2021-01-22, startTime=11:10, endTime=12:50, classroom=Classroom{id=9, roomName='New name', roomType='Lecture', roomCapacity=50, building=Building{id=2, buildingName='B'}}, course=Course{id=6, courseName='Biology'}, teacher=Teacher{id=6, firstName='Ellie', lastName='Purh', faculty=Faculty{id=1, facultyName='Changed faculty name'}}}, Lesson{id=38, date=2021-01-22, startTime=13:00, endTime=14:40, classroom=Classroom{id=6, roomName='B-1', roomType='Class', roomCapacity=30, building=Building{id=2, buildingName='B'}}, course=Course{id=6, courseName='Biology'}, teacher=Teacher{id=7, firstName='Charlie', lastName='Byrne', faculty=Faculty{id=1, facultyName='Changed faculty name'}}}, Lesson{id=39, date=2021-01-22, startTime=14:50, endTime=16:30, classroom=Classroom{id=7, roomName='B-2', roomType='Class', roomCapacity=30, building=Building{id=2, buildingName='B'}}, course=Course{id=6, courseName='Biology'}, teacher=Teacher{id=7, firstName='Charlie', lastName='Byrne', faculty=Faculty{id=1, facultyName='Changed faculty name'}}}, Lesson{id=40, date=2021-01-22, startTime=16:40, endTime=18:20, classroom=Classroom{id=10, roomName='B-5', roomType='Laboratory', roomCapacity=10, building=Building{id=2, buildingName='B'}}, course=Course{id=6, courseName='Biology'}, teacher=Teacher{id=7, firstName='Charlie', lastName='Byrne', faculty=Faculty{id=1, facultyName='Changed faculty name'}}}, Lesson{id=41, date=2021-01-22, startTime=09:20, endTime=11:00, classroom=Classroom{id=14, roomName='C-4', roomType='Lecture', roomCapacity=50, building=Building{id=3, buildingName='C'}}, course=Course{id=9, courseName='Physics'}, teacher=Teacher{id=11, firstName='Sophia', lastName='Roos', faculty=Faculty{id=2, facultyName='Technical Sciences Faculty'}}}, Lesson{id=42, date=2021-01-22, startTime=11:10, endTime=12:50, classroom=Classroom{id=14, roomName='C-4', roomType='Lecture', roomCapacity=50, building=Building{id=3, buildingName='C'}}, course=Course{id=10, courseName='Geometry'}, teacher=Teacher{id=12, firstName='Mia', lastName='Brown', faculty=Faculty{id=2, facultyName='Technical Sciences Faculty'}}}, Lesson{id=43, date=2021-01-22, startTime=13:00, endTime=14:40, classroom=Classroom{id=13, roomName='C-3', roomType='Class', roomCapacity=30, building=Building{id=3, buildingName='C'}}, course=Course{id=8, courseName='Mathematics'}, teacher=Teacher{id=10, firstName='Joshua', lastName='Eve', faculty=Faculty{id=2, facultyName='Technical Sciences Faculty'}}}, Lesson{id=44, date=2021-01-22, startTime=14:50, endTime=16:30, classroom=Classroom{id=15, roomName='C-5', roomType='Laboratory', roomCapacity=10, building=Building{id=3, buildingName='C'}}, course=Course{id=9, courseName='Physics'}, teacher=Teacher{id=11, firstName='Sophia', lastName='Roos', faculty=Faculty{id=2, facultyName='Technical Sciences Faculty'}}}, Lesson{id=45, date=2021-01-22, startTime=16:40, endTime=18:20, classroom=Classroom{id=15, roomName='C-5', roomType='Laboratory', roomCapacity=10, building=Building{id=3, buildingName='C'}}, course=Course{id=10, courseName='Geometry'}, teacher=Teacher{id=12, firstName='Mia', lastName='Brown', faculty=Faculty{id=2, facultyName='Technical Sciences Faculty'}}}, Lesson{id=46, date=2021-01-25, startTime=09:20, endTime=11:00, classroom=Classroom{id=4, roomName='A-4', roomType='Lecture', roomCapacity=50, building=Building{id=1, buildingName='Changed name'}}, course=Course{id=1, courseName='History'}, teacher=Teacher{id=1, firstName='Albert', lastName='Sykes', faculty=Faculty{id=3, facultyName='Faculty of Arts'}}}, Lesson{id=47, date=2021-01-25, startTime=11:10, endTime=12:50, classroom=Classroom{id=1, roomName='A-1', roomType='Class', roomCapacity=30, building=Building{id=1, buildingName='Changed name'}}, course=Course{id=1, courseName='History'}, teacher=Teacher{id=1, firstName='Albert', lastName='Sykes', faculty=Faculty{id=3, facultyName='Faculty of Arts'}}}, Lesson{id=48, date=2021-01-25, startTime=13:00, endTime=14:40, classroom=Classroom{id=2, roomName='A-2', roomType='Class', roomCapacity=30, building=Building{id=1, buildingName='Changed name'}}, course=Course{id=2, courseName='Philosophy'}, teacher=Teacher{id=2, firstName='Stanley', lastName='Gruber', faculty=Faculty{id=3, facultyName='Faculty of Arts'}}}, Lesson{id=49, date=2021-01-25, startTime=14:50, endTime=16:30, classroom=Classroom{id=3, roomName='A-3', roomType='Class', roomCapacity=30, building=Building{id=1, buildingName='Changed name'}}, course=Course{id=2, courseName='Philosophy'}, teacher=Teacher{id=2, firstName='Stanley', lastName='Gruber', faculty=Faculty{id=3, facultyName='Faculty of Arts'}}}, Lesson{id=50, date=2021-01-25, startTime=16:40, endTime=18:20, classroom=Classroom{id=4, roomName='A-4', roomType='Lecture', roomCapacity=50, building=Building{id=1, buildingName='Changed name'}}, course=Course{id=3, courseName='Name'}, teacher=Teacher{id=3, firstName='Freya', lastName='Shepp', faculty=Faculty{id=3, facultyName='Faculty of Arts'}}}, Lesson{id=51, date=2021-01-25, startTime=09:20, endTime=11:00, classroom=Classroom{id=9, roomName='New name', roomType='Lecture', roomCapacity=50, building=Building{id=2, buildingName='B'}}, course=Course{id=6, courseName='Biology'}, teacher=Teacher{id=6, firstName='Ellie', lastName='Purh', faculty=Faculty{id=1, facultyName='Changed faculty name'}}}, Lesson{id=52, date=2021-01-25, startTime=11:10, endTime=12:50, classroom=Classroom{id=9, roomName='New name', roomType='Lecture', roomCapacity=50, building=Building{id=2, buildingName='B'}}, course=Course{id=6, courseName='Biology'}, teacher=Teacher{id=6, firstName='Ellie', lastName='Purh', faculty=Faculty{id=1, facultyName='Changed faculty name'}}}, Lesson{id=53, date=2021-01-25, startTime=13:00, endTime=14:40, classroom=Classroom{id=6, roomName='B-1', roomType='Class', roomCapacity=30, building=Building{id=2, buildingName='B'}}, course=Course{id=6, courseName='Biology'}, teacher=Teacher{id=7, firstName='Charlie', lastName='Byrne', faculty=Faculty{id=1, facultyName='Changed faculty name'}}}, Lesson{id=54, date=2021-01-25, startTime=14:50, endTime=16:30, classroom=Classroom{id=7, roomName='B-2', roomType='Class', roomCapacity=30, building=Building{id=2, buildingName='B'}}, course=Course{id=6, courseName='Biology'}, teacher=Teacher{id=7, firstName='Charlie', lastName='Byrne', faculty=Faculty{id=1, facultyName='Changed faculty name'}}}, Lesson{id=55, date=2021-01-25, startTime=16:40, endTime=18:20, classroom=Classroom{id=10, roomName='B-5', roomType='Laboratory', roomCapacity=10, building=Building{id=2, buildingName='B'}}, course=Course{id=6, courseName='Biology'}, teacher=Teacher{id=7, firstName='Charlie', lastName='Byrne', faculty=Faculty{id=1, facultyName='Changed faculty name'}}}, Lesson{id=56, date=2021-01-25, startTime=09:20, endTime=11:00, classroom=Classroom{id=14, roomName='C-4', roomType='Lecture', roomCapacity=50, building=Building{id=3, buildingName='C'}}, course=Course{id=8, courseName='Mathematics'}, teacher=Teacher{id=10, firstName='Joshua', lastName='Eve', faculty=Faculty{id=2, facultyName='Technical Sciences Faculty'}}}, Lesson{id=57, date=2021-01-25, startTime=11:10, endTime=12:50, classroom=Classroom{id=14, roomName='C-4', roomType='Lecture', roomCapacity=50, building=Building{id=3, buildingName='C'}}, course=Course{id=8, courseName='Mathematics'}, teacher=Teacher{id=10, firstName='Joshua', lastName='Eve', faculty=Faculty{id=2, facultyName='Technical Sciences Faculty'}}}, Lesson{id=58, date=2021-01-25, startTime=13:00, endTime=14:40, classroom=Classroom{id=11, roomName='C-1', roomType='Class', roomCapacity=30, building=Building{id=3, buildingName='C'}}, course=Course{id=8, courseName='Mathematics'}, teacher=Teacher{id=10, firstName='Joshua', lastName='Eve', faculty=Faculty{id=2, facultyName='Technical Sciences Faculty'}}}, Lesson{id=59, date=2021-01-25, startTime=14:50, endTime=16:30, classroom=Classroom{id=13, roomName='C-3', roomType='Class', roomCapacity=30, building=Building{id=3, buildingName='C'}}, course=Course{id=8, courseName='Mathematics'}, teacher=Teacher{id=10, firstName='Joshua', lastName='Eve', faculty=Faculty{id=2, facultyName='Technical Sciences Faculty'}}}, Lesson{id=60, date=2021-01-25, startTime=16:40, endTime=18:20, classroom=Classroom{id=15, roomName='C-5', roomType='Laboratory', roomCapacity=10, building=Building{id=3, buildingName='C'}}, course=Course{id=8, courseName='Mathematics'}, teacher=Teacher{id=10, firstName='Joshua', lastName='Eve', faculty=Faculty{id=2, facultyName='Technical Sciences Faculty'}}}, Lesson{id=61, date=2021-01-26, startTime=09:20, endTime=11:00, classroom=Classroom{id=4, roomName='A-4', roomType='Lecture', roomCapacity=50, building=Building{id=1, buildingName='Changed name'}}, course=Course{id=2, courseName='Philosophy'}, teacher=Teacher{id=2, firstName='Stanley', lastName='Gruber', faculty=Faculty{id=3, facultyName='Faculty of Arts'}}}, Lesson{id=62, date=2021-01-26, startTime=11:10, endTime=12:50, classroom=Classroom{id=1, roomName='A-1', roomType='Class', roomCapacity=30, building=Building{id=1, buildingName='Changed name'}}, course=Course{id=2, courseName='Philosophy'}, teacher=Teacher{id=2, firstName='Stanley', lastName='Gruber', faculty=Faculty{id=3, facultyName='Faculty of Arts'}}}, Lesson{id=63, date=2021-01-26, startTime=13:00, endTime=14:40, classroom=Classroom{id=2, roomName='A-2', roomType='Class', roomCapacity=30, building=Building{id=1, buildingName='Changed name'}}, course=Course{id=3, courseName='Name'}, teacher=Teacher{id=3, firstName='Freya', lastName='Shepp', faculty=Faculty{id=3, facultyName='Faculty of Arts'}}}, Lesson{id=64, date=2021-01-26, startTime=14:50, endTime=16:30, classroom=Classroom{id=3, roomName='A-3', roomType='Class', roomCapacity=30, building=Building{id=1, buildingName='Changed name'}}, course=Course{id=3, courseName='Name'}, teacher=Teacher{id=3, firstName='Freya', lastName='Shepp', faculty=Faculty{id=3, facultyName='Faculty of Arts'}}}, Lesson{id=65, date=2021-01-26, startTime=16:40, endTime=18:20, classroom=Classroom{id=4, roomName='A-4', roomType='Lecture', roomCapacity=50, building=Building{id=1, buildingName='Changed name'}}, course=Course{id=4, courseName='Political science'}, teacher=Teacher{id=4, firstName='Olivia', lastName='Blake', faculty=Faculty{id=3, facultyName='Faculty of Arts'}}}, Lesson{id=66, date=2021-01-26, startTime=09:20, endTime=11:00, classroom=Classroom{id=9, roomName='New name', roomType='Lecture', roomCapacity=50, building=Building{id=2, buildingName='B'}}, course=Course{id=7, courseName='Chemistry'}, teacher=Teacher{id=8, firstName='Samuel', lastName='Travis', faculty=Faculty{id=1, facultyName='Changed faculty name'}}}, Lesson{id=67, date=2021-01-26, startTime=11:10, endTime=12:50, classroom=Classroom{id=9, roomName='New name', roomType='Lecture', roomCapacity=50, building=Building{id=2, buildingName='B'}}, course=Course{id=7, courseName='Chemistry'}, teacher=Teacher{id=8, firstName='Samuel', lastName='Travis', faculty=Faculty{id=1, facultyName='Changed faculty name'}}}, Lesson{id=68, date=2021-01-26, startTime=13:00, endTime=14:40, classroom=Classroom{id=6, roomName='B-1', roomType='Class', roomCapacity=30, building=Building{id=2, buildingName='B'}}, course=Course{id=7, courseName='Chemistry'}, teacher=Teacher{id=9, firstName='Albert', lastName='Hill', faculty=Faculty{id=1, facultyName='Changed faculty name'}}}, Lesson{id=69, date=2021-01-26, startTime=14:50, endTime=16:30, classroom=Classroom{id=7, roomName='B-2', roomType='Class', roomCapacity=30, building=Building{id=2, buildingName='B'}}, course=Course{id=7, courseName='Chemistry'}, teacher=Teacher{id=9, firstName='Albert', lastName='Hill', faculty=Faculty{id=1, facultyName='Changed faculty name'}}}, Lesson{id=70, date=2021-01-26, startTime=16:40, endTime=18:20, classroom=Classroom{id=10, roomName='B-5', roomType='Laboratory', roomCapacity=10, building=Building{id=2, buildingName='B'}}, course=Course{id=7, courseName='Chemistry'}, teacher=Teacher{id=9, firstName='Albert', lastName='Hill', faculty=Faculty{id=1, facultyName='Changed faculty name'}}}, Lesson{id=71, date=2021-01-26, startTime=09:20, endTime=11:00, classroom=Classroom{id=14, roomName='C-4', roomType='Lecture', roomCapacity=50, building=Building{id=3, buildingName='C'}}, course=Course{id=9, courseName='Physics'}, teacher=Teacher{id=11, firstName='Sophia', lastName='Roos', faculty=Faculty{id=2, facultyName='Technical Sciences Faculty'}}}, Lesson{id=72, date=2021-01-26, startTime=11:10, endTime=12:50, classroom=Classroom{id=14, roomName='C-4', roomType='Lecture', roomCapacity=50, building=Building{id=3, buildingName='C'}}, course=Course{id=9, courseName='Physics'}, teacher=Teacher{id=11, firstName='Sophia', lastName='Roos', faculty=Faculty{id=2, facultyName='Technical Sciences Faculty'}}}, Lesson{id=73, date=2021-01-26, startTime=13:00, endTime=14:40, classroom=Classroom{id=11, roomName='C-1', roomType='Class', roomCapacity=30, building=Building{id=3, buildingName='C'}}, course=Course{id=9, courseName='Physics'}, teacher=Teacher{id=11, firstName='Sophia', lastName='Roos', faculty=Faculty{id=2, facultyName='Technical Sciences Faculty'}}}, Lesson{id=74, date=2021-01-26, startTime=14:50, endTime=16:30, classroom=Classroom{id=13, roomName='C-3', roomType='Class', roomCapacity=30, building=Building{id=3, buildingName='C'}}, course=Course{id=9, courseName='Physics'}, teacher=Teacher{id=11, firstName='Sophia', lastName='Roos', faculty=Faculty{id=2, facultyName='Technical Sciences Faculty'}}}, Lesson{id=75, date=2021-01-26, startTime=16:40, endTime=18:20, classroom=Classroom{id=15, roomName='C-5', roomType='Laboratory', roomCapacity=10, building=Building{id=3, buildingName='C'}}, course=Course{id=9, courseName='Physics'}, teacher=Teacher{id=11, firstName='Sophia', lastName='Roos', faculty=Faculty{id=2, facultyName='Technical Sciences Faculty'}}}, Lesson{id=76, date=2021-01-27, startTime=09:20, endTime=11:00, classroom=Classroom{id=4, roomName='A-4', roomType='Lecture', roomCapacity=50, building=Building{id=1, buildingName='Changed name'}}, course=Course{id=3, courseName='Name'}, teacher=Teacher{id=3, firstName='Freya', lastName='Shepp', faculty=Faculty{id=3, facultyName='Faculty of Arts'}}}, Lesson{id=77, date=2021-01-27, startTime=11:10, endTime=12:50, classroom=Classroom{id=1, roomName='A-1', roomType='Class', roomCapacity=30, building=Building{id=1, buildingName='Changed name'}}, course=Course{id=3, courseName='Name'}, teacher=Teacher{id=3, firstName='Freya', lastName='Shepp', faculty=Faculty{id=3, facultyName='Faculty of Arts'}}}, Lesson{id=78, date=2021-01-27, startTime=13:00, endTime=14:40, classroom=Classroom{id=2, roomName='A-2', roomType='Class', roomCapacity=30, building=Building{id=1, buildingName='Changed name'}}, course=Course{id=4, courseName='Political science'}, teacher=Teacher{id=4, firstName='Olivia', lastName='Blake', faculty=Faculty{id=3, facultyName='Faculty of Arts'}}}, Lesson{id=79, date=2021-01-27, startTime=14:50, endTime=16:30, classroom=Classroom{id=3, roomName='A-3', roomType='Class', roomCapacity=30, building=Building{id=1, buildingName='Changed name'}}, course=Course{id=4, courseName='Political science'}, teacher=Teacher{id=4, firstName='Olivia', lastName='Blake', faculty=Faculty{id=3, facultyName='Faculty of Arts'}}}, Lesson{id=80, date=2021-01-27, startTime=16:40, endTime=18:20, classroom=Classroom{id=4, roomName='A-4', roomType='Lecture', roomCapacity=50, building=Building{id=1, buildingName='Changed name'}}, course=Course{id=5, courseName='Culture'}, teacher=Teacher{id=5, firstName='Scarlett', lastName='Nimoy', faculty=Faculty{id=3, facultyName='Faculty of Arts'}}}, Lesson{id=81, date=2021-01-27, startTime=09:20, endTime=11:00, classroom=Classroom{id=9, roomName='New name', roomType='Lecture', roomCapacity=50, building=Building{id=2, buildingName='B'}}, course=Course{id=6, courseName='Biology'}, teacher=Teacher{id=6, firstName='Ellie', lastName='Purh', faculty=Faculty{id=1, facultyName='Changed faculty name'}}}, Lesson{id=82, date=2021-01-27, startTime=11:10, endTime=12:50, classroom=Classroom{id=9, roomName='New name', roomType='Lecture', roomCapacity=50, building=Building{id=2, buildingName='B'}}, course=Course{id=6, courseName='Biology'}, teacher=Teacher{id=6, firstName='Ellie', lastName='Purh', faculty=Faculty{id=1, facultyName='Changed faculty name'}}}, Lesson{id=83, date=2021-01-27, startTime=13:00, endTime=14:40, classroom=Classroom{id=6, roomName='B-1', roomType='Class', roomCapacity=30, building=Building{id=2, buildingName='B'}}, course=Course{id=6, courseName='Biology'}, teacher=Teacher{id=7, firstName='Charlie', lastName='Byrne', faculty=Faculty{id=1, facultyName='Changed faculty name'}}}, Lesson{id=84, date=2021-01-27, startTime=14:50, endTime=16:30, classroom=Classroom{id=7, roomName='B-2', roomType='Class', roomCapacity=30, building=Building{id=2, buildingName='B'}}, course=Course{id=6, courseName='Biology'}, teacher=Teacher{id=7, firstName='Charlie', lastName='Byrne', faculty=Faculty{id=1, facultyName='Changed faculty name'}}}, Lesson{id=85, date=2021-01-27, startTime=16:40, endTime=18:20, classroom=Classroom{id=10, roomName='B-5', roomType='Laboratory', roomCapacity=10, building=Building{id=2, buildingName='B'}}, course=Course{id=6, courseName='Biology'}, teacher=Teacher{id=7, firstName='Charlie', lastName='Byrne', faculty=Faculty{id=1, facultyName='Changed faculty name'}}}, Lesson{id=86, date=2021-01-27, startTime=09:20, endTime=11:00, classroom=Classroom{id=14, roomName='C-4', roomType='Lecture', roomCapacity=50, building=Building{id=3, buildingName='C'}}, course=Course{id=10, courseName='Geometry'}, teacher=Teacher{id=12, firstName='Mia', lastName='Brown', faculty=Faculty{id=2, facultyName='Technical Sciences Faculty'}}}, Lesson{id=87, date=2021-01-27, startTime=11:10, endTime=12:50, classroom=Classroom{id=14, roomName='C-4', roomType='Lecture', roomCapacity=50, building=Building{id=3, buildingName='C'}}, course=Course{id=10, courseName='Geometry'}, teacher=Teacher{id=12, firstName='Mia', lastName='Brown', faculty=Faculty{id=2, facultyName='Technical Sciences Faculty'}}}, Lesson{id=88, date=2021-01-27, startTime=13:00, endTime=14:40, classroom=Classroom{id=11, roomName='C-1', roomType='Class', roomCapacity=30, building=Building{id=3, buildingName='C'}}, course=Course{id=10, courseName='Geometry'}, teacher=Teacher{id=12, firstName='Mia', lastName='Brown', faculty=Faculty{id=2, facultyName='Technical Sciences Faculty'}}}, Lesson{id=89, date=2021-01-27, startTime=14:50, endTime=16:30, classroom=Classroom{id=13, roomName='C-3', roomType='Class', roomCapacity=30, building=Building{id=3, buildingName='C'}}, course=Course{id=10, courseName='Geometry'}, teacher=Teacher{id=12, firstName='Mia', lastName='Brown', faculty=Faculty{id=2, facultyName='Technical Sciences Faculty'}}}, Lesson{id=90, date=2021-01-27, startTime=16:40, endTime=18:20, classroom=Classroom{id=15, roomName='C-5', roomType='Laboratory', roomCapacity=10, building=Building{id=3, buildingName='C'}}, course=Course{id=10, courseName='Geometry'}, teacher=Teacher{id=12, firstName='Mia', lastName='Brown', faculty=Faculty{id=2, facultyName='Technical Sciences Faculty'}}}, Lesson{id=91, date=2021-01-28, startTime=09:20, endTime=11:00, classroom=Classroom{id=4, roomName='A-4', roomType='Lecture', roomCapacity=50, building=Building{id=1, buildingName='Changed name'}}, course=Course{id=4, courseName='Political science'}, teacher=Teacher{id=4, firstName='Olivia', lastName='Blake', faculty=Faculty{id=3, facultyName='Faculty of Arts'}}}, Lesson{id=92, date=2021-01-28, startTime=11:10, endTime=12:50, classroom=Classroom{id=1, roomName='A-1', roomType='Class', roomCapacity=30, building=Building{id=1, buildingName='Changed name'}}, course=Course{id=4, courseName='Political science'}, teacher=Teacher{id=4, firstName='Olivia', lastName='Blake', faculty=Faculty{id=3, facultyName='Faculty of Arts'}}}, Lesson{id=93, date=2021-01-28, startTime=13:00, endTime=14:40, classroom=Classroom{id=2, roomName='A-2', roomType='Class', roomCapacity=30, building=Building{id=1, buildingName='Changed name'}}, course=Course{id=5, courseName='Culture'}, teacher=Teacher{id=5, firstName='Scarlett', lastName='Nimoy', faculty=Faculty{id=3, facultyName='Faculty of Arts'}}}, Lesson{id=94, date=2021-01-28, startTime=14:50, endTime=16:30, classroom=Classroom{id=3, roomName='A-3', roomType='Class', roomCapacity=30, building=Building{id=1, buildingName='Changed name'}}, course=Course{id=5, courseName='Culture'}, teacher=Teacher{id=5, firstName='Scarlett', lastName='Nimoy', faculty=Faculty{id=3, facultyName='Faculty of Arts'}}}, Lesson{id=95, date=2021-01-28, startTime=16:40, endTime=18:20, classroom=Classroom{id=4, roomName='A-4', roomType='Lecture', roomCapacity=50, building=Building{id=1, buildingName='Changed name'}}, course=Course{id=1, courseName='History'}, teacher=Teacher{id=1, firstName='Albert', lastName='Sykes', faculty=Faculty{id=3, facultyName='Faculty of Arts'}}}, Lesson{id=96, date=2021-01-28, startTime=09:20, endTime=11:00, classroom=Classroom{id=9, roomName='New name', roomType='Lecture', roomCapacity=50, building=Building{id=2, buildingName='B'}}, course=Course{id=7, courseName='Chemistry'}, teacher=Teacher{id=8, firstName='Samuel', lastName='Travis', faculty=Faculty{id=1, facultyName='Changed faculty name'}}}, Lesson{id=97, date=2021-01-28, startTime=11:10, endTime=12:50, classroom=Classroom{id=9, roomName='New name', roomType='Lecture', roomCapacity=50, building=Building{id=2, buildingName='B'}}, course=Course{id=7, courseName='Chemistry'}, teacher=Teacher{id=8, firstName='Samuel', lastName='Travis', faculty=Faculty{id=1, facultyName='Changed faculty name'}}}, Lesson{id=98, date=2021-01-28, startTime=13:00, endTime=14:40, classroom=Classroom{id=6, roomName='B-1', roomType='Class', roomCapacity=30, building=Building{id=2, buildingName='B'}}, course=Course{id=7, courseName='Chemistry'}, teacher=Teacher{id=9, firstName='Albert', lastName='Hill', faculty=Faculty{id=1, facultyName='Changed faculty name'}}}, Lesson{id=99, date=2021-01-28, startTime=14:50, endTime=16:30, classroom=Classroom{id=7, roomName='B-2', roomType='Class', roomCapacity=30, building=Building{id=2, buildingName='B'}}, course=Course{id=7, courseName='Chemistry'}, teacher=Teacher{id=9, firstName='Albert', lastName='Hill', faculty=Faculty{id=1, facultyName='Changed faculty name'}}}, Lesson{id=100, date=2021-01-28, startTime=16:40, endTime=18:20, classroom=Classroom{id=10, roomName='B-5', roomType='Laboratory', roomCapacity=10, building=Building{id=2, buildingName='B'}}, course=Course{id=7, courseName='Chemistry'}, teacher=Teacher{id=9, firstName='Albert', lastName='Hill', faculty=Faculty{id=1, facultyName='Changed faculty name'}}}, Lesson{id=101, date=2021-01-28, startTime=09:20, endTime=11:00, classroom=Classroom{id=14, roomName='C-4', roomType='Lecture', roomCapacity=50, building=Building{id=3, buildingName='C'}}, course=Course{id=8, courseName='Mathematics'}, teacher=Teacher{id=10, firstName='Joshua', lastName='Eve', faculty=Faculty{id=2, facultyName='Technical Sciences Faculty'}}}, Lesson{id=102, date=2021-01-28, startTime=11:10, endTime=12:50, classroom=Classroom{id=14, roomName='C-4', roomType='Lecture', roomCapacity=50, building=Building{id=3, buildingName='C'}}, course=Course{id=8, courseName='Mathematics'}, teacher=Teacher{id=10, firstName='Joshua', lastName='Eve', faculty=Faculty{id=2, facultyName='Technical Sciences Faculty'}}}, Lesson{id=103, date=2021-01-28, startTime=13:00, endTime=14:40, classroom=Classroom{id=12, roomName='C-2', roomType='Class', roomCapacity=30, building=Building{id=3, buildingName='C'}}, course=Course{id=9, courseName='Physics'}, teacher=Teacher{id=11, firstName='Sophia', lastName='Roos', faculty=Faculty{id=2, facultyName='Technical Sciences Faculty'}}}, Lesson{id=104, date=2021-01-28, startTime=14:50, endTime=16:30, classroom=Classroom{id=12, roomName='C-2', roomType='Class', roomCapacity=30, building=Building{id=3, buildingName='C'}}, course=Course{id=10, courseName='Geometry'}, teacher=Teacher{id=12, firstName='Mia', lastName='Brown', faculty=Faculty{id=2, facultyName='Technical Sciences Faculty'}}}, Lesson{id=105, date=2021-01-28, startTime=16:40, endTime=18:20, classroom=Classroom{id=15, roomName='C-5', roomType='Laboratory', roomCapacity=10, building=Building{id=3, buildingName='C'}}, course=Course{id=8, courseName='Mathematics'}, teacher=Teacher{id=10, firstName='Joshua', lastName='Eve', faculty=Faculty{id=2, facultyName='Technical Sciences Faculty'}}}, Lesson{id=106, date=2021-01-29, startTime=09:20, endTime=11:00, classroom=Classroom{id=4, roomName='A-4', roomType='Lecture', roomCapacity=50, building=Building{id=1, buildingName='Changed name'}}, course=Course{id=5, courseName='Culture'}, teacher=Teacher{id=5, firstName='Scarlett', lastName='Nimoy', faculty=Faculty{id=3, facultyName='Faculty of Arts'}}}, Lesson{id=107, date=2021-01-29, startTime=11:10, endTime=12:50, classroom=Classroom{id=1, roomName='A-1', roomType='Class', roomCapacity=30, building=Building{id=1, buildingName='Changed name'}}, course=Course{id=5, courseName='Culture'}, teacher=Teacher{id=5, firstName='Scarlett', lastName='Nimoy', faculty=Faculty{id=3, facultyName='Faculty of Arts'}}}, Lesson{id=108, date=2021-01-29, startTime=13:00, endTime=14:40, classroom=Classroom{id=2, roomName='A-2', roomType='Class', roomCapacity=30, building=Building{id=1, buildingName='Changed name'}}, course=Course{id=1, courseName='History'}, teacher=Teacher{id=1, firstName='Albert', lastName='Sykes', faculty=Faculty{id=3, facultyName='Faculty of Arts'}}}, Lesson{id=109, date=2021-01-29, startTime=14:50, endTime=16:30, classroom=Classroom{id=3, roomName='A-3', roomType='Class', roomCapacity=30, building=Building{id=1, buildingName='Changed name'}}, course=Course{id=1, courseName='History'}, teacher=Teacher{id=1, firstName='Albert', lastName='Sykes', faculty=Faculty{id=3, facultyName='Faculty of Arts'}}}, Lesson{id=110, date=2021-01-29, startTime=16:40, endTime=18:20, classroom=Classroom{id=4, roomName='A-4', roomType='Lecture', roomCapacity=50, building=Building{id=1, buildingName='Changed name'}}, course=Course{id=2, courseName='Philosophy'}, teacher=Teacher{id=2, firstName='Stanley', lastName='Gruber', faculty=Faculty{id=3, facultyName='Faculty of Arts'}}}, Lesson{id=111, date=2021-01-29, startTime=09:20, endTime=11:00, classroom=Classroom{id=9, roomName='New name', roomType='Lecture', roomCapacity=50, building=Building{id=2, buildingName='B'}}, course=Course{id=6, courseName='Biology'}, teacher=Teacher{id=6, firstName='Ellie', lastName='Purh', faculty=Faculty{id=1, facultyName='Changed faculty name'}}}, Lesson{id=112, date=2021-01-29, startTime=11:10, endTime=12:50, classroom=Classroom{id=9, roomName='New name', roomType='Lecture', roomCapacity=50, building=Building{id=2, buildingName='B'}}, course=Course{id=6, courseName='Biology'}, teacher=Teacher{id=6, firstName='Ellie', lastName='Purh', faculty=Faculty{id=1, facultyName='Changed faculty name'}}}, Lesson{id=113, date=2021-01-29, startTime=13:00, endTime=14:40, classroom=Classroom{id=6, roomName='B-1', roomType='Class', roomCapacity=30, building=Building{id=2, buildingName='B'}}, course=Course{id=6, courseName='Biology'}, teacher=Teacher{id=7, firstName='Charlie', lastName='Byrne', faculty=Faculty{id=1, facultyName='Changed faculty name'}}}, Lesson{id=114, date=2021-01-29, startTime=14:50, endTime=16:30, classroom=Classroom{id=7, roomName='B-2', roomType='Class', roomCapacity=30, building=Building{id=2, buildingName='B'}}, course=Course{id=6, courseName='Biology'}, teacher=Teacher{id=7, firstName='Charlie', lastName='Byrne', faculty=Faculty{id=1, facultyName='Changed faculty name'}}}, Lesson{id=115, date=2021-01-29, startTime=16:40, endTime=18:20, classroom=Classroom{id=10, roomName='B-5', roomType='Laboratory', roomCapacity=10, building=Building{id=2, buildingName='B'}}, course=Course{id=6, courseName='Biology'}, teacher=Teacher{id=7, firstName='Charlie', lastName='Byrne', faculty=Faculty{id=1, facultyName='Changed faculty name'}}}, Lesson{id=116, date=2021-01-29, startTime=09:20, endTime=11:00, classroom=Classroom{id=14, roomName='C-4', roomType='Lecture', roomCapacity=50, building=Building{id=3, buildingName='C'}}, course=Course{id=9, courseName='Physics'}, teacher=Teacher{id=11, firstName='Sophia', lastName='Roos', faculty=Faculty{id=2, facultyName='Technical Sciences Faculty'}}}, Lesson{id=117, date=2021-01-29, startTime=11:10, endTime=12:50, classroom=Classroom{id=14, roomName='C-4', roomType='Lecture', roomCapacity=50, building=Building{id=3, buildingName='C'}}, course=Course{id=10, courseName='Geometry'}, teacher=Teacher{id=12, firstName='Mia', lastName='Brown', faculty=Faculty{id=2, facultyName='Technical Sciences Faculty'}}}, Lesson{id=118, date=2021-01-29, startTime=13:00, endTime=14:40, classroom=Classroom{id=13, roomName='C-3', roomType='Class', roomCapacity=30, building=Building{id=3, buildingName='C'}}, course=Course{id=8, courseName='Mathematics'}, teacher=Teacher{id=10, firstName='Joshua', lastName='Eve', faculty=Faculty{id=2, facultyName='Technical Sciences Faculty'}}}, Lesson{id=119, date=2021-01-29, startTime=14:50, endTime=16:30, classroom=Classroom{id=15, roomName='C-5', roomType='Laboratory', roomCapacity=10, building=Building{id=3, buildingName='C'}}, course=Course{id=9, courseName='Physics'}, teacher=Teacher{id=11, firstName='Sophia', lastName='Roos', faculty=Faculty{id=2, facultyName='Technical Sciences Faculty'}}}, Lesson{id=120, date=2021-01-29, startTime=16:40, endTime=18:20, classroom=Classroom{id=15, roomName='C-5', roomType='Laboratory', roomCapacity=10, building=Building{id=3, buildingName='C'}}, course=Course{id=10, courseName='Geometry'}, teacher=Teacher{id=12, firstName='Mia', lastName='Brown', faculty=Faculty{id=2, facultyName='Technical Sciences Faculty'}}}, Lesson{id=121, date=2021-02-01, startTime=09:20, endTime=11:00, classroom=Classroom{id=4, roomName='A-4', roomType='Lecture', roomCapacity=50, building=Building{id=1, buildingName='Changed name'}}, course=Course{id=1, courseName='History'}, teacher=Teacher{id=1, firstName='Albert', lastName='Sykes', faculty=Faculty{id=3, facultyName='Faculty of Arts'}}}, Lesson{id=122, date=2021-02-01, startTime=11:10, endTime=12:50, classroom=Classroom{id=1, roomName='A-1', roomType='Class', roomCapacity=30, building=Building{id=1, buildingName='Changed name'}}, course=Course{id=1, courseName='History'}, teacher=Teacher{id=1, firstName='Albert', lastName='Sykes', faculty=Faculty{id=3, facultyName='Faculty of Arts'}}}, Lesson{id=123, date=2021-02-01, startTime=13:00, endTime=14:40, classroom=Classroom{id=2, roomName='A-2', roomType='Class', roomCapacity=30, building=Building{id=1, buildingName='Changed name'}}, course=Course{id=2, courseName='Philosophy'}, teacher=Teacher{id=2, firstName='Stanley', lastName='Gruber', faculty=Faculty{id=3, facultyName='Faculty of Arts'}}}, Lesson{id=124, date=2021-02-01, startTime=14:50, endTime=16:30, classroom=Classroom{id=3, roomName='A-3', roomType='Class', roomCapacity=30, building=Building{id=1, buildingName='Changed name'}}, course=Course{id=2, courseName='Philosophy'}, teacher=Teacher{id=2, firstName='Stanley', lastName='Gruber', faculty=Faculty{id=3, facultyName='Faculty of Arts'}}}, Lesson{id=125, date=2021-02-01, startTime=16:40, endTime=18:20, classroom=Classroom{id=4, roomName='A-4', roomType='Lecture', roomCapacity=50, building=Building{id=1, buildingName='Changed name'}}, course=Course{id=3, courseName='Name'}, teacher=Teacher{id=3, firstName='Freya', lastName='Shepp', faculty=Faculty{id=3, facultyName='Faculty of Arts'}}}, Lesson{id=126, date=2021-02-01, startTime=09:20, endTime=11:00, classroom=Classroom{id=9, roomName='New name', roomType='Lecture', roomCapacity=50, building=Building{id=2, buildingName='B'}}, course=Course{id=6, courseName='Biology'}, teacher=Teacher{id=6, firstName='Ellie', lastName='Purh', faculty=Faculty{id=1, facultyName='Changed faculty name'}}}, Lesson{id=127, date=2021-02-01, startTime=11:10, endTime=12:50, classroom=Classroom{id=9, roomName='New name', roomType='Lecture', roomCapacity=50, building=Building{id=2, buildingName='B'}}, course=Course{id=6, courseName='Biology'}, teacher=Teacher{id=6, firstName='Ellie', lastName='Purh', faculty=Faculty{id=1, facultyName='Changed faculty name'}}}, Lesson{id=128, date=2021-02-01, startTime=13:00, endTime=14:40, classroom=Classroom{id=6, roomName='B-1', roomType='Class', roomCapacity=30, building=Building{id=2, buildingName='B'}}, course=Course{id=6, courseName='Biology'}, teacher=Teacher{id=7, firstName='Charlie', lastName='Byrne', faculty=Faculty{id=1, facultyName='Changed faculty name'}}}, Lesson{id=129, date=2021-02-01, startTime=14:50, endTime=16:30, classroom=Classroom{id=7, roomName='B-2', roomType='Class', roomCapacity=30, building=Building{id=2, buildingName='B'}}, course=Course{id=6, courseName='Biology'}, teacher=Teacher{id=7, firstName='Charlie', lastName='Byrne', faculty=Faculty{id=1, facultyName='Changed faculty name'}}}, Lesson{id=130, date=2021-02-01, startTime=16:40, endTime=18:20, classroom=Classroom{id=10, roomName='B-5', roomType='Laboratory', roomCapacity=10, building=Building{id=2, buildingName='B'}}, course=Course{id=6, courseName='Biology'}, teacher=Teacher{id=7, firstName='Charlie', lastName='Byrne', faculty=Faculty{id=1, facultyName='Changed faculty name'}}}, Lesson{id=131, date=2021-02-01, startTime=09:20, endTime=11:00, classroom=Classroom{id=14, roomName='C-4', roomType='Lecture', roomCapacity=50, building=Building{id=3, buildingName='C'}}, course=Course{id=8, courseName='Mathematics'}, teacher=Teacher{id=10, firstName='Joshua', lastName='Eve', faculty=Faculty{id=2, facultyName='Technical Sciences Faculty'}}}, Lesson{id=132, date=2021-02-01, startTime=11:10, endTime=12:50, classroom=Classroom{id=14, roomName='C-4', roomType='Lecture', roomCapacity=50, building=Building{id=3, buildingName='C'}}, course=Course{id=8, courseName='Mathematics'}, teacher=Teacher{id=10, firstName='Joshua', lastName='Eve', faculty=Faculty{id=2, facultyName='Technical Sciences Faculty'}}}, Lesson{id=133, date=2021-02-01, startTime=13:00, endTime=14:40, classroom=Classroom{id=11, roomName='C-1', roomType='Class', roomCapacity=30, building=Building{id=3, buildingName='C'}}, course=Course{id=8, courseName='Mathematics'}, teacher=Teacher{id=10, firstName='Joshua', lastName='Eve', faculty=Faculty{id=2, facultyName='Technical Sciences Faculty'}}}, Lesson{id=134, date=2021-02-01, startTime=14:50, endTime=16:30, classroom=Classroom{id=13, roomName='C-3', roomType='Class', roomCapacity=30, building=Building{id=3, buildingName='C'}}, course=Course{id=8, courseName='Mathematics'}, teacher=Teacher{id=10, firstName='Joshua', lastName='Eve', faculty=Faculty{id=2, facultyName='Technical Sciences Faculty'}}}, Lesson{id=135, date=2021-02-01, startTime=16:40, endTime=18:20, classroom=Classroom{id=15, roomName='C-5', roomType='Laboratory', roomCapacity=10, building=Building{id=3, buildingName='C'}}, course=Course{id=8, courseName='Mathematics'}, teacher=Teacher{id=10, firstName='Joshua', lastName='Eve', faculty=Faculty{id=2, facultyName='Technical Sciences Faculty'}}}, Lesson{id=136, date=2021-02-02, startTime=09:20, endTime=11:00, classroom=Classroom{id=4, roomName='A-4', roomType='Lecture', roomCapacity=50, building=Building{id=1, buildingName='Changed name'}}, course=Course{id=2, courseName='Philosophy'}, teacher=Teacher{id=2, firstName='Stanley', lastName='Gruber', faculty=Faculty{id=3, facultyName='Faculty of Arts'}}}, Lesson{id=137, date=2021-02-02, startTime=11:10, endTime=12:50, classroom=Classroom{id=1, roomName='A-1', roomType='Class', roomCapacity=30, building=Building{id=1, buildingName='Changed name'}}, course=Course{id=2, courseName='Philosophy'}, teacher=Teacher{id=2, firstName='Stanley', lastName='Gruber', faculty=Faculty{id=3, facultyName='Faculty of Arts'}}}, Lesson{id=138, date=2021-02-02, startTime=13:00, endTime=14:40, classroom=Classroom{id=2, roomName='A-2', roomType='Class', roomCapacity=30, building=Building{id=1, buildingName='Changed name'}}, course=Course{id=3, courseName='Name'}, teacher=Teacher{id=3, firstName='Freya', lastName='Shepp', faculty=Faculty{id=3, facultyName='Faculty of Arts'}}}, Lesson{id=139, date=2021-02-02, startTime=14:50, endTime=16:30, classroom=Classroom{id=3, roomName='A-3', roomType='Class', roomCapacity=30, building=Building{id=1, buildingName='Changed name'}}, course=Course{id=3, courseName='Name'}, teacher=Teacher{id=3, firstName='Freya', lastName='Shepp', faculty=Faculty{id=3, facultyName='Faculty of Arts'}}}, Lesson{id=140, date=2021-02-02, startTime=16:40, endTime=18:20, classroom=Classroom{id=4, roomName='A-4', roomType='Lecture', roomCapacity=50, building=Building{id=1, buildingName='Changed name'}}, course=Course{id=4, courseName='Political science'}, teacher=Teacher{id=4, firstName='Olivia', lastName='Blake', faculty=Faculty{id=3, facultyName='Faculty of Arts'}}}, Lesson{id=141, date=2021-02-02, startTime=09:20, endTime=11:00, classroom=Classroom{id=9, roomName='New name', roomType='Lecture', roomCapacity=50, building=Building{id=2, buildingName='B'}}, course=Course{id=7, courseName='Chemistry'}, teacher=Teacher{id=8, firstName='Samuel', lastName='Travis', faculty=Faculty{id=1, facultyName='Changed faculty name'}}}, Lesson{id=142, date=2021-02-02, startTime=11:10, endTime=12:50, classroom=Classroom{id=9, roomName='New name', roomType='Lecture', roomCapacity=50, building=Building{id=2, buildingName='B'}}, course=Course{id=7, courseName='Chemistry'}, teacher=Teacher{id=8, firstName='Samuel', lastName='Travis', faculty=Faculty{id=1, facultyName='Changed faculty name'}}}, Lesson{id=143, date=2021-02-02, startTime=13:00, endTime=14:40, classroom=Classroom{id=6, roomName='B-1', roomType='Class', roomCapacity=30, building=Building{id=2, buildingName='B'}}, course=Course{id=7, courseName='Chemistry'}, teacher=Teacher{id=9, firstName='Albert', lastName='Hill', faculty=Faculty{id=1, facultyName='Changed faculty name'}}}, Lesson{id=144, date=2021-02-02, startTime=14:50, endTime=16:30, classroom=Classroom{id=7, roomName='B-2', roomType='Class', roomCapacity=30, building=Building{id=2, buildingName='B'}}, course=Course{id=7, courseName='Chemistry'}, teacher=Teacher{id=9, firstName='Albert', lastName='Hill', faculty=Faculty{id=1, facultyName='Changed faculty name'}}}, Lesson{id=145, date=2021-02-02, startTime=16:40, endTime=18:20, classroom=Classroom{id=10, roomName='B-5', roomType='Laboratory', roomCapacity=10, building=Building{id=2, buildingName='B'}}, course=Course{id=7, courseName='Chemistry'}, teacher=Teacher{id=9, firstName='Albert', lastName='Hill', faculty=Faculty{id=1, facultyName='Changed faculty name'}}}, Lesson{id=146, date=2021-02-02, startTime=09:20, endTime=11:00, classroom=Classroom{id=14, roomName='C-4', roomType='Lecture', roomCapacity=50, building=Building{id=3, buildingName='C'}}, course=Course{id=9, courseName='Physics'}, teacher=Teacher{id=11, firstName='Sophia', lastName='Roos', faculty=Faculty{id=2, facultyName='Technical Sciences Faculty'}}}, Lesson{id=147, date=2021-02-02, startTime=11:10, endTime=12:50, classroom=Classroom{id=14, roomName='C-4', roomType='Lecture', roomCapacity=50, building=Building{id=3, buildingName='C'}}, course=Course{id=9, courseName='Physics'}, teacher=Teacher{id=11, firstName='Sophia', lastName='Roos', faculty=Faculty{id=2, facultyName='Technical Sciences Faculty'}}}, Lesson{id=148, date=2021-02-02, startTime=13:00, endTime=14:40, classroom=Classroom{id=11, roomName='C-1', roomType='Class', roomCapacity=30, building=Building{id=3, buildingName='C'}}, course=Course{id=9, courseName='Physics'}, teacher=Teacher{id=11, firstName='Sophia', lastName='Roos', faculty=Faculty{id=2, facultyName='Technical Sciences Faculty'}}}, Lesson{id=149, date=2021-02-02, startTime=14:50, endTime=16:30, classroom=Classroom{id=13, roomName='C-3', roomType='Class', roomCapacity=30, building=Building{id=3, buildingName='C'}}, course=Course{id=9, courseName='Physics'}, teacher=Teacher{id=11, firstName='Sophia', lastName='Roos', faculty=Faculty{id=2, facultyName='Technical Sciences Faculty'}}}, Lesson{id=150, date=2021-02-02, startTime=16:40, endTime=18:20, classroom=Classroom{id=15, roomName='C-5', roomType='Laboratory', roomCapacity=10, building=Building{id=3, buildingName='C'}}, course=Course{id=9, courseName='Physics'}, teacher=Teacher{id=11, firstName='Sophia', lastName='Roos', faculty=Faculty{id=2, facultyName='Technical Sciences Faculty'}}}, Lesson{id=151, date=2021-02-03, startTime=09:20, endTime=11:00, classroom=Classroom{id=4, roomName='A-4', roomType='Lecture', roomCapacity=50, building=Building{id=1, buildingName='Changed name'}}, course=Course{id=3, courseName='Name'}, teacher=Teacher{id=3, firstName='Freya', lastName='Shepp', faculty=Faculty{id=3, facultyName='Faculty of Arts'}}}, Lesson{id=152, date=2021-02-03, startTime=11:10, endTime=12:50, classroom=Classroom{id=1, roomName='A-1', roomType='Class', roomCapacity=30, building=Building{id=1, buildingName='Changed name'}}, course=Course{id=3, courseName='Name'}, teacher=Teacher{id=3, firstName='Freya', lastName='Shepp', faculty=Faculty{id=3, facultyName='Faculty of Arts'}}}, Lesson{id=153, date=2021-02-03, startTime=13:00, endTime=14:40, classroom=Classroom{id=2, roomName='A-2', roomType='Class', roomCapacity=30, building=Building{id=1, buildingName='Changed name'}}, course=Course{id=4, courseName='Political science'}, teacher=Teacher{id=4, firstName='Olivia', lastName='Blake', faculty=Faculty{id=3, facultyName='Faculty of Arts'}}}, Lesson{id=154, date=2021-02-03, startTime=14:50, endTime=16:30, classroom=Classroom{id=3, roomName='A-3', roomType='Class', roomCapacity=30, building=Building{id=1, buildingName='Changed name'}}, course=Course{id=4, courseName='Political science'}, teacher=Teacher{id=4, firstName='Olivia', lastName='Blake', faculty=Faculty{id=3, facultyName='Faculty of Arts'}}}, Lesson{id=155, date=2021-02-03, startTime=16:40, endTime=18:20, classroom=Classroom{id=4, roomName='A-4', roomType='Lecture', roomCapacity=50, building=Building{id=1, buildingName='Changed name'}}, course=Course{id=5, courseName='Culture'}, teacher=Teacher{id=5, firstName='Scarlett', lastName='Nimoy', faculty=Faculty{id=3, facultyName='Faculty of Arts'}}}, Lesson{id=156, date=2021-02-03, startTime=09:20, endTime=11:00, classroom=Classroom{id=9, roomName='New name', roomType='Lecture', roomCapacity=50, building=Building{id=2, buildingName='B'}}, course=Course{id=6, courseName='Biology'}, teacher=Teacher{id=6, firstName='Ellie', lastName='Purh', faculty=Faculty{id=1, facultyName='Changed faculty name'}}}, Lesson{id=157, date=2021-02-03, startTime=11:10, endTime=12:50, classroom=Classroom{id=9, roomName='New name', roomType='Lecture', roomCapacity=50, building=Building{id=2, buildingName='B'}}, course=Course{id=6, courseName='Biology'}, teacher=Teacher{id=6, firstName='Ellie', lastName='Purh', faculty=Faculty{id=1, facultyName='Changed faculty name'}}}, Lesson{id=158, date=2021-02-03, startTime=13:00, endTime=14:40, classroom=Classroom{id=6, roomName='B-1', roomType='Class', roomCapacity=30, building=Building{id=2, buildingName='B'}}, course=Course{id=6, courseName='Biology'}, teacher=Teacher{id=7, firstName='Charlie', lastName='Byrne', faculty=Faculty{id=1, facultyName='Changed faculty name'}}}, Lesson{id=159, date=2021-02-03, startTime=14:50, endTime=16:30, classroom=Classroom{id=7, roomName='B-2', roomType='Class', roomCapacity=30, building=Building{id=2, buildingName='B'}}, course=Course{id=6, courseName='Biology'}, teacher=Teacher{id=7, firstName='Charlie', lastName='Byrne', faculty=Faculty{id=1, facultyName='Changed faculty name'}}}, Lesson{id=160, date=2021-02-03, startTime=16:40, endTime=18:20, classroom=Classroom{id=10, roomName='B-5', roomType='Laboratory', roomCapacity=10, building=Building{id=2, buildingName='B'}}, course=Course{id=6, courseName='Biology'}, teacher=Teacher{id=7, firstName='Charlie', lastName='Byrne', faculty=Faculty{id=1, facultyName='Changed faculty name'}}}, Lesson{id=161, date=2021-02-03, startTime=09:20, endTime=11:00, classroom=Classroom{id=14, roomName='C-4', roomType='Lecture', roomCapacity=50, building=Building{id=3, buildingName='C'}}, course=Course{id=10, courseName='Geometry'}, teacher=Teacher{id=12, firstName='Mia', lastName='Brown', faculty=Faculty{id=2, facultyName='Technical Sciences Faculty'}}}, Lesson{id=162, date=2021-02-03, startTime=11:10, endTime=12:50, classroom=Classroom{id=14, roomName='C-4', roomType='Lecture', roomCapacity=50, building=Building{id=3, buildingName='C'}}, course=Course{id=10, courseName='Geometry'}, teacher=Teacher{id=12, firstName='Mia', lastName='Brown', faculty=Faculty{id=2, facultyName='Technical Sciences Faculty'}}}, Lesson{id=163, date=2021-02-03, startTime=13:00, endTime=14:40, classroom=Classroom{id=11, roomName='C-1', roomType='Class', roomCapacity=30, building=Building{id=3, buildingName='C'}}, course=Course{id=10, courseName='Geometry'}, teacher=Teacher{id=12, firstName='Mia', lastName='Brown', faculty=Faculty{id=2, facultyName='Technical Sciences Faculty'}}}, Lesson{id=164, date=2021-02-03, startTime=14:50, endTime=16:30, classroom=Classroom{id=13, roomName='C-3', roomType='Class', roomCapacity=30, building=Building{id=3, buildingName='C'}}, course=Course{id=10, courseName='Geometry'}, teacher=Teacher{id=12, firstName='Mia', lastName='Brown', faculty=Faculty{id=2, facultyName='Technical Sciences Faculty'}}}, Lesson{id=165, date=2021-02-03, startTime=16:40, endTime=18:20, classroom=Classroom{id=15, roomName='C-5', roomType='Laboratory', roomCapacity=10, building=Building{id=3, buildingName='C'}}, course=Course{id=10, courseName='Geometry'}, teacher=Teacher{id=12, firstName='Mia', lastName='Brown', faculty=Faculty{id=2, facultyName='Technical Sciences Faculty'}}}, Lesson{id=166, date=2021-02-04, startTime=09:20, endTime=11:00, classroom=Classroom{id=4, roomName='A-4', roomType='Lecture', roomCapacity=50, building=Building{id=1, buildingName='Changed name'}}, course=Course{id=4, courseName='Political science'}, teacher=Teacher{id=4, firstName='Olivia', lastName='Blake', faculty=Faculty{id=3, facultyName='Faculty of Arts'}}}, Lesson{id=167, date=2021-02-04, startTime=11:10, endTime=12:50, classroom=Classroom{id=1, roomName='A-1', roomType='Class', roomCapacity=30, building=Building{id=1, buildingName='Changed name'}}, course=Course{id=4, courseName='Political science'}, teacher=Teacher{id=4, firstName='Olivia', lastName='Blake', faculty=Faculty{id=3, facultyName='Faculty of Arts'}}}, Lesson{id=168, date=2021-02-04, startTime=13:00, endTime=14:40, classroom=Classroom{id=2, roomName='A-2', roomType='Class', roomCapacity=30, building=Building{id=1, buildingName='Changed name'}}, course=Course{id=5, courseName='Culture'}, teacher=Teacher{id=5, firstName='Scarlett', lastName='Nimoy', faculty=Faculty{id=3, facultyName='Faculty of Arts'}}}, Lesson{id=169, date=2021-02-04, startTime=14:50, endTime=16:30, classroom=Classroom{id=3, roomName='A-3', roomType='Class', roomCapacity=30, building=Building{id=1, buildingName='Changed name'}}, course=Course{id=5, courseName='Culture'}, teacher=Teacher{id=5, firstName='Scarlett', lastName='Nimoy', faculty=Faculty{id=3, facultyName='Faculty of Arts'}}}, Lesson{id=170, date=2021-02-04, startTime=16:40, endTime=18:20, classroom=Classroom{id=4, roomName='A-4', roomType='Lecture', roomCapacity=50, building=Building{id=1, buildingName='Changed name'}}, course=Course{id=1, courseName='History'}, teacher=Teacher{id=1, firstName='Albert', lastName='Sykes', faculty=Faculty{id=3, facultyName='Faculty of Arts'}}}, Lesson{id=171, date=2021-02-04, startTime=09:20, endTime=11:00, classroom=Classroom{id=9, roomName='New name', roomType='Lecture', roomCapacity=50, building=Building{id=2, buildingName='B'}}, course=Course{id=7, courseName='Chemistry'}, teacher=Teacher{id=8, firstName='Samuel', lastName='Travis', faculty=Faculty{id=1, facultyName='Changed faculty name'}}}, Lesson{id=172, date=2021-02-04, startTime=11:10, endTime=12:50, classroom=Classroom{id=9, roomName='New name', roomType='Lecture', roomCapacity=50, building=Building{id=2, buildingName='B'}}, course=Course{id=7, courseName='Chemistry'}, teacher=Teacher{id=8, firstName='Samuel', lastName='Travis', faculty=Faculty{id=1, facultyName='Changed faculty name'}}}, Lesson{id=173, date=2021-02-04, startTime=13:00, endTime=14:40, classroom=Classroom{id=6, roomName='B-1', roomType='Class', roomCapacity=30, building=Building{id=2, buildingName='B'}}, course=Course{id=7, courseName='Chemistry'}, teacher=Teacher{id=9, firstName='Albert', lastName='Hill', faculty=Faculty{id=1, facultyName='Changed faculty name'}}}, Lesson{id=174, date=2021-02-04, startTime=14:50, endTime=16:30, classroom=Classroom{id=7, roomName='B-2', roomType='Class', roomCapacity=30, building=Building{id=2, buildingName='B'}}, course=Course{id=7, courseName='Chemistry'}, teacher=Teacher{id=9, firstName='Albert', lastName='Hill', faculty=Faculty{id=1, facultyName='Changed faculty name'}}}, Lesson{id=175, date=2021-02-04, startTime=16:40, endTime=18:20, classroom=Classroom{id=10, roomName='B-5', roomType='Laboratory', roomCapacity=10, building=Building{id=2, buildingName='B'}}, course=Course{id=7, courseName='Chemistry'}, teacher=Teacher{id=9, firstName='Albert', lastName='Hill', faculty=Faculty{id=1, facultyName='Changed faculty name'}}}, Lesson{id=176, date=2021-02-04, startTime=09:20, endTime=11:00, classroom=Classroom{id=14, roomName='C-4', roomType='Lecture', roomCapacity=50, building=Building{id=3, buildingName='C'}}, course=Course{id=8, courseName='Mathematics'}, teacher=Teacher{id=10, firstName='Joshua', lastName='Eve', faculty=Faculty{id=2, facultyName='Technical Sciences Faculty'}}}, Lesson{id=177, date=2021-02-04, startTime=11:10, endTime=12:50, classroom=Classroom{id=14, roomName='C-4', roomType='Lecture', roomCapacity=50, building=Building{id=3, buildingName='C'}}, course=Course{id=8, courseName='Mathematics'}, teacher=Teacher{id=10, firstName='Joshua', lastName='Eve', faculty=Faculty{id=2, facultyName='Technical Sciences Faculty'}}}, Lesson{id=178, date=2021-02-04, startTime=13:00, endTime=14:40, classroom=Classroom{id=12, roomName='C-2', roomType='Class', roomCapacity=30, building=Building{id=3, buildingName='C'}}, course=Course{id=9, courseName='Physics'}, teacher=Teacher{id=11, firstName='Sophia', lastName='Roos', faculty=Faculty{id=2, facultyName='Technical Sciences Faculty'}}}, Lesson{id=179, date=2021-02-04, startTime=14:50, endTime=16:30, classroom=Classroom{id=12, roomName='C-2', roomType='Class', roomCapacity=30, building=Building{id=3, buildingName='C'}}, course=Course{id=10, courseName='Geometry'}, teacher=Teacher{id=12, firstName='Mia', lastName='Brown', faculty=Faculty{id=2, facultyName='Technical Sciences Faculty'}}}, Lesson{id=180, date=2021-02-04, startTime=16:40, endTime=18:20, classroom=Classroom{id=15, roomName='C-5', roomType='Laboratory', roomCapacity=10, building=Building{id=3, buildingName='C'}}, course=Course{id=8, courseName='Mathematics'}, teacher=Teacher{id=10, firstName='Joshua', lastName='Eve', faculty=Faculty{id=2, facultyName='Technical Sciences Faculty'}}}, Lesson{id=181, date=2021-02-05, startTime=09:20, endTime=11:00, classroom=Classroom{id=4, roomName='A-4', roomType='Lecture', roomCapacity=50, building=Building{id=1, buildingName='Changed name'}}, course=Course{id=5, courseName='Culture'}, teacher=Teacher{id=5, firstName='Scarlett', lastName='Nimoy', faculty=Faculty{id=3, facultyName='Faculty of Arts'}}}, Lesson{id=182, date=2021-02-05, startTime=11:10, endTime=12:50, classroom=Classroom{id=1, roomName='A-1', roomType='Class', roomCapacity=30, building=Building{id=1, buildingName='Changed name'}}, course=Course{id=5, courseName='Culture'}, teacher=Teacher{id=5, firstName='Scarlett', lastName='Nimoy', faculty=Faculty{id=3, facultyName='Faculty of Arts'}}}, Lesson{id=183, date=2021-02-05, startTime=13:00, endTime=14:40, classroom=Classroom{id=2, roomName='A-2', roomType='Class', roomCapacity=30, building=Building{id=1, buildingName='Changed name'}}, course=Course{id=1, courseName='History'}, teacher=Teacher{id=1, firstName='Albert', lastName='Sykes', faculty=Faculty{id=3, facultyName='Faculty of Arts'}}}, Lesson{id=184, date=2021-02-05, startTime=14:50, endTime=16:30, classroom=Classroom{id=3, roomName='A-3', roomType='Class', roomCapacity=30, building=Building{id=1, buildingName='Changed name'}}, course=Course{id=1, courseName='History'}, teacher=Teacher{id=1, firstName='Albert', lastName='Sykes', faculty=Faculty{id=3, facultyName='Faculty of Arts'}}}, Lesson{id=185, date=2021-02-05, startTime=16:40, endTime=18:20, classroom=Classroom{id=4, roomName='A-4', roomType='Lecture', roomCapacity=50, building=Building{id=1, buildingName='Changed name'}}, course=Course{id=2, courseName='Philosophy'}, teacher=Teacher{id=2, firstName='Stanley', lastName='Gruber', faculty=Faculty{id=3, facultyName='Faculty of Arts'}}}, Lesson{id=186, date=2021-02-05, startTime=09:20, endTime=11:00, classroom=Classroom{id=9, roomName='New name', roomType='Lecture', roomCapacity=50, building=Building{id=2, buildingName='B'}}, course=Course{id=6, courseName='Biology'}, teacher=Teacher{id=6, firstName='Ellie', lastName='Purh', faculty=Faculty{id=1, facultyName='Changed faculty name'}}}, Lesson{id=187, date=2021-02-05, startTime=11:10, endTime=12:50, classroom=Classroom{id=9, roomName='New name', roomType='Lecture', roomCapacity=50, building=Building{id=2, buildingName='B'}}, course=Course{id=6, courseName='Biology'}, teacher=Teacher{id=6, firstName='Ellie', lastName='Purh', faculty=Faculty{id=1, facultyName='Changed faculty name'}}}, Lesson{id=188, date=2021-02-05, startTime=13:00, endTime=14:40, classroom=Classroom{id=6, roomName='B-1', roomType='Class', roomCapacity=30, building=Building{id=2, buildingName='B'}}, course=Course{id=6, courseName='Biology'}, teacher=Teacher{id=7, firstName='Charlie', lastName='Byrne', faculty=Faculty{id=1, facultyName='Changed faculty name'}}}, Lesson{id=189, date=2021-02-05, startTime=14:50, endTime=16:30, classroom=Classroom{id=7, roomName='B-2', roomType='Class', roomCapacity=30, building=Building{id=2, buildingName='B'}}, course=Course{id=6, courseName='Biology'}, teacher=Teacher{id=7, firstName='Charlie', lastName='Byrne', faculty=Faculty{id=1, facultyName='Changed faculty name'}}}, Lesson{id=190, date=2021-02-05, startTime=16:40, endTime=18:20, classroom=Classroom{id=10, roomName='B-5', roomType='Laboratory', roomCapacity=10, building=Building{id=2, buildingName='B'}}, course=Course{id=6, courseName='Biology'}, teacher=Teacher{id=7, firstName='Charlie', lastName='Byrne', faculty=Faculty{id=1, facultyName='Changed faculty name'}}}, Lesson{id=191, date=2021-02-05, startTime=09:20, endTime=11:00, classroom=Classroom{id=14, roomName='C-4', roomType='Lecture', roomCapacity=50, building=Building{id=3, buildingName='C'}}, course=Course{id=9, courseName='Physics'}, teacher=Teacher{id=11, firstName='Sophia', lastName='Roos', faculty=Faculty{id=2, facultyName='Technical Sciences Faculty'}}}, Lesson{id=192, date=2021-02-05, startTime=11:10, endTime=12:50, classroom=Classroom{id=14, roomName='C-4', roomType='Lecture', roomCapacity=50, building=Building{id=3, buildingName='C'}}, course=Course{id=10, courseName='Geometry'}, teacher=Teacher{id=12, firstName='Mia', lastName='Brown', faculty=Faculty{id=2, facultyName='Technical Sciences Faculty'}}}, Lesson{id=193, date=2021-02-05, startTime=13:00, endTime=14:40, classroom=Classroom{id=13, roomName='C-3', roomType='Class', roomCapacity=30, building=Building{id=3, buildingName='C'}}, course=Course{id=8, courseName='Mathematics'}, teacher=Teacher{id=10, firstName='Joshua', lastName='Eve', faculty=Faculty{id=2, facultyName='Technical Sciences Faculty'}}}, Lesson{id=194, date=2021-02-05, startTime=14:50, endTime=16:30, classroom=Classroom{id=15, roomName='C-5', roomType='Laboratory', roomCapacity=10, building=Building{id=3, buildingName='C'}}, course=Course{id=9, courseName='Physics'}, teacher=Teacher{id=11, firstName='Sophia', lastName='Roos', faculty=Faculty{id=2, facultyName='Technical Sciences Faculty'}}}, Lesson{id=195, date=2021-02-05, startTime=16:40, endTime=18:20, classroom=Classroom{id=15, roomName='C-5', roomType='Laboratory', roomCapacity=10, building=Building{id=3, buildingName='C'}}, course=Course{id=10, courseName='Geometry'}, teacher=Teacher{id=12, firstName='Mia', lastName='Brown', faculty=Faculty{id=2, facultyName='Technical Sciences Faculty'}}}, Lesson{id=196, date=2021-02-08, startTime=09:20, endTime=11:00, classroom=Classroom{id=4, roomName='A-4', roomType='Lecture', roomCapacity=50, building=Building{id=1, buildingName='Changed name'}}, course=Course{id=1, courseName='History'}, teacher=Teacher{id=1, firstName='Albert', lastName='Sykes', faculty=Faculty{id=3, facultyName='Faculty of Arts'}}}, Lesson{id=197, date=2021-02-08, startTime=11:10, endTime=12:50, classroom=Classroom{id=1, roomName='A-1', roomType='Class', roomCapacity=30, building=Building{id=1, buildingName='Changed name'}}, course=Course{id=1, courseName='History'}, teacher=Teacher{id=1, firstName='Albert', lastName='Sykes', faculty=Faculty{id=3, facultyName='Faculty of Arts'}}}, Lesson{id=198, date=2021-02-08, startTime=13:00, endTime=14:40, classroom=Classroom{id=2, roomName='A-2', roomType='Class', roomCapacity=30, building=Building{id=1, buildingName='Changed name'}}, course=Course{id=2, courseName='Philosophy'}, teacher=Teacher{id=2, firstName='Stanley', lastName='Gruber', faculty=Faculty{id=3, facultyName='Faculty of Arts'}}}, Lesson{id=199, date=2021-02-08, startTime=14:50, endTime=16:30, classroom=Classroom{id=3, roomName='A-3', roomType='Class', roomCapacity=30, building=Building{id=1, buildingName='Changed name'}}, course=Course{id=2, courseName='Philosophy'}, teacher=Teacher{id=2, firstName='Stanley', lastName='Gruber', faculty=Faculty{id=3, facultyName='Faculty of Arts'}}}, Lesson{id=200, date=2021-02-08, startTime=16:40, endTime=18:20, classroom=Classroom{id=4, roomName='A-4', roomType='Lecture', roomCapacity=50, building=Building{id=1, buildingName='Changed name'}}, course=Course{id=3, courseName='Name'}, teacher=Teacher{id=3, firstName='Freya', lastName='Shepp', faculty=Faculty{id=3, facultyName='Faculty of Arts'}}}, Lesson{id=201, date=2021-02-08, startTime=09:20, endTime=11:00, classroom=Classroom{id=9, roomName='New name', roomType='Lecture', roomCapacity=50, building=Building{id=2, buildingName='B'}}, course=Course{id=6, courseName='Biology'}, teacher=Teacher{id=6, firstName='Ellie', lastName='Purh', faculty=Faculty{id=1, facultyName='Changed faculty name'}}}, Lesson{id=202, date=2021-02-08, startTime=11:10, endTime=12:50, classroom=Classroom{id=9, roomName='New name', roomType='Lecture', roomCapacity=50, building=Building{id=2, buildingName='B'}}, course=Course{id=6, courseName='Biology'}, teacher=Teacher{id=6, firstName='Ellie', lastName='Purh', faculty=Faculty{id=1, facultyName='Changed faculty name'}}}, Lesson{id=203, date=2021-02-08, startTime=13:00, endTime=14:40, classroom=Classroom{id=6, roomName='B-1', roomType='Class', roomCapacity=30, building=Building{id=2, buildingName='B'}}, course=Course{id=6, courseName='Biology'}, teacher=Teacher{id=7, firstName='Charlie', lastName='Byrne', faculty=Faculty{id=1, facultyName='Changed faculty name'}}}, Lesson{id=204, date=2021-02-08, startTime=14:50, endTime=16:30, classroom=Classroom{id=7, roomName='B-2', roomType='Class', roomCapacity=30, building=Building{id=2, buildingName='B'}}, course=Course{id=6, courseName='Biology'}, teacher=Teacher{id=7, firstName='Charlie', lastName='Byrne', faculty=Faculty{id=1, facultyName='Changed faculty name'}}}, Lesson{id=205, date=2021-02-08, startTime=16:40, endTime=18:20, classroom=Classroom{id=10, roomName='B-5', roomType='Laboratory', roomCapacity=10, building=Building{id=2, buildingName='B'}}, course=Course{id=6, courseName='Biology'}, teacher=Teacher{id=7, firstName='Charlie', lastName='Byrne', faculty=Faculty{id=1, facultyName='Changed faculty name'}}}, Lesson{id=206, date=2021-02-08, startTime=09:20, endTime=11:00, classroom=Classroom{id=14, roomName='C-4', roomType='Lecture', roomCapacity=50, building=Building{id=3, buildingName='C'}}, course=Course{id=8, courseName='Mathematics'}, teacher=Teacher{id=10, firstName='Joshua', lastName='Eve', faculty=Faculty{id=2, facultyName='Technical Sciences Faculty'}}}, Lesson{id=207, date=2021-02-08, startTime=11:10, endTime=12:50, classroom=Classroom{id=14, roomName='C-4', roomType='Lecture', roomCapacity=50, building=Building{id=3, buildingName='C'}}, course=Course{id=8, courseName='Mathematics'}, teacher=Teacher{id=10, firstName='Joshua', lastName='Eve', faculty=Faculty{id=2, facultyName='Technical Sciences Faculty'}}}, Lesson{id=208, date=2021-02-08, startTime=13:00, endTime=14:40, classroom=Classroom{id=11, roomName='C-1', roomType='Class', roomCapacity=30, building=Building{id=3, buildingName='C'}}, course=Course{id=8, courseName='Mathematics'}, teacher=Teacher{id=10, firstName='Joshua', lastName='Eve', faculty=Faculty{id=2, facultyName='Technical Sciences Faculty'}}}, Lesson{id=209, date=2021-02-08, startTime=14:50, endTime=16:30, classroom=Classroom{id=13, roomName='C-3', roomType='Class', roomCapacity=30, building=Building{id=3, buildingName='C'}}, course=Course{id=8, courseName='Mathematics'}, teacher=Teacher{id=10, firstName='Joshua', lastName='Eve', faculty=Faculty{id=2, facultyName='Technical Sciences Faculty'}}}, Lesson{id=210, date=2021-02-08, startTime=16:40, endTime=18:20, classroom=Classroom{id=15, roomName='C-5', roomType='Laboratory', roomCapacity=10, building=Building{id=3, buildingName='C'}}, course=Course{id=8, courseName='Mathematics'}, teacher=Teacher{id=10, firstName='Joshua', lastName='Eve', faculty=Faculty{id=2, facultyName='Technical Sciences Faculty'}}}, Lesson{id=211, date=2021-02-09, startTime=09:20, endTime=11:00, classroom=Classroom{id=4, roomName='A-4', roomType='Lecture', roomCapacity=50, building=Building{id=1, buildingName='Changed name'}}, course=Course{id=2, courseName='Philosophy'}, teacher=Teacher{id=2, firstName='Stanley', lastName='Gruber', faculty=Faculty{id=3, facultyName='Faculty of Arts'}}}, Lesson{id=212, date=2021-02-09, startTime=11:10, endTime=12:50, classroom=Classroom{id=1, roomName='A-1', roomType='Class', roomCapacity=30, building=Building{id=1, buildingName='Changed name'}}, course=Course{id=2, courseName='Philosophy'}, teacher=Teacher{id=2, firstName='Stanley', lastName='Gruber', faculty=Faculty{id=3, facultyName='Faculty of Arts'}}}, Lesson{id=213, date=2021-02-09, startTime=13:00, endTime=14:40, classroom=Classroom{id=2, roomName='A-2', roomType='Class', roomCapacity=30, building=Building{id=1, buildingName='Changed name'}}, course=Course{id=3, courseName='Name'}, teacher=Teacher{id=3, firstName='Freya', lastName='Shepp', faculty=Faculty{id=3, facultyName='Faculty of Arts'}}}, Lesson{id=214, date=2021-02-09, startTime=14:50, endTime=16:30, classroom=Classroom{id=3, roomName='A-3', roomType='Class', roomCapacity=30, building=Building{id=1, buildingName='Changed name'}}, course=Course{id=3, courseName='Name'}, teacher=Teacher{id=3, firstName='Freya', lastName='Shepp', faculty=Faculty{id=3, facultyName='Faculty of Arts'}}}, Lesson{id=215, date=2021-02-09, startTime=16:40, endTime=18:20, classroom=Classroom{id=4, roomName='A-4', roomType='Lecture', roomCapacity=50, building=Building{id=1, buildingName='Changed name'}}, course=Course{id=4, courseName='Political science'}, teacher=Teacher{id=4, firstName='Olivia', lastName='Blake', faculty=Faculty{id=3, facultyName='Faculty of Arts'}}}, Lesson{id=216, date=2021-02-09, startTime=09:20, endTime=11:00, classroom=Classroom{id=9, roomName='New name', roomType='Lecture', roomCapacity=50, building=Building{id=2, buildingName='B'}}, course=Course{id=7, courseName='Chemistry'}, teacher=Teacher{id=8, firstName='Samuel', lastName='Travis', faculty=Faculty{id=1, facultyName='Changed faculty name'}}}, Lesson{id=217, date=2021-02-09, startTime=11:10, endTime=12:50, classroom=Classroom{id=9, roomName='New name', roomType='Lecture', roomCapacity=50, building=Building{id=2, buildingName='B'}}, course=Course{id=7, courseName='Chemistry'}, teacher=Teacher{id=8, firstName='Samuel', lastName='Travis', faculty=Faculty{id=1, facultyName='Changed faculty name'}}}, Lesson{id=218, date=2021-02-09, startTime=13:00, endTime=14:40, classroom=Classroom{id=6, roomName='B-1', roomType='Class', roomCapacity=30, building=Building{id=2, buildingName='B'}}, course=Course{id=7, courseName='Chemistry'}, teacher=Teacher{id=9, firstName='Albert', lastName='Hill', faculty=Faculty{id=1, facultyName='Changed faculty name'}}}, Lesson{id=219, date=2021-02-09, startTime=14:50, endTime=16:30, classroom=Classroom{id=7, roomName='B-2', roomType='Class', roomCapacity=30, building=Building{id=2, buildingName='B'}}, course=Course{id=7, courseName='Chemistry'}, teacher=Teacher{id=9, firstName='Albert', lastName='Hill', faculty=Faculty{id=1, facultyName='Changed faculty name'}}}, Lesson{id=220, date=2021-02-09, startTime=16:40, endTime=18:20, classroom=Classroom{id=10, roomName='B-5', roomType='Laboratory', roomCapacity=10, building=Building{id=2, buildingName='B'}}, course=Course{id=7, courseName='Chemistry'}, teacher=Teacher{id=9, firstName='Albert', lastName='Hill', faculty=Faculty{id=1, facultyName='Changed faculty name'}}}, Lesson{id=221, date=2021-02-09, startTime=09:20, endTime=11:00, classroom=Classroom{id=14, roomName='C-4', roomType='Lecture', roomCapacity=50, building=Building{id=3, buildingName='C'}}, course=Course{id=9, courseName='Physics'}, teacher=Teacher{id=11, firstName='Sophia', lastName='Roos', faculty=Faculty{id=2, facultyName='Technical Sciences Faculty'}}}, Lesson{id=222, date=2021-02-09, startTime=11:10, endTime=12:50, classroom=Classroom{id=14, roomName='C-4', roomType='Lecture', roomCapacity=50, building=Building{id=3, buildingName='C'}}, course=Course{id=9, courseName='Physics'}, teacher=Teacher{id=11, firstName='Sophia', lastName='Roos', faculty=Faculty{id=2, facultyName='Technical Sciences Faculty'}}}, Lesson{id=223, date=2021-02-09, startTime=13:00, endTime=14:40, classroom=Classroom{id=11, roomName='C-1', roomType='Class', roomCapacity=30, building=Building{id=3, buildingName='C'}}, course=Course{id=9, courseName='Physics'}, teacher=Teacher{id=11, firstName='Sophia', lastName='Roos', faculty=Faculty{id=2, facultyName='Technical Sciences Faculty'}}}, Lesson{id=224, date=2021-02-09, startTime=14:50, endTime=16:30, classroom=Classroom{id=13, roomName='C-3', roomType='Class', roomCapacity=30, building=Building{id=3, buildingName='C'}}, course=Course{id=9, courseName='Physics'}, teacher=Teacher{id=11, firstName='Sophia', lastName='Roos', faculty=Faculty{id=2, facultyName='Technical Sciences Faculty'}}}, Lesson{id=225, date=2021-02-09, startTime=16:40, endTime=18:20, classroom=Classroom{id=15, roomName='C-5', roomType='Laboratory', roomCapacity=10, building=Building{id=3, buildingName='C'}}, course=Course{id=9, courseName='Physics'}, teacher=Teacher{id=11, firstName='Sophia', lastName='Roos', faculty=Faculty{id=2, facultyName='Technical Sciences Faculty'}}}, Lesson{id=226, date=2021-02-10, startTime=09:20, endTime=11:00, classroom=Classroom{id=4, roomName='A-4', roomType='Lecture', roomCapacity=50, building=Building{id=1, buildingName='Changed name'}}, course=Course{id=3, courseName='Name'}, teacher=Teacher{id=3, firstName='Freya', lastName='Shepp', faculty=Faculty{id=3, facultyName='Faculty of Arts'}}}, Lesson{id=227, date=2021-02-10, startTime=11:10, endTime=12:50, classroom=Classroom{id=1, roomName='A-1', roomType='Class', roomCapacity=30, building=Building{id=1, buildingName='Changed name'}}, course=Course{id=3, courseName='Name'}, teacher=Teacher{id=3, firstName='Freya', lastName='Shepp', faculty=Faculty{id=3, facultyName='Faculty of Arts'}}}, Lesson{id=228, date=2021-02-10, startTime=13:00, endTime=14:40, classroom=Classroom{id=2, roomName='A-2', roomType='Class', roomCapacity=30, building=Building{id=1, buildingName='Changed name'}}, course=Course{id=4, courseName='Political science'}, teacher=Teacher{id=4, firstName='Olivia', lastName='Blake', faculty=Faculty{id=3, facultyName='Faculty of Arts'}}}, Lesson{id=229, date=2021-02-10, startTime=14:50, endTime=16:30, classroom=Classroom{id=3, roomName='A-3', roomType='Class', roomCapacity=30, building=Building{id=1, buildingName='Changed name'}}, course=Course{id=4, courseName='Political science'}, teacher=Teacher{id=4, firstName='Olivia', lastName='Blake', faculty=Faculty{id=3, facultyName='Faculty of Arts'}}}, Lesson{id=230, date=2021-02-10, startTime=16:40, endTime=18:20, classroom=Classroom{id=4, roomName='A-4', roomType='Lecture', roomCapacity=50, building=Building{id=1, buildingName='Changed name'}}, course=Course{id=5, courseName='Culture'}, teacher=Teacher{id=5, firstName='Scarlett', lastName='Nimoy', faculty=Faculty{id=3, facultyName='Faculty of Arts'}}}, Lesson{id=231, date=2021-02-10, startTime=09:20, endTime=11:00, classroom=Classroom{id=9, roomName='New name', roomType='Lecture', roomCapacity=50, building=Building{id=2, buildingName='B'}}, course=Course{id=6, courseName='Biology'}, teacher=Teacher{id=6, firstName='Ellie', lastName='Purh', faculty=Faculty{id=1, facultyName='Changed faculty name'}}}, Lesson{id=232, date=2021-02-10, startTime=11:10, endTime=12:50, classroom=Classroom{id=9, roomName='New name', roomType='Lecture', roomCapacity=50, building=Building{id=2, buildingName='B'}}, course=Course{id=6, courseName='Biology'}, teacher=Teacher{id=6, firstName='Ellie', lastName='Purh', faculty=Faculty{id=1, facultyName='Changed faculty name'}}}, Lesson{id=233, date=2021-02-10, startTime=13:00, endTime=14:40, classroom=Classroom{id=6, roomName='B-1', roomType='Class', roomCapacity=30, building=Building{id=2, buildingName='B'}}, course=Course{id=6, courseName='Biology'}, teacher=Teacher{id=7, firstName='Charlie', lastName='Byrne', faculty=Faculty{id=1, facultyName='Changed faculty name'}}}, Lesson{id=234, date=2021-02-10, startTime=14:50, endTime=16:30, classroom=Classroom{id=7, roomName='B-2', roomType='Class', roomCapacity=30, building=Building{id=2, buildingName='B'}}, course=Course{id=6, courseName='Biology'}, teacher=Teacher{id=7, firstName='Charlie', lastName='Byrne', faculty=Faculty{id=1, facultyName='Changed faculty name'}}}, Lesson{id=235, date=2021-02-10, startTime=16:40, endTime=18:20, classroom=Classroom{id=10, roomName='B-5', roomType='Laboratory', roomCapacity=10, building=Building{id=2, buildingName='B'}}, course=Course{id=6, courseName='Biology'}, teacher=Teacher{id=7, firstName='Charlie', lastName='Byrne', faculty=Faculty{id=1, facultyName='Changed faculty name'}}}, Lesson{id=236, date=2021-02-10, startTime=09:20, endTime=11:00, classroom=Classroom{id=14, roomName='C-4', roomType='Lecture', roomCapacity=50, building=Building{id=3, buildingName='C'}}, course=Course{id=10, courseName='Geometry'}, teacher=Teacher{id=12, firstName='Mia', lastName='Brown', faculty=Faculty{id=2, facultyName='Technical Sciences Faculty'}}}, Lesson{id=237, date=2021-02-10, startTime=11:10, endTime=12:50, classroom=Classroom{id=14, roomName='C-4', roomType='Lecture', roomCapacity=50, building=Building{id=3, buildingName='C'}}, course=Course{id=10, courseName='Geometry'}, teacher=Teacher{id=12, firstName='Mia', lastName='Brown', faculty=Faculty{id=2, facultyName='Technical Sciences Faculty'}}}, Lesson{id=238, date=2021-02-10, startTime=13:00, endTime=14:40, classroom=Classroom{id=11, roomName='C-1', roomType='Class', roomCapacity=30, building=Building{id=3, buildingName='C'}}, course=Course{id=10, courseName='Geometry'}, teacher=Teacher{id=12, firstName='Mia', lastName='Brown', faculty=Faculty{id=2, facultyName='Technical Sciences Faculty'}}}, Lesson{id=239, date=2021-02-10, startTime=14:50, endTime=16:30, classroom=Classroom{id=13, roomName='C-3', roomType='Class', roomCapacity=30, building=Building{id=3, buildingName='C'}}, course=Course{id=10, courseName='Geometry'}, teacher=Teacher{id=12, firstName='Mia', lastName='Brown', faculty=Faculty{id=2, facultyName='Technical Sciences Faculty'}}}, Lesson{id=240, date=2021-02-10, startTime=16:40, endTime=18:20, classroom=Classroom{id=15, roomName='C-5', roomType='Laboratory', roomCapacity=10, building=Building{id=3, buildingName='C'}}, course=Course{id=10, courseName='Geometry'}, teacher=Teacher{id=12, firstName='Mia', lastName='Brown', faculty=Faculty{id=2, facultyName='Technical Sciences Faculty'}}}, Lesson{id=241, date=2021-02-11, startTime=09:20, endTime=11:00, classroom=Classroom{id=4, roomName='A-4', roomType='Lecture', roomCapacity=50, building=Building{id=1, buildingName='Changed name'}}, course=Course{id=4, courseName='Political science'}, teacher=Teacher{id=4, firstName='Olivia', lastName='Blake', faculty=Faculty{id=3, facultyName='Faculty of Arts'}}}, Lesson{id=242, date=2021-02-11, startTime=11:10, endTime=12:50, classroom=Classroom{id=1, roomName='A-1', roomType='Class', roomCapacity=30, building=Building{id=1, buildingName='Changed name'}}, course=Course{id=4, courseName='Political science'}, teacher=Teacher{id=4, firstName='Olivia', lastName='Blake', faculty=Faculty{id=3, facultyName='Faculty of Arts'}}}, Lesson{id=243, date=2021-02-11, startTime=13:00, endTime=14:40, classroom=Classroom{id=2, roomName='A-2', roomType='Class', roomCapacity=30, building=Building{id=1, buildingName='Changed name'}}, course=Course{id=5, courseName='Culture'}, teacher=Teacher{id=5, firstName='Scarlett', lastName='Nimoy', faculty=Faculty{id=3, facultyName='Faculty of Arts'}}}, Lesson{id=244, date=2021-02-11, startTime=14:50, endTime=16:30, classroom=Classroom{id=3, roomName='A-3', roomType='Class', roomCapacity=30, building=Building{id=1, buildingName='Changed name'}}, course=Course{id=5, courseName='Culture'}, teacher=Teacher{id=5, firstName='Scarlett', lastName='Nimoy', faculty=Faculty{id=3, facultyName='Faculty of Arts'}}}, Lesson{id=245, date=2021-02-11, startTime=16:40, endTime=18:20, classroom=Classroom{id=4, roomName='A-4', roomType='Lecture', roomCapacity=50, building=Building{id=1, buildingName='Changed name'}}, course=Course{id=1, courseName='History'}, teacher=Teacher{id=1, firstName='Albert', lastName='Sykes', faculty=Faculty{id=3, facultyName='Faculty of Arts'}}}, Lesson{id=246, date=2021-02-11, startTime=09:20, endTime=11:00, classroom=Classroom{id=9, roomName='New name', roomType='Lecture', roomCapacity=50, building=Building{id=2, buildingName='B'}}, course=Course{id=7, courseName='Chemistry'}, teacher=Teacher{id=8, firstName='Samuel', lastName='Travis', faculty=Faculty{id=1, facultyName='Changed faculty name'}}}, Lesson{id=247, date=2021-02-11, startTime=11:10, endTime=12:50, classroom=Classroom{id=9, roomName='New name', roomType='Lecture', roomCapacity=50, building=Building{id=2, buildingName='B'}}, course=Course{id=7, courseName='Chemistry'}, teacher=Teacher{id=8, firstName='Samuel', lastName='Travis', faculty=Faculty{id=1, facultyName='Changed faculty name'}}}, Lesson{id=248, date=2021-02-11, startTime=13:00, endTime=14:40, classroom=Classroom{id=6, roomName='B-1', roomType='Class', roomCapacity=30, building=Building{id=2, buildingName='B'}}, course=Course{id=7, courseName='Chemistry'}, teacher=Teacher{id=9, firstName='Albert', lastName='Hill', faculty=Faculty{id=1, facultyName='Changed faculty name'}}}, Lesson{id=249, date=2021-02-11, startTime=14:50, endTime=16:30, classroom=Classroom{id=7, roomName='B-2', roomType='Class', roomCapacity=30, building=Building{id=2, buildingName='B'}}, course=Course{id=7, courseName='Chemistry'}, teacher=Teacher{id=9, firstName='Albert', lastName='Hill', faculty=Faculty{id=1, facultyName='Changed faculty name'}}}, Lesson{id=250, date=2021-02-11, startTime=16:40, endTime=18:20, classroom=Classroom{id=10, roomName='B-5', roomType='Laboratory', roomCapacity=10, building=Building{id=2, buildingName='B'}}, course=Course{id=7, courseName='Chemistry'}, teacher=Teacher{id=9, firstName='Albert', lastName='Hill', faculty=Faculty{id=1, facultyName='Changed faculty name'}}}, Lesson{id=251, date=2021-02-11, startTime=09:20, endTime=11:00, classroom=Classroom{id=14, roomName='C-4', roomType='Lecture', roomCapacity=50, building=Building{id=3, buildingName='C'}}, course=Course{id=8, courseName='Mathematics'}, teacher=Teacher{id=10, firstName='Joshua', lastName='Eve', faculty=Faculty{id=2, facultyName='Technical Sciences Faculty'}}}, Lesson{id=252, date=2021-02-11, startTime=11:10, endTime=12:50, classroom=Classroom{id=14, roomName='C-4', roomType='Lecture', roomCapacity=50, building=Building{id=3, buildingName='C'}}, course=Course{id=8, courseName='Mathematics'}, teacher=Teacher{id=10, firstName='Joshua', lastName='Eve', faculty=Faculty{id=2, facultyName='Technical Sciences Faculty'}}}, Lesson{id=253, date=2021-02-11, startTime=13:00, endTime=14:40, classroom=Classroom{id=12, roomName='C-2', roomType='Class', roomCapacity=30, building=Building{id=3, buildingName='C'}}, course=Course{id=9, courseName='Physics'}, teacher=Teacher{id=11, firstName='Sophia', lastName='Roos', faculty=Faculty{id=2, facultyName='Technical Sciences Faculty'}}}, Lesson{id=254, date=2021-02-11, startTime=14:50, endTime=16:30, classroom=Classroom{id=12, roomName='C-2', roomType='Class', roomCapacity=30, building=Building{id=3, buildingName='C'}}, course=Course{id=10, courseName='Geometry'}, teacher=Teacher{id=12, firstName='Mia', lastName='Brown', faculty=Faculty{id=2, facultyName='Technical Sciences Faculty'}}}, Lesson{id=255, date=2021-02-11, startTime=16:40, endTime=18:20, classroom=Classroom{id=15, roomName='C-5', roomType='Laboratory', roomCapacity=10, building=Building{id=3, buildingName='C'}}, course=Course{id=8, courseName='Mathematics'}, teacher=Teacher{id=10, firstName='Joshua', lastName='Eve', faculty=Faculty{id=2, facultyName='Technical Sciences Faculty'}}}, Lesson{id=256, date=2021-02-12, startTime=09:20, endTime=11:00, classroom=Classroom{id=4, roomName='A-4', roomType='Lecture', roomCapacity=50, building=Building{id=1, buildingName='Changed name'}}, course=Course{id=5, courseName='Culture'}, teacher=Teacher{id=5, firstName='Scarlett', lastName='Nimoy', faculty=Faculty{id=3, facultyName='Faculty of Arts'}}}, Lesson{id=257, date=2021-02-12, startTime=11:10, endTime=12:50, classroom=Classroom{id=1, roomName='A-1', roomType='Class', roomCapacity=30, building=Building{id=1, buildingName='Changed name'}}, course=Course{id=5, courseName='Culture'}, teacher=Teacher{id=5, firstName='Scarlett', lastName='Nimoy', faculty=Faculty{id=3, facultyName='Faculty of Arts'}}}, Lesson{id=258, date=2021-02-12, startTime=13:00, endTime=14:40, classroom=Classroom{id=2, roomName='A-2', roomType='Class', roomCapacity=30, building=Building{id=1, buildingName='Changed name'}}, course=Course{id=1, courseName='History'}, teacher=Teacher{id=1, firstName='Albert', lastName='Sykes', faculty=Faculty{id=3, facultyName='Faculty of Arts'}}}, Lesson{id=259, date=2021-02-12, startTime=14:50, endTime=16:30, classroom=Classroom{id=3, roomName='A-3', roomType='Class', roomCapacity=30, building=Building{id=1, buildingName='Changed name'}}, course=Course{id=1, courseName='History'}, teacher=Teacher{id=1, firstName='Albert', lastName='Sykes', faculty=Faculty{id=3, facultyName='Faculty of Arts'}}}, Lesson{id=260, date=2021-02-12, startTime=16:40, endTime=18:20, classroom=Classroom{id=4, roomName='A-4', roomType='Lecture', roomCapacity=50, building=Building{id=1, buildingName='Changed name'}}, course=Course{id=2, courseName='Philosophy'}, teacher=Teacher{id=2, firstName='Stanley', lastName='Gruber', faculty=Faculty{id=3, facultyName='Faculty of Arts'}}}, Lesson{id=261, date=2021-02-12, startTime=09:20, endTime=11:00, classroom=Classroom{id=9, roomName='New name', roomType='Lecture', roomCapacity=50, building=Building{id=2, buildingName='B'}}, course=Course{id=6, courseName='Biology'}, teacher=Teacher{id=6, firstName='Ellie', lastName='Purh', faculty=Faculty{id=1, facultyName='Changed faculty name'}}}, Lesson{id=262, date=2021-02-12, startTime=11:10, endTime=12:50, classroom=Classroom{id=9, roomName='New name', roomType='Lecture', roomCapacity=50, building=Building{id=2, buildingName='B'}}, course=Course{id=6, courseName='Biology'}, teacher=Teacher{id=6, firstName='Ellie', lastName='Purh', faculty=Faculty{id=1, facultyName='Changed faculty name'}}}, Lesson{id=263, date=2021-02-12, startTime=13:00, endTime=14:40, classroom=Classroom{id=6, roomName='B-1', roomType='Class', roomCapacity=30, building=Building{id=2, buildingName='B'}}, course=Course{id=6, courseName='Biology'}, teacher=Teacher{id=7, firstName='Charlie', lastName='Byrne', faculty=Faculty{id=1, facultyName='Changed faculty name'}}}, Lesson{id=264, date=2021-02-12, startTime=14:50, endTime=16:30, classroom=Classroom{id=7, roomName='B-2', roomType='Class', roomCapacity=30, building=Building{id=2, buildingName='B'}}, course=Course{id=6, courseName='Biology'}, teacher=Teacher{id=7, firstName='Charlie', lastName='Byrne', faculty=Faculty{id=1, facultyName='Changed faculty name'}}}, Lesson{id=265, date=2021-02-12, startTime=16:40, endTime=18:20, classroom=Classroom{id=10, roomName='B-5', roomType='Laboratory', roomCapacity=10, building=Building{id=2, buildingName='B'}}, course=Course{id=6, courseName='Biology'}, teacher=Teacher{id=7, firstName='Charlie', lastName='Byrne', faculty=Faculty{id=1, facultyName='Changed faculty name'}}}, Lesson{id=266, date=2021-02-12, startTime=09:20, endTime=11:00, classroom=Classroom{id=14, roomName='C-4', roomType='Lecture', roomCapacity=50, building=Building{id=3, buildingName='C'}}, course=Course{id=9, courseName='Physics'}, teacher=Teacher{id=11, firstName='Sophia', lastName='Roos', faculty=Faculty{id=2, facultyName='Technical Sciences Faculty'}}}, Lesson{id=267, date=2021-02-12, startTime=11:10, endTime=12:50, classroom=Classroom{id=14, roomName='C-4', roomType='Lecture', roomCapacity=50, building=Building{id=3, buildingName='C'}}, course=Course{id=10, courseName='Geometry'}, teacher=Teacher{id=12, firstName='Mia', lastName='Brown', faculty=Faculty{id=2, facultyName='Technical Sciences Faculty'}}}, Lesson{id=268, date=2021-02-12, startTime=13:00, endTime=14:40, classroom=Classroom{id=13, roomName='C-3', roomType='Class', roomCapacity=30, building=Building{id=3, buildingName='C'}}, course=Course{id=8, courseName='Mathematics'}, teacher=Teacher{id=10, firstName='Joshua', lastName='Eve', faculty=Faculty{id=2, facultyName='Technical Sciences Faculty'}}}, Lesson{id=269, date=2021-02-12, startTime=14:50, endTime=16:30, classroom=Classroom{id=15, roomName='C-5', roomType='Laboratory', roomCapacity=10, building=Building{id=3, buildingName='C'}}, course=Course{id=9, courseName='Physics'}, teacher=Teacher{id=11, firstName='Sophia', lastName='Roos', faculty=Faculty{id=2, facultyName='Technical Sciences Faculty'}}}, Lesson{id=270, date=2021-02-12, startTime=16:40, endTime=18:20, classroom=Classroom{id=15, roomName='C-5', roomType='Laboratory', roomCapacity=10, building=Building{id=3, buildingName='C'}}, course=Course{id=10, courseName='Geometry'}, teacher=Teacher{id=12, firstName='Mia', lastName='Brown', faculty=Faculty{id=2, facultyName='Technical Sciences Faculty'}}}, Lesson{id=271, date=2021-02-15, startTime=09:20, endTime=11:00, classroom=Classroom{id=4, roomName='A-4', roomType='Lecture', roomCapacity=50, building=Building{id=1, buildingName='Changed name'}}, course=Course{id=1, courseName='History'}, teacher=Teacher{id=1, firstName='Albert', lastName='Sykes', faculty=Faculty{id=3, facultyName='Faculty of Arts'}}}, Lesson{id=272, date=2021-02-15, startTime=11:10, endTime=12:50, classroom=Classroom{id=1, roomName='A-1', roomType='Class', roomCapacity=30, building=Building{id=1, buildingName='Changed name'}}, course=Course{id=1, courseName='History'}, teacher=Teacher{id=1, firstName='Albert', lastName='Sykes', faculty=Faculty{id=3, facultyName='Faculty of Arts'}}}, Lesson{id=273, date=2021-02-15, startTime=13:00, endTime=14:40, classroom=Classroom{id=2, roomName='A-2', roomType='Class', roomCapacity=30, building=Building{id=1, buildingName='Changed name'}}, course=Course{id=2, courseName='Philosophy'}, teacher=Teacher{id=2, firstName='Stanley', lastName='Gruber', faculty=Faculty{id=3, facultyName='Faculty of Arts'}}}, Lesson{id=274, date=2021-02-15, startTime=14:50, endTime=16:30, classroom=Classroom{id=3, roomName='A-3', roomType='Class', roomCapacity=30, building=Building{id=1, buildingName='Changed name'}}, course=Course{id=2, courseName='Philosophy'}, teacher=Teacher{id=2, firstName='Stanley', lastName='Gruber', faculty=Faculty{id=3, facultyName='Faculty of Arts'}}}, Lesson{id=275, date=2021-02-15, startTime=16:40, endTime=18:20, classroom=Classroom{id=4, roomName='A-4', roomType='Lecture', roomCapacity=50, building=Building{id=1, buildingName='Changed name'}}, course=Course{id=3, courseName='Name'}, teacher=Teacher{id=3, firstName='Freya', lastName='Shepp', faculty=Faculty{id=3, facultyName='Faculty of Arts'}}}, Lesson{id=276, date=2021-02-15, startTime=09:20, endTime=11:00, classroom=Classroom{id=9, roomName='New name', roomType='Lecture', roomCapacity=50, building=Building{id=2, buildingName='B'}}, course=Course{id=6, courseName='Biology'}, teacher=Teacher{id=6, firstName='Ellie', lastName='Purh', faculty=Faculty{id=1, facultyName='Changed faculty name'}}}, Lesson{id=277, date=2021-02-15, startTime=11:10, endTime=12:50, classroom=Classroom{id=9, roomName='New name', roomType='Lecture', roomCapacity=50, building=Building{id=2, buildingName='B'}}, course=Course{id=6, courseName='Biology'}, teacher=Teacher{id=6, firstName='Ellie', lastName='Purh', faculty=Faculty{id=1, facultyName='Changed faculty name'}}}, Lesson{id=278, date=2021-02-15, startTime=13:00, endTime=14:40, classroom=Classroom{id=6, roomName='B-1', roomType='Class', roomCapacity=30, building=Building{id=2, buildingName='B'}}, course=Course{id=6, courseName='Biology'}, teacher=Teacher{id=7, firstName='Charlie', lastName='Byrne', faculty=Faculty{id=1, facultyName='Changed faculty name'}}}, Lesson{id=279, date=2021-02-15, startTime=14:50, endTime=16:30, classroom=Classroom{id=7, roomName='B-2', roomType='Class', roomCapacity=30, building=Building{id=2, buildingName='B'}}, course=Course{id=6, courseName='Biology'}, teacher=Teacher{id=7, firstName='Charlie', lastName='Byrne', faculty=Faculty{id=1, facultyName='Changed faculty name'}}}, Lesson{id=280, date=2021-02-15, startTime=16:40, endTime=18:20, classroom=Classroom{id=10, roomName='B-5', roomType='Laboratory', roomCapacity=10, building=Building{id=2, buildingName='B'}}, course=Course{id=6, courseName='Biology'}, teacher=Teacher{id=7, firstName='Charlie', lastName='Byrne', faculty=Faculty{id=1, facultyName='Changed faculty name'}}}, Lesson{id=281, date=2021-02-15, startTime=09:20, endTime=11:00, classroom=Classroom{id=14, roomName='C-4', roomType='Lecture', roomCapacity=50, building=Building{id=3, buildingName='C'}}, course=Course{id=8, courseName='Mathematics'}, teacher=Teacher{id=10, firstName='Joshua', lastName='Eve', faculty=Faculty{id=2, facultyName='Technical Sciences Faculty'}}}, Lesson{id=282, date=2021-02-15, startTime=11:10, endTime=12:50, classroom=Classroom{id=14, roomName='C-4', roomType='Lecture', roomCapacity=50, building=Building{id=3, buildingName='C'}}, course=Course{id=8, courseName='Mathematics'}, teacher=Teacher{id=10, firstName='Joshua', lastName='Eve', faculty=Faculty{id=2, facultyName='Technical Sciences Faculty'}}}, Lesson{id=283, date=2021-02-15, startTime=13:00, endTime=14:40, classroom=Classroom{id=11, roomName='C-1', roomType='Class', roomCapacity=30, building=Building{id=3, buildingName='C'}}, course=Course{id=8, courseName='Mathematics'}, teacher=Teacher{id=10, firstName='Joshua', lastName='Eve', faculty=Faculty{id=2, facultyName='Technical Sciences Faculty'}}}, Lesson{id=284, date=2021-02-15, startTime=14:50, endTime=16:30, classroom=Classroom{id=13, roomName='C-3', roomType='Class', roomCapacity=30, building=Building{id=3, buildingName='C'}}, course=Course{id=8, courseName='Mathematics'}, teacher=Teacher{id=10, firstName='Joshua', lastName='Eve', faculty=Faculty{id=2, facultyName='Technical Sciences Faculty'}}}, Lesson{id=285, date=2021-02-15, startTime=16:40, endTime=18:20, classroom=Classroom{id=15, roomName='C-5', roomType='Laboratory', roomCapacity=10, building=Building{id=3, buildingName='C'}}, course=Course{id=8, courseName='Mathematics'}, teacher=Teacher{id=10, firstName='Joshua', lastName='Eve', faculty=Faculty{id=2, facultyName='Technical Sciences Faculty'}}}, Lesson{id=286, date=2021-02-16, startTime=09:20, endTime=11:00, classroom=Classroom{id=4, roomName='A-4', roomType='Lecture', roomCapacity=50, building=Building{id=1, buildingName='Changed name'}}, course=Course{id=2, courseName='Philosophy'}, teacher=Teacher{id=2, firstName='Stanley', lastName='Gruber', faculty=Faculty{id=3, facultyName='Faculty of Arts'}}}, Lesson{id=287, date=2021-02-16, startTime=11:10, endTime=12:50, classroom=Classroom{id=1, roomName='A-1', roomType='Class', roomCapacity=30, building=Building{id=1, buildingName='Changed name'}}, course=Course{id=2, courseName='Philosophy'}, teacher=Teacher{id=2, firstName='Stanley', lastName='Gruber', faculty=Faculty{id=3, facultyName='Faculty of Arts'}}}, Lesson{id=288, date=2021-02-16, startTime=13:00, endTime=14:40, classroom=Classroom{id=2, roomName='A-2', roomType='Class', roomCapacity=30, building=Building{id=1, buildingName='Changed name'}}, course=Course{id=3, courseName='Name'}, teacher=Teacher{id=3, firstName='Freya', lastName='Shepp', faculty=Faculty{id=3, facultyName='Faculty of Arts'}}}, Lesson{id=289, date=2021-02-16, startTime=14:50, endTime=16:30, classroom=Classroom{id=3, roomName='A-3', roomType='Class', roomCapacity=30, building=Building{id=1, buildingName='Changed name'}}, course=Course{id=3, courseName='Name'}, teacher=Teacher{id=3, firstName='Freya', lastName='Shepp', faculty=Faculty{id=3, facultyName='Faculty of Arts'}}}, Lesson{id=290, date=2021-02-16, startTime=16:40, endTime=18:20, classroom=Classroom{id=4, roomName='A-4', roomType='Lecture', roomCapacity=50, building=Building{id=1, buildingName='Changed name'}}, course=Course{id=4, courseName='Political science'}, teacher=Teacher{id=4, firstName='Olivia', lastName='Blake', faculty=Faculty{id=3, facultyName='Faculty of Arts'}}}, Lesson{id=291, date=2021-02-16, startTime=09:20, endTime=11:00, classroom=Classroom{id=9, roomName='New name', roomType='Lecture', roomCapacity=50, building=Building{id=2, buildingName='B'}}, course=Course{id=7, courseName='Chemistry'}, teacher=Teacher{id=8, firstName='Samuel', lastName='Travis', faculty=Faculty{id=1, facultyName='Changed faculty name'}}}, Lesson{id=292, date=2021-02-16, startTime=11:10, endTime=12:50, classroom=Classroom{id=9, roomName='New name', roomType='Lecture', roomCapacity=50, building=Building{id=2, buildingName='B'}}, course=Course{id=7, courseName='Chemistry'}, teacher=Teacher{id=8, firstName='Samuel', lastName='Travis', faculty=Faculty{id=1, facultyName='Changed faculty name'}}}, Lesson{id=293, date=2021-02-16, startTime=13:00, endTime=14:40, classroom=Classroom{id=6, roomName='B-1', roomType='Class', roomCapacity=30, building=Building{id=2, buildingName='B'}}, course=Course{id=7, courseName='Chemistry'}, teacher=Teacher{id=9, firstName='Albert', lastName='Hill', faculty=Faculty{id=1, facultyName='Changed faculty name'}}}, Lesson{id=294, date=2021-02-16, startTime=14:50, endTime=16:30, classroom=Classroom{id=7, roomName='B-2', roomType='Class', roomCapacity=30, building=Building{id=2, buildingName='B'}}, course=Course{id=7, courseName='Chemistry'}, teacher=Teacher{id=9, firstName='Albert', lastName='Hill', faculty=Faculty{id=1, facultyName='Changed faculty name'}}}, Lesson{id=295, date=2021-02-16, startTime=16:40, endTime=18:20, classroom=Classroom{id=10, roomName='B-5', roomType='Laboratory', roomCapacity=10, building=Building{id=2, buildingName='B'}}, course=Course{id=7, courseName='Chemistry'}, teacher=Teacher{id=9, firstName='Albert', lastName='Hill', faculty=Faculty{id=1, facultyName='Changed faculty name'}}}, Lesson{id=296, date=2021-02-16, startTime=09:20, endTime=11:00, classroom=Classroom{id=14, roomName='C-4', roomType='Lecture', roomCapacity=50, building=Building{id=3, buildingName='C'}}, course=Course{id=9, courseName='Physics'}, teacher=Teacher{id=11, firstName='Sophia', lastName='Roos', faculty=Faculty{id=2, facultyName='Technical Sciences Faculty'}}}, Lesson{id=297, date=2021-02-16, startTime=11:10, endTime=12:50, classroom=Classroom{id=14, roomName='C-4', roomType='Lecture', roomCapacity=50, building=Building{id=3, buildingName='C'}}, course=Course{id=9, courseName='Physics'}, teacher=Teacher{id=11, firstName='Sophia', lastName='Roos', faculty=Faculty{id=2, facultyName='Technical Sciences Faculty'}}}, Lesson{id=298, date=2021-02-16, startTime=13:00, endTime=14:40, classroom=Classroom{id=11, roomName='C-1', roomType='Class', roomCapacity=30, building=Building{id=3, buildingName='C'}}, course=Course{id=9, courseName='Physics'}, teacher=Teacher{id=11, firstName='Sophia', lastName='Roos', faculty=Faculty{id=2, facultyName='Technical Sciences Faculty'}}}, Lesson{id=299, date=2021-02-16, startTime=14:50, endTime=16:30, classroom=Classroom{id=13, roomName='C-3', roomType='Class', roomCapacity=30, building=Building{id=3, buildingName='C'}}, course=Course{id=9, courseName='Physics'}, teacher=Teacher{id=11, firstName='Sophia', lastName='Roos', faculty=Faculty{id=2, facultyName='Technical Sciences Faculty'}}}, Lesson{id=300, date=2021-02-16, startTime=16:40, endTime=18:20, classroom=Classroom{id=15, roomName='C-5', roomType='Laboratory', roomCapacity=10, building=Building{id=3, buildingName='C'}}, course=Course{id=9, courseName='Physics'}, teacher=Teacher{id=11, firstName='Sophia', lastName='Roos', faculty=Faculty{id=2, facultyName='Technical Sciences Faculty'}}}, Lesson{id=301, date=2021-02-17, startTime=09:20, endTime=11:00, classroom=Classroom{id=4, roomName='A-4', roomType='Lecture', roomCapacity=50, building=Building{id=1, buildingName='Changed name'}}, course=Course{id=3, courseName='Name'}, teacher=Teacher{id=3, firstName='Freya', lastName='Shepp', faculty=Faculty{id=3, facultyName='Faculty of Arts'}}}, Lesson{id=302, date=2021-02-17, startTime=11:10, endTime=12:50, classroom=Classroom{id=1, roomName='A-1', roomType='Class', roomCapacity=30, building=Building{id=1, buildingName='Changed name'}}, course=Course{id=3, courseName='Name'}, teacher=Teacher{id=3, firstName='Freya', lastName='Shepp', faculty=Faculty{id=3, facultyName='Faculty of Arts'}}}, Lesson{id=303, date=2021-02-17, startTime=13:00, endTime=14:40, classroom=Classroom{id=2, roomName='A-2', roomType='Class', roomCapacity=30, building=Building{id=1, buildingName='Changed name'}}, course=Course{id=4, courseName='Political science'}, teacher=Teacher{id=4, firstName='Olivia', lastName='Blake', faculty=Faculty{id=3, facultyName='Faculty of Arts'}}}, Lesson{id=304, date=2021-02-17, startTime=14:50, endTime=16:30, classroom=Classroom{id=3, roomName='A-3', roomType='Class', roomCapacity=30, building=Building{id=1, buildingName='Changed name'}}, course=Course{id=4, courseName='Political science'}, teacher=Teacher{id=4, firstName='Olivia', lastName='Blake', faculty=Faculty{id=3, facultyName='Faculty of Arts'}}}, Lesson{id=305, date=2021-02-17, startTime=16:40, endTime=18:20, classroom=Classroom{id=4, roomName='A-4', roomType='Lecture', roomCapacity=50, building=Building{id=1, buildingName='Changed name'}}, course=Course{id=5, courseName='Culture'}, teacher=Teacher{id=5, firstName='Scarlett', lastName='Nimoy', faculty=Faculty{id=3, facultyName='Faculty of Arts'}}}, Lesson{id=306, date=2021-02-17, startTime=09:20, endTime=11:00, classroom=Classroom{id=9, roomName='New name', roomType='Lecture', roomCapacity=50, building=Building{id=2, buildingName='B'}}, course=Course{id=6, courseName='Biology'}, teacher=Teacher{id=6, firstName='Ellie', lastName='Purh', faculty=Faculty{id=1, facultyName='Changed faculty name'}}}, Lesson{id=307, date=2021-02-17, startTime=11:10, endTime=12:50, classroom=Classroom{id=9, roomName='New name', roomType='Lecture', roomCapacity=50, building=Building{id=2, buildingName='B'}}, course=Course{id=6, courseName='Biology'}, teacher=Teacher{id=6, firstName='Ellie', lastName='Purh', faculty=Faculty{id=1, facultyName='Changed faculty name'}}}, Lesson{id=308, date=2021-02-17, startTime=13:00, endTime=14:40, classroom=Classroom{id=6, roomName='B-1', roomType='Class', roomCapacity=30, building=Building{id=2, buildingName='B'}}, course=Course{id=6, courseName='Biology'}, teacher=Teacher{id=7, firstName='Charlie', lastName='Byrne', faculty=Faculty{id=1, facultyName='Changed faculty name'}}}, Lesson{id=309, date=2021-02-17, startTime=14:50, endTime=16:30, classroom=Classroom{id=7, roomName='B-2', roomType='Class', roomCapacity=30, building=Building{id=2, buildingName='B'}}, course=Course{id=6, courseName='Biology'}, teacher=Teacher{id=7, firstName='Charlie', lastName='Byrne', faculty=Faculty{id=1, facultyName='Changed faculty name'}}}, Lesson{id=310, date=2021-02-17, startTime=16:40, endTime=18:20, classroom=Classroom{id=10, roomName='B-5', roomType='Laboratory', roomCapacity=10, building=Building{id=2, buildingName='B'}}, course=Course{id=6, courseName='Biology'}, teacher=Teacher{id=7, firstName='Charlie', lastName='Byrne', faculty=Faculty{id=1, facultyName='Changed faculty name'}}}, Lesson{id=311, date=2021-02-17, startTime=09:20, endTime=11:00, classroom=Classroom{id=14, roomName='C-4', roomType='Lecture', roomCapacity=50, building=Building{id=3, buildingName='C'}}, course=Course{id=10, courseName='Geometry'}, teacher=Teacher{id=12, firstName='Mia', lastName='Brown', faculty=Faculty{id=2, facultyName='Technical Sciences Faculty'}}}, Lesson{id=312, date=2021-02-17, startTime=11:10, endTime=12:50, classroom=Classroom{id=14, roomName='C-4', roomType='Lecture', roomCapacity=50, building=Building{id=3, buildingName='C'}}, course=Course{id=10, courseName='Geometry'}, teacher=Teacher{id=12, firstName='Mia', lastName='Brown', faculty=Faculty{id=2, facultyName='Technical Sciences Faculty'}}}, Lesson{id=313, date=2021-02-17, startTime=13:00, endTime=14:40, classroom=Classroom{id=11, roomName='C-1', roomType='Class', roomCapacity=30, building=Building{id=3, buildingName='C'}}, course=Course{id=10, courseName='Geometry'}, teacher=Teacher{id=12, firstName='Mia', lastName='Brown', faculty=Faculty{id=2, facultyName='Technical Sciences Faculty'}}}, Lesson{id=314, date=2021-02-17, startTime=14:50, endTime=16:30, classroom=Classroom{id=13, roomName='C-3', roomType='Class', roomCapacity=30, building=Building{id=3, buildingName='C'}}, course=Course{id=10, courseName='Geometry'}, teacher=Teacher{id=12, firstName='Mia', lastName='Brown', faculty=Faculty{id=2, facultyName='Technical Sciences Faculty'}}}, Lesson{id=315, date=2021-02-17, startTime=16:40, endTime=18:20, classroom=Classroom{id=15, roomName='C-5', roomType='Laboratory', roomCapacity=10, building=Building{id=3, buildingName='C'}}, course=Course{id=10, courseName='Geometry'}, teacher=Teacher{id=12, firstName='Mia', lastName='Brown', faculty=Faculty{id=2, facultyName='Technical Sciences Faculty'}}}, Lesson{id=316, date=2021-02-18, startTime=09:20, endTime=11:00, classroom=Classroom{id=4, roomName='A-4', roomType='Lecture', roomCapacity=50, building=Building{id=1, buildingName='Changed name'}}, course=Course{id=4, courseName='Political science'}, teacher=Teacher{id=4, firstName='Olivia', lastName='Blake', faculty=Faculty{id=3, facultyName='Faculty of Arts'}}}, Lesson{id=317, date=2021-02-18, startTime=11:10, endTime=12:50, classroom=Classroom{id=1, roomName='A-1', roomType='Class', roomCapacity=30, building=Building{id=1, buildingName='Changed name'}}, course=Course{id=4, courseName='Political science'}, teacher=Teacher{id=4, firstName='Olivia', lastName='Blake', faculty=Faculty{id=3, facultyName='Faculty of Arts'}}}, Lesson{id=318, date=2021-02-18, startTime=13:00, endTime=14:40, classroom=Classroom{id=2, roomName='A-2', roomType='Class', roomCapacity=30, building=Building{id=1, buildingName='Changed name'}}, course=Course{id=5, courseName='Culture'}, teacher=Teacher{id=5, firstName='Scarlett', lastName='Nimoy', faculty=Faculty{id=3, facultyName='Faculty of Arts'}}}, Lesson{id=319, date=2021-02-18, startTime=14:50, endTime=16:30, classroom=Classroom{id=3, roomName='A-3', roomType='Class', roomCapacity=30, building=Building{id=1, buildingName='Changed name'}}, course=Course{id=5, courseName='Culture'}, teacher=Teacher{id=5, firstName='Scarlett', lastName='Nimoy', faculty=Faculty{id=3, facultyName='Faculty of Arts'}}}, Lesson{id=320, date=2021-02-18, startTime=16:40, endTime=18:20, classroom=Classroom{id=4, roomName='A-4', roomType='Lecture', roomCapacity=50, building=Building{id=1, buildingName='Changed name'}}, course=Course{id=1, courseName='History'}, teacher=Teacher{id=1, firstName='Albert', lastName='Sykes', faculty=Faculty{id=3, facultyName='Faculty of Arts'}}}, Lesson{id=321, date=2021-02-18, startTime=09:20, endTime=11:00, classroom=Classroom{id=9, roomName='New name', roomType='Lecture', roomCapacity=50, building=Building{id=2, buildingName='B'}}, course=Course{id=7, courseName='Chemistry'}, teacher=Teacher{id=8, firstName='Samuel', lastName='Travis', faculty=Faculty{id=1, facultyName='Changed faculty name'}}}, Lesson{id=322, date=2021-02-18, startTime=11:10, endTime=12:50, classroom=Classroom{id=9, roomName='New name', roomType='Lecture', roomCapacity=50, building=Building{id=2, buildingName='B'}}, course=Course{id=7, courseName='Chemistry'}, teacher=Teacher{id=8, firstName='Samuel', lastName='Travis', faculty=Faculty{id=1, facultyName='Changed faculty name'}}}, Lesson{id=323, date=2021-02-18, startTime=13:00, endTime=14:40, classroom=Classroom{id=6, roomName='B-1', roomType='Class', roomCapacity=30, building=Building{id=2, buildingName='B'}}, course=Course{id=7, courseName='Chemistry'}, teacher=Teacher{id=9, firstName='Albert', lastName='Hill', faculty=Faculty{id=1, facultyName='Changed faculty name'}}}, Lesson{id=324, date=2021-02-18, startTime=14:50, endTime=16:30, classroom=Classroom{id=7, roomName='B-2', roomType='Class', roomCapacity=30, building=Building{id=2, buildingName='B'}}, course=Course{id=7, courseName='Chemistry'}, teacher=Teacher{id=9, firstName='Albert', lastName='Hill', faculty=Faculty{id=1, facultyName='Changed faculty name'}}}, Lesson{id=325, date=2021-02-18, startTime=16:40, endTime=18:20, classroom=Classroom{id=10, roomName='B-5', roomType='Laboratory', roomCapacity=10, building=Building{id=2, buildingName='B'}}, course=Course{id=7, courseName='Chemistry'}, teacher=Teacher{id=9, firstName='Albert', lastName='Hill', faculty=Faculty{id=1, facultyName='Changed faculty name'}}}, Lesson{id=326, date=2021-02-18, startTime=09:20, endTime=11:00, classroom=Classroom{id=14, roomName='C-4', roomType='Lecture', roomCapacity=50, building=Building{id=3, buildingName='C'}}, course=Course{id=8, courseName='Mathematics'}, teacher=Teacher{id=10, firstName='Joshua', lastName='Eve', faculty=Faculty{id=2, facultyName='Technical Sciences Faculty'}}}, Lesson{id=327, date=2021-02-18, startTime=11:10, endTime=12:50, classroom=Classroom{id=14, roomName='C-4', roomType='Lecture', roomCapacity=50, building=Building{id=3, buildingName='C'}}, course=Course{id=8, courseName='Mathematics'}, teacher=Teacher{id=10, firstName='Joshua', lastName='Eve', faculty=Faculty{id=2, facultyName='Technical Sciences Faculty'}}}, Lesson{id=328, date=2021-02-18, startTime=13:00, endTime=14:40, classroom=Classroom{id=12, roomName='C-2', roomType='Class', roomCapacity=30, building=Building{id=3, buildingName='C'}}, course=Course{id=9, courseName='Physics'}, teacher=Teacher{id=11, firstName='Sophia', lastName='Roos', faculty=Faculty{id=2, facultyName='Technical Sciences Faculty'}}}, Lesson{id=329, date=2021-02-18, startTime=14:50, endTime=16:30, classroom=Classroom{id=12, roomName='C-2', roomType='Class', roomCapacity=30, building=Building{id=3, buildingName='C'}}, course=Course{id=10, courseName='Geometry'}, teacher=Teacher{id=12, firstName='Mia', lastName='Brown', faculty=Faculty{id=2, facultyName='Technical Sciences Faculty'}}}, Lesson{id=330, date=2021-02-18, startTime=16:40, endTime=18:20, classroom=Classroom{id=15, roomName='C-5', roomType='Laboratory', roomCapacity=10, building=Building{id=3, buildingName='C'}}, course=Course{id=8, courseName='Mathematics'}, teacher=Teacher{id=10, firstName='Joshua', lastName='Eve', faculty=Faculty{id=2, facultyName='Technical Sciences Faculty'}}}, Lesson{id=331, date=2021-02-19, startTime=09:20, endTime=11:00, classroom=Classroom{id=4, roomName='A-4', roomType='Lecture', roomCapacity=50, building=Building{id=1, buildingName='Changed name'}}, course=Course{id=5, courseName='Culture'}, teacher=Teacher{id=5, firstName='Scarlett', lastName='Nimoy', faculty=Faculty{id=3, facultyName='Faculty of Arts'}}}, Lesson{id=332, date=2021-02-19, startTime=11:10, endTime=12:50, classroom=Classroom{id=1, roomName='A-1', roomType='Class', roomCapacity=30, building=Building{id=1, buildingName='Changed name'}}, course=Course{id=5, courseName='Culture'}, teacher=Teacher{id=5, firstName='Scarlett', lastName='Nimoy', faculty=Faculty{id=3, facultyName='Faculty of Arts'}}}, Lesson{id=333, date=2021-02-19, startTime=13:00, endTime=14:40, classroom=Classroom{id=2, roomName='A-2', roomType='Class', roomCapacity=30, building=Building{id=1, buildingName='Changed name'}}, course=Course{id=1, courseName='History'}, teacher=Teacher{id=1, firstName='Albert', lastName='Sykes', faculty=Faculty{id=3, facultyName='Faculty of Arts'}}}, Lesson{id=334, date=2021-02-19, startTime=14:50, endTime=16:30, classroom=Classroom{id=3, roomName='A-3', roomType='Class', roomCapacity=30, building=Building{id=1, buildingName='Changed name'}}, course=Course{id=1, courseName='History'}, teacher=Teacher{id=1, firstName='Albert', lastName='Sykes', faculty=Faculty{id=3, facultyName='Faculty of Arts'}}}, Lesson{id=335, date=2021-02-19, startTime=16:40, endTime=18:20, classroom=Classroom{id=4, roomName='A-4', roomType='Lecture', roomCapacity=50, building=Building{id=1, buildingName='Changed name'}}, course=Course{id=2, courseName='Philosophy'}, teacher=Teacher{id=2, firstName='Stanley', lastName='Gruber', faculty=Faculty{id=3, facultyName='Faculty of Arts'}}}, Lesson{id=336, date=2021-02-19, startTime=09:20, endTime=11:00, classroom=Classroom{id=9, roomName='New name', roomType='Lecture', roomCapacity=50, building=Building{id=2, buildingName='B'}}, course=Course{id=6, courseName='Biology'}, teacher=Teacher{id=6, firstName='Ellie', lastName='Purh', faculty=Faculty{id=1, facultyName='Changed faculty name'}}}, Lesson{id=337, date=2021-02-19, startTime=11:10, endTime=12:50, classroom=Classroom{id=9, roomName='New name', roomType='Lecture', roomCapacity=50, building=Building{id=2, buildingName='B'}}, course=Course{id=6, courseName='Biology'}, teacher=Teacher{id=6, firstName='Ellie', lastName='Purh', faculty=Faculty{id=1, facultyName='Changed faculty name'}}}, Lesson{id=338, date=2021-02-19, startTime=13:00, endTime=14:40, classroom=Classroom{id=6, roomName='B-1', roomType='Class', roomCapacity=30, building=Building{id=2, buildingName='B'}}, course=Course{id=6, courseName='Biology'}, teacher=Teacher{id=7, firstName='Charlie', lastName='Byrne', faculty=Faculty{id=1, facultyName='Changed faculty name'}}}, Lesson{id=339, date=2021-02-19, startTime=14:50, endTime=16:30, classroom=Classroom{id=7, roomName='B-2', roomType='Class', roomCapacity=30, building=Building{id=2, buildingName='B'}}, course=Course{id=6, courseName='Biology'}, teacher=Teacher{id=7, firstName='Charlie', lastName='Byrne', faculty=Faculty{id=1, facultyName='Changed faculty name'}}}, Lesson{id=340, date=2021-02-19, startTime=16:40, endTime=18:20, classroom=Classroom{id=10, roomName='B-5', roomType='Laboratory', roomCapacity=10, building=Building{id=2, buildingName='B'}}, course=Course{id=6, courseName='Biology'}, teacher=Teacher{id=7, firstName='Charlie', lastName='Byrne', faculty=Faculty{id=1, facultyName='Changed faculty name'}}}, Lesson{id=341, date=2021-02-19, startTime=09:20, endTime=11:00, classroom=Classroom{id=14, roomName='C-4', roomType='Lecture', roomCapacity=50, building=Building{id=3, buildingName='C'}}, course=Course{id=9, courseName='Physics'}, teacher=Teacher{id=11, firstName='Sophia', lastName='Roos', faculty=Faculty{id=2, facultyName='Technical Sciences Faculty'}}}, Lesson{id=342, date=2021-02-19, startTime=11:10, endTime=12:50, classroom=Classroom{id=14, roomName='C-4', roomType='Lecture', roomCapacity=50, building=Building{id=3, buildingName='C'}}, course=Course{id=10, courseName='Geometry'}, teacher=Teacher{id=12, firstName='Mia', lastName='Brown', faculty=Faculty{id=2, facultyName='Technical Sciences Faculty'}}}, Lesson{id=343, date=2021-02-19, startTime=13:00, endTime=14:40, classroom=Classroom{id=13, roomName='C-3', roomType='Class', roomCapacity=30, building=Building{id=3, buildingName='C'}}, course=Course{id=8, courseName='Mathematics'}, teacher=Teacher{id=10, firstName='Joshua', lastName='Eve', faculty=Faculty{id=2, facultyName='Technical Sciences Faculty'}}}, Lesson{id=344, date=2021-02-19, startTime=14:50, endTime=16:30, classroom=Classroom{id=15, roomName='C-5', roomType='Laboratory', roomCapacity=10, building=Building{id=3, buildingName='C'}}, course=Course{id=9, courseName='Physics'}, teacher=Teacher{id=11, firstName='Sophia', lastName='Roos', faculty=Faculty{id=2, facultyName='Technical Sciences Faculty'}}}, Lesson{id=345, date=2021-02-19, startTime=16:40, endTime=18:20, classroom=Classroom{id=15, roomName='C-5', roomType='Laboratory', roomCapacity=10, building=Building{id=3, buildingName='C'}}, course=Course{id=10, courseName='Geometry'}, teacher=Teacher{id=12, firstName='Mia', lastName='Brown', faculty=Faculty{id=2, facultyName='Technical Sciences Faculty'}}}, Lesson{id=346, date=2021-02-22, startTime=09:20, endTime=11:00, classroom=Classroom{id=4, roomName='A-4', roomType='Lecture', roomCapacity=50, building=Building{id=1, buildingName='Changed name'}}, course=Course{id=1, courseName='History'}, teacher=Teacher{id=1, firstName='Albert', lastName='Sykes', faculty=Faculty{id=3, facultyName='Faculty of Arts'}}}, Lesson{id=347, date=2021-02-22, startTime=11:10, endTime=12:50, classroom=Classroom{id=1, roomName='A-1', roomType='Class', roomCapacity=30, building=Building{id=1, buildingName='Changed name'}}, course=Course{id=1, courseName='History'}, teacher=Teacher{id=1, firstName='Albert', lastName='Sykes', faculty=Faculty{id=3, facultyName='Faculty of Arts'}}}, Lesson{id=348, date=2021-02-22, startTime=13:00, endTime=14:40, classroom=Classroom{id=2, roomName='A-2', roomType='Class', roomCapacity=30, building=Building{id=1, buildingName='Changed name'}}, course=Course{id=2, courseName='Philosophy'}, teacher=Teacher{id=2, firstName='Stanley', lastName='Gruber', faculty=Faculty{id=3, facultyName='Faculty of Arts'}}}, Lesson{id=349, date=2021-02-22, startTime=14:50, endTime=16:30, classroom=Classroom{id=3, roomName='A-3', roomType='Class', roomCapacity=30, building=Building{id=1, buildingName='Changed name'}}, course=Course{id=2, courseName='Philosophy'}, teacher=Teacher{id=2, firstName='Stanley', lastName='Gruber', faculty=Faculty{id=3, facultyName='Faculty of Arts'}}}, Lesson{id=350, date=2021-02-22, startTime=16:40, endTime=18:20, classroom=Classroom{id=4, roomName='A-4', roomType='Lecture', roomCapacity=50, building=Building{id=1, buildingName='Changed name'}}, course=Course{id=3, courseName='Name'}, teacher=Teacher{id=3, firstName='Freya', lastName='Shepp', faculty=Faculty{id=3, facultyName='Faculty of Arts'}}}, Lesson{id=351, date=2021-02-22, startTime=09:20, endTime=11:00, classroom=Classroom{id=9, roomName='New name', roomType='Lecture', roomCapacity=50, building=Building{id=2, buildingName='B'}}, course=Course{id=6, courseName='Biology'}, teacher=Teacher{id=6, firstName='Ellie', lastName='Purh', faculty=Faculty{id=1, facultyName='Changed faculty name'}}}, Lesson{id=352, date=2021-02-22, startTime=11:10, endTime=12:50, classroom=Classroom{id=9, roomName='New name', roomType='Lecture', roomCapacity=50, building=Building{id=2, buildingName='B'}}, course=Course{id=6, courseName='Biology'}, teacher=Teacher{id=6, firstName='Ellie', lastName='Purh', faculty=Faculty{id=1, facultyName='Changed faculty name'}}}, Lesson{id=353, date=2021-02-22, startTime=13:00, endTime=14:40, classroom=Classroom{id=6, roomName='B-1', roomType='Class', roomCapacity=30, building=Building{id=2, buildingName='B'}}, course=Course{id=6, courseName='Biology'}, teacher=Teacher{id=7, firstName='Charlie', lastName='Byrne', faculty=Faculty{id=1, facultyName='Changed faculty name'}}}, Lesson{id=354, date=2021-02-22, startTime=14:50, endTime=16:30, classroom=Classroom{id=7, roomName='B-2', roomType='Class', roomCapacity=30, building=Building{id=2, buildingName='B'}}, course=Course{id=6, courseName='Biology'}, teacher=Teacher{id=7, firstName='Charlie', lastName='Byrne', faculty=Faculty{id=1, facultyName='Changed faculty name'}}}, Lesson{id=355, date=2021-02-22, startTime=16:40, endTime=18:20, classroom=Classroom{id=10, roomName='B-5', roomType='Laboratory', roomCapacity=10, building=Building{id=2, buildingName='B'}}, course=Course{id=6, courseName='Biology'}, teacher=Teacher{id=7, firstName='Charlie', lastName='Byrne', faculty=Faculty{id=1, facultyName='Changed faculty name'}}}, Lesson{id=356, date=2021-02-22, startTime=09:20, endTime=11:00, classroom=Classroom{id=14, roomName='C-4', roomType='Lecture', roomCapacity=50, building=Building{id=3, buildingName='C'}}, course=Course{id=8, courseName='Mathematics'}, teacher=Teacher{id=10, firstName='Joshua', lastName='Eve', faculty=Faculty{id=2, facultyName='Technical Sciences Faculty'}}}, Lesson{id=357, date=2021-02-22, startTime=11:10, endTime=12:50, classroom=Classroom{id=14, roomName='C-4', roomType='Lecture', roomCapacity=50, building=Building{id=3, buildingName='C'}}, course=Course{id=8, courseName='Mathematics'}, teacher=Teacher{id=10, firstName='Joshua', lastName='Eve', faculty=Faculty{id=2, facultyName='Technical Sciences Faculty'}}}, Lesson{id=358, date=2021-02-22, startTime=13:00, endTime=14:40, classroom=Classroom{id=11, roomName='C-1', roomType='Class', roomCapacity=30, building=Building{id=3, buildingName='C'}}, course=Course{id=8, courseName='Mathematics'}, teacher=Teacher{id=10, firstName='Joshua', lastName='Eve', faculty=Faculty{id=2, facultyName='Technical Sciences Faculty'}}}, Lesson{id=359, date=2021-02-22, startTime=14:50, endTime=16:30, classroom=Classroom{id=13, roomName='C-3', roomType='Class', roomCapacity=30, building=Building{id=3, buildingName='C'}}, course=Course{id=8, courseName='Mathematics'}, teacher=Teacher{id=10, firstName='Joshua', lastName='Eve', faculty=Faculty{id=2, facultyName='Technical Sciences Faculty'}}}, Lesson{id=360, date=2021-02-22, startTime=16:40, endTime=18:20, classroom=Classroom{id=15, roomName='C-5', roomType='Laboratory', roomCapacity=10, building=Building{id=3, buildingName='C'}}, course=Course{id=8, courseName='Mathematics'}, teacher=Teacher{id=10, firstName='Joshua', lastName='Eve', faculty=Faculty{id=2, facultyName='Technical Sciences Faculty'}}}, Lesson{id=361, date=2021-02-23, startTime=09:20, endTime=11:00, classroom=Classroom{id=4, roomName='A-4', roomType='Lecture', roomCapacity=50, building=Building{id=1, buildingName='Changed name'}}, course=Course{id=2, courseName='Philosophy'}, teacher=Teacher{id=2, firstName='Stanley', lastName='Gruber', faculty=Faculty{id=3, facultyName='Faculty of Arts'}}}, Lesson{id=362, date=2021-02-23, startTime=11:10, endTime=12:50, classroom=Classroom{id=1, roomName='A-1', roomType='Class', roomCapacity=30, building=Building{id=1, buildingName='Changed name'}}, course=Course{id=2, courseName='Philosophy'}, teacher=Teacher{id=2, firstName='Stanley', lastName='Gruber', faculty=Faculty{id=3, facultyName='Faculty of Arts'}}}, Lesson{id=363, date=2021-02-23, startTime=13:00, endTime=14:40, classroom=Classroom{id=2, roomName='A-2', roomType='Class', roomCapacity=30, building=Building{id=1, buildingName='Changed name'}}, course=Course{id=3, courseName='Name'}, teacher=Teacher{id=3, firstName='Freya', lastName='Shepp', faculty=Faculty{id=3, facultyName='Faculty of Arts'}}}, Lesson{id=364, date=2021-02-23, startTime=14:50, endTime=16:30, classroom=Classroom{id=3, roomName='A-3', roomType='Class', roomCapacity=30, building=Building{id=1, buildingName='Changed name'}}, course=Course{id=3, courseName='Name'}, teacher=Teacher{id=3, firstName='Freya', lastName='Shepp', faculty=Faculty{id=3, facultyName='Faculty of Arts'}}}, Lesson{id=365, date=2021-02-23, startTime=16:40, endTime=18:20, classroom=Classroom{id=4, roomName='A-4', roomType='Lecture', roomCapacity=50, building=Building{id=1, buildingName='Changed name'}}, course=Course{id=4, courseName='Political science'}, teacher=Teacher{id=4, firstName='Olivia', lastName='Blake', faculty=Faculty{id=3, facultyName='Faculty of Arts'}}}, Lesson{id=366, date=2021-02-23, startTime=09:20, endTime=11:00, classroom=Classroom{id=9, roomName='New name', roomType='Lecture', roomCapacity=50, building=Building{id=2, buildingName='B'}}, course=Course{id=7, courseName='Chemistry'}, teacher=Teacher{id=8, firstName='Samuel', lastName='Travis', faculty=Faculty{id=1, facultyName='Changed faculty name'}}}, Lesson{id=367, date=2021-02-23, startTime=11:10, endTime=12:50, classroom=Classroom{id=9, roomName='New name', roomType='Lecture', roomCapacity=50, building=Building{id=2, buildingName='B'}}, course=Course{id=7, courseName='Chemistry'}, teacher=Teacher{id=8, firstName='Samuel', lastName='Travis', faculty=Faculty{id=1, facultyName='Changed faculty name'}}}, Lesson{id=368, date=2021-02-23, startTime=13:00, endTime=14:40, classroom=Classroom{id=6, roomName='B-1', roomType='Class', roomCapacity=30, building=Building{id=2, buildingName='B'}}, course=Course{id=7, courseName='Chemistry'}, teacher=Teacher{id=9, firstName='Albert', lastName='Hill', faculty=Faculty{id=1, facultyName='Changed faculty name'}}}, Lesson{id=369, date=2021-02-23, startTime=14:50, endTime=16:30, classroom=Classroom{id=7, roomName='B-2', roomType='Class', roomCapacity=30, building=Building{id=2, buildingName='B'}}, course=Course{id=7, courseName='Chemistry'}, teacher=Teacher{id=9, firstName='Albert', lastName='Hill', faculty=Faculty{id=1, facultyName='Changed faculty name'}}}, Lesson{id=370, date=2021-02-23, startTime=16:40, endTime=18:20, classroom=Classroom{id=10, roomName='B-5', roomType='Laboratory', roomCapacity=10, building=Building{id=2, buildingName='B'}}, course=Course{id=7, courseName='Chemistry'}, teacher=Teacher{id=9, firstName='Albert', lastName='Hill', faculty=Faculty{id=1, facultyName='Changed faculty name'}}}, Lesson{id=371, date=2021-02-23, startTime=09:20, endTime=11:00, classroom=Classroom{id=14, roomName='C-4', roomType='Lecture', roomCapacity=50, building=Building{id=3, buildingName='C'}}, course=Course{id=9, courseName='Physics'}, teacher=Teacher{id=11, firstName='Sophia', lastName='Roos', faculty=Faculty{id=2, facultyName='Technical Sciences Faculty'}}}, Lesson{id=372, date=2021-02-23, startTime=11:10, endTime=12:50, classroom=Classroom{id=14, roomName='C-4', roomType='Lecture', roomCapacity=50, building=Building{id=3, buildingName='C'}}, course=Course{id=9, courseName='Physics'}, teacher=Teacher{id=11, firstName='Sophia', lastName='Roos', faculty=Faculty{id=2, facultyName='Technical Sciences Faculty'}}}, Lesson{id=373, date=2021-02-23, startTime=13:00, endTime=14:40, classroom=Classroom{id=11, roomName='C-1', roomType='Class', roomCapacity=30, building=Building{id=3, buildingName='C'}}, course=Course{id=9, courseName='Physics'}, teacher=Teacher{id=11, firstName='Sophia', lastName='Roos', faculty=Faculty{id=2, facultyName='Technical Sciences Faculty'}}}, Lesson{id=374, date=2021-02-23, startTime=14:50, endTime=16:30, classroom=Classroom{id=13, roomName='C-3', roomType='Class', roomCapacity=30, building=Building{id=3, buildingName='C'}}, course=Course{id=9, courseName='Physics'}, teacher=Teacher{id=11, firstName='Sophia', lastName='Roos', faculty=Faculty{id=2, facultyName='Technical Sciences Faculty'}}}, Lesson{id=375, date=2021-02-23, startTime=16:40, endTime=18:20, classroom=Classroom{id=15, roomName='C-5', roomType='Laboratory', roomCapacity=10, building=Building{id=3, buildingName='C'}}, course=Course{id=9, courseName='Physics'}, teacher=Teacher{id=11, firstName='Sophia', lastName='Roos', faculty=Faculty{id=2, facultyName='Technical Sciences Faculty'}}}, Lesson{id=376, date=2021-02-24, startTime=09:20, endTime=11:00, classroom=Classroom{id=4, roomName='A-4', roomType='Lecture', roomCapacity=50, building=Building{id=1, buildingName='Changed name'}}, course=Course{id=3, courseName='Name'}, teacher=Teacher{id=3, firstName='Freya', lastName='Shepp', faculty=Faculty{id=3, facultyName='Faculty of Arts'}}}, Lesson{id=377, date=2021-02-24, startTime=11:10, endTime=12:50, classroom=Classroom{id=1, roomName='A-1', roomType='Class', roomCapacity=30, building=Building{id=1, buildingName='Changed name'}}, course=Course{id=3, courseName='Name'}, teacher=Teacher{id=3, firstName='Freya', lastName='Shepp', faculty=Faculty{id=3, facultyName='Faculty of Arts'}}}, Lesson{id=378, date=2021-02-24, startTime=13:00, endTime=14:40, classroom=Classroom{id=2, roomName='A-2', roomType='Class', roomCapacity=30, building=Building{id=1, buildingName='Changed name'}}, course=Course{id=4, courseName='Political science'}, teacher=Teacher{id=4, firstName='Olivia', lastName='Blake', faculty=Faculty{id=3, facultyName='Faculty of Arts'}}}, Lesson{id=379, date=2021-02-24, startTime=14:50, endTime=16:30, classroom=Classroom{id=3, roomName='A-3', roomType='Class', roomCapacity=30, building=Building{id=1, buildingName='Changed name'}}, course=Course{id=4, courseName='Political science'}, teacher=Teacher{id=4, firstName='Olivia', lastName='Blake', faculty=Faculty{id=3, facultyName='Faculty of Arts'}}}, Lesson{id=380, date=2021-02-24, startTime=16:40, endTime=18:20, classroom=Classroom{id=4, roomName='A-4', roomType='Lecture', roomCapacity=50, building=Building{id=1, buildingName='Changed name'}}, course=Course{id=5, courseName='Culture'}, teacher=Teacher{id=5, firstName='Scarlett', lastName='Nimoy', faculty=Faculty{id=3, facultyName='Faculty of Arts'}}}, Lesson{id=381, date=2021-02-24, startTime=09:20, endTime=11:00, classroom=Classroom{id=9, roomName='New name', roomType='Lecture', roomCapacity=50, building=Building{id=2, buildingName='B'}}, course=Course{id=6, courseName='Biology'}, teacher=Teacher{id=6, firstName='Ellie', lastName='Purh', faculty=Faculty{id=1, facultyName='Changed faculty name'}}}, Lesson{id=382, date=2021-02-24, startTime=11:10, endTime=12:50, classroom=Classroom{id=9, roomName='New name', roomType='Lecture', roomCapacity=50, building=Building{id=2, buildingName='B'}}, course=Course{id=6, courseName='Biology'}, teacher=Teacher{id=6, firstName='Ellie', lastName='Purh', faculty=Faculty{id=1, facultyName='Changed faculty name'}}}, Lesson{id=383, date=2021-02-24, startTime=13:00, endTime=14:40, classroom=Classroom{id=6, roomName='B-1', roomType='Class', roomCapacity=30, building=Building{id=2, buildingName='B'}}, course=Course{id=6, courseName='Biology'}, teacher=Teacher{id=7, firstName='Charlie', lastName='Byrne', faculty=Faculty{id=1, facultyName='Changed faculty name'}}}, Lesson{id=384, date=2021-02-24, startTime=14:50, endTime=16:30, classroom=Classroom{id=7, roomName='B-2', roomType='Class', roomCapacity=30, building=Building{id=2, buildingName='B'}}, course=Course{id=6, courseName='Biology'}, teacher=Teacher{id=7, firstName='Charlie', lastName='Byrne', faculty=Faculty{id=1, facultyName='Changed faculty name'}}}, Lesson{id=385, date=2021-02-24, startTime=16:40, endTime=18:20, classroom=Classroom{id=10, roomName='B-5', roomType='Laboratory', roomCapacity=10, building=Building{id=2, buildingName='B'}}, course=Course{id=6, courseName='Biology'}, teacher=Teacher{id=7, firstName='Charlie', lastName='Byrne', faculty=Faculty{id=1, facultyName='Changed faculty name'}}}, Lesson{id=386, date=2021-02-24, startTime=09:20, endTime=11:00, classroom=Classroom{id=14, roomName='C-4', roomType='Lecture', roomCapacity=50, building=Building{id=3, buildingName='C'}}, course=Course{id=10, courseName='Geometry'}, teacher=Teacher{id=12, firstName='Mia', lastName='Brown', faculty=Faculty{id=2, facultyName='Technical Sciences Faculty'}}}, Lesson{id=387, date=2021-02-24, startTime=11:10, endTime=12:50, classroom=Classroom{id=14, roomName='C-4', roomType='Lecture', roomCapacity=50, building=Building{id=3, buildingName='C'}}, course=Course{id=10, courseName='Geometry'}, teacher=Teacher{id=12, firstName='Mia', lastName='Brown', faculty=Faculty{id=2, facultyName='Technical Sciences Faculty'}}}, Lesson{id=388, date=2021-02-24, startTime=13:00, endTime=14:40, classroom=Classroom{id=11, roomName='C-1', roomType='Class', roomCapacity=30, building=Building{id=3, buildingName='C'}}, course=Course{id=10, courseName='Geometry'}, teacher=Teacher{id=12, firstName='Mia', lastName='Brown', faculty=Faculty{id=2, facultyName='Technical Sciences Faculty'}}}, Lesson{id=389, date=2021-02-24, startTime=14:50, endTime=16:30, classroom=Classroom{id=13, roomName='C-3', roomType='Class', roomCapacity=30, building=Building{id=3, buildingName='C'}}, course=Course{id=10, courseName='Geometry'}, teacher=Teacher{id=12, firstName='Mia', lastName='Brown', faculty=Faculty{id=2, facultyName='Technical Sciences Faculty'}}}, Lesson{id=390, date=2021-02-24, startTime=16:40, endTime=18:20, classroom=Classroom{id=15, roomName='C-5', roomType='Laboratory', roomCapacity=10, building=Building{id=3, buildingName='C'}}, course=Course{id=10, courseName='Geometry'}, teacher=Teacher{id=12, firstName='Mia', lastName='Brown', faculty=Faculty{id=2, facultyName='Technical Sciences Faculty'}}}, Lesson{id=391, date=2021-02-25, startTime=09:20, endTime=11:00, classroom=Classroom{id=4, roomName='A-4', roomType='Lecture', roomCapacity=50, building=Building{id=1, buildingName='Changed name'}}, course=Course{id=4, courseName='Political science'}, teacher=Teacher{id=4, firstName='Olivia', lastName='Blake', faculty=Faculty{id=3, facultyName='Faculty of Arts'}}}, Lesson{id=392, date=2021-02-25, startTime=11:10, endTime=12:50, classroom=Classroom{id=1, roomName='A-1', roomType='Class', roomCapacity=30, building=Building{id=1, buildingName='Changed name'}}, course=Course{id=4, courseName='Political science'}, teacher=Teacher{id=4, firstName='Olivia', lastName='Blake', faculty=Faculty{id=3, facultyName='Faculty of Arts'}}}, Lesson{id=393, date=2021-02-25, startTime=13:00, endTime=14:40, classroom=Classroom{id=2, roomName='A-2', roomType='Class', roomCapacity=30, building=Building{id=1, buildingName='Changed name'}}, course=Course{id=5, courseName='Culture'}, teacher=Teacher{id=5, firstName='Scarlett', lastName='Nimoy', faculty=Faculty{id=3, facultyName='Faculty of Arts'}}}, Lesson{id=394, date=2021-02-25, startTime=14:50, endTime=16:30, classroom=Classroom{id=3, roomName='A-3', roomType='Class', roomCapacity=30, building=Building{id=1, buildingName='Changed name'}}, course=Course{id=5, courseName='Culture'}, teacher=Teacher{id=5, firstName='Scarlett', lastName='Nimoy', faculty=Faculty{id=3, facultyName='Faculty of Arts'}}}, Lesson{id=395, date=2021-02-25, startTime=16:40, endTime=18:20, classroom=Classroom{id=4, roomName='A-4', roomType='Lecture', roomCapacity=50, building=Building{id=1, buildingName='Changed name'}}, course=Course{id=1, courseName='History'}, teacher=Teacher{id=1, firstName='Albert', lastName='Sykes', faculty=Faculty{id=3, facultyName='Faculty of Arts'}}}, Lesson{id=396, date=2021-02-25, startTime=09:20, endTime=11:00, classroom=Classroom{id=9, roomName='New name', roomType='Lecture', roomCapacity=50, building=Building{id=2, buildingName='B'}}, course=Course{id=7, courseName='Chemistry'}, teacher=Teacher{id=8, firstName='Samuel', lastName='Travis', faculty=Faculty{id=1, facultyName='Changed faculty name'}}}, Lesson{id=397, date=2021-02-25, startTime=11:10, endTime=12:50, classroom=Classroom{id=9, roomName='New name', roomType='Lecture', roomCapacity=50, building=Building{id=2, buildingName='B'}}, course=Course{id=7, courseName='Chemistry'}, teacher=Teacher{id=8, firstName='Samuel', lastName='Travis', faculty=Faculty{id=1, facultyName='Changed faculty name'}}}, Lesson{id=398, date=2021-02-25, startTime=13:00, endTime=14:40, classroom=Classroom{id=6, roomName='B-1', roomType='Class', roomCapacity=30, building=Building{id=2, buildingName='B'}}, course=Course{id=7, courseName='Chemistry'}, teacher=Teacher{id=9, firstName='Albert', lastName='Hill', faculty=Faculty{id=1, facultyName='Changed faculty name'}}}, Lesson{id=399, date=2021-02-25, startTime=14:50, endTime=16:30, classroom=Classroom{id=7, roomName='B-2', roomType='Class', roomCapacity=30, building=Building{id=2, buildingName='B'}}, course=Course{id=7, courseName='Chemistry'}, teacher=Teacher{id=9, firstName='Albert', lastName='Hill', faculty=Faculty{id=1, facultyName='Changed faculty name'}}}, Lesson{id=400, date=2021-02-25, startTime=16:40, endTime=18:20, classroom=Classroom{id=10, roomName='B-5', roomType='Laboratory', roomCapacity=10, building=Building{id=2, buildingName='B'}}, course=Course{id=7, courseName='Chemistry'}, teacher=Teacher{id=9, firstName='Albert', lastName='Hill', faculty=Faculty{id=1, facultyName='Changed faculty name'}}}, Lesson{id=401, date=2021-02-25, startTime=09:20, endTime=11:00, classroom=Classroom{id=14, roomName='C-4', roomType='Lecture', roomCapacity=50, building=Building{id=3, buildingName='C'}}, course=Course{id=8, courseName='Mathematics'}, teacher=Teacher{id=10, firstName='Joshua', lastName='Eve', faculty=Faculty{id=2, facultyName='Technical Sciences Faculty'}}}, Lesson{id=402, date=2021-02-25, startTime=11:10, endTime=12:50, classroom=Classroom{id=14, roomName='C-4', roomType='Lecture', roomCapacity=50, building=Building{id=3, buildingName='C'}}, course=Course{id=8, courseName='Mathematics'}, teacher=Teacher{id=10, firstName='Joshua', lastName='Eve', faculty=Faculty{id=2, facultyName='Technical Sciences Faculty'}}}, Lesson{id=403, date=2021-02-25, startTime=13:00, endTime=14:40, classroom=Classroom{id=12, roomName='C-2', roomType='Class', roomCapacity=30, building=Building{id=3, buildingName='C'}}, course=Course{id=9, courseName='Physics'}, teacher=Teacher{id=11, firstName='Sophia', lastName='Roos', faculty=Faculty{id=2, facultyName='Technical Sciences Faculty'}}}, Lesson{id=404, date=2021-02-25, startTime=14:50, endTime=16:30, classroom=Classroom{id=12, roomName='C-2', roomType='Class', roomCapacity=30, building=Building{id=3, buildingName='C'}}, course=Course{id=10, courseName='Geometry'}, teacher=Teacher{id=12, firstName='Mia', lastName='Brown', faculty=Faculty{id=2, facultyName='Technical Sciences Faculty'}}}, Lesson{id=405, date=2021-02-25, startTime=16:40, endTime=18:20, classroom=Classroom{id=15, roomName='C-5', roomType='Laboratory', roomCapacity=10, building=Building{id=3, buildingName='C'}}, course=Course{id=8, courseName='Mathematics'}, teacher=Teacher{id=10, firstName='Joshua', lastName='Eve', faculty=Faculty{id=2, facultyName='Technical Sciences Faculty'}}}, Lesson{id=406, date=2021-02-26, startTime=09:20, endTime=11:00, classroom=Classroom{id=4, roomName='A-4', roomType='Lecture', roomCapacity=50, building=Building{id=1, buildingName='Changed name'}}, course=Course{id=5, courseName='Culture'}, teacher=Teacher{id=5, firstName='Scarlett', lastName='Nimoy', faculty=Faculty{id=3, facultyName='Faculty of Arts'}}}, Lesson{id=407, date=2021-02-26, startTime=11:10, endTime=12:50, classroom=Classroom{id=1, roomName='A-1', roomType='Class', roomCapacity=30, building=Building{id=1, buildingName='Changed name'}}, course=Course{id=5, courseName='Culture'}, teacher=Teacher{id=5, firstName='Scarlett', lastName='Nimoy', faculty=Faculty{id=3, facultyName='Faculty of Arts'}}}, Lesson{id=408, date=2021-02-26, startTime=13:00, endTime=14:40, classroom=Classroom{id=2, roomName='A-2', roomType='Class', roomCapacity=30, building=Building{id=1, buildingName='Changed name'}}, course=Course{id=1, courseName='History'}, teacher=Teacher{id=1, firstName='Albert', lastName='Sykes', faculty=Faculty{id=3, facultyName='Faculty of Arts'}}}, Lesson{id=409, date=2021-02-26, startTime=14:50, endTime=16:30, classroom=Classroom{id=3, roomName='A-3', roomType='Class', roomCapacity=30, building=Building{id=1, buildingName='Changed name'}}, course=Course{id=1, courseName='History'}, teacher=Teacher{id=1, firstName='Albert', lastName='Sykes', faculty=Faculty{id=3, facultyName='Faculty of Arts'}}}, Lesson{id=410, date=2021-02-26, startTime=16:40, endTime=18:20, classroom=Classroom{id=4, roomName='A-4', roomType='Lecture', roomCapacity=50, building=Building{id=1, buildingName='Changed name'}}, course=Course{id=2, courseName='Philosophy'}, teacher=Teacher{id=2, firstName='Stanley', lastName='Gruber', faculty=Faculty{id=3, facultyName='Faculty of Arts'}}}, Lesson{id=411, date=2021-02-26, startTime=09:20, endTime=11:00, classroom=Classroom{id=9, roomName='New name', roomType='Lecture', roomCapacity=50, building=Building{id=2, buildingName='B'}}, course=Course{id=6, courseName='Biology'}, teacher=Teacher{id=6, firstName='Ellie', lastName='Purh', faculty=Faculty{id=1, facultyName='Changed faculty name'}}}, Lesson{id=412, date=2021-02-26, startTime=11:10, endTime=12:50, classroom=Classroom{id=9, roomName='New name', roomType='Lecture', roomCapacity=50, building=Building{id=2, buildingName='B'}}, course=Course{id=6, courseName='Biology'}, teacher=Teacher{id=6, firstName='Ellie', lastName='Purh', faculty=Faculty{id=1, facultyName='Changed faculty name'}}}, Lesson{id=413, date=2021-02-26, startTime=13:00, endTime=14:40, classroom=Classroom{id=6, roomName='B-1', roomType='Class', roomCapacity=30, building=Building{id=2, buildingName='B'}}, course=Course{id=6, courseName='Biology'}, teacher=Teacher{id=7, firstName='Charlie', lastName='Byrne', faculty=Faculty{id=1, facultyName='Changed faculty name'}}}, Lesson{id=414, date=2021-02-26, startTime=14:50, endTime=16:30, classroom=Classroom{id=7, roomName='B-2', roomType='Class', roomCapacity=30, building=Building{id=2, buildingName='B'}}, course=Course{id=6, courseName='Biology'}, teacher=Teacher{id=7, firstName='Charlie', lastName='Byrne', faculty=Faculty{id=1, facultyName='Changed faculty name'}}}, Lesson{id=415, date=2021-02-26, startTime=16:40, endTime=18:20, classroom=Classroom{id=10, roomName='B-5', roomType='Laboratory', roomCapacity=10, building=Building{id=2, buildingName='B'}}, course=Course{id=6, courseName='Biology'}, teacher=Teacher{id=7, firstName='Charlie', lastName='Byrne', faculty=Faculty{id=1, facultyName='Changed faculty name'}}}, Lesson{id=416, date=2021-02-26, startTime=09:20, endTime=11:00, classroom=Classroom{id=14, roomName='C-4', roomType='Lecture', roomCapacity=50, building=Building{id=3, buildingName='C'}}, course=Course{id=9, courseName='Physics'}, teacher=Teacher{id=11, firstName='Sophia', lastName='Roos', faculty=Faculty{id=2, facultyName='Technical Sciences Faculty'}}}, Lesson{id=417, date=2021-02-26, startTime=11:10, endTime=12:50, classroom=Classroom{id=14, roomName='C-4', roomType='Lecture', roomCapacity=50, building=Building{id=3, buildingName='C'}}, course=Course{id=10, courseName='Geometry'}, teacher=Teacher{id=12, firstName='Mia', lastName='Brown', faculty=Faculty{id=2, facultyName='Technical Sciences Faculty'}}}, Lesson{id=418, date=2021-02-26, startTime=13:00, endTime=14:40, classroom=Classroom{id=13, roomName='C-3', roomType='Class', roomCapacity=30, building=Building{id=3, buildingName='C'}}, course=Course{id=8, courseName='Mathematics'}, teacher=Teacher{id=10, firstName='Joshua', lastName='Eve', faculty=Faculty{id=2, facultyName='Technical Sciences Faculty'}}}, Lesson{id=419, date=2021-02-26, startTime=14:50, endTime=16:30, classroom=Classroom{id=15, roomName='C-5', roomType='Laboratory', roomCapacity=10, building=Building{id=3, buildingName='C'}}, course=Course{id=9, courseName='Physics'}, teacher=Teacher{id=11, firstName='Sophia', lastName='Roos', faculty=Faculty{id=2, facultyName='Technical Sciences Faculty'}}}, Lesson{id=420, date=2021-02-26, startTime=16:40, endTime=18:20, classroom=Classroom{id=15, roomName='C-5', roomType='Laboratory', roomCapacity=10, building=Building{id=3, buildingName='C'}}, course=Course{id=10, courseName='Geometry'}, teacher=Teacher{id=12, firstName='Mia', lastName='Brown', faculty=Faculty{id=2, facultyName='Technical Sciences Faculty'}}}, Lesson{id=421, date=2021-03-01, startTime=09:20, endTime=11:00, classroom=Classroom{id=4, roomName='A-4', roomType='Lecture', roomCapacity=50, building=Building{id=1, buildingName='Changed name'}}, course=Course{id=1, courseName='History'}, teacher=Teacher{id=1, firstName='Albert', lastName='Sykes', faculty=Faculty{id=3, facultyName='Faculty of Arts'}}}, Lesson{id=422, date=2021-03-01, startTime=11:10, endTime=12:50, classroom=Classroom{id=1, roomName='A-1', roomType='Class', roomCapacity=30, building=Building{id=1, buildingName='Changed name'}}, course=Course{id=1, courseName='History'}, teacher=Teacher{id=1, firstName='Albert', lastName='Sykes', faculty=Faculty{id=3, facultyName='Faculty of Arts'}}}, Lesson{id=423, date=2021-03-01, startTime=13:00, endTime=14:40, classroom=Classroom{id=2, roomName='A-2', roomType='Class', roomCapacity=30, building=Building{id=1, buildingName='Changed name'}}, course=Course{id=2, courseName='Philosophy'}, teacher=Teacher{id=2, firstName='Stanley', lastName='Gruber', faculty=Faculty{id=3, facultyName='Faculty of Arts'}}}, Lesson{id=424, date=2021-03-01, startTime=14:50, endTime=16:30, classroom=Classroom{id=3, roomName='A-3', roomType='Class', roomCapacity=30, building=Building{id=1, buildingName='Changed name'}}, course=Course{id=2, courseName='Philosophy'}, teacher=Teacher{id=2, firstName='Stanley', lastName='Gruber', faculty=Faculty{id=3, facultyName='Faculty of Arts'}}}, Lesson{id=425, date=2021-03-01, startTime=16:40, endTime=18:20, classroom=Classroom{id=4, roomName='A-4', roomType='Lecture', roomCapacity=50, building=Building{id=1, buildingName='Changed name'}}, course=Course{id=3, courseName='Name'}, teacher=Teacher{id=3, firstName='Freya', lastName='Shepp', faculty=Faculty{id=3, facultyName='Faculty of Arts'}}}, Lesson{id=426, date=2021-03-01, startTime=09:20, endTime=11:00, classroom=Classroom{id=9, roomName='New name', roomType='Lecture', roomCapacity=50, building=Building{id=2, buildingName='B'}}, course=Course{id=6, courseName='Biology'}, teacher=Teacher{id=6, firstName='Ellie', lastName='Purh', faculty=Faculty{id=1, facultyName='Changed faculty name'}}}, Lesson{id=427, date=2021-03-01, startTime=11:10, endTime=12:50, classroom=Classroom{id=9, roomName='New name', roomType='Lecture', roomCapacity=50, building=Building{id=2, buildingName='B'}}, course=Course{id=6, courseName='Biology'}, teacher=Teacher{id=6, firstName='Ellie', lastName='Purh', faculty=Faculty{id=1, facultyName='Changed faculty name'}}}, Lesson{id=428, date=2021-03-01, startTime=13:00, endTime=14:40, classroom=Classroom{id=6, roomName='B-1', roomType='Class', roomCapacity=30, building=Building{id=2, buildingName='B'}}, course=Course{id=6, courseName='Biology'}, teacher=Teacher{id=7, firstName='Charlie', lastName='Byrne', faculty=Faculty{id=1, facultyName='Changed faculty name'}}}, Lesson{id=429, date=2021-03-01, startTime=14:50, endTime=16:30, classroom=Classroom{id=7, roomName='B-2', roomType='Class', roomCapacity=30, building=Building{id=2, buildingName='B'}}, course=Course{id=6, courseName='Biology'}, teacher=Teacher{id=7, firstName='Charlie', lastName='Byrne', faculty=Faculty{id=1, facultyName='Changed faculty name'}}}, Lesson{id=430, date=2021-03-01, startTime=16:40, endTime=18:20, classroom=Classroom{id=10, roomName='B-5', roomType='Laboratory', roomCapacity=10, building=Building{id=2, buildingName='B'}}, course=Course{id=6, courseName='Biology'}, teacher=Teacher{id=7, firstName='Charlie', lastName='Byrne', faculty=Faculty{id=1, facultyName='Changed faculty name'}}}, Lesson{id=431, date=2021-03-01, startTime=09:20, endTime=11:00, classroom=Classroom{id=14, roomName='C-4', roomType='Lecture', roomCapacity=50, building=Building{id=3, buildingName='C'}}, course=Course{id=8, courseName='Mathematics'}, teacher=Teacher{id=10, firstName='Joshua', lastName='Eve', faculty=Faculty{id=2, facultyName='Technical Sciences Faculty'}}}, Lesson{id=432, date=2021-03-01, startTime=11:10, endTime=12:50, classroom=Classroom{id=14, roomName='C-4', roomType='Lecture', roomCapacity=50, building=Building{id=3, buildingName='C'}}, course=Course{id=8, courseName='Mathematics'}, teacher=Teacher{id=10, firstName='Joshua', lastName='Eve', faculty=Faculty{id=2, facultyName='Technical Sciences Faculty'}}}, Lesson{id=433, date=2021-03-01, startTime=13:00, endTime=14:40, classroom=Classroom{id=11, roomName='C-1', roomType='Class', roomCapacity=30, building=Building{id=3, buildingName='C'}}, course=Course{id=8, courseName='Mathematics'}, teacher=Teacher{id=10, firstName='Joshua', lastName='Eve', faculty=Faculty{id=2, facultyName='Technical Sciences Faculty'}}}, Lesson{id=434, date=2021-03-01, startTime=14:50, endTime=16:30, classroom=Classroom{id=13, roomName='C-3', roomType='Class', roomCapacity=30, building=Building{id=3, buildingName='C'}}, course=Course{id=8, courseName='Mathematics'}, teacher=Teacher{id=10, firstName='Joshua', lastName='Eve', faculty=Faculty{id=2, facultyName='Technical Sciences Faculty'}}}, Lesson{id=435, date=2021-03-01, startTime=16:40, endTime=18:20, classroom=Classroom{id=15, roomName='C-5', roomType='Laboratory', roomCapacity=10, building=Building{id=3, buildingName='C'}}, course=Course{id=8, courseName='Mathematics'}, teacher=Teacher{id=10, firstName='Joshua', lastName='Eve', faculty=Faculty{id=2, facultyName='Technical Sciences Faculty'}}}, Lesson{id=436, date=2021-03-02, startTime=09:20, endTime=11:00, classroom=Classroom{id=4, roomName='A-4', roomType='Lecture', roomCapacity=50, building=Building{id=1, buildingName='Changed name'}}, course=Course{id=2, courseName='Philosophy'}, teacher=Teacher{id=2, firstName='Stanley', lastName='Gruber', faculty=Faculty{id=3, facultyName='Faculty of Arts'}}}, Lesson{id=437, date=2021-03-02, startTime=11:10, endTime=12:50, classroom=Classroom{id=1, roomName='A-1', roomType='Class', roomCapacity=30, building=Building{id=1, buildingName='Changed name'}}, course=Course{id=2, courseName='Philosophy'}, teacher=Teacher{id=2, firstName='Stanley', lastName='Gruber', faculty=Faculty{id=3, facultyName='Faculty of Arts'}}}, Lesson{id=438, date=2021-03-02, startTime=13:00, endTime=14:40, classroom=Classroom{id=2, roomName='A-2', roomType='Class', roomCapacity=30, building=Building{id=1, buildingName='Changed name'}}, course=Course{id=3, courseName='Name'}, teacher=Teacher{id=3, firstName='Freya', lastName='Shepp', faculty=Faculty{id=3, facultyName='Faculty of Arts'}}}, Lesson{id=439, date=2021-03-02, startTime=14:50, endTime=16:30, classroom=Classroom{id=3, roomName='A-3', roomType='Class', roomCapacity=30, building=Building{id=1, buildingName='Changed name'}}, course=Course{id=3, courseName='Name'}, teacher=Teacher{id=3, firstName='Freya', lastName='Shepp', faculty=Faculty{id=3, facultyName='Faculty of Arts'}}}, Lesson{id=440, date=2021-03-02, startTime=16:40, endTime=18:20, classroom=Classroom{id=4, roomName='A-4', roomType='Lecture', roomCapacity=50, building=Building{id=1, buildingName='Changed name'}}, course=Course{id=4, courseName='Political science'}, teacher=Teacher{id=4, firstName='Olivia', lastName='Blake', faculty=Faculty{id=3, facultyName='Faculty of Arts'}}}, Lesson{id=441, date=2021-03-02, startTime=09:20, endTime=11:00, classroom=Classroom{id=9, roomName='New name', roomType='Lecture', roomCapacity=50, building=Building{id=2, buildingName='B'}}, course=Course{id=7, courseName='Chemistry'}, teacher=Teacher{id=8, firstName='Samuel', lastName='Travis', faculty=Faculty{id=1, facultyName='Changed faculty name'}}}, Lesson{id=442, date=2021-03-02, startTime=11:10, endTime=12:50, classroom=Classroom{id=9, roomName='New name', roomType='Lecture', roomCapacity=50, building=Building{id=2, buildingName='B'}}, course=Course{id=7, courseName='Chemistry'}, teacher=Teacher{id=8, firstName='Samuel', lastName='Travis', faculty=Faculty{id=1, facultyName='Changed faculty name'}}}, Lesson{id=443, date=2021-03-02, startTime=13:00, endTime=14:40, classroom=Classroom{id=6, roomName='B-1', roomType='Class', roomCapacity=30, building=Building{id=2, buildingName='B'}}, course=Course{id=7, courseName='Chemistry'}, teacher=Teacher{id=9, firstName='Albert', lastName='Hill', faculty=Faculty{id=1, facultyName='Changed faculty name'}}}, Lesson{id=444, date=2021-03-02, startTime=14:50, endTime=16:30, classroom=Classroom{id=7, roomName='B-2', roomType='Class', roomCapacity=30, building=Building{id=2, buildingName='B'}}, course=Course{id=7, courseName='Chemistry'}, teacher=Teacher{id=9, firstName='Albert', lastName='Hill', faculty=Faculty{id=1, facultyName='Changed faculty name'}}}, Lesson{id=445, date=2021-03-02, startTime=16:40, endTime=18:20, classroom=Classroom{id=10, roomName='B-5', roomType='Laboratory', roomCapacity=10, building=Building{id=2, buildingName='B'}}, course=Course{id=7, courseName='Chemistry'}, teacher=Teacher{id=9, firstName='Albert', lastName='Hill', faculty=Faculty{id=1, facultyName='Changed faculty name'}}}, Lesson{id=446, date=2021-03-02, startTime=09:20, endTime=11:00, classroom=Classroom{id=14, roomName='C-4', roomType='Lecture', roomCapacity=50, building=Building{id=3, buildingName='C'}}, course=Course{id=9, courseName='Physics'}, teacher=Teacher{id=11, firstName='Sophia', lastName='Roos', faculty=Faculty{id=2, facultyName='Technical Sciences Faculty'}}}, Lesson{id=447, date=2021-03-02, startTime=11:10, endTime=12:50, classroom=Classroom{id=14, roomName='C-4', roomType='Lecture', roomCapacity=50, building=Building{id=3, buildingName='C'}}, course=Course{id=9, courseName='Physics'}, teacher=Teacher{id=11, firstName='Sophia', lastName='Roos', faculty=Faculty{id=2, facultyName='Technical Sciences Faculty'}}}, Lesson{id=448, date=2021-03-02, startTime=13:00, endTime=14:40, classroom=Classroom{id=11, roomName='C-1', roomType='Class', roomCapacity=30, building=Building{id=3, buildingName='C'}}, course=Course{id=9, courseName='Physics'}, teacher=Teacher{id=11, firstName='Sophia', lastName='Roos', faculty=Faculty{id=2, facultyName='Technical Sciences Faculty'}}}, Lesson{id=449, date=2021-03-02, startTime=14:50, endTime=16:30, classroom=Classroom{id=13, roomName='C-3', roomType='Class', roomCapacity=30, building=Building{id=3, buildingName='C'}}, course=Course{id=9, courseName='Physics'}, teacher=Teacher{id=11, firstName='Sophia', lastName='Roos', faculty=Faculty{id=2, facultyName='Technical Sciences Faculty'}}}, Lesson{id=450, date=2021-03-02, startTime=16:40, endTime=18:20, classroom=Classroom{id=15, roomName='C-5', roomType='Laboratory', roomCapacity=10, building=Building{id=3, buildingName='C'}}, course=Course{id=9, courseName='Physics'}, teacher=Teacher{id=11, firstName='Sophia', lastName='Roos', faculty=Faculty{id=2, facultyName='Technical Sciences Faculty'}}}, Lesson{id=451, date=2021-03-03, startTime=09:20, endTime=11:00, classroom=Classroom{id=4, roomName='A-4', roomType='Lecture', roomCapacity=50, building=Building{id=1, buildingName='Changed name'}}, course=Course{id=3, courseName='Name'}, teacher=Teacher{id=3, firstName='Freya', lastName='Shepp', faculty=Faculty{id=3, facultyName='Faculty of Arts'}}}, Lesson{id=452, date=2021-03-03, startTime=11:10, endTime=12:50, classroom=Classroom{id=1, roomName='A-1', roomType='Class', roomCapacity=30, building=Building{id=1, buildingName='Changed name'}}, course=Course{id=3, courseName='Name'}, teacher=Teacher{id=3, firstName='Freya', lastName='Shepp', faculty=Faculty{id=3, facultyName='Faculty of Arts'}}}, Lesson{id=453, date=2021-03-03, startTime=13:00, endTime=14:40, classroom=Classroom{id=2, roomName='A-2', roomType='Class', roomCapacity=30, building=Building{id=1, buildingName='Changed name'}}, course=Course{id=4, courseName='Political science'}, teacher=Teacher{id=4, firstName='Olivia', lastName='Blake', faculty=Faculty{id=3, facultyName='Faculty of Arts'}}}, Lesson{id=454, date=2021-03-03, startTime=14:50, endTime=16:30, classroom=Classroom{id=3, roomName='A-3', roomType='Class', roomCapacity=30, building=Building{id=1, buildingName='Changed name'}}, course=Course{id=4, courseName='Political science'}, teacher=Teacher{id=4, firstName='Olivia', lastName='Blake', faculty=Faculty{id=3, facultyName='Faculty of Arts'}}}, Lesson{id=455, date=2021-03-03, startTime=16:40, endTime=18:20, classroom=Classroom{id=4, roomName='A-4', roomType='Lecture', roomCapacity=50, building=Building{id=1, buildingName='Changed name'}}, course=Course{id=5, courseName='Culture'}, teacher=Teacher{id=5, firstName='Scarlett', lastName='Nimoy', faculty=Faculty{id=3, facultyName='Faculty of Arts'}}}, Lesson{id=456, date=2021-03-03, startTime=09:20, endTime=11:00, classroom=Classroom{id=9, roomName='New name', roomType='Lecture', roomCapacity=50, building=Building{id=2, buildingName='B'}}, course=Course{id=6, courseName='Biology'}, teacher=Teacher{id=6, firstName='Ellie', lastName='Purh', faculty=Faculty{id=1, facultyName='Changed faculty name'}}}, Lesson{id=457, date=2021-03-03, startTime=11:10, endTime=12:50, classroom=Classroom{id=9, roomName='New name', roomType='Lecture', roomCapacity=50, building=Building{id=2, buildingName='B'}}, course=Course{id=6, courseName='Biology'}, teacher=Teacher{id=6, firstName='Ellie', lastName='Purh', faculty=Faculty{id=1, facultyName='Changed faculty name'}}}, Lesson{id=458, date=2021-03-03, startTime=13:00, endTime=14:40, classroom=Classroom{id=6, roomName='B-1', roomType='Class', roomCapacity=30, building=Building{id=2, buildingName='B'}}, course=Course{id=6, courseName='Biology'}, teacher=Teacher{id=7, firstName='Charlie', lastName='Byrne', faculty=Faculty{id=1, facultyName='Changed faculty name'}}}, Lesson{id=459, date=2021-03-03, startTime=14:50, endTime=16:30, classroom=Classroom{id=7, roomName='B-2', roomType='Class', roomCapacity=30, building=Building{id=2, buildingName='B'}}, course=Course{id=6, courseName='Biology'}, teacher=Teacher{id=7, firstName='Charlie', lastName='Byrne', faculty=Faculty{id=1, facultyName='Changed faculty name'}}}, Lesson{id=460, date=2021-03-03, startTime=16:40, endTime=18:20, classroom=Classroom{id=10, roomName='B-5', roomType='Laboratory', roomCapacity=10, building=Building{id=2, buildingName='B'}}, course=Course{id=6, courseName='Biology'}, teacher=Teacher{id=7, firstName='Charlie', lastName='Byrne', faculty=Faculty{id=1, facultyName='Changed faculty name'}}}, Lesson{id=461, date=2021-03-03, startTime=09:20, endTime=11:00, classroom=Classroom{id=14, roomName='C-4', roomType='Lecture', roomCapacity=50, building=Building{id=3, buildingName='C'}}, course=Course{id=10, courseName='Geometry'}, teacher=Teacher{id=12, firstName='Mia', lastName='Brown', faculty=Faculty{id=2, facultyName='Technical Sciences Faculty'}}}, Lesson{id=462, date=2021-03-03, startTime=11:10, endTime=12:50, classroom=Classroom{id=14, roomName='C-4', roomType='Lecture', roomCapacity=50, building=Building{id=3, buildingName='C'}}, course=Course{id=10, courseName='Geometry'}, teacher=Teacher{id=12, firstName='Mia', lastName='Brown', faculty=Faculty{id=2, facultyName='Technical Sciences Faculty'}}}, Lesson{id=463, date=2021-03-03, startTime=13:00, endTime=14:40, classroom=Classroom{id=11, roomName='C-1', roomType='Class', roomCapacity=30, building=Building{id=3, buildingName='C'}}, course=Course{id=10, courseName='Geometry'}, teacher=Teacher{id=12, firstName='Mia', lastName='Brown', faculty=Faculty{id=2, facultyName='Technical Sciences Faculty'}}}, Lesson{id=464, date=2021-03-03, startTime=14:50, endTime=16:30, classroom=Classroom{id=13, roomName='C-3', roomType='Class', roomCapacity=30, building=Building{id=3, buildingName='C'}}, course=Course{id=10, courseName='Geometry'}, teacher=Teacher{id=12, firstName='Mia', lastName='Brown', faculty=Faculty{id=2, facultyName='Technical Sciences Faculty'}}}, Lesson{id=465, date=2021-03-03, startTime=16:40, endTime=18:20, classroom=Classroom{id=15, roomName='C-5', roomType='Laboratory', roomCapacity=10, building=Building{id=3, buildingName='C'}}, course=Course{id=10, courseName='Geometry'}, teacher=Teacher{id=12, firstName='Mia', lastName='Brown', faculty=Faculty{id=2, facultyName='Technical Sciences Faculty'}}}, Lesson{id=466, date=2021-03-04, startTime=09:20, endTime=11:00, classroom=Classroom{id=4, roomName='A-4', roomType='Lecture', roomCapacity=50, building=Building{id=1, buildingName='Changed name'}}, course=Course{id=4, courseName='Political science'}, teacher=Teacher{id=4, firstName='Olivia', lastName='Blake', faculty=Faculty{id=3, facultyName='Faculty of Arts'}}}, Lesson{id=467, date=2021-03-04, startTime=11:10, endTime=12:50, classroom=Classroom{id=1, roomName='A-1', roomType='Class', roomCapacity=30, building=Building{id=1, buildingName='Changed name'}}, course=Course{id=4, courseName='Political science'}, teacher=Teacher{id=4, firstName='Olivia', lastName='Blake', faculty=Faculty{id=3, facultyName='Faculty of Arts'}}}, Lesson{id=468, date=2021-03-04, startTime=13:00, endTime=14:40, classroom=Classroom{id=2, roomName='A-2', roomType='Class', roomCapacity=30, building=Building{id=1, buildingName='Changed name'}}, course=Course{id=5, courseName='Culture'}, teacher=Teacher{id=5, firstName='Scarlett', lastName='Nimoy', faculty=Faculty{id=3, facultyName='Faculty of Arts'}}}, Lesson{id=469, date=2021-03-04, startTime=14:50, endTime=16:30, classroom=Classroom{id=3, roomName='A-3', roomType='Class', roomCapacity=30, building=Building{id=1, buildingName='Changed name'}}, course=Course{id=5, courseName='Culture'}, teacher=Teacher{id=5, firstName='Scarlett', lastName='Nimoy', faculty=Faculty{id=3, facultyName='Faculty of Arts'}}}, Lesson{id=470, date=2021-03-04, startTime=16:40, endTime=18:20, classroom=Classroom{id=4, roomName='A-4', roomType='Lecture', roomCapacity=50, building=Building{id=1, buildingName='Changed name'}}, course=Course{id=1, courseName='History'}, teacher=Teacher{id=1, firstName='Albert', lastName='Sykes', faculty=Faculty{id=3, facultyName='Faculty of Arts'}}}, Lesson{id=471, date=2021-03-04, startTime=09:20, endTime=11:00, classroom=Classroom{id=9, roomName='New name', roomType='Lecture', roomCapacity=50, building=Building{id=2, buildingName='B'}}, course=Course{id=7, courseName='Chemistry'}, teacher=Teacher{id=8, firstName='Samuel', lastName='Travis', faculty=Faculty{id=1, facultyName='Changed faculty name'}}}, Lesson{id=472, date=2021-03-04, startTime=11:10, endTime=12:50, classroom=Classroom{id=9, roomName='New name', roomType='Lecture', roomCapacity=50, building=Building{id=2, buildingName='B'}}, course=Course{id=7, courseName='Chemistry'}, teacher=Teacher{id=8, firstName='Samuel', lastName='Travis', faculty=Faculty{id=1, facultyName='Changed faculty name'}}}, Lesson{id=473, date=2021-03-04, startTime=13:00, endTime=14:40, classroom=Classroom{id=6, roomName='B-1', roomType='Class', roomCapacity=30, building=Building{id=2, buildingName='B'}}, course=Course{id=7, courseName='Chemistry'}, teacher=Teacher{id=9, firstName='Albert', lastName='Hill', faculty=Faculty{id=1, facultyName='Changed faculty name'}}}, Lesson{id=474, date=2021-03-04, startTime=14:50, endTime=16:30, classroom=Classroom{id=7, roomName='B-2', roomType='Class', roomCapacity=30, building=Building{id=2, buildingName='B'}}, course=Course{id=7, courseName='Chemistry'}, teacher=Teacher{id=9, firstName='Albert', lastName='Hill', faculty=Faculty{id=1, facultyName='Changed faculty name'}}}, Lesson{id=475, date=2021-03-04, startTime=16:40, endTime=18:20, classroom=Classroom{id=10, roomName='B-5', roomType='Laboratory', roomCapacity=10, building=Building{id=2, buildingName='B'}}, course=Course{id=7, courseName='Chemistry'}, teacher=Teacher{id=9, firstName='Albert', lastName='Hill', faculty=Faculty{id=1, facultyName='Changed faculty name'}}}, Lesson{id=476, date=2021-03-04, startTime=09:20, endTime=11:00, classroom=Classroom{id=14, roomName='C-4', roomType='Lecture', roomCapacity=50, building=Building{id=3, buildingName='C'}}, course=Course{id=8, courseName='Mathematics'}, teacher=Teacher{id=10, firstName='Joshua', lastName='Eve', faculty=Faculty{id=2, facultyName='Technical Sciences Faculty'}}}, Lesson{id=477, date=2021-03-04, startTime=11:10, endTime=12:50, classroom=Classroom{id=14, roomName='C-4', roomType='Lecture', roomCapacity=50, building=Building{id=3, buildingName='C'}}, course=Course{id=8, courseName='Mathematics'}, teacher=Teacher{id=10, firstName='Joshua', lastName='Eve', faculty=Faculty{id=2, facultyName='Technical Sciences Faculty'}}}, Lesson{id=478, date=2021-03-04, startTime=13:00, endTime=14:40, classroom=Classroom{id=12, roomName='C-2', roomType='Class', roomCapacity=30, building=Building{id=3, buildingName='C'}}, course=Course{id=9, courseName='Physics'}, teacher=Teacher{id=11, firstName='Sophia', lastName='Roos', faculty=Faculty{id=2, facultyName='Technical Sciences Faculty'}}}, Lesson{id=479, date=2021-03-04, startTime=14:50, endTime=16:30, classroom=Classroom{id=12, roomName='C-2', roomType='Class', roomCapacity=30, building=Building{id=3, buildingName='C'}}, course=Course{id=10, courseName='Geometry'}, teacher=Teacher{id=12, firstName='Mia', lastName='Brown', faculty=Faculty{id=2, facultyName='Technical Sciences Faculty'}}}, Lesson{id=480, date=2021-03-04, startTime=16:40, endTime=18:20, classroom=Classroom{id=15, roomName='C-5', roomType='Laboratory', roomCapacity=10, building=Building{id=3, buildingName='C'}}, course=Course{id=8, courseName='Mathematics'}, teacher=Teacher{id=10, firstName='Joshua', lastName='Eve', faculty=Faculty{id=2, facultyName='Technical Sciences Faculty'}}}, Lesson{id=481, date=2021-03-05, startTime=09:20, endTime=11:00, classroom=Classroom{id=4, roomName='A-4', roomType='Lecture', roomCapacity=50, building=Building{id=1, buildingName='Changed name'}}, course=Course{id=5, courseName='Culture'}, teacher=Teacher{id=5, firstName='Scarlett', lastName='Nimoy', faculty=Faculty{id=3, facultyName='Faculty of Arts'}}}, Lesson{id=482, date=2021-03-05, startTime=11:10, endTime=12:50, classroom=Classroom{id=1, roomName='A-1', roomType='Class', roomCapacity=30, building=Building{id=1, buildingName='Changed name'}}, course=Course{id=5, courseName='Culture'}, teacher=Teacher{id=5, firstName='Scarlett', lastName='Nimoy', faculty=Faculty{id=3, facultyName='Faculty of Arts'}}}, Lesson{id=483, date=2021-03-05, startTime=13:00, endTime=14:40, classroom=Classroom{id=2, roomName='A-2', roomType='Class', roomCapacity=30, building=Building{id=1, buildingName='Changed name'}}, course=Course{id=1, courseName='History'}, teacher=Teacher{id=1, firstName='Albert', lastName='Sykes', faculty=Faculty{id=3, facultyName='Faculty of Arts'}}}, Lesson{id=484, date=2021-03-05, startTime=14:50, endTime=16:30, classroom=Classroom{id=3, roomName='A-3', roomType='Class', roomCapacity=30, building=Building{id=1, buildingName='Changed name'}}, course=Course{id=1, courseName='History'}, teacher=Teacher{id=1, firstName='Albert', lastName='Sykes', faculty=Faculty{id=3, facultyName='Faculty of Arts'}}}, Lesson{id=485, date=2021-03-05, startTime=16:40, endTime=18:20, classroom=Classroom{id=4, roomName='A-4', roomType='Lecture', roomCapacity=50, building=Building{id=1, buildingName='Changed name'}}, course=Course{id=2, courseName='Philosophy'}, teacher=Teacher{id=2, firstName='Stanley', lastName='Gruber', faculty=Faculty{id=3, facultyName='Faculty of Arts'}}}, Lesson{id=486, date=2021-03-05, startTime=09:20, endTime=11:00, classroom=Classroom{id=9, roomName='New name', roomType='Lecture', roomCapacity=50, building=Building{id=2, buildingName='B'}}, course=Course{id=6, courseName='Biology'}, teacher=Teacher{id=6, firstName='Ellie', lastName='Purh', faculty=Faculty{id=1, facultyName='Changed faculty name'}}}, Lesson{id=487, date=2021-03-05, startTime=11:10, endTime=12:50, classroom=Classroom{id=9, roomName='New name', roomType='Lecture', roomCapacity=50, building=Building{id=2, buildingName='B'}}, course=Course{id=6, courseName='Biology'}, teacher=Teacher{id=6, firstName='Ellie', lastName='Purh', faculty=Faculty{id=1, facultyName='Changed faculty name'}}}, Lesson{id=488, date=2021-03-05, startTime=13:00, endTime=14:40, classroom=Classroom{id=6, roomName='B-1', roomType='Class', roomCapacity=30, building=Building{id=2, buildingName='B'}}, course=Course{id=6, courseName='Biology'}, teacher=Teacher{id=7, firstName='Charlie', lastName='Byrne', faculty=Faculty{id=1, facultyName='Changed faculty name'}}}, Lesson{id=489, date=2021-03-05, startTime=14:50, endTime=16:30, classroom=Classroom{id=7, roomName='B-2', roomType='Class', roomCapacity=30, building=Building{id=2, buildingName='B'}}, course=Course{id=6, courseName='Biology'}, teacher=Teacher{id=7, firstName='Charlie', lastName='Byrne', faculty=Faculty{id=1, facultyName='Changed faculty name'}}}, Lesson{id=490, date=2021-03-05, startTime=16:40, endTime=18:20, classroom=Classroom{id=10, roomName='B-5', roomType='Laboratory', roomCapacity=10, building=Building{id=2, buildingName='B'}}, course=Course{id=6, courseName='Biology'}, teacher=Teacher{id=7, firstName='Charlie', lastName='Byrne', faculty=Faculty{id=1, facultyName='Changed faculty name'}}}, Lesson{id=491, date=2021-03-05, startTime=09:20, endTime=11:00, classroom=Classroom{id=14, roomName='C-4', roomType='Lecture', roomCapacity=50, building=Building{id=3, buildingName='C'}}, course=Course{id=9, courseName='Physics'}, teacher=Teacher{id=11, firstName='Sophia', lastName='Roos', faculty=Faculty{id=2, facultyName='Technical Sciences Faculty'}}}, Lesson{id=492, date=2021-03-05, startTime=11:10, endTime=12:50, classroom=Classroom{id=14, roomName='C-4', roomType='Lecture', roomCapacity=50, building=Building{id=3, buildingName='C'}}, course=Course{id=10, courseName='Geometry'}, teacher=Teacher{id=12, firstName='Mia', lastName='Brown', faculty=Faculty{id=2, facultyName='Technical Sciences Faculty'}}}, Lesson{id=493, date=2021-03-05, startTime=13:00, endTime=14:40, classroom=Classroom{id=13, roomName='C-3', roomType='Class', roomCapacity=30, building=Building{id=3, buildingName='C'}}, course=Course{id=8, courseName='Mathematics'}, teacher=Teacher{id=10, firstName='Joshua', lastName='Eve', faculty=Faculty{id=2, facultyName='Technical Sciences Faculty'}}}, Lesson{id=494, date=2021-03-05, startTime=14:50, endTime=16:30, classroom=Classroom{id=15, roomName='C-5', roomType='Laboratory', roomCapacity=10, building=Building{id=3, buildingName='C'}}, course=Course{id=9, courseName='Physics'}, teacher=Teacher{id=11, firstName='Sophia', lastName='Roos', faculty=Faculty{id=2, facultyName='Technical Sciences Faculty'}}}, Lesson{id=496, date=2021-12-07, startTime=09:20, endTime=10:00, classroom=Classroom{id=1, roomName='A-1', roomType='Class', roomCapacity=30, building=Building{id=1, buildingName='Changed name'}}, course=Course{id=1, courseName='History'}, teacher=Teacher{id=1, firstName='Albert', lastName='Sykes', faculty=Faculty{id=3, facultyName='Faculty of Arts'}}}]
Hibernate: select lesson0_.id as id1_4_0_, lesson0_.classroom_id as classroo5_4_0_, lesson0_.course_id as course_i6_4_0_, lesson0_.date as date2_4_0_, lesson0_.end_time as end_time3_4_0_, lesson0_.start_time as start_ti4_4_0_, lesson0_.teacher_id as teacher_7_4_0_, classroom1_.id as id1_1_1_, classroom1_.building_id as building5_1_1_, classroom1_.room_capacity as room_cap2_1_1_, classroom1_.room_name as room_nam3_1_1_, classroom1_.room_type as room_typ4_1_1_, building2_.id as id1_0_2_, building2_.building_name as building2_0_2_, course3_.id as id1_2_3_, course3_.course_name as course_n2_2_3_, courseteac4_.course_id as course_i2_8_4_, teacher5_.id as teacher_1_8_4_, teacher5_.id as id1_7_5_, teacher5_.faculty_id as faculty_4_7_5_, teacher5_.first_name as first_na2_7_5_, teacher5_.last_name as last_nam3_7_5_, faculty6_.id as id1_3_6_, faculty6_.faculty_name as faculty_2_3_6_, teacher7_.id as id1_7_7_, teacher7_.faculty_id as faculty_4_7_7_, teacher7_.first_name as first_na2_7_7_, teacher7_.last_name as last_nam3_7_7_ from lessons lesson0_ left outer join classrooms classroom1_ on lesson0_.classroom_id=classroom1_.id left outer join buildings building2_ on classroom1_.building_id=building2_.id left outer join courses course3_ on lesson0_.course_id=course3_.id left outer join teachers_courses courseteac4_ on course3_.id=courseteac4_.course_id left outer join teachers teacher5_ on courseteac4_.teacher_id=teacher5_.id left outer join faculties faculty6_ on teacher5_.faculty_id=faculty6_.id left outer join teachers teacher7_ on lesson0_.teacher_id=teacher7_.id where lesson0_.id=?
Hibernate: select teachercou0_.teacher_id as teacher_1_8_0_, teachercou0_.course_id as course_i2_8_0_, course1_.id as id1_2_1_, course1_.course_name as course_n2_2_1_ from teachers_courses teachercou0_ inner join courses course1_ on teachercou0_.course_id=course1_.id where teachercou0_.teacher_id=?
26 Feb;19:05:41.354 [main] INFO  u.c.f.c.service.LessonService - getById: lesson = Lesson{id=496, date=2021-12-07, startTime=09:20, endTime=10:00, classroom=Classroom{id=1, roomName='A-1', roomType='Class', roomCapacity=30, building=Building{id=1, buildingName='Changed name'}}, course=Course{id=1, courseName='History'}, teacher=Teacher{id=1, firstName='Albert', lastName='Sykes', faculty=Faculty{id=3, facultyName='Faculty of Arts'}}}
]]></system-out>
  </testcase>
  <testcase name="should_updateLesson_when_controllerCallsAddToDBMethod" classname="ua.com.foxminded.classtimetable.controllers.rest.LessonRestControllerIntegrationTest" time="0.022">
    <system-out><![CDATA[Hibernate: select lesson0_.id as id1_4_0_, lesson0_.classroom_id as classroo5_4_0_, lesson0_.course_id as course_i6_4_0_, lesson0_.date as date2_4_0_, lesson0_.end_time as end_time3_4_0_, lesson0_.start_time as start_ti4_4_0_, lesson0_.teacher_id as teacher_7_4_0_, classroom1_.id as id1_1_1_, classroom1_.building_id as building5_1_1_, classroom1_.room_capacity as room_cap2_1_1_, classroom1_.room_name as room_nam3_1_1_, classroom1_.room_type as room_typ4_1_1_, building2_.id as id1_0_2_, building2_.building_name as building2_0_2_, course3_.id as id1_2_3_, course3_.course_name as course_n2_2_3_, courseteac4_.course_id as course_i2_8_4_, teacher5_.id as teacher_1_8_4_, teacher5_.id as id1_7_5_, teacher5_.faculty_id as faculty_4_7_5_, teacher5_.first_name as first_na2_7_5_, teacher5_.last_name as last_nam3_7_5_, faculty6_.id as id1_3_6_, faculty6_.faculty_name as faculty_2_3_6_, teacher7_.id as id1_7_7_, teacher7_.faculty_id as faculty_4_7_7_, teacher7_.first_name as first_na2_7_7_, teacher7_.last_name as last_nam3_7_7_ from lessons lesson0_ left outer join classrooms classroom1_ on lesson0_.classroom_id=classroom1_.id left outer join buildings building2_ on classroom1_.building_id=building2_.id left outer join courses course3_ on lesson0_.course_id=course3_.id left outer join teachers_courses courseteac4_ on course3_.id=courseteac4_.course_id left outer join teachers teacher5_ on courseteac4_.teacher_id=teacher5_.id left outer join faculties faculty6_ on teacher5_.faculty_id=faculty6_.id left outer join teachers teacher7_ on lesson0_.teacher_id=teacher7_.id where lesson0_.id=?
Hibernate: select teachercou0_.teacher_id as teacher_1_8_0_, teachercou0_.course_id as course_i2_8_0_, course1_.id as id1_2_1_, course1_.course_name as course_n2_2_1_ from teachers_courses teachercou0_ inner join courses course1_ on teachercou0_.course_id=course1_.id where teachercou0_.teacher_id=?
26 Feb;19:05:41.360 [main] INFO  u.c.f.c.service.LessonService - getById: lesson = Lesson{id=1, date=2021-01-20, startTime=09:20, endTime=11:00, classroom=Classroom{id=4, roomName='A-4', roomType='Lecture', roomCapacity=50, building=Building{id=1, buildingName='Changed name'}}, course=Course{id=3, courseName='Name'}, teacher=Teacher{id=3, firstName='Freya', lastName='Shepp', faculty=Faculty{id=3, facultyName='Faculty of Arts'}}}
Hibernate: select classroom0_.id as id1_1_0_, classroom0_.building_id as building5_1_0_, classroom0_.room_capacity as room_cap2_1_0_, classroom0_.room_name as room_nam3_1_0_, classroom0_.room_type as room_typ4_1_0_, building1_.id as id1_0_1_, building1_.building_name as building2_0_1_ from classrooms classroom0_ left outer join buildings building1_ on classroom0_.building_id=building1_.id where classroom0_.id=?
Hibernate: select course0_.id as id1_2_0_, course0_.course_name as course_n2_2_0_, courseteac1_.course_id as course_i2_8_1_, teacher2_.id as teacher_1_8_1_, teacher2_.id as id1_7_2_, teacher2_.faculty_id as faculty_4_7_2_, teacher2_.first_name as first_na2_7_2_, teacher2_.last_name as last_nam3_7_2_, faculty3_.id as id1_3_3_, faculty3_.faculty_name as faculty_2_3_3_ from courses course0_ left outer join teachers_courses courseteac1_ on course0_.id=courseteac1_.course_id left outer join teachers teacher2_ on courseteac1_.teacher_id=teacher2_.id left outer join faculties faculty3_ on teacher2_.faculty_id=faculty3_.id where course0_.id=?
Hibernate: select teachercou0_.teacher_id as teacher_1_8_0_, teachercou0_.course_id as course_i2_8_0_, course1_.id as id1_2_1_, course1_.course_name as course_n2_2_1_ from teachers_courses teachercou0_ inner join courses course1_ on teachercou0_.course_id=course1_.id where teachercou0_.teacher_id=?
Hibernate: select teacher0_.id as id1_7_0_, teacher0_.faculty_id as faculty_4_7_0_, teacher0_.first_name as first_na2_7_0_, teacher0_.last_name as last_nam3_7_0_, faculty1_.id as id1_3_1_, faculty1_.faculty_name as faculty_2_3_1_, teachercou2_.teacher_id as teacher_1_8_2_, course3_.id as course_i2_8_2_, course3_.id as id1_2_3_, course3_.course_name as course_n2_2_3_ from teachers teacher0_ left outer join faculties faculty1_ on teacher0_.faculty_id=faculty1_.id left outer join teachers_courses teachercou2_ on teacher0_.id=teachercou2_.teacher_id left outer join courses course3_ on teachercou2_.course_id=course3_.id where teacher0_.id=?
Hibernate: select courseteac0_.course_id as course_i2_8_0_, courseteac0_.teacher_id as teacher_1_8_0_, teacher1_.id as id1_7_1_, teacher1_.faculty_id as faculty_4_7_1_, teacher1_.first_name as first_na2_7_1_, teacher1_.last_name as last_nam3_7_1_, faculty2_.id as id1_3_2_, faculty2_.faculty_name as faculty_2_3_2_ from teachers_courses courseteac0_ inner join teachers teacher1_ on courseteac0_.teacher_id=teacher1_.id left outer join faculties faculty2_ on teacher1_.faculty_id=faculty2_.id where courseteac0_.course_id=?
26 Feb;19:05:41.365 [main] INFO  u.c.f.c.service.LessonService - update: lesson = Lesson{id=1, date=2021-01-20, startTime=09:20, endTime=11:00, classroom=Classroom{id=3, roomName='A-3', roomType='Class', roomCapacity=30, building=Building{id=1, buildingName='Changed name'}}, course=Course{id=3, courseName='Name'}, teacher=Teacher{id=3, firstName='Freya', lastName='Shepp', faculty=Faculty{id=3, facultyName='Faculty of Arts'}}}
Hibernate: select lesson0_.id as id1_4_0_, lesson0_.classroom_id as classroo5_4_0_, lesson0_.course_id as course_i6_4_0_, lesson0_.date as date2_4_0_, lesson0_.end_time as end_time3_4_0_, lesson0_.start_time as start_ti4_4_0_, lesson0_.teacher_id as teacher_7_4_0_ from lessons lesson0_ where lesson0_.id=?
Hibernate: select classroom0_.id as id1_1_0_, classroom0_.building_id as building5_1_0_, classroom0_.room_capacity as room_cap2_1_0_, classroom0_.room_name as room_nam3_1_0_, classroom0_.room_type as room_typ4_1_0_ from classrooms classroom0_ where classroom0_.id=?
Hibernate: select building0_.id as id1_0_0_, building0_.building_name as building2_0_0_ from buildings building0_ where building0_.id=?
Hibernate: select course0_.id as id1_2_0_, course0_.course_name as course_n2_2_0_ from courses course0_ where course0_.id=?
Hibernate: select teacher0_.id as id1_7_0_, teacher0_.faculty_id as faculty_4_7_0_, teacher0_.first_name as first_na2_7_0_, teacher0_.last_name as last_nam3_7_0_ from teachers teacher0_ where teacher0_.id=?
Hibernate: select faculty0_.id as id1_3_0_, faculty0_.faculty_name as faculty_2_3_0_ from faculties faculty0_ where faculty0_.id=?
Hibernate: select teachercou0_.teacher_id as teacher_1_8_0_, teachercou0_.course_id as course_i2_8_0_, course1_.id as id1_2_1_, course1_.course_name as course_n2_2_1_ from teachers_courses teachercou0_ inner join courses course1_ on teachercou0_.course_id=course1_.id where teachercou0_.teacher_id=?
Hibernate: select courseteac0_.course_id as course_i2_8_0_, courseteac0_.teacher_id as teacher_1_8_0_, teacher1_.id as id1_7_1_, teacher1_.faculty_id as faculty_4_7_1_, teacher1_.first_name as first_na2_7_1_, teacher1_.last_name as last_nam3_7_1_, faculty2_.id as id1_3_2_, faculty2_.faculty_name as faculty_2_3_2_ from teachers_courses courseteac0_ inner join teachers teacher1_ on courseteac0_.teacher_id=teacher1_.id left outer join faculties faculty2_ on teacher1_.faculty_id=faculty2_.id where courseteac0_.course_id=?
Hibernate: select classroom0_.id as id1_1_0_, classroom0_.building_id as building5_1_0_, classroom0_.room_capacity as room_cap2_1_0_, classroom0_.room_name as room_nam3_1_0_, classroom0_.room_type as room_typ4_1_0_, building1_.id as id1_0_1_, building1_.building_name as building2_0_1_ from classrooms classroom0_ left outer join buildings building1_ on classroom0_.building_id=building1_.id where classroom0_.id=?
Hibernate: update lessons set classroom_id=?, course_id=?, date=?, end_time=?, start_time=?, teacher_id=? where id=?
Hibernate: select lesson0_.id as id1_4_0_, lesson0_.classroom_id as classroo5_4_0_, lesson0_.course_id as course_i6_4_0_, lesson0_.date as date2_4_0_, lesson0_.end_time as end_time3_4_0_, lesson0_.start_time as start_ti4_4_0_, lesson0_.teacher_id as teacher_7_4_0_, classroom1_.id as id1_1_1_, classroom1_.building_id as building5_1_1_, classroom1_.room_capacity as room_cap2_1_1_, classroom1_.room_name as room_nam3_1_1_, classroom1_.room_type as room_typ4_1_1_, building2_.id as id1_0_2_, building2_.building_name as building2_0_2_, course3_.id as id1_2_3_, course3_.course_name as course_n2_2_3_, courseteac4_.course_id as course_i2_8_4_, teacher5_.id as teacher_1_8_4_, teacher5_.id as id1_7_5_, teacher5_.faculty_id as faculty_4_7_5_, teacher5_.first_name as first_na2_7_5_, teacher5_.last_name as last_nam3_7_5_, faculty6_.id as id1_3_6_, faculty6_.faculty_name as faculty_2_3_6_, teacher7_.id as id1_7_7_, teacher7_.faculty_id as faculty_4_7_7_, teacher7_.first_name as first_na2_7_7_, teacher7_.last_name as last_nam3_7_7_ from lessons lesson0_ left outer join classrooms classroom1_ on lesson0_.classroom_id=classroom1_.id left outer join buildings building2_ on classroom1_.building_id=building2_.id left outer join courses course3_ on lesson0_.course_id=course3_.id left outer join teachers_courses courseteac4_ on course3_.id=courseteac4_.course_id left outer join teachers teacher5_ on courseteac4_.teacher_id=teacher5_.id left outer join faculties faculty6_ on teacher5_.faculty_id=faculty6_.id left outer join teachers teacher7_ on lesson0_.teacher_id=teacher7_.id where lesson0_.id=?
Hibernate: select teachercou0_.teacher_id as teacher_1_8_0_, teachercou0_.course_id as course_i2_8_0_, course1_.id as id1_2_1_, course1_.course_name as course_n2_2_1_ from teachers_courses teachercou0_ inner join courses course1_ on teachercou0_.course_id=course1_.id where teachercou0_.teacher_id=?
26 Feb;19:05:41.376 [main] INFO  u.c.f.c.service.LessonService - getById: lesson = Lesson{id=1, date=2021-01-20, startTime=09:20, endTime=11:00, classroom=Classroom{id=3, roomName='A-3', roomType='Class', roomCapacity=30, building=Building{id=1, buildingName='Changed name'}}, course=Course{id=3, courseName='Name'}, teacher=Teacher{id=3, firstName='Freya', lastName='Shepp', faculty=Faculty{id=3, facultyName='Faculty of Arts'}}}
]]></system-out>
  </testcase>
</testsuite>