<?xml version="1.0" encoding="UTF-8"?>
<testsuite xmlns:xsi="http://www.w3.org/2001/XMLSchema-instance" xsi:noNamespaceSchemaLocation="https://maven.apache.org/surefire/maven-surefire-plugin/xsd/surefire-test-report-3.0.xsd" version="3.0" name="ua.com.foxminded.classtimetable.controllers.ui.StudentControllerTest" time="0.269" tests="6" errors="0" skipped="0" failures="0">
  <properties>
    <property name="sun.desktop" value="windows"/>
    <property name="awt.toolkit" value="sun.awt.windows.WToolkit"/>
    <property name="file.encoding.pkg" value="sun.io"/>
    <property name="java.specification.version" value="1.8"/>
    <property name="sun.cpu.isalist" value="amd64"/>
    <property name="sun.jnu.encoding" value="Cp1251"/>
    <property name="java.class.path" value="E:\1_Java_Work\IDEA_Workspace_22_02_2023\Classtimetable\target\test-classes;E:\1_Java_Work\IDEA_Workspace_22_02_2023\Classtimetable\target\classes;C:\Users\Admin\.m2\repository\org\springframework\boot\spring-boot-starter\2.3.10.RELEASE\spring-boot-starter-2.3.10.RELEASE.jar;C:\Users\Admin\.m2\repository\org\springframework\boot\spring-boot\2.3.10.RELEASE\spring-boot-2.3.10.RELEASE.jar;C:\Users\Admin\.m2\repository\org\springframework\spring-context\5.2.14.RELEASE\spring-context-5.2.14.RELEASE.jar;C:\Users\Admin\.m2\repository\org\springframework\boot\spring-boot-autoconfigure\2.3.10.RELEASE\spring-boot-autoconfigure-2.3.10.RELEASE.jar;C:\Users\Admin\.m2\repository\org\springframework\boot\spring-boot-starter-logging\2.3.10.RELEASE\spring-boot-starter-logging-2.3.10.RELEASE.jar;C:\Users\Admin\.m2\repository\org\apache\logging\log4j\log4j-to-slf4j\2.13.3\log4j-to-slf4j-2.13.3.jar;C:\Users\Admin\.m2\repository\org\apache\logging\log4j\log4j-api\2.13.3\log4j-api-2.13.3.jar;C:\Users\Admin\.m2\repository\org\slf4j\jul-to-slf4j\1.7.30\jul-to-slf4j-1.7.30.jar;C:\Users\Admin\.m2\repository\jakarta\annotation\jakarta.annotation-api\1.3.5\jakarta.annotation-api-1.3.5.jar;C:\Users\Admin\.m2\repository\org\springframework\spring-core\5.2.14.RELEASE\spring-core-5.2.14.RELEASE.jar;C:\Users\Admin\.m2\repository\org\springframework\spring-jcl\5.2.14.RELEASE\spring-jcl-5.2.14.RELEASE.jar;C:\Users\Admin\.m2\repository\org\yaml\snakeyaml\1.26\snakeyaml-1.26.jar;C:\Users\Admin\.m2\repository\org\springframework\boot\spring-boot-starter-web\2.3.10.RELEASE\spring-boot-starter-web-2.3.10.RELEASE.jar;C:\Users\Admin\.m2\repository\org\springframework\boot\spring-boot-starter-json\2.3.10.RELEASE\spring-boot-starter-json-2.3.10.RELEASE.jar;C:\Users\Admin\.m2\repository\com\fasterxml\jackson\core\jackson-databind\2.11.4\jackson-databind-2.11.4.jar;C:\Users\Admin\.m2\repository\com\fasterxml\jackson\core\jackson-annotations\2.11.4\jackson-annotations-2.11.4.jar;C:\Users\Admin\.m2\repository\com\fasterxml\jackson\datatype\jackson-datatype-jdk8\2.11.4\jackson-datatype-jdk8-2.11.4.jar;C:\Users\Admin\.m2\repository\com\fasterxml\jackson\datatype\jackson-datatype-jsr310\2.11.4\jackson-datatype-jsr310-2.11.4.jar;C:\Users\Admin\.m2\repository\com\fasterxml\jackson\module\jackson-module-parameter-names\2.11.4\jackson-module-parameter-names-2.11.4.jar;C:\Users\Admin\.m2\repository\org\springframework\boot\spring-boot-starter-tomcat\2.3.10.RELEASE\spring-boot-starter-tomcat-2.3.10.RELEASE.jar;C:\Users\Admin\.m2\repository\org\apache\tomcat\embed\tomcat-embed-core\9.0.45\tomcat-embed-core-9.0.45.jar;C:\Users\Admin\.m2\repository\org\apache\tomcat\embed\tomcat-embed-websocket\9.0.45\tomcat-embed-websocket-9.0.45.jar;C:\Users\Admin\.m2\repository\org\springframework\spring-web\5.2.14.RELEASE\spring-web-5.2.14.RELEASE.jar;C:\Users\Admin\.m2\repository\org\springframework\spring-beans\5.2.14.RELEASE\spring-beans-5.2.14.RELEASE.jar;C:\Users\Admin\.m2\repository\org\springframework\spring-webmvc\5.2.14.RELEASE\spring-webmvc-5.2.14.RELEASE.jar;C:\Users\Admin\.m2\repository\org\springframework\spring-aop\5.2.14.RELEASE\spring-aop-5.2.14.RELEASE.jar;C:\Users\Admin\.m2\repository\org\springframework\spring-expression\5.2.14.RELEASE\spring-expression-5.2.14.RELEASE.jar;C:\Users\Admin\.m2\repository\org\springframework\boot\spring-boot-starter-thymeleaf\2.3.10.RELEASE\spring-boot-starter-thymeleaf-2.3.10.RELEASE.jar;C:\Users\Admin\.m2\repository\org\thymeleaf\thymeleaf-spring5\3.0.12.RELEASE\thymeleaf-spring5-3.0.12.RELEASE.jar;C:\Users\Admin\.m2\repository\org\thymeleaf\thymeleaf\3.0.12.RELEASE\thymeleaf-3.0.12.RELEASE.jar;C:\Users\Admin\.m2\repository\org\attoparser\attoparser\2.0.5.RELEASE\attoparser-2.0.5.RELEASE.jar;C:\Users\Admin\.m2\repository\org\unbescape\unbescape\1.1.6.RELEASE\unbescape-1.1.6.RELEASE.jar;C:\Users\Admin\.m2\repository\org\thymeleaf\extras\thymeleaf-extras-java8time\3.0.4.RELEASE\thymeleaf-extras-java8time-3.0.4.RELEASE.jar;C:\Users\Admin\.m2\repository\org\springframework\boot\spring-boot-starter-data-jpa\2.3.10.RELEASE\spring-boot-starter-data-jpa-2.3.10.RELEASE.jar;C:\Users\Admin\.m2\repository\org\springframework\boot\spring-boot-starter-aop\2.3.10.RELEASE\spring-boot-starter-aop-2.3.10.RELEASE.jar;C:\Users\Admin\.m2\repository\org\aspectj\aspectjweaver\1.9.6\aspectjweaver-1.9.6.jar;C:\Users\Admin\.m2\repository\org\springframework\boot\spring-boot-starter-jdbc\2.3.10.RELEASE\spring-boot-starter-jdbc-2.3.10.RELEASE.jar;C:\Users\Admin\.m2\repository\com\zaxxer\HikariCP\3.4.5\HikariCP-3.4.5.jar;C:\Users\Admin\.m2\repository\org\springframework\spring-jdbc\5.2.14.RELEASE\spring-jdbc-5.2.14.RELEASE.jar;C:\Users\Admin\.m2\repository\jakarta\transaction\jakarta.transaction-api\1.3.3\jakarta.transaction-api-1.3.3.jar;C:\Users\Admin\.m2\repository\jakarta\persistence\jakarta.persistence-api\2.2.3\jakarta.persistence-api-2.2.3.jar;C:\Users\Admin\.m2\repository\org\springframework\data\spring-data-jpa\2.3.9.RELEASE\spring-data-jpa-2.3.9.RELEASE.jar;C:\Users\Admin\.m2\repository\org\springframework\data\spring-data-commons\2.3.9.RELEASE\spring-data-commons-2.3.9.RELEASE.jar;C:\Users\Admin\.m2\repository\org\springframework\spring-orm\5.2.14.RELEASE\spring-orm-5.2.14.RELEASE.jar;C:\Users\Admin\.m2\repository\org\springframework\spring-tx\5.2.14.RELEASE\spring-tx-5.2.14.RELEASE.jar;C:\Users\Admin\.m2\repository\org\springframework\spring-aspects\5.2.14.RELEASE\spring-aspects-5.2.14.RELEASE.jar;C:\Users\Admin\.m2\repository\org\springframework\boot\spring-boot-starter-validation\2.3.10.RELEASE\spring-boot-starter-validation-2.3.10.RELEASE.jar;C:\Users\Admin\.m2\repository\org\glassfish\jakarta.el\3.0.3\jakarta.el-3.0.3.jar;C:\Users\Admin\.m2\repository\org\springframework\boot\spring-boot-starter-test\2.3.10.RELEASE\spring-boot-starter-test-2.3.10.RELEASE.jar;C:\Users\Admin\.m2\repository\org\springframework\boot\spring-boot-test\2.3.10.RELEASE\spring-boot-test-2.3.10.RELEASE.jar;C:\Users\Admin\.m2\repository\org\springframework\boot\spring-boot-test-autoconfigure\2.3.10.RELEASE\spring-boot-test-autoconfigure-2.3.10.RELEASE.jar;C:\Users\Admin\.m2\repository\com\jayway\jsonpath\json-path\2.4.0\json-path-2.4.0.jar;C:\Users\Admin\.m2\repository\net\minidev\json-smart\2.3\json-smart-2.3.jar;C:\Users\Admin\.m2\repository\net\minidev\accessors-smart\1.2\accessors-smart-1.2.jar;C:\Users\Admin\.m2\repository\org\ow2\asm\asm\5.0.4\asm-5.0.4.jar;C:\Users\Admin\.m2\repository\jakarta\xml\bind\jakarta.xml.bind-api\2.3.3\jakarta.xml.bind-api-2.3.3.jar;C:\Users\Admin\.m2\repository\jakarta\activation\jakarta.activation-api\1.2.2\jakarta.activation-api-1.2.2.jar;C:\Users\Admin\.m2\repository\org\assertj\assertj-core\3.16.1\assertj-core-3.16.1.jar;C:\Users\Admin\.m2\repository\org\hamcrest\hamcrest\2.2\hamcrest-2.2.jar;C:\Users\Admin\.m2\repository\org\junit\jupiter\junit-jupiter\5.6.3\junit-jupiter-5.6.3.jar;C:\Users\Admin\.m2\repository\org\junit\jupiter\junit-jupiter-api\5.6.3\junit-jupiter-api-5.6.3.jar;C:\Users\Admin\.m2\repository\org\opentest4j\opentest4j\1.2.0\opentest4j-1.2.0.jar;C:\Users\Admin\.m2\repository\org\junit\platform\junit-platform-commons\1.6.3\junit-platform-commons-1.6.3.jar;C:\Users\Admin\.m2\repository\org\junit\jupiter\junit-jupiter-params\5.6.3\junit-jupiter-params-5.6.3.jar;C:\Users\Admin\.m2\repository\org\junit\jupiter\junit-jupiter-engine\5.6.3\junit-jupiter-engine-5.6.3.jar;C:\Users\Admin\.m2\repository\org\junit\vintage\junit-vintage-engine\5.6.3\junit-vintage-engine-5.6.3.jar;C:\Users\Admin\.m2\repository\org\apiguardian\apiguardian-api\1.1.0\apiguardian-api-1.1.0.jar;C:\Users\Admin\.m2\repository\org\junit\platform\junit-platform-engine\1.6.3\junit-platform-engine-1.6.3.jar;C:\Users\Admin\.m2\repository\junit\junit\4.13.2\junit-4.13.2.jar;C:\Users\Admin\.m2\repository\org\mockito\mockito-junit-jupiter\3.3.3\mockito-junit-jupiter-3.3.3.jar;C:\Users\Admin\.m2\repository\org\skyscreamer\jsonassert\1.5.0\jsonassert-1.5.0.jar;C:\Users\Admin\.m2\repository\com\vaadin\external\google\android-json\0.0.20131108.vaadin1\android-json-0.0.20131108.vaadin1.jar;C:\Users\Admin\.m2\repository\org\springframework\spring-test\5.2.14.RELEASE\spring-test-5.2.14.RELEASE.jar;C:\Users\Admin\.m2\repository\org\xmlunit\xmlunit-core\2.7.0\xmlunit-core-2.7.0.jar;C:\Users\Admin\.m2\repository\org\hibernate\hibernate-core\5.4.30.Final\hibernate-core-5.4.30.Final.jar;C:\Users\Admin\.m2\repository\org\jboss\logging\jboss-logging\3.4.1.Final\jboss-logging-3.4.1.Final.jar;C:\Users\Admin\.m2\repository\javax\persistence\javax.persistence-api\2.2\javax.persistence-api-2.2.jar;C:\Users\Admin\.m2\repository\org\javassist\javassist\3.27.0-GA\javassist-3.27.0-GA.jar;C:\Users\Admin\.m2\repository\net\bytebuddy\byte-buddy\1.10.22\byte-buddy-1.10.22.jar;C:\Users\Admin\.m2\repository\antlr\antlr\2.7.7\antlr-2.7.7.jar;C:\Users\Admin\.m2\repository\org\jboss\spec\javax\transaction\jboss-transaction-api_1.2_spec\1.1.1.Final\jboss-transaction-api_1.2_spec-1.1.1.Final.jar;C:\Users\Admin\.m2\repository\org\jboss\jandex\2.2.3.Final\jandex-2.2.3.Final.jar;C:\Users\Admin\.m2\repository\com\fasterxml\classmate\1.5.1\classmate-1.5.1.jar;C:\Users\Admin\.m2\repository\javax\activation\javax.activation-api\1.2.0\javax.activation-api-1.2.0.jar;C:\Users\Admin\.m2\repository\org\dom4j\dom4j\2.1.3\dom4j-2.1.3.jar;C:\Users\Admin\.m2\repository\javax\xml\bind\jaxb-api\2.3.1\jaxb-api-2.3.1.jar;C:\Users\Admin\.m2\repository\org\glassfish\jaxb\jaxb-runtime\2.3.4\jaxb-runtime-2.3.4.jar;C:\Users\Admin\.m2\repository\org\glassfish\jaxb\txw2\2.3.4\txw2-2.3.4.jar;C:\Users\Admin\.m2\repository\com\sun\istack\istack-commons-runtime\3.0.12\istack-commons-runtime-3.0.12.jar;C:\Users\Admin\.m2\repository\com\sun\activation\jakarta.activation\1.2.2\jakarta.activation-1.2.2.jar;C:\Users\Admin\.m2\repository\org\hibernate\common\hibernate-commons-annotations\5.1.2.Final\hibernate-commons-annotations-5.1.2.Final.jar;C:\Users\Admin\.m2\repository\org\hibernate\validator\hibernate-validator\7.0.1.Final\hibernate-validator-7.0.1.Final.jar;C:\Users\Admin\.m2\repository\jakarta\validation\jakarta.validation-api\2.0.2\jakarta.validation-api-2.0.2.jar;C:\Users\Admin\.m2\repository\org\apache\commons\commons-lang3\3.11\commons-lang3-3.11.jar;C:\Users\Admin\.m2\repository\org\slf4j\slf4j-api\1.7.30\slf4j-api-1.7.30.jar;C:\Users\Admin\.m2\repository\ch\qos\logback\logback-classic\1.2.3\logback-classic-1.2.3.jar;C:\Users\Admin\.m2\repository\ch\qos\logback\logback-core\1.2.3\logback-core-1.2.3.jar;C:\Users\Admin\.m2\repository\javax\annotation\javax.annotation-api\1.3.2\javax.annotation-api-1.3.2.jar;C:\Users\Admin\.m2\repository\javax\servlet\javax.servlet-api\4.0.1\javax.servlet-api-4.0.1.jar;C:\Users\Admin\.m2\repository\org\postgresql\postgresql\42.2.18\postgresql-42.2.18.jar;C:\Users\Admin\.m2\repository\org\checkerframework\checker-qual\3.5.0\checker-qual-3.5.0.jar;C:\Users\Admin\.m2\repository\org\springdoc\springdoc-openapi-ui\1.6.1\springdoc-openapi-ui-1.6.1.jar;C:\Users\Admin\.m2\repository\org\springdoc\springdoc-openapi-webmvc-core\1.6.1\springdoc-openapi-webmvc-core-1.6.1.jar;C:\Users\Admin\.m2\repository\org\springdoc\springdoc-openapi-common\1.6.1\springdoc-openapi-common-1.6.1.jar;C:\Users\Admin\.m2\repository\io\swagger\core\v3\swagger-models\2.1.11\swagger-models-2.1.11.jar;C:\Users\Admin\.m2\repository\io\swagger\core\v3\swagger-annotations\2.1.11\swagger-annotations-2.1.11.jar;C:\Users\Admin\.m2\repository\io\swagger\core\v3\swagger-integration\2.1.11\swagger-integration-2.1.11.jar;C:\Users\Admin\.m2\repository\io\swagger\core\v3\swagger-core\2.1.11\swagger-core-2.1.11.jar;C:\Users\Admin\.m2\repository\com\fasterxml\jackson\dataformat\jackson-dataformat-yaml\2.11.4\jackson-dataformat-yaml-2.11.4.jar;C:\Users\Admin\.m2\repository\io\github\classgraph\classgraph\4.8.116\classgraph-4.8.116.jar;C:\Users\Admin\.m2\repository\org\webjars\swagger-ui\4.1.3\swagger-ui-4.1.3.jar;C:\Users\Admin\.m2\repository\org\webjars\webjars-locator-core\0.45\webjars-locator-core-0.45.jar;C:\Users\Admin\.m2\repository\com\fasterxml\jackson\core\jackson-core\2.11.4\jackson-core-2.11.4.jar;C:\Users\Admin\.m2\repository\org\mockito\mockito-core\3.7.7\mockito-core-3.7.7.jar;C:\Users\Admin\.m2\repository\net\bytebuddy\byte-buddy-agent\1.10.22\byte-buddy-agent-1.10.22.jar;C:\Users\Admin\.m2\repository\org\objenesis\objenesis\3.1\objenesis-3.1.jar;C:\Users\Admin\.m2\repository\com\h2database\h2\2.0.202\h2-2.0.202.jar;"/>
    <property name="java.vm.vendor" value="Temurin"/>
    <property name="sun.arch.data.model" value="64"/>
    <property name="user.variant" value=""/>
    <property name="java.vendor.url" value="https://adoptium.net/"/>
    <property name="user.timezone" value="Europe/Helsinki"/>
    <property name="user.country.format" value="GB"/>
    <property name="java.vm.specification.version" value="1.8"/>
    <property name="os.name" value="Windows 10"/>
    <property name="user.country" value="RU"/>
    <property name="sun.java.launcher" value="SUN_STANDARD"/>
    <property name="sun.boot.library.path" value="C:\Program Files\JAVA\jdk1.8.0_352\jre\bin"/>
    <property name="sun.java.command" value="C:\Users\Admin\AppData\Local\Temp\surefire4451887401512395404\surefirebooter4980853108217087325.jar C:\Users\Admin\AppData\Local\Temp\surefire4451887401512395404 2023-02-26T19-05-25_929-jvmRun1 surefire5098778781691221322tmp surefire_02154898216159521232tmp"/>
    <property name="surefire.test.class.path" value="E:\1_Java_Work\IDEA_Workspace_22_02_2023\Classtimetable\target\test-classes;E:\1_Java_Work\IDEA_Workspace_22_02_2023\Classtimetable\target\classes;C:\Users\Admin\.m2\repository\org\springframework\boot\spring-boot-starter\2.3.10.RELEASE\spring-boot-starter-2.3.10.RELEASE.jar;C:\Users\Admin\.m2\repository\org\springframework\boot\spring-boot\2.3.10.RELEASE\spring-boot-2.3.10.RELEASE.jar;C:\Users\Admin\.m2\repository\org\springframework\spring-context\5.2.14.RELEASE\spring-context-5.2.14.RELEASE.jar;C:\Users\Admin\.m2\repository\org\springframework\boot\spring-boot-autoconfigure\2.3.10.RELEASE\spring-boot-autoconfigure-2.3.10.RELEASE.jar;C:\Users\Admin\.m2\repository\org\springframework\boot\spring-boot-starter-logging\2.3.10.RELEASE\spring-boot-starter-logging-2.3.10.RELEASE.jar;C:\Users\Admin\.m2\repository\org\apache\logging\log4j\log4j-to-slf4j\2.13.3\log4j-to-slf4j-2.13.3.jar;C:\Users\Admin\.m2\repository\org\apache\logging\log4j\log4j-api\2.13.3\log4j-api-2.13.3.jar;C:\Users\Admin\.m2\repository\org\slf4j\jul-to-slf4j\1.7.30\jul-to-slf4j-1.7.30.jar;C:\Users\Admin\.m2\repository\jakarta\annotation\jakarta.annotation-api\1.3.5\jakarta.annotation-api-1.3.5.jar;C:\Users\Admin\.m2\repository\org\springframework\spring-core\5.2.14.RELEASE\spring-core-5.2.14.RELEASE.jar;C:\Users\Admin\.m2\repository\org\springframework\spring-jcl\5.2.14.RELEASE\spring-jcl-5.2.14.RELEASE.jar;C:\Users\Admin\.m2\repository\org\yaml\snakeyaml\1.26\snakeyaml-1.26.jar;C:\Users\Admin\.m2\repository\org\springframework\boot\spring-boot-starter-web\2.3.10.RELEASE\spring-boot-starter-web-2.3.10.RELEASE.jar;C:\Users\Admin\.m2\repository\org\springframework\boot\spring-boot-starter-json\2.3.10.RELEASE\spring-boot-starter-json-2.3.10.RELEASE.jar;C:\Users\Admin\.m2\repository\com\fasterxml\jackson\core\jackson-databind\2.11.4\jackson-databind-2.11.4.jar;C:\Users\Admin\.m2\repository\com\fasterxml\jackson\core\jackson-annotations\2.11.4\jackson-annotations-2.11.4.jar;C:\Users\Admin\.m2\repository\com\fasterxml\jackson\datatype\jackson-datatype-jdk8\2.11.4\jackson-datatype-jdk8-2.11.4.jar;C:\Users\Admin\.m2\repository\com\fasterxml\jackson\datatype\jackson-datatype-jsr310\2.11.4\jackson-datatype-jsr310-2.11.4.jar;C:\Users\Admin\.m2\repository\com\fasterxml\jackson\module\jackson-module-parameter-names\2.11.4\jackson-module-parameter-names-2.11.4.jar;C:\Users\Admin\.m2\repository\org\springframework\boot\spring-boot-starter-tomcat\2.3.10.RELEASE\spring-boot-starter-tomcat-2.3.10.RELEASE.jar;C:\Users\Admin\.m2\repository\org\apache\tomcat\embed\tomcat-embed-core\9.0.45\tomcat-embed-core-9.0.45.jar;C:\Users\Admin\.m2\repository\org\apache\tomcat\embed\tomcat-embed-websocket\9.0.45\tomcat-embed-websocket-9.0.45.jar;C:\Users\Admin\.m2\repository\org\springframework\spring-web\5.2.14.RELEASE\spring-web-5.2.14.RELEASE.jar;C:\Users\Admin\.m2\repository\org\springframework\spring-beans\5.2.14.RELEASE\spring-beans-5.2.14.RELEASE.jar;C:\Users\Admin\.m2\repository\org\springframework\spring-webmvc\5.2.14.RELEASE\spring-webmvc-5.2.14.RELEASE.jar;C:\Users\Admin\.m2\repository\org\springframework\spring-aop\5.2.14.RELEASE\spring-aop-5.2.14.RELEASE.jar;C:\Users\Admin\.m2\repository\org\springframework\spring-expression\5.2.14.RELEASE\spring-expression-5.2.14.RELEASE.jar;C:\Users\Admin\.m2\repository\org\springframework\boot\spring-boot-starter-thymeleaf\2.3.10.RELEASE\spring-boot-starter-thymeleaf-2.3.10.RELEASE.jar;C:\Users\Admin\.m2\repository\org\thymeleaf\thymeleaf-spring5\3.0.12.RELEASE\thymeleaf-spring5-3.0.12.RELEASE.jar;C:\Users\Admin\.m2\repository\org\thymeleaf\thymeleaf\3.0.12.RELEASE\thymeleaf-3.0.12.RELEASE.jar;C:\Users\Admin\.m2\repository\org\attoparser\attoparser\2.0.5.RELEASE\attoparser-2.0.5.RELEASE.jar;C:\Users\Admin\.m2\repository\org\unbescape\unbescape\1.1.6.RELEASE\unbescape-1.1.6.RELEASE.jar;C:\Users\Admin\.m2\repository\org\thymeleaf\extras\thymeleaf-extras-java8time\3.0.4.RELEASE\thymeleaf-extras-java8time-3.0.4.RELEASE.jar;C:\Users\Admin\.m2\repository\org\springframework\boot\spring-boot-starter-data-jpa\2.3.10.RELEASE\spring-boot-starter-data-jpa-2.3.10.RELEASE.jar;C:\Users\Admin\.m2\repository\org\springframework\boot\spring-boot-starter-aop\2.3.10.RELEASE\spring-boot-starter-aop-2.3.10.RELEASE.jar;C:\Users\Admin\.m2\repository\org\aspectj\aspectjweaver\1.9.6\aspectjweaver-1.9.6.jar;C:\Users\Admin\.m2\repository\org\springframework\boot\spring-boot-starter-jdbc\2.3.10.RELEASE\spring-boot-starter-jdbc-2.3.10.RELEASE.jar;C:\Users\Admin\.m2\repository\com\zaxxer\HikariCP\3.4.5\HikariCP-3.4.5.jar;C:\Users\Admin\.m2\repository\org\springframework\spring-jdbc\5.2.14.RELEASE\spring-jdbc-5.2.14.RELEASE.jar;C:\Users\Admin\.m2\repository\jakarta\transaction\jakarta.transaction-api\1.3.3\jakarta.transaction-api-1.3.3.jar;C:\Users\Admin\.m2\repository\jakarta\persistence\jakarta.persistence-api\2.2.3\jakarta.persistence-api-2.2.3.jar;C:\Users\Admin\.m2\repository\org\springframework\data\spring-data-jpa\2.3.9.RELEASE\spring-data-jpa-2.3.9.RELEASE.jar;C:\Users\Admin\.m2\repository\org\springframework\data\spring-data-commons\2.3.9.RELEASE\spring-data-commons-2.3.9.RELEASE.jar;C:\Users\Admin\.m2\repository\org\springframework\spring-orm\5.2.14.RELEASE\spring-orm-5.2.14.RELEASE.jar;C:\Users\Admin\.m2\repository\org\springframework\spring-tx\5.2.14.RELEASE\spring-tx-5.2.14.RELEASE.jar;C:\Users\Admin\.m2\repository\org\springframework\spring-aspects\5.2.14.RELEASE\spring-aspects-5.2.14.RELEASE.jar;C:\Users\Admin\.m2\repository\org\springframework\boot\spring-boot-starter-validation\2.3.10.RELEASE\spring-boot-starter-validation-2.3.10.RELEASE.jar;C:\Users\Admin\.m2\repository\org\glassfish\jakarta.el\3.0.3\jakarta.el-3.0.3.jar;C:\Users\Admin\.m2\repository\org\springframework\boot\spring-boot-starter-test\2.3.10.RELEASE\spring-boot-starter-test-2.3.10.RELEASE.jar;C:\Users\Admin\.m2\repository\org\springframework\boot\spring-boot-test\2.3.10.RELEASE\spring-boot-test-2.3.10.RELEASE.jar;C:\Users\Admin\.m2\repository\org\springframework\boot\spring-boot-test-autoconfigure\2.3.10.RELEASE\spring-boot-test-autoconfigure-2.3.10.RELEASE.jar;C:\Users\Admin\.m2\repository\com\jayway\jsonpath\json-path\2.4.0\json-path-2.4.0.jar;C:\Users\Admin\.m2\repository\net\minidev\json-smart\2.3\json-smart-2.3.jar;C:\Users\Admin\.m2\repository\net\minidev\accessors-smart\1.2\accessors-smart-1.2.jar;C:\Users\Admin\.m2\repository\org\ow2\asm\asm\5.0.4\asm-5.0.4.jar;C:\Users\Admin\.m2\repository\jakarta\xml\bind\jakarta.xml.bind-api\2.3.3\jakarta.xml.bind-api-2.3.3.jar;C:\Users\Admin\.m2\repository\jakarta\activation\jakarta.activation-api\1.2.2\jakarta.activation-api-1.2.2.jar;C:\Users\Admin\.m2\repository\org\assertj\assertj-core\3.16.1\assertj-core-3.16.1.jar;C:\Users\Admin\.m2\repository\org\hamcrest\hamcrest\2.2\hamcrest-2.2.jar;C:\Users\Admin\.m2\repository\org\junit\jupiter\junit-jupiter\5.6.3\junit-jupiter-5.6.3.jar;C:\Users\Admin\.m2\repository\org\junit\jupiter\junit-jupiter-api\5.6.3\junit-jupiter-api-5.6.3.jar;C:\Users\Admin\.m2\repository\org\opentest4j\opentest4j\1.2.0\opentest4j-1.2.0.jar;C:\Users\Admin\.m2\repository\org\junit\platform\junit-platform-commons\1.6.3\junit-platform-commons-1.6.3.jar;C:\Users\Admin\.m2\repository\org\junit\jupiter\junit-jupiter-params\5.6.3\junit-jupiter-params-5.6.3.jar;C:\Users\Admin\.m2\repository\org\junit\jupiter\junit-jupiter-engine\5.6.3\junit-jupiter-engine-5.6.3.jar;C:\Users\Admin\.m2\repository\org\junit\vintage\junit-vintage-engine\5.6.3\junit-vintage-engine-5.6.3.jar;C:\Users\Admin\.m2\repository\org\apiguardian\apiguardian-api\1.1.0\apiguardian-api-1.1.0.jar;C:\Users\Admin\.m2\repository\org\junit\platform\junit-platform-engine\1.6.3\junit-platform-engine-1.6.3.jar;C:\Users\Admin\.m2\repository\junit\junit\4.13.2\junit-4.13.2.jar;C:\Users\Admin\.m2\repository\org\mockito\mockito-junit-jupiter\3.3.3\mockito-junit-jupiter-3.3.3.jar;C:\Users\Admin\.m2\repository\org\skyscreamer\jsonassert\1.5.0\jsonassert-1.5.0.jar;C:\Users\Admin\.m2\repository\com\vaadin\external\google\android-json\0.0.20131108.vaadin1\android-json-0.0.20131108.vaadin1.jar;C:\Users\Admin\.m2\repository\org\springframework\spring-test\5.2.14.RELEASE\spring-test-5.2.14.RELEASE.jar;C:\Users\Admin\.m2\repository\org\xmlunit\xmlunit-core\2.7.0\xmlunit-core-2.7.0.jar;C:\Users\Admin\.m2\repository\org\hibernate\hibernate-core\5.4.30.Final\hibernate-core-5.4.30.Final.jar;C:\Users\Admin\.m2\repository\org\jboss\logging\jboss-logging\3.4.1.Final\jboss-logging-3.4.1.Final.jar;C:\Users\Admin\.m2\repository\javax\persistence\javax.persistence-api\2.2\javax.persistence-api-2.2.jar;C:\Users\Admin\.m2\repository\org\javassist\javassist\3.27.0-GA\javassist-3.27.0-GA.jar;C:\Users\Admin\.m2\repository\net\bytebuddy\byte-buddy\1.10.22\byte-buddy-1.10.22.jar;C:\Users\Admin\.m2\repository\antlr\antlr\2.7.7\antlr-2.7.7.jar;C:\Users\Admin\.m2\repository\org\jboss\spec\javax\transaction\jboss-transaction-api_1.2_spec\1.1.1.Final\jboss-transaction-api_1.2_spec-1.1.1.Final.jar;C:\Users\Admin\.m2\repository\org\jboss\jandex\2.2.3.Final\jandex-2.2.3.Final.jar;C:\Users\Admin\.m2\repository\com\fasterxml\classmate\1.5.1\classmate-1.5.1.jar;C:\Users\Admin\.m2\repository\javax\activation\javax.activation-api\1.2.0\javax.activation-api-1.2.0.jar;C:\Users\Admin\.m2\repository\org\dom4j\dom4j\2.1.3\dom4j-2.1.3.jar;C:\Users\Admin\.m2\repository\javax\xml\bind\jaxb-api\2.3.1\jaxb-api-2.3.1.jar;C:\Users\Admin\.m2\repository\org\glassfish\jaxb\jaxb-runtime\2.3.4\jaxb-runtime-2.3.4.jar;C:\Users\Admin\.m2\repository\org\glassfish\jaxb\txw2\2.3.4\txw2-2.3.4.jar;C:\Users\Admin\.m2\repository\com\sun\istack\istack-commons-runtime\3.0.12\istack-commons-runtime-3.0.12.jar;C:\Users\Admin\.m2\repository\com\sun\activation\jakarta.activation\1.2.2\jakarta.activation-1.2.2.jar;C:\Users\Admin\.m2\repository\org\hibernate\common\hibernate-commons-annotations\5.1.2.Final\hibernate-commons-annotations-5.1.2.Final.jar;C:\Users\Admin\.m2\repository\org\hibernate\validator\hibernate-validator\7.0.1.Final\hibernate-validator-7.0.1.Final.jar;C:\Users\Admin\.m2\repository\jakarta\validation\jakarta.validation-api\2.0.2\jakarta.validation-api-2.0.2.jar;C:\Users\Admin\.m2\repository\org\apache\commons\commons-lang3\3.11\commons-lang3-3.11.jar;C:\Users\Admin\.m2\repository\org\slf4j\slf4j-api\1.7.30\slf4j-api-1.7.30.jar;C:\Users\Admin\.m2\repository\ch\qos\logback\logback-classic\1.2.3\logback-classic-1.2.3.jar;C:\Users\Admin\.m2\repository\ch\qos\logback\logback-core\1.2.3\logback-core-1.2.3.jar;C:\Users\Admin\.m2\repository\javax\annotation\javax.annotation-api\1.3.2\javax.annotation-api-1.3.2.jar;C:\Users\Admin\.m2\repository\javax\servlet\javax.servlet-api\4.0.1\javax.servlet-api-4.0.1.jar;C:\Users\Admin\.m2\repository\org\postgresql\postgresql\42.2.18\postgresql-42.2.18.jar;C:\Users\Admin\.m2\repository\org\checkerframework\checker-qual\3.5.0\checker-qual-3.5.0.jar;C:\Users\Admin\.m2\repository\org\springdoc\springdoc-openapi-ui\1.6.1\springdoc-openapi-ui-1.6.1.jar;C:\Users\Admin\.m2\repository\org\springdoc\springdoc-openapi-webmvc-core\1.6.1\springdoc-openapi-webmvc-core-1.6.1.jar;C:\Users\Admin\.m2\repository\org\springdoc\springdoc-openapi-common\1.6.1\springdoc-openapi-common-1.6.1.jar;C:\Users\Admin\.m2\repository\io\swagger\core\v3\swagger-models\2.1.11\swagger-models-2.1.11.jar;C:\Users\Admin\.m2\repository\io\swagger\core\v3\swagger-annotations\2.1.11\swagger-annotations-2.1.11.jar;C:\Users\Admin\.m2\repository\io\swagger\core\v3\swagger-integration\2.1.11\swagger-integration-2.1.11.jar;C:\Users\Admin\.m2\repository\io\swagger\core\v3\swagger-core\2.1.11\swagger-core-2.1.11.jar;C:\Users\Admin\.m2\repository\com\fasterxml\jackson\dataformat\jackson-dataformat-yaml\2.11.4\jackson-dataformat-yaml-2.11.4.jar;C:\Users\Admin\.m2\repository\io\github\classgraph\classgraph\4.8.116\classgraph-4.8.116.jar;C:\Users\Admin\.m2\repository\org\webjars\swagger-ui\4.1.3\swagger-ui-4.1.3.jar;C:\Users\Admin\.m2\repository\org\webjars\webjars-locator-core\0.45\webjars-locator-core-0.45.jar;C:\Users\Admin\.m2\repository\com\fasterxml\jackson\core\jackson-core\2.11.4\jackson-core-2.11.4.jar;C:\Users\Admin\.m2\repository\org\mockito\mockito-core\3.7.7\mockito-core-3.7.7.jar;C:\Users\Admin\.m2\repository\net\bytebuddy\byte-buddy-agent\1.10.22\byte-buddy-agent-1.10.22.jar;C:\Users\Admin\.m2\repository\org\objenesis\objenesis\3.1\objenesis-3.1.jar;C:\Users\Admin\.m2\repository\com\h2database\h2\2.0.202\h2-2.0.202.jar;"/>
    <property name="sun.cpu.endian" value="little"/>
    <property name="user.home" value="C:\Users\Admin"/>
    <property name="user.language" value="ru"/>
    <property name="java.specification.vendor" value="Oracle Corporation"/>
    <property name="java.home" value="C:\Program Files\JAVA\jdk1.8.0_352\jre"/>
    <property name="basedir" value="E:\1_Java_Work\IDEA_Workspace_22_02_2023\Classtimetable"/>
    <property name="file.separator" value="\"/>
    <property name="line.separator" value="&#10;"/>
    <property name="java.vm.specification.vendor" value="Oracle Corporation"/>
    <property name="java.specification.name" value="Java Platform API Specification"/>
    <property name="java.awt.graphicsenv" value="sun.awt.Win32GraphicsEnvironment"/>
    <property name="java.awt.headless" value="true"/>
    <property name="surefire.real.class.path" value="C:\Users\Admin\AppData\Local\Temp\surefire4451887401512395404\surefirebooter4980853108217087325.jar;C:\\Users\\Admin\\.m2\\repository\\org\\jacoco\\org.jacoco.agent\\0.8.6\\org.jacoco.agent-0.8.6-runtime.jar"/>
    <property name="sun.boot.class.path" value="C:\Program Files\JAVA\jdk1.8.0_352\jre\lib\resources.jar;C:\Program Files\JAVA\jdk1.8.0_352\jre\lib\rt.jar;C:\Program Files\JAVA\jdk1.8.0_352\jre\lib\sunrsasign.jar;C:\Program Files\JAVA\jdk1.8.0_352\jre\lib\jsse.jar;C:\Program Files\JAVA\jdk1.8.0_352\jre\lib\jce.jar;C:\Program Files\JAVA\jdk1.8.0_352\jre\lib\charsets.jar;C:\Program Files\JAVA\jdk1.8.0_352\jre\lib\jfr.jar;C:\Program Files\JAVA\jdk1.8.0_352\jre\classes"/>
    <property name="user.script" value=""/>
    <property name="sun.management.compiler" value="HotSpot 64-Bit Tiered Compilers"/>
    <property name="java.runtime.version" value="1.8.0_352-b08"/>
    <property name="user.name" value="Admin"/>
    <property name="path.separator" value=";"/>
    <property name="os.version" value="10.0"/>
    <property name="java.endorsed.dirs" value="C:\Program Files\JAVA\jdk1.8.0_352\jre\lib\endorsed"/>
    <property name="java.runtime.name" value="OpenJDK Runtime Environment"/>
    <property name="file.encoding" value="Cp1251"/>
    <property name="spring.beaninfo.ignore" value="true"/>
    <property name="java.vm.name" value="OpenJDK 64-Bit Server VM"/>
    <property name="localRepository" value="C:\Users\Admin\.m2\repository"/>
    <property name="java.vendor.url.bug" value="https://github.com/adoptium/adoptium-support/issues"/>
    <property name="java.io.tmpdir" value="C:\Users\Admin\AppData\Local\Temp\"/>
    <property name="idea.version" value="2022.2.1"/>
    <property name="com.zaxxer.hikari.pool_number" value="1"/>
    <property name="java.version" value="1.8.0_352"/>
    <property name="user.dir" value="E:\1_Java_Work\IDEA_Workspace_22_02_2023\Classtimetable"/>
    <property name="os.arch" value="amd64"/>
    <property name="java.vm.specification.name" value="Java Virtual Machine Specification"/>
    <property name="PID" value="2332"/>
    <property name="java.awt.printerjob" value="sun.awt.windows.WPrinterJob"/>
    <property name="user.language.format" value="en"/>
    <property name="sun.os.patch.level" value=""/>
    <property name="java.library.path" value="C:\Program Files\JAVA\jdk1.8.0_352\jre\bin;C:\Windows\Sun\Java\bin;C:\Windows\system32;C:\Windows;C:\Program Files\Python2_7_13\;C:\Program Files\Python3_10\Scripts\;C:\Program Files\Python3_10\;C:\Program Files\Python3_9\Scripts\;C:\Program Files\Python3_9\;C:\Program Files\Python3_11\Scripts\;C:\Program Files\Python3_11\;C:\Program Files\Python38\Scripts\;C:\Program Files\Python38\;C:\Windows\system32;C:\Windows;C:\Windows\System32\Wbem;C:\Windows\System32\WindowsPowerShell\v1.0\;C:\Windows\System32\OpenSSH\;C:\Program Files\dotnet\;C:\Program Files\JAVA\jdk1.8.0_352\bin;C:\Program Files\MAVEN\apache-maven-3.8.6\bin;C:\ProgramData\chocolatey\bin;C:\Program Files (x86)\Yarn\bin\;C:\Program Files\nodejs\;C:\Program Files\Docker\Docker\resources\bin;C:\Program Files\Git\cmd;C:\Users\Admin\AppData\Local\Microsoft\WindowsApps;E:\1WORK_ProgramFiles\VS_Code_1,73\VSCode_2022\Microsoft VS Code\bin;E:\IntelliJ_IDEA_Community_2022.3\bin;;;C:\Users\Admin\AppData\Local\Programs\Microsoft VS Code\bin;E:\1WORK_ProgramFiles\PYTHON_3_WORK\PyCHARM_PROF_2022.2.1\bin;;C:\Users\Admin\AppData\Local\Yarn\bin;C:\Users\Admin\AppData\Roaming\npm;E:\1WORK_ProgramFiles\IDEA_Ultimate_2022.2.1\IntelliJ IDEA 2022.2.1\bin;;."/>
    <property name="java.vm.info" value="mixed mode"/>
    <property name="java.vendor" value="Temurin"/>
    <property name="java.vm.version" value="25.352-b08"/>
    <property name="java.specification.maintenance.version" value="4"/>
    <property name="java.ext.dirs" value="C:\Program Files\JAVA\jdk1.8.0_352\jre\lib\ext;C:\Windows\Sun\Java\lib\ext"/>
    <property name="sun.io.unicode.encoding" value="UnicodeLittle"/>
    <property name="java.class.version" value="52.0"/>
  </properties>
  <testcase name="should_deleteStudentFromDatabase_when_controllerCallsDeleteMethodForDeletableEntity" classname="ua.com.foxminded.classtimetable.controllers.ui.StudentControllerTest" time="0.037">
    <system-out><![CDATA[26 Feb;19:05:46.162 [main] INFO  o.s.b.t.m.w.SpringBootMockServletContext - Initializing Spring TestDispatcherServlet ''
26 Feb;19:05:46.162 [main] INFO  o.s.t.w.s.TestDispatcherServlet - Initializing Servlet ''
26 Feb;19:05:46.163 [main] INFO  o.s.t.w.s.TestDispatcherServlet - Completed initialization in 1 ms
Hibernate: select faculty0_.id as id1_3_0_, faculty0_.faculty_name as faculty_2_3_0_ from faculties faculty0_ where faculty0_.id=?
Hibernate: select course0_.id as id1_2_0_, course0_.course_name as course_n2_2_0_, courseteac1_.course_id as course_i2_8_1_, teacher2_.id as teacher_1_8_1_, teacher2_.id as id1_7_2_, teacher2_.faculty_id as faculty_4_7_2_, teacher2_.first_name as first_na2_7_2_, teacher2_.last_name as last_nam3_7_2_, faculty3_.id as id1_3_3_, faculty3_.faculty_name as faculty_2_3_3_ from courses course0_ left outer join teachers_courses courseteac1_ on course0_.id=courseteac1_.course_id left outer join teachers teacher2_ on courseteac1_.teacher_id=teacher2_.id left outer join faculties faculty3_ on teacher2_.faculty_id=faculty3_.id where course0_.id=?
Hibernate: select teachercou0_.teacher_id as teacher_1_8_0_, teachercou0_.course_id as course_i2_8_0_, course1_.id as id1_2_1_, course1_.course_name as course_n2_2_1_ from teachers_courses teachercou0_ inner join courses course1_ on teachercou0_.course_id=course1_.id where teachercou0_.teacher_id=?
Hibernate: select course0_.id as id1_2_0_, course0_.course_name as course_n2_2_0_, courseteac1_.course_id as course_i2_8_1_, teacher2_.id as teacher_1_8_1_, teacher2_.id as id1_7_2_, teacher2_.faculty_id as faculty_4_7_2_, teacher2_.first_name as first_na2_7_2_, teacher2_.last_name as last_nam3_7_2_, faculty3_.id as id1_3_3_, faculty3_.faculty_name as faculty_2_3_3_ from courses course0_ left outer join teachers_courses courseteac1_ on course0_.id=courseteac1_.course_id left outer join teachers teacher2_ on courseteac1_.teacher_id=teacher2_.id left outer join faculties faculty3_ on teacher2_.faculty_id=faculty3_.id where course0_.id=?
Hibernate: select teachercou0_.teacher_id as teacher_1_8_0_, teachercou0_.course_id as course_i2_8_0_, course1_.id as id1_2_1_, course1_.course_name as course_n2_2_1_ from teachers_courses teachercou0_ inner join courses course1_ on teachercou0_.course_id=course1_.id where teachercou0_.teacher_id=?
Hibernate: select course0_.id as id1_2_0_, course0_.course_name as course_n2_2_0_, courseteac1_.course_id as course_i2_8_1_, teacher2_.id as teacher_1_8_1_, teacher2_.id as id1_7_2_, teacher2_.faculty_id as faculty_4_7_2_, teacher2_.first_name as first_na2_7_2_, teacher2_.last_name as last_nam3_7_2_, faculty3_.id as id1_3_3_, faculty3_.faculty_name as faculty_2_3_3_ from courses course0_ left outer join teachers_courses courseteac1_ on course0_.id=courseteac1_.course_id left outer join teachers teacher2_ on courseteac1_.teacher_id=teacher2_.id left outer join faculties faculty3_ on teacher2_.faculty_id=faculty3_.id where course0_.id=?
Hibernate: select teachercou0_.teacher_id as teacher_1_8_0_, teachercou0_.course_id as course_i2_8_0_, course1_.id as id1_2_1_, course1_.course_name as course_n2_2_1_ from teachers_courses teachercou0_ inner join courses course1_ on teachercou0_.course_id=course1_.id where teachercou0_.teacher_id=?
26 Feb;19:05:46.169 [main] INFO  u.c.f.c.service.StudentService - create: student = Student{id=61, firstName='Frank', lastName='Bowman', faculty=Faculty{id=1, facultyName='Changed faculty name'}}
Hibernate: select student0_.id as id1_5_0_, student0_.faculty_id as faculty_4_5_0_, student0_.first_name as first_na2_5_0_, student0_.last_name as last_nam3_5_0_ from students student0_ where student0_.id=?
Hibernate: select faculty0_.id as id1_3_0_, faculty0_.faculty_name as faculty_2_3_0_ from faculties faculty0_ where faculty0_.id=?
Hibernate: select studentcou0_.student_id as student_1_6_0_, studentcou0_.course_id as course_i2_6_0_, course1_.id as id1_2_1_, course1_.course_name as course_n2_2_1_ from students_courses studentcou0_ inner join courses course1_ on studentcou0_.course_id=course1_.id where studentcou0_.student_id=?
Hibernate: select courseteac0_.course_id as course_i2_8_0_, courseteac0_.teacher_id as teacher_1_8_0_, teacher1_.id as id1_7_1_, teacher1_.faculty_id as faculty_4_7_1_, teacher1_.first_name as first_na2_7_1_, teacher1_.last_name as last_nam3_7_1_, faculty2_.id as id1_3_2_, faculty2_.faculty_name as faculty_2_3_2_ from teachers_courses courseteac0_ inner join teachers teacher1_ on courseteac0_.teacher_id=teacher1_.id left outer join faculties faculty2_ on teacher1_.faculty_id=faculty2_.id where courseteac0_.course_id=?
Hibernate: select teachercou0_.teacher_id as teacher_1_8_0_, teachercou0_.course_id as course_i2_8_0_, course1_.id as id1_2_1_, course1_.course_name as course_n2_2_1_ from teachers_courses teachercou0_ inner join courses course1_ on teachercou0_.course_id=course1_.id where teachercou0_.teacher_id=?
Hibernate: select teachercou0_.teacher_id as teacher_1_8_0_, teachercou0_.course_id as course_i2_8_0_, course1_.id as id1_2_1_, course1_.course_name as course_n2_2_1_ from teachers_courses teachercou0_ inner join courses course1_ on teachercou0_.course_id=course1_.id where teachercou0_.teacher_id=?
Hibernate: select courseteac0_.course_id as course_i2_8_0_, courseteac0_.teacher_id as teacher_1_8_0_, teacher1_.id as id1_7_1_, teacher1_.faculty_id as faculty_4_7_1_, teacher1_.first_name as first_na2_7_1_, teacher1_.last_name as last_nam3_7_1_, faculty2_.id as id1_3_2_, faculty2_.faculty_name as faculty_2_3_2_ from teachers_courses courseteac0_ inner join teachers teacher1_ on courseteac0_.teacher_id=teacher1_.id left outer join faculties faculty2_ on teacher1_.faculty_id=faculty2_.id where courseteac0_.course_id=?
Hibernate: select teachercou0_.teacher_id as teacher_1_8_0_, teachercou0_.course_id as course_i2_8_0_, course1_.id as id1_2_1_, course1_.course_name as course_n2_2_1_ from teachers_courses teachercou0_ inner join courses course1_ on teachercou0_.course_id=course1_.id where teachercou0_.teacher_id=?
Hibernate: select course0_.id as id1_2_0_, course0_.course_name as course_n2_2_0_, courseteac1_.course_id as course_i2_8_1_, teacher2_.id as teacher_1_8_1_, teacher2_.id as id1_7_2_, teacher2_.faculty_id as faculty_4_7_2_, teacher2_.first_name as first_na2_7_2_, teacher2_.last_name as last_nam3_7_2_, faculty3_.id as id1_3_3_, faculty3_.faculty_name as faculty_2_3_3_ from courses course0_ left outer join teachers_courses courseteac1_ on course0_.id=courseteac1_.course_id left outer join teachers teacher2_ on courseteac1_.teacher_id=teacher2_.id left outer join faculties faculty3_ on teacher2_.faculty_id=faculty3_.id where course0_.id=?
Hibernate: select teachercou0_.teacher_id as teacher_1_8_0_, teachercou0_.course_id as course_i2_8_0_, course1_.id as id1_2_1_, course1_.course_name as course_n2_2_1_ from teachers_courses teachercou0_ inner join courses course1_ on teachercou0_.course_id=course1_.id where teachercou0_.teacher_id=?
Hibernate: select course0_.id as id1_2_0_, course0_.course_name as course_n2_2_0_, courseteac1_.course_id as course_i2_8_1_, teacher2_.id as teacher_1_8_1_, teacher2_.id as id1_7_2_, teacher2_.faculty_id as faculty_4_7_2_, teacher2_.first_name as first_na2_7_2_, teacher2_.last_name as last_nam3_7_2_, faculty3_.id as id1_3_3_, faculty3_.faculty_name as faculty_2_3_3_ from courses course0_ left outer join teachers_courses courseteac1_ on course0_.id=courseteac1_.course_id left outer join teachers teacher2_ on courseteac1_.teacher_id=teacher2_.id left outer join faculties faculty3_ on teacher2_.faculty_id=faculty3_.id where course0_.id=?
Hibernate: select teachercou0_.teacher_id as teacher_1_8_0_, teachercou0_.course_id as course_i2_8_0_, course1_.id as id1_2_1_, course1_.course_name as course_n2_2_1_ from teachers_courses teachercou0_ inner join courses course1_ on teachercou0_.course_id=course1_.id where teachercou0_.teacher_id=?
Hibernate: select course0_.id as id1_2_0_, course0_.course_name as course_n2_2_0_, courseteac1_.course_id as course_i2_8_1_, teacher2_.id as teacher_1_8_1_, teacher2_.id as id1_7_2_, teacher2_.faculty_id as faculty_4_7_2_, teacher2_.first_name as first_na2_7_2_, teacher2_.last_name as last_nam3_7_2_, faculty3_.id as id1_3_3_, faculty3_.faculty_name as faculty_2_3_3_ from courses course0_ left outer join teachers_courses courseteac1_ on course0_.id=courseteac1_.course_id left outer join teachers teacher2_ on courseteac1_.teacher_id=teacher2_.id left outer join faculties faculty3_ on teacher2_.faculty_id=faculty3_.id where course0_.id=?
Hibernate: select teachercou0_.teacher_id as teacher_1_8_0_, teachercou0_.course_id as course_i2_8_0_, course1_.id as id1_2_1_, course1_.course_name as course_n2_2_1_ from teachers_courses teachercou0_ inner join courses course1_ on teachercou0_.course_id=course1_.id where teachercou0_.teacher_id=?
Hibernate: update students set faculty_id=?, first_name=?, last_name=? where id=?
Hibernate: delete from students_courses where student_id=? and course_id=?
Hibernate: delete from students_courses where student_id=? and course_id=?
Hibernate: insert into students_courses (student_id, course_id) values (?, ?)
Hibernate: insert into students_courses (student_id, course_id) values (?, ?)
Hibernate: insert into students_courses (student_id, course_id) values (?, ?)
26 Feb;19:05:46.186 [main] WARN  o.s.validation.DataBinder - Skipping URI variable 'id' because request contains bind value with same name.
26 Feb;19:05:46.189 [main] INFO  u.c.f.c.service.StudentService - delete: student with ID = 61
Hibernate: select student0_.id as id1_5_0_, student0_.faculty_id as faculty_4_5_0_, student0_.first_name as first_na2_5_0_, student0_.last_name as last_nam3_5_0_, faculty1_.id as id1_3_1_, faculty1_.faculty_name as faculty_2_3_1_, studentcou2_.student_id as student_1_6_2_, course3_.id as course_i2_6_2_, course3_.id as id1_2_3_, course3_.course_name as course_n2_2_3_, courseteac4_.course_id as course_i2_8_4_, teacher5_.id as teacher_1_8_4_, teacher5_.id as id1_7_5_, teacher5_.faculty_id as faculty_4_7_5_, teacher5_.first_name as first_na2_7_5_, teacher5_.last_name as last_nam3_7_5_, faculty6_.id as id1_3_6_, faculty6_.faculty_name as faculty_2_3_6_ from students student0_ left outer join faculties faculty1_ on student0_.faculty_id=faculty1_.id left outer join students_courses studentcou2_ on student0_.id=studentcou2_.student_id left outer join courses course3_ on studentcou2_.course_id=course3_.id left outer join teachers_courses courseteac4_ on course3_.id=courseteac4_.course_id left outer join teachers teacher5_ on courseteac4_.teacher_id=teacher5_.id left outer join faculties faculty6_ on teacher5_.faculty_id=faculty6_.id where student0_.id=?
Hibernate: select teachercou0_.teacher_id as teacher_1_8_0_, teachercou0_.course_id as course_i2_8_0_, course1_.id as id1_2_1_, course1_.course_name as course_n2_2_1_ from teachers_courses teachercou0_ inner join courses course1_ on teachercou0_.course_id=course1_.id where teachercou0_.teacher_id=?
Hibernate: select teachercou0_.teacher_id as teacher_1_8_0_, teachercou0_.course_id as course_i2_8_0_, course1_.id as id1_2_1_, course1_.course_name as course_n2_2_1_ from teachers_courses teachercou0_ inner join courses course1_ on teachercou0_.course_id=course1_.id where teachercou0_.teacher_id=?
Hibernate: select teachercou0_.teacher_id as teacher_1_8_0_, teachercou0_.course_id as course_i2_8_0_, course1_.id as id1_2_1_, course1_.course_name as course_n2_2_1_ from teachers_courses teachercou0_ inner join courses course1_ on teachercou0_.course_id=course1_.id where teachercou0_.teacher_id=?
Hibernate: delete from students_courses where student_id=?
Hibernate: delete from students where id=?
]]></system-out>
  </testcase>
  <testcase name="should_getListOfStudents_when_controllerCallsShowAllMethod" classname="ua.com.foxminded.classtimetable.controllers.ui.StudentControllerTest" time="0.125">
    <system-out><![CDATA[26 Feb;19:05:46.200 [main] INFO  o.s.b.t.m.w.SpringBootMockServletContext - Initializing Spring TestDispatcherServlet ''
26 Feb;19:05:46.201 [main] INFO  o.s.t.w.s.TestDispatcherServlet - Initializing Servlet ''
26 Feb;19:05:46.202 [main] INFO  o.s.t.w.s.TestDispatcherServlet - Completed initialization in 1 ms
Hibernate: select student0_.id as id1_5_, student0_.faculty_id as faculty_4_5_, student0_.first_name as first_na2_5_, student0_.last_name as last_nam3_5_ from students student0_
Hibernate: select faculty0_.id as id1_3_0_, faculty0_.faculty_name as faculty_2_3_0_ from faculties faculty0_ where faculty0_.id=?
Hibernate: select faculty0_.id as id1_3_0_, faculty0_.faculty_name as faculty_2_3_0_ from faculties faculty0_ where faculty0_.id=?
Hibernate: select faculty0_.id as id1_3_0_, faculty0_.faculty_name as faculty_2_3_0_ from faculties faculty0_ where faculty0_.id=?
Hibernate: select studentcou0_.student_id as student_1_6_0_, studentcou0_.course_id as course_i2_6_0_, course1_.id as id1_2_1_, course1_.course_name as course_n2_2_1_ from students_courses studentcou0_ inner join courses course1_ on studentcou0_.course_id=course1_.id where studentcou0_.student_id=?
Hibernate: select courseteac0_.course_id as course_i2_8_0_, courseteac0_.teacher_id as teacher_1_8_0_, teacher1_.id as id1_7_1_, teacher1_.faculty_id as faculty_4_7_1_, teacher1_.first_name as first_na2_7_1_, teacher1_.last_name as last_nam3_7_1_, faculty2_.id as id1_3_2_, faculty2_.faculty_name as faculty_2_3_2_ from teachers_courses courseteac0_ inner join teachers teacher1_ on courseteac0_.teacher_id=teacher1_.id left outer join faculties faculty2_ on teacher1_.faculty_id=faculty2_.id where courseteac0_.course_id=?
Hibernate: select teachercou0_.teacher_id as teacher_1_8_0_, teachercou0_.course_id as course_i2_8_0_, course1_.id as id1_2_1_, course1_.course_name as course_n2_2_1_ from teachers_courses teachercou0_ inner join courses course1_ on teachercou0_.course_id=course1_.id where teachercou0_.teacher_id=?
Hibernate: select courseteac0_.course_id as course_i2_8_0_, courseteac0_.teacher_id as teacher_1_8_0_, teacher1_.id as id1_7_1_, teacher1_.faculty_id as faculty_4_7_1_, teacher1_.first_name as first_na2_7_1_, teacher1_.last_name as last_nam3_7_1_, faculty2_.id as id1_3_2_, faculty2_.faculty_name as faculty_2_3_2_ from teachers_courses courseteac0_ inner join teachers teacher1_ on courseteac0_.teacher_id=teacher1_.id left outer join faculties faculty2_ on teacher1_.faculty_id=faculty2_.id where courseteac0_.course_id=?
Hibernate: select teachercou0_.teacher_id as teacher_1_8_0_, teachercou0_.course_id as course_i2_8_0_, course1_.id as id1_2_1_, course1_.course_name as course_n2_2_1_ from teachers_courses teachercou0_ inner join courses course1_ on teachercou0_.course_id=course1_.id where teachercou0_.teacher_id=?
Hibernate: select studentcou0_.student_id as student_1_6_0_, studentcou0_.course_id as course_i2_6_0_, course1_.id as id1_2_1_, course1_.course_name as course_n2_2_1_ from students_courses studentcou0_ inner join courses course1_ on studentcou0_.course_id=course1_.id where studentcou0_.student_id=?
Hibernate: select courseteac0_.course_id as course_i2_8_0_, courseteac0_.teacher_id as teacher_1_8_0_, teacher1_.id as id1_7_1_, teacher1_.faculty_id as faculty_4_7_1_, teacher1_.first_name as first_na2_7_1_, teacher1_.last_name as last_nam3_7_1_, faculty2_.id as id1_3_2_, faculty2_.faculty_name as faculty_2_3_2_ from teachers_courses courseteac0_ inner join teachers teacher1_ on courseteac0_.teacher_id=teacher1_.id left outer join faculties faculty2_ on teacher1_.faculty_id=faculty2_.id where courseteac0_.course_id=?
Hibernate: select teachercou0_.teacher_id as teacher_1_8_0_, teachercou0_.course_id as course_i2_8_0_, course1_.id as id1_2_1_, course1_.course_name as course_n2_2_1_ from teachers_courses teachercou0_ inner join courses course1_ on teachercou0_.course_id=course1_.id where teachercou0_.teacher_id=?
Hibernate: select courseteac0_.course_id as course_i2_8_0_, courseteac0_.teacher_id as teacher_1_8_0_, teacher1_.id as id1_7_1_, teacher1_.faculty_id as faculty_4_7_1_, teacher1_.first_name as first_na2_7_1_, teacher1_.last_name as last_nam3_7_1_, faculty2_.id as id1_3_2_, faculty2_.faculty_name as faculty_2_3_2_ from teachers_courses courseteac0_ inner join teachers teacher1_ on courseteac0_.teacher_id=teacher1_.id left outer join faculties faculty2_ on teacher1_.faculty_id=faculty2_.id where courseteac0_.course_id=?
Hibernate: select teachercou0_.teacher_id as teacher_1_8_0_, teachercou0_.course_id as course_i2_8_0_, course1_.id as id1_2_1_, course1_.course_name as course_n2_2_1_ from teachers_courses teachercou0_ inner join courses course1_ on teachercou0_.course_id=course1_.id where teachercou0_.teacher_id=?
Hibernate: select studentcou0_.student_id as student_1_6_0_, studentcou0_.course_id as course_i2_6_0_, course1_.id as id1_2_1_, course1_.course_name as course_n2_2_1_ from students_courses studentcou0_ inner join courses course1_ on studentcou0_.course_id=course1_.id where studentcou0_.student_id=?
Hibernate: select courseteac0_.course_id as course_i2_8_0_, courseteac0_.teacher_id as teacher_1_8_0_, teacher1_.id as id1_7_1_, teacher1_.faculty_id as faculty_4_7_1_, teacher1_.first_name as first_na2_7_1_, teacher1_.last_name as last_nam3_7_1_, faculty2_.id as id1_3_2_, faculty2_.faculty_name as faculty_2_3_2_ from teachers_courses courseteac0_ inner join teachers teacher1_ on courseteac0_.teacher_id=teacher1_.id left outer join faculties faculty2_ on teacher1_.faculty_id=faculty2_.id where courseteac0_.course_id=?
Hibernate: select teachercou0_.teacher_id as teacher_1_8_0_, teachercou0_.course_id as course_i2_8_0_, course1_.id as id1_2_1_, course1_.course_name as course_n2_2_1_ from teachers_courses teachercou0_ inner join courses course1_ on teachercou0_.course_id=course1_.id where teachercou0_.teacher_id=?
Hibernate: select studentcou0_.student_id as student_1_6_0_, studentcou0_.course_id as course_i2_6_0_, course1_.id as id1_2_1_, course1_.course_name as course_n2_2_1_ from students_courses studentcou0_ inner join courses course1_ on studentcou0_.course_id=course1_.id where studentcou0_.student_id=?
Hibernate: select studentcou0_.student_id as student_1_6_0_, studentcou0_.course_id as course_i2_6_0_, course1_.id as id1_2_1_, course1_.course_name as course_n2_2_1_ from students_courses studentcou0_ inner join courses course1_ on studentcou0_.course_id=course1_.id where studentcou0_.student_id=?
Hibernate: select studentcou0_.student_id as student_1_6_0_, studentcou0_.course_id as course_i2_6_0_, course1_.id as id1_2_1_, course1_.course_name as course_n2_2_1_ from students_courses studentcou0_ inner join courses course1_ on studentcou0_.course_id=course1_.id where studentcou0_.student_id=?
Hibernate: select studentcou0_.student_id as student_1_6_0_, studentcou0_.course_id as course_i2_6_0_, course1_.id as id1_2_1_, course1_.course_name as course_n2_2_1_ from students_courses studentcou0_ inner join courses course1_ on studentcou0_.course_id=course1_.id where studentcou0_.student_id=?
Hibernate: select studentcou0_.student_id as student_1_6_0_, studentcou0_.course_id as course_i2_6_0_, course1_.id as id1_2_1_, course1_.course_name as course_n2_2_1_ from students_courses studentcou0_ inner join courses course1_ on studentcou0_.course_id=course1_.id where studentcou0_.student_id=?
Hibernate: select studentcou0_.student_id as student_1_6_0_, studentcou0_.course_id as course_i2_6_0_, course1_.id as id1_2_1_, course1_.course_name as course_n2_2_1_ from students_courses studentcou0_ inner join courses course1_ on studentcou0_.course_id=course1_.id where studentcou0_.student_id=?
Hibernate: select studentcou0_.student_id as student_1_6_0_, studentcou0_.course_id as course_i2_6_0_, course1_.id as id1_2_1_, course1_.course_name as course_n2_2_1_ from students_courses studentcou0_ inner join courses course1_ on studentcou0_.course_id=course1_.id where studentcou0_.student_id=?
Hibernate: select studentcou0_.student_id as student_1_6_0_, studentcou0_.course_id as course_i2_6_0_, course1_.id as id1_2_1_, course1_.course_name as course_n2_2_1_ from students_courses studentcou0_ inner join courses course1_ on studentcou0_.course_id=course1_.id where studentcou0_.student_id=?
Hibernate: select studentcou0_.student_id as student_1_6_0_, studentcou0_.course_id as course_i2_6_0_, course1_.id as id1_2_1_, course1_.course_name as course_n2_2_1_ from students_courses studentcou0_ inner join courses course1_ on studentcou0_.course_id=course1_.id where studentcou0_.student_id=?
Hibernate: select studentcou0_.student_id as student_1_6_0_, studentcou0_.course_id as course_i2_6_0_, course1_.id as id1_2_1_, course1_.course_name as course_n2_2_1_ from students_courses studentcou0_ inner join courses course1_ on studentcou0_.course_id=course1_.id where studentcou0_.student_id=?
Hibernate: select studentcou0_.student_id as student_1_6_0_, studentcou0_.course_id as course_i2_6_0_, course1_.id as id1_2_1_, course1_.course_name as course_n2_2_1_ from students_courses studentcou0_ inner join courses course1_ on studentcou0_.course_id=course1_.id where studentcou0_.student_id=?
Hibernate: select studentcou0_.student_id as student_1_6_0_, studentcou0_.course_id as course_i2_6_0_, course1_.id as id1_2_1_, course1_.course_name as course_n2_2_1_ from students_courses studentcou0_ inner join courses course1_ on studentcou0_.course_id=course1_.id where studentcou0_.student_id=?
Hibernate: select studentcou0_.student_id as student_1_6_0_, studentcou0_.course_id as course_i2_6_0_, course1_.id as id1_2_1_, course1_.course_name as course_n2_2_1_ from students_courses studentcou0_ inner join courses course1_ on studentcou0_.course_id=course1_.id where studentcou0_.student_id=?
Hibernate: select studentcou0_.student_id as student_1_6_0_, studentcou0_.course_id as course_i2_6_0_, course1_.id as id1_2_1_, course1_.course_name as course_n2_2_1_ from students_courses studentcou0_ inner join courses course1_ on studentcou0_.course_id=course1_.id where studentcou0_.student_id=?
Hibernate: select studentcou0_.student_id as student_1_6_0_, studentcou0_.course_id as course_i2_6_0_, course1_.id as id1_2_1_, course1_.course_name as course_n2_2_1_ from students_courses studentcou0_ inner join courses course1_ on studentcou0_.course_id=course1_.id where studentcou0_.student_id=?
Hibernate: select studentcou0_.student_id as student_1_6_0_, studentcou0_.course_id as course_i2_6_0_, course1_.id as id1_2_1_, course1_.course_name as course_n2_2_1_ from students_courses studentcou0_ inner join courses course1_ on studentcou0_.course_id=course1_.id where studentcou0_.student_id=?
Hibernate: select studentcou0_.student_id as student_1_6_0_, studentcou0_.course_id as course_i2_6_0_, course1_.id as id1_2_1_, course1_.course_name as course_n2_2_1_ from students_courses studentcou0_ inner join courses course1_ on studentcou0_.course_id=course1_.id where studentcou0_.student_id=?
Hibernate: select studentcou0_.student_id as student_1_6_0_, studentcou0_.course_id as course_i2_6_0_, course1_.id as id1_2_1_, course1_.course_name as course_n2_2_1_ from students_courses studentcou0_ inner join courses course1_ on studentcou0_.course_id=course1_.id where studentcou0_.student_id=?
Hibernate: select studentcou0_.student_id as student_1_6_0_, studentcou0_.course_id as course_i2_6_0_, course1_.id as id1_2_1_, course1_.course_name as course_n2_2_1_ from students_courses studentcou0_ inner join courses course1_ on studentcou0_.course_id=course1_.id where studentcou0_.student_id=?
Hibernate: select courseteac0_.course_id as course_i2_8_0_, courseteac0_.teacher_id as teacher_1_8_0_, teacher1_.id as id1_7_1_, teacher1_.faculty_id as faculty_4_7_1_, teacher1_.first_name as first_na2_7_1_, teacher1_.last_name as last_nam3_7_1_, faculty2_.id as id1_3_2_, faculty2_.faculty_name as faculty_2_3_2_ from teachers_courses courseteac0_ inner join teachers teacher1_ on courseteac0_.teacher_id=teacher1_.id left outer join faculties faculty2_ on teacher1_.faculty_id=faculty2_.id where courseteac0_.course_id=?
Hibernate: select teachercou0_.teacher_id as teacher_1_8_0_, teachercou0_.course_id as course_i2_8_0_, course1_.id as id1_2_1_, course1_.course_name as course_n2_2_1_ from teachers_courses teachercou0_ inner join courses course1_ on teachercou0_.course_id=course1_.id where teachercou0_.teacher_id=?
Hibernate: select courseteac0_.course_id as course_i2_8_0_, courseteac0_.teacher_id as teacher_1_8_0_, teacher1_.id as id1_7_1_, teacher1_.faculty_id as faculty_4_7_1_, teacher1_.first_name as first_na2_7_1_, teacher1_.last_name as last_nam3_7_1_, faculty2_.id as id1_3_2_, faculty2_.faculty_name as faculty_2_3_2_ from teachers_courses courseteac0_ inner join teachers teacher1_ on courseteac0_.teacher_id=teacher1_.id left outer join faculties faculty2_ on teacher1_.faculty_id=faculty2_.id where courseteac0_.course_id=?
Hibernate: select teachercou0_.teacher_id as teacher_1_8_0_, teachercou0_.course_id as course_i2_8_0_, course1_.id as id1_2_1_, course1_.course_name as course_n2_2_1_ from teachers_courses teachercou0_ inner join courses course1_ on teachercou0_.course_id=course1_.id where teachercou0_.teacher_id=?
Hibernate: select studentcou0_.student_id as student_1_6_0_, studentcou0_.course_id as course_i2_6_0_, course1_.id as id1_2_1_, course1_.course_name as course_n2_2_1_ from students_courses studentcou0_ inner join courses course1_ on studentcou0_.course_id=course1_.id where studentcou0_.student_id=?
Hibernate: select courseteac0_.course_id as course_i2_8_0_, courseteac0_.teacher_id as teacher_1_8_0_, teacher1_.id as id1_7_1_, teacher1_.faculty_id as faculty_4_7_1_, teacher1_.first_name as first_na2_7_1_, teacher1_.last_name as last_nam3_7_1_, faculty2_.id as id1_3_2_, faculty2_.faculty_name as faculty_2_3_2_ from teachers_courses courseteac0_ inner join teachers teacher1_ on courseteac0_.teacher_id=teacher1_.id left outer join faculties faculty2_ on teacher1_.faculty_id=faculty2_.id where courseteac0_.course_id=?
Hibernate: select teachercou0_.teacher_id as teacher_1_8_0_, teachercou0_.course_id as course_i2_8_0_, course1_.id as id1_2_1_, course1_.course_name as course_n2_2_1_ from teachers_courses teachercou0_ inner join courses course1_ on teachercou0_.course_id=course1_.id where teachercou0_.teacher_id=?
Hibernate: select studentcou0_.student_id as student_1_6_0_, studentcou0_.course_id as course_i2_6_0_, course1_.id as id1_2_1_, course1_.course_name as course_n2_2_1_ from students_courses studentcou0_ inner join courses course1_ on studentcou0_.course_id=course1_.id where studentcou0_.student_id=?
Hibernate: select studentcou0_.student_id as student_1_6_0_, studentcou0_.course_id as course_i2_6_0_, course1_.id as id1_2_1_, course1_.course_name as course_n2_2_1_ from students_courses studentcou0_ inner join courses course1_ on studentcou0_.course_id=course1_.id where studentcou0_.student_id=?
Hibernate: select studentcou0_.student_id as student_1_6_0_, studentcou0_.course_id as course_i2_6_0_, course1_.id as id1_2_1_, course1_.course_name as course_n2_2_1_ from students_courses studentcou0_ inner join courses course1_ on studentcou0_.course_id=course1_.id where studentcou0_.student_id=?
Hibernate: select studentcou0_.student_id as student_1_6_0_, studentcou0_.course_id as course_i2_6_0_, course1_.id as id1_2_1_, course1_.course_name as course_n2_2_1_ from students_courses studentcou0_ inner join courses course1_ on studentcou0_.course_id=course1_.id where studentcou0_.student_id=?
Hibernate: select studentcou0_.student_id as student_1_6_0_, studentcou0_.course_id as course_i2_6_0_, course1_.id as id1_2_1_, course1_.course_name as course_n2_2_1_ from students_courses studentcou0_ inner join courses course1_ on studentcou0_.course_id=course1_.id where studentcou0_.student_id=?
Hibernate: select studentcou0_.student_id as student_1_6_0_, studentcou0_.course_id as course_i2_6_0_, course1_.id as id1_2_1_, course1_.course_name as course_n2_2_1_ from students_courses studentcou0_ inner join courses course1_ on studentcou0_.course_id=course1_.id where studentcou0_.student_id=?
Hibernate: select studentcou0_.student_id as student_1_6_0_, studentcou0_.course_id as course_i2_6_0_, course1_.id as id1_2_1_, course1_.course_name as course_n2_2_1_ from students_courses studentcou0_ inner join courses course1_ on studentcou0_.course_id=course1_.id where studentcou0_.student_id=?
Hibernate: select studentcou0_.student_id as student_1_6_0_, studentcou0_.course_id as course_i2_6_0_, course1_.id as id1_2_1_, course1_.course_name as course_n2_2_1_ from students_courses studentcou0_ inner join courses course1_ on studentcou0_.course_id=course1_.id where studentcou0_.student_id=?
Hibernate: select studentcou0_.student_id as student_1_6_0_, studentcou0_.course_id as course_i2_6_0_, course1_.id as id1_2_1_, course1_.course_name as course_n2_2_1_ from students_courses studentcou0_ inner join courses course1_ on studentcou0_.course_id=course1_.id where studentcou0_.student_id=?
Hibernate: select studentcou0_.student_id as student_1_6_0_, studentcou0_.course_id as course_i2_6_0_, course1_.id as id1_2_1_, course1_.course_name as course_n2_2_1_ from students_courses studentcou0_ inner join courses course1_ on studentcou0_.course_id=course1_.id where studentcou0_.student_id=?
Hibernate: select studentcou0_.student_id as student_1_6_0_, studentcou0_.course_id as course_i2_6_0_, course1_.id as id1_2_1_, course1_.course_name as course_n2_2_1_ from students_courses studentcou0_ inner join courses course1_ on studentcou0_.course_id=course1_.id where studentcou0_.student_id=?
Hibernate: select studentcou0_.student_id as student_1_6_0_, studentcou0_.course_id as course_i2_6_0_, course1_.id as id1_2_1_, course1_.course_name as course_n2_2_1_ from students_courses studentcou0_ inner join courses course1_ on studentcou0_.course_id=course1_.id where studentcou0_.student_id=?
Hibernate: select studentcou0_.student_id as student_1_6_0_, studentcou0_.course_id as course_i2_6_0_, course1_.id as id1_2_1_, course1_.course_name as course_n2_2_1_ from students_courses studentcou0_ inner join courses course1_ on studentcou0_.course_id=course1_.id where studentcou0_.student_id=?
Hibernate: select studentcou0_.student_id as student_1_6_0_, studentcou0_.course_id as course_i2_6_0_, course1_.id as id1_2_1_, course1_.course_name as course_n2_2_1_ from students_courses studentcou0_ inner join courses course1_ on studentcou0_.course_id=course1_.id where studentcou0_.student_id=?
Hibernate: select studentcou0_.student_id as student_1_6_0_, studentcou0_.course_id as course_i2_6_0_, course1_.id as id1_2_1_, course1_.course_name as course_n2_2_1_ from students_courses studentcou0_ inner join courses course1_ on studentcou0_.course_id=course1_.id where studentcou0_.student_id=?
Hibernate: select studentcou0_.student_id as student_1_6_0_, studentcou0_.course_id as course_i2_6_0_, course1_.id as id1_2_1_, course1_.course_name as course_n2_2_1_ from students_courses studentcou0_ inner join courses course1_ on studentcou0_.course_id=course1_.id where studentcou0_.student_id=?
Hibernate: select studentcou0_.student_id as student_1_6_0_, studentcou0_.course_id as course_i2_6_0_, course1_.id as id1_2_1_, course1_.course_name as course_n2_2_1_ from students_courses studentcou0_ inner join courses course1_ on studentcou0_.course_id=course1_.id where studentcou0_.student_id=?
Hibernate: select studentcou0_.student_id as student_1_6_0_, studentcou0_.course_id as course_i2_6_0_, course1_.id as id1_2_1_, course1_.course_name as course_n2_2_1_ from students_courses studentcou0_ inner join courses course1_ on studentcou0_.course_id=course1_.id where studentcou0_.student_id=?
Hibernate: select studentcou0_.student_id as student_1_6_0_, studentcou0_.course_id as course_i2_6_0_, course1_.id as id1_2_1_, course1_.course_name as course_n2_2_1_ from students_courses studentcou0_ inner join courses course1_ on studentcou0_.course_id=course1_.id where studentcou0_.student_id=?
Hibernate: select courseteac0_.course_id as course_i2_8_0_, courseteac0_.teacher_id as teacher_1_8_0_, teacher1_.id as id1_7_1_, teacher1_.faculty_id as faculty_4_7_1_, teacher1_.first_name as first_na2_7_1_, teacher1_.last_name as last_nam3_7_1_, faculty2_.id as id1_3_2_, faculty2_.faculty_name as faculty_2_3_2_ from teachers_courses courseteac0_ inner join teachers teacher1_ on courseteac0_.teacher_id=teacher1_.id left outer join faculties faculty2_ on teacher1_.faculty_id=faculty2_.id where courseteac0_.course_id=?
Hibernate: select teachercou0_.teacher_id as teacher_1_8_0_, teachercou0_.course_id as course_i2_8_0_, course1_.id as id1_2_1_, course1_.course_name as course_n2_2_1_ from teachers_courses teachercou0_ inner join courses course1_ on teachercou0_.course_id=course1_.id where teachercou0_.teacher_id=?
Hibernate: select teachercou0_.teacher_id as teacher_1_8_0_, teachercou0_.course_id as course_i2_8_0_, course1_.id as id1_2_1_, course1_.course_name as course_n2_2_1_ from teachers_courses teachercou0_ inner join courses course1_ on teachercou0_.course_id=course1_.id where teachercou0_.teacher_id=?
Hibernate: select studentcou0_.student_id as student_1_6_0_, studentcou0_.course_id as course_i2_6_0_, course1_.id as id1_2_1_, course1_.course_name as course_n2_2_1_ from students_courses studentcou0_ inner join courses course1_ on studentcou0_.course_id=course1_.id where studentcou0_.student_id=?
Hibernate: select courseteac0_.course_id as course_i2_8_0_, courseteac0_.teacher_id as teacher_1_8_0_, teacher1_.id as id1_7_1_, teacher1_.faculty_id as faculty_4_7_1_, teacher1_.first_name as first_na2_7_1_, teacher1_.last_name as last_nam3_7_1_, faculty2_.id as id1_3_2_, faculty2_.faculty_name as faculty_2_3_2_ from teachers_courses courseteac0_ inner join teachers teacher1_ on courseteac0_.teacher_id=teacher1_.id left outer join faculties faculty2_ on teacher1_.faculty_id=faculty2_.id where courseteac0_.course_id=?
Hibernate: select teachercou0_.teacher_id as teacher_1_8_0_, teachercou0_.course_id as course_i2_8_0_, course1_.id as id1_2_1_, course1_.course_name as course_n2_2_1_ from teachers_courses teachercou0_ inner join courses course1_ on teachercou0_.course_id=course1_.id where teachercou0_.teacher_id=?
Hibernate: select teachercou0_.teacher_id as teacher_1_8_0_, teachercou0_.course_id as course_i2_8_0_, course1_.id as id1_2_1_, course1_.course_name as course_n2_2_1_ from teachers_courses teachercou0_ inner join courses course1_ on teachercou0_.course_id=course1_.id where teachercou0_.teacher_id=?
Hibernate: select studentcou0_.student_id as student_1_6_0_, studentcou0_.course_id as course_i2_6_0_, course1_.id as id1_2_1_, course1_.course_name as course_n2_2_1_ from students_courses studentcou0_ inner join courses course1_ on studentcou0_.course_id=course1_.id where studentcou0_.student_id=?
Hibernate: select studentcou0_.student_id as student_1_6_0_, studentcou0_.course_id as course_i2_6_0_, course1_.id as id1_2_1_, course1_.course_name as course_n2_2_1_ from students_courses studentcou0_ inner join courses course1_ on studentcou0_.course_id=course1_.id where studentcou0_.student_id=?
Hibernate: select studentcou0_.student_id as student_1_6_0_, studentcou0_.course_id as course_i2_6_0_, course1_.id as id1_2_1_, course1_.course_name as course_n2_2_1_ from students_courses studentcou0_ inner join courses course1_ on studentcou0_.course_id=course1_.id where studentcou0_.student_id=?
Hibernate: select studentcou0_.student_id as student_1_6_0_, studentcou0_.course_id as course_i2_6_0_, course1_.id as id1_2_1_, course1_.course_name as course_n2_2_1_ from students_courses studentcou0_ inner join courses course1_ on studentcou0_.course_id=course1_.id where studentcou0_.student_id=?
Hibernate: select studentcou0_.student_id as student_1_6_0_, studentcou0_.course_id as course_i2_6_0_, course1_.id as id1_2_1_, course1_.course_name as course_n2_2_1_ from students_courses studentcou0_ inner join courses course1_ on studentcou0_.course_id=course1_.id where studentcou0_.student_id=?
Hibernate: select studentcou0_.student_id as student_1_6_0_, studentcou0_.course_id as course_i2_6_0_, course1_.id as id1_2_1_, course1_.course_name as course_n2_2_1_ from students_courses studentcou0_ inner join courses course1_ on studentcou0_.course_id=course1_.id where studentcou0_.student_id=?
Hibernate: select studentcou0_.student_id as student_1_6_0_, studentcou0_.course_id as course_i2_6_0_, course1_.id as id1_2_1_, course1_.course_name as course_n2_2_1_ from students_courses studentcou0_ inner join courses course1_ on studentcou0_.course_id=course1_.id where studentcou0_.student_id=?
Hibernate: select studentcou0_.student_id as student_1_6_0_, studentcou0_.course_id as course_i2_6_0_, course1_.id as id1_2_1_, course1_.course_name as course_n2_2_1_ from students_courses studentcou0_ inner join courses course1_ on studentcou0_.course_id=course1_.id where studentcou0_.student_id=?
Hibernate: select studentcou0_.student_id as student_1_6_0_, studentcou0_.course_id as course_i2_6_0_, course1_.id as id1_2_1_, course1_.course_name as course_n2_2_1_ from students_courses studentcou0_ inner join courses course1_ on studentcou0_.course_id=course1_.id where studentcou0_.student_id=?
Hibernate: select studentcou0_.student_id as student_1_6_0_, studentcou0_.course_id as course_i2_6_0_, course1_.id as id1_2_1_, course1_.course_name as course_n2_2_1_ from students_courses studentcou0_ inner join courses course1_ on studentcou0_.course_id=course1_.id where studentcou0_.student_id=?
Hibernate: select studentcou0_.student_id as student_1_6_0_, studentcou0_.course_id as course_i2_6_0_, course1_.id as id1_2_1_, course1_.course_name as course_n2_2_1_ from students_courses studentcou0_ inner join courses course1_ on studentcou0_.course_id=course1_.id where studentcou0_.student_id=?
Hibernate: select studentcou0_.student_id as student_1_6_0_, studentcou0_.course_id as course_i2_6_0_, course1_.id as id1_2_1_, course1_.course_name as course_n2_2_1_ from students_courses studentcou0_ inner join courses course1_ on studentcou0_.course_id=course1_.id where studentcou0_.student_id=?
Hibernate: select studentcou0_.student_id as student_1_6_0_, studentcou0_.course_id as course_i2_6_0_, course1_.id as id1_2_1_, course1_.course_name as course_n2_2_1_ from students_courses studentcou0_ inner join courses course1_ on studentcou0_.course_id=course1_.id where studentcou0_.student_id=?
Hibernate: select studentcou0_.student_id as student_1_6_0_, studentcou0_.course_id as course_i2_6_0_, course1_.id as id1_2_1_, course1_.course_name as course_n2_2_1_ from students_courses studentcou0_ inner join courses course1_ on studentcou0_.course_id=course1_.id where studentcou0_.student_id=?
Hibernate: select studentcou0_.student_id as student_1_6_0_, studentcou0_.course_id as course_i2_6_0_, course1_.id as id1_2_1_, course1_.course_name as course_n2_2_1_ from students_courses studentcou0_ inner join courses course1_ on studentcou0_.course_id=course1_.id where studentcou0_.student_id=?
Hibernate: select studentcou0_.student_id as student_1_6_0_, studentcou0_.course_id as course_i2_6_0_, course1_.id as id1_2_1_, course1_.course_name as course_n2_2_1_ from students_courses studentcou0_ inner join courses course1_ on studentcou0_.course_id=course1_.id where studentcou0_.student_id=?
Hibernate: select studentcou0_.student_id as student_1_6_0_, studentcou0_.course_id as course_i2_6_0_, course1_.id as id1_2_1_, course1_.course_name as course_n2_2_1_ from students_courses studentcou0_ inner join courses course1_ on studentcou0_.course_id=course1_.id where studentcou0_.student_id=?
Hibernate: select studentcou0_.student_id as student_1_6_0_, studentcou0_.course_id as course_i2_6_0_, course1_.id as id1_2_1_, course1_.course_name as course_n2_2_1_ from students_courses studentcou0_ inner join courses course1_ on studentcou0_.course_id=course1_.id where studentcou0_.student_id=?
26 Feb;19:05:46.217 [main] INFO  u.c.f.c.service.StudentService - getAll():
 [Student{id=1, firstName='Jacob', lastName='Johnson', faculty=Faculty{id=1, facultyName='Changed faculty name'}}, Student{id=2, firstName='Jacob', lastName='Sykes', faculty=Faculty{id=1, facultyName='Changed faculty name'}}, Student{id=3, firstName='Jacob', lastName='Eve', faculty=Faculty{id=1, facultyName='Changed faculty name'}}, Student{id=4, firstName='Jacob', lastName='King', faculty=Faculty{id=1, facultyName='Changed faculty name'}}, Student{id=5, firstName='Jacob', lastName='Tucci', faculty=Faculty{id=1, facultyName='Changed faculty name'}}, Student{id=6, firstName='Oliver', lastName='Rose', faculty=Faculty{id=1, facultyName='Changed faculty name'}}, Student{id=7, firstName='Oliver', lastName='Sykes', faculty=Faculty{id=1, facultyName='Changed faculty name'}}, Student{id=8, firstName='Oliver', lastName='Eve', faculty=Faculty{id=1, facultyName='Changed faculty name'}}, Student{id=9, firstName='Oliver', lastName='King', faculty=Faculty{id=1, facultyName='Changed faculty name'}}, Student{id=10, firstName='Oliver', lastName='Tucci', faculty=Faculty{id=1, facultyName='Changed faculty name'}}, Student{id=11, firstName='Ellie', lastName='Rose', faculty=Faculty{id=1, facultyName='Changed faculty name'}}, Student{id=12, firstName='Ellie', lastName='Sykes', faculty=Faculty{id=1, facultyName='Changed faculty name'}}, Student{id=13, firstName='Ellie', lastName='Eve', faculty=Faculty{id=1, facultyName='Changed faculty name'}}, Student{id=14, firstName='Ellie', lastName='King', faculty=Faculty{id=1, facultyName='Changed faculty name'}}, Student{id=15, firstName='Ellie', lastName='Tucci', faculty=Faculty{id=1, facultyName='Changed faculty name'}}, Student{id=16, firstName='Ruby', lastName='Rose', faculty=Faculty{id=1, facultyName='Changed faculty name'}}, Student{id=17, firstName='Ruby', lastName='Sykes', faculty=Faculty{id=1, facultyName='Changed faculty name'}}, Student{id=18, firstName='Ruby', lastName='Eve', faculty=Faculty{id=1, facultyName='Changed faculty name'}}, Student{id=19, firstName='Ruby', lastName='King', faculty=Faculty{id=1, facultyName='Changed faculty name'}}, Student{id=20, firstName='Ruby', lastName='Tucci', faculty=Faculty{id=1, facultyName='Changed faculty name'}}, Student{id=21, firstName='Mary', lastName='Rose', faculty=Faculty{id=2, facultyName='Changed faculty name'}}, Student{id=22, firstName='Mary', lastName='Sykes', faculty=Faculty{id=2, facultyName='Changed faculty name'}}, Student{id=23, firstName='Mary', lastName='Eve', faculty=Faculty{id=2, facultyName='Changed faculty name'}}, Student{id=24, firstName='Mary', lastName='King', faculty=Faculty{id=2, facultyName='Changed faculty name'}}, Student{id=25, firstName='Mary', lastName='Tucci', faculty=Faculty{id=2, facultyName='Changed faculty name'}}, Student{id=26, firstName='Albert', lastName='Rose', faculty=Faculty{id=2, facultyName='Changed faculty name'}}, Student{id=27, firstName='Albert', lastName='Sykes', faculty=Faculty{id=2, facultyName='Changed faculty name'}}, Student{id=28, firstName='Albert', lastName='Eve', faculty=Faculty{id=2, facultyName='Changed faculty name'}}, Student{id=29, firstName='Albert', lastName='King', faculty=Faculty{id=2, facultyName='Changed faculty name'}}, Student{id=30, firstName='Albert', lastName='Tucci', faculty=Faculty{id=2, facultyName='Changed faculty name'}}, Student{id=31, firstName='Charlie', lastName='Rose', faculty=Faculty{id=2, facultyName='Changed faculty name'}}, Student{id=32, firstName='Charlie', lastName='Sykes', faculty=Faculty{id=2, facultyName='Changed faculty name'}}, Student{id=33, firstName='Charlie', lastName='Eve', faculty=Faculty{id=2, facultyName='Changed faculty name'}}, Student{id=34, firstName='Charlie', lastName='King', faculty=Faculty{id=2, facultyName='Changed faculty name'}}, Student{id=35, firstName='Charlie', lastName='Tucci', faculty=Faculty{id=2, facultyName='Changed faculty name'}}, Student{id=36, firstName='Samuel', lastName='Rose', faculty=Faculty{id=2, facultyName='Changed faculty name'}}, Student{id=37, firstName='Samuel', lastName='Sykes', faculty=Faculty{id=2, facultyName='Changed faculty name'}}, Student{id=38, firstName='Samuel', lastName='Eve', faculty=Faculty{id=2, facultyName='Changed faculty name'}}, Student{id=39, firstName='Samuel', lastName='King', faculty=Faculty{id=2, facultyName='Changed faculty name'}}, Student{id=40, firstName='Samuel', lastName='Tucci', faculty=Faculty{id=2, facultyName='Changed faculty name'}}, Student{id=41, firstName='Thomas', lastName='Rose', faculty=Faculty{id=3, facultyName='Faculty of Arts'}}, Student{id=42, firstName='Thomas', lastName='Sykes', faculty=Faculty{id=3, facultyName='Faculty of Arts'}}, Student{id=43, firstName='Thomas', lastName='Eve', faculty=Faculty{id=3, facultyName='Faculty of Arts'}}, Student{id=44, firstName='Thomas', lastName='King', faculty=Faculty{id=3, facultyName='Faculty of Arts'}}, Student{id=45, firstName='Thomas', lastName='Tucci', faculty=Faculty{id=3, facultyName='Faculty of Arts'}}, Student{id=46, firstName='Leonard', lastName='Rose', faculty=Faculty{id=3, facultyName='Faculty of Arts'}}, Student{id=47, firstName='Leonard', lastName='Sykes', faculty=Faculty{id=3, facultyName='Faculty of Arts'}}, Student{id=48, firstName='Leonard', lastName='Eve', faculty=Faculty{id=3, facultyName='Faculty of Arts'}}, Student{id=49, firstName='Leonard', lastName='King', faculty=Faculty{id=3, facultyName='Faculty of Arts'}}, Student{id=50, firstName='Leonard', lastName='Tucci', faculty=Faculty{id=3, facultyName='Faculty of Arts'}}, Student{id=51, firstName='Joshua', lastName='Rose', faculty=Faculty{id=3, facultyName='Faculty of Arts'}}, Student{id=52, firstName='Joshua', lastName='Sykes', faculty=Faculty{id=3, facultyName='Faculty of Arts'}}, Student{id=53, firstName='Joshua', lastName='Eve', faculty=Faculty{id=3, facultyName='Faculty of Arts'}}, Student{id=54, firstName='Joshua', lastName='King', faculty=Faculty{id=3, facultyName='Faculty of Arts'}}, Student{id=55, firstName='Joshua', lastName='Tucci', faculty=Faculty{id=3, facultyName='Faculty of Arts'}}, Student{id=56, firstName='Jack', lastName='Rose', faculty=Faculty{id=3, facultyName='Faculty of Arts'}}, Student{id=57, firstName='Jack', lastName='Sykes', faculty=Faculty{id=3, facultyName='Faculty of Arts'}}, Student{id=58, firstName='Jack', lastName='Eve', faculty=Faculty{id=3, facultyName='Faculty of Arts'}}, Student{id=59, firstName='Jack', lastName='King', faculty=Faculty{id=3, facultyName='Faculty of Arts'}}, Student{id=60, firstName='Jack', lastName='Tucci', faculty=Faculty{id=3, facultyName='Faculty of Arts'}}, Student{id=62, firstName='Nick', lastName='Jackson', faculty=Faculty{id=1, facultyName='Changed faculty name'}}]
26 Feb;19:05:46.226 [main] INFO  u.c.f.c.service.FacultyService - getById: faculty = Faculty{id=1, facultyName='Changed faculty name'}
26 Feb;19:05:46.227 [main] INFO  u.c.f.c.service.CourseService - getById: course = Course{id=6, courseName='Biology'}
26 Feb;19:05:46.232 [main] INFO  u.c.f.c.service.FacultyService - getById: faculty = Faculty{id=1, facultyName='Changed faculty name'}
26 Feb;19:05:46.233 [main] INFO  u.c.f.c.service.CourseService - getById: course = Course{id=7, courseName='Chemistry'}
26 Feb;19:05:46.233 [main] INFO  u.c.f.c.service.FacultyService - getById: faculty = Faculty{id=1, facultyName='Changed faculty name'}
26 Feb;19:05:46.234 [main] INFO  u.c.f.c.service.CourseService - getById: course = Course{id=6, courseName='Biology'}
26 Feb;19:05:46.235 [main] INFO  u.c.f.c.service.FacultyService - getById: faculty = Faculty{id=1, facultyName='Changed faculty name'}
26 Feb;19:05:46.236 [main] INFO  u.c.f.c.service.CourseService - getById: course = Course{id=7, courseName='Chemistry'}
26 Feb;19:05:46.236 [main] INFO  u.c.f.c.service.FacultyService - getById: faculty = Faculty{id=1, facultyName='Changed faculty name'}
26 Feb;19:05:46.237 [main] INFO  u.c.f.c.service.CourseService - getById: course = Course{id=6, courseName='Biology'}
26 Feb;19:05:46.238 [main] INFO  u.c.f.c.service.FacultyService - getById: faculty = Faculty{id=1, facultyName='Changed faculty name'}
26 Feb;19:05:46.238 [main] INFO  u.c.f.c.service.CourseService - getById: course = Course{id=7, courseName='Chemistry'}
26 Feb;19:05:46.239 [main] INFO  u.c.f.c.service.FacultyService - getById: faculty = Faculty{id=1, facultyName='Changed faculty name'}
26 Feb;19:05:46.240 [main] INFO  u.c.f.c.service.CourseService - getById: course = Course{id=6, courseName='Biology'}
26 Feb;19:05:46.240 [main] INFO  u.c.f.c.service.FacultyService - getById: faculty = Faculty{id=1, facultyName='Changed faculty name'}
26 Feb;19:05:46.241 [main] INFO  u.c.f.c.service.CourseService - getById: course = Course{id=7, courseName='Chemistry'}
26 Feb;19:05:46.241 [main] INFO  u.c.f.c.service.FacultyService - getById: faculty = Faculty{id=1, facultyName='Changed faculty name'}
26 Feb;19:05:46.242 [main] INFO  u.c.f.c.service.CourseService - getById: course = Course{id=6, courseName='Biology'}
26 Feb;19:05:46.242 [main] INFO  u.c.f.c.service.FacultyService - getById: faculty = Faculty{id=1, facultyName='Changed faculty name'}
26 Feb;19:05:46.243 [main] INFO  u.c.f.c.service.CourseService - getById: course = Course{id=7, courseName='Chemistry'}
26 Feb;19:05:46.243 [main] INFO  u.c.f.c.service.FacultyService - getById: faculty = Faculty{id=1, facultyName='Changed faculty name'}
26 Feb;19:05:46.243 [main] INFO  u.c.f.c.service.CourseService - getById: course = Course{id=6, courseName='Biology'}
26 Feb;19:05:46.244 [main] INFO  u.c.f.c.service.FacultyService - getById: faculty = Faculty{id=1, facultyName='Changed faculty name'}
26 Feb;19:05:46.244 [main] INFO  u.c.f.c.service.CourseService - getById: course = Course{id=7, courseName='Chemistry'}
26 Feb;19:05:46.245 [main] INFO  u.c.f.c.service.FacultyService - getById: faculty = Faculty{id=1, facultyName='Changed faculty name'}
26 Feb;19:05:46.245 [main] INFO  u.c.f.c.service.CourseService - getById: course = Course{id=6, courseName='Biology'}
26 Feb;19:05:46.246 [main] INFO  u.c.f.c.service.FacultyService - getById: faculty = Faculty{id=1, facultyName='Changed faculty name'}
26 Feb;19:05:46.246 [main] INFO  u.c.f.c.service.CourseService - getById: course = Course{id=7, courseName='Chemistry'}
26 Feb;19:05:46.247 [main] INFO  u.c.f.c.service.FacultyService - getById: faculty = Faculty{id=1, facultyName='Changed faculty name'}
26 Feb;19:05:46.248 [main] INFO  u.c.f.c.service.CourseService - getById: course = Course{id=6, courseName='Biology'}
26 Feb;19:05:46.249 [main] INFO  u.c.f.c.service.FacultyService - getById: faculty = Faculty{id=1, facultyName='Changed faculty name'}
26 Feb;19:05:46.250 [main] INFO  u.c.f.c.service.CourseService - getById: course = Course{id=7, courseName='Chemistry'}
26 Feb;19:05:46.250 [main] INFO  u.c.f.c.service.FacultyService - getById: faculty = Faculty{id=1, facultyName='Changed faculty name'}
26 Feb;19:05:46.251 [main] INFO  u.c.f.c.service.CourseService - getById: course = Course{id=6, courseName='Biology'}
26 Feb;19:05:46.252 [main] INFO  u.c.f.c.service.FacultyService - getById: faculty = Faculty{id=1, facultyName='Changed faculty name'}
26 Feb;19:05:46.252 [main] INFO  u.c.f.c.service.CourseService - getById: course = Course{id=7, courseName='Chemistry'}
26 Feb;19:05:46.253 [main] INFO  u.c.f.c.service.FacultyService - getById: faculty = Faculty{id=1, facultyName='Changed faculty name'}
26 Feb;19:05:46.253 [main] INFO  u.c.f.c.service.CourseService - getById: course = Course{id=6, courseName='Biology'}
26 Feb;19:05:46.254 [main] INFO  u.c.f.c.service.FacultyService - getById: faculty = Faculty{id=1, facultyName='Changed faculty name'}
26 Feb;19:05:46.254 [main] INFO  u.c.f.c.service.CourseService - getById: course = Course{id=7, courseName='Chemistry'}
26 Feb;19:05:46.254 [main] INFO  u.c.f.c.service.FacultyService - getById: faculty = Faculty{id=2, facultyName='Changed faculty name'}
26 Feb;19:05:46.255 [main] INFO  u.c.f.c.service.CourseService - getById: course = Course{id=8, courseName='Mathematics'}
26 Feb;19:05:46.255 [main] INFO  u.c.f.c.service.CourseService - getById: course = Course{id=9, courseName='Physics'}
26 Feb;19:05:46.256 [main] INFO  u.c.f.c.service.FacultyService - getById: faculty = Faculty{id=2, facultyName='Changed faculty name'}
26 Feb;19:05:46.256 [main] INFO  u.c.f.c.service.CourseService - getById: course = Course{id=8, courseName='Mathematics'}
26 Feb;19:05:46.256 [main] INFO  u.c.f.c.service.CourseService - getById: course = Course{id=10, courseName='Geometry'}
26 Feb;19:05:46.257 [main] INFO  u.c.f.c.service.FacultyService - getById: faculty = Faculty{id=2, facultyName='Changed faculty name'}
26 Feb;19:05:46.257 [main] INFO  u.c.f.c.service.CourseService - getById: course = Course{id=9, courseName='Physics'}
26 Feb;19:05:46.257 [main] INFO  u.c.f.c.service.CourseService - getById: course = Course{id=10, courseName='Geometry'}
26 Feb;19:05:46.258 [main] INFO  u.c.f.c.service.FacultyService - getById: faculty = Faculty{id=2, facultyName='Changed faculty name'}
26 Feb;19:05:46.258 [main] INFO  u.c.f.c.service.CourseService - getById: course = Course{id=8, courseName='Mathematics'}
26 Feb;19:05:46.258 [main] INFO  u.c.f.c.service.CourseService - getById: course = Course{id=9, courseName='Physics'}
26 Feb;19:05:46.259 [main] INFO  u.c.f.c.service.FacultyService - getById: faculty = Faculty{id=2, facultyName='Changed faculty name'}
26 Feb;19:05:46.259 [main] INFO  u.c.f.c.service.CourseService - getById: course = Course{id=8, courseName='Mathematics'}
26 Feb;19:05:46.260 [main] INFO  u.c.f.c.service.CourseService - getById: course = Course{id=10, courseName='Geometry'}
26 Feb;19:05:46.260 [main] INFO  u.c.f.c.service.FacultyService - getById: faculty = Faculty{id=2, facultyName='Changed faculty name'}
26 Feb;19:05:46.260 [main] INFO  u.c.f.c.service.CourseService - getById: course = Course{id=9, courseName='Physics'}
26 Feb;19:05:46.261 [main] INFO  u.c.f.c.service.CourseService - getById: course = Course{id=10, courseName='Geometry'}
26 Feb;19:05:46.261 [main] INFO  u.c.f.c.service.FacultyService - getById: faculty = Faculty{id=2, facultyName='Changed faculty name'}
26 Feb;19:05:46.262 [main] INFO  u.c.f.c.service.CourseService - getById: course = Course{id=8, courseName='Mathematics'}
26 Feb;19:05:46.262 [main] INFO  u.c.f.c.service.CourseService - getById: course = Course{id=9, courseName='Physics'}
26 Feb;19:05:46.262 [main] INFO  u.c.f.c.service.FacultyService - getById: faculty = Faculty{id=2, facultyName='Changed faculty name'}
26 Feb;19:05:46.263 [main] INFO  u.c.f.c.service.CourseService - getById: course = Course{id=8, courseName='Mathematics'}
26 Feb;19:05:46.263 [main] INFO  u.c.f.c.service.CourseService - getById: course = Course{id=10, courseName='Geometry'}
26 Feb;19:05:46.264 [main] INFO  u.c.f.c.service.FacultyService - getById: faculty = Faculty{id=2, facultyName='Changed faculty name'}
26 Feb;19:05:46.264 [main] INFO  u.c.f.c.service.CourseService - getById: course = Course{id=9, courseName='Physics'}
26 Feb;19:05:46.264 [main] INFO  u.c.f.c.service.CourseService - getById: course = Course{id=10, courseName='Geometry'}
26 Feb;19:05:46.265 [main] INFO  u.c.f.c.service.FacultyService - getById: faculty = Faculty{id=2, facultyName='Changed faculty name'}
26 Feb;19:05:46.265 [main] INFO  u.c.f.c.service.CourseService - getById: course = Course{id=8, courseName='Mathematics'}
26 Feb;19:05:46.266 [main] INFO  u.c.f.c.service.CourseService - getById: course = Course{id=9, courseName='Physics'}
26 Feb;19:05:46.266 [main] INFO  u.c.f.c.service.FacultyService - getById: faculty = Faculty{id=2, facultyName='Changed faculty name'}
26 Feb;19:05:46.266 [main] INFO  u.c.f.c.service.CourseService - getById: course = Course{id=8, courseName='Mathematics'}
26 Feb;19:05:46.267 [main] INFO  u.c.f.c.service.CourseService - getById: course = Course{id=10, courseName='Geometry'}
26 Feb;19:05:46.267 [main] INFO  u.c.f.c.service.FacultyService - getById: faculty = Faculty{id=2, facultyName='Changed faculty name'}
26 Feb;19:05:46.268 [main] INFO  u.c.f.c.service.CourseService - getById: course = Course{id=9, courseName='Physics'}
26 Feb;19:05:46.268 [main] INFO  u.c.f.c.service.CourseService - getById: course = Course{id=10, courseName='Geometry'}
26 Feb;19:05:46.268 [main] INFO  u.c.f.c.service.FacultyService - getById: faculty = Faculty{id=2, facultyName='Changed faculty name'}
26 Feb;19:05:46.269 [main] INFO  u.c.f.c.service.CourseService - getById: course = Course{id=8, courseName='Mathematics'}
26 Feb;19:05:46.269 [main] INFO  u.c.f.c.service.CourseService - getById: course = Course{id=9, courseName='Physics'}
26 Feb;19:05:46.270 [main] INFO  u.c.f.c.service.FacultyService - getById: faculty = Faculty{id=2, facultyName='Changed faculty name'}
26 Feb;19:05:46.270 [main] INFO  u.c.f.c.service.CourseService - getById: course = Course{id=8, courseName='Mathematics'}
26 Feb;19:05:46.270 [main] INFO  u.c.f.c.service.CourseService - getById: course = Course{id=10, courseName='Geometry'}
26 Feb;19:05:46.271 [main] INFO  u.c.f.c.service.FacultyService - getById: faculty = Faculty{id=2, facultyName='Changed faculty name'}
26 Feb;19:05:46.271 [main] INFO  u.c.f.c.service.CourseService - getById: course = Course{id=9, courseName='Physics'}
26 Feb;19:05:46.271 [main] INFO  u.c.f.c.service.CourseService - getById: course = Course{id=10, courseName='Geometry'}
26 Feb;19:05:46.272 [main] INFO  u.c.f.c.service.FacultyService - getById: faculty = Faculty{id=2, facultyName='Changed faculty name'}
26 Feb;19:05:46.272 [main] INFO  u.c.f.c.service.CourseService - getById: course = Course{id=8, courseName='Mathematics'}
26 Feb;19:05:46.272 [main] INFO  u.c.f.c.service.CourseService - getById: course = Course{id=9, courseName='Physics'}
26 Feb;19:05:46.273 [main] INFO  u.c.f.c.service.FacultyService - getById: faculty = Faculty{id=2, facultyName='Changed faculty name'}
26 Feb;19:05:46.273 [main] INFO  u.c.f.c.service.CourseService - getById: course = Course{id=8, courseName='Mathematics'}
26 Feb;19:05:46.273 [main] INFO  u.c.f.c.service.CourseService - getById: course = Course{id=10, courseName='Geometry'}
26 Feb;19:05:46.273 [main] INFO  u.c.f.c.service.FacultyService - getById: faculty = Faculty{id=2, facultyName='Changed faculty name'}
26 Feb;19:05:46.274 [main] INFO  u.c.f.c.service.CourseService - getById: course = Course{id=9, courseName='Physics'}
26 Feb;19:05:46.274 [main] INFO  u.c.f.c.service.CourseService - getById: course = Course{id=10, courseName='Geometry'}
26 Feb;19:05:46.274 [main] INFO  u.c.f.c.service.FacultyService - getById: faculty = Faculty{id=2, facultyName='Changed faculty name'}
26 Feb;19:05:46.275 [main] INFO  u.c.f.c.service.CourseService - getById: course = Course{id=8, courseName='Mathematics'}
26 Feb;19:05:46.275 [main] INFO  u.c.f.c.service.CourseService - getById: course = Course{id=9, courseName='Physics'}
26 Feb;19:05:46.275 [main] INFO  u.c.f.c.service.FacultyService - getById: faculty = Faculty{id=2, facultyName='Changed faculty name'}
26 Feb;19:05:46.276 [main] INFO  u.c.f.c.service.CourseService - getById: course = Course{id=8, courseName='Mathematics'}
26 Feb;19:05:46.276 [main] INFO  u.c.f.c.service.CourseService - getById: course = Course{id=10, courseName='Geometry'}
26 Feb;19:05:46.276 [main] INFO  u.c.f.c.service.FacultyService - getById: faculty = Faculty{id=3, facultyName='Faculty of Arts'}
26 Feb;19:05:46.277 [main] INFO  u.c.f.c.service.CourseService - getById: course = Course{id=1, courseName='History'}
26 Feb;19:05:46.277 [main] INFO  u.c.f.c.service.CourseService - getById: course = Course{id=2, courseName='Philosophy'}
26 Feb;19:05:46.277 [main] INFO  u.c.f.c.service.CourseService - getById: course = Course{id=3, courseName='Another course's name'}
26 Feb;19:05:46.278 [main] INFO  u.c.f.c.service.FacultyService - getById: faculty = Faculty{id=3, facultyName='Faculty of Arts'}
26 Feb;19:05:46.278 [main] INFO  u.c.f.c.service.CourseService - getById: course = Course{id=1, courseName='History'}
26 Feb;19:05:46.278 [main] INFO  u.c.f.c.service.CourseService - getById: course = Course{id=4, courseName='Political science'}
26 Feb;19:05:46.279 [main] INFO  u.c.f.c.service.CourseService - getById: course = Course{id=5, courseName='Culture'}
26 Feb;19:05:46.279 [main] INFO  u.c.f.c.service.FacultyService - getById: faculty = Faculty{id=3, facultyName='Faculty of Arts'}
26 Feb;19:05:46.279 [main] INFO  u.c.f.c.service.CourseService - getById: course = Course{id=2, courseName='Philosophy'}
26 Feb;19:05:46.280 [main] INFO  u.c.f.c.service.CourseService - getById: course = Course{id=3, courseName='Another course's name'}
26 Feb;19:05:46.280 [main] INFO  u.c.f.c.service.CourseService - getById: course = Course{id=4, courseName='Political science'}
26 Feb;19:05:46.280 [main] INFO  u.c.f.c.service.FacultyService - getById: faculty = Faculty{id=3, facultyName='Faculty of Arts'}
26 Feb;19:05:46.281 [main] INFO  u.c.f.c.service.CourseService - getById: course = Course{id=1, courseName='History'}
26 Feb;19:05:46.281 [main] INFO  u.c.f.c.service.CourseService - getById: course = Course{id=2, courseName='Philosophy'}
26 Feb;19:05:46.281 [main] INFO  u.c.f.c.service.CourseService - getById: course = Course{id=5, courseName='Culture'}
26 Feb;19:05:46.282 [main] INFO  u.c.f.c.service.FacultyService - getById: faculty = Faculty{id=3, facultyName='Faculty of Arts'}
26 Feb;19:05:46.282 [main] INFO  u.c.f.c.service.CourseService - getById: course = Course{id=3, courseName='Another course's name'}
26 Feb;19:05:46.282 [main] INFO  u.c.f.c.service.CourseService - getById: course = Course{id=4, courseName='Political science'}
26 Feb;19:05:46.283 [main] INFO  u.c.f.c.service.CourseService - getById: course = Course{id=5, courseName='Culture'}
26 Feb;19:05:46.283 [main] INFO  u.c.f.c.service.FacultyService - getById: faculty = Faculty{id=3, facultyName='Faculty of Arts'}
26 Feb;19:05:46.283 [main] INFO  u.c.f.c.service.CourseService - getById: course = Course{id=1, courseName='History'}
26 Feb;19:05:46.284 [main] INFO  u.c.f.c.service.CourseService - getById: course = Course{id=2, courseName='Philosophy'}
26 Feb;19:05:46.284 [main] INFO  u.c.f.c.service.CourseService - getById: course = Course{id=3, courseName='Another course's name'}
26 Feb;19:05:46.284 [main] INFO  u.c.f.c.service.FacultyService - getById: faculty = Faculty{id=3, facultyName='Faculty of Arts'}
26 Feb;19:05:46.285 [main] INFO  u.c.f.c.service.CourseService - getById: course = Course{id=1, courseName='History'}
26 Feb;19:05:46.285 [main] INFO  u.c.f.c.service.CourseService - getById: course = Course{id=4, courseName='Political science'}
26 Feb;19:05:46.285 [main] INFO  u.c.f.c.service.CourseService - getById: course = Course{id=5, courseName='Culture'}
26 Feb;19:05:46.286 [main] INFO  u.c.f.c.service.FacultyService - getById: faculty = Faculty{id=3, facultyName='Faculty of Arts'}
26 Feb;19:05:46.286 [main] INFO  u.c.f.c.service.CourseService - getById: course = Course{id=2, courseName='Philosophy'}
26 Feb;19:05:46.286 [main] INFO  u.c.f.c.service.CourseService - getById: course = Course{id=3, courseName='Another course's name'}
26 Feb;19:05:46.287 [main] INFO  u.c.f.c.service.CourseService - getById: course = Course{id=4, courseName='Political science'}
26 Feb;19:05:46.287 [main] INFO  u.c.f.c.service.FacultyService - getById: faculty = Faculty{id=3, facultyName='Faculty of Arts'}
26 Feb;19:05:46.287 [main] INFO  u.c.f.c.service.CourseService - getById: course = Course{id=1, courseName='History'}
26 Feb;19:05:46.288 [main] INFO  u.c.f.c.service.CourseService - getById: course = Course{id=2, courseName='Philosophy'}
26 Feb;19:05:46.288 [main] INFO  u.c.f.c.service.CourseService - getById: course = Course{id=5, courseName='Culture'}
26 Feb;19:05:46.288 [main] INFO  u.c.f.c.service.FacultyService - getById: faculty = Faculty{id=3, facultyName='Faculty of Arts'}
26 Feb;19:05:46.289 [main] INFO  u.c.f.c.service.CourseService - getById: course = Course{id=3, courseName='Another course's name'}
26 Feb;19:05:46.289 [main] INFO  u.c.f.c.service.CourseService - getById: course = Course{id=4, courseName='Political science'}
26 Feb;19:05:46.289 [main] INFO  u.c.f.c.service.CourseService - getById: course = Course{id=5, courseName='Culture'}
26 Feb;19:05:46.290 [main] INFO  u.c.f.c.service.FacultyService - getById: faculty = Faculty{id=3, facultyName='Faculty of Arts'}
26 Feb;19:05:46.290 [main] INFO  u.c.f.c.service.CourseService - getById: course = Course{id=1, courseName='History'}
26 Feb;19:05:46.290 [main] INFO  u.c.f.c.service.CourseService - getById: course = Course{id=2, courseName='Philosophy'}
26 Feb;19:05:46.291 [main] INFO  u.c.f.c.service.CourseService - getById: course = Course{id=3, courseName='Another course's name'}
26 Feb;19:05:46.291 [main] INFO  u.c.f.c.service.FacultyService - getById: faculty = Faculty{id=3, facultyName='Faculty of Arts'}
26 Feb;19:05:46.291 [main] INFO  u.c.f.c.service.CourseService - getById: course = Course{id=1, courseName='History'}
26 Feb;19:05:46.292 [main] INFO  u.c.f.c.service.CourseService - getById: course = Course{id=4, courseName='Political science'}
26 Feb;19:05:46.292 [main] INFO  u.c.f.c.service.CourseService - getById: course = Course{id=5, courseName='Culture'}
26 Feb;19:05:46.292 [main] INFO  u.c.f.c.service.FacultyService - getById: faculty = Faculty{id=3, facultyName='Faculty of Arts'}
26 Feb;19:05:46.292 [main] INFO  u.c.f.c.service.CourseService - getById: course = Course{id=2, courseName='Philosophy'}
26 Feb;19:05:46.293 [main] INFO  u.c.f.c.service.CourseService - getById: course = Course{id=3, courseName='Another course's name'}
26 Feb;19:05:46.293 [main] INFO  u.c.f.c.service.CourseService - getById: course = Course{id=4, courseName='Political science'}
26 Feb;19:05:46.293 [main] INFO  u.c.f.c.service.FacultyService - getById: faculty = Faculty{id=3, facultyName='Faculty of Arts'}
26 Feb;19:05:46.294 [main] INFO  u.c.f.c.service.CourseService - getById: course = Course{id=1, courseName='History'}
26 Feb;19:05:46.294 [main] INFO  u.c.f.c.service.CourseService - getById: course = Course{id=2, courseName='Philosophy'}
26 Feb;19:05:46.294 [main] INFO  u.c.f.c.service.CourseService - getById: course = Course{id=5, courseName='Culture'}
26 Feb;19:05:46.295 [main] INFO  u.c.f.c.service.FacultyService - getById: faculty = Faculty{id=3, facultyName='Faculty of Arts'}
26 Feb;19:05:46.295 [main] INFO  u.c.f.c.service.CourseService - getById: course = Course{id=3, courseName='Another course's name'}
26 Feb;19:05:46.295 [main] INFO  u.c.f.c.service.CourseService - getById: course = Course{id=4, courseName='Political science'}
26 Feb;19:05:46.296 [main] INFO  u.c.f.c.service.CourseService - getById: course = Course{id=5, courseName='Culture'}
26 Feb;19:05:46.296 [main] INFO  u.c.f.c.service.FacultyService - getById: faculty = Faculty{id=3, facultyName='Faculty of Arts'}
26 Feb;19:05:46.296 [main] INFO  u.c.f.c.service.CourseService - getById: course = Course{id=1, courseName='History'}
26 Feb;19:05:46.297 [main] INFO  u.c.f.c.service.CourseService - getById: course = Course{id=2, courseName='Philosophy'}
26 Feb;19:05:46.297 [main] INFO  u.c.f.c.service.CourseService - getById: course = Course{id=3, courseName='Another course's name'}
26 Feb;19:05:46.297 [main] INFO  u.c.f.c.service.FacultyService - getById: faculty = Faculty{id=3, facultyName='Faculty of Arts'}
26 Feb;19:05:46.298 [main] INFO  u.c.f.c.service.CourseService - getById: course = Course{id=1, courseName='History'}
26 Feb;19:05:46.298 [main] INFO  u.c.f.c.service.CourseService - getById: course = Course{id=4, courseName='Political science'}
26 Feb;19:05:46.298 [main] INFO  u.c.f.c.service.CourseService - getById: course = Course{id=5, courseName='Culture'}
26 Feb;19:05:46.299 [main] INFO  u.c.f.c.service.FacultyService - getById: faculty = Faculty{id=3, facultyName='Faculty of Arts'}
26 Feb;19:05:46.299 [main] INFO  u.c.f.c.service.CourseService - getById: course = Course{id=2, courseName='Philosophy'}
26 Feb;19:05:46.299 [main] INFO  u.c.f.c.service.CourseService - getById: course = Course{id=3, courseName='Another course's name'}
26 Feb;19:05:46.300 [main] INFO  u.c.f.c.service.CourseService - getById: course = Course{id=4, courseName='Political science'}
26 Feb;19:05:46.300 [main] INFO  u.c.f.c.service.FacultyService - getById: faculty = Faculty{id=3, facultyName='Faculty of Arts'}
26 Feb;19:05:46.300 [main] INFO  u.c.f.c.service.CourseService - getById: course = Course{id=1, courseName='History'}
26 Feb;19:05:46.301 [main] INFO  u.c.f.c.service.CourseService - getById: course = Course{id=2, courseName='Philosophy'}
26 Feb;19:05:46.301 [main] INFO  u.c.f.c.service.CourseService - getById: course = Course{id=5, courseName='Culture'}
26 Feb;19:05:46.301 [main] INFO  u.c.f.c.service.FacultyService - getById: faculty = Faculty{id=3, facultyName='Faculty of Arts'}
26 Feb;19:05:46.302 [main] INFO  u.c.f.c.service.CourseService - getById: course = Course{id=3, courseName='Another course's name'}
26 Feb;19:05:46.302 [main] INFO  u.c.f.c.service.CourseService - getById: course = Course{id=4, courseName='Political science'}
26 Feb;19:05:46.302 [main] INFO  u.c.f.c.service.CourseService - getById: course = Course{id=5, courseName='Culture'}
26 Feb;19:05:46.303 [main] INFO  u.c.f.c.service.FacultyService - getById: faculty = Faculty{id=1, facultyName='Changed faculty name'}
26 Feb;19:05:46.303 [main] INFO  u.c.f.c.service.CourseService - getById: course = Course{id=1, courseName='History'}
26 Feb;19:05:46.303 [main] INFO  u.c.f.c.service.CourseService - getById: course = Course{id=3, courseName='Another course's name'}

MockHttpServletRequest:
      HTTP Method = GET
      Request URI = /students
       Parameters = {}
          Headers = []
             Body = <no character encoding set>
    Session Attrs = {}

Handler:
             Type = ua.com.foxminded.classtimetable.controllers.ui.StudentController
           Method = ua.com.foxminded.classtimetable.controllers.ui.StudentController#showAll(ModelMap)

Async:
    Async started = false
     Async result = null

Resolved Exception:
             Type = null

ModelAndView:
        View name = students/showAll
             View = null
        Attribute = students
            value = [StudentDto{id=1, firstName='Jacob', lastName='Johnson', facultyId=1, coursesId=[6]}, StudentDto{id=2, firstName='Jacob', lastName='Sykes', facultyId=1, coursesId=[7]}, StudentDto{id=3, firstName='Jacob', lastName='Eve', facultyId=1, coursesId=[6]}, StudentDto{id=4, firstName='Jacob', lastName='King', facultyId=1, coursesId=[7]}, StudentDto{id=5, firstName='Jacob', lastName='Tucci', facultyId=1, coursesId=[6]}, StudentDto{id=6, firstName='Oliver', lastName='Rose', facultyId=1, coursesId=[7]}, StudentDto{id=7, firstName='Oliver', lastName='Sykes', facultyId=1, coursesId=[6]}, StudentDto{id=8, firstName='Oliver', lastName='Eve', facultyId=1, coursesId=[7]}, StudentDto{id=9, firstName='Oliver', lastName='King', facultyId=1, coursesId=[6]}, StudentDto{id=10, firstName='Oliver', lastName='Tucci', facultyId=1, coursesId=[7]}, StudentDto{id=11, firstName='Ellie', lastName='Rose', facultyId=1, coursesId=[6]}, StudentDto{id=12, firstName='Ellie', lastName='Sykes', facultyId=1, coursesId=[7]}, StudentDto{id=13, firstName='Ellie', lastName='Eve', facultyId=1, coursesId=[6]}, StudentDto{id=14, firstName='Ellie', lastName='King', facultyId=1, coursesId=[7]}, StudentDto{id=15, firstName='Ellie', lastName='Tucci', facultyId=1, coursesId=[6]}, StudentDto{id=16, firstName='Ruby', lastName='Rose', facultyId=1, coursesId=[7]}, StudentDto{id=17, firstName='Ruby', lastName='Sykes', facultyId=1, coursesId=[6]}, StudentDto{id=18, firstName='Ruby', lastName='Eve', facultyId=1, coursesId=[7]}, StudentDto{id=19, firstName='Ruby', lastName='King', facultyId=1, coursesId=[6]}, StudentDto{id=20, firstName='Ruby', lastName='Tucci', facultyId=1, coursesId=[7]}, StudentDto{id=21, firstName='Mary', lastName='Rose', facultyId=2, coursesId=[8, 9]}, StudentDto{id=22, firstName='Mary', lastName='Sykes', facultyId=2, coursesId=[8, 10]}, StudentDto{id=23, firstName='Mary', lastName='Eve', facultyId=2, coursesId=[9, 10]}, StudentDto{id=24, firstName='Mary', lastName='King', facultyId=2, coursesId=[8, 9]}, StudentDto{id=25, firstName='Mary', lastName='Tucci', facultyId=2, coursesId=[8, 10]}, StudentDto{id=26, firstName='Albert', lastName='Rose', facultyId=2, coursesId=[9, 10]}, StudentDto{id=27, firstName='Albert', lastName='Sykes', facultyId=2, coursesId=[8, 9]}, StudentDto{id=28, firstName='Albert', lastName='Eve', facultyId=2, coursesId=[8, 10]}, StudentDto{id=29, firstName='Albert', lastName='King', facultyId=2, coursesId=[9, 10]}, StudentDto{id=30, firstName='Albert', lastName='Tucci', facultyId=2, coursesId=[8, 9]}, StudentDto{id=31, firstName='Charlie', lastName='Rose', facultyId=2, coursesId=[8, 10]}, StudentDto{id=32, firstName='Charlie', lastName='Sykes', facultyId=2, coursesId=[9, 10]}, StudentDto{id=33, firstName='Charlie', lastName='Eve', facultyId=2, coursesId=[8, 9]}, StudentDto{id=34, firstName='Charlie', lastName='King', facultyId=2, coursesId=[8, 10]}, StudentDto{id=35, firstName='Charlie', lastName='Tucci', facultyId=2, coursesId=[9, 10]}, StudentDto{id=36, firstName='Samuel', lastName='Rose', facultyId=2, coursesId=[8, 9]}, StudentDto{id=37, firstName='Samuel', lastName='Sykes', facultyId=2, coursesId=[8, 10]}, StudentDto{id=38, firstName='Samuel', lastName='Eve', facultyId=2, coursesId=[9, 10]}, StudentDto{id=39, firstName='Samuel', lastName='King', facultyId=2, coursesId=[8, 9]}, StudentDto{id=40, firstName='Samuel', lastName='Tucci', facultyId=2, coursesId=[8, 10]}, StudentDto{id=41, firstName='Thomas', lastName='Rose', facultyId=3, coursesId=[1, 2, 3]}, StudentDto{id=42, firstName='Thomas', lastName='Sykes', facultyId=3, coursesId=[1, 4, 5]}, StudentDto{id=43, firstName='Thomas', lastName='Eve', facultyId=3, coursesId=[2, 3, 4]}, StudentDto{id=44, firstName='Thomas', lastName='King', facultyId=3, coursesId=[1, 2, 5]}, StudentDto{id=45, firstName='Thomas', lastName='Tucci', facultyId=3, coursesId=[3, 4, 5]}, StudentDto{id=46, firstName='Leonard', lastName='Rose', facultyId=3, coursesId=[1, 2, 3]}, StudentDto{id=47, firstName='Leonard', lastName='Sykes', facultyId=3, coursesId=[1, 4, 5]}, StudentDto{id=48, firstName='Leonard', lastName='Eve', facultyId=3, coursesId=[2, 3, 4]}, StudentDto{id=49, firstName='Leonard', lastName='King', facultyId=3, coursesId=[1, 2, 5]}, StudentDto{id=50, firstName='Leonard', lastName='Tucci', facultyId=3, coursesId=[3, 4, 5]}, StudentDto{id=51, firstName='Joshua', lastName='Rose', facultyId=3, coursesId=[1, 2, 3]}, StudentDto{id=52, firstName='Joshua', lastName='Sykes', facultyId=3, coursesId=[1, 4, 5]}, StudentDto{id=53, firstName='Joshua', lastName='Eve', facultyId=3, coursesId=[2, 3, 4]}, StudentDto{id=54, firstName='Joshua', lastName='King', facultyId=3, coursesId=[1, 2, 5]}, StudentDto{id=55, firstName='Joshua', lastName='Tucci', facultyId=3, coursesId=[3, 4, 5]}, StudentDto{id=56, firstName='Jack', lastName='Rose', facultyId=3, coursesId=[1, 2, 3]}, StudentDto{id=57, firstName='Jack', lastName='Sykes', facultyId=3, coursesId=[1, 4, 5]}, StudentDto{id=58, firstName='Jack', lastName='Eve', facultyId=3, coursesId=[2, 3, 4]}, StudentDto{id=59, firstName='Jack', lastName='King', facultyId=3, coursesId=[1, 2, 5]}, StudentDto{id=60, firstName='Jack', lastName='Tucci', facultyId=3, coursesId=[3, 4, 5]}, StudentDto{id=62, firstName='Nick', lastName='Jackson', facultyId=1, coursesId=[1, 3]}]
        Attribute = faculties
            value = ua.com.foxminded.classtimetable.service.FacultyService@421acd02
           errors = []
        Attribute = courses
            value = ua.com.foxminded.classtimetable.service.CourseService@78d664d9
           errors = []

FlashMap:
       Attributes = null

MockHttpServletResponse:
           Status = 200
    Error message = null
          Headers = [Content-Language:"en", Content-Type:"text/html;charset=UTF-8"]
     Content type = text/html;charset=UTF-8
             Body = <!DOCTYPE html>
<html lang="en">
<head>
    <title>Student-listing</title>
    <meta charset="UTF-8">
    <meta name="viewport" content="width=device-width, initial-scale=1">
    <link rel="stylesheet" href="https://maxcdn.bootstrapcdn.com/bootstrap/4.0.0/css/bootstrap.min.css">
    <script src="https://code.jquery.com/jquery-3.2.1.slim.min.js"></script>
    <script src="https://cdnjs.cloudflare.com/ajax/libs/popper.js/1.12.9/umd/popper.min.js"></script>
    <script src="https://maxcdn.bootstrapcdn.com/bootstrap/4.0.0/js/bootstrap.min.js"></script>
</head>

<body>
<nav class="navbar navbar-expand-sm bg-dark navbar-dark sticky-top">
    <a class="navbar-brand" href="/">Class Timetable</a>
    <ul class="navbar-nav">
        <li class="nav-item">
            <a class="nav-link" href="/">Home</a>
        </li>
        <li class="nav-item dropdown">
            <a class="nav-link dropdown-toggle" data-toggle="dropdown" href="/">University structure</a>
            <div class="dropdown-menu">
                <a class="dropdown-item" href="/buildings">Buildings</a>
                <a class="dropdown-item" href="/classrooms">Study rooms</a>
                <a class="dropdown-item" href="/faculties">Faculties</a>
                <a class="dropdown-item" href="/courses">Courses</a>
            </div>
        </li>
        <li class="nav-item dropdown">
            <a class="nav-link dropdown-toggle" data-toggle="dropdown" href="/">Personalities</a>
            <div class="dropdown-menu">
                <a class="dropdown-item" href="/students">Students</a>
                <a class="dropdown-item" href="/teachers">Teachers</a>
            </div>
        </li>
        <li class="nav-item">
            <a class="nav-link" href="/lessons">Current lessons</a>
        </li>
        <li class="nav-item">
            <a class="nav-link" href="/schedule">Show the personal schedule</a>
        </li>
    </ul>
</nav>

<div class="container">
    <br/>
    <h2>Students</h2>
    <a class="btn btn-sm btn-secondary" href="/">Back to menu</a>
    <a class="btn btn-sm btn-success" href="/students/new">Create new student</a>
    <br/>
    <br/>
    <table class="table table-bordered table-hover">
        <thead class="table-secondary">
        <tr>
            <th class="text-dark">First name</th>
            <th class="text-dark">Last name</th>
            <th class="text-dark">Faculty</th>
            <th class="text-dark">Course (s)</th>
            <th class="text-dark">Removal</th>
        </tr>
        </thead>
        <tbody>
        <tr>
            <td>
                <a href="/students/1">Jacob</a>
            </td>
            <td>
                <a href="/students/1">Johnson</a>
            </td>
            <td>
                <a href="/students/1">Changed faculty name</a>
            </td>
            <td>
                
                    <a href="/students/1">Biology</a>
                    <br/>
                
            </td>
            <td>
                <form method="post" action="/students/1"><input type="hidden" name="_method" value="DELETE"/>
                    <input class="btn btn-sm btn-danger" type="submit" value="Delete!"/>
                </form>
            </td>
        </tr>
        <tr>
            <td>
                <a href="/students/2">Jacob</a>
            </td>
            <td>
                <a href="/students/2">Sykes</a>
            </td>
            <td>
                <a href="/students/2">Changed faculty name</a>
            </td>
            <td>
                
                    <a href="/students/2">Chemistry</a>
                    <br/>
                
            </td>
            <td>
                <form method="post" action="/students/2"><input type="hidden" name="_method" value="DELETE"/>
                    <input class="btn btn-sm btn-danger" type="submit" value="Delete!"/>
                </form>
            </td>
        </tr>
        <tr>
            <td>
                <a href="/students/3">Jacob</a>
            </td>
            <td>
                <a href="/students/3">Eve</a>
            </td>
            <td>
                <a href="/students/3">Changed faculty name</a>
            </td>
            <td>
                
                    <a href="/students/3">Biology</a>
                    <br/>
                
            </td>
            <td>
                <form method="post" action="/students/3"><input type="hidden" name="_method" value="DELETE"/>
                    <input class="btn btn-sm btn-danger" type="submit" value="Delete!"/>
                </form>
            </td>
        </tr>
        <tr>
            <td>
                <a href="/students/4">Jacob</a>
            </td>
            <td>
                <a href="/students/4">King</a>
            </td>
            <td>
                <a href="/students/4">Changed faculty name</a>
            </td>
            <td>
                
                    <a href="/students/4">Chemistry</a>
                    <br/>
                
            </td>
            <td>
                <form method="post" action="/students/4"><input type="hidden" name="_method" value="DELETE"/>
                    <input class="btn btn-sm btn-danger" type="submit" value="Delete!"/>
                </form>
            </td>
        </tr>
        <tr>
            <td>
                <a href="/students/5">Jacob</a>
            </td>
            <td>
                <a href="/students/5">Tucci</a>
            </td>
            <td>
                <a href="/students/5">Changed faculty name</a>
            </td>
            <td>
                
                    <a href="/students/5">Biology</a>
                    <br/>
                
            </td>
            <td>
                <form method="post" action="/students/5"><input type="hidden" name="_method" value="DELETE"/>
                    <input class="btn btn-sm btn-danger" type="submit" value="Delete!"/>
                </form>
            </td>
        </tr>
        <tr>
            <td>
                <a href="/students/6">Oliver</a>
            </td>
            <td>
                <a href="/students/6">Rose</a>
            </td>
            <td>
                <a href="/students/6">Changed faculty name</a>
            </td>
            <td>
                
                    <a href="/students/6">Chemistry</a>
                    <br/>
                
            </td>
            <td>
                <form method="post" action="/students/6"><input type="hidden" name="_method" value="DELETE"/>
                    <input class="btn btn-sm btn-danger" type="submit" value="Delete!"/>
                </form>
            </td>
        </tr>
        <tr>
            <td>
                <a href="/students/7">Oliver</a>
            </td>
            <td>
                <a href="/students/7">Sykes</a>
            </td>
            <td>
                <a href="/students/7">Changed faculty name</a>
            </td>
            <td>
                
                    <a href="/students/7">Biology</a>
                    <br/>
                
            </td>
            <td>
                <form method="post" action="/students/7"><input type="hidden" name="_method" value="DELETE"/>
                    <input class="btn btn-sm btn-danger" type="submit" value="Delete!"/>
                </form>
            </td>
        </tr>
        <tr>
            <td>
                <a href="/students/8">Oliver</a>
            </td>
            <td>
                <a href="/students/8">Eve</a>
            </td>
            <td>
                <a href="/students/8">Changed faculty name</a>
            </td>
            <td>
                
                    <a href="/students/8">Chemistry</a>
                    <br/>
                
            </td>
            <td>
                <form method="post" action="/students/8"><input type="hidden" name="_method" value="DELETE"/>
                    <input class="btn btn-sm btn-danger" type="submit" value="Delete!"/>
                </form>
            </td>
        </tr>
        <tr>
            <td>
                <a href="/students/9">Oliver</a>
            </td>
            <td>
                <a href="/students/9">King</a>
            </td>
            <td>
                <a href="/students/9">Changed faculty name</a>
            </td>
            <td>
                
                    <a href="/students/9">Biology</a>
                    <br/>
                
            </td>
            <td>
                <form method="post" action="/students/9"><input type="hidden" name="_method" value="DELETE"/>
                    <input class="btn btn-sm btn-danger" type="submit" value="Delete!"/>
                </form>
            </td>
        </tr>
        <tr>
            <td>
                <a href="/students/10">Oliver</a>
            </td>
            <td>
                <a href="/students/10">Tucci</a>
            </td>
            <td>
                <a href="/students/10">Changed faculty name</a>
            </td>
            <td>
                
                    <a href="/students/10">Chemistry</a>
                    <br/>
                
            </td>
            <td>
                <form method="post" action="/students/10"><input type="hidden" name="_method" value="DELETE"/>
                    <input class="btn btn-sm btn-danger" type="submit" value="Delete!"/>
                </form>
            </td>
        </tr>
        <tr>
            <td>
                <a href="/students/11">Ellie</a>
            </td>
            <td>
                <a href="/students/11">Rose</a>
            </td>
            <td>
                <a href="/students/11">Changed faculty name</a>
            </td>
            <td>
                
                    <a href="/students/11">Biology</a>
                    <br/>
                
            </td>
            <td>
                <form method="post" action="/students/11"><input type="hidden" name="_method" value="DELETE"/>
                    <input class="btn btn-sm btn-danger" type="submit" value="Delete!"/>
                </form>
            </td>
        </tr>
        <tr>
            <td>
                <a href="/students/12">Ellie</a>
            </td>
            <td>
                <a href="/students/12">Sykes</a>
            </td>
            <td>
                <a href="/students/12">Changed faculty name</a>
            </td>
            <td>
                
                    <a href="/students/12">Chemistry</a>
                    <br/>
                
            </td>
            <td>
                <form method="post" action="/students/12"><input type="hidden" name="_method" value="DELETE"/>
                    <input class="btn btn-sm btn-danger" type="submit" value="Delete!"/>
                </form>
            </td>
        </tr>
        <tr>
            <td>
                <a href="/students/13">Ellie</a>
            </td>
            <td>
                <a href="/students/13">Eve</a>
            </td>
            <td>
                <a href="/students/13">Changed faculty name</a>
            </td>
            <td>
                
                    <a href="/students/13">Biology</a>
                    <br/>
                
            </td>
            <td>
                <form method="post" action="/students/13"><input type="hidden" name="_method" value="DELETE"/>
                    <input class="btn btn-sm btn-danger" type="submit" value="Delete!"/>
                </form>
            </td>
        </tr>
        <tr>
            <td>
                <a href="/students/14">Ellie</a>
            </td>
            <td>
                <a href="/students/14">King</a>
            </td>
            <td>
                <a href="/students/14">Changed faculty name</a>
            </td>
            <td>
                
                    <a href="/students/14">Chemistry</a>
                    <br/>
                
            </td>
            <td>
                <form method="post" action="/students/14"><input type="hidden" name="_method" value="DELETE"/>
                    <input class="btn btn-sm btn-danger" type="submit" value="Delete!"/>
                </form>
            </td>
        </tr>
        <tr>
            <td>
                <a href="/students/15">Ellie</a>
            </td>
            <td>
                <a href="/students/15">Tucci</a>
            </td>
            <td>
                <a href="/students/15">Changed faculty name</a>
            </td>
            <td>
                
                    <a href="/students/15">Biology</a>
                    <br/>
                
            </td>
            <td>
                <form method="post" action="/students/15"><input type="hidden" name="_method" value="DELETE"/>
                    <input class="btn btn-sm btn-danger" type="submit" value="Delete!"/>
                </form>
            </td>
        </tr>
        <tr>
            <td>
                <a href="/students/16">Ruby</a>
            </td>
            <td>
                <a href="/students/16">Rose</a>
            </td>
            <td>
                <a href="/students/16">Changed faculty name</a>
            </td>
            <td>
                
                    <a href="/students/16">Chemistry</a>
                    <br/>
                
            </td>
            <td>
                <form method="post" action="/students/16"><input type="hidden" name="_method" value="DELETE"/>
                    <input class="btn btn-sm btn-danger" type="submit" value="Delete!"/>
                </form>
            </td>
        </tr>
        <tr>
            <td>
                <a href="/students/17">Ruby</a>
            </td>
            <td>
                <a href="/students/17">Sykes</a>
            </td>
            <td>
                <a href="/students/17">Changed faculty name</a>
            </td>
            <td>
                
                    <a href="/students/17">Biology</a>
                    <br/>
                
            </td>
            <td>
                <form method="post" action="/students/17"><input type="hidden" name="_method" value="DELETE"/>
                    <input class="btn btn-sm btn-danger" type="submit" value="Delete!"/>
                </form>
            </td>
        </tr>
        <tr>
            <td>
                <a href="/students/18">Ruby</a>
            </td>
            <td>
                <a href="/students/18">Eve</a>
            </td>
            <td>
                <a href="/students/18">Changed faculty name</a>
            </td>
            <td>
                
                    <a href="/students/18">Chemistry</a>
                    <br/>
                
            </td>
            <td>
                <form method="post" action="/students/18"><input type="hidden" name="_method" value="DELETE"/>
                    <input class="btn btn-sm btn-danger" type="submit" value="Delete!"/>
                </form>
            </td>
        </tr>
        <tr>
            <td>
                <a href="/students/19">Ruby</a>
            </td>
            <td>
                <a href="/students/19">King</a>
            </td>
            <td>
                <a href="/students/19">Changed faculty name</a>
            </td>
            <td>
                
                    <a href="/students/19">Biology</a>
                    <br/>
                
            </td>
            <td>
                <form method="post" action="/students/19"><input type="hidden" name="_method" value="DELETE"/>
                    <input class="btn btn-sm btn-danger" type="submit" value="Delete!"/>
                </form>
            </td>
        </tr>
        <tr>
            <td>
                <a href="/students/20">Ruby</a>
            </td>
            <td>
                <a href="/students/20">Tucci</a>
            </td>
            <td>
                <a href="/students/20">Changed faculty name</a>
            </td>
            <td>
                
                    <a href="/students/20">Chemistry</a>
                    <br/>
                
            </td>
            <td>
                <form method="post" action="/students/20"><input type="hidden" name="_method" value="DELETE"/>
                    <input class="btn btn-sm btn-danger" type="submit" value="Delete!"/>
                </form>
            </td>
        </tr>
        <tr>
            <td>
                <a href="/students/21">Mary</a>
            </td>
            <td>
                <a href="/students/21">Rose</a>
            </td>
            <td>
                <a href="/students/21">Changed faculty name</a>
            </td>
            <td>
                
                    <a href="/students/21">Mathematics</a>
                    <br/>
                
                    <a href="/students/21">Physics</a>
                    <br/>
                
            </td>
            <td>
                <form method="post" action="/students/21"><input type="hidden" name="_method" value="DELETE"/>
                    <input class="btn btn-sm btn-danger" type="submit" value="Delete!"/>
                </form>
            </td>
        </tr>
        <tr>
            <td>
                <a href="/students/22">Mary</a>
            </td>
            <td>
                <a href="/students/22">Sykes</a>
            </td>
            <td>
                <a href="/students/22">Changed faculty name</a>
            </td>
            <td>
                
                    <a href="/students/22">Mathematics</a>
                    <br/>
                
                    <a href="/students/22">Geometry</a>
                    <br/>
                
            </td>
            <td>
                <form method="post" action="/students/22"><input type="hidden" name="_method" value="DELETE"/>
                    <input class="btn btn-sm btn-danger" type="submit" value="Delete!"/>
                </form>
            </td>
        </tr>
        <tr>
            <td>
                <a href="/students/23">Mary</a>
            </td>
            <td>
                <a href="/students/23">Eve</a>
            </td>
            <td>
                <a href="/students/23">Changed faculty name</a>
            </td>
            <td>
                
                    <a href="/students/23">Physics</a>
                    <br/>
                
                    <a href="/students/23">Geometry</a>
                    <br/>
                
            </td>
            <td>
                <form method="post" action="/students/23"><input type="hidden" name="_method" value="DELETE"/>
                    <input class="btn btn-sm btn-danger" type="submit" value="Delete!"/>
                </form>
            </td>
        </tr>
        <tr>
            <td>
                <a href="/students/24">Mary</a>
            </td>
            <td>
                <a href="/students/24">King</a>
            </td>
            <td>
                <a href="/students/24">Changed faculty name</a>
            </td>
            <td>
                
                    <a href="/students/24">Mathematics</a>
                    <br/>
                
                    <a href="/students/24">Physics</a>
                    <br/>
                
            </td>
            <td>
                <form method="post" action="/students/24"><input type="hidden" name="_method" value="DELETE"/>
                    <input class="btn btn-sm btn-danger" type="submit" value="Delete!"/>
                </form>
            </td>
        </tr>
        <tr>
            <td>
                <a href="/students/25">Mary</a>
            </td>
            <td>
                <a href="/students/25">Tucci</a>
            </td>
            <td>
                <a href="/students/25">Changed faculty name</a>
            </td>
            <td>
                
                    <a href="/students/25">Mathematics</a>
                    <br/>
                
                    <a href="/students/25">Geometry</a>
                    <br/>
                
            </td>
            <td>
                <form method="post" action="/students/25"><input type="hidden" name="_method" value="DELETE"/>
                    <input class="btn btn-sm btn-danger" type="submit" value="Delete!"/>
                </form>
            </td>
        </tr>
        <tr>
            <td>
                <a href="/students/26">Albert</a>
            </td>
            <td>
                <a href="/students/26">Rose</a>
            </td>
            <td>
                <a href="/students/26">Changed faculty name</a>
            </td>
            <td>
                
                    <a href="/students/26">Physics</a>
                    <br/>
                
                    <a href="/students/26">Geometry</a>
                    <br/>
                
            </td>
            <td>
                <form method="post" action="/students/26"><input type="hidden" name="_method" value="DELETE"/>
                    <input class="btn btn-sm btn-danger" type="submit" value="Delete!"/>
                </form>
            </td>
        </tr>
        <tr>
            <td>
                <a href="/students/27">Albert</a>
            </td>
            <td>
                <a href="/students/27">Sykes</a>
            </td>
            <td>
                <a href="/students/27">Changed faculty name</a>
            </td>
            <td>
                
                    <a href="/students/27">Mathematics</a>
                    <br/>
                
                    <a href="/students/27">Physics</a>
                    <br/>
                
            </td>
            <td>
                <form method="post" action="/students/27"><input type="hidden" name="_method" value="DELETE"/>
                    <input class="btn btn-sm btn-danger" type="submit" value="Delete!"/>
                </form>
            </td>
        </tr>
        <tr>
            <td>
                <a href="/students/28">Albert</a>
            </td>
            <td>
                <a href="/students/28">Eve</a>
            </td>
            <td>
                <a href="/students/28">Changed faculty name</a>
            </td>
            <td>
                
                    <a href="/students/28">Mathematics</a>
                    <br/>
                
                    <a href="/students/28">Geometry</a>
                    <br/>
                
            </td>
            <td>
                <form method="post" action="/students/28"><input type="hidden" name="_method" value="DELETE"/>
                    <input class="btn btn-sm btn-danger" type="submit" value="Delete!"/>
                </form>
            </td>
        </tr>
        <tr>
            <td>
                <a href="/students/29">Albert</a>
            </td>
            <td>
                <a href="/students/29">King</a>
            </td>
            <td>
                <a href="/students/29">Changed faculty name</a>
            </td>
            <td>
                
                    <a href="/students/29">Physics</a>
                    <br/>
                
                    <a href="/students/29">Geometry</a>
                    <br/>
                
            </td>
            <td>
                <form method="post" action="/students/29"><input type="hidden" name="_method" value="DELETE"/>
                    <input class="btn btn-sm btn-danger" type="submit" value="Delete!"/>
                </form>
            </td>
        </tr>
        <tr>
            <td>
                <a href="/students/30">Albert</a>
            </td>
            <td>
                <a href="/students/30">Tucci</a>
            </td>
            <td>
                <a href="/students/30">Changed faculty name</a>
            </td>
            <td>
                
                    <a href="/students/30">Mathematics</a>
                    <br/>
                
                    <a href="/students/30">Physics</a>
                    <br/>
                
            </td>
            <td>
                <form method="post" action="/students/30"><input type="hidden" name="_method" value="DELETE"/>
                    <input class="btn btn-sm btn-danger" type="submit" value="Delete!"/>
                </form>
            </td>
        </tr>
        <tr>
            <td>
                <a href="/students/31">Charlie</a>
            </td>
            <td>
                <a href="/students/31">Rose</a>
            </td>
            <td>
                <a href="/students/31">Changed faculty name</a>
            </td>
            <td>
                
                    <a href="/students/31">Mathematics</a>
                    <br/>
                
                    <a href="/students/31">Geometry</a>
                    <br/>
                
            </td>
            <td>
                <form method="post" action="/students/31"><input type="hidden" name="_method" value="DELETE"/>
                    <input class="btn btn-sm btn-danger" type="submit" value="Delete!"/>
                </form>
            </td>
        </tr>
        <tr>
            <td>
                <a href="/students/32">Charlie</a>
            </td>
            <td>
                <a href="/students/32">Sykes</a>
            </td>
            <td>
                <a href="/students/32">Changed faculty name</a>
            </td>
            <td>
                
                    <a href="/students/32">Physics</a>
                    <br/>
                
                    <a href="/students/32">Geometry</a>
                    <br/>
                
            </td>
            <td>
                <form method="post" action="/students/32"><input type="hidden" name="_method" value="DELETE"/>
                    <input class="btn btn-sm btn-danger" type="submit" value="Delete!"/>
                </form>
            </td>
        </tr>
        <tr>
            <td>
                <a href="/students/33">Charlie</a>
            </td>
            <td>
                <a href="/students/33">Eve</a>
            </td>
            <td>
                <a href="/students/33">Changed faculty name</a>
            </td>
            <td>
                
                    <a href="/students/33">Mathematics</a>
                    <br/>
                
                    <a href="/students/33">Physics</a>
                    <br/>
                
            </td>
            <td>
                <form method="post" action="/students/33"><input type="hidden" name="_method" value="DELETE"/>
                    <input class="btn btn-sm btn-danger" type="submit" value="Delete!"/>
                </form>
            </td>
        </tr>
        <tr>
            <td>
                <a href="/students/34">Charlie</a>
            </td>
            <td>
                <a href="/students/34">King</a>
            </td>
            <td>
                <a href="/students/34">Changed faculty name</a>
            </td>
            <td>
                
                    <a href="/students/34">Mathematics</a>
                    <br/>
                
                    <a href="/students/34">Geometry</a>
                    <br/>
                
            </td>
            <td>
                <form method="post" action="/students/34"><input type="hidden" name="_method" value="DELETE"/>
                    <input class="btn btn-sm btn-danger" type="submit" value="Delete!"/>
                </form>
            </td>
        </tr>
        <tr>
            <td>
                <a href="/students/35">Charlie</a>
            </td>
            <td>
                <a href="/students/35">Tucci</a>
            </td>
            <td>
                <a href="/students/35">Changed faculty name</a>
            </td>
            <td>
                
                    <a href="/students/35">Physics</a>
                    <br/>
                
                    <a href="/students/35">Geometry</a>
                    <br/>
                
            </td>
            <td>
                <form method="post" action="/students/35"><input type="hidden" name="_method" value="DELETE"/>
                    <input class="btn btn-sm btn-danger" type="submit" value="Delete!"/>
                </form>
            </td>
        </tr>
        <tr>
            <td>
                <a href="/students/36">Samuel</a>
            </td>
            <td>
                <a href="/students/36">Rose</a>
            </td>
            <td>
                <a href="/students/36">Changed faculty name</a>
            </td>
            <td>
                
                    <a href="/students/36">Mathematics</a>
                    <br/>
                
                    <a href="/students/36">Physics</a>
                    <br/>
                
            </td>
            <td>
                <form method="post" action="/students/36"><input type="hidden" name="_method" value="DELETE"/>
                    <input class="btn btn-sm btn-danger" type="submit" value="Delete!"/>
                </form>
            </td>
        </tr>
        <tr>
            <td>
                <a href="/students/37">Samuel</a>
            </td>
            <td>
                <a href="/students/37">Sykes</a>
            </td>
            <td>
                <a href="/students/37">Changed faculty name</a>
            </td>
            <td>
                
                    <a href="/students/37">Mathematics</a>
                    <br/>
                
                    <a href="/students/37">Geometry</a>
                    <br/>
                
            </td>
            <td>
                <form method="post" action="/students/37"><input type="hidden" name="_method" value="DELETE"/>
                    <input class="btn btn-sm btn-danger" type="submit" value="Delete!"/>
                </form>
            </td>
        </tr>
        <tr>
            <td>
                <a href="/students/38">Samuel</a>
            </td>
            <td>
                <a href="/students/38">Eve</a>
            </td>
            <td>
                <a href="/students/38">Changed faculty name</a>
            </td>
            <td>
                
                    <a href="/students/38">Physics</a>
                    <br/>
                
                    <a href="/students/38">Geometry</a>
                    <br/>
                
            </td>
            <td>
                <form method="post" action="/students/38"><input type="hidden" name="_method" value="DELETE"/>
                    <input class="btn btn-sm btn-danger" type="submit" value="Delete!"/>
                </form>
            </td>
        </tr>
        <tr>
            <td>
                <a href="/students/39">Samuel</a>
            </td>
            <td>
                <a href="/students/39">King</a>
            </td>
            <td>
                <a href="/students/39">Changed faculty name</a>
            </td>
            <td>
                
                    <a href="/students/39">Mathematics</a>
                    <br/>
                
                    <a href="/students/39">Physics</a>
                    <br/>
                
            </td>
            <td>
                <form method="post" action="/students/39"><input type="hidden" name="_method" value="DELETE"/>
                    <input class="btn btn-sm btn-danger" type="submit" value="Delete!"/>
                </form>
            </td>
        </tr>
        <tr>
            <td>
                <a href="/students/40">Samuel</a>
            </td>
            <td>
                <a href="/students/40">Tucci</a>
            </td>
            <td>
                <a href="/students/40">Changed faculty name</a>
            </td>
            <td>
                
                    <a href="/students/40">Mathematics</a>
                    <br/>
                
                    <a href="/students/40">Geometry</a>
                    <br/>
                
            </td>
            <td>
                <form method="post" action="/students/40"><input type="hidden" name="_method" value="DELETE"/>
                    <input class="btn btn-sm btn-danger" type="submit" value="Delete!"/>
                </form>
            </td>
        </tr>
        <tr>
            <td>
                <a href="/students/41">Thomas</a>
            </td>
            <td>
                <a href="/students/41">Rose</a>
            </td>
            <td>
                <a href="/students/41">Faculty of Arts</a>
            </td>
            <td>
                
                    <a href="/students/41">History</a>
                    <br/>
                
                    <a href="/students/41">Philosophy</a>
                    <br/>
                
                    <a href="/students/41">Another course&#39;s name</a>
                    <br/>
                
            </td>
            <td>
                <form method="post" action="/students/41"><input type="hidden" name="_method" value="DELETE"/>
                    <input class="btn btn-sm btn-danger" type="submit" value="Delete!"/>
                </form>
            </td>
        </tr>
        <tr>
            <td>
                <a href="/students/42">Thomas</a>
            </td>
            <td>
                <a href="/students/42">Sykes</a>
            </td>
            <td>
                <a href="/students/42">Faculty of Arts</a>
            </td>
            <td>
                
                    <a href="/students/42">History</a>
                    <br/>
                
                    <a href="/students/42">Political science</a>
                    <br/>
                
                    <a href="/students/42">Culture</a>
                    <br/>
                
            </td>
            <td>
                <form method="post" action="/students/42"><input type="hidden" name="_method" value="DELETE"/>
                    <input class="btn btn-sm btn-danger" type="submit" value="Delete!"/>
                </form>
            </td>
        </tr>
        <tr>
            <td>
                <a href="/students/43">Thomas</a>
            </td>
            <td>
                <a href="/students/43">Eve</a>
            </td>
            <td>
                <a href="/students/43">Faculty of Arts</a>
            </td>
            <td>
                
                    <a href="/students/43">Philosophy</a>
                    <br/>
                
                    <a href="/students/43">Another course&#39;s name</a>
                    <br/>
                
                    <a href="/students/43">Political science</a>
                    <br/>
                
            </td>
            <td>
                <form method="post" action="/students/43"><input type="hidden" name="_method" value="DELETE"/>
                    <input class="btn btn-sm btn-danger" type="submit" value="Delete!"/>
                </form>
            </td>
        </tr>
        <tr>
            <td>
                <a href="/students/44">Thomas</a>
            </td>
            <td>
                <a href="/students/44">King</a>
            </td>
            <td>
                <a href="/students/44">Faculty of Arts</a>
            </td>
            <td>
                
                    <a href="/students/44">History</a>
                    <br/>
                
                    <a href="/students/44">Philosophy</a>
                    <br/>
                
                    <a href="/students/44">Culture</a>
                    <br/>
                
            </td>
            <td>
                <form method="post" action="/students/44"><input type="hidden" name="_method" value="DELETE"/>
                    <input class="btn btn-sm btn-danger" type="submit" value="Delete!"/>
                </form>
            </td>
        </tr>
        <tr>
            <td>
                <a href="/students/45">Thomas</a>
            </td>
            <td>
                <a href="/students/45">Tucci</a>
            </td>
            <td>
                <a href="/students/45">Faculty of Arts</a>
            </td>
            <td>
                
                    <a href="/students/45">Another course&#39;s name</a>
                    <br/>
                
                    <a href="/students/45">Political science</a>
                    <br/>
                
                    <a href="/students/45">Culture</a>
                    <br/>
                
            </td>
            <td>
                <form method="post" action="/students/45"><input type="hidden" name="_method" value="DELETE"/>
                    <input class="btn btn-sm btn-danger" type="submit" value="Delete!"/>
                </form>
            </td>
        </tr>
        <tr>
            <td>
                <a href="/students/46">Leonard</a>
            </td>
            <td>
                <a href="/students/46">Rose</a>
            </td>
            <td>
                <a href="/students/46">Faculty of Arts</a>
            </td>
            <td>
                
                    <a href="/students/46">History</a>
                    <br/>
                
                    <a href="/students/46">Philosophy</a>
                    <br/>
                
                    <a href="/students/46">Another course&#39;s name</a>
                    <br/>
                
            </td>
            <td>
                <form method="post" action="/students/46"><input type="hidden" name="_method" value="DELETE"/>
                    <input class="btn btn-sm btn-danger" type="submit" value="Delete!"/>
                </form>
            </td>
        </tr>
        <tr>
            <td>
                <a href="/students/47">Leonard</a>
            </td>
            <td>
                <a href="/students/47">Sykes</a>
            </td>
            <td>
                <a href="/students/47">Faculty of Arts</a>
            </td>
            <td>
                
                    <a href="/students/47">History</a>
                    <br/>
                
                    <a href="/students/47">Political science</a>
                    <br/>
                
                    <a href="/students/47">Culture</a>
                    <br/>
                
            </td>
            <td>
                <form method="post" action="/students/47"><input type="hidden" name="_method" value="DELETE"/>
                    <input class="btn btn-sm btn-danger" type="submit" value="Delete!"/>
                </form>
            </td>
        </tr>
        <tr>
            <td>
                <a href="/students/48">Leonard</a>
            </td>
            <td>
                <a href="/students/48">Eve</a>
            </td>
            <td>
                <a href="/students/48">Faculty of Arts</a>
            </td>
            <td>
                
                    <a href="/students/48">Philosophy</a>
                    <br/>
                
                    <a href="/students/48">Another course&#39;s name</a>
                    <br/>
                
                    <a href="/students/48">Political science</a>
                    <br/>
                
            </td>
            <td>
                <form method="post" action="/students/48"><input type="hidden" name="_method" value="DELETE"/>
                    <input class="btn btn-sm btn-danger" type="submit" value="Delete!"/>
                </form>
            </td>
        </tr>
        <tr>
            <td>
                <a href="/students/49">Leonard</a>
            </td>
            <td>
                <a href="/students/49">King</a>
            </td>
            <td>
                <a href="/students/49">Faculty of Arts</a>
            </td>
            <td>
                
                    <a href="/students/49">History</a>
                    <br/>
                
                    <a href="/students/49">Philosophy</a>
                    <br/>
                
                    <a href="/students/49">Culture</a>
                    <br/>
                
            </td>
            <td>
                <form method="post" action="/students/49"><input type="hidden" name="_method" value="DELETE"/>
                    <input class="btn btn-sm btn-danger" type="submit" value="Delete!"/>
                </form>
            </td>
        </tr>
        <tr>
            <td>
                <a href="/students/50">Leonard</a>
            </td>
            <td>
                <a href="/students/50">Tucci</a>
            </td>
            <td>
                <a href="/students/50">Faculty of Arts</a>
            </td>
            <td>
                
                    <a href="/students/50">Another course&#39;s name</a>
                    <br/>
                
                    <a href="/students/50">Political science</a>
                    <br/>
                
                    <a href="/students/50">Culture</a>
                    <br/>
                
            </td>
            <td>
                <form method="post" action="/students/50"><input type="hidden" name="_method" value="DELETE"/>
                    <input class="btn btn-sm btn-danger" type="submit" value="Delete!"/>
                </form>
            </td>
        </tr>
        <tr>
            <td>
                <a href="/students/51">Joshua</a>
            </td>
            <td>
                <a href="/students/51">Rose</a>
            </td>
            <td>
                <a href="/students/51">Faculty of Arts</a>
            </td>
            <td>
                
                    <a href="/students/51">History</a>
                    <br/>
                
                    <a href="/students/51">Philosophy</a>
                    <br/>
                
                    <a href="/students/51">Another course&#39;s name</a>
                    <br/>
                
            </td>
            <td>
                <form method="post" action="/students/51"><input type="hidden" name="_method" value="DELETE"/>
                    <input class="btn btn-sm btn-danger" type="submit" value="Delete!"/>
                </form>
            </td>
        </tr>
        <tr>
            <td>
                <a href="/students/52">Joshua</a>
            </td>
            <td>
                <a href="/students/52">Sykes</a>
            </td>
            <td>
                <a href="/students/52">Faculty of Arts</a>
            </td>
            <td>
                
                    <a href="/students/52">History</a>
                    <br/>
                
                    <a href="/students/52">Political science</a>
                    <br/>
                
                    <a href="/students/52">Culture</a>
                    <br/>
                
            </td>
            <td>
                <form method="post" action="/students/52"><input type="hidden" name="_method" value="DELETE"/>
                    <input class="btn btn-sm btn-danger" type="submit" value="Delete!"/>
                </form>
            </td>
        </tr>
        <tr>
            <td>
                <a href="/students/53">Joshua</a>
            </td>
            <td>
                <a href="/students/53">Eve</a>
            </td>
            <td>
                <a href="/students/53">Faculty of Arts</a>
            </td>
            <td>
                
                    <a href="/students/53">Philosophy</a>
                    <br/>
                
                    <a href="/students/53">Another course&#39;s name</a>
                    <br/>
                
                    <a href="/students/53">Political science</a>
                    <br/>
                
            </td>
            <td>
                <form method="post" action="/students/53"><input type="hidden" name="_method" value="DELETE"/>
                    <input class="btn btn-sm btn-danger" type="submit" value="Delete!"/>
                </form>
            </td>
        </tr>
        <tr>
            <td>
                <a href="/students/54">Joshua</a>
            </td>
            <td>
                <a href="/students/54">King</a>
            </td>
            <td>
                <a href="/students/54">Faculty of Arts</a>
            </td>
            <td>
                
                    <a href="/students/54">History</a>
                    <br/>
                
                    <a href="/students/54">Philosophy</a>
                    <br/>
                
                    <a href="/students/54">Culture</a>
                    <br/>
                
            </td>
            <td>
                <form method="post" action="/students/54"><input type="hidden" name="_method" value="DELETE"/>
                    <input class="btn btn-sm btn-danger" type="submit" value="Delete!"/>
                </form>
            </td>
        </tr>
        <tr>
            <td>
                <a href="/students/55">Joshua</a>
            </td>
            <td>
                <a href="/students/55">Tucci</a>
            </td>
            <td>
                <a href="/students/55">Faculty of Arts</a>
            </td>
            <td>
                
                    <a href="/students/55">Another course&#39;s name</a>
                    <br/>
                
                    <a href="/students/55">Political science</a>
                    <br/>
                
                    <a href="/students/55">Culture</a>
                    <br/>
                
            </td>
            <td>
                <form method="post" action="/students/55"><input type="hidden" name="_method" value="DELETE"/>
                    <input class="btn btn-sm btn-danger" type="submit" value="Delete!"/>
                </form>
            </td>
        </tr>
        <tr>
            <td>
                <a href="/students/56">Jack</a>
            </td>
            <td>
                <a href="/students/56">Rose</a>
            </td>
            <td>
                <a href="/students/56">Faculty of Arts</a>
            </td>
            <td>
                
                    <a href="/students/56">History</a>
                    <br/>
                
                    <a href="/students/56">Philosophy</a>
                    <br/>
                
                    <a href="/students/56">Another course&#39;s name</a>
                    <br/>
                
            </td>
            <td>
                <form method="post" action="/students/56"><input type="hidden" name="_method" value="DELETE"/>
                    <input class="btn btn-sm btn-danger" type="submit" value="Delete!"/>
                </form>
            </td>
        </tr>
        <tr>
            <td>
                <a href="/students/57">Jack</a>
            </td>
            <td>
                <a href="/students/57">Sykes</a>
            </td>
            <td>
                <a href="/students/57">Faculty of Arts</a>
            </td>
            <td>
                
                    <a href="/students/57">History</a>
                    <br/>
                
                    <a href="/students/57">Political science</a>
                    <br/>
                
                    <a href="/students/57">Culture</a>
                    <br/>
                
            </td>
            <td>
                <form method="post" action="/students/57"><input type="hidden" name="_method" value="DELETE"/>
                    <input class="btn btn-sm btn-danger" type="submit" value="Delete!"/>
                </form>
            </td>
        </tr>
        <tr>
            <td>
                <a href="/students/58">Jack</a>
            </td>
            <td>
                <a href="/students/58">Eve</a>
            </td>
            <td>
                <a href="/students/58">Faculty of Arts</a>
            </td>
            <td>
                
                    <a href="/students/58">Philosophy</a>
                    <br/>
                
                    <a href="/students/58">Another course&#39;s name</a>
                    <br/>
                
                    <a href="/students/58">Political science</a>
                    <br/>
                
            </td>
            <td>
                <form method="post" action="/students/58"><input type="hidden" name="_method" value="DELETE"/>
                    <input class="btn btn-sm btn-danger" type="submit" value="Delete!"/>
                </form>
            </td>
        </tr>
        <tr>
            <td>
                <a href="/students/59">Jack</a>
            </td>
            <td>
                <a href="/students/59">King</a>
            </td>
            <td>
                <a href="/students/59">Faculty of Arts</a>
            </td>
            <td>
                
                    <a href="/students/59">History</a>
                    <br/>
                
                    <a href="/students/59">Philosophy</a>
                    <br/>
                
                    <a href="/students/59">Culture</a>
                    <br/>
                
            </td>
            <td>
                <form method="post" action="/students/59"><input type="hidden" name="_method" value="DELETE"/>
                    <input class="btn btn-sm btn-danger" type="submit" value="Delete!"/>
                </form>
            </td>
        </tr>
        <tr>
            <td>
                <a href="/students/60">Jack</a>
            </td>
            <td>
                <a href="/students/60">Tucci</a>
            </td>
            <td>
                <a href="/students/60">Faculty of Arts</a>
            </td>
            <td>
                
                    <a href="/students/60">Another course&#39;s name</a>
                    <br/>
                
                    <a href="/students/60">Political science</a>
                    <br/>
                
                    <a href="/students/60">Culture</a>
                    <br/>
                
            </td>
            <td>
                <form method="post" action="/students/60"><input type="hidden" name="_method" value="DELETE"/>
                    <input class="btn btn-sm btn-danger" type="submit" value="Delete!"/>
                </form>
            </td>
        </tr>
        <tr>
            <td>
                <a href="/students/62">Nick</a>
            </td>
            <td>
                <a href="/students/62">Jackson</a>
            </td>
            <td>
                <a href="/students/62">Changed faculty name</a>
            </td>
            <td>
                
                    <a href="/students/62">History</a>
                    <br/>
                
                    <a href="/students/62">Another course&#39;s name</a>
                    <br/>
                
            </td>
            <td>
                <form method="post" action="/students/62"><input type="hidden" name="_method" value="DELETE"/>
                    <input class="btn btn-sm btn-danger" type="submit" value="Delete!"/>
                </form>
            </td>
        </tr>
        </tbody>
    </table>
</div>
</body>
</html>

    Forwarded URL = null
   Redirected URL = null
          Cookies = []
Hibernate: select student0_.id as id1_5_, student0_.faculty_id as faculty_4_5_, student0_.first_name as first_na2_5_, student0_.last_name as last_nam3_5_ from students student0_
Hibernate: select faculty0_.id as id1_3_0_, faculty0_.faculty_name as faculty_2_3_0_ from faculties faculty0_ where faculty0_.id=?
Hibernate: select faculty0_.id as id1_3_0_, faculty0_.faculty_name as faculty_2_3_0_ from faculties faculty0_ where faculty0_.id=?
Hibernate: select faculty0_.id as id1_3_0_, faculty0_.faculty_name as faculty_2_3_0_ from faculties faculty0_ where faculty0_.id=?
Hibernate: select studentcou0_.student_id as student_1_6_0_, studentcou0_.course_id as course_i2_6_0_, course1_.id as id1_2_1_, course1_.course_name as course_n2_2_1_ from students_courses studentcou0_ inner join courses course1_ on studentcou0_.course_id=course1_.id where studentcou0_.student_id=?
Hibernate: select courseteac0_.course_id as course_i2_8_0_, courseteac0_.teacher_id as teacher_1_8_0_, teacher1_.id as id1_7_1_, teacher1_.faculty_id as faculty_4_7_1_, teacher1_.first_name as first_na2_7_1_, teacher1_.last_name as last_nam3_7_1_, faculty2_.id as id1_3_2_, faculty2_.faculty_name as faculty_2_3_2_ from teachers_courses courseteac0_ inner join teachers teacher1_ on courseteac0_.teacher_id=teacher1_.id left outer join faculties faculty2_ on teacher1_.faculty_id=faculty2_.id where courseteac0_.course_id=?
Hibernate: select teachercou0_.teacher_id as teacher_1_8_0_, teachercou0_.course_id as course_i2_8_0_, course1_.id as id1_2_1_, course1_.course_name as course_n2_2_1_ from teachers_courses teachercou0_ inner join courses course1_ on teachercou0_.course_id=course1_.id where teachercou0_.teacher_id=?
Hibernate: select courseteac0_.course_id as course_i2_8_0_, courseteac0_.teacher_id as teacher_1_8_0_, teacher1_.id as id1_7_1_, teacher1_.faculty_id as faculty_4_7_1_, teacher1_.first_name as first_na2_7_1_, teacher1_.last_name as last_nam3_7_1_, faculty2_.id as id1_3_2_, faculty2_.faculty_name as faculty_2_3_2_ from teachers_courses courseteac0_ inner join teachers teacher1_ on courseteac0_.teacher_id=teacher1_.id left outer join faculties faculty2_ on teacher1_.faculty_id=faculty2_.id where courseteac0_.course_id=?
Hibernate: select teachercou0_.teacher_id as teacher_1_8_0_, teachercou0_.course_id as course_i2_8_0_, course1_.id as id1_2_1_, course1_.course_name as course_n2_2_1_ from teachers_courses teachercou0_ inner join courses course1_ on teachercou0_.course_id=course1_.id where teachercou0_.teacher_id=?
Hibernate: select studentcou0_.student_id as student_1_6_0_, studentcou0_.course_id as course_i2_6_0_, course1_.id as id1_2_1_, course1_.course_name as course_n2_2_1_ from students_courses studentcou0_ inner join courses course1_ on studentcou0_.course_id=course1_.id where studentcou0_.student_id=?
Hibernate: select courseteac0_.course_id as course_i2_8_0_, courseteac0_.teacher_id as teacher_1_8_0_, teacher1_.id as id1_7_1_, teacher1_.faculty_id as faculty_4_7_1_, teacher1_.first_name as first_na2_7_1_, teacher1_.last_name as last_nam3_7_1_, faculty2_.id as id1_3_2_, faculty2_.faculty_name as faculty_2_3_2_ from teachers_courses courseteac0_ inner join teachers teacher1_ on courseteac0_.teacher_id=teacher1_.id left outer join faculties faculty2_ on teacher1_.faculty_id=faculty2_.id where courseteac0_.course_id=?
Hibernate: select teachercou0_.teacher_id as teacher_1_8_0_, teachercou0_.course_id as course_i2_8_0_, course1_.id as id1_2_1_, course1_.course_name as course_n2_2_1_ from teachers_courses teachercou0_ inner join courses course1_ on teachercou0_.course_id=course1_.id where teachercou0_.teacher_id=?
Hibernate: select courseteac0_.course_id as course_i2_8_0_, courseteac0_.teacher_id as teacher_1_8_0_, teacher1_.id as id1_7_1_, teacher1_.faculty_id as faculty_4_7_1_, teacher1_.first_name as first_na2_7_1_, teacher1_.last_name as last_nam3_7_1_, faculty2_.id as id1_3_2_, faculty2_.faculty_name as faculty_2_3_2_ from teachers_courses courseteac0_ inner join teachers teacher1_ on courseteac0_.teacher_id=teacher1_.id left outer join faculties faculty2_ on teacher1_.faculty_id=faculty2_.id where courseteac0_.course_id=?
Hibernate: select teachercou0_.teacher_id as teacher_1_8_0_, teachercou0_.course_id as course_i2_8_0_, course1_.id as id1_2_1_, course1_.course_name as course_n2_2_1_ from teachers_courses teachercou0_ inner join courses course1_ on teachercou0_.course_id=course1_.id where teachercou0_.teacher_id=?
Hibernate: select studentcou0_.student_id as student_1_6_0_, studentcou0_.course_id as course_i2_6_0_, course1_.id as id1_2_1_, course1_.course_name as course_n2_2_1_ from students_courses studentcou0_ inner join courses course1_ on studentcou0_.course_id=course1_.id where studentcou0_.student_id=?
Hibernate: select courseteac0_.course_id as course_i2_8_0_, courseteac0_.teacher_id as teacher_1_8_0_, teacher1_.id as id1_7_1_, teacher1_.faculty_id as faculty_4_7_1_, teacher1_.first_name as first_na2_7_1_, teacher1_.last_name as last_nam3_7_1_, faculty2_.id as id1_3_2_, faculty2_.faculty_name as faculty_2_3_2_ from teachers_courses courseteac0_ inner join teachers teacher1_ on courseteac0_.teacher_id=teacher1_.id left outer join faculties faculty2_ on teacher1_.faculty_id=faculty2_.id where courseteac0_.course_id=?
Hibernate: select teachercou0_.teacher_id as teacher_1_8_0_, teachercou0_.course_id as course_i2_8_0_, course1_.id as id1_2_1_, course1_.course_name as course_n2_2_1_ from teachers_courses teachercou0_ inner join courses course1_ on teachercou0_.course_id=course1_.id where teachercou0_.teacher_id=?
Hibernate: select studentcou0_.student_id as student_1_6_0_, studentcou0_.course_id as course_i2_6_0_, course1_.id as id1_2_1_, course1_.course_name as course_n2_2_1_ from students_courses studentcou0_ inner join courses course1_ on studentcou0_.course_id=course1_.id where studentcou0_.student_id=?
Hibernate: select studentcou0_.student_id as student_1_6_0_, studentcou0_.course_id as course_i2_6_0_, course1_.id as id1_2_1_, course1_.course_name as course_n2_2_1_ from students_courses studentcou0_ inner join courses course1_ on studentcou0_.course_id=course1_.id where studentcou0_.student_id=?
Hibernate: select studentcou0_.student_id as student_1_6_0_, studentcou0_.course_id as course_i2_6_0_, course1_.id as id1_2_1_, course1_.course_name as course_n2_2_1_ from students_courses studentcou0_ inner join courses course1_ on studentcou0_.course_id=course1_.id where studentcou0_.student_id=?
Hibernate: select studentcou0_.student_id as student_1_6_0_, studentcou0_.course_id as course_i2_6_0_, course1_.id as id1_2_1_, course1_.course_name as course_n2_2_1_ from students_courses studentcou0_ inner join courses course1_ on studentcou0_.course_id=course1_.id where studentcou0_.student_id=?
Hibernate: select studentcou0_.student_id as student_1_6_0_, studentcou0_.course_id as course_i2_6_0_, course1_.id as id1_2_1_, course1_.course_name as course_n2_2_1_ from students_courses studentcou0_ inner join courses course1_ on studentcou0_.course_id=course1_.id where studentcou0_.student_id=?
Hibernate: select studentcou0_.student_id as student_1_6_0_, studentcou0_.course_id as course_i2_6_0_, course1_.id as id1_2_1_, course1_.course_name as course_n2_2_1_ from students_courses studentcou0_ inner join courses course1_ on studentcou0_.course_id=course1_.id where studentcou0_.student_id=?
Hibernate: select studentcou0_.student_id as student_1_6_0_, studentcou0_.course_id as course_i2_6_0_, course1_.id as id1_2_1_, course1_.course_name as course_n2_2_1_ from students_courses studentcou0_ inner join courses course1_ on studentcou0_.course_id=course1_.id where studentcou0_.student_id=?
Hibernate: select studentcou0_.student_id as student_1_6_0_, studentcou0_.course_id as course_i2_6_0_, course1_.id as id1_2_1_, course1_.course_name as course_n2_2_1_ from students_courses studentcou0_ inner join courses course1_ on studentcou0_.course_id=course1_.id where studentcou0_.student_id=?
Hibernate: select studentcou0_.student_id as student_1_6_0_, studentcou0_.course_id as course_i2_6_0_, course1_.id as id1_2_1_, course1_.course_name as course_n2_2_1_ from students_courses studentcou0_ inner join courses course1_ on studentcou0_.course_id=course1_.id where studentcou0_.student_id=?
Hibernate: select studentcou0_.student_id as student_1_6_0_, studentcou0_.course_id as course_i2_6_0_, course1_.id as id1_2_1_, course1_.course_name as course_n2_2_1_ from students_courses studentcou0_ inner join courses course1_ on studentcou0_.course_id=course1_.id where studentcou0_.student_id=?
Hibernate: select studentcou0_.student_id as student_1_6_0_, studentcou0_.course_id as course_i2_6_0_, course1_.id as id1_2_1_, course1_.course_name as course_n2_2_1_ from students_courses studentcou0_ inner join courses course1_ on studentcou0_.course_id=course1_.id where studentcou0_.student_id=?
Hibernate: select studentcou0_.student_id as student_1_6_0_, studentcou0_.course_id as course_i2_6_0_, course1_.id as id1_2_1_, course1_.course_name as course_n2_2_1_ from students_courses studentcou0_ inner join courses course1_ on studentcou0_.course_id=course1_.id where studentcou0_.student_id=?
Hibernate: select studentcou0_.student_id as student_1_6_0_, studentcou0_.course_id as course_i2_6_0_, course1_.id as id1_2_1_, course1_.course_name as course_n2_2_1_ from students_courses studentcou0_ inner join courses course1_ on studentcou0_.course_id=course1_.id where studentcou0_.student_id=?
Hibernate: select studentcou0_.student_id as student_1_6_0_, studentcou0_.course_id as course_i2_6_0_, course1_.id as id1_2_1_, course1_.course_name as course_n2_2_1_ from students_courses studentcou0_ inner join courses course1_ on studentcou0_.course_id=course1_.id where studentcou0_.student_id=?
Hibernate: select studentcou0_.student_id as student_1_6_0_, studentcou0_.course_id as course_i2_6_0_, course1_.id as id1_2_1_, course1_.course_name as course_n2_2_1_ from students_courses studentcou0_ inner join courses course1_ on studentcou0_.course_id=course1_.id where studentcou0_.student_id=?
Hibernate: select studentcou0_.student_id as student_1_6_0_, studentcou0_.course_id as course_i2_6_0_, course1_.id as id1_2_1_, course1_.course_name as course_n2_2_1_ from students_courses studentcou0_ inner join courses course1_ on studentcou0_.course_id=course1_.id where studentcou0_.student_id=?
Hibernate: select studentcou0_.student_id as student_1_6_0_, studentcou0_.course_id as course_i2_6_0_, course1_.id as id1_2_1_, course1_.course_name as course_n2_2_1_ from students_courses studentcou0_ inner join courses course1_ on studentcou0_.course_id=course1_.id where studentcou0_.student_id=?
Hibernate: select studentcou0_.student_id as student_1_6_0_, studentcou0_.course_id as course_i2_6_0_, course1_.id as id1_2_1_, course1_.course_name as course_n2_2_1_ from students_courses studentcou0_ inner join courses course1_ on studentcou0_.course_id=course1_.id where studentcou0_.student_id=?
Hibernate: select studentcou0_.student_id as student_1_6_0_, studentcou0_.course_id as course_i2_6_0_, course1_.id as id1_2_1_, course1_.course_name as course_n2_2_1_ from students_courses studentcou0_ inner join courses course1_ on studentcou0_.course_id=course1_.id where studentcou0_.student_id=?
Hibernate: select courseteac0_.course_id as course_i2_8_0_, courseteac0_.teacher_id as teacher_1_8_0_, teacher1_.id as id1_7_1_, teacher1_.faculty_id as faculty_4_7_1_, teacher1_.first_name as first_na2_7_1_, teacher1_.last_name as last_nam3_7_1_, faculty2_.id as id1_3_2_, faculty2_.faculty_name as faculty_2_3_2_ from teachers_courses courseteac0_ inner join teachers teacher1_ on courseteac0_.teacher_id=teacher1_.id left outer join faculties faculty2_ on teacher1_.faculty_id=faculty2_.id where courseteac0_.course_id=?
Hibernate: select teachercou0_.teacher_id as teacher_1_8_0_, teachercou0_.course_id as course_i2_8_0_, course1_.id as id1_2_1_, course1_.course_name as course_n2_2_1_ from teachers_courses teachercou0_ inner join courses course1_ on teachercou0_.course_id=course1_.id where teachercou0_.teacher_id=?
Hibernate: select courseteac0_.course_id as course_i2_8_0_, courseteac0_.teacher_id as teacher_1_8_0_, teacher1_.id as id1_7_1_, teacher1_.faculty_id as faculty_4_7_1_, teacher1_.first_name as first_na2_7_1_, teacher1_.last_name as last_nam3_7_1_, faculty2_.id as id1_3_2_, faculty2_.faculty_name as faculty_2_3_2_ from teachers_courses courseteac0_ inner join teachers teacher1_ on courseteac0_.teacher_id=teacher1_.id left outer join faculties faculty2_ on teacher1_.faculty_id=faculty2_.id where courseteac0_.course_id=?
Hibernate: select teachercou0_.teacher_id as teacher_1_8_0_, teachercou0_.course_id as course_i2_8_0_, course1_.id as id1_2_1_, course1_.course_name as course_n2_2_1_ from teachers_courses teachercou0_ inner join courses course1_ on teachercou0_.course_id=course1_.id where teachercou0_.teacher_id=?
Hibernate: select studentcou0_.student_id as student_1_6_0_, studentcou0_.course_id as course_i2_6_0_, course1_.id as id1_2_1_, course1_.course_name as course_n2_2_1_ from students_courses studentcou0_ inner join courses course1_ on studentcou0_.course_id=course1_.id where studentcou0_.student_id=?
Hibernate: select courseteac0_.course_id as course_i2_8_0_, courseteac0_.teacher_id as teacher_1_8_0_, teacher1_.id as id1_7_1_, teacher1_.faculty_id as faculty_4_7_1_, teacher1_.first_name as first_na2_7_1_, teacher1_.last_name as last_nam3_7_1_, faculty2_.id as id1_3_2_, faculty2_.faculty_name as faculty_2_3_2_ from teachers_courses courseteac0_ inner join teachers teacher1_ on courseteac0_.teacher_id=teacher1_.id left outer join faculties faculty2_ on teacher1_.faculty_id=faculty2_.id where courseteac0_.course_id=?
Hibernate: select teachercou0_.teacher_id as teacher_1_8_0_, teachercou0_.course_id as course_i2_8_0_, course1_.id as id1_2_1_, course1_.course_name as course_n2_2_1_ from teachers_courses teachercou0_ inner join courses course1_ on teachercou0_.course_id=course1_.id where teachercou0_.teacher_id=?
Hibernate: select studentcou0_.student_id as student_1_6_0_, studentcou0_.course_id as course_i2_6_0_, course1_.id as id1_2_1_, course1_.course_name as course_n2_2_1_ from students_courses studentcou0_ inner join courses course1_ on studentcou0_.course_id=course1_.id where studentcou0_.student_id=?
Hibernate: select studentcou0_.student_id as student_1_6_0_, studentcou0_.course_id as course_i2_6_0_, course1_.id as id1_2_1_, course1_.course_name as course_n2_2_1_ from students_courses studentcou0_ inner join courses course1_ on studentcou0_.course_id=course1_.id where studentcou0_.student_id=?
Hibernate: select studentcou0_.student_id as student_1_6_0_, studentcou0_.course_id as course_i2_6_0_, course1_.id as id1_2_1_, course1_.course_name as course_n2_2_1_ from students_courses studentcou0_ inner join courses course1_ on studentcou0_.course_id=course1_.id where studentcou0_.student_id=?
Hibernate: select studentcou0_.student_id as student_1_6_0_, studentcou0_.course_id as course_i2_6_0_, course1_.id as id1_2_1_, course1_.course_name as course_n2_2_1_ from students_courses studentcou0_ inner join courses course1_ on studentcou0_.course_id=course1_.id where studentcou0_.student_id=?
Hibernate: select studentcou0_.student_id as student_1_6_0_, studentcou0_.course_id as course_i2_6_0_, course1_.id as id1_2_1_, course1_.course_name as course_n2_2_1_ from students_courses studentcou0_ inner join courses course1_ on studentcou0_.course_id=course1_.id where studentcou0_.student_id=?
Hibernate: select studentcou0_.student_id as student_1_6_0_, studentcou0_.course_id as course_i2_6_0_, course1_.id as id1_2_1_, course1_.course_name as course_n2_2_1_ from students_courses studentcou0_ inner join courses course1_ on studentcou0_.course_id=course1_.id where studentcou0_.student_id=?
Hibernate: select studentcou0_.student_id as student_1_6_0_, studentcou0_.course_id as course_i2_6_0_, course1_.id as id1_2_1_, course1_.course_name as course_n2_2_1_ from students_courses studentcou0_ inner join courses course1_ on studentcou0_.course_id=course1_.id where studentcou0_.student_id=?
Hibernate: select studentcou0_.student_id as student_1_6_0_, studentcou0_.course_id as course_i2_6_0_, course1_.id as id1_2_1_, course1_.course_name as course_n2_2_1_ from students_courses studentcou0_ inner join courses course1_ on studentcou0_.course_id=course1_.id where studentcou0_.student_id=?
Hibernate: select studentcou0_.student_id as student_1_6_0_, studentcou0_.course_id as course_i2_6_0_, course1_.id as id1_2_1_, course1_.course_name as course_n2_2_1_ from students_courses studentcou0_ inner join courses course1_ on studentcou0_.course_id=course1_.id where studentcou0_.student_id=?
Hibernate: select studentcou0_.student_id as student_1_6_0_, studentcou0_.course_id as course_i2_6_0_, course1_.id as id1_2_1_, course1_.course_name as course_n2_2_1_ from students_courses studentcou0_ inner join courses course1_ on studentcou0_.course_id=course1_.id where studentcou0_.student_id=?
Hibernate: select studentcou0_.student_id as student_1_6_0_, studentcou0_.course_id as course_i2_6_0_, course1_.id as id1_2_1_, course1_.course_name as course_n2_2_1_ from students_courses studentcou0_ inner join courses course1_ on studentcou0_.course_id=course1_.id where studentcou0_.student_id=?
Hibernate: select studentcou0_.student_id as student_1_6_0_, studentcou0_.course_id as course_i2_6_0_, course1_.id as id1_2_1_, course1_.course_name as course_n2_2_1_ from students_courses studentcou0_ inner join courses course1_ on studentcou0_.course_id=course1_.id where studentcou0_.student_id=?
Hibernate: select studentcou0_.student_id as student_1_6_0_, studentcou0_.course_id as course_i2_6_0_, course1_.id as id1_2_1_, course1_.course_name as course_n2_2_1_ from students_courses studentcou0_ inner join courses course1_ on studentcou0_.course_id=course1_.id where studentcou0_.student_id=?
Hibernate: select studentcou0_.student_id as student_1_6_0_, studentcou0_.course_id as course_i2_6_0_, course1_.id as id1_2_1_, course1_.course_name as course_n2_2_1_ from students_courses studentcou0_ inner join courses course1_ on studentcou0_.course_id=course1_.id where studentcou0_.student_id=?
Hibernate: select studentcou0_.student_id as student_1_6_0_, studentcou0_.course_id as course_i2_6_0_, course1_.id as id1_2_1_, course1_.course_name as course_n2_2_1_ from students_courses studentcou0_ inner join courses course1_ on studentcou0_.course_id=course1_.id where studentcou0_.student_id=?
Hibernate: select studentcou0_.student_id as student_1_6_0_, studentcou0_.course_id as course_i2_6_0_, course1_.id as id1_2_1_, course1_.course_name as course_n2_2_1_ from students_courses studentcou0_ inner join courses course1_ on studentcou0_.course_id=course1_.id where studentcou0_.student_id=?
Hibernate: select studentcou0_.student_id as student_1_6_0_, studentcou0_.course_id as course_i2_6_0_, course1_.id as id1_2_1_, course1_.course_name as course_n2_2_1_ from students_courses studentcou0_ inner join courses course1_ on studentcou0_.course_id=course1_.id where studentcou0_.student_id=?
Hibernate: select studentcou0_.student_id as student_1_6_0_, studentcou0_.course_id as course_i2_6_0_, course1_.id as id1_2_1_, course1_.course_name as course_n2_2_1_ from students_courses studentcou0_ inner join courses course1_ on studentcou0_.course_id=course1_.id where studentcou0_.student_id=?
Hibernate: select studentcou0_.student_id as student_1_6_0_, studentcou0_.course_id as course_i2_6_0_, course1_.id as id1_2_1_, course1_.course_name as course_n2_2_1_ from students_courses studentcou0_ inner join courses course1_ on studentcou0_.course_id=course1_.id where studentcou0_.student_id=?
Hibernate: select courseteac0_.course_id as course_i2_8_0_, courseteac0_.teacher_id as teacher_1_8_0_, teacher1_.id as id1_7_1_, teacher1_.faculty_id as faculty_4_7_1_, teacher1_.first_name as first_na2_7_1_, teacher1_.last_name as last_nam3_7_1_, faculty2_.id as id1_3_2_, faculty2_.faculty_name as faculty_2_3_2_ from teachers_courses courseteac0_ inner join teachers teacher1_ on courseteac0_.teacher_id=teacher1_.id left outer join faculties faculty2_ on teacher1_.faculty_id=faculty2_.id where courseteac0_.course_id=?
Hibernate: select teachercou0_.teacher_id as teacher_1_8_0_, teachercou0_.course_id as course_i2_8_0_, course1_.id as id1_2_1_, course1_.course_name as course_n2_2_1_ from teachers_courses teachercou0_ inner join courses course1_ on teachercou0_.course_id=course1_.id where teachercou0_.teacher_id=?
Hibernate: select teachercou0_.teacher_id as teacher_1_8_0_, teachercou0_.course_id as course_i2_8_0_, course1_.id as id1_2_1_, course1_.course_name as course_n2_2_1_ from teachers_courses teachercou0_ inner join courses course1_ on teachercou0_.course_id=course1_.id where teachercou0_.teacher_id=?
Hibernate: select studentcou0_.student_id as student_1_6_0_, studentcou0_.course_id as course_i2_6_0_, course1_.id as id1_2_1_, course1_.course_name as course_n2_2_1_ from students_courses studentcou0_ inner join courses course1_ on studentcou0_.course_id=course1_.id where studentcou0_.student_id=?
Hibernate: select courseteac0_.course_id as course_i2_8_0_, courseteac0_.teacher_id as teacher_1_8_0_, teacher1_.id as id1_7_1_, teacher1_.faculty_id as faculty_4_7_1_, teacher1_.first_name as first_na2_7_1_, teacher1_.last_name as last_nam3_7_1_, faculty2_.id as id1_3_2_, faculty2_.faculty_name as faculty_2_3_2_ from teachers_courses courseteac0_ inner join teachers teacher1_ on courseteac0_.teacher_id=teacher1_.id left outer join faculties faculty2_ on teacher1_.faculty_id=faculty2_.id where courseteac0_.course_id=?
Hibernate: select teachercou0_.teacher_id as teacher_1_8_0_, teachercou0_.course_id as course_i2_8_0_, course1_.id as id1_2_1_, course1_.course_name as course_n2_2_1_ from teachers_courses teachercou0_ inner join courses course1_ on teachercou0_.course_id=course1_.id where teachercou0_.teacher_id=?
Hibernate: select teachercou0_.teacher_id as teacher_1_8_0_, teachercou0_.course_id as course_i2_8_0_, course1_.id as id1_2_1_, course1_.course_name as course_n2_2_1_ from teachers_courses teachercou0_ inner join courses course1_ on teachercou0_.course_id=course1_.id where teachercou0_.teacher_id=?
Hibernate: select studentcou0_.student_id as student_1_6_0_, studentcou0_.course_id as course_i2_6_0_, course1_.id as id1_2_1_, course1_.course_name as course_n2_2_1_ from students_courses studentcou0_ inner join courses course1_ on studentcou0_.course_id=course1_.id where studentcou0_.student_id=?
Hibernate: select studentcou0_.student_id as student_1_6_0_, studentcou0_.course_id as course_i2_6_0_, course1_.id as id1_2_1_, course1_.course_name as course_n2_2_1_ from students_courses studentcou0_ inner join courses course1_ on studentcou0_.course_id=course1_.id where studentcou0_.student_id=?
Hibernate: select studentcou0_.student_id as student_1_6_0_, studentcou0_.course_id as course_i2_6_0_, course1_.id as id1_2_1_, course1_.course_name as course_n2_2_1_ from students_courses studentcou0_ inner join courses course1_ on studentcou0_.course_id=course1_.id where studentcou0_.student_id=?
Hibernate: select studentcou0_.student_id as student_1_6_0_, studentcou0_.course_id as course_i2_6_0_, course1_.id as id1_2_1_, course1_.course_name as course_n2_2_1_ from students_courses studentcou0_ inner join courses course1_ on studentcou0_.course_id=course1_.id where studentcou0_.student_id=?
Hibernate: select studentcou0_.student_id as student_1_6_0_, studentcou0_.course_id as course_i2_6_0_, course1_.id as id1_2_1_, course1_.course_name as course_n2_2_1_ from students_courses studentcou0_ inner join courses course1_ on studentcou0_.course_id=course1_.id where studentcou0_.student_id=?
Hibernate: select studentcou0_.student_id as student_1_6_0_, studentcou0_.course_id as course_i2_6_0_, course1_.id as id1_2_1_, course1_.course_name as course_n2_2_1_ from students_courses studentcou0_ inner join courses course1_ on studentcou0_.course_id=course1_.id where studentcou0_.student_id=?
Hibernate: select studentcou0_.student_id as student_1_6_0_, studentcou0_.course_id as course_i2_6_0_, course1_.id as id1_2_1_, course1_.course_name as course_n2_2_1_ from students_courses studentcou0_ inner join courses course1_ on studentcou0_.course_id=course1_.id where studentcou0_.student_id=?
Hibernate: select studentcou0_.student_id as student_1_6_0_, studentcou0_.course_id as course_i2_6_0_, course1_.id as id1_2_1_, course1_.course_name as course_n2_2_1_ from students_courses studentcou0_ inner join courses course1_ on studentcou0_.course_id=course1_.id where studentcou0_.student_id=?
Hibernate: select studentcou0_.student_id as student_1_6_0_, studentcou0_.course_id as course_i2_6_0_, course1_.id as id1_2_1_, course1_.course_name as course_n2_2_1_ from students_courses studentcou0_ inner join courses course1_ on studentcou0_.course_id=course1_.id where studentcou0_.student_id=?
Hibernate: select studentcou0_.student_id as student_1_6_0_, studentcou0_.course_id as course_i2_6_0_, course1_.id as id1_2_1_, course1_.course_name as course_n2_2_1_ from students_courses studentcou0_ inner join courses course1_ on studentcou0_.course_id=course1_.id where studentcou0_.student_id=?
Hibernate: select studentcou0_.student_id as student_1_6_0_, studentcou0_.course_id as course_i2_6_0_, course1_.id as id1_2_1_, course1_.course_name as course_n2_2_1_ from students_courses studentcou0_ inner join courses course1_ on studentcou0_.course_id=course1_.id where studentcou0_.student_id=?
Hibernate: select studentcou0_.student_id as student_1_6_0_, studentcou0_.course_id as course_i2_6_0_, course1_.id as id1_2_1_, course1_.course_name as course_n2_2_1_ from students_courses studentcou0_ inner join courses course1_ on studentcou0_.course_id=course1_.id where studentcou0_.student_id=?
Hibernate: select studentcou0_.student_id as student_1_6_0_, studentcou0_.course_id as course_i2_6_0_, course1_.id as id1_2_1_, course1_.course_name as course_n2_2_1_ from students_courses studentcou0_ inner join courses course1_ on studentcou0_.course_id=course1_.id where studentcou0_.student_id=?
Hibernate: select studentcou0_.student_id as student_1_6_0_, studentcou0_.course_id as course_i2_6_0_, course1_.id as id1_2_1_, course1_.course_name as course_n2_2_1_ from students_courses studentcou0_ inner join courses course1_ on studentcou0_.course_id=course1_.id where studentcou0_.student_id=?
Hibernate: select studentcou0_.student_id as student_1_6_0_, studentcou0_.course_id as course_i2_6_0_, course1_.id as id1_2_1_, course1_.course_name as course_n2_2_1_ from students_courses studentcou0_ inner join courses course1_ on studentcou0_.course_id=course1_.id where studentcou0_.student_id=?
Hibernate: select studentcou0_.student_id as student_1_6_0_, studentcou0_.course_id as course_i2_6_0_, course1_.id as id1_2_1_, course1_.course_name as course_n2_2_1_ from students_courses studentcou0_ inner join courses course1_ on studentcou0_.course_id=course1_.id where studentcou0_.student_id=?
Hibernate: select studentcou0_.student_id as student_1_6_0_, studentcou0_.course_id as course_i2_6_0_, course1_.id as id1_2_1_, course1_.course_name as course_n2_2_1_ from students_courses studentcou0_ inner join courses course1_ on studentcou0_.course_id=course1_.id where studentcou0_.student_id=?
Hibernate: select studentcou0_.student_id as student_1_6_0_, studentcou0_.course_id as course_i2_6_0_, course1_.id as id1_2_1_, course1_.course_name as course_n2_2_1_ from students_courses studentcou0_ inner join courses course1_ on studentcou0_.course_id=course1_.id where studentcou0_.student_id=?
26 Feb;19:05:46.322 [main] INFO  u.c.f.c.service.StudentService - getAll():
 [Student{id=1, firstName='Jacob', lastName='Johnson', faculty=Faculty{id=1, facultyName='Changed faculty name'}}, Student{id=2, firstName='Jacob', lastName='Sykes', faculty=Faculty{id=1, facultyName='Changed faculty name'}}, Student{id=3, firstName='Jacob', lastName='Eve', faculty=Faculty{id=1, facultyName='Changed faculty name'}}, Student{id=4, firstName='Jacob', lastName='King', faculty=Faculty{id=1, facultyName='Changed faculty name'}}, Student{id=5, firstName='Jacob', lastName='Tucci', faculty=Faculty{id=1, facultyName='Changed faculty name'}}, Student{id=6, firstName='Oliver', lastName='Rose', faculty=Faculty{id=1, facultyName='Changed faculty name'}}, Student{id=7, firstName='Oliver', lastName='Sykes', faculty=Faculty{id=1, facultyName='Changed faculty name'}}, Student{id=8, firstName='Oliver', lastName='Eve', faculty=Faculty{id=1, facultyName='Changed faculty name'}}, Student{id=9, firstName='Oliver', lastName='King', faculty=Faculty{id=1, facultyName='Changed faculty name'}}, Student{id=10, firstName='Oliver', lastName='Tucci', faculty=Faculty{id=1, facultyName='Changed faculty name'}}, Student{id=11, firstName='Ellie', lastName='Rose', faculty=Faculty{id=1, facultyName='Changed faculty name'}}, Student{id=12, firstName='Ellie', lastName='Sykes', faculty=Faculty{id=1, facultyName='Changed faculty name'}}, Student{id=13, firstName='Ellie', lastName='Eve', faculty=Faculty{id=1, facultyName='Changed faculty name'}}, Student{id=14, firstName='Ellie', lastName='King', faculty=Faculty{id=1, facultyName='Changed faculty name'}}, Student{id=15, firstName='Ellie', lastName='Tucci', faculty=Faculty{id=1, facultyName='Changed faculty name'}}, Student{id=16, firstName='Ruby', lastName='Rose', faculty=Faculty{id=1, facultyName='Changed faculty name'}}, Student{id=17, firstName='Ruby', lastName='Sykes', faculty=Faculty{id=1, facultyName='Changed faculty name'}}, Student{id=18, firstName='Ruby', lastName='Eve', faculty=Faculty{id=1, facultyName='Changed faculty name'}}, Student{id=19, firstName='Ruby', lastName='King', faculty=Faculty{id=1, facultyName='Changed faculty name'}}, Student{id=20, firstName='Ruby', lastName='Tucci', faculty=Faculty{id=1, facultyName='Changed faculty name'}}, Student{id=21, firstName='Mary', lastName='Rose', faculty=Faculty{id=2, facultyName='Changed faculty name'}}, Student{id=22, firstName='Mary', lastName='Sykes', faculty=Faculty{id=2, facultyName='Changed faculty name'}}, Student{id=23, firstName='Mary', lastName='Eve', faculty=Faculty{id=2, facultyName='Changed faculty name'}}, Student{id=24, firstName='Mary', lastName='King', faculty=Faculty{id=2, facultyName='Changed faculty name'}}, Student{id=25, firstName='Mary', lastName='Tucci', faculty=Faculty{id=2, facultyName='Changed faculty name'}}, Student{id=26, firstName='Albert', lastName='Rose', faculty=Faculty{id=2, facultyName='Changed faculty name'}}, Student{id=27, firstName='Albert', lastName='Sykes', faculty=Faculty{id=2, facultyName='Changed faculty name'}}, Student{id=28, firstName='Albert', lastName='Eve', faculty=Faculty{id=2, facultyName='Changed faculty name'}}, Student{id=29, firstName='Albert', lastName='King', faculty=Faculty{id=2, facultyName='Changed faculty name'}}, Student{id=30, firstName='Albert', lastName='Tucci', faculty=Faculty{id=2, facultyName='Changed faculty name'}}, Student{id=31, firstName='Charlie', lastName='Rose', faculty=Faculty{id=2, facultyName='Changed faculty name'}}, Student{id=32, firstName='Charlie', lastName='Sykes', faculty=Faculty{id=2, facultyName='Changed faculty name'}}, Student{id=33, firstName='Charlie', lastName='Eve', faculty=Faculty{id=2, facultyName='Changed faculty name'}}, Student{id=34, firstName='Charlie', lastName='King', faculty=Faculty{id=2, facultyName='Changed faculty name'}}, Student{id=35, firstName='Charlie', lastName='Tucci', faculty=Faculty{id=2, facultyName='Changed faculty name'}}, Student{id=36, firstName='Samuel', lastName='Rose', faculty=Faculty{id=2, facultyName='Changed faculty name'}}, Student{id=37, firstName='Samuel', lastName='Sykes', faculty=Faculty{id=2, facultyName='Changed faculty name'}}, Student{id=38, firstName='Samuel', lastName='Eve', faculty=Faculty{id=2, facultyName='Changed faculty name'}}, Student{id=39, firstName='Samuel', lastName='King', faculty=Faculty{id=2, facultyName='Changed faculty name'}}, Student{id=40, firstName='Samuel', lastName='Tucci', faculty=Faculty{id=2, facultyName='Changed faculty name'}}, Student{id=41, firstName='Thomas', lastName='Rose', faculty=Faculty{id=3, facultyName='Faculty of Arts'}}, Student{id=42, firstName='Thomas', lastName='Sykes', faculty=Faculty{id=3, facultyName='Faculty of Arts'}}, Student{id=43, firstName='Thomas', lastName='Eve', faculty=Faculty{id=3, facultyName='Faculty of Arts'}}, Student{id=44, firstName='Thomas', lastName='King', faculty=Faculty{id=3, facultyName='Faculty of Arts'}}, Student{id=45, firstName='Thomas', lastName='Tucci', faculty=Faculty{id=3, facultyName='Faculty of Arts'}}, Student{id=46, firstName='Leonard', lastName='Rose', faculty=Faculty{id=3, facultyName='Faculty of Arts'}}, Student{id=47, firstName='Leonard', lastName='Sykes', faculty=Faculty{id=3, facultyName='Faculty of Arts'}}, Student{id=48, firstName='Leonard', lastName='Eve', faculty=Faculty{id=3, facultyName='Faculty of Arts'}}, Student{id=49, firstName='Leonard', lastName='King', faculty=Faculty{id=3, facultyName='Faculty of Arts'}}, Student{id=50, firstName='Leonard', lastName='Tucci', faculty=Faculty{id=3, facultyName='Faculty of Arts'}}, Student{id=51, firstName='Joshua', lastName='Rose', faculty=Faculty{id=3, facultyName='Faculty of Arts'}}, Student{id=52, firstName='Joshua', lastName='Sykes', faculty=Faculty{id=3, facultyName='Faculty of Arts'}}, Student{id=53, firstName='Joshua', lastName='Eve', faculty=Faculty{id=3, facultyName='Faculty of Arts'}}, Student{id=54, firstName='Joshua', lastName='King', faculty=Faculty{id=3, facultyName='Faculty of Arts'}}, Student{id=55, firstName='Joshua', lastName='Tucci', faculty=Faculty{id=3, facultyName='Faculty of Arts'}}, Student{id=56, firstName='Jack', lastName='Rose', faculty=Faculty{id=3, facultyName='Faculty of Arts'}}, Student{id=57, firstName='Jack', lastName='Sykes', faculty=Faculty{id=3, facultyName='Faculty of Arts'}}, Student{id=58, firstName='Jack', lastName='Eve', faculty=Faculty{id=3, facultyName='Faculty of Arts'}}, Student{id=59, firstName='Jack', lastName='King', faculty=Faculty{id=3, facultyName='Faculty of Arts'}}, Student{id=60, firstName='Jack', lastName='Tucci', faculty=Faculty{id=3, facultyName='Faculty of Arts'}}, Student{id=62, firstName='Nick', lastName='Jackson', faculty=Faculty{id=1, facultyName='Changed faculty name'}}]
]]></system-out>
  </testcase>
  <testcase name="should_updateStudentInDatabase_when_controllerCallsUpdateMethod" classname="ua.com.foxminded.classtimetable.controllers.ui.StudentControllerTest" time="0.015">
    <system-out><![CDATA[26 Feb;19:05:46.326 [main] INFO  o.s.b.t.m.w.SpringBootMockServletContext - Initializing Spring TestDispatcherServlet ''
26 Feb;19:05:46.326 [main] INFO  o.s.t.w.s.TestDispatcherServlet - Initializing Servlet ''
26 Feb;19:05:46.327 [main] INFO  o.s.t.w.s.TestDispatcherServlet - Completed initialization in 1 ms
26 Feb;19:05:46.329 [main] WARN  o.s.validation.DataBinder - Skipping URI variable 'id' because request contains bind value with same name.
Hibernate: select faculty0_.id as id1_3_0_, faculty0_.faculty_name as faculty_2_3_0_ from faculties faculty0_ where faculty0_.id=?
Hibernate: select course0_.id as id1_2_0_, course0_.course_name as course_n2_2_0_, courseteac1_.course_id as course_i2_8_1_, teacher2_.id as teacher_1_8_1_, teacher2_.id as id1_7_2_, teacher2_.faculty_id as faculty_4_7_2_, teacher2_.first_name as first_na2_7_2_, teacher2_.last_name as last_nam3_7_2_, faculty3_.id as id1_3_3_, faculty3_.faculty_name as faculty_2_3_3_ from courses course0_ left outer join teachers_courses courseteac1_ on course0_.id=courseteac1_.course_id left outer join teachers teacher2_ on courseteac1_.teacher_id=teacher2_.id left outer join faculties faculty3_ on teacher2_.faculty_id=faculty3_.id where course0_.id=?
Hibernate: select teachercou0_.teacher_id as teacher_1_8_0_, teachercou0_.course_id as course_i2_8_0_, course1_.id as id1_2_1_, course1_.course_name as course_n2_2_1_ from teachers_courses teachercou0_ inner join courses course1_ on teachercou0_.course_id=course1_.id where teachercou0_.teacher_id=?
Hibernate: select course0_.id as id1_2_0_, course0_.course_name as course_n2_2_0_, courseteac1_.course_id as course_i2_8_1_, teacher2_.id as teacher_1_8_1_, teacher2_.id as id1_7_2_, teacher2_.faculty_id as faculty_4_7_2_, teacher2_.first_name as first_na2_7_2_, teacher2_.last_name as last_nam3_7_2_, faculty3_.id as id1_3_3_, faculty3_.faculty_name as faculty_2_3_3_ from courses course0_ left outer join teachers_courses courseteac1_ on course0_.id=courseteac1_.course_id left outer join teachers teacher2_ on courseteac1_.teacher_id=teacher2_.id left outer join faculties faculty3_ on teacher2_.faculty_id=faculty3_.id where course0_.id=?
Hibernate: select teachercou0_.teacher_id as teacher_1_8_0_, teachercou0_.course_id as course_i2_8_0_, course1_.id as id1_2_1_, course1_.course_name as course_n2_2_1_ from teachers_courses teachercou0_ inner join courses course1_ on teachercou0_.course_id=course1_.id where teachercou0_.teacher_id=?
Hibernate: select course0_.id as id1_2_0_, course0_.course_name as course_n2_2_0_, courseteac1_.course_id as course_i2_8_1_, teacher2_.id as teacher_1_8_1_, teacher2_.id as id1_7_2_, teacher2_.faculty_id as faculty_4_7_2_, teacher2_.first_name as first_na2_7_2_, teacher2_.last_name as last_nam3_7_2_, faculty3_.id as id1_3_3_, faculty3_.faculty_name as faculty_2_3_3_ from courses course0_ left outer join teachers_courses courseteac1_ on course0_.id=courseteac1_.course_id left outer join teachers teacher2_ on courseteac1_.teacher_id=teacher2_.id left outer join faculties faculty3_ on teacher2_.faculty_id=faculty3_.id where course0_.id=?
Hibernate: select teachercou0_.teacher_id as teacher_1_8_0_, teachercou0_.course_id as course_i2_8_0_, course1_.id as id1_2_1_, course1_.course_name as course_n2_2_1_ from teachers_courses teachercou0_ inner join courses course1_ on teachercou0_.course_id=course1_.id where teachercou0_.teacher_id=?
26 Feb;19:05:46.333 [main] INFO  u.c.f.c.service.StudentService - update: student = Student{id=16, firstName='Fran', lastName='Bow', faculty=Faculty{id=2, facultyName='Changed faculty name'}}
Hibernate: select student0_.id as id1_5_0_, student0_.faculty_id as faculty_4_5_0_, student0_.first_name as first_na2_5_0_, student0_.last_name as last_nam3_5_0_ from students student0_ where student0_.id=?
Hibernate: select faculty0_.id as id1_3_0_, faculty0_.faculty_name as faculty_2_3_0_ from faculties faculty0_ where faculty0_.id=?
Hibernate: select studentcou0_.student_id as student_1_6_0_, studentcou0_.course_id as course_i2_6_0_, course1_.id as id1_2_1_, course1_.course_name as course_n2_2_1_ from students_courses studentcou0_ inner join courses course1_ on studentcou0_.course_id=course1_.id where studentcou0_.student_id=?
Hibernate: select courseteac0_.course_id as course_i2_8_0_, courseteac0_.teacher_id as teacher_1_8_0_, teacher1_.id as id1_7_1_, teacher1_.faculty_id as faculty_4_7_1_, teacher1_.first_name as first_na2_7_1_, teacher1_.last_name as last_nam3_7_1_, faculty2_.id as id1_3_2_, faculty2_.faculty_name as faculty_2_3_2_ from teachers_courses courseteac0_ inner join teachers teacher1_ on courseteac0_.teacher_id=teacher1_.id left outer join faculties faculty2_ on teacher1_.faculty_id=faculty2_.id where courseteac0_.course_id=?
Hibernate: select teachercou0_.teacher_id as teacher_1_8_0_, teachercou0_.course_id as course_i2_8_0_, course1_.id as id1_2_1_, course1_.course_name as course_n2_2_1_ from teachers_courses teachercou0_ inner join courses course1_ on teachercou0_.course_id=course1_.id where teachercou0_.teacher_id=?
Hibernate: select teachercou0_.teacher_id as teacher_1_8_0_, teachercou0_.course_id as course_i2_8_0_, course1_.id as id1_2_1_, course1_.course_name as course_n2_2_1_ from teachers_courses teachercou0_ inner join courses course1_ on teachercou0_.course_id=course1_.id where teachercou0_.teacher_id=?
Hibernate: update students set faculty_id=?, first_name=?, last_name=? where id=?
Hibernate: delete from students_courses where student_id=? and course_id=?
Hibernate: insert into students_courses (student_id, course_id) values (?, ?)
Hibernate: insert into students_courses (student_id, course_id) values (?, ?)
Hibernate: insert into students_courses (student_id, course_id) values (?, ?)
]]></system-out>
  </testcase>
  <testcase name="should_getOneStudent_when_controllerCallsShowByIdMethod" classname="ua.com.foxminded.classtimetable.controllers.ui.StudentControllerTest" time="0.04">
    <system-out><![CDATA[26 Feb;19:05:46.342 [main] INFO  o.s.b.t.m.w.SpringBootMockServletContext - Initializing Spring TestDispatcherServlet ''
26 Feb;19:05:46.342 [main] INFO  o.s.t.w.s.TestDispatcherServlet - Initializing Servlet ''
26 Feb;19:05:46.344 [main] INFO  o.s.t.w.s.TestDispatcherServlet - Completed initialization in 2 ms
Hibernate: select student0_.id as id1_5_0_, student0_.faculty_id as faculty_4_5_0_, student0_.first_name as first_na2_5_0_, student0_.last_name as last_nam3_5_0_, faculty1_.id as id1_3_1_, faculty1_.faculty_name as faculty_2_3_1_, studentcou2_.student_id as student_1_6_2_, course3_.id as course_i2_6_2_, course3_.id as id1_2_3_, course3_.course_name as course_n2_2_3_, courseteac4_.course_id as course_i2_8_4_, teacher5_.id as teacher_1_8_4_, teacher5_.id as id1_7_5_, teacher5_.faculty_id as faculty_4_7_5_, teacher5_.first_name as first_na2_7_5_, teacher5_.last_name as last_nam3_7_5_, faculty6_.id as id1_3_6_, faculty6_.faculty_name as faculty_2_3_6_ from students student0_ left outer join faculties faculty1_ on student0_.faculty_id=faculty1_.id left outer join students_courses studentcou2_ on student0_.id=studentcou2_.student_id left outer join courses course3_ on studentcou2_.course_id=course3_.id left outer join teachers_courses courseteac4_ on course3_.id=courseteac4_.course_id left outer join teachers teacher5_ on courseteac4_.teacher_id=teacher5_.id left outer join faculties faculty6_ on teacher5_.faculty_id=faculty6_.id where student0_.id=?
Hibernate: select teachercou0_.teacher_id as teacher_1_8_0_, teachercou0_.course_id as course_i2_8_0_, course1_.id as id1_2_1_, course1_.course_name as course_n2_2_1_ from teachers_courses teachercou0_ inner join courses course1_ on teachercou0_.course_id=course1_.id where teachercou0_.teacher_id=?
Hibernate: select teachercou0_.teacher_id as teacher_1_8_0_, teachercou0_.course_id as course_i2_8_0_, course1_.id as id1_2_1_, course1_.course_name as course_n2_2_1_ from teachers_courses teachercou0_ inner join courses course1_ on teachercou0_.course_id=course1_.id where teachercou0_.teacher_id=?
26 Feb;19:05:46.348 [main] INFO  u.c.f.c.service.StudentService - getById: student = Student{id=26, firstName='Albert', lastName='Rose', faculty=Faculty{id=2, facultyName='Changed faculty name'}}
Hibernate: select faculty0_.id as id1_3_, faculty0_.faculty_name as faculty_2_3_ from faculties faculty0_
26 Feb;19:05:46.349 [main] INFO  u.c.f.c.service.FacultyService - getAll():
 [Faculty{id=1, facultyName='Changed faculty name'}, Faculty{id=2, facultyName='Changed faculty name'}, Faculty{id=3, facultyName='Faculty of Arts'}, Faculty{id=5, facultyName='Faculty name'}, Faculty{id=7, facultyName='Faculty name'}]
Hibernate: select course0_.id as id1_2_, course0_.course_name as course_n2_2_ from courses course0_
Hibernate: select courseteac0_.course_id as course_i2_8_0_, courseteac0_.teacher_id as teacher_1_8_0_, teacher1_.id as id1_7_1_, teacher1_.faculty_id as faculty_4_7_1_, teacher1_.first_name as first_na2_7_1_, teacher1_.last_name as last_nam3_7_1_, faculty2_.id as id1_3_2_, faculty2_.faculty_name as faculty_2_3_2_ from teachers_courses courseteac0_ inner join teachers teacher1_ on courseteac0_.teacher_id=teacher1_.id left outer join faculties faculty2_ on teacher1_.faculty_id=faculty2_.id where courseteac0_.course_id=?
Hibernate: select courseteac0_.course_id as course_i2_8_0_, courseteac0_.teacher_id as teacher_1_8_0_, teacher1_.id as id1_7_1_, teacher1_.faculty_id as faculty_4_7_1_, teacher1_.first_name as first_na2_7_1_, teacher1_.last_name as last_nam3_7_1_, faculty2_.id as id1_3_2_, faculty2_.faculty_name as faculty_2_3_2_ from teachers_courses courseteac0_ inner join teachers teacher1_ on courseteac0_.teacher_id=teacher1_.id left outer join faculties faculty2_ on teacher1_.faculty_id=faculty2_.id where courseteac0_.course_id=?
Hibernate: select teachercou0_.teacher_id as teacher_1_8_0_, teachercou0_.course_id as course_i2_8_0_, course1_.id as id1_2_1_, course1_.course_name as course_n2_2_1_ from teachers_courses teachercou0_ inner join courses course1_ on teachercou0_.course_id=course1_.id where teachercou0_.teacher_id=?
Hibernate: select courseteac0_.course_id as course_i2_8_0_, courseteac0_.teacher_id as teacher_1_8_0_, teacher1_.id as id1_7_1_, teacher1_.faculty_id as faculty_4_7_1_, teacher1_.first_name as first_na2_7_1_, teacher1_.last_name as last_nam3_7_1_, faculty2_.id as id1_3_2_, faculty2_.faculty_name as faculty_2_3_2_ from teachers_courses courseteac0_ inner join teachers teacher1_ on courseteac0_.teacher_id=teacher1_.id left outer join faculties faculty2_ on teacher1_.faculty_id=faculty2_.id where courseteac0_.course_id=?
Hibernate: select teachercou0_.teacher_id as teacher_1_8_0_, teachercou0_.course_id as course_i2_8_0_, course1_.id as id1_2_1_, course1_.course_name as course_n2_2_1_ from teachers_courses teachercou0_ inner join courses course1_ on teachercou0_.course_id=course1_.id where teachercou0_.teacher_id=?
Hibernate: select teachercou0_.teacher_id as teacher_1_8_0_, teachercou0_.course_id as course_i2_8_0_, course1_.id as id1_2_1_, course1_.course_name as course_n2_2_1_ from teachers_courses teachercou0_ inner join courses course1_ on teachercou0_.course_id=course1_.id where teachercou0_.teacher_id=?
Hibernate: select courseteac0_.course_id as course_i2_8_0_, courseteac0_.teacher_id as teacher_1_8_0_, teacher1_.id as id1_7_1_, teacher1_.faculty_id as faculty_4_7_1_, teacher1_.first_name as first_na2_7_1_, teacher1_.last_name as last_nam3_7_1_, faculty2_.id as id1_3_2_, faculty2_.faculty_name as faculty_2_3_2_ from teachers_courses courseteac0_ inner join teachers teacher1_ on courseteac0_.teacher_id=teacher1_.id left outer join faculties faculty2_ on teacher1_.faculty_id=faculty2_.id where courseteac0_.course_id=?
Hibernate: select teachercou0_.teacher_id as teacher_1_8_0_, teachercou0_.course_id as course_i2_8_0_, course1_.id as id1_2_1_, course1_.course_name as course_n2_2_1_ from teachers_courses teachercou0_ inner join courses course1_ on teachercou0_.course_id=course1_.id where teachercou0_.teacher_id=?
Hibernate: select teachercou0_.teacher_id as teacher_1_8_0_, teachercou0_.course_id as course_i2_8_0_, course1_.id as id1_2_1_, course1_.course_name as course_n2_2_1_ from teachers_courses teachercou0_ inner join courses course1_ on teachercou0_.course_id=course1_.id where teachercou0_.teacher_id=?
Hibernate: select courseteac0_.course_id as course_i2_8_0_, courseteac0_.teacher_id as teacher_1_8_0_, teacher1_.id as id1_7_1_, teacher1_.faculty_id as faculty_4_7_1_, teacher1_.first_name as first_na2_7_1_, teacher1_.last_name as last_nam3_7_1_, faculty2_.id as id1_3_2_, faculty2_.faculty_name as faculty_2_3_2_ from teachers_courses courseteac0_ inner join teachers teacher1_ on courseteac0_.teacher_id=teacher1_.id left outer join faculties faculty2_ on teacher1_.faculty_id=faculty2_.id where courseteac0_.course_id=?
Hibernate: select teachercou0_.teacher_id as teacher_1_8_0_, teachercou0_.course_id as course_i2_8_0_, course1_.id as id1_2_1_, course1_.course_name as course_n2_2_1_ from teachers_courses teachercou0_ inner join courses course1_ on teachercou0_.course_id=course1_.id where teachercou0_.teacher_id=?
Hibernate: select courseteac0_.course_id as course_i2_8_0_, courseteac0_.teacher_id as teacher_1_8_0_, teacher1_.id as id1_7_1_, teacher1_.faculty_id as faculty_4_7_1_, teacher1_.first_name as first_na2_7_1_, teacher1_.last_name as last_nam3_7_1_, faculty2_.id as id1_3_2_, faculty2_.faculty_name as faculty_2_3_2_ from teachers_courses courseteac0_ inner join teachers teacher1_ on courseteac0_.teacher_id=teacher1_.id left outer join faculties faculty2_ on teacher1_.faculty_id=faculty2_.id where courseteac0_.course_id=?
Hibernate: select teachercou0_.teacher_id as teacher_1_8_0_, teachercou0_.course_id as course_i2_8_0_, course1_.id as id1_2_1_, course1_.course_name as course_n2_2_1_ from teachers_courses teachercou0_ inner join courses course1_ on teachercou0_.course_id=course1_.id where teachercou0_.teacher_id=?
Hibernate: select courseteac0_.course_id as course_i2_8_0_, courseteac0_.teacher_id as teacher_1_8_0_, teacher1_.id as id1_7_1_, teacher1_.faculty_id as faculty_4_7_1_, teacher1_.first_name as first_na2_7_1_, teacher1_.last_name as last_nam3_7_1_, faculty2_.id as id1_3_2_, faculty2_.faculty_name as faculty_2_3_2_ from teachers_courses courseteac0_ inner join teachers teacher1_ on courseteac0_.teacher_id=teacher1_.id left outer join faculties faculty2_ on teacher1_.faculty_id=faculty2_.id where courseteac0_.course_id=?
Hibernate: select teachercou0_.teacher_id as teacher_1_8_0_, teachercou0_.course_id as course_i2_8_0_, course1_.id as id1_2_1_, course1_.course_name as course_n2_2_1_ from teachers_courses teachercou0_ inner join courses course1_ on teachercou0_.course_id=course1_.id where teachercou0_.teacher_id=?
Hibernate: select courseteac0_.course_id as course_i2_8_0_, courseteac0_.teacher_id as teacher_1_8_0_, teacher1_.id as id1_7_1_, teacher1_.faculty_id as faculty_4_7_1_, teacher1_.first_name as first_na2_7_1_, teacher1_.last_name as last_nam3_7_1_, faculty2_.id as id1_3_2_, faculty2_.faculty_name as faculty_2_3_2_ from teachers_courses courseteac0_ inner join teachers teacher1_ on courseteac0_.teacher_id=teacher1_.id left outer join faculties faculty2_ on teacher1_.faculty_id=faculty2_.id where courseteac0_.course_id=?
Hibernate: select teachercou0_.teacher_id as teacher_1_8_0_, teachercou0_.course_id as course_i2_8_0_, course1_.id as id1_2_1_, course1_.course_name as course_n2_2_1_ from teachers_courses teachercou0_ inner join courses course1_ on teachercou0_.course_id=course1_.id where teachercou0_.teacher_id=?
Hibernate: select courseteac0_.course_id as course_i2_8_0_, courseteac0_.teacher_id as teacher_1_8_0_, teacher1_.id as id1_7_1_, teacher1_.faculty_id as faculty_4_7_1_, teacher1_.first_name as first_na2_7_1_, teacher1_.last_name as last_nam3_7_1_, faculty2_.id as id1_3_2_, faculty2_.faculty_name as faculty_2_3_2_ from teachers_courses courseteac0_ inner join teachers teacher1_ on courseteac0_.teacher_id=teacher1_.id left outer join faculties faculty2_ on teacher1_.faculty_id=faculty2_.id where courseteac0_.course_id=?
Hibernate: select teachercou0_.teacher_id as teacher_1_8_0_, teachercou0_.course_id as course_i2_8_0_, course1_.id as id1_2_1_, course1_.course_name as course_n2_2_1_ from teachers_courses teachercou0_ inner join courses course1_ on teachercou0_.course_id=course1_.id where teachercou0_.teacher_id=?
26 Feb;19:05:46.354 [main] INFO  u.c.f.c.service.CourseService - getAll():
 [Course{id=1, courseName='History'}, Course{id=2, courseName='Philosophy'}, Course{id=3, courseName='Another course's name'}, Course{id=4, courseName='Political science'}, Course{id=5, courseName='Culture'}, Course{id=6, courseName='Biology'}, Course{id=7, courseName='Chemistry'}, Course{id=8, courseName='Mathematics'}, Course{id=9, courseName='Physics'}, Course{id=10, courseName='Geometry'}, Course{id=13, courseName='Course's name'}]

MockHttpServletRequest:
      HTTP Method = GET
      Request URI = /students/26
       Parameters = {}
          Headers = []
             Body = <no character encoding set>
    Session Attrs = {}

Handler:
             Type = ua.com.foxminded.classtimetable.controllers.ui.StudentController
           Method = ua.com.foxminded.classtimetable.controllers.ui.StudentController#showById(int, ModelMap)

Async:
    Async started = false
     Async result = null

Resolved Exception:
             Type = null

ModelAndView:
        View name = students/showById
             View = null
        Attribute = student
            value = StudentDto{id=26, firstName='Albert', lastName='Rose', facultyId=2, coursesId=[9, 10]}
           errors = []
        Attribute = faculties
            value = [Faculty{id=1, facultyName='Changed faculty name'}, Faculty{id=2, facultyName='Changed faculty name'}, Faculty{id=3, facultyName='Faculty of Arts'}, Faculty{id=5, facultyName='Faculty name'}, Faculty{id=7, facultyName='Faculty name'}]
        Attribute = allCourses
            value = [Course{id=1, courseName='History'}, Course{id=2, courseName='Philosophy'}, Course{id=3, courseName='Another course's name'}, Course{id=4, courseName='Political science'}, Course{id=5, courseName='Culture'}, Course{id=6, courseName='Biology'}, Course{id=7, courseName='Chemistry'}, Course{id=8, courseName='Mathematics'}, Course{id=9, courseName='Physics'}, Course{id=10, courseName='Geometry'}, Course{id=13, courseName='Course's name'}]

FlashMap:
       Attributes = null

MockHttpServletResponse:
           Status = 200
    Error message = null
          Headers = [Content-Language:"en", Content-Type:"text/html;charset=UTF-8"]
     Content type = text/html;charset=UTF-8
             Body = <!DOCTYPE html>
<html lang="en">
<head>
    <title>Student-editing</title>
    <meta charset="UTF-8">
    <meta name="viewport" content="width=device-width, initial-scale=1">
    <link rel="stylesheet" href="https://maxcdn.bootstrapcdn.com/bootstrap/4.0.0/css/bootstrap.min.css">
    <link rel="stylesheet"
          href="https://cdn.jsdelivr.net/npm/bootstrap-select@1.13.14/dist/css/bootstrap-select.min.css">
    <script src="https://code.jquery.com/jquery-3.2.1.slim.min.js"></script>
    <script src="https://cdnjs.cloudflare.com/ajax/libs/popper.js/1.12.9/umd/popper.min.js"></script>
    <script src="https://maxcdn.bootstrapcdn.com/bootstrap/4.0.0/js/bootstrap.min.js"></script>
    <script src="https://cdn.jsdelivr.net/npm/bootstrap-select@1.13.14/dist/js/bootstrap-select.min.js"></script>
</head>

<body>
<nav class="navbar navbar-expand-sm bg-dark navbar-dark sticky-top">
    <a class="navbar-brand" href="/">Class Timetable</a>
    <ul class="navbar-nav">
        <li class="nav-item">
            <a class="nav-link" href="/">Home</a>
        </li>
        <li class="nav-item dropdown">
            <a class="nav-link dropdown-toggle" data-toggle="dropdown" href="/">University structure</a>
            <div class="dropdown-menu">
                <a class="dropdown-item" href="/buildings">Buildings</a>
                <a class="dropdown-item" href="/classrooms">Study rooms</a>
                <a class="dropdown-item" href="/faculties">Faculties</a>
                <a class="dropdown-item" href="/courses">Courses</a>
            </div>
        </li>
        <li class="nav-item dropdown">
            <a class="nav-link dropdown-toggle" data-toggle="dropdown" href="/">Personalities</a>
            <div class="dropdown-menu">
                <a class="dropdown-item" href="/students">Students</a>
                <a class="dropdown-item" href="/teachers">Teachers</a>
            </div>
        </li>
        <li class="nav-item">
            <a class="nav-link" href="/lessons">Current lessons</a>
        </li>
        <li class="nav-item">
            <a class="nav-link" href="/schedule">Show the personal schedule</a>
        </li>
    </ul>
</nav>

<div class="container">
    <br/>
    <h2>Student changing page</h2>
    <a class="btn btn-sm btn-secondary" href="/students">Back to table</a>
    <br/>
    <br/>
    <form method="post" action="/students/26"><input type="hidden" name="_method" value="PUT"/>
        <label>Change first name:</label>
        <input class="form-control form-control-sm" type="text" id="firstName" name="firstName" value="Albert"/>

        <label>Change last name:</label>
        <input class="form-control form-control-sm" type="text" id="lastName" name="lastName" value="Rose"/>

        <label>Select faculty:</label>
        <select class="form-control form-control-sm" id="facultyId" name="facultyId">
            <option value="1">Changed faculty name</option>
            <option value="2" selected="selected">Changed faculty name</option>
            <option value="3">Faculty of Arts</option>
            <option value="5">Faculty name</option>
            <option value="7">Faculty name</option>
        </select>

        <label>Select course:</label>
        <input type="hidden" name="_coursesId" value="1"/><select class="form-control form-control-sm selectpicker" multiple data-dropup-auto="false" id="coursesId" name="coursesId">
            <option value="1">History</option>
            <option value="2">Philosophy</option>
            <option value="3">Another course&#39;s name</option>
            <option value="4">Political science</option>
            <option value="5">Culture</option>
            <option value="6">Biology</option>
            <option value="7">Chemistry</option>
            <option value="8">Mathematics</option>
            <option value="9" selected="selected">Physics</option>
            <option value="10" selected="selected">Geometry</option>
            <option value="13">Course&#39;s name</option>
        </select>
        <br/>
        <br/>
        <input class="btn btn-sm btn-success" type="submit" value="Update!">
    </form>
    <br/>
    <form method="post" action="/students/26"><input type="hidden" name="_method" value="DELETE"/>
        <input class="btn btn-sm btn-danger" type="submit" value="Delete!"/>
    </form>
</div>
</body>
</html>

    Forwarded URL = null
   Redirected URL = null
          Cookies = []
Hibernate: select student0_.id as id1_5_0_, student0_.faculty_id as faculty_4_5_0_, student0_.first_name as first_na2_5_0_, student0_.last_name as last_nam3_5_0_, faculty1_.id as id1_3_1_, faculty1_.faculty_name as faculty_2_3_1_, studentcou2_.student_id as student_1_6_2_, course3_.id as course_i2_6_2_, course3_.id as id1_2_3_, course3_.course_name as course_n2_2_3_, courseteac4_.course_id as course_i2_8_4_, teacher5_.id as teacher_1_8_4_, teacher5_.id as id1_7_5_, teacher5_.faculty_id as faculty_4_7_5_, teacher5_.first_name as first_na2_7_5_, teacher5_.last_name as last_nam3_7_5_, faculty6_.id as id1_3_6_, faculty6_.faculty_name as faculty_2_3_6_ from students student0_ left outer join faculties faculty1_ on student0_.faculty_id=faculty1_.id left outer join students_courses studentcou2_ on student0_.id=studentcou2_.student_id left outer join courses course3_ on studentcou2_.course_id=course3_.id left outer join teachers_courses courseteac4_ on course3_.id=courseteac4_.course_id left outer join teachers teacher5_ on courseteac4_.teacher_id=teacher5_.id left outer join faculties faculty6_ on teacher5_.faculty_id=faculty6_.id where student0_.id=?
Hibernate: select teachercou0_.teacher_id as teacher_1_8_0_, teachercou0_.course_id as course_i2_8_0_, course1_.id as id1_2_1_, course1_.course_name as course_n2_2_1_ from teachers_courses teachercou0_ inner join courses course1_ on teachercou0_.course_id=course1_.id where teachercou0_.teacher_id=?
Hibernate: select teachercou0_.teacher_id as teacher_1_8_0_, teachercou0_.course_id as course_i2_8_0_, course1_.id as id1_2_1_, course1_.course_name as course_n2_2_1_ from teachers_courses teachercou0_ inner join courses course1_ on teachercou0_.course_id=course1_.id where teachercou0_.teacher_id=?
26 Feb;19:05:46.371 [main] INFO  u.c.f.c.service.StudentService - getById: student = Student{id=26, firstName='Albert', lastName='Rose', faculty=Faculty{id=2, facultyName='Changed faculty name'}}
Hibernate: select faculty0_.id as id1_3_, faculty0_.faculty_name as faculty_2_3_ from faculties faculty0_
26 Feb;19:05:46.373 [main] INFO  u.c.f.c.service.FacultyService - getAll():
 [Faculty{id=1, facultyName='Changed faculty name'}, Faculty{id=2, facultyName='Changed faculty name'}, Faculty{id=3, facultyName='Faculty of Arts'}, Faculty{id=5, facultyName='Faculty name'}, Faculty{id=7, facultyName='Faculty name'}]
Hibernate: select course0_.id as id1_2_, course0_.course_name as course_n2_2_ from courses course0_
Hibernate: select courseteac0_.course_id as course_i2_8_0_, courseteac0_.teacher_id as teacher_1_8_0_, teacher1_.id as id1_7_1_, teacher1_.faculty_id as faculty_4_7_1_, teacher1_.first_name as first_na2_7_1_, teacher1_.last_name as last_nam3_7_1_, faculty2_.id as id1_3_2_, faculty2_.faculty_name as faculty_2_3_2_ from teachers_courses courseteac0_ inner join teachers teacher1_ on courseteac0_.teacher_id=teacher1_.id left outer join faculties faculty2_ on teacher1_.faculty_id=faculty2_.id where courseteac0_.course_id=?
Hibernate: select courseteac0_.course_id as course_i2_8_0_, courseteac0_.teacher_id as teacher_1_8_0_, teacher1_.id as id1_7_1_, teacher1_.faculty_id as faculty_4_7_1_, teacher1_.first_name as first_na2_7_1_, teacher1_.last_name as last_nam3_7_1_, faculty2_.id as id1_3_2_, faculty2_.faculty_name as faculty_2_3_2_ from teachers_courses courseteac0_ inner join teachers teacher1_ on courseteac0_.teacher_id=teacher1_.id left outer join faculties faculty2_ on teacher1_.faculty_id=faculty2_.id where courseteac0_.course_id=?
Hibernate: select teachercou0_.teacher_id as teacher_1_8_0_, teachercou0_.course_id as course_i2_8_0_, course1_.id as id1_2_1_, course1_.course_name as course_n2_2_1_ from teachers_courses teachercou0_ inner join courses course1_ on teachercou0_.course_id=course1_.id where teachercou0_.teacher_id=?
Hibernate: select courseteac0_.course_id as course_i2_8_0_, courseteac0_.teacher_id as teacher_1_8_0_, teacher1_.id as id1_7_1_, teacher1_.faculty_id as faculty_4_7_1_, teacher1_.first_name as first_na2_7_1_, teacher1_.last_name as last_nam3_7_1_, faculty2_.id as id1_3_2_, faculty2_.faculty_name as faculty_2_3_2_ from teachers_courses courseteac0_ inner join teachers teacher1_ on courseteac0_.teacher_id=teacher1_.id left outer join faculties faculty2_ on teacher1_.faculty_id=faculty2_.id where courseteac0_.course_id=?
Hibernate: select teachercou0_.teacher_id as teacher_1_8_0_, teachercou0_.course_id as course_i2_8_0_, course1_.id as id1_2_1_, course1_.course_name as course_n2_2_1_ from teachers_courses teachercou0_ inner join courses course1_ on teachercou0_.course_id=course1_.id where teachercou0_.teacher_id=?
Hibernate: select courseteac0_.course_id as course_i2_8_0_, courseteac0_.teacher_id as teacher_1_8_0_, teacher1_.id as id1_7_1_, teacher1_.faculty_id as faculty_4_7_1_, teacher1_.first_name as first_na2_7_1_, teacher1_.last_name as last_nam3_7_1_, faculty2_.id as id1_3_2_, faculty2_.faculty_name as faculty_2_3_2_ from teachers_courses courseteac0_ inner join teachers teacher1_ on courseteac0_.teacher_id=teacher1_.id left outer join faculties faculty2_ on teacher1_.faculty_id=faculty2_.id where courseteac0_.course_id=?
Hibernate: select teachercou0_.teacher_id as teacher_1_8_0_, teachercou0_.course_id as course_i2_8_0_, course1_.id as id1_2_1_, course1_.course_name as course_n2_2_1_ from teachers_courses teachercou0_ inner join courses course1_ on teachercou0_.course_id=course1_.id where teachercou0_.teacher_id=?
Hibernate: select courseteac0_.course_id as course_i2_8_0_, courseteac0_.teacher_id as teacher_1_8_0_, teacher1_.id as id1_7_1_, teacher1_.faculty_id as faculty_4_7_1_, teacher1_.first_name as first_na2_7_1_, teacher1_.last_name as last_nam3_7_1_, faculty2_.id as id1_3_2_, faculty2_.faculty_name as faculty_2_3_2_ from teachers_courses courseteac0_ inner join teachers teacher1_ on courseteac0_.teacher_id=teacher1_.id left outer join faculties faculty2_ on teacher1_.faculty_id=faculty2_.id where courseteac0_.course_id=?
Hibernate: select teachercou0_.teacher_id as teacher_1_8_0_, teachercou0_.course_id as course_i2_8_0_, course1_.id as id1_2_1_, course1_.course_name as course_n2_2_1_ from teachers_courses teachercou0_ inner join courses course1_ on teachercou0_.course_id=course1_.id where teachercou0_.teacher_id=?
Hibernate: select teachercou0_.teacher_id as teacher_1_8_0_, teachercou0_.course_id as course_i2_8_0_, course1_.id as id1_2_1_, course1_.course_name as course_n2_2_1_ from teachers_courses teachercou0_ inner join courses course1_ on teachercou0_.course_id=course1_.id where teachercou0_.teacher_id=?
Hibernate: select courseteac0_.course_id as course_i2_8_0_, courseteac0_.teacher_id as teacher_1_8_0_, teacher1_.id as id1_7_1_, teacher1_.faculty_id as faculty_4_7_1_, teacher1_.first_name as first_na2_7_1_, teacher1_.last_name as last_nam3_7_1_, faculty2_.id as id1_3_2_, faculty2_.faculty_name as faculty_2_3_2_ from teachers_courses courseteac0_ inner join teachers teacher1_ on courseteac0_.teacher_id=teacher1_.id left outer join faculties faculty2_ on teacher1_.faculty_id=faculty2_.id where courseteac0_.course_id=?
Hibernate: select teachercou0_.teacher_id as teacher_1_8_0_, teachercou0_.course_id as course_i2_8_0_, course1_.id as id1_2_1_, course1_.course_name as course_n2_2_1_ from teachers_courses teachercou0_ inner join courses course1_ on teachercou0_.course_id=course1_.id where teachercou0_.teacher_id=?
Hibernate: select teachercou0_.teacher_id as teacher_1_8_0_, teachercou0_.course_id as course_i2_8_0_, course1_.id as id1_2_1_, course1_.course_name as course_n2_2_1_ from teachers_courses teachercou0_ inner join courses course1_ on teachercou0_.course_id=course1_.id where teachercou0_.teacher_id=?
Hibernate: select courseteac0_.course_id as course_i2_8_0_, courseteac0_.teacher_id as teacher_1_8_0_, teacher1_.id as id1_7_1_, teacher1_.faculty_id as faculty_4_7_1_, teacher1_.first_name as first_na2_7_1_, teacher1_.last_name as last_nam3_7_1_, faculty2_.id as id1_3_2_, faculty2_.faculty_name as faculty_2_3_2_ from teachers_courses courseteac0_ inner join teachers teacher1_ on courseteac0_.teacher_id=teacher1_.id left outer join faculties faculty2_ on teacher1_.faculty_id=faculty2_.id where courseteac0_.course_id=?
Hibernate: select teachercou0_.teacher_id as teacher_1_8_0_, teachercou0_.course_id as course_i2_8_0_, course1_.id as id1_2_1_, course1_.course_name as course_n2_2_1_ from teachers_courses teachercou0_ inner join courses course1_ on teachercou0_.course_id=course1_.id where teachercou0_.teacher_id=?
Hibernate: select courseteac0_.course_id as course_i2_8_0_, courseteac0_.teacher_id as teacher_1_8_0_, teacher1_.id as id1_7_1_, teacher1_.faculty_id as faculty_4_7_1_, teacher1_.first_name as first_na2_7_1_, teacher1_.last_name as last_nam3_7_1_, faculty2_.id as id1_3_2_, faculty2_.faculty_name as faculty_2_3_2_ from teachers_courses courseteac0_ inner join teachers teacher1_ on courseteac0_.teacher_id=teacher1_.id left outer join faculties faculty2_ on teacher1_.faculty_id=faculty2_.id where courseteac0_.course_id=?
Hibernate: select teachercou0_.teacher_id as teacher_1_8_0_, teachercou0_.course_id as course_i2_8_0_, course1_.id as id1_2_1_, course1_.course_name as course_n2_2_1_ from teachers_courses teachercou0_ inner join courses course1_ on teachercou0_.course_id=course1_.id where teachercou0_.teacher_id=?
Hibernate: select courseteac0_.course_id as course_i2_8_0_, courseteac0_.teacher_id as teacher_1_8_0_, teacher1_.id as id1_7_1_, teacher1_.faculty_id as faculty_4_7_1_, teacher1_.first_name as first_na2_7_1_, teacher1_.last_name as last_nam3_7_1_, faculty2_.id as id1_3_2_, faculty2_.faculty_name as faculty_2_3_2_ from teachers_courses courseteac0_ inner join teachers teacher1_ on courseteac0_.teacher_id=teacher1_.id left outer join faculties faculty2_ on teacher1_.faculty_id=faculty2_.id where courseteac0_.course_id=?
Hibernate: select teachercou0_.teacher_id as teacher_1_8_0_, teachercou0_.course_id as course_i2_8_0_, course1_.id as id1_2_1_, course1_.course_name as course_n2_2_1_ from teachers_courses teachercou0_ inner join courses course1_ on teachercou0_.course_id=course1_.id where teachercou0_.teacher_id=?
Hibernate: select courseteac0_.course_id as course_i2_8_0_, courseteac0_.teacher_id as teacher_1_8_0_, teacher1_.id as id1_7_1_, teacher1_.faculty_id as faculty_4_7_1_, teacher1_.first_name as first_na2_7_1_, teacher1_.last_name as last_nam3_7_1_, faculty2_.id as id1_3_2_, faculty2_.faculty_name as faculty_2_3_2_ from teachers_courses courseteac0_ inner join teachers teacher1_ on courseteac0_.teacher_id=teacher1_.id left outer join faculties faculty2_ on teacher1_.faculty_id=faculty2_.id where courseteac0_.course_id=?
Hibernate: select teachercou0_.teacher_id as teacher_1_8_0_, teachercou0_.course_id as course_i2_8_0_, course1_.id as id1_2_1_, course1_.course_name as course_n2_2_1_ from teachers_courses teachercou0_ inner join courses course1_ on teachercou0_.course_id=course1_.id where teachercou0_.teacher_id=?
Hibernate: select courseteac0_.course_id as course_i2_8_0_, courseteac0_.teacher_id as teacher_1_8_0_, teacher1_.id as id1_7_1_, teacher1_.faculty_id as faculty_4_7_1_, teacher1_.first_name as first_na2_7_1_, teacher1_.last_name as last_nam3_7_1_, faculty2_.id as id1_3_2_, faculty2_.faculty_name as faculty_2_3_2_ from teachers_courses courseteac0_ inner join teachers teacher1_ on courseteac0_.teacher_id=teacher1_.id left outer join faculties faculty2_ on teacher1_.faculty_id=faculty2_.id where courseteac0_.course_id=?
Hibernate: select teachercou0_.teacher_id as teacher_1_8_0_, teachercou0_.course_id as course_i2_8_0_, course1_.id as id1_2_1_, course1_.course_name as course_n2_2_1_ from teachers_courses teachercou0_ inner join courses course1_ on teachercou0_.course_id=course1_.id where teachercou0_.teacher_id=?
26 Feb;19:05:46.378 [main] INFO  u.c.f.c.service.CourseService - getAll():
 [Course{id=1, courseName='History'}, Course{id=2, courseName='Philosophy'}, Course{id=3, courseName='Another course's name'}, Course{id=4, courseName='Political science'}, Course{id=5, courseName='Culture'}, Course{id=6, courseName='Biology'}, Course{id=7, courseName='Chemistry'}, Course{id=8, courseName='Mathematics'}, Course{id=9, courseName='Physics'}, Course{id=10, courseName='Geometry'}, Course{id=13, courseName='Course's name'}]
]]></system-out>
  </testcase>
  <testcase name="should_addNewStudentToDatabase_when_controllerCallsAddToDBMethod" classname="ua.com.foxminded.classtimetable.controllers.ui.StudentControllerTest" time="0.015">
    <system-out><![CDATA[26 Feb;19:05:46.383 [main] INFO  o.s.b.t.m.w.SpringBootMockServletContext - Initializing Spring TestDispatcherServlet ''
26 Feb;19:05:46.383 [main] INFO  o.s.t.w.s.TestDispatcherServlet - Initializing Servlet ''
26 Feb;19:05:46.385 [main] INFO  o.s.t.w.s.TestDispatcherServlet - Completed initialization in 2 ms
Hibernate: select faculty0_.id as id1_3_0_, faculty0_.faculty_name as faculty_2_3_0_ from faculties faculty0_ where faculty0_.id=?
Hibernate: select course0_.id as id1_2_0_, course0_.course_name as course_n2_2_0_, courseteac1_.course_id as course_i2_8_1_, teacher2_.id as teacher_1_8_1_, teacher2_.id as id1_7_2_, teacher2_.faculty_id as faculty_4_7_2_, teacher2_.first_name as first_na2_7_2_, teacher2_.last_name as last_nam3_7_2_, faculty3_.id as id1_3_3_, faculty3_.faculty_name as faculty_2_3_3_ from courses course0_ left outer join teachers_courses courseteac1_ on course0_.id=courseteac1_.course_id left outer join teachers teacher2_ on courseteac1_.teacher_id=teacher2_.id left outer join faculties faculty3_ on teacher2_.faculty_id=faculty3_.id where course0_.id=?
Hibernate: select teachercou0_.teacher_id as teacher_1_8_0_, teachercou0_.course_id as course_i2_8_0_, course1_.id as id1_2_1_, course1_.course_name as course_n2_2_1_ from teachers_courses teachercou0_ inner join courses course1_ on teachercou0_.course_id=course1_.id where teachercou0_.teacher_id=?
Hibernate: select course0_.id as id1_2_0_, course0_.course_name as course_n2_2_0_, courseteac1_.course_id as course_i2_8_1_, teacher2_.id as teacher_1_8_1_, teacher2_.id as id1_7_2_, teacher2_.faculty_id as faculty_4_7_2_, teacher2_.first_name as first_na2_7_2_, teacher2_.last_name as last_nam3_7_2_, faculty3_.id as id1_3_3_, faculty3_.faculty_name as faculty_2_3_3_ from courses course0_ left outer join teachers_courses courseteac1_ on course0_.id=courseteac1_.course_id left outer join teachers teacher2_ on courseteac1_.teacher_id=teacher2_.id left outer join faculties faculty3_ on teacher2_.faculty_id=faculty3_.id where course0_.id=?
Hibernate: select teachercou0_.teacher_id as teacher_1_8_0_, teachercou0_.course_id as course_i2_8_0_, course1_.id as id1_2_1_, course1_.course_name as course_n2_2_1_ from teachers_courses teachercou0_ inner join courses course1_ on teachercou0_.course_id=course1_.id where teachercou0_.teacher_id=?
Hibernate: select teachercou0_.teacher_id as teacher_1_8_0_, teachercou0_.course_id as course_i2_8_0_, course1_.id as id1_2_1_, course1_.course_name as course_n2_2_1_ from teachers_courses teachercou0_ inner join courses course1_ on teachercou0_.course_id=course1_.id where teachercou0_.teacher_id=?
26 Feb;19:05:46.390 [main] INFO  u.c.f.c.service.StudentService - create: student = Student{id=0, firstName='Jeffrey', lastName='Coffee', faculty=Faculty{id=1, facultyName='Changed faculty name'}}
Hibernate: insert into students (faculty_id, first_name, last_name) values (?, ?, ?)
Hibernate: insert into students_courses (student_id, course_id) values (?, ?)
Hibernate: insert into students_courses (student_id, course_id) values (?, ?)
]]></system-out>
  </testcase>
  <testcase name="should_showCreationView_when_controllerCallsCreateMethod" classname="ua.com.foxminded.classtimetable.controllers.ui.StudentControllerTest" time="0.029">
    <system-out><![CDATA[26 Feb;19:05:46.399 [main] INFO  o.s.b.t.m.w.SpringBootMockServletContext - Initializing Spring TestDispatcherServlet ''
26 Feb;19:05:46.399 [main] INFO  o.s.t.w.s.TestDispatcherServlet - Initializing Servlet ''
26 Feb;19:05:46.401 [main] INFO  o.s.t.w.s.TestDispatcherServlet - Completed initialization in 2 ms
Hibernate: select faculty0_.id as id1_3_, faculty0_.faculty_name as faculty_2_3_ from faculties faculty0_
26 Feb;19:05:46.404 [main] INFO  u.c.f.c.service.FacultyService - getAll():
 [Faculty{id=1, facultyName='Changed faculty name'}, Faculty{id=2, facultyName='Changed faculty name'}, Faculty{id=3, facultyName='Faculty of Arts'}, Faculty{id=5, facultyName='Faculty name'}, Faculty{id=7, facultyName='Faculty name'}]
Hibernate: select course0_.id as id1_2_, course0_.course_name as course_n2_2_ from courses course0_
Hibernate: select courseteac0_.course_id as course_i2_8_0_, courseteac0_.teacher_id as teacher_1_8_0_, teacher1_.id as id1_7_1_, teacher1_.faculty_id as faculty_4_7_1_, teacher1_.first_name as first_na2_7_1_, teacher1_.last_name as last_nam3_7_1_, faculty2_.id as id1_3_2_, faculty2_.faculty_name as faculty_2_3_2_ from teachers_courses courseteac0_ inner join teachers teacher1_ on courseteac0_.teacher_id=teacher1_.id left outer join faculties faculty2_ on teacher1_.faculty_id=faculty2_.id where courseteac0_.course_id=?
Hibernate: select courseteac0_.course_id as course_i2_8_0_, courseteac0_.teacher_id as teacher_1_8_0_, teacher1_.id as id1_7_1_, teacher1_.faculty_id as faculty_4_7_1_, teacher1_.first_name as first_na2_7_1_, teacher1_.last_name as last_nam3_7_1_, faculty2_.id as id1_3_2_, faculty2_.faculty_name as faculty_2_3_2_ from teachers_courses courseteac0_ inner join teachers teacher1_ on courseteac0_.teacher_id=teacher1_.id left outer join faculties faculty2_ on teacher1_.faculty_id=faculty2_.id where courseteac0_.course_id=?
Hibernate: select teachercou0_.teacher_id as teacher_1_8_0_, teachercou0_.course_id as course_i2_8_0_, course1_.id as id1_2_1_, course1_.course_name as course_n2_2_1_ from teachers_courses teachercou0_ inner join courses course1_ on teachercou0_.course_id=course1_.id where teachercou0_.teacher_id=?
Hibernate: select courseteac0_.course_id as course_i2_8_0_, courseteac0_.teacher_id as teacher_1_8_0_, teacher1_.id as id1_7_1_, teacher1_.faculty_id as faculty_4_7_1_, teacher1_.first_name as first_na2_7_1_, teacher1_.last_name as last_nam3_7_1_, faculty2_.id as id1_3_2_, faculty2_.faculty_name as faculty_2_3_2_ from teachers_courses courseteac0_ inner join teachers teacher1_ on courseteac0_.teacher_id=teacher1_.id left outer join faculties faculty2_ on teacher1_.faculty_id=faculty2_.id where courseteac0_.course_id=?
Hibernate: select teachercou0_.teacher_id as teacher_1_8_0_, teachercou0_.course_id as course_i2_8_0_, course1_.id as id1_2_1_, course1_.course_name as course_n2_2_1_ from teachers_courses teachercou0_ inner join courses course1_ on teachercou0_.course_id=course1_.id where teachercou0_.teacher_id=?
Hibernate: select courseteac0_.course_id as course_i2_8_0_, courseteac0_.teacher_id as teacher_1_8_0_, teacher1_.id as id1_7_1_, teacher1_.faculty_id as faculty_4_7_1_, teacher1_.first_name as first_na2_7_1_, teacher1_.last_name as last_nam3_7_1_, faculty2_.id as id1_3_2_, faculty2_.faculty_name as faculty_2_3_2_ from teachers_courses courseteac0_ inner join teachers teacher1_ on courseteac0_.teacher_id=teacher1_.id left outer join faculties faculty2_ on teacher1_.faculty_id=faculty2_.id where courseteac0_.course_id=?
Hibernate: select teachercou0_.teacher_id as teacher_1_8_0_, teachercou0_.course_id as course_i2_8_0_, course1_.id as id1_2_1_, course1_.course_name as course_n2_2_1_ from teachers_courses teachercou0_ inner join courses course1_ on teachercou0_.course_id=course1_.id where teachercou0_.teacher_id=?
Hibernate: select courseteac0_.course_id as course_i2_8_0_, courseteac0_.teacher_id as teacher_1_8_0_, teacher1_.id as id1_7_1_, teacher1_.faculty_id as faculty_4_7_1_, teacher1_.first_name as first_na2_7_1_, teacher1_.last_name as last_nam3_7_1_, faculty2_.id as id1_3_2_, faculty2_.faculty_name as faculty_2_3_2_ from teachers_courses courseteac0_ inner join teachers teacher1_ on courseteac0_.teacher_id=teacher1_.id left outer join faculties faculty2_ on teacher1_.faculty_id=faculty2_.id where courseteac0_.course_id=?
Hibernate: select teachercou0_.teacher_id as teacher_1_8_0_, teachercou0_.course_id as course_i2_8_0_, course1_.id as id1_2_1_, course1_.course_name as course_n2_2_1_ from teachers_courses teachercou0_ inner join courses course1_ on teachercou0_.course_id=course1_.id where teachercou0_.teacher_id=?
Hibernate: select teachercou0_.teacher_id as teacher_1_8_0_, teachercou0_.course_id as course_i2_8_0_, course1_.id as id1_2_1_, course1_.course_name as course_n2_2_1_ from teachers_courses teachercou0_ inner join courses course1_ on teachercou0_.course_id=course1_.id where teachercou0_.teacher_id=?
Hibernate: select courseteac0_.course_id as course_i2_8_0_, courseteac0_.teacher_id as teacher_1_8_0_, teacher1_.id as id1_7_1_, teacher1_.faculty_id as faculty_4_7_1_, teacher1_.first_name as first_na2_7_1_, teacher1_.last_name as last_nam3_7_1_, faculty2_.id as id1_3_2_, faculty2_.faculty_name as faculty_2_3_2_ from teachers_courses courseteac0_ inner join teachers teacher1_ on courseteac0_.teacher_id=teacher1_.id left outer join faculties faculty2_ on teacher1_.faculty_id=faculty2_.id where courseteac0_.course_id=?
Hibernate: select teachercou0_.teacher_id as teacher_1_8_0_, teachercou0_.course_id as course_i2_8_0_, course1_.id as id1_2_1_, course1_.course_name as course_n2_2_1_ from teachers_courses teachercou0_ inner join courses course1_ on teachercou0_.course_id=course1_.id where teachercou0_.teacher_id=?
Hibernate: select teachercou0_.teacher_id as teacher_1_8_0_, teachercou0_.course_id as course_i2_8_0_, course1_.id as id1_2_1_, course1_.course_name as course_n2_2_1_ from teachers_courses teachercou0_ inner join courses course1_ on teachercou0_.course_id=course1_.id where teachercou0_.teacher_id=?
Hibernate: select courseteac0_.course_id as course_i2_8_0_, courseteac0_.teacher_id as teacher_1_8_0_, teacher1_.id as id1_7_1_, teacher1_.faculty_id as faculty_4_7_1_, teacher1_.first_name as first_na2_7_1_, teacher1_.last_name as last_nam3_7_1_, faculty2_.id as id1_3_2_, faculty2_.faculty_name as faculty_2_3_2_ from teachers_courses courseteac0_ inner join teachers teacher1_ on courseteac0_.teacher_id=teacher1_.id left outer join faculties faculty2_ on teacher1_.faculty_id=faculty2_.id where courseteac0_.course_id=?
Hibernate: select teachercou0_.teacher_id as teacher_1_8_0_, teachercou0_.course_id as course_i2_8_0_, course1_.id as id1_2_1_, course1_.course_name as course_n2_2_1_ from teachers_courses teachercou0_ inner join courses course1_ on teachercou0_.course_id=course1_.id where teachercou0_.teacher_id=?
Hibernate: select courseteac0_.course_id as course_i2_8_0_, courseteac0_.teacher_id as teacher_1_8_0_, teacher1_.id as id1_7_1_, teacher1_.faculty_id as faculty_4_7_1_, teacher1_.first_name as first_na2_7_1_, teacher1_.last_name as last_nam3_7_1_, faculty2_.id as id1_3_2_, faculty2_.faculty_name as faculty_2_3_2_ from teachers_courses courseteac0_ inner join teachers teacher1_ on courseteac0_.teacher_id=teacher1_.id left outer join faculties faculty2_ on teacher1_.faculty_id=faculty2_.id where courseteac0_.course_id=?
Hibernate: select teachercou0_.teacher_id as teacher_1_8_0_, teachercou0_.course_id as course_i2_8_0_, course1_.id as id1_2_1_, course1_.course_name as course_n2_2_1_ from teachers_courses teachercou0_ inner join courses course1_ on teachercou0_.course_id=course1_.id where teachercou0_.teacher_id=?
Hibernate: select courseteac0_.course_id as course_i2_8_0_, courseteac0_.teacher_id as teacher_1_8_0_, teacher1_.id as id1_7_1_, teacher1_.faculty_id as faculty_4_7_1_, teacher1_.first_name as first_na2_7_1_, teacher1_.last_name as last_nam3_7_1_, faculty2_.id as id1_3_2_, faculty2_.faculty_name as faculty_2_3_2_ from teachers_courses courseteac0_ inner join teachers teacher1_ on courseteac0_.teacher_id=teacher1_.id left outer join faculties faculty2_ on teacher1_.faculty_id=faculty2_.id where courseteac0_.course_id=?
Hibernate: select teachercou0_.teacher_id as teacher_1_8_0_, teachercou0_.course_id as course_i2_8_0_, course1_.id as id1_2_1_, course1_.course_name as course_n2_2_1_ from teachers_courses teachercou0_ inner join courses course1_ on teachercou0_.course_id=course1_.id where teachercou0_.teacher_id=?
Hibernate: select courseteac0_.course_id as course_i2_8_0_, courseteac0_.teacher_id as teacher_1_8_0_, teacher1_.id as id1_7_1_, teacher1_.faculty_id as faculty_4_7_1_, teacher1_.first_name as first_na2_7_1_, teacher1_.last_name as last_nam3_7_1_, faculty2_.id as id1_3_2_, faculty2_.faculty_name as faculty_2_3_2_ from teachers_courses courseteac0_ inner join teachers teacher1_ on courseteac0_.teacher_id=teacher1_.id left outer join faculties faculty2_ on teacher1_.faculty_id=faculty2_.id where courseteac0_.course_id=?
Hibernate: select teachercou0_.teacher_id as teacher_1_8_0_, teachercou0_.course_id as course_i2_8_0_, course1_.id as id1_2_1_, course1_.course_name as course_n2_2_1_ from teachers_courses teachercou0_ inner join courses course1_ on teachercou0_.course_id=course1_.id where teachercou0_.teacher_id=?
Hibernate: select courseteac0_.course_id as course_i2_8_0_, courseteac0_.teacher_id as teacher_1_8_0_, teacher1_.id as id1_7_1_, teacher1_.faculty_id as faculty_4_7_1_, teacher1_.first_name as first_na2_7_1_, teacher1_.last_name as last_nam3_7_1_, faculty2_.id as id1_3_2_, faculty2_.faculty_name as faculty_2_3_2_ from teachers_courses courseteac0_ inner join teachers teacher1_ on courseteac0_.teacher_id=teacher1_.id left outer join faculties faculty2_ on teacher1_.faculty_id=faculty2_.id where courseteac0_.course_id=?
Hibernate: select teachercou0_.teacher_id as teacher_1_8_0_, teachercou0_.course_id as course_i2_8_0_, course1_.id as id1_2_1_, course1_.course_name as course_n2_2_1_ from teachers_courses teachercou0_ inner join courses course1_ on teachercou0_.course_id=course1_.id where teachercou0_.teacher_id=?
26 Feb;19:05:46.408 [main] INFO  u.c.f.c.service.CourseService - getAll():
 [Course{id=1, courseName='History'}, Course{id=2, courseName='Philosophy'}, Course{id=3, courseName='Another course's name'}, Course{id=4, courseName='Political science'}, Course{id=5, courseName='Culture'}, Course{id=6, courseName='Biology'}, Course{id=7, courseName='Chemistry'}, Course{id=8, courseName='Mathematics'}, Course{id=9, courseName='Physics'}, Course{id=10, courseName='Geometry'}, Course{id=13, courseName='Course's name'}]

MockHttpServletRequest:
      HTTP Method = GET
      Request URI = /students/new
       Parameters = {}
          Headers = []
             Body = <no character encoding set>
    Session Attrs = {}

Handler:
             Type = ua.com.foxminded.classtimetable.controllers.ui.StudentController
           Method = ua.com.foxminded.classtimetable.controllers.ui.StudentController#create(StudentDto, ModelMap)

Async:
    Async started = false
     Async result = null

Resolved Exception:
             Type = null

ModelAndView:
        View name = students/create
             View = null
        Attribute = student
            value = StudentDto{id=0, firstName='null', lastName='null', facultyId=0, coursesId=null}
           errors = []
        Attribute = faculties
            value = [Faculty{id=1, facultyName='Changed faculty name'}, Faculty{id=2, facultyName='Changed faculty name'}, Faculty{id=3, facultyName='Faculty of Arts'}, Faculty{id=5, facultyName='Faculty name'}, Faculty{id=7, facultyName='Faculty name'}]
        Attribute = allCourses
            value = [Course{id=1, courseName='History'}, Course{id=2, courseName='Philosophy'}, Course{id=3, courseName='Another course's name'}, Course{id=4, courseName='Political science'}, Course{id=5, courseName='Culture'}, Course{id=6, courseName='Biology'}, Course{id=7, courseName='Chemistry'}, Course{id=8, courseName='Mathematics'}, Course{id=9, courseName='Physics'}, Course{id=10, courseName='Geometry'}, Course{id=13, courseName='Course's name'}]

FlashMap:
       Attributes = null

MockHttpServletResponse:
           Status = 200
    Error message = null
          Headers = [Content-Language:"en", Content-Type:"text/html;charset=UTF-8"]
     Content type = text/html;charset=UTF-8
             Body = <!DOCTYPE html>
<html lang="en">
<head>
    <title>Student-creation</title>
    <meta charset="UTF-8">
    <meta name="viewport" content="width=device-width, initial-scale=1">
    <link rel="stylesheet" href="https://maxcdn.bootstrapcdn.com/bootstrap/4.0.0/css/bootstrap.min.css">
    <link rel="stylesheet"
          href="https://cdn.jsdelivr.net/npm/bootstrap-select@1.13.14/dist/css/bootstrap-select.min.css">
    <script src="https://code.jquery.com/jquery-3.2.1.slim.min.js"></script>
    <script src="https://cdnjs.cloudflare.com/ajax/libs/popper.js/1.12.9/umd/popper.min.js"></script>
    <script src="https://maxcdn.bootstrapcdn.com/bootstrap/4.0.0/js/bootstrap.min.js"></script>
    <script src="https://cdn.jsdelivr.net/npm/bootstrap-select@1.13.14/dist/js/bootstrap-select.min.js"></script>
</head>

<body>
<nav class="navbar navbar-expand-sm bg-dark navbar-dark sticky-top">
    <a class="navbar-brand" href="/">Class Timetable</a>
    <ul class="navbar-nav">
        <li class="nav-item">
            <a class="nav-link" href="/">Home</a>
        </li>
        <li class="nav-item dropdown">
            <a class="nav-link dropdown-toggle" data-toggle="dropdown" href="/">University structure</a>
            <div class="dropdown-menu">
                <a class="dropdown-item" href="/buildings">Buildings</a>
                <a class="dropdown-item" href="/classrooms">Study rooms</a>
                <a class="dropdown-item" href="/faculties">Faculties</a>
                <a class="dropdown-item" href="/courses">Courses</a>
            </div>
        </li>
        <li class="nav-item dropdown">
            <a class="nav-link dropdown-toggle" data-toggle="dropdown" href="/">Personalities</a>
            <div class="dropdown-menu">
                <a class="dropdown-item" href="/students">Students</a>
                <a class="dropdown-item" href="/teachers">Teachers</a>
            </div>
        </li>
        <li class="nav-item">
            <a class="nav-link" href="/lessons">Current lessons</a>
        </li>
        <li class="nav-item">
            <a class="nav-link" href="/schedule">Show the personal schedule</a>
        </li>
    </ul>
</nav>

<div class="container">
    <br/>
    <h2>New student creation page</h2>
    <a class="btn btn-sm btn-secondary" href="/students">Back to table</a>
    <br/>
    <br/>
    <form method="POST" action="/students">
        <label>Enter first name:</label>
        <input class="form-control form-control-sm" type="text" id="firstName" name="firstName" value=""/>

        <label>Enter last name:</label>
        <input class="form-control form-control-sm" type="text" id="lastName" name="lastName" value=""/>

        <label>Select faculty:</label>
        <select class="form-control form-control-sm" id="facultyId" name="facultyId">
            <option value="1">Changed faculty name</option>
            <option value="2">Changed faculty name</option>
            <option value="3">Faculty of Arts</option>
            <option value="5">Faculty name</option>
            <option value="7">Faculty name</option>
        </select>

        <label>Select course:</label>
        <input type="hidden" name="_coursesId" value="1"/><select class="form-control form-control-sm selectpicker" multiple data-dropup-auto="false" id="coursesId" name="coursesId">
            <option value="1">History</option>
            <option value="2">Philosophy</option>
            <option value="3">Another course&#39;s name</option>
            <option value="4">Political science</option>
            <option value="5">Culture</option>
            <option value="6">Biology</option>
            <option value="7">Chemistry</option>
            <option value="8">Mathematics</option>
            <option value="9">Physics</option>
            <option value="10">Geometry</option>
            <option value="13">Course&#39;s name</option>
        </select>
        <br/>
        <br/>
        <input class="btn btn-sm btn-success" type="submit" value="Create!">
    </form>
</div>

</body>
</html>

    Forwarded URL = null
   Redirected URL = null
          Cookies = []
Hibernate: select faculty0_.id as id1_3_, faculty0_.faculty_name as faculty_2_3_ from faculties faculty0_
26 Feb;19:05:46.420 [main] INFO  u.c.f.c.service.FacultyService - getAll():
 [Faculty{id=1, facultyName='Changed faculty name'}, Faculty{id=2, facultyName='Changed faculty name'}, Faculty{id=3, facultyName='Faculty of Arts'}, Faculty{id=5, facultyName='Faculty name'}, Faculty{id=7, facultyName='Faculty name'}]
Hibernate: select course0_.id as id1_2_, course0_.course_name as course_n2_2_ from courses course0_
Hibernate: select courseteac0_.course_id as course_i2_8_0_, courseteac0_.teacher_id as teacher_1_8_0_, teacher1_.id as id1_7_1_, teacher1_.faculty_id as faculty_4_7_1_, teacher1_.first_name as first_na2_7_1_, teacher1_.last_name as last_nam3_7_1_, faculty2_.id as id1_3_2_, faculty2_.faculty_name as faculty_2_3_2_ from teachers_courses courseteac0_ inner join teachers teacher1_ on courseteac0_.teacher_id=teacher1_.id left outer join faculties faculty2_ on teacher1_.faculty_id=faculty2_.id where courseteac0_.course_id=?
Hibernate: select courseteac0_.course_id as course_i2_8_0_, courseteac0_.teacher_id as teacher_1_8_0_, teacher1_.id as id1_7_1_, teacher1_.faculty_id as faculty_4_7_1_, teacher1_.first_name as first_na2_7_1_, teacher1_.last_name as last_nam3_7_1_, faculty2_.id as id1_3_2_, faculty2_.faculty_name as faculty_2_3_2_ from teachers_courses courseteac0_ inner join teachers teacher1_ on courseteac0_.teacher_id=teacher1_.id left outer join faculties faculty2_ on teacher1_.faculty_id=faculty2_.id where courseteac0_.course_id=?
Hibernate: select teachercou0_.teacher_id as teacher_1_8_0_, teachercou0_.course_id as course_i2_8_0_, course1_.id as id1_2_1_, course1_.course_name as course_n2_2_1_ from teachers_courses teachercou0_ inner join courses course1_ on teachercou0_.course_id=course1_.id where teachercou0_.teacher_id=?
Hibernate: select courseteac0_.course_id as course_i2_8_0_, courseteac0_.teacher_id as teacher_1_8_0_, teacher1_.id as id1_7_1_, teacher1_.faculty_id as faculty_4_7_1_, teacher1_.first_name as first_na2_7_1_, teacher1_.last_name as last_nam3_7_1_, faculty2_.id as id1_3_2_, faculty2_.faculty_name as faculty_2_3_2_ from teachers_courses courseteac0_ inner join teachers teacher1_ on courseteac0_.teacher_id=teacher1_.id left outer join faculties faculty2_ on teacher1_.faculty_id=faculty2_.id where courseteac0_.course_id=?
Hibernate: select teachercou0_.teacher_id as teacher_1_8_0_, teachercou0_.course_id as course_i2_8_0_, course1_.id as id1_2_1_, course1_.course_name as course_n2_2_1_ from teachers_courses teachercou0_ inner join courses course1_ on teachercou0_.course_id=course1_.id where teachercou0_.teacher_id=?
Hibernate: select courseteac0_.course_id as course_i2_8_0_, courseteac0_.teacher_id as teacher_1_8_0_, teacher1_.id as id1_7_1_, teacher1_.faculty_id as faculty_4_7_1_, teacher1_.first_name as first_na2_7_1_, teacher1_.last_name as last_nam3_7_1_, faculty2_.id as id1_3_2_, faculty2_.faculty_name as faculty_2_3_2_ from teachers_courses courseteac0_ inner join teachers teacher1_ on courseteac0_.teacher_id=teacher1_.id left outer join faculties faculty2_ on teacher1_.faculty_id=faculty2_.id where courseteac0_.course_id=?
Hibernate: select teachercou0_.teacher_id as teacher_1_8_0_, teachercou0_.course_id as course_i2_8_0_, course1_.id as id1_2_1_, course1_.course_name as course_n2_2_1_ from teachers_courses teachercou0_ inner join courses course1_ on teachercou0_.course_id=course1_.id where teachercou0_.teacher_id=?
Hibernate: select courseteac0_.course_id as course_i2_8_0_, courseteac0_.teacher_id as teacher_1_8_0_, teacher1_.id as id1_7_1_, teacher1_.faculty_id as faculty_4_7_1_, teacher1_.first_name as first_na2_7_1_, teacher1_.last_name as last_nam3_7_1_, faculty2_.id as id1_3_2_, faculty2_.faculty_name as faculty_2_3_2_ from teachers_courses courseteac0_ inner join teachers teacher1_ on courseteac0_.teacher_id=teacher1_.id left outer join faculties faculty2_ on teacher1_.faculty_id=faculty2_.id where courseteac0_.course_id=?
Hibernate: select teachercou0_.teacher_id as teacher_1_8_0_, teachercou0_.course_id as course_i2_8_0_, course1_.id as id1_2_1_, course1_.course_name as course_n2_2_1_ from teachers_courses teachercou0_ inner join courses course1_ on teachercou0_.course_id=course1_.id where teachercou0_.teacher_id=?
Hibernate: select teachercou0_.teacher_id as teacher_1_8_0_, teachercou0_.course_id as course_i2_8_0_, course1_.id as id1_2_1_, course1_.course_name as course_n2_2_1_ from teachers_courses teachercou0_ inner join courses course1_ on teachercou0_.course_id=course1_.id where teachercou0_.teacher_id=?
Hibernate: select courseteac0_.course_id as course_i2_8_0_, courseteac0_.teacher_id as teacher_1_8_0_, teacher1_.id as id1_7_1_, teacher1_.faculty_id as faculty_4_7_1_, teacher1_.first_name as first_na2_7_1_, teacher1_.last_name as last_nam3_7_1_, faculty2_.id as id1_3_2_, faculty2_.faculty_name as faculty_2_3_2_ from teachers_courses courseteac0_ inner join teachers teacher1_ on courseteac0_.teacher_id=teacher1_.id left outer join faculties faculty2_ on teacher1_.faculty_id=faculty2_.id where courseteac0_.course_id=?
Hibernate: select teachercou0_.teacher_id as teacher_1_8_0_, teachercou0_.course_id as course_i2_8_0_, course1_.id as id1_2_1_, course1_.course_name as course_n2_2_1_ from teachers_courses teachercou0_ inner join courses course1_ on teachercou0_.course_id=course1_.id where teachercou0_.teacher_id=?
Hibernate: select teachercou0_.teacher_id as teacher_1_8_0_, teachercou0_.course_id as course_i2_8_0_, course1_.id as id1_2_1_, course1_.course_name as course_n2_2_1_ from teachers_courses teachercou0_ inner join courses course1_ on teachercou0_.course_id=course1_.id where teachercou0_.teacher_id=?
Hibernate: select courseteac0_.course_id as course_i2_8_0_, courseteac0_.teacher_id as teacher_1_8_0_, teacher1_.id as id1_7_1_, teacher1_.faculty_id as faculty_4_7_1_, teacher1_.first_name as first_na2_7_1_, teacher1_.last_name as last_nam3_7_1_, faculty2_.id as id1_3_2_, faculty2_.faculty_name as faculty_2_3_2_ from teachers_courses courseteac0_ inner join teachers teacher1_ on courseteac0_.teacher_id=teacher1_.id left outer join faculties faculty2_ on teacher1_.faculty_id=faculty2_.id where courseteac0_.course_id=?
Hibernate: select teachercou0_.teacher_id as teacher_1_8_0_, teachercou0_.course_id as course_i2_8_0_, course1_.id as id1_2_1_, course1_.course_name as course_n2_2_1_ from teachers_courses teachercou0_ inner join courses course1_ on teachercou0_.course_id=course1_.id where teachercou0_.teacher_id=?
Hibernate: select courseteac0_.course_id as course_i2_8_0_, courseteac0_.teacher_id as teacher_1_8_0_, teacher1_.id as id1_7_1_, teacher1_.faculty_id as faculty_4_7_1_, teacher1_.first_name as first_na2_7_1_, teacher1_.last_name as last_nam3_7_1_, faculty2_.id as id1_3_2_, faculty2_.faculty_name as faculty_2_3_2_ from teachers_courses courseteac0_ inner join teachers teacher1_ on courseteac0_.teacher_id=teacher1_.id left outer join faculties faculty2_ on teacher1_.faculty_id=faculty2_.id where courseteac0_.course_id=?
Hibernate: select teachercou0_.teacher_id as teacher_1_8_0_, teachercou0_.course_id as course_i2_8_0_, course1_.id as id1_2_1_, course1_.course_name as course_n2_2_1_ from teachers_courses teachercou0_ inner join courses course1_ on teachercou0_.course_id=course1_.id where teachercou0_.teacher_id=?
Hibernate: select courseteac0_.course_id as course_i2_8_0_, courseteac0_.teacher_id as teacher_1_8_0_, teacher1_.id as id1_7_1_, teacher1_.faculty_id as faculty_4_7_1_, teacher1_.first_name as first_na2_7_1_, teacher1_.last_name as last_nam3_7_1_, faculty2_.id as id1_3_2_, faculty2_.faculty_name as faculty_2_3_2_ from teachers_courses courseteac0_ inner join teachers teacher1_ on courseteac0_.teacher_id=teacher1_.id left outer join faculties faculty2_ on teacher1_.faculty_id=faculty2_.id where courseteac0_.course_id=?
Hibernate: select teachercou0_.teacher_id as teacher_1_8_0_, teachercou0_.course_id as course_i2_8_0_, course1_.id as id1_2_1_, course1_.course_name as course_n2_2_1_ from teachers_courses teachercou0_ inner join courses course1_ on teachercou0_.course_id=course1_.id where teachercou0_.teacher_id=?
Hibernate: select courseteac0_.course_id as course_i2_8_0_, courseteac0_.teacher_id as teacher_1_8_0_, teacher1_.id as id1_7_1_, teacher1_.faculty_id as faculty_4_7_1_, teacher1_.first_name as first_na2_7_1_, teacher1_.last_name as last_nam3_7_1_, faculty2_.id as id1_3_2_, faculty2_.faculty_name as faculty_2_3_2_ from teachers_courses courseteac0_ inner join teachers teacher1_ on courseteac0_.teacher_id=teacher1_.id left outer join faculties faculty2_ on teacher1_.faculty_id=faculty2_.id where courseteac0_.course_id=?
Hibernate: select teachercou0_.teacher_id as teacher_1_8_0_, teachercou0_.course_id as course_i2_8_0_, course1_.id as id1_2_1_, course1_.course_name as course_n2_2_1_ from teachers_courses teachercou0_ inner join courses course1_ on teachercou0_.course_id=course1_.id where teachercou0_.teacher_id=?
Hibernate: select courseteac0_.course_id as course_i2_8_0_, courseteac0_.teacher_id as teacher_1_8_0_, teacher1_.id as id1_7_1_, teacher1_.faculty_id as faculty_4_7_1_, teacher1_.first_name as first_na2_7_1_, teacher1_.last_name as last_nam3_7_1_, faculty2_.id as id1_3_2_, faculty2_.faculty_name as faculty_2_3_2_ from teachers_courses courseteac0_ inner join teachers teacher1_ on courseteac0_.teacher_id=teacher1_.id left outer join faculties faculty2_ on teacher1_.faculty_id=faculty2_.id where courseteac0_.course_id=?
Hibernate: select teachercou0_.teacher_id as teacher_1_8_0_, teachercou0_.course_id as course_i2_8_0_, course1_.id as id1_2_1_, course1_.course_name as course_n2_2_1_ from teachers_courses teachercou0_ inner join courses course1_ on teachercou0_.course_id=course1_.id where teachercou0_.teacher_id=?
26 Feb;19:05:46.425 [main] INFO  u.c.f.c.service.CourseService - getAll():
 [Course{id=1, courseName='History'}, Course{id=2, courseName='Philosophy'}, Course{id=3, courseName='Another course's name'}, Course{id=4, courseName='Political science'}, Course{id=5, courseName='Culture'}, Course{id=6, courseName='Biology'}, Course{id=7, courseName='Chemistry'}, Course{id=8, courseName='Mathematics'}, Course{id=9, courseName='Physics'}, Course{id=10, courseName='Geometry'}, Course{id=13, courseName='Course's name'}]
]]></system-out>
  </testcase>
</testsuite>